<?xml version="1.0" encoding="UTF-8"?>
<testsuite name="GATest" tests="9" skipped="0" failures="0" errors="0" timestamp="2020-04-19T07:42:14" hostname="DESKTOP-GC0DCTM" time="50.645">
  <properties/>
  <testcase name="testWeaselGoal_1()" classname="GATest" time="0.582"/>
  <testcase name="testWeaselGoal_2()" classname="GATest" time="5.456"/>
  <testcase name="testWeaselGoal_3()" classname="GATest" time="34.318"/>
  <testcase name="testBinaryGoal_32()" classname="GATest" time="0.033"/>
  <testcase name="testBinaryGoal_400()" classname="GATest" time="1.941"/>
  <testcase name="testBinaryGoal_1()" classname="GATest" time="0.001"/>
  <testcase name="testMathsGoal_1()" classname="GATest" time="0.025"/>
  <testcase name="testMathsGoal_2()" classname="GATest" time="0.054"/>
  <testcase name="testMathsGoal_3()" classname="GATest" time="8.22"/>
  <system-out><![CDATA[cicoMf
1
cicoMf
2
cicoMf
3
cicoNf
4
cicoNf
5
cicoNf
6
cicoNf
7
cicoNf
8
cicoNf
9
cicoNf
10
ciboNf
11
ciboNf
12
ciboNf
13
bicoOf
14
bicoOf
15
bicoOf
16
bicoOf
17
bicoOf
18
bibpNf
19
bibpNf
20
bibpNf
21
bibpNf
22
bibpNf
23
bicoPg
24
bicoPg
25
bgcpOf
26
bgcpOf
27
bgcpOf
28
bgcpOf
29
bgcpOf
30
bgcpOf
31
bgcpOf
32
bgboPf
33
bgboPf
34
bgboPf
35
bgboPf
36
bgboPf
37
agcpOg
38
agcpOg
39
agcpOg
40
agcpOg
41
becpOg
42
becpOg
43
becpOg
44
becpOg
45
becpOg
46
becpOg
47
becpOg
48
bebpOg
49
bebpOg
50
bebpOg
51
agaoPg
52
`gapOg
53
`gapOg
54
`gapOg
55
`gapOg
56
`gapOg
57
`gapOg
58
`fapOg
59
`fapOg
60
`fapOg
61
`fapOg
62
`fapOg
63
`fapOg
64
_fapOg
65
_fapOg
66
_fapOg
67
`gaoSg
68
`gaoSg
69
`gaoSg
70
`gaoSg
71
`gaoSg
72
`gaoSh
73
`gaoSh
74
`gaoSh
75
`gaoSh
76
`gaoTh
77
`gaoTh
78
`gaoTh
79
`gaoTh
80
`gaoTh
81
`gaoTh
82
`gapSi
83
`gapSi
84
`gapSi
85
`gapSi
86
`gapSi
87
`gapSi
88
`fapSi
89
`fapSi
90
`fapSi
91
`fapSi
92
`fapSi
93
`eapSi
94
`eapSi
95
`eapSi
96
`eapSi
97
`eapSi
98
`eapSj
99
`eapSj
100
`eapSj
101
`eapSj
102
`eapSj
103
`earSi
104
`earSi
105
`earSi
106
`earSi
107
`earSi
108
`earSi
109
`eapSl
110
`eapSl
111
_eapSl
112
_eapSl
113
_eapSl
114
_eapSl
115
_eapSl
116
_eapSl
117
_eapSl
118
_eapSl
119
^eapSl
120
^eapSl
121
^eapSl
122
^eapSl
123
^eapSl
124
^eaqSl
125
^eaqSl
126
^eaqSl
127
^eaqSl
128
^eaqSl
129
]eapTl
130
]eapTl
131
]eapTl
132
]eapTl
133
]eapTl
134
]eapTl
135
]eapTl
136
]eapTl
137
]earSl
138
]earSl
139
]earSl
140
]earSl
141
]earSl
142
]earSl
143
\eaqTl
144
\eaqTl
145
\eaqTl
146
\eaqTl
147
\eaqTl
148
\eaqUl
149
\eaqUl
150
\eaqUl
151
\eaqUl
152
\eaqUl
153
\eaqVl
154
\eaqVl
155
\eaqVl
156
[eaqVl
157
[eaqVl
158
[eaqVl
159
[eaqVl
160
[eaqVl
161
[eaqVl
162
[eaqVl
163
ZeaqVl
164
ZeaqVl
165
ZeaqVl
166
ZeaqVl
167
ZeaqVl
168
YeaqVl
169
YeaqVl
170
YeaqVl
171
YeaqVl
172
YeaqVl
173
YeaqVl
174
YearVl
175
YearVl
176
YearVl
177
XeaqWl
178
XeaqWl
179
XeaqWl
180
XeaqWl
181
XeaqWl
182
XeaqWl
183
XeaqWl
184
XeaqWl
185
XeaqWl
186
WearVl
187
WearVl
188
WearVl
189
WearVl
190
WearVl
191
WearVl
192
XearXl
193
XearXl
194
XearXl
195
XearXl
196
XearXl
197
XearXl
198
WeasWl
199
WeasWl
200
WeasWl
201
WeasWl
202
XeasYl
203
XeasYl
204
XeasYl
205
XeasYl
206
XeasYl
207
XeasYl
208
XeasYl
209
XeasYl
210
XeasYl
211
XeasZl
212
XeasZl
213
XeasZl
214
XeasZl
215
XeasZl
216
XeasZl
217
Xeas[l
218
Xeas[l
219
Xeas[l
220
Xeas[l
221
Xeas[l
222
Xeas[l
223
Xeas[l
224
Xeas[l
225
Xeas\l
226
Xeas\l
227
Xeas\l
228
Weas\l
229
Weas\l
230
Weas\l
231
Weas\l
232
Weas\l
233
Weas\l
234
Weas\l
235
Weas\l
236
Weas]l
237
Weas]l
238
Weas]l
239
Weas]l
240
Weas]l
241
Weas]l
242
Weas]l
243
Weas]l
244
Weas^l
245
Weas^l
246
Weas^l
247
Weas^l
248
Weas^l
249
Weas^l
250
Weas^l
251
Weas^l
252
Weas_l
253
Weas_l
254
Weas_l
255
Weas_l
256
Weas_l
257
Weas_l
258
Weas_l
259
Weas_l
260
Weas_l
261
Weas`l
262
Weas`l
263
Weas`l
264
Weasal
265
Weasal
266
Weasal
267
Weasal
268
Weasal
269
Weasal
270
Weasal
271
Weasbl
272
Weasbl
273
Weasbl
274
Weasbl
275
Weasbl
276
Weasbl
277
Weasbl
278
Weascl
279
Weascl
280
Weascl
281
Weascl
282
Weascl
283
Weascl
284
Weascl
285
Weascl
286
Weascl
287
Weasdl
288
Weasdl
289
Weasdl
290
Weasdl
291
Weasdl
292
Weasdl
293
Weasdl
294
Weasel
295
aFxgiej3CAo!rM;|fd}FJK<HNah:
1
aFxgiej3CAo!rM;|fd}FJK<HNah:
2
aFxgiej3CAo!rM;|fd}FJK<INah:
3
aFxgiej3CAo!rM;|fd}FJK<INah:
4
aFxgiej3CAo!rM;|fd}FJK<INah:
5
aFxgiej3CAo!rM;|fd}FKK<INah:
6
aFxgiej3CAo!rM;|fd}FKK<INah:
7
aFxgiej3CAo!rM;|fe}FJK<INbh:
8
aFxgiej3CAo!rM;|fe}FJK<INbh:
9
aFxgiej3CAo!rM;|fe}FJK<INbh:
10
aFxgiej3CAo!rM;|fe}FJK<INbh:
11
aFxgiej3CAo!rM;|fe}FJK<INbh:
12
aFxgiej3CAo!rM;|fe}FJK<INbh:
13
aFxgiej3CAo!rM;|fe}FKK=JNah:
14
aFxgiej3CAo!rM;|fe}FKK=JNah:
15
aFxgiej3CAo!rM;|fe}EKK=JNah:
16
aFxgiej3CAo!rM;|fe}EKK=JNah:
17
aFxgiej3CAo!rM;|fe}EKK=JNah:
18
aFxgiej3CAo!rM;|fe}EKK=JNah:
19
aFxgiej3CAo!rM;|fe}EKK=JNah:
20
aFxgiej3CAo!rM;|fe}EKK=JNah:
21
aFwgiej3CAo!rM;|fe}FKK=JNag:
22
aFxgiej3CAo rM;|fe}FKK>JNag:
23
aFxgiej3CAo rM;|fe}FKK>JNag:
24
aFxgiej3CAo rM;|fe}FKK>JNag:
25
aFxgiej3CAo rM;|fe}FKK>JNag:
26
aFxgiej3CAo rM;|fe}FKK>JNag:
27
aGxgiej3CAo rM;|fe}FKK>JNag:
28
aGxgiej3CAo rM;|fe}FKK?JNag:
29
aGxgiej3CAo rM;|fe}FKK?JNag:
30
aFwgiej4CBo qM;|ff|EJJ<HNbh:
31
aFwgiej4CBo qM;|ff|EJJ<HNbh:
32
aFwgiej4CBo qM;|ff|EJJ<HNbh:
33
aFwgiej4CBo qM;|ff|EJJ<HNbh:
34
aFxgiej4BBp!rM:|fe}FJK?JNbh:
35
aFxgiej4BBp!rM:|fe}FJK?JNbh:
36
aFwgiej4CBo qM;|ff|EJJ<HOch:
37
aFwgiej4CBo qM;|ff|EJJ<HOch:
38
aFwgiej4CBo qM;|ff|EJJ<HOch:
39
aFwgiej4CBo qM;|ff|EJJ<HOch:
40
aFwgiej4CBp qM;|ff|EJJ<HOch:
41
aFwgiej4CBp qM;|ff|EJJ<HOch:
42
aGxgiek3BAo rN;|fe|FKK?JNag:
43
aGwgiej4CBo qM;|fg|EJJ<HOch:
44
aGwgiej4CBo qM;|fg|EJJ<HOch:
45
aGwgiej4CBo qM;|fg|EJJ<HOch:
46
aGwgiej4CBo qM;|fg|EJJ<HOch:
47
aFvgiej3CBp!qM;|fg}FJK>KNbg;
48
aFvgiej3CBp!qM;|fg}FJK>KNbg;
49
aFvgiej3CBp!qM;|fg}FJK>KNbg;
50
aGwgiej5CBo qM;|fg|EJJ<HOch;
51
aGwgiej5CBo qM;|fg|EJJ<HOch;
52
aGwgiej5CBo qM;|fg|EKJ<HOch;
53
aGwgiej5CBo qM;|fg|EKJ<HOch;
54
aGvgiej4CBo pM;|fg{EJJ<INcg:
55
aGvgiej4CBo pM;|fg{EJJ<INcg:
56
aGvgiej4CBo pM;|fg{EJJ<INcg:
57
aGvgiej4CBo pM;|fg{EJJ<INcg:
58
aGvgiej4CBo pM;|fg{EJJ<INcg;
59
aGvgiej4CBo pM;|fgzEJJ<INcg;
60
aGvgiej4CBo pM;|fgzEJJ<INcg;
61
aGvgiej4CBo pM;|fgzEJJ<INcg;
62
aGvgiej4CBo pM;|fgyEJJ<INcg;
63
aGugiej4BBo pM;|fgzEJJ<INcg;
64
aGugiej4BBo pM;|fgzEJJ<INcg;
65
aGugiej4BBo pM;|fgzEJJ<INcg;
66
aHvgiej4CBo pM;{fgzEKI<INcg:
67
aHvgiej4CBo pM;{fgzEKI<INcg:
68
aHvgiej4CBo pM;{fgzEKI<INcg:
69
aHvgiek4CBo pM;{fgzEKI<INcg:
70
aHvgiek4CBo pM;{fgzEKI<INcg:
71
aHvgiek4CBo pM;{fgzEKI<INcg:
72
aHvgiek4CBo pM;{fgzEKI<INcg:
73
aGuhiej4ABo pM;|fgzEJJ<INcg<
74
aHvgiej4CBo pM;|fgyEJJ=JOcg;
75
aHvgiej4CBo pM;|fgyEJJ=JOcg;
76
aGtgiej4BBo pM;{ggzEJJ<IOcg;
77
aGtgiej4BBo pM;{ggzEJJ<IOcg;
78
_Gvgifj4CBp pM;|fgyEJI=INcg;
79
_Gvgifj4CBp pM;|fgyEJI=INcg;
80
_Gvgifj4CBp pM;|fgyEJI=INcg;
81
aHvhiek4CBo pM:{fgzELH<INcg:
82
aHvhiek4CBo pM:{fgzELH<INcg:
83
aHvhiek4CBo pM:{fgzELH<INcg:
84
aHvgiek5CBo pM:{fgzELI=INcg;
85
aHvgiek5CBo pM:{fgzELI=INcg;
86
aGtgifj4BBo oM;{ggzEJJ<IOdg;
87
aGtgifj4BBo oM;{ggzEJJ<IOdg;
88
aHvgiek5CBo pM9{fgzELI=INcg;
89
aHvgiek5CBo pM9{fgzELI=INcg;
90
aHvgiek5CBo pM9{fgzELI=INcg;
91
aJvgifj4BDp pM;{ggzEKI<INch;
92
aHvhiek5CBo pM9{fgzELI=INcg<
93
aHvhiek5CBo pM9{fgzELI=INcg<
94
aHvhiek5CBo pM9{fhzELI=INcg<
95
aHvhiek5CBo pM9{fhzELI=INcg<
96
aHvhiek5CBp pM9{fgzDLH=INcg;
97
aHvhiek5CBp pM9{fgzDLH=INcg;
98
aHvhiek5CBp pM9{fgzDLH=INcg;
99
aHvhiek5CBp pM9{fgzDLH=INcg;
100
aKugifj4BDp pM;{ggzDKI<IOch;
101
aKugifj4BDp pM;{ggzDKI<IOch;
102
aHvhiek5CBq pN9{fgzDLH=INcg;
103
aHvhiek5CBq pN9{fgzDLH=INcg;
104
aHvhiek5CBq pN9{fgzDLH=INcg;
105
aHvhiek5CBq pN9{fgzDLH=INcg;
106
aGtgifj4BDo nM;{ghyEJJ=HOeg=
107
aGtgifj4BDo nM;{ghyEJJ=HOeg=
108
aGtgifj4BDo nM;{ghyEJJ=HOeg=
109
aHvhifk5BBq pN9{fgzDLH=INcg;
110
aHvhifk5BBq pN9{fgzDLH=INcg;
111
aHvhifk5BBq pN9{fgzDLH=INcg;
112
`Hvhiek5CBr pN8{fgzDLI=JNcg;
113
`Hvhiek5CBr pN8{fgzDLI=JNcg;
114
aGtgigk4BDo nM;{ghyEKJ=HOdf=
115
aGtgigk4BDo nM;{ghyEKJ=HOdf=
116
aGtgigk4BDo nM;{ghyEKJ=HOdf=
117
aGtgigk4BDo nM;{ghyEKJ=HOdf=
118
aGtgigk4BDo nM;{ghyEKJ=HOdf=
119
aIvhifk5CCq pM9zggzDLI=JNdg;
120
aIvhifk5CCq pM9zggzDLI=JNdg;
121
aIvhifk5CCq pM9zggzDLI=JNdg;
122
`Kugifj5ADp pM:{ggxCKI<JOch;
123
`Kugifj5ADp pM:{ggxCKI<JOch;
124
`Kugifj5ADp pM:{ggxCKI<KOch;
125
`Kugifj5ADp pM:{ggxCKI<KOch;
126
`Kugifj5ADp pM:{ggxCKI<KOch;
127
`Kugifj5ADp pM:{ggxCKI<KOdh;
128
`Kugifj5ADp pN:{ggxBKI<KOch;
129
`Kugifk5ADp pM:{ggxCKI=KOdh;
130
`Kugifk5ADp pM:{ggxCKI=KOdh;
131
`Kugifk5ADp pM:{ggxCKI=KOdh;
132
`Kugifk5ADp pM:{ggxCKI=KOdg;
133
`Kugifk5ADp pM:{ggxCKI=KOdg;
134
`Kugifk5ADp pM:{ggxCKI=KOdg;
135
`Kugigk5ADp pM:{hgxCKI=KOdg;
136
`Kugigk5ADp pM:{hgxCKI=KOdg;
137
`Kugigk5ADp pM:{hgxCKI=KOdg;
138
`Kugigk5ADp pM:{hgxCKI=KOdg;
139
`Kugigk5ADp pM:{hgxCKI=KOdg;
140
`Kugigk5ADp pM:{hgxCKI=KPdg;
141
`Kugigk5ADp pM:{hgxCKI=KPdg;
142
`Kugigk5ADp pM:{hgxBKI=KPdg;
143
`Kugigk5ADp pM:{hgxBKI=KPdg;
144
`Kugigk5ADp pM:{hgxBKI=KPdg;
145
`Kugigk6ADp pM9{hgxCKI=KPdg;
146
`Kugigk6ADp pM:{hgxCLI=KPdg;
147
`Kugigk6ADp pM:{hgxCLI=KPdg;
148
`Kugigk6ADp pM:{hgxCLI=KPdg;
149
`Kugigk5ADp pM9{hgwCKI>LOdg;
150
_Kugigk6ADp pM9{hgwCKI=KPdg;
151
_Kugigk6ADp pM9{hgwCKI=KPdg;
152
_Kugigk6ADp pM9{hgwCKI=KPdg;
153
`Kugigk5@Dp pN:zhgxCKI>LPdg;
154
`Kugigk5@Dp pN:zhgxCKI>LPdg;
155
`Kugigk5@Dp pN:zhgxCKI>LPdg;
156
`Kugigk5@Dp pN:zhgxCKI>LQdg;
157
`Kugigk5@Dp pN:zhgxCKI>LQdg;
158
`Kugigk5@Dp pN:zhgxCKI>LQdg;
159
`Kugigk5@Dp pN:zhgxCKI>LQdg;
160
`Kugigk6@Dp pM8{ihxCKI=KPeg;
161
`Kugigk6@Dp pM8{ihxCKI=KPeg;
162
`Ktgihk6ADp pM8{hgxCKI>KPeg<
163
`Ktgihk6ADp pM8{hgxCKI>KPeg<
164
`Ktgihk6ADp pM8{hgxCKI>KPeg<
165
`Ktgihk6ADp pM8{hgxCKI>KPeg<
166
^Ktgihk6ADp pM9{hgwCKI=KPdf<
167
`Kugigk6@Dq nM8{igxCKI=KPfg;
168
`Kugigk6@Dq nM8{igxCKI=KPfg;
169
`Kugigk6@Dq nM8{igxCKI=KPfg;
170
`Kugigk6@Dq nM8{igxCKI=KPfg;
171
`Kuhigk6@Dq nM8{igxCKI=KPfg;
172
`Kugigk5@Dq pO:zigxAKI>LQdf;
173
`Kugigk5@Dq pO:zigxAKI>LQdf;
174
`Kugigk5@Dq pO:zigxAKI>LQdf;
175
`Kugigk5@Dq pO:zigxAKI>LQdf;
176
`Kuhigk5@Dq pO:zigxAKI>LQdf;
177
`Kuhigk5@Dq pO:zigxAKI>LQdf;
178
`Kuhigk5@Dq pO:zigxAKI>LQdf;
179
`Kuhigk5@Dq pO:zigxAKI>LRdf;
180
`Kuhigk5@Dq pO:zigxAKI>LRdf;
181
`Kuhigk5@Dq pO:zigxAKI>LRdf;
182
`Kuhigk5@Dq pO:zigwALI>LQdf;
183
`Kuhigk5@Dq pO:zigwALI>LQdf;
184
`Kuhigk5@Dq pO:zigwALI>LQdf;
185
`Kuhigk5?Eq pO:zigxAKH>LQdf;
186
`Kuhigk5?Eq pO:zigxAKH>LQdf;
187
`Kuhigk5?Eq pO:zigxAKH>LQdf;
188
`Kuhigk5?Eq pO:zigx@KH>LQdf;
189
`Kuhigk5?Eq pO:zigx@KH>LQdf;
190
`Kuhigk5?Eq pO:zigx@KH>LQdf;
191
_Lugihk7@Dp oN:zhgvCLI>MQdg=
192
_Lugihk7@Dp oN:zhgvCLI>MQdg=
193
_Lugihk7@Dp oN:zhgvCLI>MQdg=
194
_Lugihk7@Dp oN:zhgvCLI>MQdg=
195
_Lugihk7@Dp oN:zhgvCLI>MQdg=
196
_Kuhigk5@Dq pO:yigvALI>LQde;
197
_Kuhigk5@Dq pO:yigvALI>LQde;
198
_Kuhigk5?Eq pO:yihwAKH>LQdf;
199
_Kuhigk5?Eq pO:yihwAKH>LQdf;
200
_Kuhigk5?Eq pO:yihvAKH>LQdf;
201
_Kuhigk5?Eq pO:yihvAKH>LQdf;
202
_Kuhigk5?Eq pO:yihvAKH>LQdf;
203
_Kuhigk5?Eq pO:yihvAKH>LQdf;
204
_Kuhigk5?Eq pO:yihvAKH>LQdf;
205
_Kuhigk6?Eq pO:yihvAKH>LQdf;
206
_Kuhigk6?Eq pO:yihvAKH>LQdf;
207
_Kuhigk6?Eq pO:yihvAKH>LQdf;
208
_Lugiik7@Dq nN:zhgvCMI>MQdg>
209
_Lugiik7@Dq nN:zhgvCMI>MQdg>
210
_Lugiik7@Dq nN:zhgvCMI>MQdg>
211
_Lugiik7@Eq nN:zhgvCMI>MQdg>
212
_Lugiik7@Eq nN:zhgvCMI>MQdg>
213
_Lugiik7@Eq nN:zhgvCMI>MQdg>
214
_Lugiik7@Dq nN:zhhvBMI>MQdg>
215
_Lugiik7@Dq nN:zhhvBMH>MQdg>
216
_Luhiik7@Dq nN:zhhvBMI>MQdg>
217
_Ltgijk7@Eq nN9zhgvCMI>MQdg>
218
_Ltgijk7@Eq nN9zhgvCMI>MQdg>
219
_Ltgijk7@Eq nN9zhgvCMI>MQdg>
220
_Ltgijk7@Eq nN9zhgvCMI>MQdg>
221
_Ltgijk7?Eq nN9zhgvCMI>MQdg>
222
_Ltgijk7?Eq nN9zhgvCMI>MQdg>
223
_Ltgijk7?Eq nN9zhgvCMI>MQdg>
224
_Ltgijk7?Eq nN9zhgvCMI?MQdg>
225
_Mtgijk7?Eq nN9zhgvCMI?MQdg>
226
_Mtgijk7?Eq nN9zhgvCMI?MQdg>
227
_Mtgijk7?Eq nN9zhgvCMI?MRdg>
228
_Mtgijk7?Eq nN9zhgvCMI?MRdg>
229
_Mtgijk7?Eq nN9zhgvCMI?MRdg>
230
_Mtgijk7?Eq nN9zhgvCMI?MRdg>
231
_Mtgijk7?Eq nN9zhgvCMI?MRdg>
232
_Mtgijk7?Eq nN9zhgvCMI?MRdg>
233
_Mtgijk7?Eq nN9zhgvCMI?MRdg>
234
_Mtgijk7?Eq nN9zhgvCMI?MReg>
235
_Mtgijk7?Eq nN9zhguCMI?MRdg?
236
_Mtgijk7?Eq nN9zhguCMI?MRdg?
237
_Mtgijk7?Eq nN9zhguCMI?MRdg?
238
_Mtgijk7?Eq nN8zhguCMI?MRdg?
239
_Mtgijk7?Eq nN8zhguCMI?MRdg?
240
_Mtgijk7?Eq nN8zhguCMI?MRdg?
241
_Mtgikk7?Eq nN9zhguCMI?NRdg?
242
_Mtgikk7?Eq nN9zhguCMI?NRdg?
243
_Mtgikk7?Eq nN9zhguCMI?NRdg?
244
_Mtgijk7?Eq nN8zhgtCNI?MRdg?
245
_Mtgijk7?Eq nN8zhgtCNI?MRdg?
246
_Mtgikk7?Eq nN9ziguCMI?NRdg?
247
_Mtgikk7?Eq nN9ziguCMI?NRdg?
248
_Mtgikk8?Eq nN9ziguCMI?NRdg?
249
_Mtgikk8?Eq nN9ziguCMI?NRdg?
250
_Mtgikk8?Eq nN9ziguBMI?NRdg?
251
_Mtgikk8?Eq nN9ziguBMI?NRdg?
252
_Mtgikk8?Eq nN9ziguBMI?NRdg?
253
_Mtgikk8?Eq nN9zigtBMI?NRdg?
254
_Mtgikk8?Eq nN9zigtBMI?NRdg?
255
_Mtgikk8?Eq nN9zigtBMI?NRdg?
256
_Mtgikk8?Eq nN9zigtBMI?NRdg?
257
_Mtgikk7?Eq nO9ziguCNI?NSdg@
258
_Mtgikk7?Eq nO9ziguCNI?NSdg@
259
_Mtgikk7?Eq nO9ziguCNI?NSdg@
260
^Mtgijk7?Fq nN9yhhuCMI@OSdg@
261
^Mtgijk7?Fq nN9yhhuCMI@OSdg@
262
_Mthikk7?Fq nN9yhguCNI?NTfg?
263
_Mthikk7?Fq nN9yhguCNI?NTfg?
264
_Mthikk7?Gq nN9yhguCNI?NTfg?
265
_Mthikk7?Gq nN9yhguCNI?NTfg?
266
_Mthikk7?Gq nO9yhguCNI?NTfg?
267
_Mthikk7?Gq nO9yhguCNI?NTfg?
268
_Mthikk7?Gq nO9yhguCNI?NTfg?
269
_Mthikk7?Gq nO9yhguCNI?NTfg?
270
_Mthikk7?Gq nO9yhguCNI?NTfg?
271
^Mthikk7?Hq nN9yhguCNI?NTfg?
272
^Mthikk7?Hq nN9yhguCNI?NTfg?
273
^Mthikk7?Hq nN9yhguCNI?NTfg?
274
_Nthikk7?Gq nO9yhguBNI?NTfg?
275
_Nthikk7?Gq nO9yhguBNI?NTfg?
276
_Nthikk7>Gq nN9yhguCNI?NUfg@
277
_Nthikk7>Gq nN9yhguCNI?NUfg@
278
_Nthikk7>Gq nN9yhguCNI?NUfg@
279
_Nthikk7>Gq nN9yhguCNI?NUfg@
280
_Mthikk7?Gq nO9yhguCNI?OTfe@
281
_Mthikk7?Gq nO9yhguCNI?OTfe@
282
_Mthikk7?Gq nO9yhguCNI?OTfe@
283
_Mthilk7>Gr nN9xhguCNI?NTfgA
284
^Mthikk9?Gq mP9yhguCNI?OTfg?
285
^Mthikk9?Gq mP9yhguCNI?OTfg?
286
^Mthikk9?Gq mP9yhguCNI?OTfg?
287
^Mthilk9?Gq mP9yhguCNI?OTfg?
288
^Mthilk9?Gq mP9yhguCNI?OTfg?
289
^Mthilk9?Gq mP9yhguCNI?OTfg?
290
^Mthilk9?Gq mP9yhguCNI?OTfg?
291
^Mthilk9?Gq mP9yhguCNI?OTfg?
292
]Nthikk7=Gq mN9yhguCNI?NUff@
293
]Nthikk7=Gq mN9yhguCNI?NUff@
294
^Mthilk9>Hq mP9yhguCNI?OTfg?
295
^Mthilk9>Hq mP9yhguCNI?OTfg?
296
^Mthilk9>Hq mP9yhguCNI?OTfg?
297
^Mthimk:?Gq mP9yhguCNI@OTfg?
298
^Mthimk:?Gq mP9yhguCNI@OTfg?
299
^Mthimk:?Gq mP9yhguCNI@OTfg?
300
^Mthimk:?Gq mP9yhhuCNI@OTfg?
301
^Mthimk:?Gq mP9yhhuCNI@OTfg?
302
^Mthimk:?Gq mP9yhhuCNI@OTfg?
303
^Mthimk:?Gq mP9yhhuCNI@OTfg?
304
]Othikk7=Hq mN9yhhuCNI@NUff@
305
]Othikk7=Gq mO9yhhuCNI?NVgg@
306
^Mthilk9?Gr mR9yhhuBNI?PTfg?
307
]Nthikk7=Hq lN8yihuCOI?NVfg@
308
]Nthikk7=Hq lN8yihuCOI?NVfg@
309
]Nthikk7=Hq lN8yihuCOI?NVfg@
310
^Mthink:>Gq mR9yhguCNI@OTgg?
311
^Mthink:>Gq mR9yhguCNI@OTgg?
312
^Mthink:>Gq mR9yhguCNI@OTgg?
313
^Mthink:>Gq mR9yhguCNI@OTgg?
314
]Nthikk7=Hr lN8yihuCPI?NVfg@
315
]Nthikk7=Hr lN8yihuCPI?NVfg@
316
]Nthikk7=Hr lN8yihuCPI?NVfg@
317
^Mthimk:>Hq mR9yhguCNH@PTgg?
318
^Mthimk:>Hq mR9yhguCNH@PTgg?
319
^Mthimk:>Hq mR9yhguCNH@PTgg?
320
\Othhlk7=Ir mN9yhiuBNI@NVff@
321
\Othhlk7=Ir mN9yhiuBNI@NVff@
322
\Othikk7=Hq lN8yihuCPH?NVfg@
323
\Othikk7=Hq lN8yihuCPH?NVfg@
324
[Othikk7=Hq lN8yihuCPH?NVfg@
325
[Othikk7=Hq lN8yihuCPH?NVfg@
326
^Nthilk9?Gr mR9yhiuBOI?QUgg?
327
^Nthimk9?Gr mR9yhiuBOI?QUgg?
328
^Nthimk9?Gr mR9yhiuBOI?QUgg?
329
^Nthimk9?Gr mR9yhiuBOI?QUgg?
330
^Nthimk9?Gr mR9yhiuBOI?QUgg?
331
^Mthilk9?Gr mR9whiuANHAPTgg?
332
^Mthilk9?Gr mR9whiuANHAPTgg?
333
^Mthink:=Hr mR7yigtCNI@OTgg?
334
^Mthink:=Hr mR7yigtCNI@OTgg?
335
^Mthink:=Hr mR7yigtCNI@OTgg?
336
^Nthink:=Hr mR7yigtCNI@OTgg?
337
^Nthink:=Hr mR7yigtCNI@OTgg?
338
^Nthink:=Hr mR7yigsCNI@OTgg?
339
^Nthink:=Hr mR7yigsCNI@OTgg?
340
^Nthink:=Hr mR7yigsCNI@OTgg?
341
^Nthink:=Hr mR7yigsCNI@OTgg?
342
^Nthink:=Hr mR7yigsCNI@OTgg?
343
^Nthink:=Hr lR7yigsCNI@OTgg?
344
^Nthimk:?Gr mR9yiiuAPH?QVgg?
345
^Nthimk:?Gr mR9yiiuAPH?QVgg?
346
^Nthimk:?Gr mR9yiiuAPH?QVgg?
347
^Nthimk:?Gr mR9yiiuAPH?QVgg?
348
]Nthink:=Hr mR7yigsCNI@OThg@
349
]Nthink:=Hr mR7yigsCNI@OThg@
350
]Nthink:=Hr mR7yigsCNI@OThg@
351
]Othink:=Ir mR6yigsCNI@OTgg?
352
]Nthink:=Ir mS7yigsCNI@PTgg@
353
]Nthink:=Ir mS7zigsCNI@PTggA
354
]Nthink:=Ir mS7zigsCNI@PTggA
355
]Nthink:=Ir mS7zigsCNI@PTggA
356
]Othink:<Ir mR6yihsCNI@OTgg?
357
]Othink:<Ir mR6yihsCNI@OTgg?
358
]Othink:<Ir mR6yihsCNI@OTgg?
359
]Othink:<Jr mR6yihsCNI@OTgg?
360
]Othink:<Jr mR6yihsCNI@OTgg?
361
]Othink:<Jr mR6yihsCNI@OTgg?
362
]Othink:<Jr mR6yihsCNI@OTgg?
363
]Othink:<Jr mR6yihsCNI@OTgg?
364
]Othink:<Jr mR6yihsBNI@OTgg?
365
]Othink:<Jr mR6yihsBNI@OTgg?
366
]Othink:;Jr mR6yihsCNIAOTgg?
367
]Othink:;Jr mR6yihsCOIAOTgg?
368
]Othink:;Jr mR6yihsCOIAOTgg?
369
]Othink:;Jr mR6yihsCOIAOTgg?
370
]Othink:;Jr mR6yihsCOIAOTgg?
371
]Othink:<Ks mR6yihsCOI@OTgf?
372
]Othink:<Ks mR6yihsCOI@OTgf?
373
]Othink:<Ks mR6yihsCOI@OTgf?
374
]Othink:<Ks mR6yihsCOI@OTgf?
375
]Othink:<Ks mR6yihsCOI@OTge?
376
]Othink:<Ks mR6yihsCOI@OTge?
377
]Othink:<Ks mR6yihsCOI@OTge?
378
]Othink:;Jr mR6yihsCPIAOUgg@
379
]Othink:;Jr mR6yihsCPIAOUgg@
380
]Othink:;Jr mR6yihsCPIAOUgg@
381
\Pthink;=Is kR7yigsANH@OUgf?
382
\Pthink;=Is kR7yigsANH@OUgf?
383
]Othink:;Jr mR6yihsCPHAOThg@
384
]Othink:;Js mR6yihsCPHAOThg@
385
]Othink:;Js mR6yihsCPHAOThg@
386
\Pthink;=Hs kR5yigsBOH@OWgg?
387
\Pthink;=Hs kR5yigsBOH@OWgg?
388
\Pthink;=Hs kR5yigsBOH@OWgg?
389
]Othink:;Jr kR6yihsBQIAOUgg@
390
]Othink:;Jr kR6yihsBQIAOUgg@
391
]Othink:;Jr kR6yihsBQIAOUgg@
392
\Othink:;Ks mS6yihsCPHAOThg@
393
\Othink:;Ks mS6yihsCPHAOThg@
394
\Othink:;Ks mS6yihsCPHAOThg@
395
\Othink:;Ks mS6yihsCPHAOThg@
396
]Othink:;Jr kR5yihrBQIAOUgg@
397
]Othink:;Jr kR5yihrBQIAOUgg@
398
[Pthink;<Hs kR5yigsBOHBOWgg?
399
[Pthink;<Hs kR5yigsBOHBOWgg?
400
[Pthink;<Hs kR5yigsBOHBOWgg?
401
[Pthink;<Hs kR5yigsBOHBOWgg?
402
[Pthink;<Ht kR5yigsBOHBOWgg?
403
[Pthink;<Ht kR5yigsBOHBOWgg?
404
[Pthink;<Hs jR5yigrBOHBOWgg?
405
[Pthink;<Hs jR5yigrBOHBPWgg?
406
[Pthink;<Hs jR5yigrBOHBPWgg?
407
[Pthink;<Hs jR5yigrBOHBPWgg?
408
[Pthink;<Hs jR5yigrBOHBPWgg?
409
[Pthink;<Hs jR5yigrBOHBQWgg?
410
[Pthink;<Hs jR5yigrBOHBQWgg?
411
[Pthink<<Hs jR5yigrBOHBPWhg?
412
[Pthink<<Hs jR5yigrBOHBPWhg?
413
[Pthink<<Hs jR5yigrBOHBPWhg?
414
[Pthink<<Hs jR5yigrBOHBPWhg?
415
[Pthink<<Hs jR4yigrBOHBPWhg?
416
[Pthink<<Hs jR4yigrBOHBPWhg?
417
[Pthink<<Is jR4yigrBOHBPWhg?
418
[Pthink<<Is jR4yigrBOHBPWhg?
419
[Pthink<<Is jR4yigrBOHBPWhg?
420
[Qthink<<Is jR4yigrBOHBPWhg?
421
[Qthink<<Is jR4yigrBOHBPWhg?
422
[Qthink<<Is jR4yigrBOHBPWhg?
423
ZPthink<<Is jR4yigrBOHBQWhg?
424
ZPthink<<Is jR4yigrBOHBQWhg?
425
ZPthink<<Is jR4yigrBOHBQWhg?
426
[Qthink<<Is jR4yigrBOHBPWhgA
427
[Qthink<<Is jR4yigrBOHBPWhgA
428
[Qthink<<Is jR4yigrBOHBPWhgA
429
[Qthink<<Is jR4yigrBOHBPWhgA
430
[Qthink<<Is jR3yigrBOHBPWhgA
431
[Qthink<<Is jR3yigrBOHBPWhgA
432
[Qthink<<Is jR4yigrBOHBPWjgA
433
[Qthink<<Is jR4yigrBOHBPWjgA
434
[Qthink<<Is jR4yigrBOHBPWjgA
435
[Qthink=<Is jR4yigrAOHBPWhfA
436
[Qthink=<Is jR4yigrAOHBPWhfB
437
[Qthink=<Is jR4yigrAOHBPWhfB
438
[Qthink=<Is jR4yigrAOHBPWhfB
439
[Qthink=<Is jR4yigrAOHBPWhfB
440
[Qthink=<Is jR4yigrAOHBPWhfB
441
[Qthink=<Is jR4yigrAOHBPWhfB
442
[Qthink<<It jR4yigrAOHBPWkgA
443
[Qthink<<It jR4yigrAOHBPWkgA
444
[Qthink<<It jR4yigrAOHBPXkgA
445
[Qthink<<It jR4yigrAOHBPXkgA
446
[Qthink<<It jR4yigrAOHBPXkgA
447
[Qthink<<It jR4yigrAOHBPXkgA
448
[Qthink<<It jR4yigrAPHBPXkgA
449
[Qthink<<It jR4yigrAPHBPXkgA
450
[Qthink<<It jR4yigrAPHBPXkgA
451
[Qthink<<It jR4yigrAPHBPXkgA
452
[Qthink<<Js iR4yigqAOHBPWlgA
453
[Qthink<<Js iR4yigqAOHBPWlgA
454
[Qthink<<Js iR4yigqAOHBPWlgA
455
[Qthink<<Jt jS4yigrAOGBPXkgA
456
[Qthink<<Jt jS4yigrAOGBPXkgB
457
[Qthink<<Jt jS4yigrAOGBPXkgB
458
[Qthink<<Jt jS4yigrAOGBPXkgB
459
[Qthink<<Jt jS4yigrAOGBPXkgB
460
[Qthink<<Jt jS4yigrAOGBPXkgB
461
[Rthhnk=<Jt iR4xigrAOGBPWkfA
462
[Rthhnk=<Jt iR4xigrAOGBPWkfA
463
[Rthhnk=<Jt iR4xigrAOGBPWkfA
464
[Rthink=<It jR4xihrAPGBPXkgA
465
[Rthink=<It jR4xihrAPGBPXkgA
466
[Rthink=<It jR4xihrAPGBPXkgA
467
[Rthink=<It jR4xihrAPGBPXkgA
468
[Rthink=<It jR4xihrAPGCPXkgA
469
[Rthink=<It jR4xihqAPGCPXkgA
470
[Rthink=<It jR4xihqAPGCPXkgA
471
[Rthink=<It jR4vihrAPFBPXkgA
472
[Rthink=<It jR4vihrAPFBPXkgA
473
[Rthink=<It jR4vihrAPFBPXkgA
474
[Rthink=<It jR4xiiqAPFCPXkgA
475
[Rthink=<It jR4xiiqAPFCPXkgA
476
ZRthink><It jR4wihrAQFBPXkgA
477
ZRthink><It jR4wihrAQFBPXkgA
478
ZRthink><It jR4wihrAQFBPXkgA
479
ZRthink><It jR4wihrAQFBPXkgA
480
ZRthink><It jR4wihrAQEBPXkgA
481
ZRthink><It jR4wihrAQEBPXkgA
482
ZRthink><It jR4wihrAQEBPXkgA
483
ZRthink><It jR4wihrAQEBPXkgA
484
ZRthink>;It jR4wihrAQFCPXkgA
485
ZRthink>;It jR4wihrAQFCPXkgA
486
ZRthink>;It jR4wihrAQFCPXkgA
487
[Rthink><Jt jR4xihqAQFDPYkgA
488
[Rthink><Jt jR4xihqAQFDPYkgA
489
[Rthink><Jt jR4xihqAQFDPYkgA
490
[Rthink><Jt jR4xihqAQFDPYkgA
491
ZRthink><It jR3wihr@RFBPXkfA
492
ZTthink>;Ht iR4wihqAQFCPXkgA
493
ZTthink>;Ht iR4wihqAQFCPXkgA
494
ZTthink>;Ht iR4wihqAQFCPXkgA
495
ZTthink>;Ht iR4wihqAQFCPXkgA
496
ZTthink>;Ht iR4wihqAQFCPXkgA
497
ZTthink>;Ht iR4wihqAQFCPXkgA
498
ZRthink?<It jS4vihrARFBPYkfA
499
ZRthink?<It jS4vihrARFBPYkfA
500
ZTthink>;Ht iR4wihq@RFCPXkgA
501
ZTthink>;Ht iR4wihq@RFCPXkgA
502
ZTthink>;Ht iR4wihq@RFCPXkgA
503
ZRthink?;It jS4vihrARFBQYkfA
504
ZRthink?;It jS4vihrARFBQYkfA
505
ZRthink?;It jS4vihrARFBQYkfA
506
ZRthink?;It jS4vihrARFCQYkfA
507
ZRthink>9Jt jS3wihrAQDBPXkgB
508
ZRthink?;It jS4vihrARFCQYkfA
509
ZRthink?;It jS4vihrARFCQYkfA
510
YRthink>9Jt jS2wihrAQDBPXkgA
511
YRthink>9Jt jS2wihrAQDBPXkgA
512
YRthink>9Jt jS2wihrAQDBPXkgA
513
YRthink>9Jt jS2wihrAQDBPXkgA
514
YRthink>9Jt jS2wihrAQDBPXkgB
515
YRthink>9Jt jS2wihrAQDBPXkgB
516
YRthink>9Jt jS2wihrAQDBPXkgB
517
YRthink>9Jt jS1wihrAQDBPXlgA
518
YRthink>9Jt jS1wihrAQDBPXlgA
519
YRthink>9Jt jS1wihrAQDBPXlgA
520
YRthink>9Jt jS1wihrAQDBPXlgA
521
YRthink>9Jt jS1wihrAQDBPXlgA
522
YRthink?9Jt jS1wihrAQDBPXlgA
523
ZRthinkA<Jt jS4tihr@RECPYkfA
524
ZRthinkA<Jt jS4tihr@RECPYkfA
525
ZRthinkA<Jt jS4tihr@RECPYkfA
526
ZRthinkA<Jt jS4tihr@RECPYkfA
527
ZRthinkA<Jt jS4tihr@SECPYkfA
528
ZRthinkA<Jt jS4tihr@SECPYkfA
529
ZRthinkA<Jt jS4tihr@SECPYkfA
530
YSthinkA<Jt jS4sihrARFDPYkfA
531
YSthinkA<Jt jS4sihrARFDPYkfA
532
ZRthinkA<Jt jT4tiir@RECPYkfA
533
ZRthinkA<Jt jT4tiir@RECPYkfA
534
ZRthinkA<Jt jT4tiir@RECPYkfA
535
ZRthinkA<Jt jT4sihr@SECPYkfA
536
ZRthinkA;Jt jS4sihr@RDCPYlfA
537
ZRthinkA;Jt jS4sihr@RDCPYlfA
538
ZRthinkA;Jt jS4sihr@RDCPYlfA
539
ZRthinkA;Jt jS4sihr@RDCPYlfA
540
XSthinkA<Jt jS4siirARFDPYkfB
541
XSthinkA<Jt jS4siirARFDPYkfB
542
XSthinkA<Jt jS4siirARFDPYkfB
543
XSthinkA<Jt jS4siirARFDPYkfB
544
ZSthinkA;Jt jS4tihq@SECPZkeA
545
ZSthinkA;Jt jS4tihq@SECPZkeA
546
ZSthinkA;Jt jS4tihq@SECPZkeA
547
ZRthinkA<Jt jT4rihr>SECPYlfA
548
ZRthinkA<Jt jT4rihr=SECPYlfA
549
ZRthinkA<Jt jT4rihr=SECPYlfA
550
ZRthinkA<Jt jT4rihr=SECPYlfA
551
ZRthinkA<Jt jT4rihr=SECPYlfA
552
ZRthinkA<It jT4rihq=SECPYlfA
553
ZRthinkA<Jt jT4rihr=SDCPYlfA
554
ZRthinkA<Jt jT4rihr=SDCPYlfA
555
ZSthinkB<Jt jT4rihr=SECPYlfA
556
ZSthinkB<Jt jT4rihr=SECPYlfA
557
ZSthinkB<Jt jT4rihr=SECPYlfA
558
ZSthinkB<Jt jT4rihr=SECPYlfA
559
WRthinkA<Jt jT4rihr=SECPYlfA
560
WRthinkA<Jt jT4rihr=SECPYlfA
561
ZRthinkB<Jt jT4rihr=SDCQYlfB
562
ZRthinkB<Jt jT4rihr=SDCQYlfB
563
YSthinkB;Jt iS4rijrARFEQYmfB
564
YSthinkB;Jt iS4rijrARFEQYmfB
565
YSthinkB;Jt iS4rijrARFEQYmfB
566
YSthinkB;Jt iS4rijrARFEQYmfB
567
YSthinkB;Jt iS4rijrAREEQYmfB
568
YSthinkB;Jt iS4rijrAREEQYmfB
569
YSthinkB;Jt iS4rijrAREEQYmfB
570
YSthinkB;Jt iS4rijrAREEQYmfB
571
YSthinkB:Jt iS4rijr@RFEQYmfB
572
YSthinkB:Jt iS4rijr@RFEQYmfB
573
YSthinkB:Jt iS4rijr@RFEQYmfC
574
YSthinkB:Jt iS4rijr@RFEQYmfC
575
YSthinkB:Jt iS4rijr@RFEQYmfC
576
YSthinkB:Jt iS4rijr@RFEQYmfC
577
YSthinkB:Jt iS4rijr@RFERYmfC
578
XSthinkC<Jt iU3qijqAREEPYkfC
579
XSthinkC<Jt iU3qijqAREEPYkfC
580
XSthinkC<Jt iU3qijqAREEPYkfC
581
XSthinkC<Jt iU3qijqAREEPYkfD
582
XSthinkC<Jt iU3qijqAREEPYkfD
583
XSthinkC<Jt iU3qijqAREEPYkfD
584
XSthinkC<Jt iU3qijqAREEPYkfD
585
XSthinkC<Jt iU3qijqARDEQYkfC
586
XSthinkC<Jt iU3qijqARDEQYkfC
587
XSthinkC<Jt iU3qijqARDEQYkfC
588
XSthinkC<Jt iU3qijqARDEQYkfC
589
YSthinkB:Jt iS4qijq@SFERYnfC
590
YSthinkB:Jt iS4qijq@SFERYnfC
591
YSthinkB:Jt iS4qijq@SFERYnfC
592
YSthinkB:Jt iS4qijq@SFERYnfC
593
XTthinkC<Kt iU3qijqARDEQYkfC
594
XTthinkC<Kt iU3qijqARDEQYkfC
595
XTthinkC<Kt iU2qijqARDEQYkfC
596
XTthinkC<Kt iU2qijqARDEQYkfC
597
XTthinkC<Kt iU2qijqARDEQYkfC
598
XTthinkC<Kt iU2qijqARDEQYkfC
599
XTthinkC<Kt iU2qijqARDEQYkfC
600
XTthinkC<Kt iU2qijqARDEQYkfC
601
XTthinkC<Kt iU2qijqARDEQYkfD
602
YSthinkB9Jt iT4qijp>RFEQYnfC
603
YSthinkB9Jt iU4qijp>RFEQYnfC
604
VTthinkC<Jt iU3qijqARCEQYlfC
605
VTthinkC;Jt iU3qijqARCEQYlfC
606
VTthinkC;Jt iU3qijqARCEQYlfC
607
VTthinkC;Jt iU3qijqARCEQYlfC
608
VTthinkC:Jt iU3qijqARCEQYlfC
609
VTthinkC:Jt iU3qijqARCEQYlfC
610
VTthinkC:Jt iU3qijqARCEQYlfC
611
VUthinkC<Jt iU2qijqARCEQYleC
612
VUthinlC<Jt iU2qijqARCEQYleC
613
VTthinkC<Jt iV2qijqARCEQYleC
614
VTthinkC<Jt iV2qijqARCEQYleC
615
VTthinkC<Jt iV2qijqARCEQYleC
616
VTthinkC<Jt iV2qijqARCEQYleC
617
UTthinkC<Jt iU2qijpARCEQYleC
618
UTthinkC<Jt iU2qijpARCEQYleC
619
UTthinkC<Jt iU3qijqARBERYleC
620
VTthinkC:Jt iU2qijpARBEQYlfC
621
VTthinkD:Jt iU2qijpARBEQYlfC
622
VTthinkD:Jt iU2qijpARBEQYlfC
623
VTthinkD:Jt iU2qijpARBEQYlfC
624
VTthinkE:Jt iU2qijpARBEQYlfC
625
VTthinkE:Jt iU2qijpARBEQYlfC
626
VTthinkE:Jt iU2qijpARBEQYlfC
627
VTthinkE:Jt iU2qijpARBEQYlfC
628
VTthinkE:Jt iU2qijpARBEQYlfC
629
VTthinkE:Jt iU2qijpASBEQYlfC
630
UTthinkE:Jt iU2qijpASBEQYlfC
631
UTthinkE:Jt iU2qijpASBEQYlfC
632
UTthinkE:Jt iU2qijpASBEQYlfC
633
UTthinkE:Jt iU2qijpASBEQYlfC
634
VTthinkE:Jt iV2qikpASBEQYlfC
635
VTthinkE:Jt iV2qikpASBEQYlfC
636
VTthinkE:Jt iV2qikpASBEQYlfC
637
VTthinkE:Jt iV2qikpASBEQYlfC
638
VVthinkD9Jt iU2qijpARBEQ[lfC
639
VVthinkD9Jt iU2qijpARBEQ[lfC
640
VVthinkD9Jt iU2qijpARBEQ[lfC
641
VVthinkD9Jt iU2qijpARBEQ[lfC
642
UTthinkE9Jt iV2qiipASAFQYlfC
643
UTthinkE9Jt iV2qiipASAFQYlfC
644
VVthinkD9Jt iU2qijpARBFQ[lfD
645
VVthinkD9Jt iU2qijpARBFQ[lfD
646
UTthinkE:Jt iW2qikpASBEQYleD
647
UTthinkE:Jt iW2qikpASBEQYleD
648
UTthinkE:Jt iW2qikpASBEQYleD
649
UTthinkE:Jt iW2qikpASBEQYleD
650
UTthinkE:Jt iW2qikpASBEQYleD
651
UTthinkE:Jt iW2qikpATBEQYleD
652
UTthinkE:Jt iW2qikpATBEQYleD
653
UTthinkE:Jt iW2qikpATBEQYleD
654
UTthinkE9Jt iW2qikpASBFQYleC
655
UTthinkE:Jt iW2qikpATAEQYleD
656
UTthinkE:Jt iW2qikpATAEQYleD
657
UTthinkE:Jt iW2qikpATAEQYleD
658
UTthinkE:Jt iW2qikpATAFQYleD
659
UTthinkE:Jt iW2qikpATAFQYleD
660
UTthinkF:Jt iW2qikpAUBEQZleD
661
UTthinkF:Jt iW2qikpAUBEQZleD
662
UTthinkF:Jt iW2qikpAUBEQZleD
663
UTthinkF:Jt iW2qikpAUBEQZleD
664
UTthinkF:Jt iW2qikpAUBEQZleD
665
UTthinkF:Jt iX2qikpAUBEQZleD
666
UTthinkF:Jt iX2qikpAUBEQZleD
667
UTthinkF:Jt iX2qikpAUBEQZleD
668
UTthinkF9Jt iW2qikpAUBFQZleD
669
UTthinkF9Jt iW2qikpAUBFQZleD
670
UTthinkF:Jt iX2qikpAUBEQ[leE
671
UTthinkF:Jt iX2qikpAUBEQ[leE
672
UTthinkF:Jt iX2qikpAUBEQ[leE
673
UTthinkF:Jt iX1qikpAUBEQ[leE
674
UTthinkF:Jt iX1qikpAUBEQ[leE
675
UTthinkF:Jt iX1qikpAUBEQ[leE
676
UTthinkF:Jt iX1qikpAUBEQ[leE
677
UUthinkG:Kt iW1qikpAUBFQZleD
678
UUthinkG:Kt iW1qikpAUBFQZleD
679
UUthinkG:Kt iW1qikpAUBFQZleD
680
UTthinkF:Jt iX1qikoAUBEQ[leF
681
UTthinkF:Jt iX1qikoAUBEQ[leF
682
UTthinkF:Jt iX1qikoAUBEQ[leF
683
UTthinkF:Jt iX1qikoAUBEQ[leF
684
TTthinkF:Jt iX1qikpAVBEQ\leE
685
TTthinkF:Jt iX1qikpAVBEQ\leE
686
TTthinkF:Jt iX1qikpAVBEQ\leE
687
TTthinkF9Jt iX1qikpAVBEQ\leE
688
TTthinkF9Jt iX1qikpAVBEQ\leE
689
TTthinkF9Jt iX1qikpAVBEQ\leE
690
TTthinkF9Jt iX1qikpAVBEQ\leE
691
TTthinkF9Jt iX1qikpAVBEQ\leE
692
TUthinkF9Jt iX1qikpAVBEQ\leE
693
TTthinkF:Jt iX1qikp@WBEQ\meE
694
TTthinkF:Jt iX1qikp@WBEQ\meE
695
TTthinkF:Jt iX1qikp@WBEQ\meE
696
TTthinkF:Jt iX1qikp@WBEQ\meE
697
TUthinkF:Jt iX1qikp@WBEQ\meE
698
TUthinkF:Jt iX1qikp@WBEQ\meE
699
TUthinkF:Jt iX1qikp@WBEQ\meE
700
TUthinkF:Jt iX1qikp@WBEQ\meE
701
TUthinkF:Jt iX1qiko@WBEQ\meE
702
TUthinkF:Jt iX1qiko@WBEQ\meE
703
TUthinkF:Jt iX1qiko@WBEQ\meE
704
TUthinkF:Jt iY1qiko@WBEQ\meE
705
TUthinkF:Jt iY1qiko@WBEQ\meE
706
TUthinkF:Jt iY1qiko@WBEQ\meE
707
TUthinkF:Jt iY1qiko@WBEQ\meE
708
TUthinkF:Jt iY1qiko@WBEQ\meE
709
TTthinkG:Kt iX1qikp?WBFQ\meE
710
TTthinkG:Kt iX1qikp?WBFQ\meE
711
TTthinkG:Kt iX1qikp?WBFQ\meE
712
TTthinkG:Jt iX1qikp?WAFQ\meF
713
TTthinkG:Jt iX1qikp?WAFQ\meF
714
TTthinkG:Jt iX1qikp?WAFQ\meF
715
TTthinkG:Jt iX1qikp?WAFQ\meF
716
TTthinkG:Jt iX1qikp?WAFQ\meF
717
TTthinkG:Kt iX1qikp?WAFQ\meF
718
TTthinkG:Kt iX1qikp?WAFQ\meF
719
TUthinkG:Kt iX1qikp?WAFQ\meF
720
TUthinkG:Kt iX1qikp?WAFQ\meF
721
TUthinkG:Kt iX1qikp?WAFQ\meF
722
TUthinkG:Kt iX1qikp?WAFQ\meF
723
TTthinkG9Jt iX1qiko>WAFQ\meF
724
TTthinkG9Jt iX1qiko>WAFQ\meF
725
TTthinkG9Jt iX1qiko>WAFQ\meF
726
TTthinkG9Jt iX1piko>WAFQ\meF
727
TTthinkG9Jt iX1piko>WAFQ\meF
728
TTthinkG:Kt iX0qiko?WAGQ]meF
729
TTthinkG:Kt iX0qiko?WAGQ]meF
730
TTthinkG:Kt iX0qiko?WAGQ]meG
731
TTthinkG:Kt iX0qiko?WAGQ]meG
732
TTthinkG:Kt iX0qiko?WAGQ]meG
733
TTthinkG:Kt iX0qiko?WAGQ]meG
734
TTthinkG:Kt iX0qiko?WAHQ]meG
735
TTthinkG:Kt iX0qiko?WAHQ]meG
736
TTthinkG:Kt iX0qiko?WAHQ]meG
737
TTthinkG:Kt iX0qiko?WAHQ]meG
738
TUthinkG9Kt iX0qiko?WAGQ]meG
739
TUthinkG9Kt iX0qiko?WAGQ]meG
740
TUthinkG9Kt iX0qiko?WAGQ]meG
741
TTthinkG9Jt iZ1qikn=WAFQ]neF
742
TTthinkG:Kt iX/qikn?WAHQ]meH
743
TTthinkG:Kt iX/qikn?WAHQ]meH
744
TTthinkG:Kt iX/qikn?WAHQ]meH
745
TUthinkG9Jt iZ1qikn=WAFR]neF
746
TUthinkG9Jt iZ1qikm=WAFR]neF
747
TUthinkG9Jt iZ1qikm=WAFR]neF
748
TUthinkG9Jt iZ1qikm=WAFR]neF
749
TUthinkG9Jt iZ1qikm=WAFR]neF
750
TUthinkG9Jt iZ1qikm=WAFR]neF
751
TUthinkG9Jt iZ1qikm=W@FR]neF
752
TUthinkG9Jt iZ1qikm=W@FR]neF
753
TUthinkG9Jt iZ1qikm=W@FR]neF
754
TUthinkG9Jt iZ1qikm=W@FR]neF
755
TUthinkG9Kt iZ1qikl=WAFR]neF
756
SUthinkG9Jt iZ1qikm=W?FR]neF
757
SUthinkG9Jt iZ1qikm=W?FR]neF
758
RUthinkG9Jt iZ1qikm=W?FR]neF
759
RUthinkG9Jt iZ1qikm=W?FR]neF
760
RUthinkG9Jt iZ1qikm=W?FR]neF
761
RUthinkG9Jt iZ1qikm=W?FR]neF
762
RUthinkG9Jt iZ1qikm=W?FR]neF
763
RUthinkG9Jt iZ1qikm=W?FR]neF
764
RUthinkG9Jt iZ0qikm=W?FR]neF
765
RTthinkG9Jt iZ1qikm=X?FS]neF
766
RTthinkG9Jt iZ1qikm=X?FS]neF
767
RTthinkG9Jt iZ1qikm=X?FS]neF
768
RTthinkG9Jt iZ1qikm=X?FS]neF
769
RTthinkH9Jt iZ1qikm=X>FS]neF
770
RTthinkH9Jt iZ1qikm=X>FS]neF
771
RTthinkH9Jt iZ1qikm=X>FS]neF
772
RTthinkH9Jt iZ1qikm=X>FS]neF
773
RTthinkH9Jt iZ1qikm=X>FT]neF
774
RTthinkH9Jt iZ1qikm=X>FT]neF
775
RTthinkH9Jt iZ1qikm=X>FT]neF
776
RTthinkH8Jt iZ0qikm=X>FS]neF
777
RTthinkH8Jt iZ0qikm=X>FS]neF
778
RTthinkH8Jt iZ0qikm=X>FS]neF
779
RTthinkH8Jt iZ0qikm=X>FS]neF
780
RTthinkH9Jt i[/qikm=X>FS]neF
781
RTthinkH9Jt i[/qikm=X>FS]neF
782
RTthinkH9Kt i[/qikm=X>FS]neF
783
RTthinkH9Kt i[/qikm=X>FS]neF
784
RTthinkH9Kt i[/qikm=X>FS]neF
785
RTthinkH9Kt i[/pikm=X>FS]neF
786
RTthinkH9Kt i[/pikm=X>FS]neF
787
RTthinkH9Kt i[/pikm=X>FS]neF
788
RTthinkH9Kt i[/pikm=X>FS]neF
789
RTthinkH9Kt i[/qikm=Y>FS]neG
790
RTthinkH9Kt i[/qikm=Y>FS]neG
791
RUthinkI9Jt i[0qikl=W>FT]oeG
792
RUthinkI9Jt i[0qikl=W>FT]oeG
793
RUthinkI9Jt i[0qikl=W>FT]oeG
794
RUthinkI9Jt i[0qikl=W>FT]oeG
795
RUthinkI9Jt i[0qikl=W>FT]oeG
796
RTthinkI9Lt i[/pikm<X>FS]neF
797
RTthinkI9Lt i[/pikl<X>FS]neF
798
RTthinkI9Lt i[/pikl<X>FS]neF
799
RTthinkI9Lt i[/pikl<X>FS]neF
800
RTthinkI9Lt i[/pikl<X>FS]neF
801
RTthinkI9Lt i[/pikl<X>FS]neF
802
RUthinkH9Kt i[.pikl=Y>FS]peE
803
RUthinkH9Kt i[.pikl=Y>FS]peE
804
RUthinkH9Kt i[.pikl=Y>FS]peE
805
RUthinkH9Kt i[-pikl=Y>FS]peE
806
RUthinkH9Kt i[-pikl=Y>FS]peE
807
RUthinkH9Kt i[-pikl=Y>FS]peE
808
RUthinkH9Kt i[-pikl=Y>FS]peF
809
RUthinkH9Kt i[-pikl=Y>FS]peF
810
RUthinkH9Kt i[-pikl=Y>FS]peF
811
QUthinkI8Jt i\/qikl=W<FT]oeG
812
QVthinkI9Kt i[/oikl=X<GS]neF
813
QVthinkI9Kt i[/oikl=X<GS]neF
814
QVthinkI9Kt i[/oikl=X<GS]neF
815
QVthinkI9Kt i[/oikl=X<GS]neF
816
PVthinkI9Kt i[/oikl=X<GS]neF
817
PVthinkI9Kt i[/oikl=X<GS]neF
818
PVthinkI9Kt i[/oikl=X<GS]neF
819
PVthinkI9Kt i[/nikl=X<GS]neF
820
PVthinkI9Kt i[/nikl=X<GS]neF
821
PVthinkI9Kt i[/nikl=X<GS]neF
822
PVthinkI9Kt i[/nikl=X<GS]neF
823
PVthinkI9Kt i[/nikl<X<GS]neF
824
PVthinkI9Kt i[/nikl<X<GS]neF
825
OVthinkI9Kt i[/nikl=Y<GS]neF
826
OVthinkI9Kt i[/nikl=Y<GS]oeF
827
OVthinkI9Kt i[/nikl=Y<GS]oeF
828
OVthinkI9Kt i[/nikl=Y<GS]oeF
829
OVthinkI9Kt i[/nikl=Y<GS]oeF
830
OVthinkI9Kt i[/nikl=Y<GS]oeF
831
OVthinkI9Kt i[/nikl=Y<GS]oeF
832
OVthinkI9Kt i[/mikl=Y<GS]neG
833
OVthinkI9Kt i[/mikl=Y<GS]neG
834
OVthinkI9Kt i[/mikl=Y<GS]oeF
835
OVthinkI9Kt i[/mikl=Y<GS]oeF
836
OVthinkI9Kt i[.nikl<Y<GS]oeF
837
OVthinkI9Kt i[.nikl<Y<GS]oeF
838
OVthinkI9Kt i[.nikl<Y<GS]oeF
839
OVthinkI9Kt i[.nikl<Y<GS]oeF
840
OVthinkI9Kt i[.nikl<Y<HS]oeF
841
OVthinkI9Kt i[.nikl<Y<HS]oeF
842
OVthinkI9Kt i[.nikl<Y<HS]oeF
843
OVthinkI9Kt i[.nikl<Y<HS]oeF
844
OVthinkI9Kt i[-mikl=Y<GS^oeF
845
OVthinkI9Kt i[-mikl=Y<GS^oeF
846
OVthinkI9Kt i[-mikl=Y<GS^oeF
847
OVthinkI9Kt i[-mikl=Y<GS^oeF
848
OVthinkI9Kt i[/mikl<Y:GS^oeF
849
OVthinkI9Kt i[/mikl<Y:GS^oeF
850
OVthinkI9Kt i[/mikl<Y:GS^oeF
851
OVthinkI9Kt i[-mikl=Y;GS^oeG
852
OVthinkI9Kt i[-mikl=Y;GS^oeG
853
OVthinkI9Kt i[-mikl=Y;GS^oeG
854
OVthinkJ9Kt i[-mikl=Y;GS^oeG
855
OVthinkJ9Kt i[-mikl=Y;GS^oeG
856
OVthinkJ9Kt i[-mikl=Y;GS^oeG
857
OVthinkJ9Kt i[-mikl=Y;GS^oeG
858
OVthinkI8Kt i\/likl=Z;HT]oeF
859
OVthinkI8Kt i\/likl=Z;HT]oeF
860
OVthinkI8Kt i\/likl=Z;HT]oeF
861
OVthinkJ8Kt i\/likl=Z;HT]oeF
862
OVthinkJ8Kt i\/likl=Z;HT]oeF
863
OVthinkI8Kt i]/likl=Z;HU]oeF
864
OVthinkI8Kt i]/likl=Z;HU]oeF
865
OVthinkI8Kt i]/likl=Z;IU]oeF
866
OVthinkI8Kt i]/likl=Z;IU]oeF
867
OVthinkI8Kt i]/likl=Z;IU]oeF
868
OVthinkI8Kt i]/likl=Z;IU]oeF
869
OVthinkI8Kt i]/likl=Z;IU]oeF
870
OVthinkI8Kt i]/likl=Z;JU]oeF
871
OVthinkI8Kt i]/likl=Z;JU]oeF
872
OVthinkI8Kt i]/likl=[;JU]oeF
873
OVthinkI8Kt i]/likl=[;JU]oeF
874
OVthinkI7Kt i]/likl=[;JU]oeF
875
OVthinkI7Kt i]/likl=[;JU]oeF
876
OVthinkI7Kt i]/likl=[;JU]oeF
877
OVthinkI7Kt i]/likl=[;JU]oeF
878
OVthinkI7Kt i]/likl=[;JU]oeF
879
OVthinkI7Kt i]/likl<[;JU]oeF
880
OVthinkI7Kt i]/likl<[;JU]oeF
881
OVthinkI7Kt i]/likl<[;JU]oeF
882
OVthinkI7Kt i]/likl<[;JU]oeF
883
OVthinkI6Kt i]/likl=\;JU]oeF
884
OVthinkI6Kt i]/likl=\;JU]oeF
885
OVthinkI6Kt i]/likl=\;JU]oeF
886
OVthinkI6Kt i]/likk=[;KU]oeF
887
OVthinkI6Kt i]/likk=[;KU]oeF
888
OVthinkI6Kt i]/likk=[;KU]oeF
889
OVthinkI6Kt i]/likk=[;KU]oeF
890
OVthinkI6Kt i]/likl=[;KV]oeG
891
OVthinkI6Kt i]/likl=[;KV]oeG
892
NVthinkI7Kt i^/likl=\;KU]oeG
893
NVthinkI7Kt i^/likl=\;KU]oeG
894
NVthinkI7Kt i^/likl=\;KU]oeG
895
NVthinkI7Kt i^/likl=\;KU]oeG
896
NVthinkI7Kt i^/likl=\;KU]oeG
897
OVthinkJ6Lt i^/likl=\;JU^oeF
898
OVthinkJ6Lt i^/likl=\;JU^oeF
899
OVthinkJ6Lt i^/likl=\;JU^oeF
900
OVthinkK6Lt i^/likl<\;JU]oeF
901
OVthinkK6Lt i^/likl<\;JU]oeF
902
OVthinkK6Lt i^/likl<\;JU]oeF
903
NVthinkI7Kt i^/likl<\;KU]oeI
904
NVthinkI7Kt i^/likl<\;KU]oeI
905
NVthinkI7Kt i^/likl<\;KU]oeI
906
NVthinkI7Kt i^/likl<];KU]oeI
907
NWthinkI7Kt i^/likl<];KU]oeI
908
NWthinkI7Kt i^/likl<];KU]oeI
909
NWthinkI7Kt i^/likl<];KU]oeI
910
NWthinkI7Kt i^/likl<];KU]oeI
911
NWthinkI7Kt i^/likl<];KU]oeI
912
NWthinkI7Kt i^/likl<];KU]oeI
913
NWthinkI7Kt i^/likl<];KU]oeI
914
NVthinkI7Kt i^/likl;\;LV]oeI
915
NVthinkI7Kt i^/likl;\;LV]oeI
916
NVthinkI7Kt i^/likl;\;LV]oeI
917
NVthinkI7Kt i^/likl;\;LV]oeI
918
NVthinkI7Kt i^/likl;\;LV]oeI
919
OVthinkI6Lt i].likl;\9JV^oeH
920
OVthinkI6Lt i].likl;\9JV^oeH
921
OVthinkI6Lt i].likl;\9JV^oeH
922
OVthinkI6Lt i].likl;\9JV^oeH
923
NVthinkI7Kt i^/likk;\:LV]oeI
924
NVthinkI7Kt i^/likk;\:LV]oeI
925
OWthinkI5Lt i].likl;[9JV^oeI
926
OWthinkI5Lt i].likl;[9JV^oeI
927
OWthinkI5Lt i].likl;[9JV^oeI
928
OWthinkI5Lt i].likl;[9JV^oeI
929
NVthinkI7Kt i^/likk;\9LV]oeJ
930
OWthinkI5Lt i].likl;[8JV^peI
931
OWthinkI5Lt i].likl;[8JV^peI
932
OWthinkI5Lt i].likl;[8JV^peI
933
OWthinkI5Lt i].likl;[8JV^peI
934
OWthinkI5Mt i].likl;[8JV^peI
935
OWthinkI5Mt i].likl;[8JV^peI
936
OWthinkI5Mt i].likl;[8JV^peI
937
OWthinkI5Mt i].likl;[8JV^peI
938
OWthinkI5Lt i].likk;[8JW^peI
939
OWthinkI5Lt i].likk;[8JW^peI
940
OWthinkI5Lt i].likk;[8JW^peI
941
OWthinkI5Lt i].likk;[8JX^peI
942
OWthinkI5Lt i].likk;[8JX^peI
943
OWthinkI5Lt i]-likk;[8JX^peI
944
OWthinkI5Lt i]-likk;[8JX^peI
945
OWthinkI5Lt i]-likk;[8JX^peI
946
OWthinkI5Lt i]-likk;[8JX^peI
947
OWthinkI5Lt i]-likk;[8JX^peI
948
OWthinkI5Lt i]-likk;[8JX_peI
949
OWthinkI5Lt i]-likk;[8JX_peI
950
OWthinkI5Lt i]-likk;[8JX_peI
951
OWthinkI5Lt i],likk;[7JX^peI
952
OWthinkI5Lt i],likk;[7JX^peI
953
OWthinkI5Lt i],likk;[7JX^peI
954
OWthinkI5Lt i]-likk;[8JY^qeJ
955
OWthinkI5Lt i]-likk;[8JY^qeJ
956
OWthinkI5Lt i]-likk;[8JY^qeJ
957
OXthinkI4Lt i].likk:[8JX_qeI
958
OXthinkI4Lt i].likk:[8JX_qeI
959
OXthinkI4Lt i].likk:[8JX_qeI
960
NWthinkI5Lt i]-likk;\7KX^peJ
961
NWthinkI5Lt i]-likk;\7KX^peJ
962
NWthinkI5Lt i]-likk;\7KX^peJ
963
NWthinkI5Lt i]-likk;\7KX^peJ
964
OYthinkI4Lt i].likk:[8JX_reI
965
OZthinkI4Lt i].likk:[8JX_reI
966
OZthinkI4Lt i].likk:[8JX_reI
967
OZthinkI4Lt i].likk:[8JX_reI
968
OXthinkI4Lt i^.likk:\8JX_reJ
969
OXthinkI4Lt i^.likk:\8JX_reJ
970
OXthinkI4Lt i^.likk:\8JX_reJ
971
OXthinkJ4Lt i^.likk:\8JX_reJ
972
OXthinkJ4Lt i^.likk:\8JX_reJ
973
OXthinkJ4Lt i^.likk:\8JX_reJ
974
OXthinkJ4Lt i^.likk:\8JX_reJ
975
OXthinkJ4Lt i^.likk:\8JX_reJ
976
NXthinkI4Lt i_.likk:\8JX_reJ
977
NXthinkI4Lt i_.likk:\8JX_reJ
978
NXthinkI4Lt i_.likk:\8JX_reJ
979
NXthinkI4Lt i_.likk:\8JX_reJ
980
NXthinkJ4Lt i^.likk:\8JY_reJ
981
NXthinkJ4Lt i^.likk:\8JY_reJ
982
NXthinkJ4Lt i^.likk:\8JY_reJ
983
NXthinkI4Lt i_.likk:^8JX_reJ
984
NXthinkI4Lt i_.likk:^8JX_reJ
985
NXthinkI4Lt i_-likk:\8JY_reK
986
NXthinkI4Lt i_-likk:\8JY_reK
987
NXthinkI4Lt i_-likk:\8JY_reK
988
NXthinkI4Lt i_-likk:\8JY_reK
989
NXthinkI4Lt i_-likk:\8JY_reK
990
NXthinkI4Lt i_-likk:\8JY_reK
991
NXthinkJ4Lt i_.likj:]8JX`reJ
992
NXthinkJ4Lt i_.likj:]8JX`reJ
993
NXthinkJ4Lt i_.likj:]8JX`reJ
994
NXthinkJ4Lt i_.likj:]8JX`reJ
995
OXthinkI3Mt i_-likj:[7JY`seI
996
OXthinkI3Mt i_-likj:[7JY`seI
997
OXthinkI3Mt i_-likj:[7JY`seI
998
OXthinkJ4Lt i_.likj:]7LX`reJ
999
OXthinkJ4Lt i_.likj:]7LX`reJ
1000
OXthinkJ4Lt i_.likj:]7LX`reJ
1001
OXthinkJ4Lt i_.likj:]7LX`reJ
1002
OXthinkJ4Lt i_.likj:]7LX`reJ
1003
NXthinkI3Lt i_.likk:_8JY`reK
1004
NXthinkI3Lt i_.likk:_8JY`reK
1005
NXthinkI3Lt i_.likk:_8JY`reK
1006
NXthinkI3Lt i_.likj:^7JX`reL
1007
NXthinkI3Lt i_.likj:^7JX`reL
1008
OXthinkI3Mt i`,likj:]7JY`seI
1009
OXthinkI3Mt i`,likj:]7JY`seI
1010
OXthinkI3Mt i`,likj:]7JY`seI
1011
MXthinkI3Lt i_.likk:`8JY`seK
1012
MXthinkI3Lt i_.likk:`8JY`seK
1013
MXthinkI3Lt i_.likk:`8JY`seK
1014
MXthinkI3Lt i_.likk:`8JY`seK
1015
NXthinkI2Lt i_,likj:_8JX`reK
1016
OXthinkI3Nt i`,likj:]7JY`seJ
1017
OXthinkI3Nt i`,likj:]7JY`seJ
1018
NXthinkJ2Lt i_,likj:_8JY`reK
1019
NXthinkJ2Lt i_,likj:_8JY`reK
1020
NXthinkJ2Lt i_,likj:_8JY`reK
1021
NXthinkJ2Lt i_,likj:_8JY`reK
1022
OYthinkJ3Nt i`,likj:]7JY`seJ
1023
OYthinkJ3Nt i`,likj:]7JY`seJ
1024
OYthinkJ3Nt i`,likj:]7JY`seJ
1025
OYthinkJ3Nt i`,likj:]7JY`seJ
1026
OXthinkJ3Nt i`*likj:]7JY`seJ
1027
OXthinkJ3Nt i`*likj:]7JY`seJ
1028
OXthinkJ3Nt i`*likj:]7JY`seJ
1029
NXthinkJ2Lt i`,likj9_8JY`reL
1030
NXthinkJ2Lt i`,likj9_8JY`reL
1031
NXthinkJ2Lt i`,likj9_8JY`reL
1032
NXthinkJ2Lt i`,likj9_8JY`reL
1033
NYthinkJ2Lt i`,likj9_8JY`reL
1034
NYthinkJ2Lt i`,likj9_8JY`reL
1035
MXthinkJ2Lt i`,likj9_8JZ`reL
1036
MXthinkJ2Lt i`,likj9_8JZ`reL
1037
MXthinkJ2Lt i`,likj9_8JZ`reL
1038
MXthinkJ2Lt i`,likj9_8JZ`reL
1039
MXthinkJ2Lt i`,likj9_8JZ`reL
1040
MXthinkJ2Lt i`,likj9_8JZ`reL
1041
NXthinkJ2Lt i`,liki9_8JY`seM
1042
NXthinkJ2Lt i`,liki9_8JY`seM
1043
MYthinkI3Nt i`+likj:^7JZaseK
1044
MYthinkI3Nt i`+likj:^7JZaseK
1045
MYthinkI3Nt i`+likj:^7JZaseK
1046
MYthinkI3Nt i`+likj:^7JZaseK
1047
MYthinkI3Nt i`+likj:^7JZaseK
1048
MYthinkI3Nt i`+likj:^7JZaseK
1049
MXthinkJ2Mt i`,likj9_8K[`reL
1050
MXthinkJ2Mt i`,likj9_8K[`reL
1051
MXthinkJ2Mt i`,likj9_8K[`reL
1052
MZthinkI3Nt i`+likj:^7J[aseK
1053
MXthinkK2Mt i`,likj9_8J\`seL
1054
MXthinkK2Mt i`,likj9_8J\`seL
1055
MXthinkK2Mt i`,likj9_8J\`seL
1056
MXthinkK2Mt i`,likj9_8J\`seL
1057
MXthinkK2Mt i`,likj9_8J\`seL
1058
MXthinkK2Mt i`,likj9_8J\`seL
1059
MXthinkK2Mt i`,likj9_8J\`seL
1060
MXthinkK2Mt i`+likj9_8J\`seL
1061
MXthinkK2Mt i`+likj9_8J\`seL
1062
MXthinkK2Mt i`,liki9_8L[`seL
1063
MXthinkK2Mt i`,liki9_8L[`seL
1064
MXthinkK2Mt i`,liki9_8L[`seL
1065
MXthinkK2Mt i`,liki9_8L[`seL
1066
MXthinkK2Mt i`,liki9_8L[`seL
1067
MXthinkK2Mt ib,likj9_8K\`seL
1068
MXthinkK2Mt ib,likj9_8K\`seL
1069
MXthinkK1Mt i`,likj8_7J\`seL
1070
MXthinkK1Mt i`,likj8_7J\`seL
1071
MXthinkL2Mt ia+likj9_8K\`seL
1072
MXthinkL2Mt ia+likj9_8K\`seL
1073
MXthinkL2Mt ia+likj9_8K\`seL
1074
MXthinkL2Mt ia+likj9_8K\`seL
1075
MXthinkK1Nt i`,likj8_7J]`seL
1076
MXthinkL1Nt i`,likj8_7J]`seL
1077
MXthinkL1Nt i`,likj8_7J]`seL
1078
MXthinkL1Nt i`,likj8_7J]`seL
1079
MYthinkL1Nt i`,likj8_7J]`seL
1080
MYthinkL1Nt i`,likj8_7J]`seL
1081
MYthinkL1Nt i`,likj8_7J]`seL
1082
MXthinkL1Ot ia,likj8_7J]`seL
1083
MXthinkL1Ot ia,likj8_7J]`seL
1084
MXthinkL1Ot ia,likj8_7J]`seL
1085
MXthinkL1Ot ia,likj8_7J]`seL
1086
MXthinkL1Ot ia,likj7_7J]`seL
1087
MXthinkL1Ot ia,likj7_7J]`seL
1088
MXthinkL1Ot ia,likj7_7J]`seL
1089
MXthinkL1Ot ia,likj7_7J]`seL
1090
MXthinkL1Ot ia,likj7_7J]`seL
1091
MYthinkL1Pt ia,likj8_7J]`seL
1092
MYthinkL1Pt ia,likj8_7J]`seL
1093
MYthinkL1Pt ia,likj8_7J]`seL
1094
MYthinkL1Pt ia,likj8_7J]`seL
1095
MXthinkL0Ot ib,likj8_7J]`seM
1096
MXthinkL0Ot ib,likj8_7J]`seM
1097
MYthinkM1Pt ia,liki8_7J]`seL
1098
MYthinkM1Pt ia,liki8_7J]`seL
1099
MYthinkM1Pt ia,liki8_7J]`seL
1100
MYthinkM1Pt ia,liki8_7J]`seL
1101
MYthinkM1Pt ia,liki8_7J]`seL
1102
MXthinkL1Ot ia,likj7`7K]aseM
1103
MXthinkL1Ot ia,likj7`7K]aseM
1104
MXthinkL1Ot ia,likj7`7K]aseM
1105
MXthinkL1Ot ia,likj7`7K]aseM
1106
MXthinkL1Ot ia,likj7`7K]aseM
1107
MYthinkL1Ot ia,liki7`7K]aseL
1108
MYthinkL1Ot ia,liki7`7K]aseL
1109
MYthinkM1Pt ia,liki7_7J]aseM
1110
MYthinkM1Pt ia,liki7_7J]aseM
1111
MYthinkM1Pt ia,liki7_7J]aseM
1112
MYthinkM1Pt ia,liki7_7J]aseM
1113
MYthinkM1Pt ia,liki7_7J]aseM
1114
MYthinkM1Pt ia,liki7_7J]aseM
1115
MYthinkM1Qt ia,likh8_7J]aseM
1116
MYthinkM1Qt ia,likh8_7J]aseM
1117
MYthinkM1Qt ia,likh8_7J]aseM
1118
MYthinkM1Rt ia,likh8_7K]`seM
1119
MYthinkM1Rt ia,likh8_7K]`seM
1120
MYthinkM1Rt ia,likh8_7K]`seM
1121
MYthinkM1Rt ia,likh8_7K]`seM
1122
MYthinkM1Rt ia,likh8_7K]`seM
1123
MYthinkM/Qt ia,likh8`7J]`seM
1124
MYthinkM/Qt ia,likh8`7J]`seM
1125
MYthinkM0Rt ia,likh8`7K]`seM
1126
MYthinkM0Rt ia,likh8`7K]`seM
1127
MYthinkM0Rt ia,likh8`7K]`seM
1128
MYthinkM0Rt ia,likh8`7K]`seM
1129
MYthinkO1Rt ia,likh8_7L]`seM
1130
MYthinkO1Rt ia,likh8_7L]`seM
1131
MYthinkN0Pt ia,liki6a7J^aseM
1132
MYthinkN0Pt ia,liki6a7J^aseM
1133
MYthinkN0Pt ia,liki6a7J^aseM
1134
MYthinkN0Pt ia,liki6a7J^aseM
1135
MYthinkN0Pt ia,liki6a7J^aseM
1136
MYthinkM/Rt ia+likg8_7L]`seM
1137
MYthinkM/Rt ia+likg8_7L]`seM
1138
MYthinkM/Rt ia+likg8_7L]`seM
1139
MYthinkM/Rt ia+likg8_7L]`seM
1140
MYthinkM/Qt ib,likh7`5K]`seM
1141
MYthinkM/Qt ib,likh7`5K]`seM
1142
MYthinkM.St ia,likh8a7M]`seL
1143
MYthinkM.St ia,likh8a7M]`seL
1144
MYthinkM.St ia,likh8a7M]`seL
1145
MYthinkM.Qt ib,likh7a5K]`seM
1146
MYthinkM.Qt ib+likh7a5K]`seM
1147
MYthinkM.Qt ib+likh7a5K]`seM
1148
MYthinkN.Qt ib+likh7a5K]`seM
1149
MYthinkN.Qt ib+likh7a5K]`seM
1150
MYthinkN.Qt ib+likh7a5K]`seM
1151
MYthinkN.Qt ib+likh7a5K]`seM
1152
MYthinkN.Qt ib+likh7a5K]`seM
1153
MYthinkN.Qt ib+likh7a5K]`seM
1154
MZthinkN.Qt ib+likh7a5K]`seM
1155
MZthinkN.Qt ib+likh7a5K]`seM
1156
MZthinkN.Qt ib+likh7a5K]`seM
1157
MZthinkN.Qt ib+likh7a5K]`seM
1158
MZthinkN.Qt ib+likh7a5K]`seM
1159
MYthinkN.Qt ic+likh6a5K]`seM
1160
MYthinkN.Qt ic+likh5a5K]`seM
1161
MYthinkN.Qt ic+likh5a5K]`seM
1162
MYthinkN.Qt ic+likh5a5K]`seM
1163
MYthinkN.Qt ic+likh5a5K]`seM
1164
MYthinkN.Qt ic+likh5a5K]`seM
1165
M[thinkN.Qt ib+likg7a5K^`seM
1166
M[thinkN.Qt ib+likg7a5K^`seM
1167
M[thinkN.Qt ib+likg7a5K^`seM
1168
M[thinkN.Qt ib+likg7a5K^`seM
1169
MYthinkN.Qt ic*likh5a5L]`seM
1170
MYthinkN.Qt ic*likh5a5L]`seM
1171
M[thinkN.Qt ib*likg7a5K^`seM
1172
M[thinkN.Qt ib*likg7a5K^`seM
1173
M[thinkN.Qt ib*likg7a5K^`seM
1174
M[thinkN-Qt ib*likg7a5K^`seM
1175
M[thinkN-Qt ib*likg7a5K^`seM
1176
M[thinkN-Qt ib*likg7a5K^`seM
1177
M[thinkN-Qt ib*likg7a5K^`seM
1178
M[thinkN-Rt ib*likg7a5K^`seM
1179
M[thinkN-Rt ib*likg7a5K^`seM
1180
M[thinkN-Rt ib*likg7a4K^`seM
1181
M[thinkN-Rt ib*likg7a4K^`seM
1182
M[thinkN-Rt ib*likg7a4K^`seM
1183
M[thinkN-Rt ib*likg7a4K^`seM
1184
M[thinkN-Rt ib*likg7a4K^`seM
1185
M[thinkN-Rt ib*likg7a4K^`seN
1186
M[thinkN-Rt ib*likg7a4K^`seN
1187
M[thinkN-St ib*likg7a4K^`seN
1188
M[thinkN-St ib*likg7a4K^`seN
1189
M[thinkN-St ib*likg7a4K^`seN
1190
M[thinkN-St ib*likg7a4K^`seN
1191
M[thinkN-St ib*likg7a4K^`seN
1192
M]thinkO.Qt ic+likg6a4K^`seN
1193
M]thinkO.Qt ic+likg6a4K^`seN
1194
M]thinkO.Qt ic+likg6a4K^`seN
1195
M]thinkO.Qt ic+likg6a4K^`seN
1196
MYthinkN.St id)likh5a4K_`seN
1197
MZthinkO-St id+likg5a4K]aseM
1198
MZthinkO-St id+likg5a4K]aseM
1199
MZthinkO-St id+likg5a4K]aseM
1200
MZthinkO-St id+likg5a4K]aseM
1201
MYthinkN.Tt id)likh5a4K_`seO
1202
MYthinkN.Tt id)likh5a4K_`seO
1203
MYthinkN.Tt id)likh5a4K_`seO
1204
MYthinkN.Tt id)likh5a4K_`seO
1205
MYthinkN.Tt id)likg5a4K_`seO
1206
MYthinkN.Tt id)likg5a4K_`seO
1207
MYthinkN.Tt id)likg5a4K_`seO
1208
MYthinkN.Tt id)likg5a4K_`seO
1209
MYthinkN.Tt id)likg5a4K_`seO
1210
MYthinkN.Tt id)likh4a4K_`seP
1211
MYthinkN.Tt id)likh4a4K_`seP
1212
MYthinkN.Tt id)likh4a4K_`seP
1213
MYthinkN.Tt id)likh4a4K_`seP
1214
MYthinkN-Tt ie)likh4a4K_`seO
1215
M\thinkN-St ib*likf7a2L_`seO
1216
M\thinkN-St ib*likf7a2L_`seO
1217
M\thinkN-St ib*likf7a2L_`seO
1218
MYthinkN,Tt id'likg5a4K_aseN
1219
MYthinkN,Tt id'likg5a4K_aseN
1220
MYthinkN,Tt id'likg5a4K_aseN
1221
MYthinkN,Tt id'likg5a4K_aseN
1222
MYthinkN,Tt id'likg5a4K_aseN
1223
MYthinkN,Tt id'likg5a4K_aseN
1224
MYthinkN,Tt id'likg5a4L_aseN
1225
MYthinkN,Tt id'likg5a4L_aseN
1226
MYthinkN,Tt id'likg5a4L_aseN
1227
MYthinkN,Tt id'likg5a4L_aseN
1228
MYthinkN,Tt id'likg5a4L_aseN
1229
MYthinkN,Tt id'likg5a4L_aseN
1230
MYthinkO,Tt id'likg5a4K`aseN
1231
MYthinkO,Tt id'likg5a4K`aseN
1232
MYthinkO,Tt id'likg5a4K`aseN
1233
MZthinkN,Ut id'likg5a4K_aseO
1234
MZthinkN,Ut id'likg5a4K_aseO
1235
MZthinkN,Ut id'likg5a4K_aseO
1236
M[thinkO,Tt je'likg4a4K_aseN
1237
M[thinkO,Tt je'likg4a4K_aseN
1238
M[thinkO,Tt je'likg4a4K_aseN
1239
M[thinkO,Tt je'likg4a4K_aseN
1240
MYthinkO+Tt id'likg5a3L`aseN
1241
MYthinkO+Tt id'likg5a3L`aseN
1242
MYthinkO+Tt id'likg5a3L`aseN
1243
MYthinkO+Tt id'likg5a3L`aseN
1244
MYthinkO+Tt id'likg5a3L`aseN
1245
MYthinkO+Tt id'likg5a3L`aseN
1246
MYthinkO+Tt id'likg5a3L`aseN
1247
MYthinkO+Tt id'likg5a2L`aseN
1248
MYthinkO+Tt id'likg5a2L`aseN
1249
MYthinkO+Tt id'likg5a2L`aseN
1250
MYthinkO+Tt id'likg5a2L`aseN
1251
MZthinkN,Ut id'likg3a3L_aseO
1252
MZthinkN,Ut id'likg3a3L_aseO
1253
MZthinkN,Ut id'likg3a3L_aseO
1254
MZthinkN,Vt id&likf4a3K_aseO
1255
MZthinkN,Vt id&likf4a3K_aseO
1256
MZthinkN,Vt id&likf4a3K_aseO
1257
MZthinkN,Vt id&likf4a3K_aseO
1258
MZthinkN+Vt id&likf4a3K_aseO
1259
MZthinkN+Vt id&likf4a3K_aseO
1260
MZthinkN+Vt id&likf4a3K_aseO
1261
MZthinkN+Vt id&likf4a3K_aseO
1262
MZthinkO,Ut if'likg3a3K`aseO
1263
MZthinkO,Ut if'likg3a3K`aseO
1264
MZthinkO,Ut if'likg3a3K`aseO
1265
MZthinkO,Ut if'likg3a3K`aseO
1266
MZthinkO+Vt ie'likg5a3MaaseN
1267
MZthinkO+Vt ie'likg5a3MaaseN
1268
MZthinkO+Vt ie'likg5a3MaaseN
1269
MZthinkO+Vt ie'likg5a3MaaseN
1270
M[thinkO*Vt id&likf4a3K_aseO
1271
M[thinkO*Vt id&likf4a3K_aseO
1272
MZthinkN+Wt id&like4a3L_aseP
1273
MZthinkN+Wt id&like4a3L_aseP
1274
M[thinkN+Wt id&like4a3L_aseP
1275
M[thinkN+Wt id&like4a3L_aseP
1276
M[thinkN+Wt id&like4a3L_aseP
1277
M[thinkN+Wt id&like4a3L_aseP
1278
M[thinkN+Wt id&like4a3L`aseP
1279
M[thinkN+Wt id&like4a3L`aseP
1280
M[thinkN+Wt id&like4a3L`aseP
1281
M[thinkN+Wt id&like4a3L`aseP
1282
M[thinkN+Wt id&like4a3L`aseP
1283
MZthinkN+Wt id&like3a1L_aseP
1284
MZthinkN+Wt id&like3a1L_aseP
1285
MZthinkO+Xt id&like4a3L`aseP
1286
MZthinkO+Xt id&like4a3L`aseP
1287
MZthinkO+Xt ie&like4a3L`aseP
1288
MZthinkO+Xt ie&like3a3L`aseP
1289
MZthinkO+Xt ie&like3a3L`aseP
1290
MZthinkO+Xt ie&like3a3L`aseP
1291
MZthinkO+Xt ie&like3a3L`aseP
1292
MZthinkO+Xt ie&like3a3L`aseP
1293
MZthinkO+Xt ie&like3a3L`aseP
1294
MZthinkO+Xt ie$like4a3L`aseP
1295
MZthinkO+Xt ie$like4a3L`aseP
1296
MZthinkO+Xt ie$like4a3L`aseP
1297
MZthinkO+Xt ie$like4a3L`aseP
1298
M]thinkO*Wt id&like3a3L`aseP
1299
M]thinkO*Wt id&like3a3L`aseP
1300
M]thinkO*Wt id&like3a3L`aseP
1301
M]thinkO*Wt id&like3a3L`aseP
1302
M]thinkO*Wt id&like2a3L`aseP
1303
M]thinkO*Wt id&like2a3L`aseP
1304
M]thinkO*Wt id&like2a3L`aseP
1305
M]thinkO*Xt id&like3a2L`aseP
1306
M]thinkO*Xt id&like3a2L`aseP
1307
M]thinkO*Xt id&like3a2L`aseP
1308
MZthinkO*Xt if$like3a2L`aseP
1309
MZthinkO*Xt if$like3a2L`aseP
1310
MZthinkO*Xt if$like3a2L`aseP
1311
MZthinkO*Xt if$like3a2L`aseP
1312
M]thinkP*Wt id$like3a3LaaseP
1313
M]thinkP*Wt id$like3a3LaaseP
1314
M]thinkP*Wt id$like3a3LaaseP
1315
M]thinkP*Wt id$like2a3LaaseP
1316
M]thinkP*Wt id$like2a3LaaseP
1317
M]thinkO*Wt if#like3a3LaaseP
1318
M]thinkO*Wt if#like3a3LaaseP
1319
M]thinkO*Wt if#like3a3LaaseP
1320
M]thinkO*Wt if#like3a3LaaseP
1321
M^thinkO*Wt if#like3a3LaaseP
1322
M^thinkO*Wt if#like3a3LaaseP
1323
M^thinkO*Wt if#like3a3LaaseP
1324
M^thinkO*Wt if#like3a3LaaseP
1325
M^thinkO*Wt if#like3a3LbaseP
1326
M^thinkO*Wt if#like3a3LbaseP
1327
M^thinkO*Wt if#like3a3LbaseQ
1328
M^thinkO*Wt if#like3a3LbaseQ
1329
M^thinkO*Wt if#like3a3LbaseQ
1330
M^thinkO*Wt if#like3a3LbaseQ
1331
M^thinkO*Wt if#like3a3LbaseQ
1332
M^thinkO*Wt if#like3a3LbaseQ
1333
M^thinkO*Wt if#like3a3LbaseQ
1334
M^thinkO*Wt ig#like3a3LbaseQ
1335
M^thinkO*Wt ig#like3a3LbaseQ
1336
M^thinkO*Wt ig#like3a3LbaseQ
1337
M^thinkO*Wt ig#like3a3LbaseQ
1338
M]thinkP*Wt id#like2a2McaseQ
1339
M]thinkP*Wt id#like2a2McaseQ
1340
M]thinkP*Wt id#like2a2McaseQ
1341
M]thinkP*Wt id#like2a2McaseQ
1342
M^thinkO*Wt if"like3a3LcaseR
1343
M^thinkO*Wt if"like3a3LcaseR
1344
M^thinkO*Wt if"like3a3LcaseR
1345
M^thinkO*Wt if"like3a3LcaseR
1346
M^thinkP*Wt if"like3a3LcaseR
1347
M^thinkP*Wt if"like3a3LcaseR
1348
M^thinkP*Wt if"like3a3LcaseR
1349
M^thinkP*Wt if"like3a3LcaseR
1350
M_thinkO)Wt ig"like3a2LbaseQ
1351
M_thinkO)Wt ig"like3a2LbaseQ
1352
M_thinkO)Wt ig"like3a2LbaseQ
1353
M_thinkO)Wt ig"like3a2LbaseQ
1354
M^thinkQ*Wt if"like3a3LdaseR
1355
M^thinkQ*Wt if"like3a3LdaseR
1356
M^thinkQ*Wt if"like3a3LdaseR
1357
M^thinkO)Wt if"like3a3MdaseS
1358
M^thinkO)Wt if"like3a3MdaseS
1359
M^thinkO)Wt if"like3a3MdaseS
1360
M^thinkO)Wt if"like3a3MdaseS
1361
M^thinkO)Wt if"like2a3MdaseS
1362
M^thinkO)Wt if"like2a3MdaseS
1363
M^thinkO)Wt if"like2a3MdaseS
1364
M^thinkO)Wt if"like2a3MdaseS
1365
M`thinkO(Wt ig"like3a1LbaseR
1366
M`thinkO(Wt ig"like3a1LbaseR
1367
M`thinkO(Wt ig"like3a1LbaseS
1368
M`thinkO(Wt ig"like3a1LbaseS
1369
M`thinkO(Wt ig"like3a1LbaseS
1370
M`thinkO(Wt ig"like3a1LbaseS
1371
M`thinkO(Wt ig"like3a0LbaseS
1372
M`thinkO(Wt ig"like3a0LbaseS
1373
M`thinkO(Wt ig"like3a0LbaseS
1374
M`thinkO(Wt ig"like3a0LbaseS
1375
M`thinkO(Xt ih!like3a1LbaseR
1376
M`thinkO(Xt ih!like3a1LbaseR
1377
M`thinkO(Xt ih!like3a1LbaseR
1378
M`thinkO(Xt ih!like3a1LbaseR
1379
M`thinkO(Xt ih!like3a1LbaseR
1380
M`thinkO(Xt ih!like3a0LbaseR
1381
M`thinkO(Xt ih!like3a0LbaseR
1382
M`thinkO(Xt ih!like3a0LbaseR
1383
M`thinkO(Xt ih!like2a0LbaseR
1384
MbthinkO(Wt ii"like3a1LdaseR
1385
MbthinkO(Wt ii"like3a1LdaseR
1386
MbthinkO(Wt ii"like3a1LdaseR
1387
MbthinkO(Wt ii"like3a1LdaseR
1388
MbthinkO(Wt ii"like3a1LdaseR
1389
MbthinkO(Wt ii"like3a1LdaseR
1390
M`thinkO(Xt ih!like2a0McaseR
1391
M`thinkO(Xt ih!like2a0McaseR
1392
M`thinkO(Xt ih!like2a0McaseR
1393
M`thinkO(Xt ih!like2a0McaseR
1394
M`thinkO(Xt ih!like1a/MbaseR
1395
M`thinkO(Xt ih!like1a/MbaseR
1396
MathinkO(Yt ih!like2a/LbaseR
1397
MathinkO(Yt ih!like2a/LbaseR
1398
MathinkO(Yt ih!like2a/LbaseR
1399
M`thinkO'Xt ih!like2a/McaseR
1400
M`thinkO'Xt ih!like2a/McaseR
1401
M`thinkO'Xt ih!like2a/McaseR
1402
M`thinkO'Xt ih!like2a/McaseR
1403
MathinkO(Yt ih like1a0LcaseR
1404
MathinkO(Yt ih like1a0LcaseR
1405
MathinkO(Yt ih like1a0LcaseR
1406
MathinkO(Yt ih like1a0LcaseR
1407
M`thinkP'Yt ih!like1a0NbaseR
1408
M`thinkP'Yt ih!like1a0NbaseR
1409
M`thinkP'Yt ih!like1a0NbaseR
1410
MathinkO(Xt ii like1a0McaseS
1411
MathinkO(Xt ii like1a0McaseS
1412
MathinkP(Zt ih!like1a/McaseR
1413
MathinkP(Zt ih!like1a/McaseR
1414
M`thinkO'Yt ii like1a0McaseT
1415
M`thinkO'Yt ii like1a0McaseT
1416
M`thinkO'Yt ii like1a0McaseT
1417
M`thinkO'Yt ii like1a0McaseT
1418
M`thinkO'Yt ii like1a0McaseT
1419
M`thinkO'Zt ii like1a0McaseT
1420
M`thinkO'Zt ii like1a0McaseT
1421
M`thinkO'Zt ii like1a0McaseT
1422
M`thinkO'Zt ii like1a0McaseT
1423
M`thinkO'Zt ii like1a0McaseT
1424
M`thinkO'Zt ii like1a0McaseT
1425
M`thinkO'Zt ii like1a0McaseT
1426
M`thinkO&Yt ii like1a0NcaseT
1427
M`thinkO&Yt ii like1a0NcaseT
1428
MathinkO'Yt ii like/a0McaseT
1429
MathinkO'Yt ii like/a0McaseT
1430
MathinkO'Yt ii like/a0McaseT
1431
MathinkO'Yt ii like/a0McaseT
1432
MathinkO'Yt ii like/a0McaseT
1433
MathinkO'Yt ii like/a0McaseT
1434
M`thinkO'Zt ii like0a0MdaseU
1435
MathinkP'Yt ii like/a0McaseT
1436
MathinkP'Yt ii like/a0McaseT
1437
MathinkP'Yt ii like/a0McaseT
1438
MathinkP'Yt ii like/a0McaseT
1439
MathinkP'Yt ii like/a0McaseT
1440
MathinkP'Yt ii like/a0NcaseT
1441
MathinkP'Yt ii like/a0NcaseT
1442
MathinkP'Yt ii like/a0NcaseT
1443
MathinkP'Yt ii like/a0NcaseT
1444
MathinkP'Yt ii like/a0NcaseT
1445
MathinkP'Yt ii like/a0OcaseT
1446
MbthinkP&Yt ii like/a0McaseT
1447
MbthinkO'\t ij like1a0McaseT
1448
MbthinkO'\t ij like1a0McaseT
1449
MbthinkO'\t ij like1a0McaseT
1450
MbthinkO'\t ij like1a0McaseT
1451
M`thinkO'\t ij like1a0NdaseU
1452
M`thinkO'\t ij like1a0NdaseU
1453
M`thinkO'\t ij like1a0NdaseU
1454
M`thinkO'\t ij like1a0NdaseU
1455
MbthinkQ'Yt ij like/a/NcaseT
1456
MbthinkQ'Yt ij like/a/NcaseT
1457
MbthinkQ'Yt ij like/a/NcaseT
1458
MbthinkQ&Yt ij like/a/NcaseT
1459
MbthinkQ&Yt ij like/a/NcaseT
1460
MbthinkQ&Yt ij like/a/NcaseT
1461
MbthinkQ&Yt ij like/a/OcaseT
1462
MbthinkQ&Yt ij like/a/OcaseT
1463
MbthinkQ&Yt ij like/a/OcaseT
1464
MbthinkQ&Yt ik like/a/OcaseT
1465
MbthinkQ&Yt ik like/a/OcaseT
1466
MbthinkQ&Yt ik like/a/OcaseT
1467
MbthinkQ&Yt ik like/a/OcaseT
1468
MbthinkQ&Yt ik like/a/OcaseT
1469
MbthinkQ&Yt ik like/a/OcaseT
1470
MbthinkQ&Yt il like/a/OcaseT
1471
MbthinkQ&Yt il like/a/OcaseT
1472
MbthinkQ&Yt im like/a/OcaseT
1473
MbthinkQ&Yt im like/a/OcaseT
1474
MbthinkQ&Yt im like/a/OcaseT
1475
MbthinkQ&Yt im like/a/OcaseT
1476
MbthinkQ&Yt im like/a/OcaseT
1477
MbthinkQ&Yt im like/a/OcaseT
1478
MbthinkQ&Yt ik like-a/PcaseT
1479
MbthinkQ&Yt ik like-a/PcaseT
1480
MbthinkQ&Yt ik like-a/PcaseT
1481
MbthinkS'Yt ij like.a.PdaseT
1482
MbthinkS'Yt ij like.a.PdaseT
1483
MbthinkS'Yt ij like.a.PdaseT
1484
MbthinkS'Yt ij like.a.PdaseT
1485
MbthinkS'Yt ik like-a.PdaseT
1486
MbthinkS'Yt ik like-a.PdaseT
1487
MbthinkS'Yt ik like-a.QdaseT
1488
MbthinkS'Yt ik like-a.QdaseT
1489
MbthinkS'Yt ik like-a.QdaseT
1490
MbthinkS'Yt ik like-a.QdaseT
1491
MbthinkS'Yt ik like-a.QdaseT
1492
MbthinkS'Yt ik like-a.QdaseT
1493
MbthinkS'Yt ik like-a.QdaseT
1494
MbthinkS&Yt ik like-a.QdaseT
1495
MbthinkS&Yt ik like-a.QdaseT
1496
MbthinkS&Yt ik like-a.QdaseT
1497
McthinkS'Yt ik like-a.QeaseT
1498
McthinkS'Yt ik like-a.QeaseT
1499
McthinkS'Yt ik like-a.QeaseT
1500
McthinkS'Yt ik like-a.ReaseT
1501
McthinkS'Yt ik like-a.ReaseT
1502
McthinkS'Yt ik like-a.ReaseT
1503
McthinkS'Yt ik like-a.ReaseT
1504
McthinkS'Yt ik like-a.ReaseT
1505
McthinkT'Yt ik like-a.ReaseT
1506
McthinkT'Yt ik like-a.ReaseT
1507
McthinkT'Yt ik like-a.ReaseT
1508
McthinkT'Yt ik like-a.ReaseT
1509
McthinkT'Zt ik like-a.ReaseT
1510
McthinkT'Zt ik like-a.ReaseT
1511
McthinkT'Zt ik like-a.ReaseT
1512
McthinkT'Zt ik like-a.ReaseT
1513
McthinkS&Yt il like-a.ReaseU
1514
McthinkS&Yt il like-a.ReaseU
1515
McthinkT'Zt ik like-a.ReaseV
1516
McthinkT'Zt ik like-a.ReaseV
1517
McthinkT'Zt ik like-a.ReaseV
1518
McthinkT'Zt ik like-a.ReaseV
1519
McthinkT'Zt ik like-a.ReaseV
1520
McthinkT'Zt ik like-a.ReaseV
1521
McthinkT&Zt ik like-a.ReaseV
1522
McthinkT&Zt ik like-a.ReaseV
1523
McthinkS'Yt il like,a.UeaseT
1524
McthinkS'Yt il like,a.UeaseT
1525
McthinkU'Zt ik like-a.ReaseW
1526
McthinkU'Zt ik like-a-ReaseW
1527
McthinkU'Zt ik like-a-ReaseW
1528
McthinkU'Zt ik like-a-ReaseW
1529
McthinkU'Zt ik like-a-ReaseW
1530
McthinkU'Zt ik like-a,ReaseW
1531
McthinkU'Zt ik like-a,ReaseW
1532
McthinkU'Zt ik like-a,ReaseW
1533
McthinkU'Zt ik like-a,ReaseW
1534
McthinkU'Zt ik like-a,ReaseX
1535
McthinkU'Zt ik like-a,ReaseX
1536
McthinkU'Zt ik like-a,ReaseX
1537
McthinkU'Zt ik like-a,ReaseX
1538
McthinkU'Zt ik like-a,ReaseX
1539
McthinkU&Zt il like-a,ReaseW
1540
McthinkU&Zt il like-a,ReaseW
1541
MdthinkU'Zt ik like,a,ReaseX
1542
MdthinkU'Zt ik like,a,ReaseX
1543
MdthinkU'Zt ik like,a,ReaseX
1544
MdthinkU'[t ik like,a,ReaseX
1545
MdthinkU'[t ik like,a,ReaseX
1546
MdthinkU'[t ik like,a,ReaseX
1547
MdthinkU'[t ik like,a,ReaseX
1548
MdthinkU'[t ik like,a,SeaseX
1549
MdthinkU'[t ik like,a,SeaseX
1550
MdthinkU'[t ik like,a,SeaseX
1551
MdthinkU&[t ik like,a,SeaseX
1552
MdthinkU&[t ik like,a,SeaseX
1553
MdthinkU&[t ik like,a,SeaseX
1554
MdthinkU&[t ik like,a,SeaseX
1555
MdthinkU&[t ik like,a,SeaseX
1556
MdthinkV&[t ik like,a,SeaseX
1557
MdthinkV&[t ik like,a,SeaseX
1558
MdthinkV&[t ik like,a,SeaseX
1559
MdthinkV&[t ik like,a,SeaseX
1560
MdthinkV&[t ik like,a,SeaseX
1561
MdthinkV&[t ik like,a,SeaseX
1562
MdthinkV%[t ik like,a,SeaseX
1563
MdthinkV%[t ik like,a,SeaseX
1564
MdthinkV%[t ik like,a,SeaseX
1565
MdthinkV%[t ik like,a,SeaseX
1566
MdthinkV%[t ik like,a,SeaseX
1567
MethinkV&[t ik like,a,SeaseY
1568
MethinkV&[t ik like,a,SeaseY
1569
MethinkV&[t ik like,a,SeaseY
1570
MethinkV&[t ik like,a,SeaseY
1571
MethinkV&\t ik like,a,SeaseY
1572
MethinkV&\t ik like,a,SeaseY
1573
MethinkV&\t ik like,a,SeaseY
1574
MethinkV&\t ik like,a,SeaseY
1575
MethinkV&\t ik like,a,SeaseY
1576
MethinkV&\t ik like,a,SeaseY
1577
MdthinkV%[t il like,a+SeaseY
1578
MdthinkV%[t il like,a+SeaseY
1579
MdthinkV%[t il like,a+SeaseY
1580
MethinkV&]t ik like+a,SeaseY
1581
MethinkV&]t ik like+a,SeaseY
1582
MethinkV&]t ik like+a,SeaseY
1583
MethinkV&]t ik like+a,SeaseY
1584
MdthinkV&[t in like,a,TeaseZ
1585
MdthinkV&[t in like,a,TeaseZ
1586
MdthinkV&[t in like,a,TeaseZ
1587
MdthinkV&[t in like,a,TeaseZ
1588
MdthinkV&[t in like,a,Tease[
1589
MdthinkV&[t io like,a,Tease[
1590
MdthinkV&[t io like,a,Tease[
1591
MdthinkV&[t io like,a,Tease[
1592
MdthinkV&[t io like,a,Tease[
1593
MdthinkV&[t io like,a,Tease[
1594
MdthinkV&[t io like,a,Tease[
1595
MethinkX%[t il like,a+Sease[
1596
MethinkX%[t il like,a+Sease[
1597
MethinkX%[t il like,a+Sease[
1598
MethinkX%[t il like,a+Sease[
1599
MethinkX%[t il like,a+Sease[
1600
MdthinkW&[t io like,a+Tease[
1601
MdthinkW&[t io like,a+Tease[
1602
MdthinkW&[t io like,a+Tease[
1603
MdthinkW&[t io like,a+Tease[
1604
MdthinkV%[t io like,a,Uease\
1605
MdthinkW&[t io like,a*Tease[
1606
MdthinkW&[t io like,a*Tease[
1607
MdthinkW&[t io like,a*Tease[
1608
MdthinkW&[t io like,a*Tease[
1609
MdthinkW&[t io like,a*Tease[
1610
MdthinkW&[t io like,a*Tease[
1611
MdthinkW&[t io like,a*Tease[
1612
MethinkV&[t io like+a+Tease\
1613
MethinkV%[t io like,a+Tease\
1614
MethinkV%[t io like,a+Tease\
1615
MethinkV&\t io like+a+Tease\
1616
MethinkV&\t io like+a+Tease\
1617
MethinkV&\t io like+a+Tease\
1618
MethinkV&\t io like+a+Tease\
1619
MdthinkX&\t io like,a*Tease\
1620
MdthinkX&\t io like,a*Tease\
1621
MdthinkX&\t io like,a*Tease\
1622
MdthinkX&\t io like,a*Tease\
1623
MdthinkX&\t io like,a*Tease\
1624
MdthinkX&\t io like,a*Tease\
1625
MdthinkW%[t ip like+a)Tease[
1626
MdthinkW%[t ip like+a)Tease[
1627
MdthinkW%[t ip like+a)Tease[
1628
MdthinkW%\t ip like+a)Tease[
1629
MdthinkW%\t ip like+a)Tease[
1630
MdthinkW%\t ip like+a)Tease[
1631
MdthinkW%\t ip like+a)Tease[
1632
MdthinkW%\t ip like+a)Tease[
1633
MdthinkW%\t ip like+a)Tease[
1634
MdthinkW%\t ip like+a)Tease[
1635
MethinkW%\t ip like+a)Tease[
1636
MethinkW%\t ip like+a)Tease[
1637
MethinkW%\t ip like+a)Tease[
1638
MdthinkX&]t io like+a(Tease\
1639
MdthinkX&]t io like+a(Tease\
1640
MdthinkX&]t io like+a(Tease\
1641
MdthinkX&]t io like+a(Tease\
1642
MdthinkX&]t io like+a(Tease]
1643
MdthinkX&]t io like+a(Tease]
1644
MdthinkX&]t io like+a(Tease]
1645
MdthinkX&]t io like+a(Tease]
1646
MdthinkX&]t io like+a(Tease]
1647
MdthinkX&]t io like+a(Tease]
1648
MdthinkX&^t io like+a(Tease]
1649
MdthinkX&^t io like+a(Tease]
1650
MdthinkW$\t iq like+a'Uease[
1651
MdthinkW$\t iq like+a'Uease[
1652
MdthinkW$\t iq like+a'Uease[
1653
MdthinkX&]t io like+a(Uease_
1654
MdthinkX&]t io like+a(Uease_
1655
MdthinkX&]t io like+a(Uease_
1656
MdthinkX&]t io like+a(Uease_
1657
MdthinkX&]t io like+a(Uease_
1658
MdthinkX&]t io like+a(Uease_
1659
MdthinkX&]t io like+a'Uease_
1660
MdthinkX&]t io like+a'Uease_
1661
MdthinkX&]t io like+a'Uease_
1662
MdthinkX&]t io like+a'Uease_
1663
MdthinkZ&]t io like+a(Uease_
1664
MdthinkZ&]t io like+a(Uease_
1665
MdthinkZ&]t io like+a(Uease_
1666
MdthinkZ&]t io like+a(Uease_
1667
MdthinkZ&]t io like+a(Uease_
1668
MdthinkX%]t ip like+a'Uease_
1669
MdthinkX%]t ip like+a'Uease_
1670
MdthinkX%]t ip like+a'Uease_
1671
LdthinkZ&]t ip like*a(Uease_
1672
LdthinkZ&]t ip like*a(Uease_
1673
MdthinkX%]t iq like+a'Uease_
1674
MdthinkX%]t iq like+a'Uease_
1675
MdthinkX%]t iq like+a'Uease_
1676
MdthinkX&^t ip like*a&Uease_
1677
MdthinkX&^t ip like*a&Uease_
1678
MdthinkX%]t iq like+a&Uease_
1679
MdthinkX%]t iq like+a&Uease_
1680
MdthinkY&]t ip like)a'Uease`
1681
MdthinkY&]t ip like)a'Uease`
1682
MdthinkY&]t ip like)a'Uease`
1683
MdthinkY&]t ip like)a'Uease`
1684
MdthinkZ%]t ip like)a'Uease_
1685
MdthinkZ%]t ip like)a'Uease_
1686
MdthinkZ%]t ip like)a'Uease_
1687
MdthinkZ%]t ip like)a'Uease_
1688
MdthinkX$]t ir like)a'Uease_
1689
MdthinkX$]t ir like)a'Uease_
1690
MdthinkX$]t ir like)a'Uease_
1691
MdthinkX$]t ir like)a'Uease_
1692
MdthinkX%^t ip like+a&Veaseb
1693
MdthinkX%^t ip like+a&Veaseb
1694
MdthinkX%^t ip like+a&Veaseb
1695
MdthinkX%^t ip like+a&Veaseb
1696
MdthinkX%^t ip like+a&Veaseb
1697
MdthinkX%^t ip like+a&Veaseb
1698
MdthinkX%^t ip like+a%Veaseb
1699
MdthinkX%^t ip like+a%Veaseb
1700
MdthinkX%^t ip like+a%Veaseb
1701
Mdthink[%^t iq like)a&Uease_
1702
Mdthink[%^t iq like)a&Uease_
1703
Mdthink[%^t iq like)a&Uease_
1704
Mdthink[%^t iq like)a&Uease_
1705
Mdthink[%^t iq like)a&Uease_
1706
Mdthink\%^t iq like)a&Uease_
1707
Mdthink\%^t iq like)a&Uease_
1708
Mdthink\%^t iq like)a&Uease_
1709
MdthinkY%_t ip like+a%Weaseb
1710
MdthinkY%_t ip like+a%Weaseb
1711
MdthinkY%`t iq like+a%Veaseb
1712
MdthinkY%`t iq like+a%Veaseb
1713
MdthinkY%`t iq like+a%Veaseb
1714
MdthinkY%`t iq like+a%Veaseb
1715
MdthinkY$`t iq like+a%Veaseb
1716
MdthinkY$`t iq like+a%Veaseb
1717
MdthinkY$`t iq like+a%Veaseb
1718
MdthinkY$`t iq like+a%Weaseb
1719
MdthinkY$`t iq like+a%Weaseb
1720
MdthinkY$`t iq like+a%Weaseb
1721
MdthinkY$`t iq like+a%Weaseb
1722
MdthinkY$`t iq like+a%Weaseb
1723
MdthinkY$`t iq like+a%Weaseb
1724
MdthinkY$`t iq like+a$Weaseb
1725
MdthinkY$`t iq like+a$Weaseb
1726
MdthinkY$`t iq like+a$Weaseb
1727
MdthinkY$`t iq like+a$Weaseb
1728
MdthinkZ#`t iq like+a%Weaseb
1729
MdthinkZ#`t iq like+a%Weaseb
1730
MdthinkZ#`t iq like+a%Weaseb
1731
MdthinkY#`t iq like+a%Yeaseb
1732
MdthinkY#`t iq like+a%Yeaseb
1733
MdthinkY#`t iq like+a%Yeaseb
1734
MdthinkY#`t iq like+a%Yeaseb
1735
MdthinkY#`t iq like+a%Yeaseb
1736
MdthinkZ$`t ir like+a$Weasec
1737
MdthinkZ$`t ir like+a$Weasec
1738
MdthinkZ$`t ir like+a$Weasec
1739
MdthinkZ$`t ir like+a$Weasec
1740
MdthinkZ$`t ir like+a$Weasec
1741
MdthinkZ$at iq like+a#Xeaseb
1742
MdthinkZ$at iq like+a#Xeaseb
1743
MdthinkZ$at iq like+a#Xeaseb
1744
MdthinkZ$at iq like+a#Xeaseb
1745
Methink[#`t ir like*a%Weaseb
1746
Methink[#`t ir like*a%Weaseb
1747
Methink[#`t ir like*a%Weaseb
1748
Methink[#`t ir like*a%Weaseb
1749
Methink[#`t ir like*a%Weaseb
1750
Methink[#`t is like*a%Weaseb
1751
Methink[#`t is like*a%Weaseb
1752
Methink[#`t is like*a%Weaseb
1753
Methink[#`t is like*a%Weaseb
1754
Methink[#`t is like*a%Weaseb
1755
Methink\#`t ir like*a$Weaseb
1756
Methink\#`t ir like*a$Weaseb
1757
Methink\#`t ir like*a$Weaseb
1758
Methink\#`t ir like*a$Weaseb
1759
Methink\#`t ir like*a$Weasec
1760
Methink\#`t ir like*a$Weasec
1761
Methink\#`t ir like*a$Weasec
1762
Methink\#`t ir like*a$Weasec
1763
Methink[#`t ir like)a$Xeasec
1764
Methink[#`t ir like)a$Xeasec
1765
Methink\#at ir like*a#Weaseb
1766
Methink[#`t ir like)a$Xeasec
1767
Methink[#`t ir like)a$Xeasec
1768
Methink\#`t ir like*a#Xeasec
1769
Methink]#`t ir like*a$Xeased
1770
Methink]#`t ir like*a$Xeased
1771
Methink]#`t ir like*a$Xeased
1772
Methink]#`t ir like*a$Xeased
1773
Methink]#`t ir like*a$Xeased
1774
Methink]#`t ir like*a$Xeased
1775
Methink]#`t ir like*a$Xeased
1776
Methink]#at ir like*a$Xeased
1777
Methink]#at ir like*a$Xeased
1778
Methink]#at ir like*a$Xeased
1779
Methink]#at ir like*a$Xeased
1780
Methink]#at ir like*a$Xeased
1781
Methink]#at ir like*a$Xeasee
1782
Methink]#`t is like*a#Xeased
1783
Methink]#`t is like*a#Xeased
1784
Methink]#`t is like*a#Xeased
1785
Methink]#at ir like*a$Yeasee
1786
Methink]#`t is like*a#Yeased
1787
Methink]#`t is like*a#Yeased
1788
Methink]#`t is like*a#Yeased
1789
Methink]#`t is like*a"Yeased
1790
Methink]#`t is like*a"Yeased
1791
Methink]#`t is like*a"Yeased
1792
Methink]#`t is like*a"Yeased
1793
Methink]#`t is like*a"Yeased
1794
Methink^#at is like*a#Yeased
1795
Methink^#at is like*a#Yeased
1796
Methink^#at is like*a#Yeased
1797
Methink^#at is like*a#Yeased
1798
Methink^#at is like)a#Yeased
1799
Methink^#at is like)a#Yeased
1800
Methink^#at is like)a#Yeased
1801
Methink^"at is like*a#Yeasee
1802
Methink^"at is like*a#Yeasee
1803
Methink^"at is like*a#Yeasee
1804
Methink^"at is like*a#Yeasee
1805
Methink^"at is like*a#Zeasee
1806
Methink^"at is like*a#Zeasee
1807
Methink^"at is like*a#Zeasee
1808
Methink^"at is like*a#Zeasee
1809
Methink]"ct ir like)a$Yeasef
1810
Methink^"bt ir like)a#Zeasee
1811
Methink^"bt ir like)a#Zeasee
1812
Methink^"bt ir like)a#Zeasee
1813
Methink^"bt ir like)a#Zeasee
1814
Methink]"ct ir like)a$Yeaseg
1815
Methink]!ct ir like(a$Yeasef
1816
Methink]!ct ir like(a$Yeasef
1817
Methink]!ct ir like(a$Yeasef
1818
Methink]!ct ir like(a$Yeasef
1819
Methink]!ct ir like'a$Yeasef
1820
Methink]!ct ir like'a$Yeasef
1821
Methink^"bt is like(a!Zeased
1822
Methink^"bt is like(a!Zeased
1823
Methink^"bt is like(a!Zeased
1824
Methink^"bt is like(a!Zeased
1825
Methink]!ct ir like%a$Yeasef
1826
Methink]!ct ir like%a$Yeasef
1827
Methink]!ct ir like%a$Yeasef
1828
Methink]!ct ir like%a$Yeasef
1829
Methink]!ct ir like%a$Yeasef
1830
Methink^!ct ir like%a$Yeasef
1831
Methink^!ct ir like%a$Yeasef
1832
Methink^!ct ir like%a$Yeasef
1833
Methink^!ct ir like%a$Yeasef
1834
Methink^!ct ir like%a$Yeasef
1835
Methink]!cs is like$a#Yeasef
1836
Methink]!cs is like$a#Yeasef
1837
Methink]!cs is like$a#Yeasef
1838
Methink]!cs is like$a#Yeasef
1839
Methink]!ct is like%a#Yeaseg
1840
Methink]!dt is like%a#Yeaseg
1841
Methink]!dt is like%a#Yeaseg
1842
Methink]!dt is like%a#Yeaseg
1843
Methink]!dt is like%a#Yeaseg
1844
Methink]!dt is like%a#Yeaseg
1845
Methink]!dt is like%a#Yeaseg
1846
Methink]!dt is like%a#Yeaseg
1847
Methink]!dt is like%a#Zeaseg
1848
Methink]!dt is like%a#Zeaseg
1849
Methink]!dt is like%a#Zeaseg
1850
Methink]!dt is like%a#Zeaseh
1851
Methink]!dt is like%a#Zeaseh
1852
Methink]!dt is like%a#Zeaseh
1853
Methink]!dt is like%a#Zeaseh
1854
Methink]!dt is like$a#Zeaseh
1855
Methink]!dt is like$a#Zeaseh
1856
Methink]!dt is like$a#Zeaseh
1857
Methink]!dt is like$a#[easeh
1858
Methink]!dt is like$a#[easeh
1859
Methink]!dt is like$a#[easeh
1860
Methink]!dt is like$a#[easeh
1861
Methink]!dt is like$a#[easeh
1862
Methink]!dt is like$a#[easeh
1863
Methink]!dt is like$a#[easeh
1864
Methink]!dt is like#a#[easeh
1865
Methink]!dt is like#a#[easeh
1866
Methink]!dt is like#a#[easeh
1867
Methink]!dt is like#a#[easeh
1868
Methink]!dt is like#a#[easeh
1869
Methink]!dt is like$a"\easeh
1870
Methink_!dt is like$a#[easei
1871
Methink_!dt is like$a#[easei
1872
Methink_!dt is like$a#[easei
1873
Methink_!dt is like$a#[easei
1874
Methink_!dt is like$a#[easej
1875
Methink_!dt is like$a#[easej
1876
Methink_!dt is like$a#[easej
1877
Methink_!dt is like$a#[easej
1878
Methink_!dt is like$a"[easej
1879
Methink_!dt is like$a"[easej
1880
Methink_!dt is like$a"[easej
1881
Methink_!dt is like$a"[easej
1882
Methink` dt is like#a#\easeh
1883
Methink` dt is like#a#\easeh
1884
Methink` dt is like#a#\easeh
1885
Methink` dt is like#a#\easeh
1886
Methink` dt is like#a#\easeh
1887
Methink` dt is like#a#\easeh
1888
Methink` dt is like#a#\easeh
1889
Methink_!et is like$a"\easej
1890
Methink_!et is like$a"\easej
1891
Methink_!et is like$a"\easej
1892
Methink_!et is like$a"\easej
1893
Methink_!et is like$a!\easej
1894
Methink_!et is like$a!\easej
1895
Methink_!et is like$a!\easej
1896
Methink_!et is like$a!\easej
1897
Methink`!dt is like"a![easek
1898
Methink`!dt is like"a![easek
1899
Methink`!dt is like"a![easek
1900
Methink`!dt is like"a![easek
1901
Methink`!dt is like"a![easek
1902
Methink`!dt is like"a![easek
1903
Methink`!dt is like"a![easek
1904
Methink`!dt is like"a![easek
1905
Methinka dt is like"a![easek
1906
Methinka dt is like"a![easek
1907
Methinka dt is like"a![easek
1908
Methinka dt is like"a![easek
1909
Methinka dt is like"a![easek
1910
Methinka dt is like"a![easek
1911
Methinka dt is like"a![easek
1912
Methinka et is like"a![easek
1913
Methinka et is like"a![easek
1914
Methinka et is like"a![easek
1915
Methinka et is like"a![easek
1916
Methinka et is like"a![easek
1917
Methink`!dt is like a!\easek
1918
Methinka et is like"a![easel
1919
Methinka et is like"a![easel
1920
Methinka et is like"a![easel
1921
Methinka et is like"a![easel
1922
Methinka et is like"a![easel
1923
Methinka et is like"a [easel
1924
Methinka et is like"a [easel
1925
Methinka et is like"a [easel
1926
Methinka et is like"a [easel
1927
Methinka et is like"a [easel
1928
Methinkb et is like!a![easel
1929
Methinkb et is like!a![easel
1930
Methinkb et is like!a![easel
1931
Methinkb et is like!a![easel
1932
Methinka ft is like!a \easek
1933
Methinka ft is like!a \easek
1934
Methinka ft is like!a \easek
1935
Methinka ft is like!a \easek
1936
Methinka ft is like!a \easek
1937
Methinka ft is like!a \easek
1938
Methinkb gt is like"a [easel
1939
Methinkb gt is like"a [easel
1940
Methinkb gt is like"a [easel
1941
Methinkb gt is like"a [easel
1942
Methinkb gt is like"a [easel
1943
Methinkb ht is like"a [easel
1944
Methinkb ht is like"a [easel
1945
Methinkb ht is like"a [easel
1946
Methinkb ht is like"a [easel
1947
Methinkb ht is like"a [easel
1948
Methinkd gt is like!a![easel
1949
Methinkd gt is like!a![easel
1950
Methinkd gt is like!a![easel
1951
Methinkd gt is like!a![easel
1952
Methinkd gt is like!a![easel
1953
Methinkd gt is like!a![easel
1954
Methinke gt is like"a!\easel
1955
Methinke gt is like"a!\easel
1956
Methinke gt is like"a!\easel
1957
Methinke gt is like"a!\easel
1958
Methinke gt is like"a!\easel
1959
Methinke gt is like"a!\easel
1960
Methinke gt is like a![easel
1961
Methinke gt is like a![easel
1962
Methinke gt is like a![easel
1963
Methinke gt is like a![easel
1964
Methinke gt is like a![easel
1965
Methinke gt is like a![easel
1966
Methinke ht is like!a!\easel
1967
Methinke ht is like!a!\easel
1968
Methinke ht is like!a!\easel
1969
Methinke ht is like!a!\easel
1970
Methinke ht is like!a!\easel
1971
Methinke ht is like!a!\easel
1972
Methinke it is like!a!\easel
1973
Methinke it is like!a!\easel
1974
Methinke it is like!a!\easel
1975
Methinke it is like!a!\easel
1976
Methinke it is like!a!\easel
1977
Methinke it is like!a!\easel
1978
Methinke it is like!a!\easel
1979
Methinke it is like!a!]easel
1980
Methinke it is like!a!]easel
1981
Methinke it is like!a!]easel
1982
Methinke it is like!a!]easel
1983
Methinke it is like a!]easel
1984
Methinke it is like a!]easel
1985
Methinke it is like a!]easel
1986
Methinke it is like a!]easel
1987
Methinke it is like a!]easel
1988
Methinke it is like a!]easel
1989
Methinkf ht is like a ]easel
1990
Methinkf ht is like a ]easel
1991
Methinkf ht is like a ]easel
1992
Methinkf ht is like a ]easel
1993
Methinkf ht is like a ]easel
1994
Methinkf ht is like a ]easel
1995
Methinkf it is like a ]easel
1996
Methinkf it is like a ]easel
1997
Methinkf it is like a ]easel
1998
Methinkf it is like a ]easel
1999
Methinkf it is like a ]easel
2000
Methinkf it is like a ^easel
2001
Methinkf it is like a ^easel
2002
Methinkf it is like a ^easel
2003
Methinkf it is like a ^easel
2004
Methinkf it is like a ^easel
2005
Methinkf it is like a ^easel
2006
Methinkf it is like a ^easel
2007
Methinkf it is like a ^easel
2008
Methinkg it is like a ^easel
2009
Methinkg it is like a ^easel
2010
Methinkg it is like a ^easel
2011
Methinkg it is like a ^easel
2012
Methinkg it is like a ^easel
2013
Methinkg it is like a ^easel
2014
Methinkg it is like a ^easel
2015
Methinkg it is like a ^easel
2016
Methinkg it is like a _easel
2017
Methinkg it is like a _easel
2018
Methinkg it is like a _easel
2019
Methinkg it is like a _easel
2020
Methinkg it is like a _easel
2021
Methinkg it is like a _easel
2022
Methinkg it is like a _easel
2023
Methinkg it is like a _easel
2024
Methinkg it is like a _easel
2025
Methinkh it is like a _easel
2026
Methinkh it is like a _easel
2027
Methinkh it is like a _easel
2028
Methinkh it is like a _easel
2029
Methinkh it is like a _easel
2030
Methinkh it is like a _easel
2031
Methinkg it is like a aeasel
2032
Methinkg it is like a aeasel
2033
Methinkg it is like a aeasel
2034
Methinkg it is like a aeasel
2035
Methinkg it is like a aeasel
2036
Methinkg it is like a aeasel
2037
Methinkg it is like a aeasel
2038
Methinkg it is like a beasel
2039
Methinkg it is like a beasel
2040
Methinkg it is like a beasel
2041
Methinkg it is like a beasel
2042
Methinkg it is like a beasel
2043
Methinkg it is like a beasel
2044
Methinkg it is like a beasel
2045
Methinki it is like a aeasel
2046
Methinki it is like a aeasel
2047
Methinki it is like a aeasel
2048
Methinki it is like a aeasel
2049
Methinki it is like a aeasel
2050
Methinki it is like a aeasel
2051
Methinki it is like a aeasel
2052
Methinki it is like a aeasel
2053
Methinki it is like a aeasel
2054
Methinkj it is like a aeasel
2055
Methinkj it is like a aeasel
2056
Methinkj it is like a aeasel
2057
Methinkj it is like a aeasel
2058
Methinkj it is like a aeasel
2059
Methinkj it is like a aeasel
2060
Methinkj it is like a aeasel
2061
Methinkk it is like a aeasel
2062
Methinkk it is like a aeasel
2063
Methinkk it is like a aeasel
2064
Methinkk it is like a aeasel
2065
Methinkk it is like a aeasel
2066
Methinkk it is like a aeasel
2067
Methinkk it is like a beasel
2068
Methinkk it is like a beasel
2069
Methinkk it is like a beasel
2070
Methinkk it is like a beasel
2071
Methinkk it is like a beasel
2072
Methinkk it is like a beasel
2073
Methinkk it is like a beasel
2074
Methinkk it is like a beasel
2075
Methinkk it is like a beasel
2076
Methinkl it is like a beasel
2077
Methinkl it is like a beasel
2078
Methinkl it is like a beasel
2079
Methinkl it is like a ceasel
2080
Methinkl it is like a ceasel
2081
Methinkl it is like a ceasel
2082
Methinkl it is like a ceasel
2083
Methinkl it is like a ceasel
2084
Methinkl it is like a ceasel
2085
Methinkl it is like a ceasel
2086
Methinkl it is like a ceasel
2087
Methinkm it is like a ceasel
2088
Methinkm it is like a ceasel
2089
Methinkm it is like a ceasel
2090
Methinkm it is like a ceasel
2091
Methinkm it is like a ceasel
2092
Methinkm it is like a ceasel
2093
Methinkm it is like a ceasel
2094
Methinkm it is like a ceasel
2095
Methinkm it is like a deasel
2096
Methinkm it is like a deasel
2097
Methinkm it is like a deasel
2098
Methinkm it is like a deasel
2099
Methinkm it is like a deasel
2100
Methinkm it is like a deasel
2101
Methinkn it is like a deasel
2102
Methinkn it is like a deasel
2103
Methinkn it is like a deasel
2104
Methinkn it is like a deasel
2105
Methinkn it is like a deasel
2106
Methinkn it is like a deasel
2107
Methinkn it is like a deasel
2108
Methinkn it is like a deasel
2109
Methinkn it is like a deasel
2110
Methinkn it is like a eeasel
2111
Methinkn it is like a eeasel
2112
Methinkn it is like a eeasel
2113
Methinkn it is like a eeasel
2114
Methinko it is like a deasel
2115
Methinko it is like a deasel
2116
Methinko it is like a deasel
2117
Methinko it is like a deasel
2118
Methinko it is like a eeasel
2119
Methinko it is like a eeasel
2120
Methinko it is like a eeasel
2121
Methinko it is like a eeasel
2122
Methinko it is like a eeasel
2123
Methinko it is like a eeasel
2124
Methinko it is like a eeasel
2125
Methinko it is like a eeasel
2126
Methinko it is like a feasel
2127
Methinko it is like a feasel
2128
Methinko it is like a feasel
2129
Methinko it is like a feasel
2130
Methinko it is like a feasel
2131
Methinko it is like a feasel
2132
Methinkp it is like a feasel
2133
Methinkp it is like a feasel
2134
Methinkp it is like a feasel
2135
Methinkp it is like a feasel
2136
Methinkp it is like a feasel
2137
Methinkp it is like a feasel
2138
Methinkp it is like a feasel
2139
Methinkp it is like a feasel
2140
Methinkp it is like a feasel
2141
Methinkp it is like a feasel
2142
Methinkq it is like a feasel
2143
Methinkq it is like a feasel
2144
Methinkq it is like a feasel
2145
Methinkq it is like a feasel
2146
Methinkq it is like a feasel
2147
Methinkq it is like a feasel
2148
Methinkq it is like a feasel
2149
Methinkr it is like a feasel
2150
Methinkr it is like a feasel
2151
Methinkr it is like a feasel
2152
Methinkr it is like a feasel
2153
Methinkr it is like a feasel
2154
Methinkr it is like a feasel
2155
Methinkr it is like a feasel
2156
Methinkr it is like a geasel
2157
Methinkr it is like a geasel
2158
Methinkr it is like a geasel
2159
Methinkr it is like a geasel
2160
Methinkr it is like a geasel
2161
Methinkr it is like a geasel
2162
Methinkr it is like a heasel
2163
Methinkr it is like a heasel
2164
Methinkr it is like a heasel
2165
Methinkr it is like a heasel
2166
Methinkr it is like a heasel
2167
Methinkr it is like a heasel
2168
Methinkr it is like a heasel
2169
Methinkr it is like a heasel
2170
Methinks it is like a heasel
2171
Methinks it is like a heasel
2172
Methinks it is like a heasel
2173
Methinks it is like a heasel
2174
Methinks it is like a heasel
2175
Methinks it is like a ieasel
2176
Methinks it is like a ieasel
2177
Methinks it is like a ieasel
2178
Methinks it is like a ieasel
2179
Methinks it is like a ieasel
2180
Methinks it is like a ieasel
2181
Methinks it is like a ieasel
2182
Methinks it is like a ieasel
2183
Methinks it is like a ieasel
2184
Methinks it is like a ieasel
2185
Methinks it is like a ieasel
2186
Methinks it is like a ieasel
2187
Methinks it is like a ieasel
2188
Methinks it is like a ieasel
2189
Methinks it is like a jeasel
2190
Methinks it is like a jeasel
2191
Methinks it is like a jeasel
2192
Methinks it is like a jeasel
2193
Methinks it is like a jeasel
2194
Methinks it is like a jeasel
2195
Methinks it is like a jeasel
2196
Methinks it is like a jeasel
2197
Methinks it is like a keasel
2198
Methinks it is like a keasel
2199
Methinks it is like a keasel
2200
Methinks it is like a keasel
2201
Methinks it is like a keasel
2202
Methinks it is like a keasel
2203
Methinks it is like a keasel
2204
Methinks it is like a keasel
2205
Methinks it is like a keasel
2206
Methinks it is like a keasel
2207
Methinks it is like a keasel
2208
Methinks it is like a keasel
2209
Methinks it is like a keasel
2210
Methinks it is like a leasel
2211
Methinks it is like a leasel
2212
Methinks it is like a leasel
2213
Methinks it is like a leasel
2214
Methinks it is like a leasel
2215
Methinks it is like a leasel
2216
Methinks it is like a leasel
2217
Methinks it is like a leasel
2218
Methinks it is like a leasel
2219
Methinks it is like a measel
2220
Methinks it is like a measel
2221
Methinks it is like a measel
2222
Methinks it is like a measel
2223
Methinks it is like a measel
2224
Methinks it is like a measel
2225
Methinks it is like a measel
2226
Methinks it is like a measel
2227
Methinks it is like a neasel
2228
Methinks it is like a neasel
2229
Methinks it is like a neasel
2230
Methinks it is like a neasel
2231
Methinks it is like a neasel
2232
Methinks it is like a neasel
2233
Methinks it is like a neasel
2234
Methinks it is like a neasel
2235
Methinks it is like a neasel
2236
Methinks it is like a neasel
2237
Methinks it is like a neasel
2238
Methinks it is like a neasel
2239
Methinks it is like a oeasel
2240
Methinks it is like a oeasel
2241
Methinks it is like a oeasel
2242
Methinks it is like a oeasel
2243
Methinks it is like a oeasel
2244
Methinks it is like a oeasel
2245
Methinks it is like a oeasel
2246
Methinks it is like a oeasel
2247
Methinks it is like a peasel
2248
Methinks it is like a peasel
2249
Methinks it is like a peasel
2250
Methinks it is like a peasel
2251
Methinks it is like a peasel
2252
Methinks it is like a peasel
2253
Methinks it is like a peasel
2254
Methinks it is like a qeasel
2255
Methinks it is like a qeasel
2256
Methinks it is like a qeasel
2257
Methinks it is like a qeasel
2258
Methinks it is like a qeasel
2259
Methinks it is like a qeasel
2260
Methinks it is like a qeasel
2261
Methinks it is like a reasel
2262
Methinks it is like a reasel
2263
Methinks it is like a reasel
2264
Methinks it is like a reasel
2265
Methinks it is like a reasel
2266
Methinks it is like a seasel
2267
Methinks it is like a seasel
2268
Methinks it is like a seasel
2269
Methinks it is like a seasel
2270
Methinks it is like a seasel
2271
Methinks it is like a seasel
2272
Methinks it is like a seasel
2273
Methinks it is like a seasel
2274
Methinks it is like a seasel
2275
Methinks it is like a seasel
2276
Methinks it is like a seasel
2277
Methinks!it is like a ueasel
2278
Methinks!it is like a ueasel
2279
Methinks!it is like a ueasel
2280
Methinks!it is like a ueasel
2281
Methinks!it is like a ueasel
2282
Methinks!it is like a ueasel
2283
Methinks!it is like a ueasel
2284
Methinks it is like a ueasel
2285
Methinks it is like a ueasel
2286
Methinks!it is like a veasel
2287
Methinks!it is like a veasel
2288
Methinks!it is like a veasel
2289
Methinks!it is like a veasel
2290
Methinks!it is like a veasel
2291
Methinks!it is like a veasel
2292
Methinks!it is like a weasel
2293
Methinks!it is like a weasel
2294
Methinks!it is like a weasel
2295
Methinks it is like a veasel
2296
Methinks it is like a veasel
2297
Methinks it is like a veasel
2298
Methinks it is like a veasel
2299
Methinks it is like a weasel
2300
GVol`EP"rI1px/]ts|QpxfLe /QQGew$MF]8CG`B=n$pHwbpv. Qr*LssE!pC?fl`T:fd<n,]5^SvijImbN|YURo~P{q~o^% vUwoTx7SEvD~!mVv^#uRG|XE{Pf.E|:J9}HYnS8cXOb'*p\*oz!bB5_G=kvqa|"&<yAk<
1
GVol`EP"rI1px/]ts|QpxfLe /QQGew$MF]8CG`B=n$pHwbpv. Qr*LssE!pC?fl`T:fd<n,]5^SvijImbN|YURo~P{q~o^% vUwoTx7SEvD~!mVv^#uRG|XE{Pf.E|:J9}HYnS8cXOb'*p\*oz!bB5_G=kvqa|"&<yAk<
2
GVol`EP"rI1px/]ts|QpxfLe /QQGew$MF]8CG`B=n$pHwbpv. Qr*LssE!pC?fl`T:fd<n,]5^SvijImbN|YURo~P{q~o^% vUwoTx7SEvD~"mVv^#uRG|XE{Pf.E|:J9}HYnS8cXOb'*p\*oz!bB5_G=kvqa|"&<yAk<
3
GVol`EP"rI1px/]ts|QpxfLe /QQGew$MF]8CG`B=n$pHwbpv. Qr*LssE!pC?fl`T:fd<n,]5^SvijImbN|YURn~P{q~o^% vUwoTx7SEvD~"mVv^#uRG|XE{Pf.E|:J9}HYnS8cXOb'*p\*oz!bB5_G=kvqa|"&<yAk<
4
GVol`EP"rI1px/]ts|QpxfLe /QQGew$MF]8CG`B=n$pHwbpv. Qr*LssE!pC?fl`T:fd<n,]5^SvijImbN|YURn~P{q~o^% vUwoTx7SEvD~"mVv^#uRG|XE{Pf.E|:J9}HYnS8cXOc'*p\*oz!bB5_G=kvqa|"&<yAk<
5
GVol`EP"rI1px/]ts|QpxfLe /QQGew$MF]8CG`B=n$pHwbpv. Qr*LssE!pC?fl`T:fd<n,]5^SvijImbN|YURn~P{q~o^% vUwoTx7SEvD~"mVv^#uRG|XE{Pf.E|:J9}HYnS8cXOc'*p\*oz bB5_G=kvqa|"&<yAk<
6
GVol`EP"rI1px/]ts|QpxfLe /QQGew$MF]8CG`B=n$pHwbpv. Qr*LssE!pC?fl`T:fd<n,]5^SvijImbN|YURn~P{q~o^% vUwoTx7SEvD~"mVv^#uRG|XEzPf.E|:J9}HYnS8cXOc'*p\*oz bB5_G=kvqa|"&<yAk<
7
GVol`EP"rI1px/]ts|QpxfLe /QQGew$MF]8CG`B=n$pHwbpv. Qr*LssE!pC?fl`T:fd<n,]5^SvijImbN|YURn~P{q~o^% vUwoTx7SEvD~"mVv^#uRG|XEzPf.E|:J9}HYnS8cXOc'*p\*oz bB5_G=kvqa|"&<yAk<
8
GVol`EP"rI1px/]ts|QpxfLe /QQGew$MF]8CG`B=n$pHwbpv. Qr*LssE!pC?fl`T:fd<n,]5^SvijImbN|YURn~P{q~o^% vUwoTx7SEvD~"nVv^#uRG|XEzPf/E|:J9}HYnS8cXOc'*p\*oz bB5_G=kvqa|"&<yAk<
9
GVol`EP"rI1px/]ts|QpxfLe /QQGew$MF]8CG`B=n$pHwbpv. Qr*LssE!pC?fl`T:fd<n,]5^SvijImbN|YURn~P{q~o^% vUwoTx7SEvD~"nVv^#uRG|XEzPf/E|:J9}HYnS8cXOc'*p\*oz bB5_G=kvqa|"&<yAk<
10
GVol`EP"rI1px/]ts|QpxfLe /QQGew$MF]8CG`B=n$pHwbpv. Qr*LssE!pC?fl`T:fd<n,]5^SvijImbN|YURn~P{q~o^% vUwoTx7SEvD~#nVv^#uRG|XEzPf/E|:J9}HYnS8cXOc'*p\*oz bB5_G=kvqa|"&<yAk<
11
GVol`EP"rI1px/]ts|QpxfLe /QQGew$MF]8CG`B=n$pHwbpv. Qr*LssE!pC?fl`T:fd<n,]5^SvijImbN|YURn~P{q~o^% vUwoTx7SEvD~#nVv^#uRG|XEzPf/E|:J9}HYnS8cXOc'*p\*oz bB5_G=kvqa|"&<yAk<
12
GVol`EP"rI1px/]ts|QpxfLe /QQGew$MF]8CG`B=n$pHwbpv. Qr*LssE!pC?fl`T:fd<n,]5^SvijImbN|YURn~P{q~o^% vUwoTx7SEvD~#nVv^#uRG|XEzPf/E|:J9}HYnS8cXOc'*p\*oz bB5_G=kvqa|"&<yAk<
13
GVol`EP"rI1px/]ts|QpxfLe /QQGew$MF]8CG`B=n$pHwbpv. Qr*LrsE!pC?fl`T:fd<n,]5^SvijImbN|YURn~P{q~o^% vUwoTx7SEvD~"nVv^#uRG|XEzQf/E|:J9}HYnS8cXOc'*p\*oz bB5_G=kvqa|"&<yAk<
14
GVol`EP"rI1px/]ss|QpxfLe /QQGew$MF]8CG`B=n$pHwbpv. Qr*LssE!pC?fl`T:fd<n,]5^SvijImbN|YURn~P{q~o^% vUwoTx7SEvD~#nVv^#uRG|XEzPf/E|:J9}HYnS8cXOc'*p\*oz bB5_G>kvqa|"&<yAj<
15
GVol`EP"rI1px/]ss|QpxfLe /QQGew$MF]8CG`B=n$pHwbpv. Qr*LssE!pC?fl`T:fd<n,]5^SvijImbN|YURn~P{q~o^% vUwoTx7SEvD~#nVv^#uRG|XEzPf/E|:J9}HYnS8cXOc'*p\*oz bB5_G>kvqa|"&<yAj<
16
GVol`EP"rI1qx/]ts|QpxfLe /QQGew$MF]8CG`B=n$pHwbpv. Qr*LssE!pC?fl`T:fd<n,]5^SvijImbN|YURn~P{q~o^% vUwoTx7SEvD~"nVv_#uRG|XEzPf/E|;J9}HYnS8cXOc'*p\*oz bB5_G=jvqa|"'<yAk<
17
GVol`EP"rI1qx/]ts|QpxfLe /QQGew$MF]8CG`B=n$pHwbpv. Qr*LssE!pC?fl`T:fd<n,]5^SvijImbN|YURn~P{q~o^% vUwoTx7SEvD~"nVv_#uRG|XEzPf/E|;J9}HYnS8cXOc'*p\*oz bB5_G=jvqa|"'<yAk<
18
GVol`EP"rI1qx/]ts|QpxfLe /QQGew$MF]8CG`B=n$pHwbpv. Qr*LssE!pC?fl`T:fd<n,]5^SvijImbN|YURn~P{q~o^% vUwoTx7SEvD~"nVv_#uRG|XEzPf/E|;J9}HYnS8cXOc'*p\*oz bB4_G=jvqa|"'<yAk<
19
GVol`EP"sI1px/]ts|QpxfLe /QQGew$MF]8CG`B=n%pHwbpv. Qr*LssE!pC?fl`T:fd<n,]5^SvijImbN|YURn}P{q~o_% vUwoTx7SEvD~"nVv^#uRG|XExPf/E|:J9}HYnS8cXOc'*p\*oz bB5_G=jvqa|"&<yAk<
20
GVol`EP"sI1px/]tr|QpxfLe /QQGew$MF]8CG`B=n%pHwbpv. Qr*LssE!pC?fl`T:fd<n,]5^SvijImbN|YURn}P{q~o_% vUwoTx7SEvD~"nVv^#uRG|XExPf/E|:J9}HYnS8cXOc'*p\*oz bB5_G=jvqa|"&<yAk<
21
GVol`EP"sI1px/]tr|QpxfLe /QQGew$MF]8CG`B=n%pHwbpv. Qr*LssE!pC?fl`T:fd<n,]5^SvijImbN|YURn}P{q~o_% vUwoTx7SEvD~"nVv^#uRG|XExPf/E|:J9}HYnS8cXOc'*p\*oz bB5_G=jvqa|"&<yAk<
22
GVol`EP"rI1px/]ts|QoxgLe /QQGew$MF]8CG`B=n$pHwbpv. Qr*LssE!pC?fl`T:fd<n,]5^SvijImcN|YURn~P{q~o^% vVwoTx7TEvD~"nVu^#uRG|XEzPf/E|:J9|HYnS9cXOc'*p\*oy bB5_G=kvqa|"&<yAk<
23
GVol`EP"sI1px/]tr|QpxfLe /QQGew$MF]8CG`B=n%pHwbpv. Qr*LstE!pC?fl`T:fd<n,]5^SvijImbN|YURn}P{q~o_% vUwoTx7SEvD~"nVv^#uRG|XExPf/E|:J9}HYnS8cXOd'*p\*oz bB5_G=jvqa|"&<yAk<
24
GVol`EP"rI1px/]ts|QpxfLe!/QQGew$MF]8CG`B=n$pHwbpv. Qr*LssE!pC@fl`T:fd<n,]5^SvijImbN{ZURn}P{q~o^% vUwoTx7SEvD~"nVv_#uRG|XEzPf/E|;J9}HYnS8cXOc'+p\*oz bB4_G=ivqa|"&<yAk<
25
GVol`EP"rI1px/]ts|QpxfLe!/QQGew$MF]8CG`B=n$pHwbpv. Qr*LssE!pC@fl`T:fd<n,]5^SvijImbN{ZURn}P{q~o^% vUwoTx7SEvD~"nVv_#uRG|XEzPf/E|;J9}HYnS8cXOc'+p\*oz bB4_G=ivqa|"&<yAk<
26
GVol`EP"sI1px/]ts|QpxfLe /QQGew$MG]8CG`B=n$pHwbpv. Rr*LssE!pC?fl_T:gd<n,]6^SvijImbN|YURn|P{q~o_% vUwoTx7SEvD~"nVv^#uRH|XEyQf/E|:J9}HYnS8cXOc&*p\*oz bB5_G=jvqa|"&<yAk<
27
GVol`EP"sI1px/]ts|QpxfLe /QQGew$MG]8CG`B=n%pHwbpv. Rr*LssE!pC?fl_T:gd<n,]6^SvijImbN|YURn|P{q~o_% vUwoTx7SEvD~"nVv^#uRH|XEyQf/E|:J9}HYnS8cXOc&*p\*oz bB5_G=jvqa|"&<yAk<
28
GVnl`EP!rI1px/]tr|QpxfLe /QQGew$MF]8CG`B=n$pHwcpu. Qr*LssE!pC?fk`U:fd=n+[5^SvijImbN|YURn~P{q~o_% vUwoTx7SEvD~"nVv^#tRG|XDyPf/E|:J9}HYnS8cXOc'*p]*oz bB5_H=jvqa|"&<yAk<
29
GVol`EP"rI1px/]ts|QpwfLe!/QQGew$MF]8CG`B=n$pHwbpv. Qr*LssE!pC@fl`T:fd<n,]5^SvijImbN{ZURn}P{q~o^% vUwoTx7SEvD~"nVv_#uRG|XEzPf0E|;J9}IYnS8cXOc'+p\*oz bB4_G=ivqa|"&=yAk<
30
GVol`EP"rI1px/]ts|QpwfLe!/QQGew$MF]8CG`B=n$pHwbpv. Qr*LssE!pC@fl`T:fd<n,]5^SvijImbN{ZURn}P{q~o^% vUwoTx7SEvD~"nVv_#uRG|XEzPf0E|;J9}IYnS8cXOc'+p\*oz bB4_G=ivqa|"&=yAk<
31
GVol`EP"sI1px/]ts|QpwfLe!/QQGew$MF]8CG`B=n$pHwbpv. Qr*LssE!pC@fl`T:fd<n,]5^SvijImbN{ZURn}P{q~o^% vUwoTx7SEvD~"nVv_#uRG|XEzPf0E|;J9}IYnS8cXOc'+p\*oz bB4_G=ivqa|"&=yAk<
32
GVol`EP"rI1px/]tr|QpxfLe /QQGew$LF]8CG`B=n$oHwbpv. Qr*LssE!pC?fl`T;fd<n,]7^SvijImbN|YUSn~Q{q~o^%!vUwoTx7SEvD|"nVv^"uRG|XFzPf0E|:K9}HYnS8cXOc'*p\*oz bB5_H=kvqa|"&<yBk<
33
GVol`EP"rI1px/]tr|QpxfLe /QQGew$LF]8CG`B=n$oHwbpv. Qr*LssE!pC?fl`T;fd<n,]7^SvijImbN|YUSn~Q{q~o^%!vUwoTx7SEvD|"nVv^"uRG|XFzPf0E|:K9}HYnS8cXOc'*p\*oz bB5_H=kvqa|"&<yBk<
34
GVol`EP"rI1px/]tr|QpxfLe /QQGew$LF]8CG`B=n$oHwbpv. Qr*LssE!pC?fl`T;fd<n,]7^SvijImbN|YUSn~Q{q~o^%!vUwoTx7SEvD|"nVv^"uRG|XFzPf0E|:K9}HYnS8cXOc'*p\*oz bB5_H=kvqa|"&<yBk<
35
GVol`EP"sI1px/]ts|QpwfLe!/QQGew$MF]8CG`B=n$pHwbpv. Qr*LssE!pC@fl`T:fd<n,]5^SvhjImbN{ZUSn}P{q~o^% vUwoTx7SEvD~"nVv_#uRG|WEzPf0E|;J9}IYnS8cXOc'+p\*oz bB4_G=ivqa|"&=yAk<
36
GVol`EP"sI1px/]ts|QpwfLe!/QQGew$MF]8CG`B=n$pHwbpv. Qr*LssE!pC@fl`T:fd<n,]5^SvhjImbN{ZUSn}P{q~o^% vUwoTx7SEvD~"nVv_#uRG|WEzPf0E|;J9}IYnS8cXOc'+p\*oz bB4_G=ivqa|"&=yAk<
37
FVnl`EP"sI1px/]ts|QpxfLe /QQGew$MG]8CG`B=n%pHwbov. Rr*LssE!pC?fl_T:gd<n-]6^SvijImbN|YURn|P{q~o_% vUwoTx7SEvD~"nVv^#uRH|XEyQf/E|:J9}HYnS9cXOc&*p\*pz bB5_G=jvqa|"&<yAk<
38
GVok`EP"sI1px/]ts|QpwfLe!/QQGew$MF]8CG`B=n$pHwcpv. Qr*LstE!pC@fl`T:fd<n,]5^SvijImbO{ZURn}P{q~o^& vUwoTx7SEvD~"nVv^#uRG|XEzQf0E|;J9}IYnS8cXOc'+p\*oz bB4_G=ivqa|"&=yAk<
39
GVok`EP"sJ1px/]ts|QpwfLe!/QQGew$MF]8CG`B=n$pHwcpv. Qr*LstE!pC@fl`T:fd<n,]5^SvijImbO{ZURn}P{q~o^& vUwoTx7SEvD~"nVv^#uRG|XEzQf0E|;K9}IYnS8cXOc'+p\*oz bB4_G=ivqa|"&=yAk<
40
GVok`EP"sJ1px/]ts|QpwfLe!/QQGew$MF]8CG`B=n$pHwcpv. Qr*LstE!pC@fl`T:fd<n,]5^SvijImbO{ZURn}P{q~o^& vUwoTx7SEvD~"nVv^#uRG|XEzQf0E|;K9}IYnS8cXOc'+p\*oz bB4_G=ivqa|"&=yAk<
41
GVok`EP"sJ1px/]ts|QpwfLe!/QQGew$MF]8CG`B=n$pHwcpv. Qr*LstF!pC@fl`T:fd<n,]5^SvijImbO{ZURn}P{q~o^& vUwoTx7SEvD~"nVv^#uRG|XEzQf0E|;K9}IYnS8cXOc'+p\*oz bB4_G=ivqa|"&=yAk<
42
GVok`EP"sJ1px/]ts|QpwfLe!/QQGew$MF]8CG`B=n$pHwcpv. Qr*LstF!pC@fl`T:fd<n,]5^SvijImbO{ZURn}P{q~o^& vUwoTx7SEvD~"nVv^#uRG|XEzQf0E|;K9}IYnS8cXOc'+p\*oz bB4_G=ivqa|"&=yAk<
43
GVok`EP"sJ1pw/]ts|QpwfLe!/QQGew$MF]8CG`B=n$pHwcpu. Qr*LstE!pC@fl`T:fd<n,]5^SvijImbO{ZURn}P{q~o^& vUwoTx7SEvD~"nVw^#uRG|XEzQf1E|;K9}IYnS8cXOc'+p\*oz bB4_G=ivqa|"&=yAk<
44
GVol`EP"sI1px/]ts|QoxfLg /QQGew$MF^8CG`B=n&pHwcpv/ Qr*LssF!pC?fl_T:gd<n,]6^SvijImbN|YURn|P{r~p_% vUwoTx7SEuD~"nVv^#uRH|XEyQe/E|:J9|HYoS8cXOc&*p\+pz bB5_G=jvqa|"&<yAl<
45
GVol`EP"sI1px/]ts|QoxfLg /QQGew$MF^8CG`B=n&pHwcpv/ Qr*LssF!pC?fl_T:gd<n,]6^SvijImbN|YURn|P{r~p_% vUwoTx7SEuD~"nVv^#uRH|XEyQe/E|:J9|HYoS8cXOc&*p\+pz bB5_G=jvqa|"&<yAl<
46
GVok`EP"sJ1pw/]ts|QpwfLe!/QQGew$MF]8CG`B=n$pHwcpu. Qr*LstE!pC@fl`T:fe<n,]5^SvijImbO{ZURn}P{q~o^& vUwoTx7SEvD~"nVw^#uRG|XEzQf1E|;K9}IYnS8cXOc'+p]*oz bB4_G=ivqa|"&=yAk<
47
GVol`EP"rI1px/]ss|QpxfMf!0QQGew$MG]8CG`B=n$pHwdpu. Qr+LssE!pB@fl_U:fd<n,\5^SvijImbN|ZURm}P{r~o^% vUxoTx7SEvD~"nVu_#uRG|XF{Pf/F|;J:}HYnS8dXOc'+p\*oz bB4^H=ivqa}"&<yBk<
48
GVol`EP"rI1px/]ss|QpxfMf!0QQGew$MG]8CG`B=n$pHwdpu. Qr+LssE!pB@fl_U:fd<n,\5^SvijImbN|ZURm}P{r~o^% vUxoTx7SEvD~"nVu_#uRG|XF{Pf/F|;J:}HYnS8dXOc'+p\*oz bB4^H=ivqa}"&<yBk<
49
GVol`EP"rI1px/]ss|QpxfMf!0QQGew$MG]8CG`B=n$pHwdpu. Qr+LssE!pB@fl_U:fd<n,\5^SvijImbN|ZURm}P{r~o^% vUxoTx7SEvD~"nVu_#uRG|XF{Pf/F|;J:}HYnS8dXOc'+p\*oz bB4^H=ivqa}"&<yBk<
50
GVol`EP"rI1px/]ss|QpxfNf!0QQGew$MG]8CG`B=n$pHwdpu. Qr+LssE!pB@fl_U:fe<n,\5^SvijImbN|ZURm}P{r~o^% vUxoTx7SEvD~"nVu_#uRG|XF{Pf/F|;J:}HYnS8dXOc'+p\*oz bB4^H=ivqa}"&<yBk<
51
GVol`EP"rI1px/^ss|QpxfMf!0QQGew$MG]8CG`B=n$pHwdpu. Qr+LssE!pB@fl_U:fd<n,\5^SvijInbN|ZURm}P{r~o^%!vUxoTx7SEvD~"nVu_#uRG|XF{Pf/F|;J:}HYnS8dXOc'+p\*oz bB4^H=ivqa}"&<yBk<
52
GVol`EP"rI1px/]ss|QpxfMf!0QQGew$MG]8CGaB=n$pHwdpu. Qr+LssE!pB@fl_U:fd<n,\5^SvijImcN|ZURm}P{r~o^% vUxoTx7SEvD~"nVu`#uRG|XF{Pf/F|;J:}HYnS8dXOc&+p\*oz bB4^H=ivqa}"&<yBk<
53
GVol`EP"rI1px/]ss|QpxfMf!0QQGew$MG]8CGaB=n$pHwdpu. Qr+LssE!pB@fl_U:fd<n,\5^SvijImcN|ZURm}P{r~o^% vUxoTx7SEvD~"nVu`#uRG|XF{Pf/F|;J:}HYnS8dXOc&+p\*oz bB4^H=iuqa}"&<yBk<
54
GWol`EP"rI1px/]ss|QpxfMf!0QQGew$MG]8CGaB=n$pHwdpu. Qr+LssE!pB@fl_U:fd<n,\5^SvijImcN|ZURm}P{r~o^% vUxoTx7SEvD~"nVu`#uRG|XF{Pf/F|;J:}HYnS8dXOc&+p\*oz bB4^H=iuqb}"&<yBk<
55
GWol`EP"rI1px/]ss|QpxfMf!0QQGew$MG]8CGaB=n$pHwdpu. Qr+LssE!pB@fl_U:fd<n,\5^SvijImcN|ZURm}P{r~o^% vUxoTx7SEvD~"nVu`#uRG|XF{Pf/F|;J:}HYnS8dXOc&+p\*oz bB4^H=iuqb}"&<yBk<
56
GWol`EP"rI1px/]ss|QpxfMf!0QQGew$MG]8CGaB=n$pHwdou. Qr+LssE!pB@fl_U:fd<n,\5^SvijImcN|ZURm}P{r~o^% vUxoTx7SEvD~"nVu`#uRG|XF{Pf/F|;J:}HYnS8dXOc&+p\*oz bB4^H=iuqb}"&<yBk<
57
GWol`EP"rI1px/]ss|QpxfMf!0QQGew$MG]8CGaB=n$pHweou. Qr+LssE!pB@fl_U:fd<n,\5^SvijImcN|ZURm}P{r~o^% vUxoTx7SEvD~"nVu`#uRG|XF{Pf/F|;J:}HYnS8dXOc&+p\*oz bB4^H=iuqb}"&<yBk<
58
GWol`EP"rI1px/]ss|QpxfMf!0QQGew$MG]8CGaB=n$pHweou. Qr+LssE!pB@fl_U:fd<n,\5^SvijImcN|ZURm}P{r~o_% vUxoTx7SEvD~"nVu`#uRG|XF{Pf/F|;J:}HYnS8dXOc&+p\*oz bB4^H=iuqb}"&<yBk<
59
GWol`EP"rI1px/]ss|QpxfMf!0QQGew$MG]8CGaB=n$pHweou. Qr+LssE!pB@fl_U:fd<n,\5^SvijImcN|ZURm}P{r~o_% vUxoTx7SEvD~"nVu`#uRG|XF{Pf/F|;J:}HYnS8dXOc&+p\*oz bB3^H=iuqb}"&<yBk<
60
GWol`EP"rI1px/]ss|QpxfMf!0QQGew$MG]8CGaB=n$pHweou. Qr+LssE!pB@fl_U:fd<n-\5^SvijImcN|ZURm}P{r~o_% vUxoTx7SEvD~"nVu`#uRG|XF{Pf/F|;J:}HYnS8dXOc&+p\*oz bB3^H=iuqb}"&<yBk<
61
GWol`EP"rI1px/]ss|RpxfMg!0QQGew$MG]8CGaB=n$pHweou. Qr+LssE!pB@fl_U:fd<n,\5^SvijImcN|ZURm}P{r~o^% vUxoTx7SEvD}"nVu`#uRG|XF{Pf/F|;J:}HYnS8dXOc&+p\*oz bB4^H=iuqb|"&<yBk<
62
GWol`EP"rI1px/]ss|RpxfMg!0QQGew$MG]8CGaB=n$pHweou. Qr+LssE!pB@fl_U:fd<n,\5^SvijImcN|ZURm}P{r~o^% uUxoTx7SEvD}"nVu`#uRG|XF{Pf/F|;J:}HYnS8dXOc&+p\*oz bB4^H=iuqb|"&<yBk<
63
GWol`EP"rI1px/]ss|RpxfMg!0QQGew$MG]8CGaB=n$pHweou. Qr+LssE!pB@fl_U:fd<n,\5^SvijImcN|ZURm}P{r~o^% uUxoTx7SEvD}"nVu`#uRG|XF{Pf/F|;J:}HYnS8dXOc&+p\*oz bB4^H=iuqb|"&<yBk<
64
GWol`EP"rI1px/]ss|RpxfMg!0QQGew$MG]8CGaB=n$pHweou. Qr+LssE!pB@fl_U:fd<n,\5^SvijImcN|ZURm}P{r~o^% uUxoTx7SEvD}"nVu`#uRG|XF{Pf/F|;J:}HYnS8dXOc&+p\*oz bB4^H=iuqb|"&<xBk<
65
GWol`EP"rI1px/]ss|QpxfMf!0QQGev$MG^8CGaB=n$pHweot. Qr+MssE!pB@fl_U:fd<n,\5^SvijImcN|ZURm}P{r~o_% vUxoTx7SEvD~"nVu`#uRG|XF{Pf/F|;J:}HYnS8dXOc&+p\*pz bB4^H=iuqb}"'<yBk<
66
GWol`EP"rI1px/]ss|RpxfMg!0QQGew$MG]8CGaB=n$pHwfou. Qr+LssE!pB@fk_U:fd<n,\5^SvijImcN|ZURm}P{r~o^%!uUxoTx7SEvD}"nVu`#uRG|XF{Pf/F|;J:}HYnS8dXOc&+p\*pz bB4^H=iuqb|"&<yBk<
67
GWol`EP"rI1px/]ss|RpxfMg!0QQGew$MG]8CGaB=n$pHwfou.!Qr+LssE!pB@fk_U:fd<n,\5^SvijImcN|ZURm}P{r~o^%!uUxoTx7SEvD}"nVu`#uRG|XF{Pf/F|;J:}HYnS8dXOc&+p\*pz bB4^H=iuqb|"&<yBk<
68
GWol`EQ"rI1px/]ss|RpxfMg!0QQGew$MG]8CGaB=n$pHwfou.!Qr+LssE!pB@fk_U:fd<n,\5^SvijImcN|ZURm}P{r~o^%!uUxoTx7SEvD}"nVu`#uRG|XF{Pf/F|;J:}HYnS8dXOc&+p\*pz bB4^H=iuqb|"&<yBk<
69
GWol`EQ"rI1px/]ss|RpxfMg!0QQGew$MG]8CGaB=n$pHwfou.!Qr+LssE!pB@fk_U:fd<n,\5^SvijImcN|ZURm}P{r~o^%!uUxoTx7SEvD}"nVu`#uRG|XF{Pf/F|;J:}HYnS8dXOc&+p\*pz bB4^H=iuqb|"&<yBk<
70
GWol`EQ"rI1px/]ss|RpxfMg!0QQGew$MG]8CGaB=n$pHwfou.!Qr,LssE!pB@fk_U:fd<n,\5^SvijImcN|ZURm}P{r~o^%!uUxoTx7SEvD}"nVu`#uRG|XF{Pf/F|;J:}HYnS8dXOc&+p\*pz bB4^H=iuqb|"&<yBk<
71
GWol`EP"rI1px/]ss|QpxfMe!0QQGeu$MG]8CGaB=n$pHweot. Qr+MssE!pB@fl_U;fd<n,\5^SvijImcN|ZURm}P{r~o`% vUxoTx7SEvD~"nVu`#uRG|XF{Pf/F|;J:}HYnS8eXPc&+p\*oz bB4^H>huqb}"'>yBk<
72
GWol`EP"rI1px/]ss|QpxfMe!0QQGeu$MG]8CGaB=n$pHweot. Qr+MssE!pB@fl_U;fd<n,\5^SvijImcN|ZURm}P{r~o`% vUxoTx7SEvD~"nVu`#uRG|XF{Pf/F|;J:}HYnS8eXPc&+p\*oz bB4^H>huqb}"'>yBk<
73
GWol`EP"rI1px/]ss|QpxfMe!0QQGeu$MG]8CGaB=n$pHweot. Qr+MssE!pB@fl_U;fd<n,\5^SvijImcN|ZURm}P{r~o`%!vUxoTx7SEvD~"nVu`#uRG|XF{Pf/F|;J:}HYnS8eXPc&+p\*oz bB4^H>huqb}"'>yBk<
74
GWol`EP"rI1px/]ss|QpxfMe!0QQGeu$MG]8CGaB=n$pHweot. Qr+MssE!pB@fl_U;fd<n,\5^SvijImcN|ZURm}P{r~o`%!vUxoTx7SEvD~"nVu`#uRG|XF{Pf/F|;J:}HYnS8eXPc&+p\*oz bB4^H>huqb}"'>yBk<
75
GWol`EP"rI1px/]ss|QpxfMe!0QQGeu$MG]8CGaB=n$pHweot. Qr+MssE!pB@fl_U;fd<n,\5^SvijImcN|ZURm}P{r~o`%!vUxoTx7SEvD~"nVu`#tRG|XF{Pf/F|;J:}HYnS8eXPc&+p\*oz bB4^H>huqb}"'>yBk<
76
GWol`EP"rI1pw/]ss|RpxfMh!0QQGew$MG^9CGbB=m%oHweou. Pr+LssE!pB@fl_U:fd<n,\5^SvijImeN|ZURl}P{r~o^% uUxoTx7REvD}"nVu`#uRG|XF{Oe/F|;J;}HYnS7dXOc&+p\*oz bB4^H=iuqb|"&<yBk<
77
GWol`EP"rI1pw/]ss|RpxfMh!0QQGew$MG^9CGbB=m%oHweou. Pr+LssE!pB@fl_U:fd<n,\5^SvijImeN|ZURl}P{r~o^% uUxoTx7REvD}"nVu`#uRG|XF{Oe/F|;J;}HYnS7dXOc&+p\*oz bB4^H=iuqb|"&<yBk<
78
GWok`EQ"sJ1px/^ts|QpwfLe!/QQGfv%MF]8CG`B>n$pHucou. Qq*LstE!oC@gl`T:fd<n,]5_SuijHmcP{ZUSl}Q{q}o^& vUwoTx7TEvD~"nVv^"uRG|XFzQd0E|;K:}JYnS8cXQc'+p\*oz bC4_G=ivqa|"&=yBk<
79
GWok`EQ"sJ1px/^ts|QpwfLe!/QQGfv%MF]8CG`B>n$pHucou. Qq*LstE!oC@gl`T:fd<n,]5_SuijHmcP{ZUSl}Q{q}o^& vUwoTx7TEvD~"nVv^"uRG|XFzQd0E|;K:}JYnS8cXQc'+p\*oz bC4_G=ivqa|"&=yBk<
80
GWok`EQ"sJ1px/^ts|QpwfLe!/QQGfv%MF]8CG`B>n$pHucou. Qq*LstE!oC@gl`T:fd<n,]5_SuijHmcP{ZUSl}Q{q}o^& vUwoTx7TEvD~"nVv^"uRG|XFzQd0E|;K:}JYnS8cXQc'+p\*oz bC4_G=ivqa|"&=yBk<
81
GWok`EQ"sJ1px/^ts|QpvfLe!/QQGfv%MF]8CG`B>n$pHucou. Qq*LstE!oC@gl`T:fd<n,]5_SuijHmcP{ZUSl}Q{q}o^& vUwoTx7TEvD~"nVv^"uRG|XFzQd0E|;K:}JYnS8cXQc'+p\*oz bC4_G=ivqa|"&=yBk<
82
GWok`EQ"sJ1px/^tr|QpvfLe!/QQGfv%MF]8CG`B>n$pHucou. Qq*LstE!oC@gl`T:fd<n,]5_SuijHmcP{ZUSl}Q{q}o^& vUwoTx7TEvD~"nVv^"uRG|XFzQd0E|;K:}JYnS8cXQc'+p\*oz bC4_G=ivqa|"&=yBk<
83
GWol`EP"rI1px/]rs|RpxfMh!1QQGew$MG]9DGaB=n$oHwfou.!Qr+LssE!pB@gk_U:fd<n,\5^SvijImcN|ZURm}P{r~o_%!uUxoTx7SEvD}"nVu`"uRG|XF{Pe/F|;J:|HYnS8dXOc&+p\*pz bB4^H=huqb|"&<yBk<
84
GWol`EP"rI1px/]rs|RpxfMh!1QQGew$MG]9DGaB=n$oHwfou.!Qr+LssE!pB@gk_U:fd<n,\5^SvijImcN|ZURm}P{r~o_%!uUxoTx7SEvD}"nVu`"uRG|XF{Pe/F|;J:|HYnS8dXOc&+p\*pz bB4^H=huqb|"&<yBk<
85
GWol`EP"rI2px/]ss|QpxfMe!0QQGeu$LG]8DGaB=n#pIweot. Qq+MssE!pB@fl_U;fd<n,\5^SvijImcN|ZUSm}Pzr~o`& vUxoTx7SEvE~"nVu`#uSG|XF{Pf/F|;J:}HYnS8eXOc&+p\*oz cC4^H>huqb}"'>yBj<
86
GWol`EP"rI2px/]ss|QpxfMe!0QQGeu$LG]8DGaB=n#pIweot. Qq+MssE!pB@fl_U;fd<n,\5^SvijImcN|ZUSm}Pzr~o`& vUxoTx7SEvE~"nVu`#uSG|XF{Pf/F|;J:}HYnS8eXOc&+p\*oz cC4^H>huqb}"'>yBj<
87
GWol`EP"rI2px/]ss|QpxfMe!0QQGeu$LG]8DGaB=n#pIweot. Qq+MssE!pB@fl_U;fd<n,\5^SvijImcN|ZUSm}Pzr~o`& vUxoTx7SEvE~"nVu`#uSG|XF{Pf/F|;J:}HYnS8eXOc&+p\*oz cD4^H>huqb}"'>yBj<
88
GWol`EP"rI2px/]ss|QpxfMe!0QQGeu$LG]8DGaB=n#pIweot. Qq+MssE!pB@fl_U;fd<n,\5^SvijImcN|ZUSm}Pzr~o`& vUxoTx7SEvE~"nVu`#uSG|XF{Pf/F|;J:}HYnS8eXOc&+p\*oz cD4^H>huqb}"'>yBj<
89
GWol`EP"rI1qx/]rs|RpwfMh!0QQGew$MG]9CGaB=n$oHwfou.!Qr+LssE!pB@fk_U:fd<n,\5^SvijImcN|ZVRm}P{r~o^%!uUxoTx7SEvD}"nVt`"uRH|XF{Pd/F|;J:}IYnR8dXOc&+p\*pz bB4^H=huqb|"&<yCk<
90
GWnl`EP"rI1px/]ss|RpxfMg!0QQGew$MG]8CGbB=n$pHwfnu.!Qq+LssE!pB@fk_U:fd<n,\5^SvijHmcN|ZURm|P{r}o^&"uUxoTw7SDvE}"nVu`#uRG|XF{Pf0G|;J:}HYnS8dXOc%+p\*pz bB4^H=iuqb{"&<yBk<
91
GWol`EP"rI2px/]st|QpwfMe!0QQGeu$LG]8DGaB=n#pIweos. Qq+MssE"pB@fl_U;fd<n,\5^SvijImcN|ZUSm}Pzr~o`& vUxoTx7SEvE~"nVu`#uSG|XF{Pe/F|;J:}HYnS8eXOc&+p\*oz cC4^H>huqb}"'>yBj;
92
GWol`EP"rI2px/]st|QpwfMe!0QQGeu$LG]8DGaB=n#pIweos. Qq+MssE"pB@fl_U;fd<n,\5^SvijImcN|ZUSm}Pzr~o`& vUxoTx7SEvE~"nVu`#uSG|XF{Pe/F|;J:}HYnS8eXOc&+p\*oz cC4^H>huqb}"'>yBj;
93
GWol`EP"rI1qx/]rs|RpwfMh!0QQGew$MG]9CGaB=n$oHwfou.!Qr+LssE!pB@fk_U:fd<n,\5^SvijImcN|ZVRm}P{r~o^%!uUxoTx7SEvD}"nVt`"tRH|XF{Pd/F|;J:}IZnQ8dXOc&+p\*pz bB4^H=huqb|"&<yCk<
94
GWol`EP"rI1qx/]rs|RpwfMh!0QQGew$MG]9CGaB=n$oHwfou.!Qr+LssE!pB@fk_U:fd<n,\5^SvijImcN|ZVRm}P{r~o^%!uUxoTx7SEvD}"nVt`"tRH|XF{Pd/F|;J:}IZnQ8dXOc&+p\*pz bB4^H=huqb|"&<yCk<
95
FWol`EP"rI2px/]st|QpwfMe!0QQGeu$LG]8DGaB=n#oIweos. Qq+MssE!pB@fl_U;fd<n,\5^SvijImcN|ZUSm}Pzr~o`& vUxoTx7SEvE~"nVu`#uSG|XF{Pe/F|;J:}HYnS8eXOc&+p\*oz cC4^H>htqb}"'>yBj;
96
GWol`EP"rI2px/]st|QpwfMf!0QQGeu$LG]8EGaB=n#pIwens. Qq+MssE"pB@fl_U;fd<n,\5^SvijImcN|ZUSm}Pzr~o`& vUxoTx7SEvE~"nVu`#uTG|XF{Pe/F|;J:}HYnS8eXOc&+p\*oz cC4^H>huqb}"'>yBj;
97
GWol`EP"rI2px/]st|QpwfMf!0QQGeu$LG]8EGaB=n#pIvens. Qq+MssE"pB@fl_U;fd<n,\5^SvijImcN|ZUSm}Pzr~o`& vUxoTx7SEvE~"nVu`#uTG|XF{Pe/F|;J:}HYnS8eXOc&+p\*oz cC4^H>huqb}"'>yBj;
98
GWom`EP"rI2px/]st|QpwfMf!0QQGeu$LG]8EGaB=n#pIvens. Qq+MssE"pB@fl_U;fd<n,\5^SvijImcN|ZUSm}Pzr~o`' vUxoTx7SEvE~"nVu`#uTG|XF{Pe/F|;J:}HYnS8eXOc&+p\*oz cC4^H>huqb}"'>yBj;
99
GWom`EP"rI2px/]st|QpwfMf!0QQGeu$LG]8EGaB=n#pIvens. Qq+MssE"pB@fl_U;fd<n,\5^SvijImcN|ZUSm}Pzr~o`' vUxoTx7SEvE~"nVu`#uTG|XF{Pe/F|;J:}HYnS8eXOc&+p\*oz cC4^H>huqb}"'>yBj;
100
GWol`EP"rI1qx/]rs|RpwgMh!0QQGew$MG]9CGaB=m$oHwfou.!Pr+LssE!pB@fk_U:fd<n,\5^SvijImcN|ZVRm}P{r~o^%!uUxoTx7SEvD}"nVt`"uRH|XF{Pd/F|;J;}IZnR8dYOc&+p\*pz bB4^H?huqb{"&<yCk<
101
GWnk`EQ"sJ1px/]ts{QpwfLe!/QQGev%MF^8CG`B@n$pHvcou. Qq*LstF!oCAgk`T;fd<o-]5^RvijHmcPzZUSm}P{q}o^& vUwnTx7TEvD~#nVu^"uRG|XFzQd0F{;K:}JYnS8cXRd'+p\*oz bC4_G>huqa|"&=yBk;
102
GWol`EP"rI1px/]rs|SpxfMh!2QQGew$MH]9DGaB=n$oHwfou.!Qr+LssF!pB@gl^U:fd<o,\6^SviiImcN|ZURm}P{s~o_%!uUxoTx7SEvD}$nVu`!uRG|XF{Qe/F|;J:|IYnS8dXOc&+p\*pz bC4^H=huqb|"&<yBk;
103
GWol`EP"rI1px/]rs|SpxfMh!2QQGew$MH]9DGaB=n$oHwfou.!Qr+LssF!pB@gl^U:fd<o,\6^SviiImcN|ZURm}P{s~o_%!uUxoTx7SEvD}$nVu`!uRG|XF{Qe/F|;J:|IYnS8dXOc&+p\*pz bC4^H=huqb|"&<yBk;
104
GWnl`EP"rI1px/]ss|QpxfMe!0QQGev$MG]8CGaB=n$pHwfnu/ Pr+MssG!pAAfl_V=fd<n,\5^RtijImcN|ZURm}P{r~p_& vUxnTx7SEuD~"nUu`"uRG|VF{Pf/F|;J;}HYmS8eXOc$+p\*oy bB4^H>iuqc|"'>xBk<
105
GWnl`EP"rI1px/]ss|QpxfMe!0QQGev$MG^8CGaB=n$pHwfnu/ Pr+MssG!pAAfl_V=fd<n,\5^RtijImcN|ZURm}P{r~p_& vUxnTx7SEuD~"nUu`"uRG|VF{Pf/F|;J;}HYmS8eXOc$+p\*oy bB4^H>iuqc|"'>xBk<
106
GWnl`EP"rI1px/]ss|QpxfMe!0QQGev$MG^8CGaB=n$pHwfnu/ Pr+MssG!pAAfl_V=fd<n,\5^RtijImcN|ZURm}P{r~p_& vUxnTx7SEuD~"nUu`"uRG|VF{Pf/F|;J<}HYmS8eXOc$+p\*oy bB4^H>iuqc|"'>xBk<
107
GWnl`EP"rI1px/]ss|QpxfMe!0QQGev$MG^8CGaB=n$pHwfnu/ Pr+MssG!pAAfl_V=fd<n,\5^RtijImcN|ZURm}P{r~p_& vUxnTx7SEuD~"nUu`"uRG|VF{Pf/F|;J;}HYmS8eXOc$+p\*oy bB4^H>iuqc|"(>xBk<
108
GWnl`EP"rI1px/]ss|QpxfMe!0QQGev$MG^8CGaB=n$pHwfnu/ Pr+MssG!pAAfl_V=fd<n,\5^RtijImcN|ZURm}P{r~p_& vUxnTx7SEuE~"nUu`"uRG|VF{Pf/F|;J;}HYmS8eXOc$+p\*oy bB4^I>iuqc|"(>xBk<
109
GWnl`EP"rI1px/]ss|QpxfMe!0QQGev$MG^8CGaB=n$pHwfnu/ Pr+MssG!pAAfl_V=fd<n,\5^RtijImcN|ZURm}P{r~p_& vUxnTx7SEuE~"nUu`"uRG|VF{Pf/F|;J;}HYmS8eXOc$+p\*oy bB4^I>iuqc|"(>xBk<
110
FWnl`EP"rI2px/]st|QowfMe!0QQGeu$LG]8DGaB>n#oIweos. Qq+MssE"pBAfl_U;fd<n-\5^SvijImdO|ZUSm|Pzr~o`& vVxoTx7SEvE~"nVu`#uSG{XF{Pf/F|;J:}HYmS8eXOc%,p\*oz cD4^H>huqb}"'>yCj;
111
GWnl`EP"rI1px/]ss|QpxfMe!0QRGev$MG^8CGaB=n$pHwfnu/ Pr+MssG!pAAfl_V=fd<n,\5^RtijImcN|ZURm}P{r~p_& vUxnTx7SEuE~"nUu`"uRG}VF{Pf/F|<J;}HYmS8eXOc$+p\*oy bB4^I>iuqc|"(?xBk<
112
GWnl`EP"rI1px/]ss|QpxfMe!0QRGev$MG^8CGaB=n$pHwfnu/ Pr+MssG!pAAfl_V=fd<n,\5^RtijImcN|ZURm}P{r~p_& vUxnTx7SEuE~"nUu`"uRG}VF{Pf/F|<J;}HYmS8eXOc$+p\*oy bB4^I>iuqc|"(?xBk<
113
GWnl`FP"rI1px/]ss|QpxfMe!0QRGev$MG^8CGaB=n$pHwfnu/ Pr+MssG!pAAfl_V=fd<n,\5^RtijImcN|ZURm}P{r~p_& vUxnTx7SEuE~"nUu`"uRG}VF{Pf/F|<J;}HYmS8fXOc$+p\*oy bB4^I>iuqc|"(?xBk<
114
GWnl`FP"rI1px/]ss|QpxfMe!0QRGev$MG^8CGaB=n$pHwfnu/ Pr+MssG!pAAfl_V=fd<n,\5^RtijImcN|ZURm}P{r~p_& vUxnTx7SEuE~"nUu`"uRG}VF{Pf/F|<J;}HYmS8fXOc$+p\*oy bB4^I>iuqc|"(?xBk<
115
GWnl`FP"rI1px/]ss|QpxfMe!0QRGev$MG^8CGaB=n$pHwfnu/ Pr+MssG!pAAfl_V=fd<n,\5^RtijImcN|ZURm}P{r~p_& vUxnTx7SEuE~"nUu`"uRH}VF{Pf/F|<J;}HYmS8fXOc$+p\*oy bB4^I>iuqc|"(?xBk<
116
GWnl`FP"rI2px/]ss|QpxfMe!0QRGev$MG^8CGaB=n$pHwfnu/ Pr+MssG!pAAfl_V=fd<n,\5^RtijImcN|ZURm}P{r~p_& vUwnTx7SEuE~"nUu`"uRH}VF{Pf/F|<J;}HYmS8fXOc$+p\*oy bB4^I>iuqc|"(?xBk<
117
GWnl`FP"rI2px/]ss|QpxfMe!0QRGev$MG^8CGaB=n$pHwfnu/ Pr+MssG!pAAfl_V=fd<n,\5^RtijImcN|ZURm}P{r~p_& vUwnTx7SEuE~"nUu`"uRH}VF{Pf/F|<J;}HYmS8fXOc$+p\*oy bB4^I>iuqc|"(?xBk<
118
GWnl`FP"rI2px/]ss|QpxfMe!0QRGev$MG^8CGaB=n$pHwfnu/ Pr+MssG!pAAfl_V=fd<n,\5^RtijImcN|ZURm}P{r~p_& vUwnTx7SEuE~"nUu`"uRH}VF{Pf/F|<J;}HYmS8fXOc$+p\*oy bB4^I>iuqc|"(?xCk<
119
GWnl`FP"rI2px/]ss|QpxfMe!0QRGev$MG^8CGaB=n$pHwfnu/ Pr+MssG!pAAfk_V=fd<n,\5^RtijImcN|ZURm}P{r~p_& vUwnTx7SEuE~"nUu`"uRH}VF{Pf/F|<J;}HYlS8fXOc$+p\*oy bB4^I>iuqc|"(?xBk<
120
GWnl`FP"rI2px/]ss|QpxfMe!0QRGev$MG^8CGaB=n$pHwfnu/ Pr+MssG!pAAfk_V=fd<n,\5^RtijImcN|ZURm}P{r~p_& vUwnTx7SEuE~"nUu`"uRH}VF{Pf/F|<J;}HYlS8fXOc$+p\*oy bB4^I>iuqc|"(?xBk<
121
GWnl`EP"sI1px/]rs|QpxfMg!0QRGev$MG^8CGaB>m$pHwfnu/ Pr+LssG!pAAfl_V=fd<o,\5^RtijImcN|ZURm}P{r~p_& vUxnTx7SEuE~!nUu`"uRG}VF{Pf/F|<J;}HYlR8eXOc$+p\*oy bB4]I>iuqc|"(?xBk<
122
GWnl`EP"sI1px/]rs|QpxfMg!0QRGev$MG^8CGaB>m$pHwfnu/ Pr+LssG!pAAfl_V=fd<o,\5^RtijImcN|ZURm}P{r~p_& vUxnTx7SEuE~!nUu`"uRG}VF{Pf/F|<J;}HYlR8eXOc$+p\*oy bB4]I>iuqc|"(?xBk<
123
GWnl`EP"rI1qx/]ss|QoxfMe"0QQGev$MG_8CGaB=n$pHwfnu/ Pr+MssG!pAAfl_V=fd<n,\5^RtijImcN|ZUSm}Q{s~p_& vUxnTx7SEuE~"nUu`"tRG|VF{Pe/F|;J;}HXmS8eXOc$+p\+oy bB4^I>iuqc|"(>xBj;
124
GWnl`EP"rI1pw/]ss|QpxfNg!0QRGev$MH^8CGaB=n$pHufnu/ Pr+MssF!pAAfl_V=fd<n,\5^RtijImcN|ZURm}P{r~p_& vUwmTx7SEuE~!nUu`"uRG}VF{Pf/F|<J;}HYmS8eXOc$+p\*ox bB3^I>iuqc|")?xBk<
125
GWnl`EP"rI1pw/]ss|QpxfNh!0QRGev$MH^8CGaB=n$pHufnu/ Pr+MssF!pAAfl_V=fd<n,\5^RtijImcN|ZURm}P{r~p_& vUwmTx7SEuE~!nUu`"tRG}VF{Pf/F|<J;}HYmS8eXOc$+p\*ox bB3^I>iuqc|")?xBk<
126
GWnl`EP"rI1pw/]ss|QpxfNh!0QRGev$MH^8CGaB=n$pHufnu/ Pr+MssF!pAAfl_V=fd<n,\5^RtijImcN|ZURm}P{r~p_& vUwmTx7SEuE~!nUu`"tRG}VF{Pf/F|<J;}HYmS8eXOc$+p\*ox bB3^I>iuqc|")?xBk<
127
GWnl`FP"rI2px/]ss|QpxfMe!0QRGev$MG^8CGaB=n$pHwfnu/ Pr+NssG!pAAfl_V=fd<n,\5_RtijImcN|ZURm}P{r~q_& vUwnTx8SEuE~"nUt`"uRH}VF{Qf/F|<J<}HYmS8fXOc$+p\*oy bB4^I>iuqc{"(@xBk<
128
GWnl`FP"rI2px/]ss|QpxfMe!0QRGev$MG^8CGaB=n$pHwfnu/ Pr+NssG!pAAfk_V=fd<n,\5_RtijImcN|ZURm}P{r~q_& vUwnTx8SEuE~"nUt`"uRH}VF{Qf/F|<J<}HYmS8fXOc$+p\*oy bB4^I>iuqc{"(@xBk<
129
GWnl`FP"rI2px/]ss|QpxfMe!0QRGev$MG^8CGaB=n$pHwfnu/ Pr+NssG!pAAfk_V=fd<n,\5_RtijImcN|ZURm}P{r~q_& vUwnTx8SEuE~"nUt`"uRH}VF{Qf/F|<J<}HYmS8fXOc$+p\*oy bB4^I>iuqc{"(@xBk<
130
GWnl`FP"rI2px/]ss|QpxfMe!0QRGev$MG^8CGaB=n$pHwfnu/ Pr+NssG!pAAfk_V=fd<n,\5_RtijImcN|ZURm}P{r~q_& vUwnTx8SEuE~"nUt`"uRH}VF{Qf/F|<J<}HYmS8fXOc$+p\*oy bB4^I>iuqc{"(@xBk<
131
GWml`EP"rI1pw/]ss|QpxfNh!0QRGev$MH^8CGaB=n$pHugnu/ Pr+MssF!pAAfl_V=fd<n,\5^RtijImcN|ZURm}P{r~p_& vUwmTx7SEuE~!nUu`"tRG}VF{Pf/F|<K;}HYmS8eXOc#+p\*ox bB3^I>iuqc|")?xBk<
132
GWml`EP"rI1pw/]ss|QpxfNh!0QRGev$MH^8CGaB=n$pHugnu/ Or+MssF!pAAfl_V=fd<n,\5^RtijImcN|ZURm}P{r~p_& vUwmTx7SEuE~!nUu`"tRG}VF{Pf/F|<K;}HYmS8eXOc#+p\*ox bB3^I>iuqc|")?xBk<
133
GWml`EP"rI1pw/]ss|QpxfNh!0QRGev$MH^8CGaB=n$pHugnu/ Or+MssF!pAAfl_V=fd<n,\5^RtijImcN|ZURm}P{r~p_& vUwmTx7SEuE~!nUu`"tRG}VF{Pf/F|<K;}HYmS8eXOc#+p\*ox bB3^I>iuqc|")?xBk<
134
GWnl`FP"rI3px/]rs|QpxfMe!0QRGev$MG^8CGaB=n$pHwfnu/ Pr+NssG!pAAfk_V=fd<n,\5_RtiiImcN|ZURm}P{r~q_& vUwnTx8SEuE~"nUt`"uRH}VF{Qf/F|<J<}HYmS8fXOc$+p\*oy bB4^I>iuqc{"(@wBk<
135
GWnl`EP"rI1pw/]sr|QpxfNh!0QRGev$MH^8DGbB=n$pHufnt/ Pr+MssF!pAAfl_V=fd<n,\5^RtijImcN|ZURm}P{r~p_& uUwmTx7TEuE~!nUu`"tRG}VFzPf/F|;J;}HYmS8fXOd$,p\*ox bB3^I>iuqc|"(?xBk<
136
GWnl`EP"rI1pw/]sr|QpxfNh!0QRGev$MH^9DGbB=n$pHufnt/ Pr+MssF!pAAfl_V=fd<n,\5^RtijHmcN|ZURm}P{r~p_& uUwmTx7TEuE~!nUu`"tRG}VFzPf/F|;J;}HYmS8fXOd$,p\*ox bB3^I>iuqc|"(?xBk<
137
GWnl`EP"rI1pw/]sr|QpxfNh!0QRGev$MH^9DGbB=n$pHufnt/ Pr+MssF!pAAfl_V=fd<n,\5^RtijHmcN|ZURm}P{r~p_& uUwmTx7TEuE~!nUu`"tRG}VFzPf/F|;J;}HYmS8fXOd$,p\*ox bB3^I>iuqc|"(?xBk<
138
GWnl`EP"rI1pw/]sr|QoxfNh!0QRGev$MH^9DGbB=n$pHufnt/ Pr+MssF!pAAfl_V=fd<n,\5^RtijHmcN|ZURm}P{r~p_& uUwmTx7TEuE~!nUu`"tRG}VFzPf0F|;J;}HYmS8fXOd$,p\*ox bB3^I>iuqc|"(?xBk<
139
GWnl`EP"rI1pw/]sr|QoxfNh!0QRGev$MH^9DGbB=n$pHufnt/ Pr+MssF!pAAfl_V=fd<n,\5^RtijHmcN|ZURm}P{r~p_& uUwmTx7TEuE~!nUu`"tRG}VFzPf0F|;J;}HYmS8fXOd$,p\*ox bB3^I>iuqc|"(?xBk<
140
GWnl`EP"rI1pw/]sr|QoxfNh!0QRGev$MH^9DGbB=n$pHufnt/ Pr+MssF!pAAfl_V=fd<n,\5^RtijHmcN|ZURm}P{r~p_& uUwmTx7TEuE~!nUu`"tRG}VFzPf0F|;J;}HYmS8fXOd$,p\*ox bB3^I>iuqc|"(?xBk<
141
GWnl`EP"rI1pw/]rr|QoxfNh!0PRGev$MH^9DGbB=n$pHufnt/ Pr+MssF!pAAfl_V=fd<n,\5^RtijHmcN|ZURm}P{r~p_& uUwmTx7TEuE~!nUu`"tRG}VFzPf0F|;J;}HYmS8fXOd$,p\*ox bB3^I>iuqc|"(?xBk<
142
GWnl`EP"rI1pw/]rr|QoxfNh!0PRGev$MH^9DGbB=n$pHufnt/ Pr+MssF!pAAfl_V=fd<n,\5^RtijHmcN|ZURm}P{r~p_& uUwmTx7TEuE~!nUu`"tRG}VFzPf0F|;J;}HYmT8fXOd$,p\*ox bB3^I>iuqc|"(?xBk<
143
GWnl`EP"rI1pw0]sr|QpxfNh!0QRGev$MH^9DGbB=n$pHufnt/ Pr+MssF!pAAfl_V=fd<n-\5^RtijHmcN|ZURm}P{r~p_& uUwmTx7TEuE~!nUu`!tRG}VFzPf0F|;J;}HYmS8fXOd$,p\*ox bB3^I>iuqc|"(?xBk<
144
GWnl`EP"rI1pw0]sr|QpxfNh!0QRGev$MH^9DGbB=n$pHufnt/ Pr+MssF!pAAfl_V=fd<n-\5^RtijHmcN|ZURm}P{r~p_& uUwmTx7TEuE~!nUu`!tRG}VFzPf0F|;J;}HYmS8fXOd$,p\*ox bB3^I>iuqc|"(?xBk<
145
GWnl`EP"rI1pw/]sr|QoxfNh!0QRGev$MH^9DGbB=n$pHufnt/ Or+MstF!pAAfl_V=fd<n,\5^RtijHmcN|ZURm}P{r~p_&!uUwmTx7TEuE~!nUu`"tRG}VFzPf0F|<J;}HYmS8fXOd$,p\*ox bB3^I>iuqc|"(?xBk<
146
GWnl`EP"rI1pw/]sr|QoxfNh!0QRGev$MH^9DGbB=n$pHufnt/ Or+MstF!pAAfl_V=fd<n,\5^RtijHmcN|ZURm}P{r~p_&!uUwmTx7TEuE~!nUu`"tRG}VFzPf0F|<J;}HYmS8fXOd$,p\*ox bB3^I>iuqc|"(?xBk<
147
EWnl`EP"rI1pw/]sr|QoxfNh!1QRGfv$MH^9DGbB=n$pHufnt/ Pr+MssF!pAAgl_V=fd<n-\5^RtijHmcN|ZURm}P{r~p_& uUwmTx7TEvE~!nUu`"tRG}VFzPf0F|;J;}HYmS8fXOe$,p\)ox bB3^I>iuqc|"(?xBk<
148
GWnl`EP!rI1pw/]rr|QoxfNi!0QRGev$MH^9DGbB=n$pHufnt/!Pr+MssF!pAAfl_V=fd<n,\5^RtijHmcN|ZURm}P{r~p_& uUwmTx7TEuE~!nUu`"tSG}VFzPf0F|;J;}HYmS8fXOd$,p\*ox bB3^I>iupc|"(?xBk<
149
GWnl`EP!rI1pw/]rr|QoxfNi!0QRGev$MH^9DGbB=n$pHufnt/!Pr+MssF!pAAfl_V=fd<n,\5^RtijHmcN|ZURm}P{r~p_& uUwmTx7TEuE~!nUu`"tSG}VFzPf0F|;J;}HYmS8fXOd$,p\*ox bB3^I>iupc|"(?xBk<
150
GWnl`EP"rI1pv/]rr|RoxfNh!1QRGev$MH^:DGbB=n$pHufmt/ Pr+MssF!pAAfl_V=fd<n,\5^RtiiHmcN|ZURm}P{r~p_% uUvmTx8TEuE~!nUu`"tRG}VFzPf0F|;J;}HYmS8fXOd$,p\*ox bB3^I>iuqc|"(@xBk<
151
GWnl`EP"rI1pv/]rr|RoxfNh!1QRGev$MH^:DGbB=n$pHufmt/ Pr+MssF!pAAfl_V=fd<n,\5^RtiiHmcN|ZURm}P{r~p_& uUvmTx8TEuE~!nUu`"tRG}WFzPf0F|;J;}HYmS8fXOd$,p\*ox bB3^I>iuqc|"(@xBk<
152
GWnl`EP"rI1pv/]rr|RoxfNh!1QRGev$MH^:DGbB=n$pHufmt/ Pr+MssF!pAAfl_V=fd<n,\5^RtiiHmcN|ZURm}P{r~p_& uUvmTx8TEuE~!nUu`"tRG}WFzPf0F|;J;}HYmS8fXOd$,p\*ox bB3^I>iuqc|"(@xBk<
153
GWnl`EP"rI1pv/]rr|RoxfNh!1QRGev$MH^:DGbB=n$pHufmt/ Pr+MssF!pAAfl_V=fd<n,\5^RtiiHmcN|ZURm}P{r~q_% uUvmTx8TEuE~!nUu`"tRG}VFzPf0F|;J;}HYmS8fXOd$,p\*ox bB3^I>iuqc|"(@xBk<
154
GWnl`EP"rI1pw/]sr|QoxfNh!0QRGev$MH_9DGbB>n$pHufnt/ Or+MssF!pABfl_V=fd<n,\5^RtijHmcO|ZURm}P{r~p_& uUwmTx7TDuE~!nUu`"tRG}VFzPf0G|;K;}HYlS8fXOd$,p\*px bB3^I>iuqc|"(?xBj<
155
GWnl`EP"rI1pw/]sr|QoxfNh!0QRGev$MH_9DGbB>n$pHufnt/ Or+MssF!pABfl_V=fd<n,\5^RtijHmcO|ZURm}P{r~p_& uUwmTx7TDuE~!nUu`"tRG}VFzPf0G|;K;}HYlS8fXOd$,p\*px bB3^I>iuqc|"(?xBj<
156
GWnl`EQ"rJ1pw/]sr|QoxfNh!1QRGev$MH^9DGbB=l$pHufnt/ Or+MstF!pAAfl_V=fd<n,\5^RtijHncN{ZURm}P{r~p_&!uUwmTx7TEuE~!nUu`!tRG}VFzPf0F{<J;}HYlS8fXOd$,p\*ox bB3^I>iuqc|"(?xBk<
157
GWnl`EQ"rJ1pw/]sr|QoxfNh!1QRGev$MH^9DGbB=l$pHufnt/ Or+MstF!pAAfl_V=fd<n,\5^RtijHncN{ZURm}P{r~p_&!uUwmTx7TEuE~!oUu`!tRG}VFzPf0F{<J;}HYlS8fXOd$,p\*ox bB3^I>iuqc|"(?xBk<
158
GWnl`EQ"rJ1pw/]sr|QoxfNh!1QRGev$MH^9DGbB=l$pHufnt/ Or+MstF!pAAfl_V=fd<n,\5^RtijHncN{ZURm}P{r~p_&!uUwmTx7TEuE~!oUu`!tRG}VFzPf0F{<J;}HYlS8fXOd$,p\*ox bB3^I>iuqc|"(?xBk<
159
GWnl`EQ"rJ1pw/]sr|QoxfNh!1QRGev$MH^9DGbB=l$pHufnt/ Or+MstF!pAAfl_V=fd<n,\5^RtijHncN{ZURm}P{r~p_&!uUwmTx7TEuE~!oUu`!tRG}VFzPf0F{=J;}HYlS8fXOd$,p\*ox bB3^I>iuqc|"(?wBk<
160
GWnl`EQ"rJ1pw/]sr|QoxfNh!1QRGev$MH^9DGbB=l$pHufnt/ Or+MstF!pAAfl_V=fd<n,\5^RtijHncN{ZURm}P{r~p_&!uUwmTx7TEuE~!oUu`!tRG}VFzPf0F{=J;}HYlS8fXOd$,p\*ox bB3^I>iuqc|"(?wBk<
161
GWnl`EQ"rJ1pw/]sr|QoxfNh!1QRGev$MH_9DGbB=l$pHufnt/ Or+MstF!pAAfl_V=fd<n,\5^RtijHncN{ZURm}P{r~p_&!uUwmTx7TEuE~!oUu`!tRG}VFzPf0F{=J;}HYlS8fXOd$,p\*ox bB3^I>iuqc|"(?wBk<
162
GWnl`EQ"rJ1pw/]sr|QoxfNh!1QRGev$MH_9DGbB=l$pHufnt/ Or+MstF!pAAfl_V=fd<n,\5^RtijHncN{ZURm}P{r~p_&!uUwmTx7TEuE~!oUu`!tRG}VFzPf0F{=J;}HYlS8fXOd$,p\*ox bB3^I>iuqc|"(?wBk<
163
FWnl`EQ"sI1pw1^ss|QpxfOg!/QRHdv%MH^8DFbB=n$pHvfnu/!Pr,MssE"pAAgl_V>gd<n.\5^RthiIndN{ZUSm}P{t|p_& vUwmTx7SEuE~!nUua"uSG}UF{Qf/F|<J:}KYlS9fXOc$+p\*ox cB2^H>iuqd|"(?xBk<
164
FWnl`EQ"sI1pw1^ss|QpxfOg!/QRHdv%MH^8DFbB=n$pHvfnu/!Pr,MssE"pAAgl_V>gd<n.\5^RthiIndN{ZUSm}P{t|p_& vUwmTx7SEuE~!nUua"uSG}UF{Qf/F|<J:}KYlS9fXOc$+p\*ox cB2^H>iuqd|"(?xBk<
165
FXnl`EQ"sI1pw1^ss|QpxfOg!/QRHdv%MH^8DFbB=n$pHvfnu/!Pr,MssE"pAAgl_V>gd<n.\5^RthiIndN{ZUSm}P{t|p_& vUwmTx7SEuE~!nUua"uSG}UF{Qf/F|<J:}KYlS9fXOc$+p\*ox cB2^H>iuqd|"(?xBk<
166
FXnl`EQ"sI1pw1^ss|QpxfOg!/QRHdv%MH^8DFbB=n$pHvfnu/!Pr,MssE#pAAgl_V>gd<n.\5^RthiIndN{ZUSm}P{t|p_& vUwmTx7SEuE~!nUua"uSG}UF{Qf/F|<J:}KYlS9fXOc$+p\*ox cB2^H>iuqd|"(?xBk<
167
FXnl`EQ"sI1pw1^ss|QpxfOg!/QRHdv%MH^8DFbB=n$pHvfnu/!Pr,MssE#pAAgl_V>gd<n.\5^RthiIndN{ZUSm}P{t|p_& vUwmTx7SEuE~!nUua"uSG}UF{Qf/F|<J:}KYlS9fXOc$+p\*ox cB2^H>iuqd|"(?xBk<
168
FXnlaEQ"sI1pw1^ss|QpxfOg!/QRHdv%MH^8DFbB=n$pHvfnu/!Pr,MssE#pAAgl_V>gd<n.\5^RthiIndN{ZUSm}P{t|p_& vUwmTx7SEuE~!nUua"uSG}UF{Qf/F|<J:}KYlS9fXOc$+p\*ox cB2^H>iuqd|"(?xBk<
169
FXnlaEQ"sI1pw1^ss|QpxfOg!/QRHdv%MH^8DFbB=n$pHvfnu/!Pr,MssE#pAAgl_V>gd<n.\5^RthiIndN{ZUSm}P{t|p_& vUwmTx7SEuE~!nUua"uSG}UF{Qf/F|<J:}KYlS9fXOc$+p\*ox cB2^H>iuqd|"(?wBk<
170
FXnlaEQ"sI1pw1^ss|QpxfOg!/QRHdv%MH^8DFbB=n$pHvfnu/!Pr,MssE#pAAgl_V>gd<n.\5^RthiIndN{ZUSm}P{t|p_& vUwmTx7SEuE~!nUua"uSG}UF{Qf/F|<J:}KYlS9fXOc$+p\*ox cB2^H>iuqd|"(?wBk<
171
FXnlaEQ"sI1pw1^ss|QpxfOg!/QRHdv%MH^8DFbB=n$pHvfnu/!Pr,NssE#pAAgl_V>gd<n.\5^RthiIndN{ZUSm}P{t|p_& vUwmTx7SEuE~!nUua"uSG}UF{Qf/F|<J:}KYlS9fXOc$+p\*ox cB2^H>iuqd|"(?wBk<
172
FXnlaEQ"sI1pw1^ss|QpxfOg!/QRHdv%MH^8DFbB=n$pHvfnu/!Pr,NssE#pAAgl_V>gd<n.\5^RthiIndN{ZUSm}P{t|p_& vUwmTx7SEuE~!nUua"uSG}UF{Qf/F|<J:}KYlS9fXOc$+p\*ox cB2^H>iuqd|"(?wBk<
173
FWnl`EQ"sI1pw1^ss|QpxfOg!/QRHdv%MH^8DFbB=n$pHvfmu/!Pr,MssE"pAAgl_V>gd<n.\5^QthiIndN{ZUSm}P{t|p_& vUwmTx8SEuE~!nUua"uSG}UF{Rf/F|=J:}KYlS9fXOc$+p\*ox cB2^I?iuqd|"(?xBk<
174
FWnl`EP"rI1pw/]sr|QoxfOh!0QRGeu$MH_9DGbB>n$pHtfnt/!Or+MrsF!pABfl_V=fd<n,\5^RtiiHmcO|ZURl}P{r~p_' uUwmUx7TDuE~!nUu`"tRH}VFzPf0G|;K;}HZlS8fXPd$,q\*px cB2^I?iuqc{"(?xBk<
175
FWnl`EP"rI1pw/]sr|QoxfOh!0QRGeu$MH_9DGbB>n$pHtfnt/"Or+MrsF!pABfl_V=fd<n,\5^RtiiHmcO|ZURl}P{r~p_'!uUwmUx7TDuE~!nUu`"tRH}VFzPf0G|;K;}HZlS8fXPd$+q\*px cB2^I?iuqc{"(?xBk<
176
FWnl`EQ"sI1pw1^ss|QpxfOg!/QRHdv%MH^8DFbB=n$oHvfnu/!Pq,MssE"pABgl_V>gd=n.\5^RthiIneN{ZUSm}P{t{p_& vUwmTx7SEtE~!nTua"uSG}UF{Qf/F|<J:}KYkS9fXOc$+p\*ox cB2^H?iuqd|"(?xBk<
177
FWnl`EQ"sI1pw1^ss|QpxfOg!/QRHdv%MH^8DFbB=n$oHvfnu/!Pq,MssE"pABgl_V>gd=n.\5^RthiIneN{ZUSm}P{t{p_& vUwmTx7SEtE~!nTua"uSG}UF{Qf/F|<J:}KYkS9fXOc$+p\*ox cB2^H?iuqd|"(?xBk<
178
FWnl`EP"rI1pw/]sr|QoxfOh!0QRGeu$MH_9EGbB>n$pHtfnt/"Or+MrsF!pABfl_V=fd<n,\5^RtiiHmcO|ZURl}P{r}p_'!uUwmUx7TDuE~!nUu`"tRH}VFzPf0G|;K;}HZlS8fXPd$+q\*px cB2^I?iuqc{"(?xBk<
179
FWnl`EP"rI1pw/]sr|QoxfOh!0QRGeu$MH_9EGbB>n$pItfnt/"Or+MrsF!pABfl_V=fd<n,\5^RtiiHmcO|ZURl}P{r}p_'!uUwmUx7TDuE~!nUu`"tRH}VFzPf0G|;K;}HZlS8fXPd$+q]*px cB2^I?iuqc{"(?xBk<
180
FWnl`EP"rI1pw/]sr|QoxfOh!0QRGeu$MH_9EGbB>n$pItfnt/"Or+MrsF!pABfl_V=fd<n,\5^RtiiHmcO|ZURl}P{r}p_'!uUwmUx7TDuE~!nUu`"tRH}VFzPf0G|;K;}HZlS8fXPd$+q]*px cB2^I?iuqc{"(?xBk<
181
FWnl`EP"rI1pw/]sr|QoxfOh!0QRGeu$MH_9EGbB>n$pItfnt/"Or+MrsF!pABfl_V=fd<n,\5^RtiiHmcO|ZURl}P{r}p_'!uUwmUx7TDuE~!nUu`"tRH}VFzPf0G|;K;}HZlS8fXPd$+q]*px cB2^I?iuqc{"(?xBk<
182
FWnl`EP"rI1pv/]sr|QoxfOh!0QRGeu$MH_9EGbB>n$pItfnt/"Or+MrsF!pABfl_V=fd<n,\5^RtiiHmcO|ZURl}P{r}p_'!uUwmUx7TDuE~!nUu`"tRH}VFzPf0G|;K;}HZlS8fXPd$+q]*px cB2^I?iuqc{"(?xBk<
183
FWnl`EP"rI1pv/]sr|QoxfOh!0QRGeu$MH_9EGbB>n$pItfnt/"Or+MrsF!pABfl_V=fd=n,\5^RtiiHmcO|ZURl}P{r}p_'!uUwmUx7TDuE~!nUu`"tRH}VFzPf0G|;K<}HZlS8fXPd$+q]*px cB2^I?iuqc{"(?xBk<
184
FWnl`EP"rI1pw/]sr|QoxfOh!0QRGeu$MH_9EGbB>n$pItfnt/"Or+MrsF!pABfl_V=fd<n,\5^RtiiHmcO|ZURl}P{r}p_(!uUwmUx7TDuE~!nUu`"tRH}VFzPf0G|;K;}HZlS8fXPd$+q]*px cB2^I?iuqd{"(?xBk;
185
FWnl`EP"rI1pw/]sr|QoxfOh!0QRGeu$MH_9EGbB>n$pItfnt/"Or+MrsF!pABfl_V=fd<n,\5^RtiiHmcO|ZURl}P{r}p_(!uUwmUx7TDuE~!nUu`"tRH}VFzPf0G|;K<}HZlS8fXPd$+q]*px cB2^I?iuqd{"(?xBk;
186
FWnk`EP"rI1pw/]sr|QoxfOh!0QRGeu$MH_9EGbB>n$pItfnt/"Or+MrsF!pABfl_V=fd<n,\5^QtiiHmcO|ZURl}P{r}p_'!uUwmUx7TDuE~!nUu`!tRH}VFzPf0G|;K;}HZlS9fXPd$+q]*py cB2^I?iuqc{")?xBk;
187
FWnk`EP"rI1pw/]sr|QoxfOh!0QRGeu$MH_9EGbB>n$pItfnt/"Or+MrsF!pABfl_V=fd<n,\5^QtiiHmcO|ZURl}P{r}p_'!uUwmUx7TDuE~!nUu`!tRH}VFzPf0G|;K;}HZlS9fXPd$+q]*py cB2^I?iuqc{")?xBk;
188
FWnl`EQ"tI1pw1^ss|QoxfOg!/QRHdv&MH^8DFbB=n$oHufnu/!Pq,MssE"pABgl_V>ge=n.\5^RthiIoeN{ZUSm}Pzt{p_& vUwmTx7SEtE~!nTua"uSG}UF{Qf/F|<J:}KYkS9fXPc$+p\*ow cB2^H?iuqd|"(?xBk<
189
EWnl`EP"rI1pw/]sq|QoxfOh!0QRGeu$MI_9DGcC?m$pHtfnt/#Oq+MrsF!pABfl_V=fd<n,\5_RtiiHncO|ZURl}P{r~p_' uUwlUx7TDuE~!nUu`"tRH}VFzPf0G|;K;}HZlS8fXPd$+q\*px cB2^I?iuqc{"(?xBk<
190
EWnl`EP"rI1pw/]sq|QoxfOh!0QRGeu$MI_9DGcC?m$pHtfnt/#Oq+MrsF!pABfl_V=fd<n,\5_RtiiHncO|ZURl}P{r~p_' uUwlUx7TDuE~!nUu`"tRH}VFzPf0G|;K;}HZlS8fXPd$+q\*px cB2^I?iuqc{"(?xBk<
191
FWnl`EQ"tI1pw1^ss|QpxfOg!/QSHdv&MH^8DFbB=n$oHufnu0!Pq,MssE"pABgl_V>ge=o.\5^RthiIoeNzZUSm}Pzt{p_& vUwmTx7SEtE~!nTua"uSG}UF{Qf/F|<J:}KYkS9fXPc$+p\*ow cB2^H?iuqd|"(?xBk<
192
FWnl`EQ"tI1pw1^ss|QpxfOg!/QSHdv&MH^8DEbB=n$oHufnu0!Pq,MssE"pABgl_V>ge=o.\5^RthiIoeNzZUSm}Pzt{p_& vUwmTx7SEtE~!nTua"uSG}UF{Qf/F|<J:}KYkS9fXPc$+p\*ow cB2^H?iuqd|"(?xBk<
193
FWnl`EQ"tI1pw1^ss|QpxfOg!/QSHdv&MH^8DEbB=n$oHufnu0!Pq,MssE"pABgl_V?ge=o.\5^RthiIoeNzZUSm}Pzt{p_& vUwmTx7SEtE~!nTua"uSG}UF{Qf/F|<J:}KYkS9fXPc$+p\*ow cB2^H?iuqd|"(?xBk<
194
FWnl`EQ"tI1pw1^ss|QpxfOg!/QSHdv&MH^8DEbB=n$oHufnu0!Pq,MssE"pABgl_V?ge=o.\5^RthiIoeNzZUSm}Pzt{p_& vUwmTx7SEtE~!nTua"uSG}UF{Qf/F|<J:}KYkS9fXPc$+p\*ow cB2^H?iuqd|"(?xBk<
195
EWnl`EP"rI1pw/]sr|QoxfOh!0QRGet$MI_9DGcC?m$pHtfmt/#Oq+MrsF!pABfl_V=fe<n,\5_RtiiHncO|ZURl}P{r~q_( uUwlUx7TDuE~!nUu`"tRH}VFzPf0G|;K;}HZlS8fXQd$+q\*px cB2^I?iuqc{"(?xBk<
196
EWnl`EP"rI1pw/]sr|QoxfOh!0QRGet$MI_9DGdC?m$pHtfmt/#Oq+MrsF!pABfl_V=fe<n,\5_RtiiHncO|ZURl}P{r~q_( uUwlUx7TDuE~!nUu`"tRH}VFzPf0G|;K;}HZlS8fXQd$+q\*px cB2^I?iuqc{"(?xBk<
197
EWnl`EP"rI1pw/]sr|QoxfOh!0QRGet$MI_9DGdC?m$pHtfmt/#Oq+MrsF!pABfl_V=fe<n,\5_RtiiHncO|ZURl}P{r~q_( uUwlUx7TDuE~!nUu`"tRH}UFzPf0G|;K;}HZlS8fXQd$+q\*px cB2^I?iuqc{"(?xBk<
198
EWnl`EP"rI1pw/]sr|QoxfOh!0QRGet$MI_9DGdC?m$pHtfmt/#Oq+MrsF!pABfl^V=fe<n,\5_RtiiHncO|ZURl}P{r~q_( uUwlUx7TDuE~!nUu`"tRH}UGzPf0G|;K;}HZlS8fXQd$+q\*px cB2^I?iuqc{"(?xBk<
199
EWnl`EP"rI1pw/]sr|QoxfOh!0QRGet$MI_9DGdC?m$pHtfmt/#Oq+MrsF!pABfl^V=fe<n,\5_RtiiHncO|ZURl}P{r~q_( uUwlUx7TDuE~!nUu`"tRH}UGzPf0G|;K;}HZlS8fXQd$+q\*px cB2^I?iuqc{"(?xBk<
200
EWnl`EP"rI1pw/]sr|QoxfOh!0QRHet$MI_9DGdC?m$pHsfmt/#Oq+MrsF!pABfl_V>fe<n,\5_RtiiHncO|ZURl}P{r~q_( uUwlUx7TCuE~!nUu`"tRH}VFzPf0G|;K;}HZlS8fXQd$+q\*px cB2^I?iuqc{"(?xBk<
201
EWnl`EP"sI1rw/]sr|QowfOh!0QQGeu%MI_9DGcC@m$pHtfnt/#Oq+MrsG!pABfl_V=fd<n,\5_RtiiHncP|ZURm}Q{r~p_' uUwlUx7TDuF~!nUu`"tRI}VFzPf0G|;K;}H[lS8fYPd$+q\*qx cB2^I?iuqc{"(?xBk<
202
EWnl`EP"rI1pw/]sr|QoxfOh!0QRGet$MI_9DGdC?m$pHtfmt/#Oq+MrsF!pABfl^V=fe<n,\5_RtiiHndO|ZURl}P{r~q_( uUwlUx7TDuE~!nUu`"tRH}UGzPf0G|;K;}HZlS8fXRd#+q\*px cB2^I?iuqc{"(?xBk<
203
EWnl`EP"rI1pw/]sr|QoxfOh!0QRGet$MI_9DGdC?m$pHtfmt/#Oq+MrsF!pABfl^V=fe<n,\5_RtiiHndO|ZURl}P{r~q_( uUwlUx7TDuE~!nUu`"tRH}UGzPf0G|;K;}HZlS8fXRd#+q\*px cB2^I?iuqc{"(?xBk<
204
EWnl`EP"rI1pw/]sr|QoxfOh!0QRGet$MI_9DGdC?m$pHtfmt/#Oq+MrsF!pABfl^V=fe<n,\5_RtiiHndO|ZURl}P{r~q_( uUwlUx7TDuE~!nUu`"tRH}UGzPf0G|;K;}HZlS8fXRd#+q\*px cB2^I?iuqc{"(?xBk<
205
EWnl`EP"rI1pw/]sr|QoxfOh!0QRHet$MI_9DGdC?m$pHsfmt/#Oq+MrsF!pABfl_V>fe<n,\5_RtiiHncO{ZURl}P{r~q_( uUwlUx7TCtE~!nUu`"tRH}VFzPf0G|;K;}H[lS8fXQd$+q\*px cB2^I?iuqc{"(?xBk<
206
EWnl`EP"rJ1pw/]sr|QoxfOh!0QRHet$MI_9DGdC?m$pHsfmt/#Oq+MrsF!pABfl_V>fe<n,\5_RtiiHncO{ZURl}P{r~q_( uUwlUx7TCtE~!nUu`"tRH}VFzPf0G|;K;}H[lS8fXQd$+q\*px cB2^I?iuqc{"(?xBk<
207
EWnl`EP"rJ1pw/]sr|QoxfOh!0QRHet$MI_9DGdC?m$pHsfmt/#Oq+MrsF!pABfl_V>fe<n,\5_RtiiHncO{ZURl}P{r~q_( uUwlUx7TCtE~!nUu`"tRH}VFzPf0G|;K;}H[lS9fXQd$+q\*px cB2^I?iuqc{"(?xBk<
208
EWnl`EP"rJ1qw/]sr|QoxfOh!0QRGet$MI_9DGdC?m$oHtfmt/#Oq+MrsF!pABfl^V<fe<n,[5_RtiiHncO|ZVRl}P{r~q_( uUwlUx7TDuE}"nUua"tRH}UGzPf0G|;K;}HZlS8fXQd$+q\*px cB2^I?iuqc{"(?xBk<
209
EWnl`EP"rJ1qw/]sr|QoxfOh!0QRGet$MI_9DGdC?m$oHtfmt/#Oq+MrsF!pABfl^V<fe<n,[5_RtiiHncO|ZVRl}P{r~q_( uUwlUx7TDuE}"nUua"tRH}UGzPf0G|;K;}HZlS8fXQd$+q\*px cB2^I?iuqc{"(?xBk<
210
EXnlaEP"sI1pw/]sr|QoxfOh!0QRGet$LI_9DGdC?m$pHtfmt/#Oq+MrsF!pABfl^V=fe<n,\5_RthiHndO|ZURl}P{r~q_( uUwlUx7TDuE~!nUu`"tRH}UGzPf0G|;K;}HZlS8fXRd#+q\*px cB2^I?iuqc{"(?xBk<
211
EWnl`EP"rJ1pv/]sr|QoxfOh!0QRHet$MI_9DGdC?m$pHsfmt/#Oq+NrsF!pABfm_V>fe<n,\5_RtiiHncO{[URl}P{r~q_( uUwlUx8TCtE~!nUu`"tRH}VFzPf0G|;K;}H[lS8fXQd$+q\*px cB2^I?iuqc{")?xBk<
212
EWnl`EP"rJ1pv/]sr|QoxfOh!0QRHet$MJ_9DGdC?m$pHsfmt/#Oq+NrsF!pABfm_V>fe<n,\5_RtiiHncO{[URl}P{r~q_( uUwlUx8TCtE~!nUu`"tRH}VFzPf0G|;K;}H[lS8fXQd$+q\*px cB2^I?iuqc{")?xBk<
213
EWnl`EP"rJ1pv/]sr|QoxfOh!0QRHet$MJ_9DGdC?m$pHsfmt/#Oq+NrsF!pABfm_V>fe<n,\5_RtiiHncO{[URl}P{r~q_( uUwlUx8TCtE~!nUu`"tRH}UFzPf0G|;K;}H[lS8fXQd$+q\*px cB2^I?iuqc{")?xBk<
214
EWnl`EP"rJ1pv/]sr|QoxfOh!0QRHet$MJ_9DGdC?m$pHsfmt/#Oq+NrsF!pABfm_V>fe<n,\5_RtiiHncO{[URl}P{r~q_( uUwlUx8TCtE~!nUu`"tRH}UFzPf0G|;K;}H[lS8fXQd$+q\*px cB2^I?iuqc{")?xBk<
215
EWnl`EP"rJ1pv/]sr|QoxfOh!0QRHet$MJ_9DGdC?m$pHsfmt/#Oq+NrsF!pABfm_V>fe<n,\5_RtiiHncO{[URl}P{r~q_( uUwlUx8TCtE~!nUu`"tRH}UFzPf0G|;K;}H[lS8fXQd$+q\*px cB2^I?iuqc{")?wBk<
216
EWnl`EP"rJ1pv/]sr|QoxfOh!0QRHet$MJ_9DGdC?m$pHsfmt/#Oq+NrsF!pABfm_V>fe<n,\5_RtiiHncO{[URl}P{r~q_( uUwlUx8TCtE~!nUu`"tRH}UFzPf0G|;K;}H[lS8fXQd$+q\*px cB2^I?iuqc{")?wBk<
217
EWml`EQ!rI1pv/]sr|QoxfOh!0QRIet$MI_9DGdC?m$pHsfmt/#Oq,NrtF!oABfl_V>fe<o,\5_RtiiHncO|ZURl}P{r~q_( tUwlUx7TCuE~!nUu`"tRH}VFzPf0G|;K;}H[lS8fXQd$+q\*px cB2]I?ivqd{"(?xBk<
218
EWml`EQ!rI1pv/]sr|QoxfOh!0QRIet$MI_9DGdC?m$pHsfmt/#Oq,NrtF!oABfl_V>fe<o,\5_RtiiHncO|ZURl}P{r~q_( tUwlUx7TCuE}!nUu`"tRH}VFzPf0G|;K;}H[lS8fXQd$+q\*px cB2]I?ivqd{"(?xBk<
219
EWml`EQ!rI1pv/]sr{QoxfOh!0QRIet$MI_9DGdC?m$pHsfmt/#Oq,NrtF!oABfl_V>fe<o,\5_RtiiHncO|ZURl}P{r~q_( tUwlUx7TCuE}!nUu`"tRH}VFzPf0G|;K;}H[lS8fXQd$+q\*px cB2]I?ivqd{"(?xBk<
220
EWml`EQ!rI1pv/]sr{QoxfOh!0QRIet$MI_9DGdC?m$pHsfmt/#Oq,NrtF!oABfl_V>fe<o,\5_RtiiHncO|ZURl}P{r~q_( tUwlUx7TCuE}!nUu`"tRH}VFzPf0G|;K;}H[lS8fXQd$+q\*px cB2]I@ivqd{"(?xBk<
221
EWml`EQ!rI1pv/]sr{QoxfOh!0QRIet$MI_9DGdC?m$pHsfmt/#Oq,NrtF!oABfl_V>fe<o,\5_RtiiHncO|ZURl}P{r~q_( tUwlUx7TCuE}!nUu`"tRH}VFzPf0G|;K<}H[lS8fXQd$+q]*px cB2]I@ivqd{"(?xBk<
222
EWml`EQ!rI1pv/]sr{PoxfOh!0QRIet$MI_9DGdC?m$pHsfmt/$Oq,NrtF!oABfl_V>fe<o,\5_RtiiHncO|ZURl}P{r~q_( tUwlUx7TCuE}!nUu`"tRH}VFzPf0G|;K<}H[lS8fXQd$+q]*px cB2]I@ivqd{"(?xBk<
223
EWml`EQ!rI1pv/]sr{QoxfOh!0QRIet$MI_9DGdC?m$pHsfms/#Oq,NrtF!oABfl_V>fe<o,\5_RtiiHncO|ZURl}P{r~q_( tUwlUx7TCuE}!nUu`"tRH}VFzPf0G|;K<}H[lS8fXQd$+q]*px cB2]I@ivqd{"(?xBk<
224
EWml`EQ!rI1pv/]sr{QoxfOh!0QRIet$MI_9DGdC?m$pHsfms/#Oq,NrtF!oABfl_V>fe<o,\5_RtiiHncO|ZURl}P{r~q_( tUwlUx7TCuE}!nUu`"tRH}VFzPf0G|;K<}H[lS8fXQd$+q]*px cB2]I@ivqd{"(?xBk<
225
EWml`EQ!rI1pv/]sr{QoxfOh!0QRIet$MI_9DGdC?m$pHsfms/#Oq,NrtF!oABfl^V>fe<o,\5_RtiiHncO|ZURl}P{r~q_( tUwlUx7TCuE}!nUu`"tRH}VFzPf0G|;K<}H[lS8fXQd$+q]*px cB2]I@ivqd{"(?xBk<
226
EWnlaEP rI1pv/]sr|QoxgOh!0QRIet$MI_9DGdC?m$pHsfmt/#Oq+MrsF!pABfl_V>fe<n,\5_RtihHncO|ZVRl}P{r~q_(!uUwlUx7TCuD}!nTu`"tRH}VFzQf1G|;L;}HZlS8fXQd$+q]+px eB2^I?iuqc{#(?wBj<
227
EWml`EQ!rI1pv/]sr{QoxfOh!0QRIet$MI_9DGdC?m$pHsfms/#Oq,NrtF!oABfl_V>fe<o,\6_RtiiHncO|ZURl}P{r~q_(!tUwlUx7TCuE}!nUu`"tRH}VFzPf0G|;K<}H[lS8fXQd$+q]*px cB2]I@ivqd{"(?xBk<
228
EWml`EQ!rI1pv/]sr{QoxfOh!0QRIet%MI_9DGdC?m$pIsfms/#Oq,NrtF!oABfl_V>fe<o,]5_RtiiHncO|ZURl}P{r~q`( tUwlUw7TCuE}!nUu`"tRH}VFzPf0G|;K<}H[lS8fXQd$+q]*px cB2]I@ivqd{"(?xBk<
229
EXnl`EP!rI1pv/]sr|QoxgOi!0QRIet%MI_9DGdE?l$pHsfkt/#Nq+NrsF!pABfl_V>fe<n,\5_RtiiHnbO|ZURl}P{r}r_( uUwlUx7TCuG~!nTt`"tRH}VFzPf1G|;K;}HZlR8fXRd#,q\*px cB2^I?iuqc{"'?xBk<
230
EXnl`EP!rI1pv/]sr|QoxgOi!0QRIet%MI_9DGdE?l$pHsfkt/#Nq+NrsF!pABfl_V>fe<n,\5_RtiiHnbP|ZURl}P{r}r_( uUwlUx7TCuG~!nTt`"tRH}VFzPf1G|;K;}HZlR8fXRd#,q\*px cB2^I?iuqc{"'?xBk<
231
EXnl`EP!rI1pv/]sr|QoxgOi!0QRIet%MI_9DGdE?l$pHsfkt/#Nq+NrsF!pABfl_V>fe<n,\5_RtiiHnbP|ZURl}P{r}r_( uUwlUx7TCuG~"nTt`"tRH}VFzPf1G|;K;}HZlR8fXRd#,q\*px cB2^I?iuqc{"'?xBk<
232
EWmk`EQ!rI1pv/]sr{QoxfOh!0QRIet$MI_9DGdC?m$pHrfmt/#Oq,NrtF!oABfl_V>fe<o,\6_RtiiHndO|ZURl}P{r~q_( tUwlVx7TCuE}!nUu`"tRH}VFzPf2G|;K<}H[lS8fXQd$+q]*px cB2]I@ivqd{"(?xBk<
233
EWnl`EQ"sI2pw1]rr|QoxfOh!0QRGet$MI`9DGdC@m$pHtgmt/$Oq+MrsG!pACfl^V=fe<n,\6_QtiiHncO{ZURl}P{s~r_( uUwlVx7TDtE~!mUu`"sRH|UGzPf0G{;L;}IZlR8fXRf$+q\*px cB2^I?iuqc{"(?xBk<
234
EWnl`EQ"sI2pw1]qr|QoxfOg!0QRGet$MI`9DGdC@m$pHtgmt/$Oq+MrsG!pACfl^V=fe<n,\6_QtiiHncO{ZURl}P{s~r_( uUwlVx7TDtE~!mUu`"sRH|UGzPf0G{;L;}IZlR8fXRf$+q\*px cB2^I?iuqc{"(?xBk<
235
EWnl`EQ"sI2pw1]rr|QoxfOh!0QRGet$MI`9DGdC@m$pHtgmt/$Oq+MrsG!pACfl^V=fe<n,\6_QtiiHncO{ZURl}P{s~r_( uUwlVx7TDtE~!mUu`"sRH|UGzPf0G{;L;}IZlR8fYRf$+q\*px cB2^I?iuqc{"(?xBk<
236
EXnl`EQ!sI1pv.]sr|QoxgOi!0PRIet$MI_9DGdE?m$pHsflt/#Oq+NrtF!pABfl_V>fe<n,\5_RtiiHnbO|[URl}P{r}r_("uUwlUx7TCuG~!nSt`"tRH|VFzPf1G|;K;}HZlR8fYRd#,q\*px cB2^I?iuqc{"'?xBk<
237
EXnl`FP!rI1pu/]ss|QoxgOi!0QRIet%MI_9DGdE?l$pHsfkt/#No+NrsF!pABfl_V>fe<n,\5_RtiiHnbP|ZURl|P{r}r_( uUwlUx7TCuG~"oTt`"tRH}VFzPf1G|;K;}HZlR8fXRd#,q\*px cB2^I?iuqc{"'?xBk<
238
EXnl`FP!rI1pu/]ss|QoxgOi!0QRIet%MI_9DGdE?l$pHsfkt/#No+NrsF!pABfl_V>fe<n,\5_RtiiHnbP|ZURl|P{r}r_( uUwlUx7TCuG~"oTt`"tRH}VFzPf1G|;K;}HZlR8fXRd#,q\*px cB2^I?iuqc{"'?xBk<
239
EXnlaFP!rI1pu/]ss|QoxgOi!0QRIet%MI_9DGdE?l$pHsfkt/#No+NrsF!pABfl_V>fe<n,\5_RtiiHnbP|ZURl|P{r}r_( uUwlUx7TCuG~"oTt`"tRH}VFzPf1G|;K;}HZlR8fXRd#,q\*px cB2^I?iuqc{"'?xBk<
240
EXnlaFP!rI1pu/]ss|QoxgOi!0QRIet%MI_9DGdE?l$pHsgkt/#No+NrsF!pABfl_V>fe<n,\5_RtiiHnbP|ZURl|P{r}r_( uUwlUx7TCuG~"oTt`"tRH}VFzPf1G|;K;}HZlR8fXRd#,q\*px cB2^I?iuqc{"'?xBk<
241
EXnlaFP!rI1pu/]ss|QoxgOi!0QRJet%MI_9DGdE?l$pHsgkt/#No+NrsF!pABfl_V>fe<n,\5_RtiiHnbP|ZURl|P{r}r_( uUwlUx7TCuG~"oTt`"tRH}VFzPf1G|;K;}HZlR8fXRd#,q\*px cB2^I?iuqc{"'?xBk<
242
EXnlaFP!rI1pu/]ss|QoxgOi!0QRJet%MI_9DGdE?l$pHsgkt/#No+NrsF!pABfl_V>fe<n,\5_RtiiHnbP|ZURl|P{r}r`( uUwlUx7TCuG~"oTt`"tRH}VFzPf1G|;K;}HZlR8fXRd#,q\*px cB2^I?iuqc{"'?xBk<
243
EXnlaFP!rI1pu/]ss|QoxgOi!0QRJet%MI_9DGdE?l$pHsgkt/#No+NrsF!pABfl_V>fe<n-\5_RtiiHnbP|ZURl|P{r}r`( uUwlUx7TCuG~"oTt`"tRH}VFzPf1G|;K;}HZlR8fXRd#,q\*px cB2^I?iuqc{"'?xBk<
244
EXnlaFP!rI1pu/]ss|QoxgOi!0QRJet%MI`9DGdE?l$pHsgkt/#No+NrsF!pABfl_V>fe<n-\5_RtiiHnbP|ZURl|P{r}r`( uUwlUx7TCuG~"oTt`"tRH}VFzPf1G|;K;}HZlR8fXRd#,q\*px cB2^I?iuqc{"'?xBk<
245
EXnlaFP!rI1pu/]ss|QoxgOi!0QRJet%MI`9DGdE?l$pHsgkt/#No+NrsE!pABfl_V>fe<n.\5_RtiiHnbP|ZURl|P{r}r`( uUwlUx7TCuG~"oSt`"tRH}VFzPf1G|;K;}HZlR8fXRd#,q\*px cB2^I?iuqc{"'?xBk<
246
EXnlaFP!rI1pu/]rs|QoxgOi!0QRJet%MI`9DGdE?l$pHsgkt/#No+NrsF!pABfl_V>fe<n-\5_RtiiHnbP|ZURl|P{r}r`( uUwlUx7TCuG~"oTt`"tRH}VFzPf1G|;K;}HZlR8fXRd#,q\*px cB2^I?iuqc{"'?xBk<
247
EXnlaFP!rI1pu/]ss|QoxgOi!0QRJet%MJ_9DGdE?l$pHsgkt/#No+NrsF!pABfl_V>fe=n,\5_QtiiHnbP|ZURl|P{r}r_( uUwlUx7TCuG~"oTt`"tRH}VFzPf1G|;K;}HZlR8fXRd#,r\*px cB2^I?iuqcz"'?xBk<
248
EXnlaFP!rI1pu/]ss|QoxgOi!0QRIet%MI_9DGdE?l$pHsfkt/#No+NrsF!pABfl_V?fe<o,\5_RtiiHnbP|YURl|P{r|r_) uUwmUx7UCuG~"oTt`"tRH|VFzPf1G|;K;}HZlR8fXRd#-q\*px cB2^JAiuqc{"'?xBk<
249
EXnlaFP!rI1pu/]rs|QoxgOi!1QRJet%MI`9DGdE?l$pHsgkt/#No+NrsF!pABfl^V>fe<n-\5_RtiiHnbP|ZURl|P{s}r`( uUwlUx7TCuG~"oTt`"tRH}VFzPf1G|;K;}HZlR8fXRd#,q\*px cB2^I?iuqc{"'?xBk<
250
EXnlaFP!rI1pu/]rs|QoxgOi!1QRJet%MI`9DGdE?l$pHsgkt/#No+NrsF!pABfl^V>fe<n-\5_RtiiHnbP|ZURl|P{s}r`( uUwlUx7TCuG~"oTt`"tRH}VFzPf1G|;K;}HZlR8fXRd#,q\*px cB2^I?iuqc{"'?xBk<
251
EXnlaFP!rI1pu/]rs|QoxgOi!1QRJet%MI`9DGdE?l$pHsgkt/#No+NrsF!pABfl^V>fe<n-\5`RtiiHnbP|ZURl|P{s}r`( uUwlUx7TCuG~"oTt`"tRH}VFzPf1G|;K;}HZlR8fXRd#,q\*px cB2^I?iuqc{"'?xBk<
252
EXnlaFP!rI1pt/]rs|QoxgOi!1QRJet%MI`9DGdE?l$pHsgkt/#No+NrsF!pABfl^V>fe<n-\5_RtiiHnbP|ZURl|P{s}r`( uUwlUx7TCuG~"oTt`"tRH}VFyPf1G|;K;}HZlR8fXRd#,q\*px cB2^I?iuqc{"'?wBk<
253
EXnlaFP!rI1pt/]rs|QoxgOi!1QRJet%MI`9DGdE?l$pHsgkt/#No+NrsF!pABfl^V>fe<n-\5_RtiiHnbP|ZURl|P{s}r`( uUwlUx7TCuG~"oTt`"tRH}VFyPf1G|;K;}HZlR8fXRd#,q\*px cB2^I?iuqc{"'?wBk<
254
EXnlaFP!rI1pt/]rs|QoxgOi!1QRJet%MI`9DGdE?l$pHsgkt/#No+NrsF!pABfl^V>fe<n-\5_RtiiHnbP|ZURl|P{s}r`( uUwlUx7TCuG~"oTt`"tRH}VFyPf1G|;K;}HZlR8fXRd#,q\*px cB2^I?iuqc{"'?wBk<
255
EXnlaFP!rI1pt/]rs|QoxgOi!1QRJet%MI`9DGdE?l$pHsgkt/#No+NrsF!pABfl^V>fe<n-\5_RtiiHnbP|ZURk|P{s}r`( uUwlUx7TCuG~"oTt`"tRH}VFyPf1G|;K;}HZlR8fXRd#,q\+px cB2^I?iuqc{"'?wBk<
256
EXnlaFP!rI1pt/]rs|QoxgOi!1QRJet%MI`9DGdE?l$pHsgkt/#No+NrsF!pABfl^V>fe<n-\5_RtiiHnbP|ZURk|P{s}r`( uUwlUx7TCuG~"oTt`"tRH}VFyPf1G|;K;}HZlR8fXRd#,q\+px cB2^I?iuqc{"'?wBk<
257
DWnl`EQ"sI2pw1]rr|QoxgOg!0PRGet$MI`9DGdCAl%pHtgmt/$Nq+MrsG!pACfl^V=ff<o,\6_QtiiFncO{ZURl}P{s~r_(!uUvlVx7TCtE~!mUu`"sRH|UGyPf0Gz;L;}I[lR8fYRf#+q\*px cC2^I?iuqc{"(?wBk<
258
DWnl`EQ"sI2pw1]rr|QoxgOg!0PRGet$MI`9DGdCAl%pHtgmt/$Nq+MrsG!pACfl^V=ff<o,\6_QtiiFncO{ZURl}P{s~r_(!uUvlVx7TCtE~!mUu`"sRH|UGyPf0Gz;L;}I[lR8fYRf#+q\*px cC2^I?iuqc{"(?wBk<
259
EYnlaFP!rI1pu/]ss|QoxgOi!0QSJet%MI_9DGdE?l$pHrgkt/#No+OrtF!pABfl_V>fe<n-\5_QtihHnbP|ZUQl|P{r}r_( uUwlUx8TBuG}"oTt`"tRH|UFzPf1G|;K<}HZlQ8fXRd#,q\*px cB2^I?iuqc{"'?xBk<
260
DWnl`EQ!sI2pw1]rr|QoxfOh!0QRGes$MI`9DGdCAm$pHtgmt/$Np+MrsG!pACfl^V=ff<o,\6_QtiiEncO{ZURl|P{s~r_("uUwlVx7SDtE~"mUua"sRH|UGyPf0Gz;L;}I[lR8fYRf#+q\*px cB1^I?iuqc{"(?wBk<
261
DWnl`EQ!sI2pw1]rr|QoxfOh!0QRGes$MI`9DGdCAm$pHtgmt/$Np+MrsG!pACfl^V=ff<o,\6_QtiiEncO{ZURl|P{s~r_("uUwlVx7SDtE~"mUua"sRH|UGyPf0Gz;L;}I[lR8fYRf#+q\*px cB1^I?iuqc{"(?wBk<
262
EXnlaFP!rI1pt/]rs|QoxgOi!1QRJet%MI`9DGdE?l$pHsgkt/#Nn+NrsF!pABfk^V>fe<n-\5_RtiiHnbP|ZURk|P{s}r`( uUwkUx7TCuG~"oTt`"tRH}VFyPf1G|;K;}HZlR8fXRd",q\,px cB2^I?iuqc{"'?wBk<
263
DWnl`EQ!sI2pw1]rs|QoxfOh!0QRGes$MI`9DGdCAm$pHtgmt/$Np+MrsG!pACfl^V=gf=o,\6_QtiiEncO{ZURl|P{s~r_("uUwlVx7SDtE~"mUua"sRH|UGyPf0Gz;L<}I[lR8fYRf#+q\*px cB1^I?iuqc{"(?wBk<
264
DWnl`EQ!sI2pw1]rs|QoxfOh!0QRGes$MI`9DGdCAm$pHtgmt/$Np+MrsG!pACfl^V=gf=o,\6_QtiiEncO{ZURl|P{s~r_("uUwlVx7SDtE~"mUua"sRH|UGyPf0Gz;L<}I[lR8fYRf#+q\*px cB1^I?iuqc{"(?wBk<
265
DWnl`EQ!sI2pw1]rs|QoxfOh!0QRGes$MI`9DGdCAm$pHtgmt/$Np+MrsG!pACfl^V=gf=o,\6_QtiiEncO{ZURl|P{s~r_("uUwlVx7SDtE~"mUua"sRH|UGyPf0Gz;L<}I[lR8fYSf#+q\*px cB1^I?iuqc{"(?wBk<
266
DWnl`EQ!sI2pw1]rs|QoxfOh!0QRGes$MI`9EGdCAm$pHtgmt/$Np+MrsG!pACfl^V=ff=o,\6_QtihEncO{ZURl|P{s}r_("uUwlVx7SDtE~"mUua"sRH|UGyPf0Gz;L<}J[lR8fYRf#+q\*px cB1^I?iuqc{"(?wBk<
267
DWnl`EQ!sI2pw1]rs|QoxfOh!0QRGes$MI`9EGdCAm$pHtgmt/$Np+MrsG!pACfl^V=ff=o,\6_QtihEncO{ZURl|P{s}r_("uUwlVx7SDtE~"mUua"sRH|UGyPf0Gz;L<}J[lR8fYRf#+q\*px cB1^I?iuqc{"(?wBk<
268
DWnl`EQ!sI2pw1]rs|QoxfOh!0QRGes$MI`9EGdCAm$pHtgmt/$Np+MrsG!pACfl^V=ff=o,\6_QtihEncO{ZURl|P{s}r_("uUwlVx7SDtE~"mUua"sRH|UGyPf0Gz;L<}J[lR8fYRf#+q\*px cB1^I?iuqc{"(?wCk<
269
DWnl`EQ!sI2pw1]rs|QoxfOh!0QRGes$MI`9EGdCAm$pHtgmt/$Np+MrsG!pACfl^V=ff=p,\6_QtihEncO{ZURl|P{s}r_("uUwlVx7SDtE~"mUua"sRH|UGyPf0Gz;L<}J[lR8fYRf#+q\*px cB1^I?iuqc{"(?wCk<
270
DWnl`EQ!sI2pw1]rs|QoxfOh!0QRGes$MI`9EGdCAm$pHtgmt/$Np+MrsG!pACfl^V=ff=p,\6_QtihEncO{ZURl|P{s}r_("uUwlVx7SDtE~"mUua"sRH|UGyPf0Gz;L<}J[lR8fYRf#+q\*px cB1^I?iuqc{"(?wCk<
271
EXnlaFP!rI1pt/]qs|RoxgOi!1QRJet%MI`9DGdE?l$oHsgkt0#No+NrsF!pABfl^V>fe<n-\5_RtihHnbP|ZUSk|P{s}r`( uVwlUx7TCuG~"oTt`"tRH}VGyPf1G|;K;}IZlR8fXRd#,q\+pw cB2^I?huqc{"'?wBk<
272
EXnlaFP!rI1pt/]qs|RoxgOi!1QRJet%MI`9DGdE?l$oHsgkt0#No+NrsF!pABfl^V>fe<n-\5_RtihHnbP|ZUSk|P{s}r`( uVwlVx7TCuG~"oTt`"tRH}VGyPf1G|;K;}IZlR8fXRd#,q\+pw cB2^I?huqc{"'?wBk<
273
EYnlaFP!rI1pu/]ss|QoxgOi!0QRJes%MI_9EGdE?l&pHrgkt/#No+OrtF!pACfl_V>fe<n-\5_QtigHncP|[VQl|P{r|r_( uUwkUx8TCuG}!oTt`"tRH|TFzPf1G|;K<}IZlQ8fXRd#,q\*qx cB2^I?iuqc{"'?xBk<
274
DWnk`ER"sI2pw1]rr|QowgOh"0PRGft$MI`:DGdCAl%pHtgmt/$Nq+MrtG"pACfl^V=ff<o,[6`PthiFncO{ZURl}P{s~r_(!uUvlVx7TCtE~!mUu`"sRH|UGyPf0Gz;M;}I[lR8fYRg#+q\*px cB2^I?iuqc{"(>wBk<
275
EYnlaFP!rI1pt/]qs|RoxgOi!1QRKet%MI`9DGdE?l$oHsgkt0#No+NrsF!pABfl^V>fe<n-\5_RtihHnbP|ZUSk|P{s}r`( uVwlVx7TCuG~"oTt`"tRH}VGyPf1G|;K;}IZlR8fXRd#,q\+pw dB2^I?huqc{"'?wBk<
276
EYnlaFP!rI1pt/]qs|RoxgOi!1QRKet%MI`9DGdE?l$oHsgkt0#No+NrsF!pABfl^V>fe<n-\5_RtihHnbP|ZUSk|P{s}r`( uVwlVx7TCuG~"oTt`"tRH}VGyPf1G|;K;}IZlR8fXRd#,q\+pw dB2^I?huqc{"'?wBk<
277
EYnlaFP!rI1pt/]qs|RoxgOi!1QRKet%MI`9DGdE?l$oHsgkt0#No+NrsF!pABfl^V>fe<n-\5_RtihHnbP|ZUSk|P{s}r`( uVwlVx7TCuG~"oTt`"tRH}VGyPf1G|;K;}IZlR8fXRd#,q\+pw dB2^I?huqc{"'?wBk<
278
DWnk`ER"sI2pw1]rr|RowgOh"0PRGft$MJ`:DGdCAl%pHtgmt/$Np+MrtG"pACfl^V=ff<o,[6`PthiFncO{ZURl}P{s~r_(!uUvlVx7TCtE~!mUu`"sRH}UGyPf0Gz;M;}I[lR8fYRg#+q\*px cB2^I?iuqc{"(>wBk<
279
DWnk`ER"sI2pw1]rr|QowgOg"0PRGft$MI`9DGdCAl%pHtgmt/$Nq+MrtG!pACfl^V=ff<o,[6`PthiFncOzZURl}Pzs~r_(!uUvlWx7TCtE~!mUu`"sRH{UHyPf0Gz;L;}I[lR8fYRg#+p\*px cB2^I@iuqc{")>wBk<
280
EXnlaFP!rI1pt/]qs|RoxgPi!1QRJet%MI`9DGdE?l$oHsgkt0#No+NrsG!pABfl^V>fe<n-\5_RtihHnbP|ZUSk|P{s}r`) uVwlVw7TCuG~"oTt`"tRH}VGyPf1G|;K;}IZlR8fXSd#,q]+px cB2^J?huqc{"'?wBk<
281
EXnlaFP!rI0pt/]qs|RoxgPi!1QRJet%MI`9DGdE?l$oHsgkt0#No+NrsG!pABfl^V>fe<n-\5_RtihHnbP|ZUSk|P{s}r`)!uVwlVw7TCuG~"oTt`"tRH}VGyPf1G|;K;}IZlR8fXSd#,q]+px cB2^J?huqc{"'?wBk<
282
EXnlaFP!rI0pt/]qs|RoxgPi!1QRJet%MI`9DGdE?l$oHsgkt0#No+NrsG!pABfl^V>fe<n-\5_RtihHnbP|ZUSk|Q{s}r`)!uVwlVw7TCuG~"oTt`"tRH}VGyPf1G|;K;}IZlR8fXSd#,q]+px cB2^J?huqc{"'?wBk<
283
DWnk`ER"sJ2pw1]rr|QowgOh"0PRGft$MI`;DGdCAl%pHtgmt/$Nq+MrtG"p@Cfl^V=ff<o,[7`OthiFncO{ZURl}P{s~r_(!uUvlVw7TCtE~!mUu`"sRH|UGyPf0Gz;M;}I[lR8fYRg#+q\*px cB2^I?iuqc{"(>wBk<
284
DWnk`ER"sI3pw1]rr|RowgOh"0PRGft$MJ`:DGdCBl%pHtgmt/$Nq+NrtG"p@Cfl^V=ff<o,[6`PthiFncO{ZURl}P{s~r_(!uUvlWx7TCtE~!mUu`"sRH}UGyPf0Gz;M;}I[lR8fYRg#+q\*px cB2^I?iuqc{"(>vBk<
285
DWnk`ER"sI3pw1]rr|RowgOh"0PRGft$MJ`:DGdCBl%pHtgmt/$Nq+NrtG"p@Cfl^V=ff<o,[6`PthiFncO{ZURl}P{s~r_(!uUvlWx7TCtE~!mUu`"sRH}UGyPf0Gz;M;}I[lR8fYRg#+q\*px cB2^I?iuqc{"(>vBk<
286
DWnk`ER"sI3pw1]rr|RowgOh"0PRGft$MJ`:DGdCBl%pHtgmt/$Nq+NrtG"p@Cfl^V=ff<o,[6`PthiFncO{ZURl}P{s~r_(!uUulWx7TCtE~!mUu`"sRH}UGyPf0Gz;M;}I[lR8fYRg#+q\*px cB2^I?iuqc{"(>vBk<
287
EXmlaFP!sJ1pt/]qs|RoxgOi!1QRJet%MI`9DGeE?l$oHsgkt0#No,NrsF!oABfl^V>fe<n-\5_RtihHnbP|[USk|Q{s}r`( uVwlVx7TCuG~"oSt`"tRH}VGyPf1G|;K;|IZlR8fXRd#,q\+pw cB2^I?huqc{"'?wCk<
288
EXmlaFP!sJ1pt/]qs|RoxgOi!1QRJet%MI`9DGeE?l$oHsgkt0#No,NrsF!oABfl^V>fe<n-\5_RtihHnbP|[USj|Q{s}r`( uVwlVx7TCuG~"oSt`"tRH}VGyPf1G|;K;|IZlR8fXRd#,q\+pw cB2^I?huqc{"'?wCk<
289
EXmlaFP!sJ1pt/]qs|RoxgOi"1QRJet%MI`9DGeE?l$oHsgkt0#No,NrsF!oABfl^V>fe<n-\5_RtihHnbP|[USj|Q{s}r`( uVwlVx7TCuG~"oSt`"tRH}VGyPf1G|;K;|IZlR8fXRd#,q\+pw cB2^I?huqc{"'?wCk<
290
EXmlaFP!sJ1pt/]qs|RoxgOi"1QRJet%MI`9DGeE?l$oHsgkt0#No,NrsF!oABfl^V>fe<n-\5_RtihHnbP|[USj|Q{s}r`( uVwlVx7TCuG~"oSt`"tRH}VGyPf1G|;K;|IZlR8fXRd#,q\+pw cB2^I?huqc{"'?wCk<
291
EXmlaFP!sJ1pt/]qs|RoxgOi!1QRJet%MI`9DGeE?l$oHsgkt0#No,NrsF!oABfl^V>fe<n-\5_RtihHnbP|[USk|Qzs}r`( uWwlVx7TCuG~"pSt`"tRH}VGyPf1G|;L;}IZlR8fXRd#,q\+pw cB2^I?huqc{"'?wCk<
292
EXmlaFP!sJ1pt/]qs|RoxgOi!1QRJet%MI`9DGeE?l$oHsgkt0#No,NrsF!oABfl^V>fe<n-\5_RtihHnbP|[USk|Qzs}r`( uWwlVx7TCuG~"pSt`"tRH}VGyPf1G|;L;}IZlR8fXRd#,q\+pw cB2^I?huqc{"'?wCk<
293
EXmlaFP!sJ1pt/]qs|RoxgOi!1QRJet%MI`9DGeE?l$oHsgkt0#No,NrsF!oABfl^V>fe<n-\5_RtigHnbP|[USk|Qzs}r`( uWwlVx7TCuG~"pSt`"tRH}VGyPf1G|;L;}IZlR8fXRd#,q\+pw cB2^I?huqc{"'?wCk<
294
EYnlaHP!sI1pt/]ss|QoxgPi!0QRJes%MI_9EGdE?l&pHrgkt/$No+OrtE!pACfl_V?fe<n-\5_QthgGndP|\VQl|P{r|r_( uUwkUx8TCuG}!oTt`"tSI|TFzRf1G|;K<}I[lQ8fXRd#,q\*qx cB2^I?iuqc{"'?xBk<
295
EYnlaHP!rI1pt/]ss|QoxgPi!0QRJes%MI_9EGdE?l&pHrgkt/#No+OrtF!oACfl^V?fe<n-[5_QtigHndP|[VQl|P{r|r_( uUwkUx8TCtG}!oTt`"tSI|TFzQf1G|;K<}J[lQ8fYRd#,q\*qx cB2^I?iuqc{"'?xBk<
296
EYnlaHP!rI1pt/]ss|QoxgPi!0QRJes%MI_9EGdE?l&pHrgkt/#No+OrtF!oACfl^V?fe<n-[5_QtigHndP|[VQl|P{r|r_( uUwkUx8TCtG}!oTt`!tSI|TFzQf1G|;K<}J[lQ8fYRd#,q\*qx cB2^I?iuqc{"'?xBk<
297
EYnlaFP!rI1pt/^rs|RoxgPi!0QRJfs&MI_9EGdE?l'pHrgkt/#No+OrtE!pADfl_V?fe<o-\5_QtigHodP|[VQl|P{r|r_( uUwkUx8TCuG}!oTt`"tSI|TFzQf1G|;K<}IZlQ8gXRd#,q\*qx cB2^I?iuqc{#'?xCk<
298
EYnlaFP!rI1pt/^rs|RoxgPi!0QRJfs&MI_9EGdE?l'pHrgkt/#No+OrtE!pADfl_V?fe<o-\5_QtigHodP|[VQl|P{r|r_( uUwkUx8TCuG}!oTt`"tSI|TFzQf1G|;K<}IZlQ8gXRd#,q\*qx cB2^I?iuqc{#'?xCk<
299
EYnlaFP!rI1pt/^rs|RowgPi!0QRJfs&MI_9EGdE?l'pHrgkt/#No+OrtE!pADfl_V?fe<o-\5_QtigHodP|[VQl|P{r|r_( uUwkUx8TCuG}!oTt`"tSI|TFzQf1G|;K<}IZlQ8gXRd#,q\*qx cB2^I?iuqc{#'?xCk<
300
EYnlaFP!rI1pt/^rs|RowgPi!0QRJfs&MI_9EGdE?l'pHrgkt/#No+OrtE!pADfl_V?fe<o-\5_QtigHodP|[VQl|P{r|r_( uUwkUx8TCuG}!oTt`"tSI|TFzQf1G|;K<}IZlQ8gXRd#,q\*qx cB2^I?iuqc{#'?xCk<
301
DWnk`FR"sI3pw1]rr|RowhPh#0PRGft$MJ`:DGdCCl%pHsgmt/$Nq+NrtG"p@Cfl^V=ff<o,Z6`PthiFncO{ZURl|P{s}r_(!uUvlXx7TCtE~!mUu`"sQH}UGyPf0Gz;M<}I[lQ8fYRg#+q\*px cB2^I?ivqc{"*>vBk;
302
DWnk`FR"sI3pw1]rr|RowhPh#0PRGft$MJ`:DGdCCl%pHsgmt/$Nq+NrtG"p@Cfl^V=ff<o,Z6`PthiFncO{ZURl|P{s}r_(!uUvlXx7TCtE~!mUu`"sQH}UGyPf0Gz;M<}I[lQ8fYRg#+q\*px cB2^I?ivqc{"*>vBk;
303
DWnk`ER"sI3pw1]rr|RowgPh#0PRGft$MJ`:DGdCCl%pHsgmt/$Nq+NrtG"p@Cfl]V>ff<o,Z6`PthiFncO{ZURl}P{s}r_(!uUvlXx8TCtE~!mUu`"sQI}UGyPf0Gz;M<}I[lQ8fYRg#+q\*px cB2^I?ivqc{"*>vBk;
304
DWnk`ER"sI3pw1]rr|RowgPh#0PRGft$MJ`:DGdCCl%pHsgmt/$Nq+NrtG"p@Cfl]V>ff<o,Z6`PthiFncO{ZURl}P{s}r_(!uUvlXx8TCtE~!mUu`"sQI}UGyPf0Gz;M<}I[lQ8fYRg#+q\*px cB2^I?ivqc{"*>vBk;
305
EZnlaHP!rJ1pt/]ss|QoxgPi!0QRJes%MI_9EGdE?l&pHrgkt/#No+OrtF!pACfl_V@fe<n-[5`QthgHndP|\VQl|P{r|r_(!uUwkUx8TCuG}"oTt`"tSJ|TGzQf2G|;K<}I[lQ8fXRd#,q\*qx cB2^I@iuqc{"'?xBk<
306
EZnlaHP!rJ1pt/]ss|QoxgPi!0QRJes%MI_9EGdE?l&pHrgkt/#No+OrtF!pACfl_V@fe<n-[5`QthgHndP|\VQl|P{r{r_(!uUwkUx8TCuG}"oTt`"tSJ|TGzQf2G|;K<}I[lQ8fXRd#,q\*qx cB2^I@iuqc{"'?xBk<
307
EZnlaHP!rJ1pt/]ss|QoxgPi!0QRJes%MI_9EGdE?l&pHrgkt/#No+OrtF!pACfl_V@fe<n-[5`QthgHndP|\VQl|P{r{r_(!uUwkUx8TCuG}"oTt`"tSJ|TGzQf2G|;K<}I[lQ8fXRd#,q\*qx cB2^I@iuqc{"'?xBk<
308
EZnlaHP!rJ1pt/]ss|QoxgPi!0QRJes%MI_9EGdE?l&pHrgkt/#No,OrtF!pACfl_V@fe<n-[5`QthgHndP|\VQl|P{r{r_(!uUwkUx8TCuG}"oTt`"tTJ|TGzQf2G|;K<}I[lQ8fXRd#,q\*qx cB2^I@iuqc{"'?xBk<
309
EZnlaHP!rJ1pt/]ss|QoxgPi!0QRJes%MI_9EGdE?l&pHrgkt/#No,OrtF!pACfl_V@fe<n-[5`QthgHndP|\VQl|P{r{r_(!uUwkUx8TCuG}"oTt`"tTJ|TGzQf2G|;K<}I[lQ8fXRd#,q\*qx cB2^I@iuqc{"'?xBk<
310
EXnk`ER"sI3pw1]qr|RowgPi$0PRGft$MJ`:EHdCCl&pHsgms/$Nq+NrtG"p@Cfl^V=gf<o,[6`PthiFncO{[URl}Pzs~r`*!uUvlWx7TBtE~!mUu`"sRH}UGyPf0Gz;M<}I[lQ8fYRg#+q\*px cB2^I?iuqc{")>vBk<
311
DYnlbGQ!tI1pu/]ss{QowhOi!0QTJet%MI_9DGdE?l$pIrgkt/#Mo,OrtF"lABfl_V?ge<n.\5`PtigHnbP|[VQl|P{r}r`( uUwlUx9TCuG}"oTt`"tRH{UFzPf0G|<L<}H\lQ8fXRd#,q\*qx dC2^J?guqc{"'?xBj;
312
DYnlbGQ!tI1pu/]ss{QowhOi!0QTJet%MI_9DGdE?l$pIrgkt/#Mo,OrtF"lABfl_V?ge<n.\5`PtigHnbP|[VQl|P{r}r`( uUwlUx9TCuG}"oTt`"tRH{UFzPf0G|<L<}H\lQ8fXRd#,q\*qx dC2^J?guqc{"'?xBj;
313
EZnlaHP!sJ1pt/]ss|QoxgPi!0QRJes$MI_9EGdE?l&pHrgkt/#No+OqtF!pACfl_V@fe<n-[5`QthgHndP|\VQl|P{s{r_(!uUwkUx8TCuG}"oSt`"tSJ|TGzQf2G|;L<}I[lQ8fXRd#,q\*qw cB2^I@iuqc{"'?xCk<
314
EZnlaHP!sJ1pt/]ss|QoxgPi!0QRJes$MI_9EGdE?l&pHrgkt/#No+OqtF!pACfl_V@fe<n-[5`QthgHndP|\VQl|P{s{r_(!uUwkUx8TCuG}"oSt`"tSJ|TGzQf2G|;L<}I[lQ8fXRd#,q\*qw cB2^I@iuqc{"'?xCk<
315
DWnk`FR"sI3pw2]rr|RowhRh#0ORGft$MJ`:DGdCBl%pHsgmt/$Nq+NrtG"p@Cgl^V=ff<o,Z6`PthiFncO{ZUSl|P{s}r_("uUvlXx7TCsE~!mUu`"sQI}UGyPe0Gz;M<|I[lQ8eYRg#+q\*px cB2^I?ivqc{"*>vBk:
316
DWnk`FR"sI3pw2]rr|RowhRh#0ORHft$MJ`:DGdCBl%pHsgmt/$Nq+NrtG"p@Cgl^V=ff<o,Z6`PthiFncO{ZUSl|P{s}r_("uUvlXx7TCsE~!mUu`"sQI}UGyPe0Gz;M<|I[lQ8eYRg#+q\*px cB2^I?ivqc{"*>vBk:
317
EXnk`ER"sI3pw2]qr|RowgQi$0PRGft$MJ`;EHdCDm&pHsgms0$Nq+NrtG"p@Cfl^V=gf<o,[6`PthiFndO{[URl}Pzs~r`*!uUulWx7TBtE~!mUu`"sRH}UGyPf0Gz;M<}I[lQ8fYRg#+q\*px cB2^I?iuqc{")>vBk<
318
EXnk`ER"sI3pw2]qr|RowgQi$0PRGft$MJ`;EHdCDm&pHsgms0$Nq+NrtG"p@Cfl^V=gf<o,[6`PthiFndO{[URl}Pzs~r`*!uUulWx7TBtE~!mUu`"sRH}UGyPf0Gz;M<}I[lQ8fYRg#+q\*px cB2^I?iuqc{")>vBj<
319
EXnk`ER"sI3pw2]qr|RowgQi$0PRGft$MJ`;EHdCDm&pHsgms0$Nq+NrtG"p@Cfl^V=gf<o,[6`PthiFndO{[URl}Pzs~r`*!uUulWx7TBtE~!mUu`"sRH}UGyPf0Gz;M<}I[lQ8fYRg#+q\*px cB2^I?iuqc{")>vBj<
320
DYnlbHQ!tI1pu/]ss{QowhOi!0QTJet%MI_9DGdE?l%pIrgkt/#Mo,OrtF"l@Bfl_V?ge<n.\5`PtigHnbP|[WQl|P{r}r`( uUwlUx:TCuG}"oTt`"tRH{UFzPf0G|<L<}H\lQ8fXRd#,q\*qx dC2^J?guqc{"'@xBj:
321
DYnlbHQ!tI1pu/]ss{QowhOi!0QTJes%MI_9DGdE?l$pIrgkt/#Mo,OrtF"l@Bfl_V?ge<n.\5`PtigHobP{[VQl|P{r}r`( uUwlUx:TCtG}"oTt`"tRH{UFzPf0G|<L<}H\lQ8fXRd#,q\*qx dC2^K?guqc{"'?xBj;
322
DYnlbHQ!tI1pu/]ss{QowhOi!0QTJes%MI_9DGdE?l$pIrgkt/#Mo,OrtF"l@Bfl_V?ge<n.\5`PtigHobP{[VQl|P{r}r`( uUwlUx:TCtG}"oTt`"tRH{UFzPf0G|<L<}H\lQ8fXRd#,q\*qx dC2^K?guqc{"'?xBj;
323
DYnlbHR!tI1pu/]ss{QowhOi!0QTJes%MI_9DGdE?l$pIrgkt/#Mo,OrtF"l@Bfl_V?ge<n.\5`PtigHobP{[VQl|P{r}r`( uUwlUx:TCtG}"oTt`"tRH{UFzPf0G|<L<}H\lQ8fXRd#,q\*qx dC2^K?guqc{"'?xBj;
324
EZnlaHP!sJ1pt/]ss|QoxgPi!1QRJes$MI_9EGdE?l&pHrgkt/#No+OqtF!oACfl_X@fe<n-[5`QthgHndP|\WQl|P{s{r_(!uUwkUy8TCuG}"oSt`"sSJ|TGzQf2G|;L<}I[lQ8fXRd#,q\*qv cB1^I@huqc{"'?xDk<
325
EZnlaHP!sJ1pt/]ss|QoxgPi!1QRJes$MI_9EGdE?l&pHrgkt/#No+OqtF!oACfl_X@fe<n-[5`QthgHndP|\WQl|P{s{r_(!uUwkUy8TCuG}"oSt`"sSJ|TGzQf2G|;L<}I[lQ8fXRd#,q\*qv cB1^I@huqc{"'?xDk<
326
DYnlbIR tI1pu/]ss{QowhOi!0QTJes%MI_9DGdE?l$pIrgkt/#Mo,OrtF"l@Bfl_V?ge<n.\5`PthgHobP{[VQl|P{r}r`( uUwlUx:TCtG}"oTt`!tRH{UFzPf0G|<L<}H\lQ8fXRd#,q\*qx dC2^K?guqc{"'?xBj;
327
DYnlbIR tI1pu/]ss{QowhOi!0QTJes%MI_9DGdE?l$pIrgkt/#Mo,OrtF"l@Bfl_V?ge<n.\5`PthgHobP{[VQl|P{r}r`( uUwlUx:TCtG}"oTt`!tRH{UFzPf0G|<L<}H\lQ8fXRd#,q\*qx dC2^K?guqc{"'?xBj;
328
DYnlbIR tI1pu/]ss{QowhOi!0PTJes%MI_9DGdE?l$pIrgkt/#Mo,OrtF"l@Bfl_V?ge<n.\5`PthgHobP{[VQl|P{r}r`( uUwlUx:TCtG}"oTt`!tRH{UFzPf0G|<L<}H\lQ8fXRd#,q\*qx dC2^K?guqc{"'?xBj;
329
DYnlbIR tI1pu/]ss{QowhOi!0QTJes%MI_9DGdE?l$pIrgkt/#Mo,OrtF"l@Bfl_V?ge<n.\5`PthgHobP{[VQl|P{r}r`( uUwlUx:TCtG}"oTt`!tRH{UFzPf0G{<L<}H\lQ8fXRd#,q\*qx dC2^K?guqc{"'?xBj;
330
DYnlbIR tI1pu/]ss{QowhOi!0QTJes%MI_9DGdE?l$pIrgkt/#Mo,OrtF"l@Bfl_V?ge<n.\5`PthgHobP{[VQl|P{r}r`( uUwlUx:TCtG}"oTt`!tRH{UFzPf0G{<L<}H\lQ8fXRd#,q\*qx dC2^K?guqc{"'?xBj;
331
DYnlbGQ!tI1qu/]ss{QowhOi!0QTJet%MI_9DFdE?l$pIrgkt0#Mn,OrtF"kACfl_V?ge<n.\5`PtjgHnbR|[VQl|P{r}r`(!tUvlUx:TCuG}"oTsa"tQH{UFzPf0G|=L<}H\lQ8fXSd#,q[*qx dC2^J?gupc{"(?xBj;
332
DYnlbGQ!tK1qv/]ss{QowhPi!0QUJet%MI_9DGdE?l$pIrgkt/#Mn,OrtG"kABfl_V?ge<o.\5`PtjgHnbQ|[VQl|P{r|r`(!uUvlUx:TCuG}"oTsa"tRH{UFzPf0G|<L<}H\lQ8fXRd#,q\*qx dC2^J?gupc{"(?xBj;
333
DYnlbGQ!tK1qv/]ss{QowhPi!0QUJet%MI_9DGdE?l$pIrgkt/#Mn,OrtG"kABfl_V?ge<o.\5`PtjgHnbQ|[VQl|P{r|r`(!uUvlUx:TCuG}"oTsa"tRH{UFzPf0G|<L<}H\lQ8fXRd",q\*qx dC2^J?gupc{"(?xBj;
334
DYnlbGQ!tK1qv/]ss{QowhPi!0QUJet%MI_9DGdE?l$pIrgkt/#Mn,OrtG"kABfl_V?ge<o.\5`PtjgHnbQ|[VQl|P{r|r`(!uUvlUx:TCuG}"oTsa"tRH{UFzPf0G|<L<}H\lQ8fXRd",q\*qx dC2^J?gupc{"(?xBj;
335
DYnlbGQ!tK1qv/]ss{QowhPi!0QUJet%MI_9DGdE?l$pIrgkt/#Mn,OrtG"kABfl_V?ge<o.\5`PtjgHnbQ|[VQl|P{r|r`(!uUvlUx:TCuG}"oTsa"tRH{UFzPf0G|<L<}H\lQ8fXRd",q\*qx dC2^J?gupc{"(?xBj;
336
DYmmbHQ!tI1pu/]ss{QowhOi!0QUJer%MI_9DGdE?l%pIrgkt/#Mo,PrtF"l@Cgl_V?ge<n.\5`PtigHobP{[WQm|Pzr}r`) uUwlUx:TCtG}"pTt`"tRH{UGzPf0F|<L<}H\lQ8fXRd#,q\)rx dC2]K?guqc{"'?wBj;
337
DYmmbHQ!tI1pu/]ss{QowhOi!0QUJer%MI_9DGdE?l%pIrgkt/#Mo,PrtF"l@Cgl_V?ge<n.\5`PtigHobP{[WQm|Pzr}r`) uUwlUx:TCtG}"pTt`"tRH{UGzPf0F|<L<}H\lQ8fXRd#,q\)rx dC2]K?guqc{"'?wBj;
338
DYnlbGQ!tI1qt/]ss{QovhOi!0QTJet%MI_9DFdE?l$pIrgkt0#Mn,OrtF"kACfl_V?ge<n.\5`OtjgHnbR|[VQl|Q|r}r`(!tUvlUx:TCuG}"oTsa"tQH{UFzPe0G|=L<}H\lQ8fXSd",q[*qx dC2^J?gupc{"(?xBj;
339
CYnlbGQ!tI1pt0]ss{QowhOi!0QTJet%MI_9DFeE?l$pIrgkt/#Mo,OrtF"lABfl]V?ge<n/\6aPtifHnbP|[VQl|P{r}r`( uUwlUx:TCuG|"oTt`"tRIzUFyQf0G{<L<}H]lQ8fXRd#,r\*qx dC2^J?gtqc{"'?xBj;
340
EXnk`ES#sI3pw3]qr|SowgQi%0PRGfs$MK`;EHdCDl&pHsgms1$Nq+NrtG"p@Cfl^W=gf<o,Z6`PthiFndP{[URl}Pzt~r`*!uUulWx7TBsE~!mUu`"sRH}UGyPf0Gz;M<}I[lQ8gYRg#,q\*pw cB2^I?iuqc{")>vCi;
341
EXnk`ES#sI3pw3]pr|SowgQi%0PRGfs$MK`;EHdCDl&pHsgms1$Nq+NrtG"p@Cfl^W=gf<o,Z6`PthiFndP{[URl}Pzt~r`*!uUulWx7TBsE~!mUt`"sRH}UGyPf0Gz;M<}I[lQ8gYRg#,q\*pw cB2^I?iuqc{")>vCi;
342
EXnk`ES#sI3pw3]pr|SowgQi%0PRGfs$MK`;EHdCDl&pHsgms1$Nq+NrtG"p@Cfl^W=gf<o,Z6`PthiFndP{[URl}Pzt~r`*!uUulWx7TBsE~!mUt`"sRH}UGyPf0Gz;M<}I[lQ8gYRg#,q\*pw cB2^I?iuqc{")>vCi;
343
CYnlbIR tI1qu/]rs{RowhOi!0QTJes%MI_9DGdE?l$pIrgkt/$Mo,OrtF"k@Bfl_V?ge<n.\5`PthgHobP{\VQl|P{r}ra( uUwkUx;TCtG}"oTt`!sRH{UFzPf0G|<L<}H\lQ8fXRd#,q\*qw dC2^K?guqc{"'?xBj;
344
CYnlbIR tI1qu/]rs{RowhOi!0QTJes%MI_9DGdE?l$pIrgkt/$Mo,OrtF"k@Bfl_V?ge<n.\5`PthgHobP{\VQl|P{r}ra( uUwkUx;TCtG}"oTt`!sRH{UFzPf0G|<L<}H\lQ8fXRd#,q\*qw dC2^K?guqc{"'?xBj;
345
CYnlbIR tI1qu/]rs{RowhOi!0QTJes%MI_9DGdE?l$pIrgkt/$Mo,OrtF"k@Bfl_V?ge<n.\5`PthgHocP{\VQl|P{r}ra( uUwkUx;TCtG}"oTt`!sRH{UFzPf0G|<L<}H\lQ8fXRd#,q\*qw dC2^K?guqc{"'?xBj;
346
CYnlbIR tI1qu/]rs{RowhOi!0QTJes%MI_9DGdE?l$pIrgkt/$Mo,OrtF"k@Bfl_V?ge<n.\5`PthgHocP{\VQl|P{r}ra( uUwkUx;TCtG}"oTt`!sRH{UFzPf0G|<L<}H\lQ8fXRd#,q\*qw dC2^K?guqc{"'?xBj;
347
DYnlbGQ!tJ1qt/]ss{QowhOi"0QTJet%MI_9DFdE?l$pJrgkt0#Mn,PrtF"kACfl_V@ge;n-\5`PtjgHnbR|[VQl|P{r}r`(!sUulUx:TAuH}"oTsa"tQIzUFzPf0G|=L=}H\lQ8fXSd#,q[*qx dC2^J?gupc{"(?xBj;
348
CYnlbIR tI1qu/]rs{RowhOi!0QTJes%MI_9DGdE?l$pIrgkt/$Mo,OrtF"k@Bfl_V?ge<n.\5`PthgHobQ{\VQl|P{r}ra( uUwkUx;TCtH}"oTt`!sRH{UFzPf0G|<L<}H\lQ8fXRd#,q\*qw dC2^K?fuqc{"'?xBj;
349
EXnk`ES#sI3pw3]pr|SowgQi%0PRGfs%MKa;EHdCDl'pHsgms1$Nq+NrtG"p@Cfl^W=gf<p,Z6`PthiFndP{[URl}Pzt~r`*!uUulWx7TBsE~!mUt`"sRH}UGyPf0Gz;M<}I[lQ8gYRg#,r\*pw!cB2^J?iuqc{")>vCi;
350
EXnk`ES#sI3pw3]pr|SowgQi%0PRGfs%MKa;EHdCDl'pHsgms1$Nq+NrtG"p@Cfl^W=gf<p,Z6`PthiFndP{[URl}Pzt~r`*!uUulWx7TBsE~!mUt`"sRH}UGyPf0Gz;M<}J[lQ8gYRg#,r\*pw!cB2^J?iuqc{")>vCi;
351
EXnk`ES#sI3pw3]pr|SowgQi%0PRGfs%MKa;EHdCDl'pHsgms1$Nq+NrtG"p@Cfl^W=gf<p,Z6`PthiFndP{[URl}Pyt~r`*!uUulWx7TBsE~!mUt`"sRH}UGyPf0Gz;M<}J[lQ8gYRg#,r\*pw!cB2^J?iuqc{")>vCi:
352
EXnk`ES#sI3pw3]pr|SowgQi%0PRGfs%MKa;EHdCDl'pHsgms1$Nq+NrtG"p@Cfl^W=gf<p,Z6`PthiFndP{[URl}Pyt~r`*!uUulWx7TBsE~!mUt`"sRH}UGyPf0Gz;M<}J[lQ8gYRg#,r\*pw!cB2^J?iuqc{")>vCi:
353
EXnk`ES#sI3pw3]pr|SowgQi%0PRGfs%MKa;EHdCDl'pHsgms1$Nq+NrtG"p@Cfl^W=gf<p,Z6`PthiFndP{[URl}Pyt~r`*!uUulWx7TBsE~!mUt`"sRI}UGyPf0Gz;M<}J[lQ8gYRg#,r\*pw!cB2^J?iuqc{")>vCi:
354
EXnk`ES#sI3qw3]pr|SowgQi%0PRGfs%MKa;EHdCDl'pHsgms1$Nq+NrtG"p@Cfl^W=gf<p,Z6`PthiFndP{[URl}Pyt~r`*!uUulWx7TBsE~!mUt`"sRH}UGyPf0Gz;M<}J[lQ8gYRg#-r\*pw!cB2^J?iuqc{")>vCi:
355
EXnk`ES#sI3pw3]pr|SowgQi%0PRGfs%MKa;EHeCDl'pHshms1$Nq+NrtG"p@Cfl^W=gf<p,Z6`PthiFndP{[URl}Pyt~r`*!uUulWx7TBsE~!mUt`"sRI}UGyPf0Gz;M<}J[lQ8gYRg#,r\*pw!cB2^J?iuqc{")>vCi:
356
EXnk`ES#sI3pw3]pr|SowgQi%0PRGfs%MKa;EHeCDl'pHshms1$Nq+NrtG"p@Cfl^W=gf<p,Z6`PthiFndP{[URl}Pyt~r`*!uUulWx7TBsE~!mUt`"sRI}UGyPf0Gz;M<}J[lQ8gYRg#,r\*pw!cB2^J?iuqc{")>vCi:
357
EXnk`ES#sI3pw3]pr|SowgQi%0PRGfs%MKa;EHeCDl'pHshms1$Nq+NrtG"p@Cfl^W=gf<p,Z6`PthiFndP{[URl}Pyt~r`*!uUulWx7TBsE~!mUt`"sRI}UGyQf0Gz;M<}J[lQ8gYRg#,r\*pw!cB2^J?iuqc{")>vCi:
358
EXnk`ES#sI3pw3]pr|SowgQi%0PRGfs%MKa;EHeCDl'pHshms1$Nq+NrtG"p@Cfl^W=gf<p,Z6`PthiFndP{[URl}Pyt~r`*!uUulWx7TBsE~!mUt`"sRI}UGyQf0Gz;M<}J[lQ8gYRg#,r\*pw!cB2^J?iuqc{")>vCi:
359
EXnk`ES#sI3pw3]pr|SowgQi%0PRGfs%MKa;EHeCDl'pHshms1$Nq+NrtG"p@Cfl^W=gf<p,Z6`PthiFndP{[URl}Pyt~r`*!uUulWx7TBsE~!mUt`"sRI}UGyQf0Gz;M<}J[lQ8gYRg#,r\+pw!cB2^J?iuqc{")>vCi:
360
EXnk`ES#sI3pw3]pr|SowgQi%0PRGfs%MKa;EHeCDl'pHshms1$Nq+NrtG"p@Cfl^W=gf<p,Z6`PthiFndP{[URl}Pyt~r`*!uUulWx7TBsE~!mUt`"sRI}UGyQf0Gz;M<}J[lQ8gYRg#,r\+pw!cB2^J?iuqc{")>vCi:
361
DZnlbHQ!tI1qt/]ss{QovhOi!0QTJet%MI_:DFdE?l$pIrgkt0#Mm,PrtF"kACfl_W?ge<n.\5`NtjgHnbR|[VQl|R|r|r`)!tUvlUw:TBtG|"oTsa"tQH{UFzPe0G|>L<}H\lQ8fXSd!-q[*qx dC2^J?fupc{"(?xBj;
362
EXnk`ES#sI3pw3]or|SowgQi%0PRGfs%MKa;EHdCDl'pHsgms1$Nq+NrtG"p@Cfl^W=gf<p-Z6`PthiFndP{[URl}Pyt~r`*!uUulWx7TBsE~!mUt`"sRI}UGyQf0Gz;M<}K[lQ8gYRg#,r\*pw!cC2^J?iuqc{")>vDi:
363
EXnk`ES#sI3pw3]or|SowgQi%0PRGfs%MKa;EHdCDl'pHsgms1$Nq+NrtG"p@Cfl^W=gf<p-Z6`PthiFndP{[URl}Pyt~r`*!uUulWx7TBsE~!mUt`"sRI}UGyQf0Gz;M<}K[lQ8gYRg#,r\*pw!cC2^J?iuqc{")>vDh:
364
DXnk`ES#sI3pw3]pr|SowgQi%0PRGfs%MKa;EHeCDl'pHshms1$Nq+NrtG"p@Cfl^W=gf<p,Z6`PthiFndP{[URl|Pyt~r`*!uUulWx7TBsE~!mUt`"sRJ}UGyQf0Gz;M<}K[lQ8gYRg#,r\*pw!cB2^J?iuqc{")>vCi:
365
DXnk`ES#sI3pw3]pr|SowgQi%0PRGfs%MKa;EHeCDl'pHshms1$Nq+NrtG"p@Cfl^W=gf<p,Z6`PthiFodP{[URl|Pyt~r`*!uUulWx7TBsE~!mUt`"sRJ}UGyQf0Gz;M<}K[lQ8gYRg#,r\*pw!cB2^J?iuqc{")>vCi:
366
DYnlbGQ!tI1qt/]ss{QovhOi!0QTJet%MI_:DFdE?l$pIrgkt0#Mn,PrtF"kADfl_W?gf<n.\6`NtjgHnbR|\VQl|R|s|ra)!tUvlUw:TBtG}"oTsa"tQH{UGzPe0G|>L<}H\lQ8fXSe!-q[*qx dC2^J?gupcz"(?xBj;
367
EXnkaES#sI3pw3]or|SowgQi%1PRGfs%MKa;EHdCDl'pHrgms3$Nq+NqtG"p@Cgl^W=gf<o,Z6`PthiEndQ{[URl}Pyt~r`*!uUulWx7TBsE~!mUt`"sRI}UGyQf0Gz;M<}J[lQ8gYRg#,r\*pv!cB2^J?iuqc{")>vCi:
368
EXnkaES#sI3pw3]or|SowgQi%1PRGfs%MKa;EHdCDl'pHrgms3$Nq+NqtG"p@Cgl^W=gf<o,Z6`PthiEndQ{[URl}Pyt~r`*!uUulWx7TBsE~!mUt`"sRI}UGyQf0Gz;M<}J[lQ8gYRg#,r\*pv!dB2^J?iuqc{")>vCi:
369
EXnkaES#sI3pw3]or|SowgQi%1PRGfs%MKa;EHdCDl'pHrgls3$Nq+NqtG"p@Cgl^W=gf<o,Z6`PthiEndQ{[URl}Pyt~r`*!uUulWx7TBsE~!mUt`"sRI}UGyQf0Gy;M<}J[lQ8gYRg#,r\*pv!cB2^J?iuqc{")>vCi:
370
EXnkaES#sI3pw3]or|SowgQi%1PRGfs%MKa;EHdCDl'pHrgls3$Nq+NqtG"p@Cgl^W=gf<o,Z6`PthiEndQ{[URl}Pyt~r`*!uUulWx7TBsE~!mUt`"sRI}UGyQf0Gy;M<}J[lQ8gYRg#,r\*pv!cB2^J?iuqc{")>vCi:
371
EXnk`FS#sI3pw3]pr|SowgQi%0PRGfs&KKa;EHeCDl'pHshms1$Nq+NrtG"p@Cfl^W=gf<p,Z6`PthiFndP{[URl|Pyt~r`*!uVulWx7TBsE~!mTt`"sRJ}UGyPf0Gz;N<}J[kQ8gYSg#,r\*pw!cB2^J?iuqc{")>vCi9
372
EXnk`FS#sI3pw3]pr|SowgQi%0PRGfs&KKa;EHeCDl'pHshms1$Nq+NrtG"p@Cfl^W=gf<p,Z6`PthiFndP{[URl|Pyt~r`*!uVulWx7TBsE~!mTt`"sRJ}UGyPf0Gz;N<}J[kQ8gYSg#,r\*pw!cB2^J?iuqc{")>vCi9
373
EXnk`FS#sI3pw3]pr|SowgQi%0PRGfs&KKa;EHeCDl'pHshmr2$Nq+NrtG"p@Cfl^W=gf<p,Z6`PthiFndP{[URl|Pyt~r`*!uVulWx7TBsE~!mTt`"sRJ}UGyPf0Gz;N<}J[kQ8gYSg#,r\*pw!cB2^J?iuqc{")>vCi9
374
EXnk`FS#sI3pw3]pr|SowgQi%0PRGfs&KKa;EHeCDl'pHshmr2$Nq+NrtG"p@Cfl^W=gf<p,Z6`PthiFndP{[URl|Pyt~r`*!uVulWx7TBsE~!mTt`"sRJ}UGyPf0Gz;N<}J[kQ8gYSg#,r\*pw!cB2^J?iuqc{")>vCi9
375
EXnk`FS#sI3pw3]pr|SowgQi%0PRGfs&KKa;EHeCDl'pHshmr2$Nq+NrtG"p@Cfl^W=gf<p,Z6`PthiFndP{[URl|Pyt~r`*!uVulWx7TBsE~!mTt`"sRJ}UGyPf0Gz;N<}J[kQ8gYSg#,r\*pw!cB2^J?iuqc{")>vCi9
376
EXnk`FS#sI3pw3]pr|SowhQi%0PRGfs&KKa;EHeCDl'pHshmr2$Nq+NrtG"p@Cfl^W=gf<p,Z6`PthiFndP{[URl|Pyt~r`*!uVulWx7TBsE~!mTt`"sRJ}UGyPf0Gz;N<}J[kQ8gYSg#,r\*pw!cB2^J?iuqc{")>vCi9
377
EXnk`FS#sI3pw3]pr|SowgQi%0PRGfs&KKa<EHeCDl'pHshms1$Nq+NrtG"p@Cfl^W=gf<o-Z7`PthiFndP{[URl|Pyt~ra*!uWulWx7TBsE~!mTt`"sRJ}UGyPf0Gz;N<}J[kQ8gYSg#,r\*pw!cB2^J?iuqc{")>vCi9
378
EXnk`FS#sI3pw3]pr|SowgQi%0PRGfs&KKa;EHeCDl(pHshms1$Nq+NrtG"p?Cfl^W=gf<p,Z6`PthiFndP{[VRk|Pyt~r`*!tVulWx7TBsE~!mTt`"sRJ}UGyPf0Gz;N<}J[kQ8gYSg#,r\*pw!cB2^J?iuqc{")>vCi9
379
EXnk`FS#sI3pw3]pr|SowgQi%0PRGfs&KKa;EHeCDl(pHshms1$Nq+NrtG"p?Cfl^W=gf<p,Z6`PthiFndP{[VRk|Pyt~r`*!tVulWx7TBsE~!mTt`"sRJ}UGyPf0Gz;N<}J[kQ8gYSg#,r\*pw!cB2^J?iuqc{")>vCi9
380
EXnk`FS#sI3pw3]pr|SowgQi%1PRGfs&JLa;EHeCDl(pHshms1$Nq+NrtG"p@Cfl^W=gf<p,Z6`PthiFndP{[URl|Pyt}r`*!uVulWx7TBsE~!mTt`"sRJ}UGyPf0Gz;N<}J[kQ8gYSg#,r\*pw!cB2^J?iuqc{")>vCi9
381
EXnk`FS#sI3pw3]pr|SowgQi%1PRGfs&JLa;EHfCDl(pHshms1$Nq+NrtG"p@Cfl^W=gf<p,Z6`PthiFndP{[URl|Pyt}r`*!uVulWx7TBsE~!mTt`"sRJ}UGyPf0Gz;N<}J[kQ8gYSg#,r\*pw!cB2^J?iuqc{")>vCi9
382
EXnk`FS#sI3pw3]pr|SowgQi%1PRGfs&JLa;EHeCDl(pHshms1$Nq+NrtG#p@Cfl^W=gf<p,Z6`PthiFndP{[VRl|Pyt}r`*!uVulWx7TBsE~!mTt`"sRJ}UGyPf0Gz;N<}J[kQ8gYSg#,r\*pw!cB2^J?iuqc{")>vCi9
383
EXnk`FS#sI3pw3]pr|SowgQi%1PRGfs&JLa;EHeCDl(pHshms1$Nq+NrtG#p@Cfl^W=gf<p,Z6`PthiFndP{[VRl|Pyt}r`*!uVulWx7TBsF~!mTt`"sRJ}UGyPf0Gz;N<}J[kQ8gYSg#,r\*pw!cB2^J?iuqc{")>vCi9
384
EXnk`FS#sI3pw3]pr|SowgQi%0PRGfs&KKa;EHeCDl'pHshmr2$Nq+NrtG"p@Cfl^W=gf<p,Z6`PuhiFndP{[USl|Pys~r`*!uVulWx7TBsE~!nTt`"sRJ}UGyPe0Gy;N<}J[kQ8gYSg#,r\+pw!cB2]J?iuqc{")>uCi9
385
DXnkaES#sI3qw3]or|SowgQi%1PSHhs%MKa;EHeCDl'pHrgms3$Nq+NqtG"p@Cgl^W=gf<o,Z6`PthjEndQ{\URl}Pyt~r`+!uUulWx7UBsE~!mUt`!sRK}UGyQg0Gz;M<|J[lQ8gYRg#,r\*pv!dB2^J?iuqc{")>vCi:
386
DXnkaES#sI3qw3]or|SowgQi%1PSHhs%MKa;EHeCDl'pHrgms3$Nq+NqtG"p@Cgl^W=gf<o,Z6`PthjEndQ{\URl}Pyt~r`+!uUulWx7UBsE~!mUt`!sRK}UHyQg0Gz;M<|J[lQ8gYRg#,r\*pv!dB2^J?iuqc{")>vCi:
387
DXnkaES#sI3qw4]or|SowgQi%1PSHhs%MKa;EHeCDl'pIrgms3$Nq+NqtG"p@Cgl^W=gf<o,Z6`PthjEndQ{\URl}Pyt~r`+!uUulWx7UBsE~!mUt`!sRK}UGyQg0Gz;M<|J[lQ8gYRg#,r\*pv!dB2^J?iuqc{")>vCi:
388
DXnkaES#sI3qw4]or|SowgQi%1PSHhs%MKa;EHeCDl'pIrgms3$Nq+NqtG"p@Cgl^W=gf<o,Z6`PthjEndQ{\URl}Pyt~r`+!uUulWx7UBsE~!mUt`!sRK}UGyQg0Gz;M<|J[lQ8gYRg#,r\*pv!dB2^J?iuqc{")>vCi:
389
EXnkaFS#sI3qw3]or|SowgQi%1PRHfs%MKa;FHdCDl'oHrgls3$Nq,NqtG"p@Cgk^W=gf<o,Z7`PthiEndQ{[URl}Pys~r`*!uUulWx7TAsE~!mUt`"sRJ}UGyRf1Gy;M<}J[lQ8gYRg#,r\*pv!cB2^J?iuqcz")>vCi:
390
DXnk`FS#sI4pv3]or|SowgQi%0ORGfs&LKa;EHeDDl'pHrhms2$Nq+NrtG"p@Cfl^V=gf<p,Z6`PthiFndPy[URl|Pyt~r`*!uVulWw7TBsE~!mTt`"rRJ|TGyPe0Gz;N<}K[kQ8gYSh#,r\*pw!cB2^J?iuqd{")>vCi:
391
DXnk`FS#sI4pv3]or|SowgQi%0ORGfs&LKa;EHeDDl'pHrhms2$Nq+NrtG"p@Cfl^V=gf<p,Z6`PthiFndPy[URl|Pyt~r`*!tVulWv7TBsE~!mTt`"rRJ|TGyPe0Fz;N<}K[kQ8gYSh#,r\*pw!cB2^J?iuqd{")>vCi:
392
DXnk`FS#sI4pv3]or|SowgQi%0ORGfs&LKa;EHeDDl'pHrhms2$Nq+NrtG"p@Cfl^V=gf<p,Z6`PthiFndPy[URl|Pyt~ra*!tVulWv7TBsE~!mTt`"rRJ|TGyPe0Fz;N<}K[kQ8gYSh#,r\*pw!cB2^J?iuqd{")>vCi:
393
DXnk`FS#sI4pv3]or|SowgQi%0ORGfs&LKa;EHeDDl'pHrhms2$Nq+NrtG"p@Cfl^V=gf<p,Z6`PthiFndPy[URl|Pyt~ra*!tVulWv7TBsE~!mTt`"rRJ|TGyPe0Fz;N<}K[kQ8gYSh#,r\*pw!cB2^J?iuqd{")>vCi:
394
DXnk`FS#sI4pv3]or|SowgQi%0ORGfs&LKa;EHeDDl'pHrhms2$Nq+NrtG"p@Cfl^V=gf<p,Z6`PthiFndPy[URl|Pyt~ra*!tVulWv7TBsE~!mTt`"rRJ|TGyPe0Fz;N<}K[kQ8gYSh#,r\*pw!cB2^J?iuqd{")>vCi:
395
DXnk`FS#sI4pv3]or|SowgQi%0ORGfs&LKa;EHeDDl'pHrhms2$Nq+NrtG"p@Cfl^V=gf<p,Z6`PthiFndPy[URl|Pys~ra*!tVulWv7TBsE~!mTt`"rRJ|TGyPe0Fz;N<}K[kQ8gYSh#,r\*pw!cB2^J?iuqd{")>vCi:
396
DXnkaDS#sI3qw3]or|TowgQi%1PSHhs%MKa<EHeCDl(pIrgms3$Nq+NqtG"p@Chl^X=gf<o,Z6`PthjEndQ{\URl}Pyt~r`+!uUulWx7UBsE~"mUt`!sRK}UGyQg0Gz;M<|J[lQ8gYRg#-r\*pv dB2^J?itqc{")>vCi:
397
DXnk`FS#sI4pv3]or|SowgQi%0ORGfs&LKa;EHeDDl'pHrhms2$Nq+NrtG"p@Cfk^V=gf<p,Z6`PthiFndPy[URl|Pyt~ra*!tVulWv7TBsF~!mTt`"rRJ|TGyPe0Fz;N<}K[kQ8gYSh#,r\*pw!cB2^J?itqd{")>vCi:
398
DXnk`FS#sI4pv3]or|SowgQi%0ORGfs&LKa;EHeDDl'pHrhms2$Nq+NrtG"p@Cfk^V=gf<p,Z6`PthiFndPy[URl|Pyt~ra*!tVulWv7TBsF~!mTt`"rRJ|TGyPe0Fz;N<}K[kQ8gYSh#,r\*pw!cB2^J?itqd{")>vCi:
399
DXnk`FS#sI4pv3^or|SowgQi%0ORGfs&LKa;EHeDDl'pHrhms2$Nq+NrtG"p@Cfk^V=gf<p,Z6`PthiFndPy[URl|Pyt~ra*!tVulWv7TBsF~!mTt`"rRJ|TGyPe0Fz;N<}K[kQ8gYSh#,r\*pw!cB2^J?itqd{")>vCi:
400
DXnk`FS#sI4pv3]oq|SowgQi%0ORGfs&LKa;EHeDDl'pHrhms2$Nq+NrtG"p@Cfk^V=gf<p,Z6`PthiFndPy[URl|Pyt~ra*!tVulWv7TAsF~!mTt`"rRJ|TGyPe0Fz;N<}K[kQ8gYSh#,r\*pw!cB2^J?itqd{")>vCi:
401
DXnk`FS#sI4pv3]or|SowgQi'0ORGfs&LKa;EHeDDl'pHrhms2$Nq+NrtG"p@Cfk^V=gf<p,Z6`PthiFndPy[URl|Pyt~ra*!tVulWv7TBsE~!mTt`"rRJ|TGyPe0Fz;N<}K[kQ8gYSh#,r\*pw!cB2^J?htqd{")>vCi:
402
DXnk`FS#sI4pv3^or|SowgQi%0ORGfs&LKa;FHeDDl'pHrhms2$Nq+NrtG"p@Cfk^V=gf<p,Z6`PthiFndPy[URl|Pyt~ra*!tVulWv7TBsF~!mTt`"rRJ|THyPe0Fz;N<}K[kQ8gYSh#,r\*pw!cB2^J?itqd{")>vCi:
403
DXnk`FS#sI4pv3^or|SowgQi%0ORGfs&LKa;FHeDDl'pIrhms2$Nq+NrtG"p@Cfk^V=gf<p,Z6`PthiFndPy[URl|Pyt~ra*!tVulWv7TBsF~!mTt`"rRJ|THyPe0Fz;N<}K[kQ8gYSh#,r\*pw!cC2^J?itqd{")>vCi:
404
DXnk`FS#sI4pv3^or{SowgQi%0ORGfs&LKa;EHeDDl'pHrhms2$Nq+NrtG"o@Cfk^V=gf<p,Z6`PthiFndPy[URl|Pyt~ra*!tVulWv7TBsG~!mTt`"rRJ|TGyPe0Fz;N<}K[jQ8gYSh#,r\*pw cB2^J?itqd{")>vCi:
405
DXnk`FS#sI4pv3^or{SowgQi%0ORGfs&LKa;EHeDDl'pHrhms2$Nq+NrtG"o@Cfk^V=gf<p,Z6`PthiFndPy[URl|Pyt~ra*!tVulWv7TBsG~!mTt`"rRJ|TGyPe0Fz;N<}K[jQ8gYSh#,r\*pw cB2^J?itqd{")>vCi:
406
DXnk`FS#sI4pv3^or{SowgQi%0ORGfs&LKa;EHeDDl'pHrhms2$Nq+NrtG"o@Cfk^V=gf<p,Z6`PthiFndPy[URl|Pyt~ra*!tVulWv7TBsG~!mTt`"rRJ|TGyPe0Fz;N<}K[jQ8gYSh#,r\*pw cB2^J?itqd{")>vCi:
407
DXnk`FS#sI4pv3^or{SowgQi%0ORGfs&LKa;EHeDDl'pHrhms2$Nq+NrtG"o@Cfk^V=gg<p,Z6`PthiFndPy[URl|Pyt~ra*!tVulWv7TBsG~!mTt`"rRJ|TGyPe0Fz;N<}K[jQ8gYSh#,r\*pw cB2^J?itqd{")>vCi:
408
DXnk`FS#sI4pv3^or{SowgQi%0ORGfs&LKa;EHeDDl'pHrhms2$Nq+NrtG"o@Cfk^V=gg<p,Z6`PthiFndPy[URl|Pyt~ra*!tVulWv7TBsG~!mTt`"rRJ|TGyPe0Fz;N<}K[jQ8gYSh#,r\*pw cB2^J?itqd{")>vCi:
409
DXnk`FS#sI4pv3^or{SowgQi%0ORGfs&LKa;EHeDDl'pHrhms2$Mq+NrtG"n@Cfk^V=gf<p,Z6`PthiFndPy[URl|Pyt~ra*!tVulWv7TBsG~!mTt`"rRJ|TGyPe0Fz<N<}J[jQ8gYSh#,r\*pw cB2^J?itqd{")>vCi:
410
DXnk`FS#sI4pv3^or{SowgQi%0ORGfs&LKa;EHeDDl'pHrhms2$Mq+NrtG"n@Cfk^V=gf<p,Z6`PthiFndPy[URl|Pyt~ra*!tVulWv7TBsG~!mTt`"rRJ|TGyPe0Fz=N<}J[jQ8gYSh#,r\*pw cB2^J?itqd{")>vCi:
411
DXnk`FS#sI4pv3^or{SowgQi%0ORGfs&LKa;EHeDDl'pHrhms2$Nq+NrtG"n@Cfk^V=gf=p,Z6`PthiFndPy[URl|Pyt~ra*!tVulWu7TBsG~!mTt`"rRJ|TGyPe0Fz<N<}J[jQ8gZSh#,r\*pw cB2^J?itqd{")>vCi:
412
DXnk`FS#sI4pv3^or{SowgQi%0ORGfs&LKa;EHeDDl'pHrhms2$Nq+NrtG"n@Cfk^V=gf=p,Z6`PthiFndPy[URl|Pyt~ra*!tVulWu7TBsG~!mTt`"rRJ|TGyPe0Fz<N<}J[jQ8gZSh#,r\*pw cB2^J?itqd{")>vCi:
413
DXnk`FS"sI4pv3^or{SowgQi%0ORGfs&KK`<EHeDDl'pHrhms2$Nq*NrtG"o@Cfk^V=gf<p,Z6`PthiFndPy[URl|Pyt~ra*!tVulWv7TBsG~!mTt`"rRJ|TGyQe0Fz;N<}K[jP8gYSh#-r\+pw cB2^J?itqd{")>vDi:
414
DXnk`FS"sI4pv3^or{SowgQi%0ORGfs&KK`<EHeDDl'pHrhms2$Nq*NrtG"o@Cfk^V=gf<p,Z6`PthiFndPy[URl|Pyt~ra*!tVulWv7TBsG~!mTt`"rRJ|TGyQe0Fz;N<}K[jP8gYSi#-r\+pw cB2^J?itqd{")>vDi:
415
DXnkaDS#sI3qv3]or|TovhQi&1PSHhs%MJa<EHeCDl(pIrgms3$Nq,NqtG"p@Chl^X=gg<o,Z6aPthiEneQ{]URk}Pyt~r`+!uUulWx7VBsE~"mTt`!sRJ}UHyQg0Gz;M<|J[lQ8gYRg"-r\*pv dB2^J?itqcz")>uCi:
416
DXnkaDS#sI3qv3]or|TovhQi&1PSHhs%MJa<EHeCDl(pIrgms3$Nq,NqtG"p@Chl^X=gg<o,Z6aPthiEneQ{]URk}Pyt~r`+!uUulWx7VBsE~"mTt`!sRJ}UHyQg0Gz;M<|J[lQ8gYRg"-r\*pv dB2^J?itqcz")>uCi:
417
DXnk`FS#sI4pv3_or|SowgQi%0ORGfs&LKa;FHeDDl'pIrhms3%Np+NstG"p@Cfk^V=gf<p-Z6`PthiFndPw[URl|Pyt~ra+!tVulWv7TBsF~!mTt`"rTJ|THyPe0Fz;N<}K[kQ8gYSh#,r]*pw cC2^K?itrd{")>vCi:
418
DXnk`FS#sI4pv3_or|SowgQi%0ORGfs&LKa;FHeDDl'pIrhms3%Np+NstG"p@Cfk^V=gf<p-Z6`PthiFndPw[URl|Pyt~ra+!tVulWv7TBsF~!mTt`"rTJ|THyPe0Fz;N<}K[kQ8gYSh#,r]*pw cC2^K?itrd{")>vCi:
419
DXnk`FS#sI4pv3_or|SowgQi%0ORGfs&LKa;FHeDDl'pIrhms3%Np+NstG"p@Cfk^V=gf<q-Z6`PthiFndPw[URl|Pyt~ra+!tVulWv7TBsF~!mTt`"rTJ|THyPe0Fz;N<}K[kQ8gYSh#,r]*pw cC2^K?itrd{")>vCi:
420
DXnk`FS#sI4pv3_oq|SowgQi%0ORGfs&LKa;FHeDDl'pIrhms3%Np+NstG"p@Cfk^V=gf<q-Z6`PthiFndPw[URl|Pyt~ra+!tVulWv7TBsF~!mTt`"rTJ|THyPe0Fz;N<}K[kQ8gYSh#,r]*pw cC2^K?itrd{")>vCi:
421
DXnkaDS#sI3qu3^or|TowgQi%1OTHhs%LKa<EHeCDl(pIrgms4$Nq+NqtG"p@Chl^X=gf<p,Z6aPthjEndQz]URl|Pyt~r`+!uUulWx8UBsE~"mUt`!sRJ}UGyQe0Gz;M<|J[lQ8gYRg".r\*pv eB2^J?itqcz")?vCh:
422
DXnkaDS#sI3qu4^or|TowgQi%1OTHhs%LKa<EHeCDl(pIrgms4$Nq+NqtG"p@Chl^X=gf<p,Z6aPthjEndQz]URl|Pyt~r`+!uUulWx8UBsE~"mUt`!sRJ}UGyQe0Gz;M<|J[lQ8gYRg".r\*pv eB2^J?itqcz")?vCh:
423
DXnkaDS#sI3qu4^or|TowgQi%1OTHhs%LKa<EHeCDl(pIrgms4$Nq+NqtG"p@Chl^X=gf<p,Z6aPthjEndQz]URl|Pyt~r`+!uUulWx8UBsE~"mUt`!sRJ}UGyQe0Gz;M<|J[lQ8gYRg"/r\*pv eB2^J?itqcz")?vCh:
424
DXnkaDS#sI3qu3^or|TowgQi&1PTHhs%MKa<EHeCDl(pIrgms3$Nq+NqtG"p@Dhl^X=gf<p,Z6aPthjEndQz]URl|Pyt~r`+"uUulWx8UBsE~"mUt`!sRJ}UGxQe0Gz;M<{J[lQ8gYRg".r\*pv eB2^J?itqcy")?vCh:
425
DXnkaDS#sI3qu3^or|TowgQi&1PTHhs%MKa<EHeCDl(pIrgms3$Nq+NqtG"p@Dhl^X=gf<p,Z6aPthjEndQz]URl|Pyt~r`+"uUulWx8UBsE~"mUt`!sRJ}UGxQe0Gz;M<{J[lQ8gYRg".r\*pv eB2^J?itpcy")?vCh:
426
DXnkaDS#sI3qu3^os|TowgQi&1PTHhs%MKa<EHeCDl(pIrgms3$Nq+NqtG"p@Dhl^X=gf<p,Z6aPthjEndQz]URl|Pyt~r`+"uUulWx8UBsE~"mUt`!sRJ}UGxQe0Gz;M<{J[lQ8gYRg".r\*pv eB2^J?itpcy")?vCh:
427
DXnkaDS#sI3qu3^os{TowgQi&1PTHhs%MKa<EHeCDl(pIrgms3$Nq+NqtG"p@Dhl^X=gf<p,Z6aPthjEndQz]URl|Pyt~r`+"uUulWx8UBsE~"mUt`!sRJ}UGxQe0Gz;M<{J[lQ8gYRg".r\*pv eB2^J?itpcy")?vCh:
428
DXnkaDS#sI3qu3^os{TowgQi&1PTHhs%MKa<EHeCDl(pIrgms3$Nq+NqtG"p@Dhl^X=gf<p,Z6aPthjEodQz]URl|Pyt~r`+"uUulWx8UBsE~"mUt`!sRJ}UGxQe0Gz;M<{J[lQ8gYRg".r\*pv eB2^J?itpcy")?vCh:
429
DXnkaDS#sI3qu3^os{TowgQi&1PTHhs%MKa<EHeCDl(pIrgms3$Nq+NqtG"p@Dhl^X=gf<p,Z6aPthjEodQz]URl|Pyt~r`+"uUulWx8UBsE~"mUt`!sRJ}UGxQe0Gz;M<{J[lQ8gYRg".r\*pv eB2^J?itpcy")?vCh:
430
DXnkaDS#sI3qu3^os{TowgQi&1PTIhs%MKa<EHeCDl(pIrgms3$Nq+NqtG"p@Dhl^X=gf<p,Z6aPthjEodQz]URl|Pyt~r`+"uUulWx8UBsE~"mUt`!sRJ}UGxQe0Gz;M<{J[lQ8gYRg".r\*pv eB2^J?itpcy")?vCh:
431
DXnkaDS"sI3qu3^or|TowgQi&1PTHhs%MKa<EHeCDl(pIrgms3$Nq+NqtG"p@Dhl^X=gf<p-Z6aPthjEndQz]URl|Pyt~r`+"uUulWx8UBsE~"mUt`!sSJ}UGxQd0Gz;M<{J[lQ8gYRg".r\*pv eB2^J?itqcy")?vCh:
432
DXnkaDS#sI3qt3^or|TowgRi%1PTHis%MKa<EHeCDl(pIrgms3$Nq+NqtG"p@Chl^X=gf<p,Z6aPthjEndQz]URl|Pyt~ra+!tVulWx8UBsE~"mUs`!sRJ}UGyQe0Gz;M<|J[lQ8hYRg!.r\*qv eB2^K?itqcz")?vCh:
433
DXnkaDS#sI3qt3^or|TowgRi%1PTHis%MKa<EHeCDl(pIrgms3$Nq+NqtG"p@Chl^X=gf<p,Z6aPthjEndQz]URl|Pyt~ra+!tVulWx8UBsE~"mUs`!sRJ}UGyQe0Gz;M<|J[lQ8hYRg!.r\*qv eB2^K?itqcz")?vCh:
434
DXnkaDS#sI3qu3^or|TowgSi&1PVHhs%MKa<EHeCDl(pIrgms3$Nq+NqtG"p@Dhl^X=gf<p,Z6aPthjEneQz]URl|Qyt~r`+"uUulXx8UBtE~"mUt`!sRJ}UGxQe0Gz;M<{J[lQ8gYRg".r[*pv eB1^J?itpcy"(?vCh:
435
DXnkaDS#sI3qu3^or|TowgSi&1PVHhs%MKa<EHfCDl(pIrgms3$Nq+NqtG"p@Dhl^X=gf<p,Z6aPthjEneQz]URl|Qyt~r`+"uUulXx8UBtE~"mUt`!sRJ}UGxQe0Gz;M<{J[lQ8gYRg".r[*pv eB1^J?itpcy"(?vCh:
436
DXnkaDS#sI3qu3^or|TowgSi&1PVHhs%MKa<EHfCDl(pIrgms3$Nq+NqtG"p@Dhl^X=gf<p,Z6aPthjEneQz]URl|Qyt~r`+"uUulXx8UBtE~"mUt`!sRJ}UGxQe0Gz;M<{J[lQ8gYRg".r[*pv eB1^J?itpcy"(?vCh:
437
DXnkaDS"sI3qu3^or|TowgQi&1PTIhs%MKa<EHeCDl(pIrgms3$Np+NqtG"p@Dhl^X=gf<p-Z6aPthjEndQz]URl|Pyt~r`+"uUulWx8UBsE~"mUt`!sSJ}UGxQd0Gz;M<{J[lQ8gYRg".r\+pv eB2^J?itqcy")?vCh:
438
DXnkaDS"sI3qt3^nr|TowgRi%1PTHhr%MKa<EHeCDl(pIrgms3$Nq+NqtG"p@Chl^X=gf<p,Z6aPthjEndQz]URl|Pyt~ra+!tVulXx8UBsE~"mUsa!sRJ}UGyQe0Gz;M<|K[lQ8hYRg!.r\*qv eB2^K?itqcz")?vCh:
439
DXnkaDS"sI3qt3^nr|TowgRi%1PTHhr%MKb<EHeCDl(pIrgms3$Nq+NqtG"p@Chl^X=gf<p,Z6aPthjEndQz]URl|Pyt~ra+!tVulXx8UBsE~"mUsa!sRJ}UGyQe0Gz;M<|K[lQ8hZRg!.r\*qv eB2^K?itqcz")?vCh:
440
DXnkaDS"sI3qt3^nr|TowgRi%1PTHhr%MKb<EHeCDl(pIrgms3$Nq+NqtG"q@Chl^X=gf<p,Z6aPthjEndQz]URl|Pyt~ra+!tVulXx8UBsE~"mUsa!sRJ}UGyQe0Gz;M<|K[lQ8hZRg!.r\*qv eB2^K?itqcz")?vCh:
441
DXnkaDS"sI3qt3^nr|TowgRi%2PTHhr%MKb<EHeCDl(pIrgms3$Nq+NqtG"q@Chl^X=gf<p,Z6aPthjEndQz]URl|Pyt~ra+!tVulXx8UBsE~"mUsa!sRJ}UGyQe0Gz;M<|K[lQ8hZRg!.r\*qv eB2^K?itqcz")?vCh:
442
DXnkaDS"sI3qt3^nr|TowgRi%1PTHhr%MKb<EHeCCl(pIrgms3$Nq+NqtG"p@Dhl^X=gf<p,Z6aPthjEndQz]URl|Pyt~ra+!tVulXx8UBsE~"mUsa!sRJ}UGyQe0Gz;M<|K[lQ8hZRh!.r\*qv eB2^K?itqcz")?vCh:
443
DXnkaDS"sI3qt3^nr|TowgRi%1PTHhr%MKb<EHeCCl(pIrgms3$Nq+NqtG"p@Dhl^X=gf<p,Z6aPthjEndQz]URl|Pyt~ra+!tVulXx8UBsE~"mUsa!sRJ}UGyQe0Gz;M<|K[lQ8hZRh!.r\*qv eB2^K?itqcz")?vCh:
444
DXnkaDS"sI3qt3^nr|TowgRi%1PTHhr%MKb<EHeCCl(pIrgms3$Nq+NqtG"o?Dhl^X=gf<p,Z6aPthjEndQz]URl|Pyt~ra+!tVulXx8UBsE~"mUsa!sRJ}UGyQe0Gz;M<|K[lQ8hZRh!.r\*qv eB2^K?itqcz")?vCh:
445
DXnkaDS"sI3qt3^nr|TowgRi%1PTHhr%MKb<EHeCCl(pIrgms3$Nq+NqtG"o?Dhl^X=gf<p,Z6aPthjEndQz]URl|Pyt~ra+!tVulXx8UBsE~"mUsa!sRJ}UGyQe0Gz;M<|K[lQ8hZRh!.r\*qv eB2^K?itqcz")?vCh:
446
DXnkaDS"sI3qt3^nr|TowgRi%1PTHhr%MKb<EHeCCl(pIrgms3$Nq+NqtG"o?Dhl^X=gf<p,Z6aPthjEndQz]URl|Pyt~ra+!tVulXx8UBsE~"mUsa!sRJ}UGyQe0Gz;M<|K[lQ8hZRh!.r\*qv eB2^K?itqcz")?vCh:
447
DXnkaDS"sI3qt3^nr|TowgRi%1PTHhr%MKb<EHeCCl(pIrgms3$Nq+NqtG"o?Ehl^X=gf<p,Z6aPthjEndQz]URl|Pyt~ra+!tVulXx8UBsE~"mUsa!sRJ}UGyQe0Gz;M<|K[lQ8hZRh!.r\*qv eB2^K?itqcz")?vCh:
448
DXnkaDS"sI3qt3^nr|TowgRi%1PTHhr%MKb<EHeCCl(pIrgms3$Nq+NqtG"o?Ehl^X=gf<p,Z6aPthjEndQz]URl|Pyt~ra+!tVulYx8UBsE~"mUsa!sRJ}UGyQe0Gz;M<|K[lQ8hZRh!.r\*qv eB2^K?itqcz")?vCh:
449
DXnkaDS"sI3qt3^nr|TowgRi%1PTHhr%MKb<EHeCCl(pIrgms3$Nq+NqtG"o?Ehl^X=gf<p,Z6aPthjEndQz]URl|Pyt~ra+!tVulYx8UBsE~"mUsa!sRJ}UGyQe0Gz;M<|K[lQ8hZRh!.r\*qv eB2^K?itqcz")?vCh:
450
DXmkaDS"sI3qu3^or|TowgQi'1PTHhs$MKe<EHeCDl(pIrglr4$Mq+NqtG"p@Dhl]X=gg<p,Z6aPthjEndQy]URl|Pys~r`+"uUukWx8UBsE~"mUt`!sRJ|UGxQe0Gz;M<{J[lQ9hYRg".r\*pv eB2^K?itqcy")?vCh:
451
DXmkaDS"sI3qu3^or|TowgQi'1PTHhs$MKe<EHeCDl(pIrglr4$Mq+NqtG"p@Dhl]X=gg<p,Z6aPthjEndQy]URl|Pys~r`+"uUukWx8UBsE~"mUt`!sRJ|UGxQe0Gz;M<{J[lQ9hYRg".r\*pv eB2^K?itqcy")?vCh:
452
DXnkaDS"sI3qt3^nr|TowgRi%1PTHhr%MKb<EHeCCl(pIrgms3$Nq+OqtG"o?Ehl^X=gf=p,Z6aPthjEndQz]URl|Pyt~ra+!tVulYx8UBsE~"mUsa!sRJ}UGyQe0Gz;M<|K[lQ8hZRh!.r\*qv eB2^K?itqcz")@vCh:
453
CXnkaDS"sI3qt3^nr|TowgRi%1PUHhr%MKb<EHeCDl(pIrgls3$Nq+NqtG"p@Chl^X=gf<p,Z6aPthjEndQz]URl|Pyt}ra+!tVulXx8UBrE~"mUsa!sRJ|UGyQe0Gz;N<|K[lQ8hZRg!.r\*qv eB1^K?itqdz")?vDh:
454
CXnkaDS"sI3qt3^nr|TowgRi%1PUHhr%MKb<EHeCDl(pIrgls3$Nq+NqtG"p@Chl^X=gf<p,Z6aPthjEndQz]URl|Pyt}ra+!tVulXx8UBrE~"mUsa!sRJ|UGyQe0Gz;N<|K[lQ8hZRg!.r\*qv eB1^K?itqdz")?vDh:
455
DXnkaDS"sI3qt3^nr|TowgSi%1PUHhr%MKb<EGeCDl(pJrgms3%Nq+NqtG"p@Dhl^X=gf<p-Z6aPthjEndQz]URl|Pyt~ra+!tVujXx8UBsE~"mUsa!sRJ}TGyQe0Gz;M<|K[lQ8hZRh!.r\*qv eB2^K?itqcz")?vCh:
456
CXnkaDS"sI3qt3^nr|TowgRi%1PUHhr%MKb<EHeCDl(pIrgls3$Nq+NqtG"p@Chl^X=gf<p,Z6aPthjEndQz]URl|Pyt}ra+!tVulXx8UBrE~"mUsa!sRK|UGyQe0Gz;N<|K[lQ8hZRh!.r\*qv eB1^K?itqdz")?vDh:
457
CXnkaDS"sI3qt3^nr|TowgRi%1PUHhr%MKb<EHeCDl(pIrgls3$Nq+NqtG"p@Chl^X=gf<p,Z6aPthjEndQz^URl|Pyt}ra+!tVulXx8UBrE~"mUsa!sRK|UGyQe0Gz;N<|K[lQ8hZRh!.r\*qv eB1^K?itqdz")?vDh:
458
CXnkaDS"sI3qt3^nr|TowgRi%1PUHhr%MKb<EHeCDl(pIrgls3$Nq+NqtG"p@Chl^X=gf<p,Z6aPthjEndQz^URl|Pyt}ra+!tVulXx8UBrE~"mUsa!sRK|UGyQe0Gz;N<|K[lQ8hZRh!.r\*qv eB1^K?itqdz")?vDh:
459
CXnkaDS"sI3qt3^nr|TowgRi%1PUHhr%MKb<EHeCDl(pIrgls3$Nq+NqtG"p@Chl^X=gf<p,Z6aPthjEndQz^URl|Pyt}ra+!tVulXx8UBrE~"mUsa!sRK|UGyQe0Gz;N<|K[lQ8hZRh!.r\*qv eB1^K?itqdz")?vDh:
460
CXnkaDS"sI3qt3^nr|TowgRi%1PUHhr%MKb<EHeCDl(pIrgls3$Nq+NqtG"p@Chl^X=gf<p,Z6aPthjEndQy^URl|Pyt}ra+!tVulXx8UBrE~"mUsa!sRK|UGyQe0Gz;N<|K[lQ8hZRh!.r\*qv eB1^K?itqdz")?vDh:
461
CXnkaDS"sI3qt3^nr|TowgRi%1PUHhr%MKb<FHeCDl(pIrhls3$Nq+NqtG"p@Chl^X=gf<p,Z6aPthjEndQz^URl|Pyt}ra+!tVulXx8UBrE~"mUsa!sRK|UGyQe0Gz;N<|K[lQ8hZRh!.r\*qv eB1^K?itqdz")?vDh:
462
CXnkaDS"sI3qt3^nr|TowgRi%1PUIhr%MKb<EHeCDl(pIrgls3$Nq+NqtG"p@Chl^X=gf<p,Z6aPthjEndQz^URl|Pyt}ra+!tVulXx8UBrE~"mUsa!sRK|UGyQe0Gz;N<{K[lQ8hZRh!.r\*qv eC1^K?itqdz")?vDh:
463
CXnkaDS"sI3qt3^nr|TowgRi%1PUIhr%MKb<EHeCDl(pIrgls3$Nq+NqtG"p@Chl^X=gf<p,Z6aPthjEndQz^URl|Pyt}ra+!tVulXx8UBrE~"mUsa!sRK|UGyQe0Gz;N<{K[lQ8hZRi!.r\*qv eC1^K?itqdz")?vDh:
464
DXnkaDS"sI3rt3^nr|TowgRi%1PTHhr%MKb<EGeCCl(pIrgms3$Nq+NqtG"o?Ehl^X=gf<p,Z6aPthjDneQz]URl|Pyt~ra+"tVulYx8VBsE~"mTsa!sRL}UGyQe0Gz;M<|K[lQ8iZRh!.r\*qv eB1^L?itqcy")?vCh:
465
DXnkaDS"sI3rt3^nr|TowgRi%1PTHhr%MKb<EGeCCl(pIrgms3$Nq+NqtG"o?Ehl^X=gf<p,Z6aPthjDneQz]URl|Pyt~ra+"tVulYx8VBsE~"mTsa!sRL}UGyQe0Gz;M<{K[lQ8iZRh!.r\*qv eB1^L?itqcy")?vCh:
466
CXnkaDS"sI3qt3^nr|TowgRi%1PUIhr%MKb<EHeCDl(pIrgls3$Nq+NqtG"p@Chl^X=gf<p,Z6aPthjEndQz^URl|Pyt}ra+!tWulXx8UBrE~"mUsa!sRK|UGyQe0Gz;N<{K[lQ8hZRi!/r\*qv fC1^K?itqdz")?vDh:
467
CXnkaDS"sI3qt3^nr|TowgRi%1PUIhr%MKb<EHeCDl(pIrgls3$Nq+NqtG"p@Chl^X=gf<p,Z6aPthjEndQz^URl|Pyt}ra+!tWulXx8UBrE~"mUsa!sRK|UGyQe0Gz;N<{K[lQ8hZRi!/r\+qv fC1^K?itqdz")?vDh:
468
CXnkaDS"sI3qt3^nr|TowgRi%1PUIhr%MKb<EHeCDl(pIrgls3$Nq+NqtG"p@Chl^X=gf<p,Z6aPthjEndQz^URl|Pyt}ra+!tWulXx8UBrE~"mUsa!sRK|UGyQe0Gz;N<{K[lQ8hZRi!/r\+qv fC1^K?itqdz")?vDh:
469
DXnkaDS"sI3rt3^nr{UowgRi%1PTHhr%MKb<EGeCCl(pIrgms3$Nq+NqtG"o?Ehl^X=gf<p,Y6aPthjDneQz]URl|Pyt~ra+"tVulYx8WBsE~"mTsa!sRL}UGyQe0Gz;M<{K[lQ8iZRh!.r\*qv eB1^L?itqcy"(?vCh:
470
DXnkaDS"sI3rs3^nr|TowgRi&1PTHhr%MKb=EGeCCl(pIrgms3$Nq+NqtG"o?Ehl^X=gf<p,Z6aPthjDneQz]URl|Pyt~ra+"tVulYx8VBsE~"mTsa!sRL}UGyQe0Gz;M<{K[lQ8iZRh!.r\*qu eB1^L?itqcy")?vCh:
471
DXnkaDS"sI3rs3^nr|TowgRi&1PTHhr%MKb=EGeCCl(pIrgms3$Nq+NqtG"o?Ehl^X=gf<p,Z6aPthjDneQz]URl|Pyt~ra+"tVulYx8VBsE~"mTsa!sRL}UGyQe0Gz;M<{K[lQ8iZRh!.r\*qu eB1^L?itqcy")?vCh:
472
DXnkaDS"sI3rt3^nr{UowgRi%1PTHhr%MKb<EGeCCl(pIrgms3$Nq+NqtG"o?Ehl^X=gf<p,Y6aPthjDneQz]URl|Pyt~ra+"tVulYx8WBsE~"mTsa!sRL}UGyQe0Gz<M<{K[lQ8iZRh!.r]*qv eB1^L?itqcy"(?vCh:
473
DXnkaDS"sI3rt3^nr{UowgRi%1PTHhr%MKb<EGeCCl(pIrgms3$Nq+NqtG"o?Ehl^X=gf<p,Y6aPthjDneQz]URl|Pyt~ra+"tVulYx8WBsE~"mTsa!sRL}UGyQe0Gz<M<{K[lQ8iZRh!.r]*qv eB1^L?itqcy"(?vCh:
474
DXnkaDS"sI3rs3^nr|TowgRi&1PTHhr%MKb=EGeCCl(pIrgms3$Nq+NqtG"o?Ehk^X=gf<p,Z6aPthjDneQz]URl|Pyt~ra+"tVulYx8VBsE~"mTsa!sRL}UGyQe0Gz;M<{K[lQ8iZRh!.r\*qu eB1^L?itpcy")?vCh:
475
DXnkaDS"sI3rt3^nr{UowgRi%1OTHhr%MKb=EGeCCl(pIrgms3$Nq+NqtG"o?Ehl^X=gf<p,Y6aPthjDneQz]URl|Pyt~ra+"tVulYx8WBsE~"mTsa!sRL}UGyQe0Gz<M<{K[lQ8iZRh!.r]*qv eB1^L?itqcy"(?vCh:
476
CXnkaDS"sI3qt4^nr|TowgRi%1PUIhr%MKb<EHeCDl(pIrhls3$Nq+NqtG"p@Chl^X>gf<p,Z6aPthjEndQz^URl|Pyt}ra+!tWulXx8UBrE~"mUsa sRK|UGyQe0Gz;N<{K[lQ8hZRi /r\+rv fC1^K?itqdz")?vDh:
477
CXnkaDS"sI3qt4^nr|TowgRi%1PUIhr%MKb<EHeCDl(pIrhls3$Nq+NqtG"p@Chl^X>gf<p,Z6aPthjEndQz^URl|Pyt}ra+!tWulXx8UBrE~"mUsa sRK|UGyQe0Gz;N<{K[lQ8hZRi /r\+rv fC1^K?itqdz")?vDh:
478
CXnkaDS"sI3qt4^nr|TowgRi%1PUIhr%MKc<EHeCDl(pIrhls3$Nq+NqtG"p@Chl^X>gf<p,Z6aPthjEndQz^URl|Pyt}ra+!tWulXx8UBrE~"mUsa sRK|UGyQe0Gz;N<{K[lQ8hZRi /r\+rv fC1^K?itqdz#)?vDh:
479
CXnkaDS"sI3qt4^nr|TowgRi%1PUIhr%MKc<EHeCDl(pIrhls3$Nq+NqtG"p@Chl^X>gf<p,Z6aPthjEndQz^URl|Pyt}ra+!tWulXx8UBrE~"mUsa sRK|UGyQe0Gz;N<{K[lQ8hZRi /r\+rv fC1^K?itqdz#)?vDh:
480
DXnkaDS"sI3rt3^nr{VovgRi%1OTHhr%MKb<EGeCDl(pIrgms3$Nq-NqtH"o?Ehl^X=gf<p,Y6aPthjDneQz]URl|Pyt~ra+"tVulYx8WBsE~"mTsa!sRL}UGyQe0Gz<M<{K[lQ8iZRh!.r\*qu eB1^L?itqcy"(?vCh:
481
CXnkaDS"sI3qt4^nr|TowgRi%1PUIhq%MKb<EHeCDl(pIrhls3$Np+NqtG"p@Chl^X>gf=p,Z6aPthjEndQz^URl|Pyt}ra+!tWulXx8UBrE~"mUsa sRK|UHyQe0Gz;N<{K[lQ8hZRi /r\+rv fC1]K?itqdz")?vDh:
482
CXnkaDS"sI3qt4^nr|TowgRi%1PUIhq%MKb<EHeCDl(pIrhls3$Np+NqtG"p@Chl^X>gf=p,Z6aPthjEndQz^URl|Pyt}ra+!tWulXx8UBrE~"mUsa sRK|UHyQe0Gz;N<{K[lQ8hZRi /r\+rv fC1]K?itqdz")?vDh:
483
CXnkaDS"sI3qt4^nr|TowgRi%1PUIhq%MKb<EHeCDl(pIrhls3$Np+NqtG"p@Chl^X>gf=p,Z6aPthjEndQz^URl|Pyt}ra+!tWulXx8UBrE~"mUsa sRK|UHyQe0Gz;N<{K[lQ8hZRi /r\+rv fC1]K?itqdz")?vDh:
484
CXnkaDS"sI3qt4^mr|TowgRi%1PUIhr%MKb<EHeCDl(pIrhls3$Nq+NqtG"p@Chl^X?gf<p,Z6aPthjEndQz^VRl|Pyt}ra+!tWulXx8UBqE~"mUsa sRK|UGyQd0Gz;N<{K[lQ8hZRi /r\*rv fC1]K?itqdz")?uDh:
485
CXnkaDS"sI3qt4^nr|TowgRi%1PUIhq%MKb<EHeCDl(pIrhls3$Np+NqtG"o@Chl^X>gf=p,Z6aPthjEndQz^URl|Pyt}ra+"tWulXx8UBrE~"mUsa sRK|UHyQe0Gz;N<{K[lQ8hZRi /r\+rv fC1]K?itqdz")?vDh:
486
DXnkaDS"sI3rt3^nr{VovgRi%1PTHhr%MKb<EGeCDl(pJrgls3$Nq-NqtH"o?Ehl^X=gf<p,Y6aPthjDneQz]URl|Pyt~ra+"tVulYx8WBsE~"mTsa!sRL}UGyQe0Gz;M<{K[lQ9iZRh .r\*qu eB1^L?itqcx"(@vCh:
487
DXnkaDS"sI3rt3^nr{VovgRi%1PTHhr%MKb<EGeCDl(pJrgls3$Nq-NqtH"o?Ehl^X=gf<p,Y6aPthjDneQz]URl|Pyt~ra+"tVulYx8WBsE~"mTsa!sRL}UGyQe0Gz;M<{K[lQ9iZRh .r\*qu eB1^L?itqcx"(@vCh:
488
DXnkaDS"sI3rt3^nr{VovgRi%1PTHhr%MKb<EGeCDl(pIrgls3$Nq-NqtH"o?Ehl^X=gf<p,Y7aPthjDneQz]URl|Pyt~ra+"tVulYx8WBsE~"mSsa!sRL}UGyQe0Gz;M<{K[lQ9iZRh!.r\*qu eB1^L?itqcx")@vCh:
489
DXnkaDS"sI3rt3^nr{VovgRi%1PTHhr%MKb<EGeCDl(pIrgls3$Nq-NqtH"o?Ehl^X=gf<p,Y7aPthjDneQz]URl|Pyt~ra+"tVulYx8WBsE~"mSsa!sRL}UGyRe0Gz;M<{K[lQ9iZRh!.r\*qu eB1^L?itqcx")@vCh:
490
DYnkaDS"sI3rt3^nr|TowhRi%1PTIhr%MKb<EGeCCl(pIrgms3$Nq+OptG"o>Ehl]X=gf<p,Z6bOthjDoeQz]URk|Pyt~ra,"tVtlYx8WBsE~#mTra sRL}TGyQe0Gy;M<{K[lQ8iZRh!.r\*qv eB1^L?itqcy")?vCh:
491
DYnkaDS"sI3rt3^nr|TowhRi%1PTIhr%MKb<EGeCCl(pIrgms3$Nq+OptG"o>Ehl]X=gf<p,Z6bOthjDoeQz]URk|Pyt~ra,"tVtlYx8WBsE~#mTra sRL}TGyQe0Gy;M<{K[lQ8iZRh!.r\*qv eB1^L?itqcy")?vCh:
492
DYnkaDS"sI3rt3^nr|TowhRi%1PTIhr%MKb<EGeBCl(pIrgms3$Nq+OptG"o>Ehl]X=gf<p,Z6bOthjDoeQz]URk|Pyt~ra,"tVtlYx8WBsE~#mTra sRL}TGyQe0Gy;M<{K[lQ8jZRh!.r\*qv eB1^L?itqcy")?vCh:
493
DYnkaDS"sI3rt3^nr|TowhRi%1PTIhr%MKb<EGeBCl(pIrgms3$Nq+OptG"o>Ehl\X=gf<p,Z6bOthjDoeQz]URk|Pyt~ra,"tVtlYx8WBsE~#mTra sRL}TGyQe0Gy;M<{K[lQ8jZRh!.r\*qv eB1^L?itqcy")?vCh:
494
CXnkaDS"sJ3rt4^nr|TowgRi%1PUIhr%MKb=FHdCDl(oIrhls3%Nq+NqtG"p@Chl^X>gf<p,Z6bPthjEodQz^URl{Qyt}ra+!tWulXx8UBrE~#mUsa sRK|UHyQe0Gy;N<{K[lQ8hZRi /r\+rv fC1]K?itpdz")?vDh:
495
CXnkaDS"sJ3rt4^nr|TowgRi%1PUIhr%MKb=FHdCDl(oIrhls3%Nq+NqtG"p@Chl^X>gf<p,Z6bPthjEodQz^URl{Qyt}ra+!tWulXx8UBrE~#mUsa sRK|UHyQe0Gy;N<{K[lQ8hZRi /r\+rv fC1]K?itpdz")?vDh:
496
CXnkaDS"sJ3rt4^nr|TowgRi%1PUIhr%MKb=FHdCDl(oIrhls3%Nq+NqtG"p@Chl^X>gf<p,Z6bPthjEodQz^URl{Qyt}ra+!sWulXx8UBrE~#mUsa sRK|UHyQe0Gy;N<{K[lQ8hZRi /r\+rv fC1]K?itpdz")?vDh:
497
CXnkaDS"sJ3rt4^nr|TowgRi%1PUIhr%MKb=FGdCDl(oIrhls3%Nq+NqtG"p@Chl^X>gf<p,Z6bPthjEodQz^URl{Qyt}ra+!sWulXx8UBrE~#mUsa sRK|UHyQe0Gy;N<{K[lQ8hZRi 0r\+rv fC1]K?itpdz")?vDh:
498
CXnkaDS"sJ3rt4^nr|TowgRi&1PUIhr%MKb=FGdCDl(oIrhls3%Nq+NqtG"p@Chl^X>gf<p,Z6bPthjEodQz^URl{Qyt}ra+!sWulXx8UBrE~#mUsa sRK|UHyQe0Gy;N<{K[lQ8hZRi 0r\+rv fC1]K?itpdz")?vDh:
499
CXnkaDS"sJ3rt4^nr|TowgRi&1PUIhr%MKb=FGdCDl(oIrhls3%Nq+NqtG"p@Chl^X>gf<p,Z6bPthjEodQz^URl{Qyt}ra+!sWulXx8UBrE~#mUsa sRK|UHyQe0Gy;N<{K[lQ8hZRi 0r\+rv fC1]K?itpdz")?vDh:
500
CXnkaDS"sJ3rt4^nr|TowgRi%1PUIhr%MKb=FHdCDl(oIrhls3%Nq+NqtG#p@Chl^X>gf<p,Z6bPthjDodQz^URl{Qyt|ra+!tWulXx8UBrE~$mUsa sRK|UHyQe0Gy;N<{K[lQ8hZRi /r\+rv fC1]K?itpdz")?vDh:
501
CXnkaDS"sJ3rt4^nr|TowgSh&1PUIhr%MKb=FGdCDl(oIrhls3%Nq+NqtG"p@Chl^X>gf<p,Z6bPthjEodQz^URl{Qyt}ra+!sWulXx8UBrE~#mUsa sRK|UHyQe0Gy;N<{K[lQ8hZRi 0r\+rv fC1]K?itpdz")?vEh:
502
CXnkaDS"sJ3rt4^nr|TowgSh&1PUIhr%MKb=FGdCDl(oIrhls3%Nq+NqtG"p@Chl^X>gf<p,Z6bPthjEodQz^URl{Qyt}ra+!sWulXx8UBrE~#mUsa sRK|UHyQe0Gy;N<{K[lQ8hZRi 0r\+rv fC1]K?itpdz")?vEh:
503
CXnkaDS"sJ3rt4^nr|TowgRi%1PUIhr%MKb=FHdCDl(oIrhls3%Nq+NqtG#p@Chl^X>gf<p,Z6bOthjDodQz^URl{Qyt|ra+!tWulXx8UBrE~$mUsb sRK|UHyQe0Gy;N<{K[lQ8hZRi /r\+rv fC1]K?itpdz")?vDh:
504
CXnkaDS"sJ3rt4^nr|TowgRi%1PUIhr%MKb=FHdCDl(oIrhls3%Nq+NqtG#p@Chl^X>gf<p,Z6bOthjDodQz^URl{Qyt|ra+!tWulXx8UBrE~$mUsb sRK|UHyQe0Gy;N<{K[lQ8hZRi /r\+rv fC1]K?itpdz")?vDh:
505
CXnkaES"sJ3rt4^nr|TowgRi%1PUIhq%MKb=FHdCDl(oIrhls3%Nq+NqtG"p@Chl^Y>gf<p,Z6bPthjEodQz^VRl{Qyt}ra+!sWulXx8UBrF~#mUra!sRK{UHyQe0Gy;N<{K[lQ8hZRi /r\+rv fC1]K?itpdy")?vDh:
506
CXnkaES"sJ3rt4^nr|TowgRi%1PUIhq%MKb=FHdCDl(oIrhls3%Nq+NqtG"p@Chl^Y>gf<p,Z6bPthjEodQz^VRl{Qyt}ra+!sWulXx8UBrF~#mUra!sRK{UHyQe0Gy;N<{K[lQ8hZRi /r\+rv fC1]K?itpdy")?vDh:
507
CXnkaES"sJ3rt4^nr|TowgRi%1PUIhp%MKb=FHdCDl(oIrhls3%Nq+NqtG"p@Chl^Y>gf<p,Z6bPthjEodQz^VRl{Qyt}ra+!sWulXx8UBrF~#mUra!sRK{UHyQe0Gy;N<{K[lQ8hZRi /r\+rv fC1]K?itpdy")?vDh:
508
CXnkaES"sJ3rt4^nr|TowgRi%1PUIhp%MKb=FHdCDl(oIrhls3%Nq+NqtG"p@Chl^Y>gf<p,Z6bPthjEodQz^VRl{Qyt}ra+!sWulXx8UBrF~#mUra!sRK{UHyQe0Gy;N<{K[lQ8hZRi /r\+rv fC1]K?itpdy")?vDh:
509
CXnkaDS"sJ3rt4^nr|TowgRi&1OUIhr%MKc=FGdCDl(oIrhls3%Nq+NqtG"pAChk^X>gf<p,Z6bPthjEodQz^URl{Qyt}ra+!sWulXx8UBrE~#mUsa sRK|UHyQe0Gy;N<{K[kP8hZRi 0r]+rv fD1]K?itpdz")?vDh:
510
CXnkaDS"sJ3rt4^nr|TowgRi&1OUIhr%MKc=FGdCDl(oIrhls3%Nq+NqtG"pAChk^X>gf<p,Z6bPthjEodQz^URl{Qyt}ra,!sWulXx8UBrE~#mUsa sRK|UHyQe0Gy;N<{K[kP8hZRi 0r]+rv fD1]K?itpdz")?vDh:
511
CXnkaDS"sJ3rt4^nr|TowgRi&1OUIhr%MKc=FGdCDl(oIrhls3%Nq+NqtG"pAChk^X>gf<p,Z6bPthjEodQz^URl{Qyt}ra,!sWulXx8UBrE~#mUsa sRK|UHyQe0Gy;N<{K[kP8hZRi 0r]+rv fD1]K?itpdz")?vDh:
512
CXnkaDS"sJ3rt4^nr|TowgRi&1OUIhr%MKc=FGdCDl(oIrhls3%Nq+NqtG"pAChk^X>gf<p,Z6bPthjEodQz^URl{Qyt}ra,!sWulXx8UBrE~#mUra sRK|UHyQe0Gy;N<{K[kP8hZRi 0r]+rv fD1]K?itpdz")?vDh:
513
CXnkaDS"sJ3rt4^nr|TowgRi&1OUIhr%MKc=FGdCDl(oIrils3%Nq+NqtG"pAChk^X>gf<p,Z6bOthjEodQz^URl{Qyt}ra+!sWulYx8VBrE~#mUsa sRK|UHyQe0Gy;N<{K[kP8hZRi 0r\+rv fD1]K?itpdz")?vDh:
514
CXnkaDS"sJ3rt4^nr|TowgRi&1OUIhr%MKc=FGdCDl(oIrils3%Nq+NqtG"pAChk^X>gf<p,Z6bOthjEodQz^URl{Qyt}ra+!sWulYx8VBrE~#mUsa sRK|THyQe0Gy;N<{K[kP8hZRi 0r\+rv fD1]K?itpdz")?vDh:
515
CXnkaFS"sJ3rt4^nr|TowgRi%1PUIhq%MKb>FHdCDl(oIrhls3%Mq+NqtG#p?Dhl^Y>gf<p,Z6bPthjEodQz^URl{Qyt}ra+!sWulXx8UBrF~#mUsa sSK{UHyQd0Gy;N<{K[kQ8hZRh /r]+rv fC1]K?itpdz")?vDh:
516
CYnkaFS"sJ3rt4^nr|TowgRi%1PUIhq%MKb>FHdCDl(oIrhls3%Mq+NqtG#p?Dhl^Y>gf<p,Z6bPthjEodQz^URl{Qyt}ra+!sWulXx8UBrF~#mUsa sSK{UHyQd0Gy;N<zK[kQ8hZRh /r]+rv fC1]K?itpdz")?vDh:
517
CYnkaFS"sJ3rt4^nr|TowgRi%1PUIhq%MKb>FHdCDl(oIrhls3%Mq+NqtG#p?Dhl^Y>gf<p,Z6bPthjEodQz^URl{Qyt}ra+!sWulXx8UBrF~#mUsa sSK{UHyQd0Gy;N<zK[kQ8hZRh /r]+rv fC1]K?itpdz")?vDh:
518
CYnkaFS"sJ3rt4^nr|TowgRi%1PUIhq%MKb>FHdCDl(oIrhls3%Mq+NqtG#p?Dil^Y>gf<p,Z6bPthjEodQz^URl{Qyt}ra+!sWulXx8UBrF~#mUsa sSK{UHyQd0Gy;N<zK[kQ8hZRh /r]+rv fC1]L?itpdz")?vDh:
519
CXnkbFS"sJ3rt4^nr|TowgRi%1PUIhq%MKb>FHdCDl(oIrils3%Mq+NqtG#p?Dhl^Y>gf<p,Z6bPthjEodQz^URl{Qyt}ra+!sWulXx8UArF~#mUsa sSK{UHyQd0Gy;N<{K[kQ8hZRh /r]+rv fC1]K?itpdz")?vDh:
520
CXnkbFS"sJ3rt4^nr|TowgRi%1PUIhq%MKb>FHdCDl(oIrils3%Mq+NqtG#p?Dhl^Y>gf<p,Z6bPthjEodQz^URl{Qyt}ra+!sWulXx8UArF~#mUsa sSK{UHyQd0Gy;N<{K[kQ8hZRh /r]+rv fC1]K?itpdz")?vDh:
521
CXnkbFS"sJ3rt4^nr|TowgRi%1PUIhq%MKb>FHdCDl(oIrils3&Mq+NqtG#p?Dhl^Y>gf<p,Z6bPthjEodQz^URl{Qyt}ra+!sWulXx8UArF~#mUsa sSK{UHyQd0Gy;N<{K[kQ8hZRh /r]+rv fC1]K?itpdz")?vDh:
522
CXnkbFS"sJ3rt4^nr|TowgRi%1PUIhq%MKb>FHdCDl(oIrils3&Mq+NqtG#p?Dhl^Y>gf<p,Z6bPthjEodQz^URl{Qyt}ra+!sWulXx8UArF~#mUsa sSK{UHyQd0Gy;N<{K[kQ8hZRh /r]+rv fC1]K?itpdz")?vDh:
523
CXnkbFS"sJ3rt4^nr|TowgRi%1PUIhq%MKb>FHdCDl(oIrils3%Lq+NqtG#p?Dhl^Y>gf<p,Z6bPthjEodQz^URl{Qyt}ra+!sWulXx8UArF~#mUsa sSK{UHzQd0Gy;N<{K[kQ8hZRh /r^+rv fC1]L?itpdz")?vDh:
524
CYnkaFS"sJ4rs4^nr|TowgRi%1PUJhq%MKb>FHdCDl)oIrhls3%Mq+NqtG#p?Dhl^Y>gf<p,Z6bPthjEodQz^URl{Qyt}ra+!sWvlXx8UBqF~#mUsa sSK{UHyQd0Gy;N<zK[kQ8hZRh /r]+rv fC1]K?itpdz")?vDh:
525
CYnkaFS"sJ4rs4^nr|TowgRi%1PUJhq%MKb>FHdCDl)oIrhls3%Mq+NqtG#p?Dhl^Y>gf<p,Z6bPthjEodQz^URl{Qyt}ra+!sWvlXx8UBqF~#mUsa sSK{UHyQd0Gy;N<zK[kQ8hZRh /r]+rv fC1]K?itpdz")?vDh:
526
CYnkaFS"sJ4rs4^nr|TowgRi%1PUJhp%MKb>FHdCDl)oIrhls3%Mq+NqtG#p?Dhl^Y>gf<p,Z6bPthjEodQz^URk{Qyt}ra+!sWvlXx8UBqF~#mUsa sSK{UHyQd0Gy;N<zK[kQ8hZRh /r]+rv fC1]K?itpdz")?vDh:
527
CYnkaFS"sJ4rs4^nr|TowgRi%1PUJhp%MKb>FHdCDl)oIrhls3%Mq+NqtG#p?Dhl^Y>gf<p,Z6bPthjEodQz^URk{Qyt}ra+!sWvlXx8UBqF~#mUsa sSK{UHyQd0Gy;N<zK[kQ8hZRh /r]+rv fC1]K?itpdz")?vDh:
528
CYnkaFS"sJ4rs4^nr|TowgRi%1PUJhp%MKb>FHdCDl)oIrhls3%Mq+NqtG#p?Dhl^Y>gf<p,Z6bPthjEodQz^URk{Qyt}ra+!sWvlXx8UBqF~#mUsa sSK{UHyQd0Gy;N<zK[kQ8hZRh /r]+rv fC1]K?itpdz")?vDh:
529
CYnkaFS"sJ4rs4^nr|TowgRi%1PUJhp%MKb>FHdCDl)oIrhls3%Mq+NqtG#p?Dhl^Y>gf<p,Z6bPthjEodQz^URj{Qyt}ra+!sWvlXx8UBqF~#mUsa sSK{UHyQd0Gy;N<zK[kQ8hZRh /r]+rv fC1]K?itpdz")?vDh:
530
CXnkbDS"sI3qt5_nq|TowiRi%1PVIhq%MKb=EHeCDl(oIriks3$Nq+NptG"p?Chk^X>gf=p,Z8aPthiEodQz^USk|Pyt}ra,!sWulYx9UAqE~#nTs` sSK|UHyQd0Gz;N<{K[mQ8hZSi 0r\+rv gD1]K@itqdz")?vDg:
531
CXnkaDS"sI3rt3^nqyVovgSi%1PTHhr%MKb=EGfCDl(pIrglr3%Nq-NqtI"o?Ehl^X=gf<p,X7bQthiDneQz]VRl|Pyt~ra+"tVtmYx8WArE~"mSsa!sRL}TGxSe1Gz<L>{K[lO9iZRh!.r\*ru fB0^M?isqcx")AvDg:
532
CXnkaDS"sI3rt3^nqyVovgSi%1PTHir%MKb=EGfCDl(pIrglr3%Nq-NqtI"o?Ehl^X=gf<p,X7bQthiDneQz]VRl|Pyt~ra+"tVtmYx8WArE~"mSsa!sRL}TGxSe1Gz<L>{K[lO9iZRh!.r\*ru fB0^M?isqcx")AvDg:
533
CXnkaDS"sI3rt3^nqyVovgSi%1PUHir%MKb=EGfCDl(pIrglr3%Nq-NqtI"o?Ehl^X=gf<p,X7bQthiDneQz]VRl|Pyt~ra+"tVtmYx8WArE~"mSsa!sRL}TGxSe1Gz<L>{K[lO9iZRh!.r\*ru fB0^M?isqcx")AvDg:
534
CXnkaDS"sI3rt3^nqyVovgSi%1PUHir%MKb=EGfCDl(pIrglr3%Nq-NqtI"o?Ehl^X=gf<p,X7bQthiDneQz]VRl|Pyt~ra+"tVtmYx8WArE~"mSsa!sRL}TGxSe1Gz<L>{K[lO9iZRh!.r\*ru fB0^M?isqcx")AvDg:
535
CXnkaDS"sI3rt3^nqyVovgSi%1PTHir%MKb=EGfCDl(pIrglr3%Nq-NqtI"o?Ehl^X=gf<p,X7bQthiDneQz]VRl|Pyt~ra+"tWtmYx8WArE~"mSsa!sRL}TGxSe1Gz<L>{K[lO9iZRh!.r\*ru fB0^M?isqcx")AvDg:
536
CXnkaDS"sI3rt3^nqyVovgSi%1PUHir%MKb=EGfCDl(pIrglr3%Nq-NqtI"o?Ehl^X=gf<p,X7bQthiDneQz]VRl|Pyt~ra+"tWtmYx8WArE~"mSsa!sRL}TGxSe1Gz<L>{K[lO9iZRh!.r\*ru fB0^M?isqcx")AvDg:
537
CXnkbDS"sI3qt5_nq|TowiRi%1PVIhp%MKb=EHeCDl)oIriks3$Nq+NptG"p?Chk^X>gf=p,Z8aPthiEodQz^USk|Pyt}ra,!rWulYx:UAqE~#nTsa sSK|UHyQd0Gz;N<{K[lQ9hZSi 0r\+rv gD1]K?itqdz")?vDg:
538
CXnkbDS"sI3qt5_nq|TowiRi%1PVIhp%MKb=EHeCDl)oIriks3$Nq+NptG"p?Chk^X>gf=p,Z8aPthiEodQz^USk|Pyt}ra,!rWulYx:UAqE~#nTsa sSK|UHyQd0Gz;N<{K[lQ9hZSi 0r\+rv gD1]K?itqdz")?vDg:
539
CYnkaFS"tJ3rt4^nr|TowgRi&1PUIhq%MKc>FHdDDl)oIrhls3%Mp+OqtG$p>Dhl^Z>gf=p,Z6bPthjEodQz^URl{Qyt}ra+!sWvlXx8UBrF~#mUsa!rSK{UHyQd0Gy;N<zL[kQ8hZRh 0r]+rv gD1]K?htpdz")?vDh:
540
CXnkaDS"sI3rt3^nqyVovgSi%1PTHir%MKb=EGfCDl(oIrglr3%Nq-NqtI"o?Ehl^X=gf<p,X7bQthiDneQz]VRl|Pyt~ra+"tWtmYx8WArE~"mSsa!sRL}TGxSe1Gy<L>{K[lO:iZRh!.r\*ru fB0^M?isqcx")AvDg:
541
CXnkaDS"sI3rt3^nqyVovgSi%1PTHir%MKb=EGfCDl(oIrglr3%Nq-NqtI"n?Ehl^X=gf<p,X7bQthiDneQz]VRl|Pyt~ra+"tWtmYx8WArE~"mSsa!sRL}TGxSe1Gy<L>{K[lO:iZRh!.r\*ru fB0^M?isqcx")AvDg:
542
CXmibES"tI3qs5^mq|TowgRi%1PUIhr%MLb=EIeCDl)pIrhlr3$Mp+OqtG#p@Dhl]X?gf<q-Z6aOthiEndQz^VRk{Pyt}ra+!tWukZv8UBqF~#mTsb rSK|UGyQe0Gz;N<{L\kQ8hZSi /r\+rv fD1]K?ispdz")?uEh;
543
CXmibES"tI3qs5^mq|TowgRi%1PUIhr%MLb=EIeCDl)pIrhlr3$Mp+OqtG#p@Dhl]X?gf<q-Z6aOthiEndQz^VRk{Pyt}ra+!tWukZv8UBqF~#mTsb rSK|UGyQe0Gz;N<{L\kQ8hZTi /r\+rv fD1]K?ispdz")?uEh;
544
CXmibES"tI3qs5^mq|TowgRi%1PUIhr%MLb=EIeCDl)pIrhlr3$Mp+OqtG#p@Dhl]X?gf<q-Z6aOthiEndQz^VRk{Pyt}ra+!tWukZv8UBqF~#mTsb rSK|UGyQe0Gz;N<{L\kQ8hZTi /r\+rv fD1]K?ispdz")?uEh;
545
CXmibES"tI3qs5^mq|TowgRi%1PUIhr%MLb=EIeCDl)pIrhlr3$Mp+OqtG#p@Dhl]X?gf<q-Z6aOthiEndQz^VRk{Pyt}ra+!tWukZv8UBqF~#mTsb rSK|UGyQe0Gz;N<{L\kQ8hZTi /r\+rv fD1]K?ispdz")?uEh;
546
CYnkaFS"tJ3rt4^nr|TowgRi&2PUIhq%MKc>FHdDDl)oIrhls3%Mp+OqtG$p>Dhl^Z>gf=p,Z8bPthjEodQz^URl{Qyt}ra+!sWvlXx8UBrF~#lUsa!rSK{UHyQd0Gy;N<zL[kQ8hZRh 0r^+rv hD1]K?htpdz")?vDh:
547
CYnkaFS"tJ3rt4^nr|TowgRi&2PUIhq%MKc>FHdDDl)oIrhls3%Mp+OqtG$p>Dhl^Z>gf=p,Z8bPthjEodQz^URl{Qyt}ra+!sWvlXx8UBrF~#lTsa!rSK{UHyRd0Gy;N<zL[kQ8hZRh 0r^+rv hD1]K?htpdz")?vDh:
548
CYnkaFT"sJ3rt4`ns{TowgRi%1PUIhq%MKb>FGeCDl)oJrils3%Mq+NqtG$p>Dhl^Z>gg<p,Y6cPthiEodQz^URl{Qyt}ra+!sWvlXx8UBrF~#mUsb sSK{UHyQd0Gy;N<zK[kQ8hZSh /r]+rv gD1]K?hspdz")?vDg:
549
CYnkbFS"tJ3rt4^nr|TowgRi%1PUIhq%MLc>FHdDDl)oIrgls3%Mp+OqtG$p>Dhl]Z>gf=p,Z6bPthjEodQz^URl{Qyt|ra+!sWvlXx8UBqF~#mUsa!rTK{UHyQc0Gy<N<zL[kQ8hZRh 0r]+rv gD1]K?htpdz")?vDh:
550
CYnkaFS"tJ4rt4^nr|TowgRi%1PUIhq%MKc>FHeDDl)oIrhls3%Mp+OqtH%p>Dhl^Z>gf=p,Z6bPthjEodQz^URl{Qyt}ra+!sWvlXx8VBrF~#mUsa!rTK{UHyQd0Gy;N=zL[kQ8hZSh 0r]+rv gD1]K?htpdz")?uDh:
551
CYnkbFS"tJ3rt4^nr|TowgRi%1PUIhq%MLc>FHdDEl)oIrhls3%Mp+OqtG$p>Dhl\Z>gf=p,Z6bPthjEodQz^URl{Qyt}ra+!sXvlXx9UBrF~#mUsa!rTK{UHyQd0Gy;N<zL[kQ8hZRh /r]+rv gD1]K?htpdz"*?vEh:
552
CYnkbFS"tJ3rt4^nr|TowgRi%1PUIhq%MLc>FHdDEl)oIrhls3%Mp+OqtG$p>Dhl\Z>gf=p,Z6bPthjEodQz^URl{Qyt}ra+!sXvlXx9UBrF}#mUsa!rTK{UHyQd0Gy;N<zL[kQ8hZRh /r]+rv gD1]K?htpdz"*?vEh:
553
BXnkaDS"sI3rt3^npyVovgSi%1PUHjr%MKb>EGfDDl(pIrglr3%Nq-NqtI"o?Ehl^Y=gf<p,X7bQthiDneQz]VRk{Pyt~ra+"tWtmYx8WArE~"mSsa sRL}THxSd1Gz<L>{K[lO9jZRh!.r\*ru fB0^M?isqcx"*AvDg;
554
BXnkaDS"sI3rt3^npyVovgSi%1PUHjr%MLb>EGfDDl(pIrglr3%Nq-NqtI"o?Ehl^Y=gf<p,X7bQthiDneQz]VRk{Pyt~ra+"tWtmYx8WArE~"mSsa sRL}THxSd1Gz<L>{K[lO9jZRh!.r\*ru fB0^M?isqcx"*AvDg;
555
BXnkaDS"sI3rt3^npyVovgSi%1PUHjr%MLb>EGfDDl(pIrglr3%Nq-NqtI"o?Ehl^Y=gf<p,X7bQthiDneQz]VRk{Pyt~ra+"tWtmYx8WArE~"mSsa sRL}THxSd1Gz<L>{K[lO9jZRh!.r\*ru fB0^M?isqcx"*AvDg;
556
BXnkaDS"sI3rt3^npyVovgSi%1PUHjr%MLb>EGfDEl(pIrglr3%Nq-NqtI"o?Ehl^Y=gf<p,X7bQthiDneQz]VRkzPyt~ra+"tWtmYx8WArE~"mSsa sRL}THxSd1Gz<L>{K[lO9jZRh!.r\*ru fB0^M?isqcx"*AvDg;
557
BXnkaDS"sI3rt3^npyVovgSi%1PUHjr%MLb>EGfDEl(pIrglr3%Nq-NqtI"o?Ehk^Y=gf<p,X7bQthiDneQz]VRkzPyt~ra+"tWtmYx8WArE~"mSsa sRL}THxSd1Gz<L>{K[lO9jZRh!.r\*ru fB0^M?isqcx"*AvDg;
558
BXnkaDS"sI3rt3^npyVovgSi%1PUHjr%MLb>EGfDEl(pIrglr3%Nq-NqtI"o?Ehk^Y=gf<p,X7bQthiDneQz]VRkzPyt~ra+"tWtmYx8WArE~"mSsa sRL}THxSd1Gz<L>{K[lO9jZRh!.r\*ru fB0^M?isqcx"*AvDg;
559
BXnkaDS"sI3rt3^npyVovgSi%1PUHjr%MLb>EGfDEl(pIrglr3%Nq-NqtI"o?Ehk^Y=gf<p,X7bQthiDneQz]VSkzPyt~ra+"tWtmYx8WArE~"mSsa sRL}THxSd1Gz<L>{K[lO9jZRh!.r\*ru fB0^M?isqcx"*AvDg;
560
BXnkaDS"sI3rt3^npyVovgSi%1PUHjr%MLb>EGfDEl(pIrglr3%Nq-NqtI"o?Ehk^Y=gf<p,X7bQthiDneQz]VSkzPyt~ra+"tWtmYx8WArE~"mSsa sRL}THxSd1Gz<L>{K[lO9jZRh!.r\*ru fB0^M?isqcx"*AvDg;
561
BXnkaDS"sI3rt3^npyVovgSi%1PUHjr%MLb>EGfDEl(pIrglr3%Nq-NqtI"o?Ehk^Y=gf<p,X7bQthiDneQz]VSkzPyt~ra+"tWtmYx8WArE~"mSsa sRL}THxSd1Gz<L>{K[lO9jZRh!.r\*ru fB0^M?isqcx"*AvDg;
562
BXnkbDS"sI3rt3^npyVovgSi%1PUHjr%MLb>EGfDEl(pIrglr3%Nq-NqtI"o?Ehk^Y=gf<p,X7bQthiDneQz]VSkzPyt~ra+"tWtmYx8WArE~"mSsa sRL}THxSd1Gz<L>{K[lO9jZRh!.r\*ru fB0^M?isqcx"*AvDg;
563
CYnkaFT"sJ3rt4`ns{TowgRi%1PUIhq%MKb>FGgCDl)oJrils3&Mq+NptG$o>Dhl^Z>gg<p,Y6cPthjDodQz^URl{Qyt}ra+!sWvlXx8UBrF~#mUsb sSK{THxQd1Gx;N<zK\kQ8hZSh /r]+rv gD1[K?htpdz")?vDg:
564
CYnkaFT"sJ3rt4`ns{TowgRi&1PUIhq%MKb>FGgCDl)oJrils3&Mq+NptG$o>Dhl^Z>gg<p,Y6cPthjDodQz^URl{Qyt}ra+!sWvlXx8UBrF~#mUsb sSK{THxQd1Gx;N<zK\kQ8hZSh /r]+rv gD1[K?hspdz")?vDg:
565
CYnkaFT"sJ3rt4`ns{TowgRi&1PUIhq%MKb>FGgCDl)oJrils3&Mq+NptG$o>Dhl^Z>gg<p,Y6cPthjDodQz^URl{Qyt}ra+!sWvlXx8UBrF~#mUsb sSK{THxQd1Gx;N<zK\kQ8hZSh /r]+rv gD1[K?hspdz")?vDg:
566
CYnkaFT"sJ3rt4`ns{TowgRi&1PUIhq%MKb>FGgCDl)oJrils3&Mq+NptG$o>Dhl^Z>gg<p,Y6cPthjDodQz^URl{Qyt}ra+!sWvlXx8UBrF~#mUsb sSK{THxQd1Gx;N<zK\kQ8hZSh /r]+rv gD1[K?hspdz")?vDg:
567
AXnkaDS"sI3rt3^npyVovgSi%1PUHjr%MLb>EGfDEl(pIrglr3%Nq-NqtI"o?Ehk^Y=gf<p,X7bQthiDneQz]VSkzPyt~ra+"tWtmYx8WArE~"mSsa sRM}THxSd1Gz<L>{K[lO9jZRh!.r\*ru fC0^M@isqcx"*AvDg;
568
CXniaDS"tI4rt5^lr|TowgRi%2OVIir%MJb=FIeCDl)pJshlp3'Lp+NqtH"pAEhl\XAgg<q,Z7aPthjEneQz^VSl{Pys|ra+!uXukXv8VAqE}"mUsb sTK{THyQd1Gz=N=zK[kP8hZTi /q\*su fC1]K?iuqdy")@tEh:
569
BXnkaDS"sI3rt3^npyVovgTi%1PUHjr%MLb>EGfDEl)pIrglr4%Nq-NqtI"o?Ehk^Y>gf<p,X8bQthiDneQz]VRkzPyt~ra+"tWtmYx8WArE~"mSsa sRL}TIxSd1Gz<L>{K[lO9jZRh!.r\*ru fB0^M?isqcx"*AvDg:
570
BXnkaDS"sI3rt3^npyVovgTi%1PUHjr%MLb>EGfDEl)pIrglr4%Nq-NqtI"o?Ehk^Y>gf<p,X8bQthiDneQz]VRkzPyt~ra+"tWtmYx8WArE~"mSsa sRL}TIxSd1Gz<L>{K[lO9jZRh!.r\*ru fB0^M?isqcx"*AvDg:
571
BXnkaDS!sI3st4^npyVovgSi%1PUHir%MKd>EFfDDl(pIrglr3&Np-NqtI"o?Ehl^Y=gf<p,W7bQthiCneQz]VRk{Pyt~ra*"tXtmYx8XArE~"mSsa sRL}THxSc1G{<L>{K\lO9jZRh!.r\*ru fC0^M?isqdx"*BvDg<
572
CYmkaFU"sJ3rt4ans{TowgRi%1PUIiq%MKb>FFgCDl)oJrils3&Mq+NqtG$p>Dhl^Z>gg<p,Y6cPthjEodQz^URl{Qyt}ra+!sWvlXx8UBrF~$mUsb sTK{THxQc2Gy;N>zK[kP8hZSh /r]+rv hD1[K?htpdz")?vDg:
573
CYmkaFU"sJ3rt4ans{TowgRi%1PUIiq%MKb>FFgCDl)oJrils3&Mq+NqtG$p>Dhl^Z>gg<p,Y6cPthjEodQz^URl{Qyt}ra+!sWvlXx8UBrF~$mUsb sTK{THxQc2Gy;N>zK[kP8hZSh /r]+rv hD1[K?htpdz")?vDg:
574
CYmkaFU"sJ3rt4ans{TowgRi%1PUIiq%MKb>FFgCDl)oJrils3&Mq+NqtG$p>Dhl^Z>gg<p,Y6cPthjEodQz^URl{Qyt}ra+!sWvlXx8UBrF~$mUsb sTK{THxQc2Gy;N>zK[kP8hZSh /r]+rv hD1[K?htpdz")?vDg:
575
BXnkaDS!sI3st4^npyVovgSi%1PUHir%MKd>EFgDDl(pIrglr3&Np-NqtI"o?Ehl^Y=gf<p,W7bQthiCneQz]VRk{Pyt~ra*"tXtmYx8XAqE~"mSsa sRL|SHxSc1G{<L>{K\lO:jZRh!.q\*ru fC0^M?isqdx"*BvDg<
576
BXnkaDS!sI3st4^npyVovgSi%1PUHir%MKd>EFgDDl(pIrglr3&Np-NqtI"o?Ehl^Y=gf<p,W7bQthiCneQz]VRk{Pyt~ra*"tXtmYx8XAqE~"mSsa sRL|SHxSc1G{<L>{K\lO:jZRh!.q\*ru fC0^M?isqdx"*BvDg<
577
BXnkaDS!sI3ss4^npyVovgSi%1PUHir%MKd>EFfDDl(pIrglr3&Np-NqtI"n?Ehl^Y=gf<p,W7bQthiCneQz]VRk{Pyt~ra*"tXtmYx8XAqE~"mSsa sRL|THxSc1G{<L>{K\lO:jZSh!.q\*ru fC0^M?isqdx"*BvDg<
578
CYmkaFU"sJ3rt4ans{TowgRi%1PUIiq%MKb>FFgCDl)oJrils3&Mq+NqtG$p>Dhl^Z>gg<p,Y6cPthjEocQz^URl{Ryt}ra+!sWulXw8UBqF~$mUsb sTK{THxQb2Gy;N>zK[kP8hZSh /r]+rv hD1[K?htpdz")?vDg:
579
CYmkaFU"sJ3rt4ans{TowgRi%1PUIiq%MKb>FFgCDl)oJrils3&Mq+NqtG$p>Dhl^Z>gg<p,Y6cPthjEocQz^URl{Ryt}ra+!sWulXw8UBqF~$mUsb sTK{THxQb2Gy;N>zK[kP8hZSh /r]+rv hD1[K?htpdz")?vDg:
580
CYmkaFU"sJ3rt4ams{TowgRi%1PUIiq%MKb>FFgCDl)oJrils3&Mq+NqtG$p>Dhl^Z>gg<p,Y6cPthjEocQz^URl{Ryt}ra+!sWulXw8UBqF~$mUsb sTK{THxQb2Gy;N>zK[kP8hZSh /r]+rv hD1[K?htpdz")?vDg:
581
CYmkaFU"sJ3rt4ams{TowgRi%1PUIiq%MKb>FFgCDl)oJrils3&Mq+NqtG$p>Dhl^Z>gg<p,Y6cPthjEocQz^URl{Ryt}ra+!sWulXw8UBqF~$mUsb sTK{THxQb2Gy;N>zK[kP8hZSh /r]+rv hD1[K?htpdz")?vDg:
582
BXnjaDS!sI3st4^npyVovhSi%1PUHir%MKd>EFhDDl)pIrglr2&Np-NqtI"o?Ehl^Y=gf<p,W7bQthiCneQz]VRk{Pyt~ra*"tXtmYx8XAqE~"mSsa sRL|SHxSc1Gz<L>{K\lO:jZRh!.q\*ru fC0^M?isqdx"*BvDg<
583
BXnkaDS!sI3st4^npyVovgSi%1OUIir&MKd>EFfDDl(pIrglr3&Np-NqtI"o?Ehl^Y=gf<p,W7bQthiCneQz]VRk{Qyt}ra*"tXtmYx8XAqE~"mSsa sSL|THxSc1G{<L>{K\lO;jZSh!.q\*ru fC0^M?isqdx"*BvDg<
584
CYmkaFU"sJ3rt4ans{TowgRi%1PUIiq&MLb>FFgCDl)oJrils3'Mq+NqtG$p>Dhl^Z>gg<p,Y7cPthjEodRz^URl{Qyt}ra,!sWvlXx9VBrF~$mUsb sSK{THxQc2Gy;N>zK[kP8hZSh 0r]+sv hD1[K?htpdz!)?vDg9
585
CYmkaFU"sJ3rt4ans{TowgRi%1PUIiq&MLb>FFgCDl)oJrils3'Mq+NqtG$p>Dhl^Z>gg<p,Y7cPthjEodRz^URl{Qyt}ra,!sWvlXx9VBrF~$mUsb sSK{THxQc2Gy;N>zK[kP8hZSh 0r]+sv hD1[K?gtpdz!)?vDg9
586
CYmkaFU"sJ3rt4ans{TowgRi%1PUIiq&MLb>FFgCDl)oJrils3'Mq+NqtG$p>Dhl^Z>gg<p,Y7cPthjEodRz^URl{Qyt}ra,!sWvlXx9VBrF~$mUsb sSK{THxQc2Gy;N>zK[kP8hZSh 0r]+sv hD1[K?gtpdz!)?vDg9
587
CYmkaFU"sJ3rt4ans{TowgRi%1PUIiq&MLb>FFgCDl)oJrils3'Mq+NqtG$p>Dhl^Z>gg<p,Y7cPthjEodRz^URl{Qyt}ra,!sWvlXx9VBrF~$mUsb sSK{THxQc2Gy;N>zK[kP8hZSh 0r]+sv hD1[K?gtpdz!)?vDg9
588
CYmkaFU"sJ3rt4ans{TowgRi%1PVIiq&MLb>FFgCDl)oJrils3'Mq+NqtG$p>Dhl^Z>gg<p,Y7cPthjEodRz^URl{Qyt}ra,!sWvlXx9VBrF~$mUsb sSK{THxQc2Gy;N>zK[kP8hZSh 0r]+sv hD1[K?gtpdz!)?vDg9
589
BXnkaES!sI3st4^npyVovgSi%1OUIir&MKd>FFfDDl(pIrglr3&Np-NqtI"o?Ehl^Z=gf<p,W7bQthiCneQz]VRk{Qyt}rb*"tXtmZx8XAqE~"mSsa sSL{THxSc1G{<L>{K\lO;jZSh!.q\*ru fC0^M?isqdx"*BvDg<
590
BXnkaES!sI3st4^npyVovgSi%1OUIir&MKd>FFfDDl(pIrglr3&Np-NqtI"o?Ehl^Z=gf<p,W7bQthiCneQz]VRk{Qyt}rb*"tXtmZx8XAqE~"mSsa sSL{THxSc1G{<L>{K\lO;jZSh!.q\*ru fC0^M?isqdx"*BvDg<
591
BXnkaES!sI3st4^npyVovgSi%1OUIir&MKd>FFfDDl(pIrglr3&Np-NqtI"o?Ehl^Z=gf<p,W7bQthiCneQz]VRk{Qyt}rb*"tXtmZx8XAqE~"mSsa sSL{THxSc1G{<L>{K\lO;jZSh!.q\*ru fC0^M?isqdx"+BvDg<
592
BXnkaES!sI3st4^npyVovgSi%1OUIir&MKd>FFfDDl(pIrglr3&Np-NqtI"o?Ehl^Z=gf<p,W7bQthiCneQz]VRk{Qyt}rb*"tXtmZx8XAqE~"mSsa sSL{THxSc1G{<L>{K\lO;jZSh!.q\*ru fC0^M?isqdx"+BvDg<
593
CYmkaFU"sJ3rt4ans{TowgRi%1PUIiq&MLb>FFgCDl)oJrils3(Mq+NqtG$p>Dhl^Z>gg<p,Y7cPthjEodRz^VRl{Qyt}ra,!sWulXx9VBrF~$mUsb sSK{THxQc2Gy;N>zK[kO8hZSh 0r]+sv hD1[K?gtpdz!)?vDg9
594
CZmkaFU"sJ3rt4aos{TowgRi%1PUIiq&MKb>FFgCDl)nJrilr3'Mq+NqtG$p>Dhl^Z>gg<p,Y7cPthiEodRz^URl{Qyt|ra,!sWvlXw8VBrF~$mUsb sTK{THxQc2Gy;N>zK[kO8hZSh 0r]+rv hD0[L?htpez!)@vDg:
595
CZmkaFU"sJ3rt4aos{TowgRi%1PUIiq&MKb>FFgCDl)nJrilr3'Mq+OqtG$p>Dhl^Z>gg<p,Y7cPthiEodRz^URl{Qyt|ra,!sWvlXw8VBrF~$mUsb sTK{THxQc2Gy;N>zK[kO8hZSh 0r]+rv hD0[L?htpez!)@vDg:
596
CZmkaFU"sJ3rt4aos{TowgRi%1PUIiq&MKb>FFgCDl)nJrilr3'Mq+OqtG$p>Dhl^Z>gg<p,Y7cPthiEodRz^URl{Qyt|ra,!sWvlXw8VBrF~$mUsb sTK{THxQc2Gy;N>zK[kO8hZSh 0r]+rv hD0[L?htpez!)@vDg:
597
CYmkaFU"sJ3rt4ans{TowgRi%1PUIjq&MLb>FFgDDl)oJrils3'Mq+NqtG$p>Dhl^[>gg<p,Y7cPthiEodRz^URl{Qyt}ra,!sWvlXx9VBrF~$oUsb sTK{THxQc2Gx;N>zK[kP8hZSh 0r]+sv hD1[K?gtpdz!)?vDg9
598
CYmkaFU"sJ3rt4ans{TowgRi%1PUIjq&MLb>FFgDDl)oJrils3'Mq+NqtG$p=Dhl^[>gg<p,Y7cPthiEodRz^URl{Qyt}ra,!sWvlXx9VBrF~$oUsb sTK{THxQc2Gx;N>zK[kP8hZSh 0r]+sv hD1[K?gtpdz!)?vDg9
599
CYmkaFU"sJ3rt4ans{TowgRi%1PUIjq&MLb>FFgDDl)oJrils3'Mq+NqtG$p=Dhl^[>gg=p,Y7cPthiEodRz^URl{Qyt}ra,!sWvlXx9VBrF~$oUsb sTK{THxQc2Gx;N>zK[kP8hZSh 0r]+sv hD1[K?gtpdz!)?vDg9
600
CYmkaFU"sJ3rt4ans{TowgRi%1PUIjq&MLb>FFgDDl)oJrils3'Mq+NqtG$p=Dhl^[>gg=q,Y7cPthiEodRz^URl{Qyt}ra,!sWvlXx9VBrF~$oUsb sTK{THxQc2Gx;N>zK[kP8hZSh 0r]+sv hD1[K?gtpdz!)?vDg9
601
CYmkaFU"tJ3rt4ans{TowgRi%1PUIjq&MLb>FFgDDl)oJrils3'Mq+NqtG$p=Dhl^[>gg=p,Y7cPthiEodRz^URl{Qyt}ra,!sWvlXx9VBrF~$oUsb sTK{THxQc2Gx;N>zK[kP8hZSh 0r]+sv hD1ZK?gtpdz!)?vDg9
602
CYmkaFU"tJ3rt4ans{TowgRi%1PUIjq&MLb>FFgDDl)oJrils3'Mq+NqtG$p=Dhl^[>gg=p,Y7cPthiEodRz^URl{Qyt}ra,!sWvlXx9VBrF~$oUsb sTK{THxQc2Gx;N>zK[kP8hZSh 0r]+sv hE1ZK?gtpdz!)?vDg9
603
CYmkaFU"tJ3rt4ans{TowgRi%1PUIjq&MLb>FFgDDl)oJrils3'Mq+NqtG$p=Dhl^[>gg=p,Y7cPthiEodRz^URl{Qyt}ra,!sWvlXx9VBrF~$oUsb sTK{THxQc2Gx;N>zK[kP8hZSh 0r],sv hE1ZK?gtpdz!)?vDg9
604
CYmkaFU"tJ3rt4ans{TowgRi%1PUIjq&MLb>FFgDDl)oJrils3'Mq+NqtG$p=Dhl^[>gg=p,Y7cPthiEodRz^URl{Qyt}ra,!sWvlXx9VBrF~$oUsb sTK{THxQc2Gx;N>zK[kP8hZSh 0r],sv hE1ZK?gtpdz!)?vDg9
605
CYmkaFU"tJ3rt4ans{TowgRi%1PUIjq&MLb>FFgDDl)oJrils3'Mq+NqtG$p=Dhl^[>gg=p,Y7cPthiEodRz^URl{Qyt}ra,!sWvlXx9VBrF~$oUsb sTK{THxQc2Gx;N>zK[kP8hZSh 0r],sv hE1ZK?gtpdz!)?vDf9
606
CYmkaFU"tJ3rt4ans{TowgRi%1PUIjq&MLb>FFgDDl)oJrils3'Mq+NqtG$p=Dhl^[>gg=p,Y7cPthiEodRz^URl{Qyt}ra,!sWvlXx9VBrF~$oUsb sTK{THxQc2Gx;N>zK[kP8hZSh 0r],sv hE1ZK?gtpdz!)?vDf9
607
CYmkaFU"sJ3rt4ans{TowgRi%2PUIjq&MLb>FFgDDl)oJrils3'Mq+NqtG$p=Dhl^[>gh=q,Y7cPthiEodRz^URl{Qyt}ra,!sWvlXx:VBrF~$oUsc sTK{THxQc2Gx;O>zK[kP8hZSh 0r]+sv hD1[K?gtqdz!*?vDg9
608
CYmkaFU"sJ3rt4ans{TowgRi%2PUIjq&MLb>FFgDDl)oJrils3'Mq+NqtG$p=Dhl^[>gh=q,Y7cPthiEodRz^URl{Qyt}ra,!sWvlXx:VBrF~$oUsc sTK{THxQc2Gx;O>zK[kP8hZSh 0r]+sv hD1[K?gtqdz!*?vDg9
609
CYmkaFU"sJ3rt4ans{TowgRi%2PUIjq&MLb>FFgDDl)oJrils3'Mq+NqtG$p=Dhl^[>gh=q,Y7cPthiEodRz^URl{Qyt}ra,!sWvlXx:VBrF~$oUsc sTK{SHxQc2Gx;O>zK[kP8hZSh 0r]+sv hD1[K?gtqdz!*?vDg9
610
CYmkaFU"sJ3rt4ans{TowgRi%1PUIjq&MLb>FFgDDl)oJrils3'Mq+NqtG%p=Dhl^[>gg=q,Y7cPthiEodRz^URl{Qyt}ra,!sWvlXx9VBrF~$oUrc sTK{SHxQc2Gx;O>zK[kP9hZSh 0r]+sv hD1[K?gtpez!)?vDg9
611
CYmkaFU"sJ3rt4ans{TowgRi%1PUIjq&MLb>FFgDDl)oJrils3'Mq+NqtG%p=Dhl^[>gg=q,Y7cPthiEodRz^URl{Qyt}ra,!sWvlXx:VBrF~$oUrc sTK{SHxQc2Gx;O>zK[kP9hZSh 0r]+sv hD1[K?gtpez!)?vDg9
612
CYmkaFU"sJ3rt4ans{TowgRi%1PUIjq&MLb>FFgDDl)oJrils3'Mq+NqtG%p=Dhl^[>gg=q,Y7cPthiEodRz^URl{Qyt}ra,!sWvlXx:VBrF~$oUrc sTK{SHxQc2Gx;O>zK[kP9hZSh 0r]+sv hD1[K?gtpez!)?vDg9
613
CYmkaFU"tJ3rt5ans{TowgRi%1PUIjq&MLb>FFgEDl)oJrils3'Mq+NqtG$p=Dhl^[>gg=p,Y7cPthiDodRz^URl{Qyt}ra,!rWvlXx9VArF~$oTsb sTK{THxRc2Gx;N>zK[kP8hZSh 0r],sv hE1ZK>gtpdz!)?vDg9
614
CYmkaFU"tJ3rt5ans{TowgRi%1PUIjq&MLb>FFgEDl)oJrils3'Mq+NqtG$p=Dhl^[>gg=p,Y7cPthiDodRz^URl{Qyt}ra,!rWvlXx9VArF~$oTsb sTK{THxRc2Gx;N>zK[kP8hZSh 0r],sv hE1ZK>gtodz!)?vDg9
615
CYmkaFU"tJ3rt5ans{TowgRi%1PUIjq&MLb>FFgEDl)oJrils3'Mq+NqtG$p=Dhl^[>gg=p,Y7cPthiDodRz^URl{Qyt}ra,!rWvlXx9VArF~$oTsb sTK{THxRc2Gx<N>zK[kP8hZSh 0r],sv hE1ZK>gtodz!)?vDg9
616
CYmkaFU"tJ3rt5ans{TowgRi%1PUIjq&MLb>FFgEDl)oJrils3'Mq+NqtG$p=Dhl^[>gg=p,Y7cPthiDodRz^URl{Qyt}ra,!rWvlXx9VArF~$oTsb sTK{THxRc2Gx<N>zK[kP8hZSh 0r],sv hE1ZK>gtodz!)?vDg9
617
CYmkaEU"tJ3rt4anr{TowgRi%1PUIjq&MLb>FFgDDl)oJrils4'Mq+NqtG$p<Dhl][=gg=p,Y8cPtiiEoeRy^URk{Qyt}ra,!sWvkXx9VBqF~$oUsb sTK{THxQc2Hw;N>zK[kP8hZSh 0r]+sv hE1ZK?gtpcy!)@vDg9
618
CYmjaFU"sJ3rt5ans{TowhRi%2PUHjq&MLb>FFgCDl)nJrils3'Mp+NptG$q>Dhl^[>gg<q,Y8cPthiEqdRz^URl{Ryt}ra-!sWvlXx9VBrF~$oUsb sULzTHxQc2Gx;N>zK[kP8hZSh 0r],su hD1[K?ftpdz!)?vDg9
619
CYmjaFV"sJ3rt5ans{TowhRi%2PUHjq&MLb>FFgCDl)nJrils3'Mp+NptG$q>Dhl^[>gg<q,Y8cPthiEqdRz^URl{Ryt}ra-!sWvlXw9VBrF~$oUsb sULzTHxQc2Gx;N>zK[kP8hZSh 0r],su hD1[K?ftpdz!)?vDg9
620
CYmjaFV"sJ3rt5ans{TowhRi%2PUHjq&MLb>FFgCDl)nJrils3'Mp+NptG$q>Dhl^[>gg=q,Y8cPthiEqdRz^URl{Ryt}ra-!sWvlXw9VBrF~$oUsb sULzTHxQc2Gx;N>zK[kP8hZSh 0r],su hD1[K?ftpdz!)?vDg9
621
CYmjaFV"sJ3rt5ans{TowhRi%2PUHjq&MLb>FFgCDl)nJrils3'Mp+NptG$q>Dhl^[>gg=q,Y8cPthiEqdRz^URl{Ryt}ra-!sWvlXw9VBrF~$oUsb sULzTHxQc2Gx;N>zK[kP8hZSh 0r],su hD1[K?ftpdz!)?vDg9
622
CYmjaFV"sJ3rt5ans{TowhRi%2PUHjq&MLb>FFgCDl)nJrils3'Mp+NptG$q>Dhl^[>gg=q,Y8cPthiEqdRz^URl{Ryt}ra-!sWvlXw9VBrF~$oUsb sULzTHxQc2Gx;N>zK[kO8hZSh 0r],su hD1[K?ftpdz!)?vDg9
623
CYmjaFV"sJ3rt5ans{TowhRi%2PUHjq&MLb>FFgCDl)nJrils3'Mp+NptG$q>Dhl^[>gg=q,Y8cPthiEqdRz^URlzRyt}ra-!sWvlXw9VBrF~$oUsb sULzTHxQc2Gx;N>zK[kO8hZSh 0r],su hD1[K?ftpdz!)?vDg9
624
CYmjaFV"sJ3rt5ans{TowhRi%2PUHjq&MLb>FFgCDl)nJrils3'Mp+NptG$q>Dhl^[>gg=q,Y8cPthiEqdRz^URlzRyt}ra-!sWvlXw9VBrF~$oUsb sULzTHxQc2Gx;N>zK[kO8hZSh 0r],su hD1[K?ftpdz!)?vDg9
625
CYmjaFV"sJ3rt5ans{TowhRi%2PUHjq&MLb>FFgCDl)nJrils3'Mp+NptG$q>Dhl^[>gg=q,Y8cPthiEqdRz^URlzRyt}ra-!sWvlXw9VBrF~$oUsb sULzTHxQc2Gx;N>zK[kO8hZSh 0r],su hD1[K?ftpdz!)?vDg9
626
CYmjaFV"sJ3rt5ans{UowhRi%2PUHjq&MLb>FFgCDl)nJrils3'Mp+NptG$q>Dhl^\>gg<q,Y8cPthiEqdRz^URl{Ryt}ra-!sWvlXw9VBrF~$oUsb sULzTHxQc2Hx;N>zK[kP8hZSh 0r],su hD1[K?etpdz!)?vDg9
627
CYmjaFV"sJ3rt5ans{UowhRi%2PUHjq&MLb>GFgCDl)nJrils4'Mp+NptG$q>Dhl^[>gg<q,Y9cPthiEqdRz^URl{Ryt}ra-!sWvlXw9VBrF~%oUsb sULzTHxQc2Hx;O>zK[kP7hZSh 0r],su hD1[K?ftpdz!)?vDg9
628
CYmjaFV"sJ3rt5ans{UowhRi%2PUHjq&MLb>GFgCDl)nJrils4'Mp+NptG$q>Dhl^[>gg<q,Y:cPthiEqdRz^URl{Ryt}ra-!sWvlXw9VBrF~%oUsb sULzTHxQc2Hx;O>zK[kP7hZSh 0r],su hD1[K?ftpdz!)?vDg9
629
CYmjaFV"sJ3rt5ans{UowhRi%2PUHjq&MLb>GFgCDl)nJrils4'Mp+NptG$q>Dhl^[>gg<q,Y:cPthiEqdRz^URl{Ryt}ra-!sWvlXw9VBrF~%oUsb sULzTHxQc2Hx;O>zK[kP7hZSh 0r],su hD1[K?ftpez!)?vDg9
630
CYmjaFV"sJ3rt5ans{UowhRi%2PUHjq&MLb>GFgCDl)nJrils4'Mp+NptG$q>Dhl^[>gg<q,Y:cPthiEqdRz^URl{Ryt}ra-!sWvlXw9VBrF~%oUsb sULzTHxQc2Hx;O>zK[kP7hZSh 0r],su hD1[K?ftpez!)?vDg9
631
CYmjaFV"sJ3rt5ans{UowhRi%2PUHjq&MLb>GFgCDl)nJrils4'Mp+NptG$q>Dhl^[>gg<q,Y:cPthiDqdRz^URl{Ryt}ra-!sWvlXw9VBrF~%oUsb sULzTHxQc2Hx;O>zK[kP7hZSh 0r],su hD1[K?ftpez!)?vDg9
632
CYmjaFV"sJ3rt5ans{UowhRi%2PUHjq&MLb>GFgCDl)nJrils4'Mp+NptG$q>Dhl^[>gg<q,Y:cPthiDqdRz^URl{Ryt}ra-!sWvlXw9VBrF~%oUsb sULzTHxQc2Hx;O>zK[kP7hZSh 0r],su hD1[K?ftpez!)?vDg9
633
CYmjaFV"sJ3rt6bnr{TowiRi%2PUHjq&LLb>FFgCDl)nJrils3'Mp+NptG$q=Dhl^[>gg=q,Y8cPthiEqdSz^URl{Ryt}ra-!sWvlXw:VBrF~$oUsc sULzTHxQb2Gx;N>zK[kP8hZSh 0r],su hD1[K?ftpdz!)?vDg9
634
CYmjaFV"sJ3rt6bnr{TowiRi%2PUHjq&LLb>FFgCDl)nJrils3'Mp+NptG$q=Dhl^[>gg=q,Y8cPthiEqdSz^URl{Ryt}ra-!sWvlXw:VBrF~$oUsc sULzTHxQb2Gx;N>zK[kP8hZSh 0r],su hD1[K?ftpdz!)?vDg9
635
CYmjaFV"sJ3qt5ans{UovhRi%2PUHjq&MLb>GFgCDl)nJrils4'Mp,NptG$q>Dhl^[>gg<q,Y:dPthiEqdRz^URl{Ryt}ra-!sXvlXw9VBrF~%oUsb sULzTHxQc2Hx;O>zK[jP7hZSh 0r],su hD1[K?fspdz!)?vDg9
636
CYmjaFV"sJ3qt5ans{UovhRi%2PUHjq&MLb>GFgCDl)nJrils4'Mp,NptG$q>Dhl^[>gg<q,Y:dPthiEqdRz^URl{Ryt}ra-!sXvlXw9VBrF~%oUsb sULzTHxQc2Hx;O>zK[jP7hZSh 0r],su hD1[K?fspdz!)?vDg9
637
CYmjaFV"sJ3rt6bnr{TowiRi%2PUHjq&LLb>FFgCDl)nJrils3'Mo+NptG$q=Dhl^[>gg=q,Y8cPthiEqdSz^URl{Ryt}ra-!sWvlXw:VBrF~$oUsc sULzSHxQb2Gx;N>zK[kP8hZSh 0r],su hD1[K?ftpdz!)?vDg9
638
CYmjaFV"sJ3qt5ans{UovhRi%2PUHjq&MLb>GFgCDl)nJrils4'Mp,OptG$q>Dhl^[>gg<q,Y:dPthiEqdRz^URl{Syt}ra-!sWvlXw9VBrF~%oUsb sULyTHxQc2Hx;O>zK[jP7hZSh 0r],su hD1[K?fspdz!)?vDg9
639
CYmjaFV"sJ3qt5ans{UovhRi%2PUHjq&MLb>GFgCDl)nJrils4'Mp,OptG$q>Dhl^[>gg<q,Y:dPthiEqdRz^URl{Syt}ra-!sWvlXw9VBrF~%oUsb sULyTHxQc2Hx;O>zK[jP7hZSh 0r],su hD1[K?fspdz!)?vDg9
640
CYmjaFV"sJ3qt5ans{UovhRi%2PUHjq&MLb>GFgCDl)nJrils4'Mp,NptG$q>Dhl^[>gg<q-Y:dPthiEqdRz^URlzRyt}ra-!sXulXw9VBrF~%oUsb sULzTHxQc2Hx;O>zK[jP7hZSh 0r],su hD1[K?fspdz!)?vDg9
641
CYmjaFV"sJ3rt5ans{TowhRi%4OUHjp&MLb>FFgCDl)nJrils3'Mp+NptG$p>Dhl^[>gg=q,Y8cPthiEqdRz^URlzRyt}ra-!sWulWw9VBqF~$oUsb sULzTHxQb2Gx;N>zK[jO8i[Sh 0r]-su hD1[K?ftpdx!)?vDg9
642
CYmjaFV"sJ3rt5ans{TowhRi%4OUHjp&MLb>FFgCDl)nJrils3'Mp+NptG$p>Dhl^[>gg=q,Y8cPthiEqdRz^URlzRyt}ra-!sWulWw9VBqF~$oUsb sULzTHxQb2Gx;N>zK[jO8i[Sh 0r]-su hD1[K?ftpdx!)?vDg9
643
CYljaFU"sJ3rt5anszTowhRi%2PUHjq&MLc>FFgCDl)nJrims3'Mp+NptG$q=Ehl\[>gg=q,Y8cPthiEqeRy_URl{Ryt|ra.!sWvlXx:VBrF~%oUsb sVMzTHxQc3Gx;N>yK[kP8hZSh 0r],su hD1[K?ftpdz!)?uEg9
644
CYljaFU"sJ3rt5anszTowhRi%2PUHjq&MLc>FFgCDl)nJrims3'Mp+NptG$q=Ehl\[>gg=q,Y8cPthiEqeRy_URl{Ryt|ra.!sWvlXx:VBrF~%oUsb sVMzTHxQc3Gx;N>yK[kP8hZSh 0r],su hD1[K?ftpdz!)?uEg9
645
CYljaFU"sJ3rt5anszTowhRi%2PUHjq&MLc>FFgCDl)nJrims3'Mp+NptG$q=Ehl\[>gg=q,Y8cPthiEqeRy_URl{Ryt|ra.!sWvlXx:VBrF~%oUsb sVMzTHxQc3Gx;N>yK[kP8hZSh 0r],su hD1[K?ftpdz!)?uEg9
646
CZljaFU"sJ3rt5bnszTowhRi%2PUHjq&MLc>FFgCDl)nJrims3'Mp+NptG$q>Ehl\[>gg=q,Y8cPthiEqeRz_URl{Ryt|ra."sWvlXx:VBrF~%oUsb sVMzTHxQc3Gx;N>yK[kP8hZTh 0r],ru hD1[L?ftpdz!)?uEg9
647
CZljaFU"sJ3rt5bnszTowhRi%2PUHjq&MLc>FFgCDl)nJrims3'Mp+NptG$q>Ehl\[>gg=q,Y8cPthiEqeRz_URl{Ryt|ra."sWvlXx:VBrF~%oUsb sVMzTHxQc3Gx;N>yK[kP8hZTh 0r],ru hD1[L?ftpdz!)?uEg9
648
CZljaFU"sJ3rt5bnszTowhRi%2PUHjq&LLc>FFgCDl)nJrims3'Mp+NptG$q>Ehl\[>gg=q,Y8cPthiEqeRz_URl{Ryt|ra."sWvlXx:VBrF~%oUsb sVMzTHxQc3Gx;N>yK[kP8hZTh 0r],ru hD1[L?ftpdz!)?uEg9
649
CZljaFU"sJ3rt5bnszTowhRi%2PUHjq&LLc>FFgCDl)nJrims3'Mp+NptG$q=Ehl\[>gg=q,Y8cPthiEqeRz_URl{Ryt|ra."sWvlXx:VBrF~%oUsb sVMzTHxQc3Gx;N>yK[kP8hZTh 0r],ru hD1[L?ftpdz!)?uEg9
650
CYmjaFV"sJ3rt5ans{TowhRi%4PUHjq&MLb>FFgCDl*nJrils3'Mp+NptG$p>Dhl^[>gg<q,Y8cPthiEqdRz^VSlzRyt}ra-!rWvkWw9VBqF}$oUsb sUMzTHxQc2Gx;O?zK[kO8i[Sh 0r]-su hD1ZK?etpdx")?uDg9
651
CYmjaFV!tJ3qt5aos{UovhRi%2PUHjq&MLb>GFgCDl)nKrils4'Mo,NptG$q>Dhl][>gg<q,Y:dPthiEqdSz^URlySyt}ra-!sXvlXw:WBrF~%oUsb sULzTHxQc2Hx;O>zK[jP7hZSh 0r],su hD1[K?espdz!)@vDg9
652
CYmjaFV!tJ3qt5aos{UovhRi%2PUHjq&MLb>GFgCDl)nKrims4'Mo,NptG$q>Dhl][>gg<q-Y:dPthiEqdSz^URlySyt}ra-!sXvlXw:WBrF~%oUsb sULzTHxQc2Hx;O>zK[jP7hZSh 0r],su hD1[K?espdz!)@vDg9
653
CYmjaFV!tJ3qt5aos{UovhRi%2PUHjq&MLb>GFgCDl)nKrims4'Mo,NptG$q>Dhl][>gg<q-Y:dPthiEqdSz^URlySyt}ra-!sXvlXw:WBrF~%oUsb sULzTHxQc2Hx;O>zK[jP7hZSh 0r],su hD1[K?esodz!)@vDg9
654
CYmjaFV!tJ3qt5aos{UovhRi%2PUHjq&MLb>GFgCDl)nKrims4'Mo,NptG$q>Dhl][>gg<q-Y:dPthiEqdSz^URlySyt}ra-!sXvlXw:WBrF~%oUsb sULzTHxQc2Hx;O>zK[jP7hZSh 0r],su hD1[K?esodz!)@vDg9
655
CZljaFU"sJ3rt5bnsyTowhSi%2PUHjq&LLc>FFgCDl)nJrims3'Mp+NptG$q=Ehl\[>gg=q,X8cPthiEqeRz_URl{Ryt|ra/"sWvlXx:VBrF~%oUsb sVMzTHxQc3Gx;N>yK[kP8hZTh 0r],ru hD1[L?ftpdz!)?uEg9
656
CZljaFU"sJ3rt5bnsyTowhSi%2PUHjq&LLc>FFgCDl)nJrims3'Mp+NptG$q=Ehl\[>gg=q,X8cPthiEqeRz_URl{Ryt|ra/"sWvlXx:VBrF~%oUsb sVMzTHxQc3Gx;N>yK[kP8hZTh 0r],ru hD1[L?etpdz!)?uEg9
657
CZmjaFV"sJ3rt5anszTowhRi%4PUHjq&MLb?FFgCDl*nJrils3'Lp+NptG$p>Dhl^[>gg<q,Y8cPthiEqdRz^VSlzRyt}ra-!rWvkWw9VBqF}$oUsb sUMzSHxQc2Gx;O?zK[kO8i[Sh 0r]-su hD1ZK?etpdx")?uDg9
658
CZmjaFV"sJ3rt5anszTowhRi%4PUHjq&MLb?FFgCDl*nJrils3'Lp+NptG$p>Dhl^[>gg<q,Y8cPthiEqdRz^VSlzRyt}ra-!rWvkWw9VBqF}$oUsb sUMzSHxQc2Gx;O?zK[kO8i[Sh 0r]-su hD1ZK?etpdx")?uDg9
659
CZmjaFV"sJ3rt5anszTowhRi%4PUHjq&MLb?FFgCDl*nJrils3'Lp+NptG$p>Dhl^[>gg<q,Y8cPthiEqdRz^VSlzRyt}ra-!rWvkWw9VBqF}$oUsb sUMzSHxQc2Gx;O?zK[kO8i[Sh 0r]-su hD1ZK?etpdx")?uDg9
660
CYnjaFV!sJ3rt5ans{UowhRi%2PUHjq&LMb>GFgCEl)nKrils4'Mp+NptG$q>Dhj^[>gg<q,Y:cPthhEqdRy^VRl{Syu}ra-!sWvkXw9VBrF~%oTsb rVLzSHxQc2Hw;O>yK[kO7hZSh 0r],su hD1[K?fsnex!)?vDg9
661
CYmjaFV!tJ3qt5aos{UovhRi%2PUHjq&MLb>GFgCDl)nKrils4'Mo-NptF$q=Dhl][>gg<q,Y:dPthiEqdSz^VRlySyt}ra.!sXvlXw:WBrF~%oUsb sULzTHxQc2Hx;O>zK[jP7hZSh 1r]-tt hD1[K?espdz!)@vDg9
662
CYmjaFV!tJ3qt5aos{UovhRi%2PUHjq&MLb>GFgCDl)nKrils4'Mo-NptF$q=Dhl][>gg<q,Y:dPthiEqdSz^VRlySyt}ra.!sXvlXw:WBrF~%oUsb sULzTHxQc2Hx;O>zK[jP7hZSh 1r]-tt hD1[K?espdz!)@vDg9
663
CZmjaFV"sJ4rt5amszTowhRi%4PUHjq&MLb?FFgCDl*nJrils3'Lp,NptH$p>Dhl^[>gg<q,Y8cQthiEqdRz^VSlzRyt}ra-!rWvkWw9VAqF}$oUsb sUMzSHxQc2Gx;O?zK[kO8i[Th 0r]-su hD1ZK?etpdx")?uDh9
664
CZmjaFV"sJ4rt5amszTowhRi%4PUHjq&MLb?FFgCDl*nJrils3'Lp,NptH$p>Dhl^[?gg<q,Y8cQthiEqdRz^VSlzRyt}ra-!rWvkWw9VAqF}$oUsb sUMzSHxQc2Gx;O?zK[kO8i[Th 0r]-su hD1ZK?etpdx")?uDh9
665
CZmjaFV"sJ4rt5amszTowhRi%4PUHjq&MLb?FFgCDl*nJrils3'Lp,NptH$p>Dhl^[?gg<q,Y8cQthiEqdRz^VSlzRyt}ra-!rWvkWw9VAqF}$oUsb sUMzSHxQc2Gx;O?zK[kO8i[Th 0r]-su hD1ZK?etpdx")?uDh9
666
CYmjaFW!tJ4qt5aos{UovhRi&2PUHjq&MLb>GFgCDl)nKrims4'Mo,NptG$q>Dhl][>gg<q.Y:dPthiEqdSz^URlySyt|ra-!sXvlXw:WArF~%oTrb sULzTHxQc2Hx;O>zK[jP7hZSi 0r],su hD1[K?espdz!)@vEg9
667
CYmjaFW!tJ4qt5aos{UovhRi&2PUHjq&MLb>GFgCDl)nKrims4'Mo,NptG$q>Dhl][>gg<q.Y:dPthiEqdSy^URlySyt|ra-!sXvlXw:WArF~%oTrb sULzTHxQc2Hx;O>zK[jP7hZSi 0r],su hD1[K?espdz!)@vEg9
668
CYmjaFW!tJ4qt5aos{UovhRi&2PUHjq&MLb>GFgCDl)nKrims4'Mo,NptG$q>Dhl][>gg<q.Y:dPthiEqdSy^URlySyt|ra-!sXvlXw:WArF~%oTrb sULzTHxQc2Hx;O>zK[jP7hZSi 0r],su hD1[K?espdz!)@vEg9
669
CYmjaFW!tJ4qt5aos{UovhRi&2PUHjq&MLb>GFgCDl*nKrims4'Mo,NptG$q>Dhl][>gg<q.Y:dPthiEqdSy^URlySyt|ra-!sXvlXw:WArF~%oTrb sULzTHxQc2Hx;O>zK[jP7hZSi 0r],su hD1[K?espdz!)@vEg9
670
CYmjaFW!tJ4qt5aos{UovhRi&2PUHjq&MLb>GFgCDl)nKrims4'Mo,NptG$q>Dhl][>gg<q.Y:dPthiEqdSy^URlySyt|ra-!sXvlXw:WArF~%oTrb sULzTHxQc3Hx;O>zK[jP7hZSi 0r],st hD1[K?espdz!)@vEg9
671
CYljaFV!tJ3qt5aoszUovhSi%2PUHjp&MMc>GFgCDl)nKrils4'Mo,NptF$q>Dhl][>gg<q,Y;dPthiEqdSz^VRlySyt}ra-!sXvlXw:XBrG~$oUsb sULzTHxQc2Hx<O>yK[jP7hZSi 0r],su hD1[K?espdz!)@vDf8
672
CYljaFV!tJ3qt5aoszUovhSi%2PUHjp&MMc>GFgCDl)nKrils4'Mo,NptF$q>Dhl][>gg<q,Y;dPthiEqdSz^VRlySyt}ra-!sXvlXw:XBrG~$oUsb sULzTHxQc2Hx<O>yK[jP7hZSi 0r],su hD1[K?espdz!)@vDf8
673
CYmjaFV!tJ3qs5aos{UovhSi%2OUHjp&MMd>GFgCDl)nKrils4'Mo,NptF$q>Dhl][>gg<q,Y;dPthiEqdSz^VRlySyt}ra-!sXvlXw:WBrG~$oUsb sULzTHxQc2Hx<O>yK[jP7hZSi 0r],su hD1[K?espez!)@vDf8
674
CYmjaFW"sJ3rt5bnszTowhSi&4OUIjq'LLb>FFhCDl+nJrils4'Mp+NptG%p>Dhl^[>gh<q,Y8cPthiEqdRz^VSkzRyt}ra-!rWvjWw9VBqF}$oUsb sUMzTHxQc2Gx<O?zK[kO8i[Sh 0r]-su hD1ZK?etpdx")?uDg9
675
CYmjaFW"sJ3rt5bnszTowhSi&4OUIjq'LLb>FFhCDl+nJrils4'Mp+NptG%p>Dhl^[>gh<q,Y8cPthiEqdRz^VSkzRyt}ra-!rWvjWw9VBqF}$oUsb sUMzTHxQc2Gx<O?zK[kO8i[Sh 0r]-su hD1ZK?etpdx")?uDg9
676
CYmjaFW"sJ3rt5bnszTowhSi&4OUIjq'LLb>FFhCDl+nJrils4'Mp+NptG%p>Dhl^\>gh<q,Y8cPthiEqdRz^VSkzRyt}ra-!rWvjWw9VBqF}$oUsb sUMzTHxQc2Gx<O?zK[kO8i[Sh 0r]-su hD1ZK?etpdx")?uDg9
677
CYmjaFW"sJ3rt5bnszTowhSi&4OUIjq'LLb>FFhCDl+nJrils4'Mp+NptG%p>Dhl^\>gh<q,Y8cPthiEqdRz^VSkzRyt}ra-!rWvjWw9VBqF}$oUsb sUMzTHxQc2Gx<O?zK[kO8i[Sh 0r]-su hD1ZK?etpdx")?uDg9
678
CYmjaFW"sJ3rt5bnszTowhSi&4OUIjq'LLb>FFhCDl+nJrils4'Mp+NptG%p>Dhl^\>gh<q,Y8cPthiEqdRz^VSkzRyt}ra-!rWvjWw9VBqF}$oUsb sUMzTHxQc2Gx<O?zK[kO8i[Sh 0r]-su hD1ZK?etpdx")?uDg9
679
CYmjaFV!tJ3qt5aot{UnvhSi%2NUHjp&MMd>GFgDDl)nKrils4'Mo,NptF$q>Dhl][>gg<q,Y;dPthiEqdTz^VRlySyt}ra.!sXvlXw;WArG~$oUsb sULzTHxQc2Hx<O>yK[jP7iZSi 0r],su hD1[K?espdz!)@vDf7
680
CYmjaFV!tJ3qt5aot{UnvhSi%2NUHjp&MMd>GFgDDl)nKrils4'Mo,NptF$q>Dhl][>gg<q,Y;dPthiEqdTz^VRlySyt}ra.!sXvlXw;WArG~$oUsb sULzTHxQc2Hx<O>yK[jP7iZSi 0r],su hD1[K?espdz!)@vDf7
681
CYmjaFV!tJ3qt5aot{UovhSi%2OUHjp&MMd>GFgDDl)nKrilr4'Lo-NptF%q>Dhl][>gg<q,Y;dPthiEqdSz^VRlySyt}ra.!sYvlXw;WBrG~$oUsb sULzTHxQc2Hx<O>yK[jP7iZSi 0r],su hD1[K?espdz!)@vDf8
682
CYmjaFV"tJ4qt5aot{UovhSi%2OUHjp&MMd>GFgDDl)nKrilr4'Lo-NptF%q>Dhl][>gg<q,Y;dPthiEqdSz^VRlySyt}ra.!sYvlXw;WArG~$oUsb sULzTHxQc2Hx<O>yK[jP7iZSi 0r],su hD1[K?espdz!)@vDf8
683
CYmjaFW"sJ3rt5bnszTowhSi&5OUIjq'LLb>FFhCDl+nJriks4'Mp+NptG%p>Dhl^\>gh=q,Y8cPthiEqdRz^VTkzRyt|ra-!rWvjWw9VBpF}$oUsb sUMzTHxQc2Gx<O?zK[kO8i[Sh 0r]-su hD1ZK?etpdx#)?uDh9
684
CYmjaFV"tJ4qt5aot{UovhSi%2OUHjp&MMd>GFgDDl)nKrilr4'Lo-NptF%q>Dhl][>gg<q,Y;dPthiEqdSz^VRlySyt}ra.!sYvlXw;WArG}$oTsb sULzTHxQc2Hx=O>yK[jP7iZSi 0r],su hD1[K?espdz!)@vDf8
685
CYmjaFV"tJ4qt5aot{UovhSi%2OUHjp&MMd>GFgDDl)nKrilr4'Lo-NptF%q>Dhl][>gg<q,Y;dPthiEqdSz^VRlySyt}ra.!sYvlXw;WArG}$oTsb sULzTHxQc2Hx=O>yK[jP7iZSi 0r],su hD1[K?espdz!)@vDf8
686
CYmjaFV!tJ3qs5aos{UovhSi%3OUHjp&LMd>GFgCDl)nKriks4(Mn,NptF$p>Dhl][>gg<q,Y;dPthiEqdSz^VRlySyt}ra.!sXvlXw:WArG~$oUsb sULzTIxQc2Hx<O>yK[jP7hZSi 0r],su hD1[K?esoez!*@vDf8
687
CYmjaFV!tJ3qs5aos{UovhSi%3OUHjp&LMd>GFgCDl)nKriks4(Mn,NptF$p>Dhl][>gg<q,Y;dPthiEqdSz^VRlySyt}ra.!sXvlXw:WArG~$oUsb sULzTIxQc2Hx<O>yK[jP7hZSi 0r],su hD1[K?esoez!*@vDf8
688
CYmjaFV!tJ3qs5aos{UovhSi%3OUHjp&LMd>GFgCDl)mKriks4(Mn,NptF$p>Dhl][>gg<q,Y;dPthiEqdSz^VRlySyt}ra.!sXvlXw:WArG~$oUsb sULzTIxQc2Hx<O>yK[jP7hZSi 0r],su hD1[K?esoez!*@vDf8
689
CYmjaFW"sJ3rt5bnszTowhSi&5OUIjq'LLb>FFhCDl+nJriks4'Mp+NptG%p>Dhl^\>gh=q,Y8cPthiEqdRz^VTkzRyt|ra-!rWujWw9VBpF}$oUsb sVMzTHxQc2Gx<P?zK[kO8j[Sh 0r]-su hD1ZK?etpdx#)?uDh9
690
CYmjaFW"sJ3rt6bnszTowhSi&5OUIjq'LLb>FFhCDl+nJriks4'Mp+NptG%p>Dhl^\>gh=q,Y8cPthiEqdRz^VTkzRyt|ra-!rWujWw9VBpF}$oUsb sUMzTHxQc2Gx<P?zK[kO8i\Sh 0r]-su hD1ZK?espdx#)?uDh9
691
CYmjaFW"sJ3rt6bnszTowhSi&5OVIjq'LLb>FFhCDl+nJriks4'Mp+NptG%p>Dhl^\>gh=q,Y8cPthiEqdRz^VTkzRyt|ra-!rWujWw9VBpF}$oUsb sUMzTHxQc2Gx<P?zK[kO8i\Sh 0r]-su hD1ZK?espdx#)?uDh9
692
CYmjaFW"sJ3rt5bnszTowhSi&5OUIjq'LLb>FEhCDl+nJriks4'Mp+NptG%p>Ehl^\>gh=q,Y8cPthiErdRz^VTkzRyt|ra-!rWujWw9VBpF}$oUsb sUMzTHxQc2Gx<P?zK[kN8i[Sh 0r]-su hD1ZK?etpdx#)?uDh9
693
CYmjaFW"sJ3rt6bnszTowhSi&5OUIjq'LLb>GFhCDl+nJriks4'Mp+NptG%p=Dhl^\>gh=q,Y8cPthiEqdRz^VTkzRyt|ra-!rWujWw9VBpF}$oUsb sUMzTHxQc2Gx<P?zK[kO8i\Sh 0r]-su hD1ZK?espdx#)?uDh9
694
CYmjaFW"sJ3rt6bnszTowhSi&5OUIjq'LLb>GFhCDl+mJriks4'Mp+NptG%p=Dhl^\>gh=q,Y8cPthiEqdRz^VTkzRyt|ra- rWujWw9VBpF}$oUsb sUMzTHxQc2Gx<P?zK[kO8i\Sh 0r]-su hD1ZK?espdx#)?uDh9
695
CYmjaFV!tJ3qs5aos{UovhSi%3OUHkp&LNd>GFgCDl*nKriks5(Mn,NptF$p>Dhl][>gg<q,Y;dPthiEqdSz^VRlySyt}ra.!sXvlXw:WArG~$oUsb sULzSIxQc2Hx<O>yK[jP7hZSi 0r]-su hD1[K?esoez!*@vDf8
696
CYmjaFV!tJ3qs5aos{UovhTi%3OUHkp&LNd>GFgCDl*nKriks5(Mn,NptF$p>Dhl][>gg<q,Y;dPthiEqdSz^VRlySyt}ra.!sXvlXw:WArG~$oUsb sULzSIxQc2Hx<O>yK[jP7hZSi 0r]-su hD1[K?esoez!*@vDf8
697
CYmjaFV!tJ3qs5aos{UovhTi%3OUHkp&LNd>GFgCDl*nKriks5(Mn,NptF$p>Dhl][>gg<q,Y;dPthiEqdSz^VSlySyt}ra.!sXvlXw:WArG~$oUsb sULzSIxQc2Hx<O>yK[jP7hZSi 0r]-su hD1[K?esoez!*@vDf8
698
CYmjaFW"sJ3rt5bmszTowiSi'5OUIjq'LLb>FFhCDl+nJriks4'Mp+OptG%p>Dhl^\>gh=q,Y8cPthiEqdRy^XUjzRyt|ra-!rWvjWw9VBpF}$oUsb sUMzTHxQc2Gx<P?zK[jO8i[Sh 0r]-su hD1YL?etpdx")?uDh9
699
CYmjaFW"sJ3rt5bmszTowiSi'5OUIjq'LLb>FFhCDl+nJriks4'Mp+OptG%p>Dhl^\>gh=q,Y8cPthiEqdRy^XUjzRyt|ra-!rWvjWw9VApF}$oTsb sUMzTHxQc2Gx<P?zK[jO8i[Sh 0r]-su hD1YL?etpdx")?uDh9
700
CYmjaFW"sJ3rt5bmszTowiSi'5OUIjq'LLb>FFhCDl+nJriks4'Mp+OptG%p>Dhl^\>gh=q,Y8cPthiEqdRy^XUjzRyt|ra-!rWvjWw9VApF}$oTsb sUMzTHxQc2Gx<P?zK[jO8i[Sh 0r]-su hD1YL?etpdx")?uDh9
701
CYmjaFW"sJ3rt5bmszTowiSi'5OUIjq'LLb>FFhCDl+nJriks4'Mp+OptG%p>Dhl^\>gh=q,Y8cPthiEqdRy^XUjzRyt|ra-!rWvjWw9VApF}$oTsb sUMzTHxQc2Gx<P?zK[jO8i[Sh 0r].su hD1YL?etpdx")?uDh9
702
CYmjaFW"sK3rt5bms{TowiSi'5OUIjq'LLb>FFhCDl+nJriks4'Mp+OptG%p>Dhl^\>gh=q,Y8cPthiEqdRy^XUjzRzt|ra-!rWvjWw9VApF}$oTsb sUMzTHxQc2Gx<P?zL[jO8i[Sh 0r].su hD1YL?etpdx")?uDh9
703
CYmjaFW"sK3rt5bms{TowiSi'5OUIjq'LLb>FFhCDl+nJriks4'Mp+OptG%p>Dhl^\>gh=q,Y8cPthiEqdRy^XUjzRzt|ra-!rWvjWw9VApF}$oTsb sUMzTHxQc2Gx<P?zL[jO8i[Sh 0r].su hD1YL?etpdx")?uDh9
704
CYmjaFW"tJ3rt6bnszTowhSi&5OVIjq'KLb>FFgCDl,nKriks4'Mp,NptG%p=Dhl^\?gh=q,Y8cOthiEqeRy^VTkzRyt{ra-!rWujWv9VBpF}$oUsb sUMzTHxQc2Gx<P?zK[kO8i\Sh 0r]-su hD1ZK?espdx#)?uDh9
705
CYmjaFW"tJ3rt6bnszTowhSi&5OVIjq'KLb>FFgCDl,nKriks4'Mp,NptG%p=Dhl^\?gh=q,Y8cOthiEqeRy^VTkzRyt{ra-!rWujWv9VBpF}$oUsb sUMzTHxQc2Gx<P?zK[kO8i\Sh 0r]-su hD1ZK?espdx#)?uDh9
706
CYmjaFW"tJ3rt6bnszTowhSi&5OVIjq'KLb>FFgCDl,nKriks4'Mp,NptG%p=Dhl^\?gh=q,Y8cOthiEqeRy^VTkzRyt{ra-!rWujWv9VBpF}$oUsb sUMzTHxQc2Gx<P?zK[kO8i\Sh 0r]-su hD1ZK?espdx#)?uDh9
707
CYmjaFW"sJ3rt5bmszToviSi'5OUIkq'LLb>FFhCDk+nJriks4'Mp+OptG%p>Dhk^\>gh=q,Y8cPthiEqdRy^XUjzRyt|ra-!rWvjWw9VApF}$oTsb sUMzTHxQc2Gx<P?zK[jO8i\Sh 0r]-su hD1YL?espdx")?uDh9
708
CYmjaFW"sK4rt5cmszTowiSi&5OUIjq'LLb>FFhCDl+nKrikr4'Mp+NptG%p>Ehl]\>gh=q,X8cPthhEqdRz^WTkzRyt|ra-"rWujVw9VBpF}$oUsb sWMzTHxQc2Gx<P?zK[kO8j[Sh 0r]-su hD1ZL?espdx#)?uDh9
709
CYmjaFW"sJ3rt5bmszToviSi'5OUIkq'LLb>FFhCDk+nJriks4'Mp+OptG%p>Dhk^\>gh=q,Y8cPthiEqdRy^XUjzRyt{ra-!rWvjWw9VApF}$oTsb sUMzTHxQc2Gx<P?zK[jN8i\Sh 0r]-su hD1YL?espdx")?uDh9
710
CYmjaFW"sJ3rt5bmszToviSi'5OUIkq'LLb>FFhCDk+nJriks4'Mp+OptG%p>Dhk^\>gh=q,Y8cPthiEqdRy^XUjzRyt{ra-"rWvjWw9VApF}$oTsb sUMzTHxQc2Gx<P?zK[jN8i\Sh 0r]-su hD1YL?espdx")?uDh9
711
CYmjaFW"sJ3rt5bmszToviSi'5OUIkq'LLb>FFhCDk+nJriks4'Mp+OptG%p>Dhk^\>gh=q,Y8cPthiEqdRy^XUjzRyt{ra-"rWvjWw9VApF}$oTsb sUMzTHxQc2Gx<P?zK[jN8i\Sh 0r]-su hD1YL?espdx")?uDh9
712
CYmjaFW"sJ3st5bmszTowiSi'5OVIjq'LLb>FFhCDl+nKriks4'Mp+OptG%p>Dhl^\>gh>q,Y9cPthiErdRy^XVjzRyt|ra-!rWviWw9VBpG}$oUsb sUMzTHxQc2Gx<P?zK[jO8i[Sh 0r]-su hD1YL@etpex!)?uDh9
713
CYmjaFW"sJ3st5bmszTowiSi'5OVIjq'LLb>FFhCDl+nKriks4'Mp+OptG%p>Dhl^\>gh>q,Y9cPthiErdRy^XVjzRyt|ra-!rWviWw9VBpG}$oUsb sUMzTHxQc2Gx<P?zK[jO8i[Sh 0r]-su hD1YL@etpex!)?uDh9
714
CYmjaFW"sJ3st5bmszTowiSi'5OVIjq'LLb>FFhCDl+nKriks4'Mp+OptG%p>Dhl^\>gh>q,Y9cPthiErdRy^XVjzRyt|ra-!rWviWw9VBpG}$oUsb sUMzTHxQc2Gw<P?zK[jO8i[Sh 0r]-su iD1YL@etpex!)?uDh9
715
CYmjaFX"sJ3st5bmszTowiSi'5OVIjq'LLb>FFhCDl+nKriks4'Mp+OptG%p>Dhl^\>gh>q,Y9cPthiErdRy^XVjzRyt|ra-!rWviWw9VBpG}$oUsb sUMzTHxQc2Gw<P?zK[jO8i[Sh 0r]-su iD1YL@etpex!)?uDh9
716
CYmjaFX"sJ3st5bmszTowiSi'5OVIjq'LLb>FFhCDl+nKriks4'Mp+OptG%p>Dhl^\>gh>q,Y9cPthiErdRy^XVjzRyt|ra-!rWviWw9VBpG}$oUsb sUMzTHxQc2Gw<P?zK[jO8i[Sh 0r]-su iD1YL@etpex!)?uDh9
717
CZmjaFX"sJ3st5bmszTowiSi'5OVIjq'LLb>FFhCDl+nKriks4'Mp+OptG%p>Dhl^\>gh>q,Y9cPthiErdRy^XVjzRyt|ra-!rWviWw9VBpG}$oUsb sUMzTHxQc2Gw<P?zK[jO8i[Sh 0r]-su iD1YL@etpex!)?uDh9
718
CZmjaFX"sJ3st5bmszTowiSi'5OVIjq'LLb>FFhCDl+nKriks4'Mp+OptG%p>Dhl^\>gh>q,Y9cPthiErdRy^XVjzRyt|ra.!rWviWw9VBpG}$oUsb sUMzTHxQc2Gw<P?zK[jO8i[Sh 1r]-su iD1YL@etpex!)?uDh9
719
CZmjaFX"sJ3st5bmszTowiSi'5OVIjq'LLb>FFhCDl+nKriks4'Mp+OptG%p>Dhl^\>gh>q,Y9cPthiErdRy^XVjzRyt|ra.!rWviWw9VBpG}$oUsb sUMzTHxQc2Gw<P?zK[jO8i[Sh 1r]-su iD1YL@etpex!)?uDh9
720
CZmjaFX"sJ3st5bmszTowiSi'5OVIjq'LLb>FFhCDl+nKriks4'Mp+OptG%p>Dhl^\>gh>q,Y9cPthiErdRy^XVjzRyt|ra.!rWviWw9VBpG}$oUsb sUMyTHxQc2Gw<P?zK[jO8i[Sh 1r]-su iD1YL@etpex!)?uDh9
721
CZljaFX"sJ3st5bmszTowiSi'5OVIjq'LLb>FFhCDl+nKriks4'Mp+OptG%p>Dhl^\>gh>q,Y9cPthiErdRy^XVjzRyt|ra.!rWviWw9VBpG}$oUsb sUMyTHxQc2Gw<P?zK[jO8i[Sh 1r]-su iD1YL@etpex!)?uDh9
722
CZljaFX"sJ3st5bmszTowiSi'5OVIjq'LLb>FFhCDl+nKriks4'Mp+OptG%p>Dhl^\>gh>q,Y9cPthiErdRy^XVjzRyt|ra.!rWviWw9VBpG}$oUsb sUMyTHxQc2Gw<P?zK[jO8i[Sh 1r]-su iD1YL@etpex!)?uDh9
723
CZljaFX"sJ3st5bmszTowiSi'5OVIjq'LLb>FFhCDl+nKriks4'Mp+OptG%p>Dhl^\>gh>q,Y9cPthiErdRy^XVjzRyt|ra.!rWviWw9VBpG}$oUsb sUMyTHxQc2Gw<P?zK[jN8i[Sh 1r]-su iD1YL@etpex!)?uDh9
724
CZljaFX"sJ3st5bmszTowiSi'5OVIjq'LLb>FFhCDl+nKriks4'Mp+OptG%p>Dhl^\>gh>q,Y9cPthiErdRy^XVjzRyt|ra.!rWviWw9VBpG}$oUsb sUMyTHxQc2Gw<P?zK[jN8i[Sh 1r]-su iD1YL@etpex!)?uDh9
725
CZmjaFX"sJ3st5bmszTowiSi'5OVIjq'LLc>FFiCDl+nKriks4'Mp+OptG%p>Dhl^\>gh>q,Y9cPthiErdRy^XVjzRyt|ra.!rWviWw9VBpG}$oUsb sUMzTHxQc2Gw<P?zK[jO9i[Sh 1r].su iD1YL@etpex!)?uDh9
726
CYmjaFX"sJ3st5bmszTowiSi'5OVIjq'LLb>FFhCDl+nKriks4'Lo+PptG%p>Dhl^\?gh>q,Y9cPthiEreRy^XVjzRyt|ra-!rWviWw9VApG}$oUrb sUMzTHxQc2Gw<P?zK[jO8i[Sh 0r]-su iD1YL@etpex!)?uDh9
727
CZmjaFW"sJ3rt5bmszTowiSi'5OUIkq(LLb>FFhDDl+nKrijs5'Mp+OqtG%p>Dhl^\?gh>p,Y:cPthiDqdRy^YVizRyt|ra-!rWviWw9WBpG}$oTsb sUMzSHxQc2Gy=P?yK[jO8i[Sh 0r].su hD1YL@etpex!)?tDh9
728
CZmjaFW"sJ3rt5bmszTowiSi'5OUIkq(LLb>FFhDDl+nKrijs5'Mp+OqtG%p>Dhl^\?gh>p,Y:cPthiDqdRy^YVizRyt|ra-!rWviWw9WBpG}$oTsb sUMzSHxQc2Gy=P?yK[jO8i[Sh 0r].su hD1YL@etpex!)?tDh9
729
CZmjaFW"sJ3rt5bmszTowiSi'5OUIkq(LLb>FFhDDl+nKrijs5'Mp+OqtG%p>Dhl^\?gh>p,Y:cPthiDqdRy^YVizRyt|ra-!rWviWw9WBpG}$oTsb sUMzSHxQc2Gy=P?yK\jO8i[Sh 0r].su hD1YL@etpex!)?tDh9
730
CZmjaFW"sJ3rt5bmszTowiSi'5OUIkq(LLb>FFhDDl+nKrijs5'Mp+OqtG%p>Dhl^\?gh>p,Y:cPthiDqdRy^YVizRyt|ra-!rWviWw9WBpG}$oTsb sUMzSHxQc2Gy=P?yK\jO8i[Sh 0r].tu hD1YL@etpex!)?tDh9
731
CZmjaFW"sJ3rs5bmszTowiSi'5OUIkq(LLb>FFhDDl+nKrijs5'Mp+OqtG%p>Dhl^\?gh>p,Y:cPthiDqdRy^YVizRyt|ra-!rWviWw9WBpG}$oTsb sUMzSHxQc2Gy=P?yK\jO8i[Sh 0r].tu hD1YL@etpex!)?tDh9
732
CZmjaFW"sJ3rs5bmszTowiSi'5OUIkq(LLb>FFhDDl+nKrijs5'Mp+OqtG%p>Dhl^\?gh>p,Y:cPthiDqdRy^YVizRyt|ra-!rWviWw9WBpG}$oTsb sUMzSHxQc2Gy=P?yK\jO8i[Sh 0r].tu hD1YL@etpex!)?tDh9
733
CZmjaFW"sJ3rs5bmszTowiSi'5OUIkq(LLb>FFhDDl+nKrijs5'Mp+OqtG%p>Dhl^\?gh>p,Y:cPthiDqdRy^YVizRyt|ra-!rWviWw9WBpG}$oTsb sUMzSHxQc2Gy=P?yK\jO8i[Sh 0r].tu hD1YL@etpex!)?tEh9
734
CYmjaFX"sK3rt5bmszTowjSi'5OUJjq'LLc>FFhDEl,nKriis4'Lp+OptG%p>Dhl^\?gh=q,Y:cPthiEqdRy^XVjyRyt|ra-!rWvhWw9VBpG}%oUsb sUMzTHxQc2Hx<P?zJ\jO8i[Sh 0r].su hC0YLAetpex!)@uDg9
735
CYmjaFX"sK3rt5bmszTowjSi'5OUJjq'LLc>FFhDEl,nKriis4'Lp+OptG%p>Dhl^\?gh=q,Y:cPthiEqdRy^XVjyRyt|ra-!rWvhWw9VBpG}%oUsb sUMzTHxQc2Hx<P?zJ\jO8i[Sh 0r].su hD0YLAetpex!)@uDg9
736
CZmjaFW"sK3rt5bmszTowiSi'5OUIkq(LLb>FEhDEl+nKrijs5'Mp+OqsG%p>Dhl^\?gh>p,Y:cPthiDqdRy^YVizSyt|ra-!rWvhWw9WBpG}$oTsb sUNzSHxQc2Gy=P?yK[jN8i\Sh 0r].su hD1YL@etpex!)?tDh9
737
CZmjaFW"sK3rt5bmszTowiSi'5OUIkq(LLb>FEhDEl+nKrijs5'Mp+OqsG%p>Dhl^\?gh>p,Y:cPthiDqdRy^YVizSyt|ra-!rWvhWw:WBpG}$oTsb sUNzSHxQc2Gy=P?yK[jN8i\Sh 0r].su hD1YL@etpex!)?tDh9
738
CZmjaFW"sK3rt5bmszTowiSi'5OUIkq(LLb>FEhDEl+nKrijs5'Mp+OqsG%p>Dhl^\?gh>p,Y:cPthiDqdRy^YVizSyt|ra-!rWvhWw:WBpG}$oTsb sUNzSHxQc2Gy=P?yK[jN8i\Sh 0r].su hD1YL@etpex!)?tDh9
739
CYmjaFX"tK3rt5bmszTowjSi'5OUJjq'LLc>FFhDEl-nKriis4'Lp+OptG%p?Dhl^\?gh=q,Y:cPthiEqdRy^YVjyRyt|ra-!rWvhWw9VBpG}%oUrb sUMzTHxQc2Hx<P?zJ\jO8i[Sh 0r].su hD0YLAetpex!)@uDg9
740
CYmjaFX"tK3rt5bmszTowjSi'5OUJjq'LLc>FFhDEl-nKriis4'Lp+OptG%p?Dhl^\?gh=q,Y:cPthiEqdRy^YVjyRyt|ra-!rWvhWw9VBpG}%oUrb sUMzTHxQc2Hx<P?zJ\jO8i[Sh 0r].su hD0YLAetpex!)@uDg9
741
CYmjaFX"tK3rt5bmszTowjSi'5OUJjq'LLc>FFhDEl-nKriis4'Lp+OptG%p?Dhl^\?gh=q,Y:cPthiEqdRx^YVjyRyt|ra-!rWvhWw9VBpG}%oUrb sUMzTHxQc2Hx<P?zJ\jO8i[Sh 0r].su hD0YLAetpex!)@uDg9
742
CZmjaFW"sK3rt5bmszTowiSi'5OUIkp(LLb>FEhDEl+nKrijs5'Mp+OqsG%p>Dhl^\?gh>p,Y:cPthhDqdRy^YVizSyt|ra.!rWvhWw9WBpG}$oTsb sUNzSHxQc2Gy=P?yK[jN8i\Sh 0r].su hD1YL@etpew!)?tDh9
743
CZmjaFW"sK3rt5bmszTowiSi'5OUIkp(LLb>FEhDEl+nKrijs5'Mp+OqsG%p>Dhl^\?gh>p,Y:cPthhDqdRy^YVizSyt|ra.!rWvhWw9WBpG}$oSsb sUNzSHxQc2Gy=P?yK[jN8i\Sh 0r].su hD1YL@etpew!)?tDh9
744
CZmjaFW"sK3rt5bmszTowiSi'5OUIkp(LLb>FEhDEl+nKrijs5'Mp+OqsG%p>Dhl^\?gh>p,Y:cPthhDqdRy^YVizSyt|ra.!rWvhWw9WBpG}$oSsb sUNzSHxQc2Gy=P?yK[jN8i\Sh 0r].su hD1YL@etpew!)?tDh9
745
CZmjaFW"sK3rt5bmszUowiSi'5OUIkp(LLb>FEhDEl+nKrijs5'Mp+OqsG%p>Dhl^\?gh>p,Y:cPthhDqdRy^YVizSyt|ra.!rWvhWw9WBpG}$oSsb sUNzSHxQc2Gy=P?yK[jN8i\Sh 0r].su hD1YL@etpew!)?tDh9
746
CZmjaFW"sK3rt5bmszUowiSi'5OUIkp(LLb>FEhDEl+nKrijs5'Mp+OqsG%p>Dhl^\?gh>p,Y:cPthhDqdRy^YVizSyt|ra.!rWvhWw9WBpG}$oSsb sUNzSHxQc2Gy=P?yK[jN8i\Sh 0r].su hD1YL@etpew!)?tDh9
747
CZmjaFW"sK3rt5bmszUowiSi'5OUIkp(LLb>FEhDEl+mKrijs5'Mp+OqsG%p>Dhl^\?gh>p,Y:cPthhDqdRy^YVizSyt|ra.!rWvhWw9WBpG}$oSsb sUNzSHxQc2Gy=P?yK[jN8i\Sh 0r].su hD1YL@etpew!)?tDh9
748
CZmjaFX!tJ3st5bmszToviSi'5NVIjq'LLb>FFhCDl+nKriks4'Mp+OptG%p=Dhl^]?gh>r,Y:cPthiErdRy^XVjzRyt|ra/!rWviWw9VApG}$pUsb sUMzTHxRb2Gv<P?zK[jO9i[Th 1r].su iD0YL@espex!)?uDh9
749
CZmiaFX"tJ4ss5blsyTowiTi'5OVIjq'LMc?FFiBDl+nKriks4'Lp+OpsG%p>Dhk^\>gh>q,Y9cPthiErdRy^XVjyRyt|ra/!rXviWw9VApG}#oUsc sUMzTHxQc2Gw<P@zK[jO9i[Th 1r].su iD1XL@etpex!*?uEh9
750
CZmiaFX"tJ4ss5blsyTowiTi'5OVIjq'LMc?FFiBDl+nKriks4'Lp+OpsG%p>Dhk^\>gh>q,Y9cPthiErdRy^XVjyRyt|ra/!rXviWw9VApG}#oUsc sUMzTHxQc2Gw<P@zK[jO9i[Th 1r].su iD1XL@etpex!*?uEh9
751
CZmiaFX"tJ4ss5blsyTowiTi'5OVIjq'LMc?FFiBDl+nKriks4'Lp+OpsG%p>Dhk^\>gh>q,Y9cPthiErdRy^XVjyRyt|ra/!rXviWw9VApG}#oUsc sUMzSHxQc2Gw<P@zK[jO9i[Th 1r].su iD1XL@etpex!*?uEh9
752
CZmiaFX"tJ4ss5blsyTowiTi'5OVIjq'LMc?FFiBDl+nKriks4'Lp+OpsG%p>Dhk^\>gh>q,Y9cPthiErdRy^XVjyRyt|ra/!rXviWw9VApG}#oUsc sUMzSHxQc2Gw<P@zK[jO9i[Th 1r].su iD1XL@etpex!*?uEh9
753
CZmjaFY"tJ4ss5blszUowiSi'5OVIjq'LMc>FFiBEl+nKriks4(Lp+OpsG%p>Dhl]\>gh>q,Y9cPthhErdQy^XVjyRyt|ra/!rWvhWw9VBpG|$oTsc sUMzTHxQc2Gw<P@zK[jN9j[Th 1r]-su iD1YL@etpex!+?uEh9
754
CZmjaFY"tJ4ss5blszUowiSi'5OVIjq'LMc>FFiBEl+nKriks4(Lp+OpsG%p>Dhl]\>gh>q,Y9cPthhErdQy^XVjyRyt|ra/!rWvhWw9VBpG|$oTsc sUMzTHxQc2Gw<P@zK[jN9j[Th 1r]-su iD1YL@etpex!+?uEh9
755
CZmiaFX"tJ4ss5blsyTowiTi'5OVIjq'LMd?FFjBDl+nKriks4'Lp+OpsG%p>Dhk^\>gh>q,Y9cPthiErdRy^XVjyRyt|ra/!rXvjWw9VApG}#oUsc sUMzSHxQc2Gw<P@zK[jO:i[Th 1r].su iD1XL@etpex!*?uFh9
756
CZmjaFW"sK3rt5bmszUowiSi'5OUIkp(LLb>FEhDEl+nKrijs5'Mp,OqsG%p>Dhl^\?gh=p,Y:cPthhDqdRy^YVizTyt|ra.!rWuhWw9WBpG}$oSsc sUNzSHxQc2Gy=P?yK[iN8i\Sh 1r].su hD1YL@etpew!)?tEg9
757
CZmjaFW"sK3rt6bmszTowiSi(5NUIkq(KLb>FEhDEl+nKrijs5'Mp+OqsG%p>Dhl^\?gh>q,Y:dPthhDqdRy^YVizSyt{ra-!rWvhWw:WBpG}$oTsb sUNzRHwQc2Gy=P@yL[jN8i\Sh 0r].su hE1YL@etpew")?tDh9
758
CZmjaFW"sK3rt6bmszTowiSi(5NUIkq(KLb>FEhDEl+nKrijs5'Mp+OqsG%p>Dhl^\?gh>q,Y:dPthhDqdRy^YVizSyt{ra-!rWvhWw:WBpG}$oTsb sUNzRHwQc2Gy=P@yL[jN8i\Sh 0r].su hE1YL@etpew")?tDh9
759
CZmjaFW"sK3rt6bmszTowiSi(5NUIkq(KLb>FEhDEl+nKrijs5'Mp+OqsG%p>Dhl^\?gh>q,Y:dPthhDqdRy^YVizSyt{ra-!rWvhWw:WBpG}$oTsb sUNzRHwQc2Gy=P@yL[jN8i\Sh 0r].su hE1YL@etpew")?tDh9
760
CZmjaFX tJ3st5bmszTowjSi'6NVIjp'LLb?FFhCEl+nKriks4(Mp+OptH%p=Dhl^]>gh?q,Y9cPthiDrdRy^XViyRyt|ra.!rWviWw9WCpG|%oUsb sUMyTHxQb2Gv<P@zK[jO:i\Sh 1r^.su iE0YL@etpex!)?uDh9
761
CZmjaGX tJ3st5bmszTowjSi'5NVIjp'LLb?FFhCDl+nKriks4(Mp+OptH%p=Dhl^]>gh?q,Y;cPthiDrdRy^XVizRyt|ra.!rWviWw9VCpG|%oUsc sUMyTHxQb3Gv<P?zK[jO:i\Sh 1r^/tu iD0YL@etpex!)?uDh9
762
CZmjaFW"sK3rt6bmszTowiSi(5NUIkq(KLb>FEhDEl+nKrijs5'Mp+OqsG%p>Dhl^\?gh?q,Y:dPthhDqdRy^YVizSyt{ra-!rWvhWw:WBpG}$oTsb sUNzRHwQc2Gy=P@yL[jN8i\Th 0r].su hE1YM@etpew")?tDh9
763
CZmjaFW"sK3rt6bmszTowiSi(5NUIkq(KLb>FEhDEl+nKrijs5'Mp+OqsG%p>Dhl^\?gh?q,Y:dPthhDqdRy^YVizSyt{ra-!rWvhWw:WBpG}$oTsb sUNzRHwQc2Gy=P@yL[jN8i\Th 0r].su hE1YM@etpew")?tDh9
764
CZmjaFX tJ3st5bmszTowjSi'6NVIjp'LMb?FFhCEl+nKriks4(Mp+OptH%p<Dhl^]>gh?q,Y9cPthiDrdRy_XViyRyt|ra.!rWviWw9WCpG|%oUsb rUMyTHxQb2Gv<P@zK[jO:i\Sh 1r^.su iE0YL@etpex!)?uDh9
765
CZmjaFX tJ3st5bmszTowjSi'6NVIjp'LMb?FFhCEl+nKriks4(Mp+OptH%p<Dhl^]>gh?q,Y9cPthiDrdRy_XViyRyt|ra.!rWviWw9WCpG|%oUsb rUMyTIxQb2Gv<P@zK[jO:i\Sh 1r^.su iE0YL@etpex!)?uDh9
766
CZmjaFX tJ3st5bmszTowjSi'6NVIjp'LMb?FFhCEl+nKriks4(Mp+OptH%p<Dhl^]>gh?q,Y9cPthiDrdRy_XViyRyt|ra.!rWviWw9WCpG|%oUsb rUMyTIxQb2Gv<P@zK[jO:i\Sh 1r^.su iE0YL@etpex!)?uDh9
767
CZmjaFX tJ3st5bmszTovjSi'6NVIjp'LMb?FFhCDl+nKriks4(Mp+OptI%p<Dhl^]>gh?q,Y9cPthiDrdRy_XViyRyt|ra.!rWviWw9WCpG|%oUsb rUMyTIxQb2Gv<P@zK[jO:i\Sh 1r^.su iE0YL@etpex!)?uDh9
768
CZmjaFX tJ3st5bmszTovjSi'6NVIjp'LMb?FFhCDl+nKriks4(Mp+OptI%p<Dhl^]>gh?q,Y9cPthiDrdRy_XViyRyt|ra.!rWviWw9WCpG|%oUsb rUMyTIxQb2Gv<P@zK[jO:i\Sh 1r^.su iE0YL@etpex!)?uDh9
769
CZmjaFX tJ3st5bmszTowjSi'6NVIjp'LMb?FFhCEl+nKriks4(Mp+OotH%p<Dhl^]>gh?q,Y9cPthiDrdRy_XViyRyt|ra.!rWviWw9WCpG|%oUsb rUMyTIxQb2Gv<P@zK[jO:i\Sh 1r^.su iE0YL@etoex!)?uDh9
770
CZmjaFX tJ3st5bmszTowjSi'6NVIjp'LMb?FFhDEl+nKriks4)Mp+OotH%p<Dhl^]>gh?q,Y9cPthiDrdRy_XViyRyt|ra.!rWviWw9WCpG|%oUsb rUMyTIxQb2Gv<P@zK[jO:i\Sh 1r^.su iE0YL@etpex!)?uDh9
771
CZmjaFX tJ3st5bmszTowjSi'6NVIjp'LMb?FFhDEl+nKriks4)Mp+OotH%p<Dhl^]>gh?q,Y9cPthiDrdRy_XViyRyt|ra.!rWviWw9WCpG|%oUsb rUMyTIxQb2Gv<P@zK[jO:i\Sh 1r^.su iE0YL@etpex!)?uDh9
772
C[mjaFX tJ3st5bmszTovjSi'6NVIjp(LMb?FFhCDl+nKriks4(Mp+OptI%p<Dhl^]>gh?q,Y9cPthiDrdRy_XViyRyt|ra.!rWviWw9WCpG|%oUsb rUMyTIxQc2Gv<P@zK[jO:i\Sh 1r^.su iE0YL@espex!)@uDh9
773
CZmjaFX tJ3st5bmszTowjSi'6NVIjp'LMb?FFhDEl+nKriks4)Lp+OotH%p<Dhl^]>gh?q,Y9cPthiDrdRy`XViyRyt|ra.!rWviWw9WCpG|%oUsb rUMyTIxQb2Gv<P@zK[jO:i\Sh 1r^.su iE0YL@etpex!)?uDh9
774
CZmjaFX tJ3st5bmszTowjSi'6NVIjp'LMb?FFhDEl+nKriks4)Lp+OotH%p<Dhl^]>gh?q,Y9cPthiDrdRy`XViyRyt|ra.!rWviWw9WCpG|%oUsb rUMyTIxQb2Gv<P@zK[jO:i\Sh 2r^.su iE0YL@etpex!)?uDh9
775
CZmjaFX tJ3st5bmszTowjSi'6NVIjp'LMb?FFhDEl+nKriks4)Lp+OotH%p<Dhl^]>gh?q,Y9cPthiDrdRy`XViyRyt|ra.!rWviWw9WCpG|%oUsb rUMyTIxQb2Gv<P@zK[jO:i\Sh 2r^.su iE0YL@etpex!)?uDh9
776
CZmjaFX tJ3st5bmszTowjSi'6NVIjp'KMb@FFhCEl+nKriks4(Mp+OptH&p<Dhl^]>gh?q,Y9cPthiDrdRy_XVixRyt|ra.!rWviWw9WCpG{%oUsb rUMyTHxQb2Gv<P@yK[jO:i\Sh 1r^.su iE0XM@etpex!)?uDh9
777
CZmjaFX tJ3st5bmszTowjSi'6NVIjp'KMb@FFhCEl+nKriks4(Mp+OptH&p<Dhl^]>gh?q,Y9cPthiDrdRy_XVixRyt|ra.!rWviWw9WCpG{%oUsb rUMyTHxQb2Gv<P@yK[jO:i\Sh 1r^.su iE0XM@etpex!)?uDh9
778
CZmjaFX tK3st5bmszTowjSi'6NVIjp'LLb?FFhCEl+nKriks4(Mp+PptH%p=Dhl^]>gh?q,Y9cPthiDrdRy_XViyRys|ra.!rWviWw9WBpG{%pUsc rUMyTHxQb2Gv<PAzK[jO;i\Th 1r^.su iE0YL@etpex!)?uEh9
779
CZmjaFX tJ3st5cmszTowjSi'6NVIjp'LMb?FFhDEl+nKriks4)Lp+OotH%p<Dhl^]>gh?q,Y9cPthiDrdRyaXViyRyt|ra.!rWviWw9WCpG|%pUsb rUMyTIxQb2Gv<P@zK[jO:i\Sh 2r^.su iE0YL@etpex!)?uDh9
780
CZmjaFX tJ3st5cmszTowjSi'6NVIjp'LMb?FFhDEl+nKriks4)Lp+OotH%p<Dhl^]>gh?q,Y9cPthiDrdRyaXViyRyt|ra.!rWviWw9WCpG|%pUsb rUMyTIxQb2Gv<P@zK[jO:i\Sh 2r^.su iE0YL@etpex!)?uDh9
781
CZmjaFX tJ3st5bmsyTowjSi'6NVIjp'LMb?FFhDEl+nKriks4)Mp+OotH%p<Dhl^]>gh?q,Y9cPthiDrdSy_XViyRyt|ra.!rWviWw:WCpG|%oUsb rUMyTIwRb2Gv<P@zK[jO:i\Sh 1r^.su iE0YL@etpex")?uDh8
782
CZmjaFX tK3st5cmszTowjSi'6NVIjp'LMb?FFhDFl+nKriks4)Lp+OotH%p<Dhl^]>gh?q,Y9cPthiDrdRyaXViyRyt|ra.!rWviWw9WCpG|%pUsb rUMyTIxQb2Gv<P@zK[jO:i\Sh 2r^.su iE0YL@etpex!)?uDh9
783
CZmjaFY tJ3st5cmszTowjSi'6NWIjp'LMb?FFhDEl+nKriks4)Lp+OotH%p<Dhl^]>gh?q,Y9cPthiCrdRyaXViyRyt|ra.!rWviWw9WCpG|%pUsb rUMyTIxQb2Gv<P@zK[jO:i\Sh 2r^.su iE0YL@etpex!)?uDh9
784
CZmjaFY tJ3st5cmszTowjSi'6NWIjp'LMb?FFhDEl+nKriks4)Lp+OotH%p<Dhl^]>gh?q-Y9cPthiCrdRyaXViyRyt|ra.!rWviWw9WCpG|%pUsb rUMyTIxQb2Gv<P@zK[jO:i\Sh 2r^.su iE0YL@etpex!)?uDh9
785
CZmjaFY tJ3st5cmsyTowjSi'6NWIjp'LMb?FFhDEl+nKriks4)Lp+OotH%p<Dhl^]>gh?q-Y9cPthiCrdRyaXViyRyt|ra.!rWviWw9WCpG|%pUsb rUMyTIxQb2Gv<P@zK[jO:i\Sh 2r^.su iE0YL@etpex!)?uDh9
786
CZmjaFY tJ3st5cmsyTowjSi'6NWIjp'LMb?FFhDEl+nKriks4)Lp+OotH%o<Dhl^]>gh?q-Y9cPthiCrdRyaXViyRyt|ra.!rWviWw9WCpG|%pUsb rUMyTIxQb2Gv<P@zK[jO:i\Sh 2r^.su iE0YL@etpex!)?uDh9
787
CZmjaFY tJ3st5cmsyTowjSi'6NWIjp'LMb?FFhEEl+nKriks4)Lp+OotH%o<Dhl^]>gh?q-Y9cPthiCrdRyaXViyRyt|ra.!rWviWw9WCpG|%pUsb rUMyTIxQb2Gv<P@zK[jO:i\Sh 2r^.su iE0YL@etpex!)?uDh9
788
CZmjaFY tJ3st5cmsyTowjSi'6NWIjp'LMb?FFhEEl+nKriks4)Lp+OotH%o<Dhl^]>gh?q-Y9cPthiCrdRyaXViyRyt|ra.!rWviWw9WCpG|%pUsb rUMyTIxQb2Gv<P@zK[jO:i\Sh 2r^.su iE0YL@etpex!)?uDh9
789
CZmjaFY tJ3st5cmsyTowjSi'6NWIjp'LMb?FFhEEl+nKriks4)Lp+OotH%o<Dhl^]>gh?q-Y9cPthiCrdRyaXViyRyt|ra.!rWviWw9WCpG|%pUsb rUMyTIxQb2Gv<P@zK[jO:i\Sh 2r^.su iE0YL@etpex!)?uDh9
790
CZmjaFY tJ3st5cmszTowkSi'6NWIjp'LMb?FFhDFl+nJriks4)Lp+OotH%p<Dhl^]>gh?q-Y9cPthiCrdRyaXViyRyt|ra.!rWviWw9WCpG|%pUsb rUMyTIxQb3Gv<P@zK[jO:i\Sh 2r^.st iE0YL@espex!)?uDh9
791
CZmjaFW"sK3st6blsyTowiSi(5NUIkq(KLc>FEhDEl,mKriis5'Mp,OqtG%o>Dhl^\?gh@q,Y:dOthhDqdRy^YWiySyt{ra-"rWvhWw:WBpH}$oTsc sUOzRIwRc2Hy=P@yL[jN8i\Th 0r].su hE1XL@etpew")?tDh9
792
CZmjaFW"sK3st6blsyTowiSi(5NUIkq(KLc>FEhDEl,mKriis5'Mp,OqtG%o>Dhl^\?gh@q,Y:dOthhDqdRy^YWiySyt{ra-"rWvhWw:WBpH}$oTrc sUOzRIwRc2Hy=P@yL[jN8i\Th 0r].su hE1XL@etpew")?tDh9
793
CZmjaFY tJ3st5cmrzTowkSi'6NWIjp'LMc?FFhDFl+nJriks4)Lp+OotH%p<Dhl^]>gh?q-Y9cPthiCrdRyaXViyRyt|ra.!rWviWw:WCpG|%pUsb rUMyTIxQb3Gv<P@zK[jO:i\Sh 2r^.st iD0YL@espex!)?uDh9
794
CZmjaFY tJ3st5cmszTowjSi'6NWIjp'LMb?FFhDFl+nJriks5)Lp+OotH%p<Dhl^]>gh?q-Y9cPthiBrdRyaXViyRyt|ra.!rWviXw9WCpG|%pUsb qUMyTJxQb3Gv<P@zK[jO:i\Sh 2r^.st iE0YL@espex!)?uDh9
795
CZmjaFY tJ3st5cmszTowjSi'6NWIjp'LMb?FFhDFl+nJriks5)Lp+OotH%p<Dhl^]>gh?q-Y9cPthiBrdRyaXViyRyt|ra.!rWviXw9WCpG|%pUsb qUMyTJxQb3Gv<P@zK[jO:i\Sh 2r^.st iE0YL@espex!)?uDh9
796
CZmjaFY tJ3st5cmszTowjSi'6NWIjp'LMb?FFhDFl+nJriks5)Lp+OotH%p<Dhl^]>gh?q-Y9cPthiBsdRyaXViyRyt|ra.!rWviXw9WCpG|%pUsb qUMyTJxQb3Gv<P@zK[jO:i]Sh 2r^.st iE0YL@espex!)?uDh9
797
CZmjaFY tJ3st5cmszTowjSi'6NWIjp'LMb?FFhDFl+nJriks5)Lp+OotH%p<Dhl^]>gh?q-Y9cPthiBsdRyaXViyRyt|ra.!rWviXw9WCpG|%pUsb qUMyTJxQb3Gv<P@zK[jO:i]Sh 2r^.st iE0YL@espex!)?uDh9
798
CZmjaFY tJ3st5cmszTowjSi'6NWIjp'LMb?FFhDFl+nJriks5)Lp+OotH%p<Dhl^]>gh?q-Y9cPthiBsdRyaXViyRyt|ra.!rWviXw9WCpG|%pUsb qUMyTJxQb3Gv<P@zK[jO:i]Sh 2r^.st iE0YL@espex!)?uDh9
799
CZmjaFY tJ3st5cmszTowjSi'6NWIjp'LMb?FFhDFl+nJriks5)Lp+OotH%p<Dhl^]>gh?q-Y9cPthiBsdRyaXViyRyt|ra.!rWviXw9WCpG|%pUsb qUMyTJxQb3Gv<P@zK[jO:i]Sh 2r^.ss iE0YL@espex!)?uDh9
800
CZmjaFW!sK3st6blsyTowiSi(5NVIkq(KLc>FEhDEl+mKriis5'Mp,OqtG%o>Dhl^\@gh?q,Z:dPthgCqdRy_YXiySyt{ra-!rWvhWw:WBpI}$oTrb sUNzRIwRc4Gy=Q@yM[jM8i\Th 0r].tu hE1YL@etpev")?tDh9
801
CZljaFY tJ3st5blszTowjSj'6NVIjp'LMb?FFjDEl+nKriks4+Mp+OntH%o<Dhl^]>fh?q,Y9cPthiDrdTy`XViyRys{ra.!rWviWw:WCpG|%oUqb rUMwTIwSb2Gv<P@zK[iO:i\Sh 1r^.su iE0YL@etpex!)?uDh8
802
CZljaFY tJ3st5blszTowjSj'6NVIjp'LMb?FFjDEl+nKriks4+Mp+OntH%o<Dhl^]>fh?q,Y9cPthiDrdTy`XViyRys{ra.!rWviWw:WCpG|%oUqb rUMwTIwSb2Gv<P@zK[iO:i\Sh 1r^.su iE0YL@etpex!)?uDh8
803
CZmjaFY tJ3tt5cmszTowjSi'6NWIjp'LMb?GFhDFl+nJrijs5)Lp+OotH%p<Dhl]]]]><![CDATA[>gh?q-Y9cPthiBsdRyaWViyRyt|ra.!rWviXw9WCpG|%pUsb qUMyTJxQb3Gv<P@zK[jO:i]Sh 2r^.ss iE0YL@espex!)?uDh9
804
CZmjaFY tJ3tt5cmszTowjSi'6NWIjp'LMb?GFhDFl+nJrijs5)Lp+OotH%p<Dhl]]]]><![CDATA[>gh?q-Y:cPthiBsdRyaWViyRyt|ra.!rWviXw9WCpG|%pUsb qUMyTJxQb3Gv<P@zK[jO:i]Sh 2r^.ss iE0YL@espex!)?uDh9
805
CZmjaFY tJ3tt5cmszTowjSi'6NWIjp'LMb?GFhDFl+nJrijs5)Lp+OotH%p<Dhl]]]]><![CDATA[>gh?q-Y:cPthiBsdRyaWViyRyt|ra.!rWviXw9WCpG|%pUsb qUMyTJxQb3Gv<P@zK[jO:i]Sh 2r^.ss iE0YL@espex!)?uDh9
806
CZmjaFY tJ3tt5cmszTowjSi'6NWIjp'LMb?GFhDFl+nJrijs5)Lp+OotH%p<Dhl]]]]><![CDATA[>gh?q-Y:cPthiBsdRyaWViyRyt|ra.!rWviXw9WCpG|%pUsb qUMyTJxQb3Gv<P@zK[jO:i]Sh 2r^.ss iE0YL@espex!)?uDh9
807
CZmjbFX tJ3st6blsyUowjSi'6NVIkp(LNb@HFhDEl+nKrijs4)Mp+OotH%p<Dhl^]>gh?q,Z9cPthiDsdSy_XWiyRyt|ra."rWviWw:WCpG{%oTsb rUMyTIwRb2Gv<P@zK\iO;i\Sh 2r^.su iE0YL@etpex")?uDh8
808
CZmjbFX tJ3st6blsxUowjSi'6NVIkp(LNb@HFhDEl+nKrijs4)Mp+OotH%p<Dhl^]>gh?q,Z9cPthiDsdSy_XWiyRyt|ra/"rWviWw:WCpG{%oTsb rUMyTIwRb2Gv<P@zK\iO;i\Sh 2r^.su iE0YL@etpex")?uDh8
809
CZmjbFX tJ3st6blsxUowjSi'6NVIkp(LNb@HFhDEl+nKrijs4)Mp+OotH%p<Dhl]]]]><![CDATA[>gh?q,Z9cPthiDsdSy_XWiyRyt|ra/"rWviWw;WCpG{%oTsb rUMyTIwRb2Gv<P@zK\iO;i\Sh 2r^.su iE0YL@etpex")?uDh8
810
CZmjbFX tJ3st6blsxUowjSi'6NVIkp(LNb@HFhDEl+nKrijs4)Mp+OotH%p<Dhl]]]]><![CDATA[>gh?q,Z9cPthiDsdSy_XWiyRyt|ra/"rWviWw;WCpG{%oTsb rUMyTIwRb2Gv<P@zK\iO;i\Sh 2r^.su iE0YL@etpex")?uDh8
811
CZmjbFX tJ3st6blsxUowjSi'6NVIkp(LNb@HFhDEl+nKrijs4)Mp+OotH%p<Dhl]]]]><![CDATA[>gh?q,Z9cPthiDsdSy_XWiyRyt|ra/"rWviWw;WCpG{%oTsb rUMyTIwRb2Gv<P@zK\iO;i\Sh 2r^.su iE0YL@etpex")?uDh8
812
CZmjbFX tJ3st6blsxUowjSi'6NVHkp(LNb@HFhDEl+nKrijs4)Mp+OotH%p<Dhl]]]]><![CDATA[>gh?q,Z9cPthiDsdSy_XWiyRyt|ra/"rWviWw<WCpG{%oTsb rUMyTIwRb2Gv<P@zK\iO;i\Sh 2r^.su iE0YL@etpex")?uDh8
813
CZmjbFX tJ3st6blsxUowjSi'6NVHkp(LNb@HFhDEl+nKrijs4)Mp+OotH%p<Dhl]]]]><![CDATA[>gh?q,Z9cPthiDsdSy_XWiyRyt|ra/"rWviWw<WCpG{%oTsb rUMyTIwRa2Gv<P@zK\iO;i\Sh 2r^.su iE0YL@etpex")?uDh8
814
CZmjbFX tJ3st6blsxUowjSi'6NVHkp(LNb@HFhDEl+nKrijs4)Mp+OotH%p<Dhl]]]]><![CDATA[>gh?q,Z9cPthiDsdSy_XWiyRyt|ra/"rWviWw<WCpG{%oTsb rUMyTIwRa2Gv<P@zK\iO;i\Sh 2r^.su iE0YL@etpex")?uDh8
815
CZmjaGW!sK3rt6bksyToviSi)5NUIkq(JLc?FFjDFl+mKriis5'Lp,OptG%n>Dhl^\?gh?r-Y:dPtihDqdRx_ZXixRyt{ra-!rWvhXw;WBpG~$oTrb rVNzRHvQc2Gw=P@yM[iN8i\Ti 0r].su hE1YL@etpev#)?tDh9
816
CZmjaGW!sK3rt6cksyToviSi)5NUIkq(JLc?FFjDFl+mKriis5'Lp,OptG%n>Ehl^\?gh?r-Y:dPtihDqdRx_ZXixRyt{ra-!rWvhXw;WBpG~$oTrb rVNzRHvQc2Gw=P@yM[iN8i\Ti 0r].su hE1YL@etpev#)?tDh9
817
CZmjaGW!sK3rt6cksyToviSi)5NUIkq(JLc?FFjDFl+mKriis5'Lp,OptG%m>Ehl^\?gh?r-Y:dPtihDqdRx_ZXixRyt{ra-!rWvhXw;WBpG~$oTrb rVNzRHvQc2Gw=P@yM[iN8i\Ti 0r].su hE1YL@etpev#)?tDh9
818
CZmjaGW!sK3rt6cksyToviSi)5NUIkq(JLc?FFjDFl+mKriis5'Lp,OptG&m>Ehl^\?gh?r-Y:dPtihDqdRx_ZXixRyt{ra-!rWvhXw;WBpG~$oTrb rVNzRHvQc2Gw=P@yM[iN8i\Ti 0r].su hE1YL@etpev#)?tDh9
819
CZmjaGW!sK3rt6cksyToviSi)5NUIkq(JLc?FFjDFl+mKriis5'Lp,OptG&m>Ehl^\?gh?r-Y:dPtihDqdRx_ZXixRyt{ra-!rWvhXw;WBpG~$oTrb rVNzRHvQc2Gw=P@yM[iN8i\Ti 0r].su hE1YL@etpev#)?tDh9
820
CZmjaGW!sK3rt6cksyToviSi)5NUIkq(JLc?FFjDFl+mKriis5'Lp,OptG&m>Ehl^\?gh?r-Y:dPtihDqdRx_ZXixRyt{ra-!rWvhXw;WBpG~$oTrb rVNzRHvQc2Gw=P@yM[iN8i\Ti 0r].su hE1YL@etpev#)?tDh9
821
CZmjaGW!sK3rt6cksyToviSi)5NUIkq(JLc?FFjDFl+mKriis5'Lp,OptG&m>Ehl^\?gh?r-Y:dPtihDqdRx_ZXixRyt{ra-!rWvhXw;WBpG~$oTrb rVNzRHvQc2Gw=P@yM[iN8i\Ti 0r].su hE1YL@etpev#)?tDh9
822
AZnjaFW!sK3tt7blsyTowiSi(5NUIlq(JLd>FEhDEl+lKriis5'Mp-OqtG&o>Dhl^\@gh?q,Z:dPthgCqdRy_YXhySyt{ra-!rWvhWw:WBpI}$oTrb tUNzRIwRc4Gy=R@xM[jM8i\Ti 0r]/tu hE1YM@etpeu#)?tDh9
823
CZmjaGW!sK3rt6cksyToviSi)5NUIkq(JLc?FFjDFl+mKriir5'Lp,OptG'm>Ehl^\?gh?r-Y:dPtihDqdRx_ZXixRyt{ra-!rWvhXw;WBpG~$oTrb rVNzRHvQc2Gw=P@yM[iN8i\Ti 0r].su hE1YL@etpev#)?tDh9
824
CZmjaGW!sK3rt6cksyToviSi)5NUIkq(JLc?FFjDFl+mKriir5'Lp,OptG'm>Ehl^\?gh?r-Y:dPtihDqdRx_ZXixRyt{ra-!rWvhXw;WBpG~$oTrb rVNzRHvQc2Gw=P@yM[iN9i\Ti 0r].su hE1YL@etpev#)?tDh9
825
CZmjaGW sK3st6cksyToviSi)5NUIkq(JLc?FFjDFl+mKriis5'Lp,OptG%m>Fhl^\?gh?r-Y:dPtihDqdRx`ZXixRyt{ra.!rWvhXw;WBpG~$oTrb rVNzRHvQc2Gw=P@yM[iN8i\Ti 0r].su hE1YL@etpev#)?tDh9
826
CZmjaGW sK3st6cksyToviSi)5NUIkq(JLc?FFjDFl+mKriis5'Lp,OptG%m>Fhl^\?gh?r-Y:dPtihDqdRx`ZXixRyt{ra.!rWvhXw;WBpG~$oTrb rVNzRHvQc2Gw=P@yM[iN8i\Ti 0r].su hE1YL@etpev#)?tDh9
827
CZmjaGW!sK3rt6cksyToviSi)5NUIkq(JLc?FFjDFl+mKriir5'Lp,OptG'm>Ehl^\?gh?r-Y:dOtihDrdRx_ZXixRyt{ra-!rWvhXw;WBpG~$oTrb rVNzRHvQc2Gw=P@yM[iN9i\Ti 0r].su hE1YL@etpev#)?tDh9
828
CZmjaGW!sK3rt6cksyToviSi)5NUIkq(JLc?FFjDFl+mKriir5'Lp,OptG'm>Ehl^\?gh?r-Y:dOtihDrdRx_ZXixRyt{ra-!rWvhXw;WBpG~$oTrb rVNzRHvQc2Gw=P@yM[iN9i\Ti 0r].su hE1YL@etpev#)?tDh9
829
CZmjaGW!sK3rt6cksyToviSi)5NUIkq(JLc?FFjDFl+mKriir5'Lp,OptG'm>Ehl^\?gh?r-Y:dOtihDrdRx_ZXixRyt{ra-!rWvhXw;WBpG~$oTrb rVNzRHvQc2Gw=P@yM[iN9i\Ti 0r].su hE1YL@etpev#)?tDh9
830
CZmjaGW!sK3rt7cksyToviSi)5NUIkq(JLc?FFjDFl+mKriir5'Lp,OptG'm>Ehl^\?gh?r-Y:dPtihDqdRx_ZXixRyt{ra-"rWvhYw;WBpG~$oTrb rVNzRHvQc2Gw=P@yM[iN8i\Ti 0r].su hE1YL@etpev#*?tDh9
831
CZmjaGW!sK3rt7cksyToviSi)5MUIkq)JLc?FFjDFl+mKriis5'Lp,OptG%m>Ehl^\?gh@r-X:dPtihDqdRw_ZXixRyt{ra-!rWvhXw;WBpG~$oTrb rVOzRHvQc2Gv=Q@yM[iN8i\Ti 0r].su hE1YL@etpev#)?tDh9
832
CZmjaGW!sK3rt7dksyToviSi)5MUIkq)JLc?FFjDFl+mKriis5'Lp,OptG%m>Ehl^\?gh@r-X:dPtihDqdRw_ZXixRyt{ra-!rWvhXw;WBpG~$oTrb rVOzRHvQc2Gv=Q@yM[iN8i\Ti 0r].su hE1YL@etpev#)?tDh9
833
CZmjaGW!sK3rt7dksyToviSi)5MUIkq)JLc?FFjDFl+mKriis5'Lp,OptG%m>Ehl^\?gh@r-X:dPtihDqdRw_ZXixRyt{ra-!rWvhXw;WBpG~$oTrb rVOzRHvQc2Gv=Q@yM[iN8i\Ti 0r].su hE1YL@etpev#)?tDh9
834
CZmjaGW!sK3rt7dksyToviSi)5MUIkq)JLc?FFjDFl+mKriis5'Lp,OptG%m>Ehk^\?gh@r-X:dPtihDqdRw_ZXixRyt{ra-!rWvhXw;WBpG~$oTrb rVOzRHvQc2Gv=Q@yM[iN8i\Ti 0r].su hE1YL@etpev#)?tDh9
835
CZmjaGW!sK3rt7dksyToviSi)5MUIkq)JLc?FFjDFl+mKriis5'Lp,OptG%m>Ehk^\?gh@r-X:dPtihDqdRw_ZXixRyt{ra-!rWvhXw;WBpG}$oTrb rVOzRHvQc2Gv=Q@yM[iN8i\Ti 0r].su hE1YL@etpev#)?tDh9
836
CZmjaGW!sK3rt7dksyToviSi)5MUIkq)JLc?FFjDFl+mKriis5'Lp,OptG%m>Ehk^\?gh@r-X:dPtihDqdRw_ZXixRyt{ra-!rWvhXw;WBpG}$oTrb rVOzRHvQc2Gv=Q@yM[iN8i\Ti 0r].su hE1YL@etpev#)?tDh9
837
CZmjaGW!sK3rt7dksyToviSi)5MUIkq)JLc?FFjDFl+mKriis5'Lp,OptG%m>Ehk^\?gh@r-X:dPtihDqdRw_ZYixRyt{ra-!rWvhXw;WBpG}$oTrb rVOzRHvQc2Gv=Q@yM[iN8i\Ti 0r].su hE1YL@etpev#)?tDh9
838
CZmjaGW tK3st5cksyToviSi)5NUIkq(JLc?FFjDFl+mKriis5'Lo,OptG%m>Fhk^\?gh?r-Y:dPtihDqdRx`ZXiwRyt{ra.!rWvhYw;WBpG}$oTrb rVNzRHvQc2Gw=P@xM[iN9i\Ui 0r].su hE1YLAetpev#)?tDh9
839
CZmjaGW tK3st5cksyToviSi)5NUIkq(JLc?FFjDFl+mKriis5'Lo,OptG%m>Fhk^\?gh?r-Y:dPtihDqdRx`ZXiwRyt{ra.!rWvhYw;WBpG}$oTrb rVNzRHvQc2Gw=P@xM[iN9i\Ui 0r].su hE1YLAetpev#)?tDh9
840
CZmjaGW!sK3rt6cksxToviSi)5NUIlq)JLc?FFjEFl+kKriir5'Mp,OptG%m>Ehl^\?gh?r-X:dPtihDqdRx_ZXixRytzra-"rWvhXw;WBpG}$oTrb rVNzRHvQc2Gw=P@yM[hN8i\Ti 1r].su hF1YL@etpeu")@sDh9
841
BZmjbGX tJ3st7bksxUowjSi(6NWIlp(LNa@HFiDEl+nKrijs4)Mp+OotH%o;Dhl]^>gh?q,Z9cPthiDseSy_XWiyRyt|ra/"rYviWv;WCpH{%oTsb rUMxTIwRa2Gv<P@zK\hO;j]Si 2r^.su iE0YL@etpex")?uDh8
842
CZmjaGW!sK3st6cksxToviSi)5NUIlq)JLc?FFjEFl+kKriir5'Mp,OptG%m>Ehl^\?gh?r-X:dPtihDqdRx_ZXixRytzra-"rWvhXw;WBpG}$oTrc rVNzRHvQc2Gw=P@yM[hN8i\Ti 1r].su hF1YL@etpeu")@sDh9
843
CZmjaGW!sK3st6cksxToviSi)5NUIlq)JLc?FFjEFl+kKriir5'Mp,OptG%m>Ehl^\?gh?r-X:dPtihDqdRx_ZXixRytzra-"rWvhXw;WBpG}$oTrc rVNzRHvQc2Gw=P@yM[hN8i\Ti 1r].su hF1YL@etpeu")@sDh9
844
CZmjaGW!sK3ss6cksxToviSi)5NUIlq*JLc?FFjEFl+kKriir5'Mp,OptG%m>Ehl^\?gh?r-X:dPtigDqdRx_ZXixRytzra-"rWvhXw;WBpG}$oTrb rVNzRHvQc2Gw=P@yM[hN9i\Ti 1r].su hF1YL@etpeu")@sDh9
845
CZmjaGW!sK3ss6cksxToviSi)5NUIlq*JLc?FFjEFl+kKriir5'Mp,OptG%m>Ehl^\?gh?r-X:dPtigDqdRx_ZXixRytzra-"rWvhXw;WBpG}$oTrb rVNzRHvQc2Gw=P@yM[hN9i\Ti 1r].su hF1YL@etpeu")@sDh9
846
CZmjaGW!sK3ss6cksxToviSi)5NUIlq*JLc?FFjEFl+kKriir5'Mp,OptG%m>Ehl^\?gh?r-X:dPtigDqdRx_ZXixRytzra-"rWvhXw;WBpG}$oTrb rVNzRHvQc2Gw=P@yM[hN9i\Ti 1r].su hF1YL@etpeu")@sDh9
847
CZmjaGW!sK3ss6cksxToviSi)5NUIlq*JLc?FFjEFl+kKriir5'Mp,OptG%m>Ehl^\?gh?r-X:dPtigDqdRx_ZXixRytzra-"rWvhXw;WBpG}$oTrb rVNzRHvQc2Gw=Q@yM[hN9i\Ti 1r].su hF1YL@etpeu")@sDh9
848
CZmjaGW!sK3ss6cksxToviSi)5NUIlq*JLc?FFjEFl+kKriir5'Mp,OptG%m>Ehl^\?gh?r-X:dPtigDqdRx_ZXixRytzra-"rWvhXw;WBpG}$oTrb rVNzRHvQc2Gw=Q@yM[hN9i\Ti 1r].su hF1YL@etpeu")@sDh9
849
BZmjbGX tJ3ts7bksxUowjTi(6NWIlp(KNa@HFiDEl+nKrijs4)Mp+OotH%o;Dhl]]]]><![CDATA[>gh?q,Z9cPshiDseSy_XWiyRyt|ra/"rYviXu;WCpH{%oTsb rUNxTIwRa2Gv<P@zK\hO;j]Si 2r^.su iE0YL@etoex")?uDh8
850
BZmjbGX tJ3ts7bksxUowjTi(6NWIlp(KNa@HFiDEl+nLrijs4)Mp+OotH%o;Dhl]]]]><![CDATA[>gh?q,Z9cPshiDseSy_XWiyRyt|ra/"rYviXu;WCpH{%oTsb rUNxTIwRa2Gv<P@zK\hO;j]Si 2r^.tu iE0YL@etoex")?uDh8
851
BZmjbGX tJ3ts7bksxUowjTi(6NWIlp(KNa@HFiDEl+nLrijs4)Mp+OotH%o;Dhl]]]]><![CDATA[>gh?q,Z9cPshiDseSy_XWiyRyt|ra/"rYviXu;WCpH{%oTsb rUNxTIwRa2Gv<P@zK\hO;j]Si 2r^.tu iE0YL@etoex")?uDh8
852
BZmjbGX tJ3ts7bksxUowjTi(6NWIlp(KNa@HFiDEl+nLrijs4)Mp+OotH%o;Dhl]]]]><![CDATA[>gh?q,Z9cPshiDseSy_XWiyRyt|ra/"rYviXu;WCpH{%oTsb rUNxTIwRa2Gv<P@zK\hO;j]Si 2r^.tu iE0YL@etoex")?uDh8
853
BZmjbGX tJ3ts7bksxUowjTi(6NWIlp(KNa@HFiDEl+nLrijs4)Mp+OotH%o;Dhl]]]]><![CDATA[>gh?q,Z9cPshiDsfSy_XWiyRyt|ra/"rYviXu;WCpH{&oTsb rUNxTIwRa2Gv<P@zK\hO;j]Si 2r^.tu iE0YL@etoex")?uDh8
854
BZmjbGX tJ3ts7bksxUowjTi(6NWIlp(KNa@HFiDEl+nLrijs4)Mp+OotH%o:Dhl]]]]><![CDATA[>gh?q,Z9cPshiDsfSy_XWiyRyt{ra/"rYviXu;WCpH{&oTsb rUNxTIwRa2Gv<P@zK\hO;j]Si 2r^.tu iE0YL@etoex")?uDh8
855
BZmjbGX tJ3ts7bksxUowjTi(6NWIlp(KNa@HFiDEl+nLrijs4)Mp+OotH%o:Dhl]]]]><![CDATA[>gh?q,Z9cPshiDsfSy_XWiyRyt{ra/"rYviXu;WCpH{&oTsb rUNxTIwRa2Gv<P@zK\hO;j]Si 2r^.tu iE0YL@etoex")?uDh8
856
BZmjbGX tJ3ts7bksxUowjUi(6NWIlo(KOa@HFiDEl+nLrijs4)Mp+OotH%o;Dhl]]]]><![CDATA[>gh?q,Z9cPshiDsfSy_XWiyRyt|ra/"rYviXu;WCpH{&oSsb rUNxTIwRa2Gv<P@zK\hO;j]Si 2r^.tu iE0YL@euoex")?uDh8
857
BZmjbGX tJ3ts7bksxUowjUi(6NWIlo(KOa@HFiDEl+nLrijs4)Mp+OotH%o;Dhl]]]]><![CDATA[>gh?q,Z9cPshiDsfSy_XWiyRyt|ra/"rYviXu;WCpH{&oSsb rUNxTIwRa2Gv<P@zK\hO;j]Si 2r^.tu iE0YL@euoex")?uDh8
858
BZmjbGX tJ3ts7bksxUowjUi(6NWIlo(KOa@HFiDEl+nLrijs4)Mp+OotH%o;Dhl]]]]><![CDATA[>gh?q,Z9cPshiDsfSy_XWiyRyt|ra/"rYviXu;WCpH{&oSsb rUNxTIwRa2Gv<P@zK\hO;j]Si 2r^.tu iE0YLAeuoex")?uDh8
859
BZmjbGX tJ3ts7bksxUowjUi(6NWIlo(KOa@HFiDEl+nLrijs4)Mp+OotH%o;Dhl]]]]><![CDATA[>gh?q,Z9cPshiDsfSy_XWiyRyt|ra/"rYviXu;WCpH{&oSsb rUNxTIwRa2Gv<P@zK\hO;j]Si 2r^.tu iE0YLAeuoex")?uDh8
860
BZmjbGX tJ3ts7bksxUowjUi(6NWIlo(KOa@HFiDEl+nLrijs4)Mp+OotH%o;Dhl]]]]><![CDATA[>gh?q,Z9cPshiDsfSy_XWiyRyt|ra/"rYviXu;WCpH{&oSsb rUNxTIwRa2Gv<P@zK\hO;j]Si 2r^.tu iE0YLAeuoew")?uDh8
861
BZmjbGX tJ3ts7bksxUowjUi(6NWIlo(KOa@HFiDEl+nLrijs4)Mp+OotH%o;Dhl\]>gh?q,Z9cPshiDsfSy_XWiyRyt|ra/"rYviXu;WCpH{&oSsb rUNxTIwRa2Gv<P@zK\hO;j]Si 2r^.tu iE0YLAeuoew")?uDh8
862
BZmjbGX tJ3ts7bksxUowjUi(6NWIlo(KOa@HFiDEl+nLrijs4)Mp+OotH%o;Dhl\]>gh?q,Z9cPshiDsfSy_XWiyRyt|ra/"rYviXu;WCpH{&oSsb rUNxTIwRa2Gv<P@zK\hO;j]Si 2r^.tu iE0YLAeuoew")?uDh8
863
BZmjbGX tJ3ts7bksxUowjUi(7NWIlo(KOa@HFiDEl+nLrijs4)Lp+OotH%o;Dhl]]]]><![CDATA[>gh?q,Z9cPshiDsfSy_XWiyRyt|ra/"rZviXu;WCpI{&oSsb rUNxTIwRa2Gv<P@zK\gO;j]Si 2r^.tu iE0YL@euoex")?uDh8
864
BZmjbGX tJ3ts7bksxUowjUi(7NWIlo(KOa@HFiDEl+nLrijs4)Lp+OotH%o;Dhl]]]]><![CDATA[>gh?q,Z9cPshiDsfSy_XWiyRyt|ra/"rZviXu;WCpI{&oSsb rUNxTIwRa2Gv<P@zK\gO;j]Si 2r^.tu iE0YL@euoex")?uDh8
865
BZmjbGX tJ3ts7bjsxUowjUi(6NXIlo(KOa@HFiDEl+nLrijs4)Mp+OotH%o;Dhl]^>gh?q,Z9cPshhDsfSy_XWiyRyt|ra0"rYviXu;WCpH{&oSsb rUNxTHwRa2Gv<P@zK\hN;j^Si 2r^.tu iE0YL@euoex")?uDh8
866
BZmjbGX tJ3ts7bjsxUowjUi(6NWIlo(KOa@HFiDEl+nLrijs4)Mp+OotI%o;Dhl]^>gh?q,Z:cPshiDsfSy_XXiyRyt|ra/"rYviXu;WBpH{&oSsb rUNxTIwRa2Gv<P@zK\hO;j]Si 2r^.tu iE0YL@euoex")?uDh8
867
BZmjbGX tJ3ts7bjsxUowjUi(6NXIlo(KOa@HFiDEl+nLrijs4)Mp+OotH%o;Dhl]^>gh?q,Z9cPshhDsfSy_XWiyRyt|ra0"rYviXu;WCpH{&oSsb rUNxTHwRa2Gu<P@zK\hN;j^Si 2r^.tu iE0YL@euoex")?uDh8
868
BZmjbGX tJ3ts7bjsxUowjUi(6NXIlo(KOa@HFiDEl+nLrijs4)Mp+OotH%o;Dhl]^>gh?q,Z9cPshhDsfSy_XWiyRyt|ra0"rYviXu;WCpH{&oSsb rUNxTHwRa2Gu<P@zK\hN;j^Si 2r^.tu iE0YL@euoex")?uDh8
869
BZmjbGX tJ3ts7bjsxUowjUi(6NXIlo(KOa@HFiDEl+nLrijs4)Mp+OotH%o;Dhl]^>gh?q,Z9cPshhDsfSy_XWiyRyt|ra0"rYviXu;WCpH{&oSsb rUNxTHwRa2Gu<P@zK\hN;j^Si 2r^.tu iE0YL@euoew")?uDh8
870
BZmjbGX tJ3ts7bksxUowjTi(6NWIlp(JNa@HFjDEl+nLrijs4*Mp+OotH%o:Dhl]]]]><![CDATA[>gh?q,Z9cPthiDsfSy_XWiyRyt{ra/"rYviXu;WCpHz&oTsb rUNxTIvRa2Gv=P@yK\hO;k]Si!3r^/tu iE0YL@etoex")?uDh8
871
BZmjbGX tJ3ts7bksxUowjTi(6NWIlp(JNa@HFjDEl+nLrijs4*Mp+OotH%o:Dhl]]]]><![CDATA[>gh?q,Z9cPthiDsfSy_XWiyRyt{ra/"rYviXu;WCpHz&oTsb rUNxTIvRa2Gv=P@yK\hO;k]Si!3r^/tu iE0YL@etoex")?uDh8
872
BZmjbGY tJ3ts7bksxUowjTi)6NWIlp(KNa@HFjDEl+nLrijs4*Mp+OotH%o:Dhl]]]]><![CDATA[>gh?q,Z9cPthiDsfSy_XWiySyt{ra/"rYuiXu;WCpH{&oTsb rUNxTIuRa2Gv=P@zK\hO;j]Si!3r^/tu iE0YL@etoex")?uDh8
873
BZmjbGY tJ3ts7bksxUowjTi)6NWIlp(KNa@HFjEEl+nLrijs4*Mp+OotH%o:Dhl]]]]><![CDATA[>gh?q,Z9cPthiDsfSy_XWiySyt{ra/"rYuiXu;WCpH{&oTsb rUNxTIuRa2Gv=P@zK\hO;j]Si!3r^/tu iE0YL@etoex")?uDh8
874
BZmjbGY tJ3ts7bksxUowjTi)6NWIlp(KNa@HFjEEl+nLrijs4*Mp+OotH%o:Dhk]]]]><![CDATA[>gh?q,Z9cPthiDsfSy_XWiySyt{ra/"rYuiXu;WCpH{&oTsb rUNxSIuRa2Gv=P@zK\hO;j]Si!3r^/tu iE0YL@etoex")?uDh8
875
BZmjbGY tJ3tr7bksxUowjTi)6NWIlp(KNa@HFjEEl+nLrijs4*Mp+OotH%o:Dhk]]]]><![CDATA[>gh?q,Z9cPthiDsfSy_XWiySyt{ra/"rYuiXu;WCpH{&oTsb rUNxSIuRa2Gv=P@zK\hO;j]Sj!3r^/tu iE0YL@etoex")?uDh8
876
BZmjbGY tJ3tr7bksxUowjTi)6NWIlp(KNa@HFjEEl+nLrijs4*Mp+OotH%o:Dhk]]]]><![CDATA[>gh?q,Z9cPthiDsfSy_XWiySyt{ra/"rYuiXu;WCpH{&oTsb rUNxSIuRa2Gv=P@zK\hO;j]Sj!3r^/tu iE0YL@etoex")?uDh8
877
BZmjbGY tJ3ts7bksxUowjTi(6NWIlp(KNaAHFjDEl+nLrijs4*Mp+OotH%o:Dhl]]]]><![CDATA[>gh?q,Z9cPthiDsgSy_XWhyRyt{ra/"rYviXu;WCpH{&oSsb rUNwTIvRa3Gv=P@zK\hO<j^Si!3r^/tu iE0YL@etoex")?uDh8
878
BZmjbGY tJ3ts7bksxUowjTi(6NWIlp(KNaAHFjDEl+nLrijs4*Mp+OotH%o:Dhl]]]]><![CDATA[>gh?q,Z9cPthiDsgSy_XWhyRyt{ra/"rYviXu;WCpH{&pSsb rUNwTIvRa3Gv=P@zK\hO<j^Si!3r^/tu iE0YL@etoex")?uDh8
879
BZmjbGY tJ3ts7bksxUowjTi(6NWIlp(KNaAHFjDEl+nLrijs4*Mp+OotH%o:Dhl]]]]><![CDATA[>gh?q,Z9cPthiDsgSy_XWhyRyt{ra/"rYviXu;WCpH{&pSsb rUNwTIvRa3Gv=P@zK\hO<j^Si!3r^/tu iE0YL@etoex")?uDh8
880
BZmjbGY tJ3ts7bksxUowjTi(6NWIlp(KNaAHFjDEl+nLrijs4*Mp+OotH%o:Dhl]]]]><![CDATA[>gh?r,Z9cPthiDsgSy_XWhyRyt{ra/"rYviXu;WCpH{&pSsb rUNwSIvRa3Gv=P@zK\hO<j^Si!3r^/tu iE0YL@etoex")?uDh8
881
B[mjbGX tJ4ts7bksxUowjTi(6NXIlp(KNa@HFjDEl+nLrjjs4+Mp+OotI%n:Ehl]]]]><![CDATA[>gh@q,Z8cPshiDsgSy_YWhxRyt{ra/#rYviXu;WCpH{&oTsc qUNxTIwRa2Gu=P@zK\hO<j]Si!2r^/tu iE0YM@etoex")?uDh8
882
B[mjbGX tJ4ts7bksxUowjTi(6NXIlp(KNa@HFjDEl+nLrjjs4+Mp+OotI%n:Ehl]]]]><![CDATA[>gh@q,Z8cPshiDsgSy_YWhxRyt{ra/#rYviXu;WCpH{&oTsc qUNxTIwRa2Gu=P@zK\hO<j]Si!2r^/tu iE0YM@etoex")?uDh8
883
B[mjbGX tJ4ts7bksxUowjTi(6NXIlp(KNa@HFjDEl+nLrjjs4+Mp+OotI%n:Ehl]]]]><![CDATA[>gh@q,Z8cPshhDsgSy_YWhxRyt{ra/#rYviXu;WCpH{&oTsc qUNxTIwRa2Gu=P@zK\hO<j]Si!2r^/tu iE0YM@etoex")?uDh8
884
AZmjcGX tJ4ts7bksxUowjTi(6NXIlp(KNa@HEjDEl+nLrjjs5*Mp+OntH&n:Dhl]]]]><![CDATA[>ghAq-Z8cPshiDsgSy_XXiyRytzra/#rYviXu;WCpH{&oTsc rUNxTIwRa2Gv=P@zK\hO;j]Sj!2r^/tu iE0YN@etoex")?uDh8
885
AZmjcGX tJ4ts7bksxUowjTi(6NXIlp(KNa@HEjDEl+nLrjjs5*Mp+OntH&n:Dhl]]]]><![CDATA[>ghAq-Z8cPshiDsgSy_XXiyRytzra/#rYviXu;WCpH{&oSsc rUNxTIwRa2Gv=P@zK\hO;j]Sj!2r^/tu iE0YN@etoex")?uDh8
886
AZmjcGX tJ4ts7bksxUowjTi(6NXIlp(JNa@HEjDEl+nLrjjs5*Mp+OntH&n:Dhl]]]]><![CDATA[>ghAq-Z8cPshiDsgSy_XXiyRytzra/#rYviXu;WCpH{&oSsc rUNxTIwRa2Gv=P@zK\hO;j]Sj!2r^/tu iE0YN@etoex")?uDh8
887
AZmjcGX tJ4ts7bksxUowjTi(6NXIlp(JNa@HEjDEl+nLrjjs5*Mp+OntH&n:Dhl]]]]><![CDATA[>ghAq-Z8cPshiDsgSy_XXiyRytzra/#rYviXu;WCpH{&oSsc rUNxTIwRa2Gv=P@zK\hO;j]Sj!2r^/tu iE0YN@etoex")?uDh8
888
AZmjcGX tJ4ts7bksxUowjTi(6NXIlp(KNa@HEjDEl+nLrjjr5*Mp+OntH&n:Dhl]]]]><![CDATA[>ghAq-Z8cPshiDsgSy_XXiyRytzra/#rYviXt;WCpH{&oSsc rUNxTIwRa2Gv=P@zK\hO;j]Sj!2r^/tu iE0YN@etoex")?uDh8
889
AZljcGX tJ4ts7bksxUowjTi(6NXIlp(KNa@HEjDEl+nLrjjr5*Mp+OntH&n:Dhl]]]]><![CDATA[>ghAq-Z8cPshiDsgSy_XXiyRytzra/#rYviXt;WCpH{&oSsc rUNxTIwRa2Gv=P@zK\hO;j]Sj!2r^/tu iE0YN@etoex")?uDh8
890
AZljcGX tJ4ts7bksxUowjTi(6NXIlp(KNa@HEjDEl+nLrjjr5*Mp+OntH&n:Dhl]]]]><![CDATA[>ghAq-Z8cPshiDsgSy_XXiyRytzra/#rYviXt;WCpH{&oSsc rUNxTIwRa2Gv=P@zK\hO;j]Sj!2r^/tu iE0YN@etoex")?uDh8
891
AZmjeGX tJ4ts7bksxUowjTi(6NXIlp(KNb@HEjDFl+nLrjjs5*Mp+OntH&n:Dhl]]]]><![CDATA[>ghAq-Z8cPshiDsgSy_XXiyRytzra/#rYvhXu;WCpH{&oTsc rUNxTIvRa2Gv=P@zK\hO;j]Sj!2r^/tu iE0YM@etoex")?uDh8
892
AZmjeGX tJ4ts7bksxUowjTi(6NXIlp(KNb@HEjDFl+nLrjjs5*Mp+OntH&n:Dhl]]]]><![CDATA[>ghAq-Z8cPshiDsgSy_XXiyRytzra/#rYvhXu;WCpH{&oTsc rUNxTIvRa2Gv=P@zK\hO;j]Sj!2r^/tu iE0YM@etoex")?uDh8
893
AZmjeGX tJ3ts7bksxUowjTi(6NXIlp(KNb@HEjDFl+nLrjjs5*Mp+OntH&n:Dhl]]]]><![CDATA[>ghAq-Z8cPshiDsgSy_XXiyRytzra/#rYvhXu;WCpH{&oTsc rUNxTIvRa2Gv=P@zK\hO;j]Sj!2r^/tu iE0YM@etoex")?tDh8
894
BZmjbGY tJ3ts7bksxUowjTi(6NWIlp(KNaAGFjDEl+nLrijs4+Mp+OmtH%n:Dhl]]]]><![CDATA[>gh?r,Z9cPthiDshSy_XXhyRyt{ra/"rYvhYu;WBpH{&pSsb rWNwSIvRa3Gv=P@zK\hO<j^Si!3r^/tu iE/YL@euoex")?uDh8
895
BZmjbGY tJ3ts7bksxUowjTi(6NWIlp(KNaAGFjDEl+nLrijs5+Mp+OmtH%n:Dhl]]]]><![CDATA[>gh?r,Z9cPthiDshSy_XXhyRyt{ra/"rYvhYu;WBpH{&pSsb rWNwSIvRa3Gv=P@zK\hO<j^Si!3r^/tu iE/YL@euoex")?uDh8
896
BZmjbGY tJ3ts7bksxUowjTi(6NWIlp(KNaAGFjDEl+nLrijs5+Mp+OmtH%n:Dhl]]]]><![CDATA[>gh?r,Z9cPthiDshSy_XXhyRyt{ra/"rYvhYu;WBpH{&pSsb rWNwSIvRa3Gv=P@zK\hO<j^Si!3r^/tu iE/YL@euoex")?uDh8
897
AZljcGX tJ4ts7bksxUowjTi(6NXJlp(KNa@HEjDEl+nLrjjr5*Mp+OntH&n:Dhl]]]]><![CDATA[>ghAq-Z8cPshiDsgSy_XXiyRytzra/#rYviXt;WCpH{&oSsc rUNxTIwSa2Gv>P@zK\hO;j]Sj!2r^/tu iE/YN@etoex")?uDg8
898
BZmjbGY tJ3ts7bksxUovjTi(6NWIlp(KNaAGFjDEl+nLrijs5+Mp+OmtH%n:Dhl]]]]><![CDATA[>gh?r,Z9cPthiDshSy_XXhyRyt{ra/!rYvhYu;WBpH{&pSsb rWNwSIvRa3Gv=P@zK\hO<j^Si!3r^/tu iF/YL@euoex")?tDh8
899
BZmjbGY tJ3ts7bksxUovjTi(6NWIlp(KNaAGFjDEl+nLrijs5+Mp+OmtH%n:Dhl]]]]><![CDATA[>gh?r,Z9cPthiDshSy_XXhyRyt{ra/!rYvhYu;WBpH{&pSsb rWNwSIvRa3Gv=P@zK\hO<j^Si!3r^/tu iF/YL@euoex")?tDh8
900
AZmjeGX tJ3ts7bksxUowjTi(6NXIlp(KNb@HDjDFl+nLrjjs5+Mq+OntH&n:Dhl]]]]><![CDATA[>gh@q-Z8cPshiDsgSy_XXiyRytzra/#rYvhXt;WCpH{&oTsc qUNxTJvSa2Gv=P@zK\hO;j]Sj!3r^/tu iE0YMAetoex")?tDh8
901
AZmjeGX tJ3ts7bksxUowjTi(6NXIlp(KNb@HDjDFl+nLrjjs5+Mq+OntH&n:Dhl]]]]><![CDATA[>gh@q-Z8cPshiDsgSy_XXiyRytzra/#rYvhXt;WCpH{&oTsc qUNxTJvSa2Gv=P@zK\hO;j]Sj!3r^/tu iE0YMAetoex")?tDh8
902
AZmjeGX tJ3ts8bksxUowjTi(6NXIlp(KNb@HDjDFl+nLrjjs5+Mq+OntH&n:Dhl]]]]><![CDATA[>gh@q-Z8cPshiDsgSy_XXiyRytzra/#rYvhXt;WCpH{&oTsc qUNxTJvSa2Gv=P@zK\hO;j]Sj!3r^/tu iE0YMAetoex")?tDh8
903
AZmjeGX tJ3ts8bksxUowjTi(6NXIlp(KNb@HDjDFl+nLrjjs5+Mq+OntH&n:Dhl]]]]><![CDATA[>gh@r-Z8cPshiDsgSy_XXiyRytzra/#rYvhXt;WCpH{&oTsc qUNxTJvSa2Gv=P@zK\hO;j]Sj!3r^/tu iE0YMAetoex")?tDh8
904
AZmjeGX tJ3ts8bksxUowjTi(6NXIlp(KNb@HDjDFl+nLrjjs5+Mq+OntH&n:Dhl]]]]><![CDATA[>gh@r-Z8cPshiDsgSy_XXiyRytzra/#rYvhXt;WCpH{&oTsc qUNxTJvSa2Gv=P@zK\hO;j]Sj!3r^/tu iE0YMAetoex")?tDh8
905
AZmjeGX tJ3ts8bksxUowjTi(6NXIlp(KNb@HDjDFl+nLrjjs5+Mq+OntH&n:Dhl]]]]><![CDATA[>gh@r-Z8cPshiDsgTy_XXiyRytzra/#rYvhXt;WCpH{&oTsc qUNxTJvSa2Gv=P@zK\hO;j]Sj!3r^/tu iE0YMAetoex")?tDh8
906
AZlicGX tJ5ts7bksxUowjTi(6NXJlp(KNa@HEjEEl+nLqjjr5*Mp+OntH&n:Dhl]]]]><![CDATA[>ghBq-Z8cPshiCsgSy_XXiyRytzra/#rYviXt;WCpI{&oSsc rUNxTIwRa2Gv=P@zK\hO;j]Sj!2r^/tu jE/YNAesoex")?uDg8
907
AZmjeGX tJ3ts8bksxUowjTi(6NXIlp(KNb@HDjDFl+nLrjjs5+Mq+OntH&n:Dhl]]]]><![CDATA[>gh@r-Z8cPshiDsgSy_XXiyRytyra/#rZvhXt;WCpH{'oTsc qUNxTJvSa2Gv=P@zK\hO;j]Sj!3r^/tu iE0YMAetoex")?tDh8
908
AZmjeGX tJ3ts8bksxUowjTi(6NXIlp(KNb@HDjDFl+nLrjjs5+Mq+OntH&n:Dhl]]]]><![CDATA[>gh@r-Z8cPshiDsgSy_XXiyRytyra/#rZvhXt;WCpH{'oTsc qUNxTJvSa2Gv=P@zK\hO;j]Sj!3r^/tu iE0YMAetoex")?tDh8
909
BZmjbGY tJ3ts7bksxUowjTi(6MWIlp(KNaBGFjDEl,nLrijs5+Mp+OmtH%n:Dhl]]]]><![CDATA[>gh?r-Z9cPthiDthSy_XXhyRyt{ra/#rYvhYu;WBpH{&pSrb rWNwSKvRa3Gv=P@zL\hO<j^Si!3r^/tu iE/YL@euoex")@uDh8
910
BZmjbHZ tJ3ts7ckswUowjTi(6NWIlp(KNaAHFjDEl+nLrijs4+Mp+OntH%n:Dhl]]]]><![CDATA[>gh?r,Z9cPthhDshSy`XXhyRyt{ra/"rYuhXu;WCpH{(pSsb rVNwSIvRa3Hv=P@zK\hO<j^Si 3r^/tu iE0YL@etoew")?tEh8
911
AZmjeGX tJ3ts8bjsxUowjTi(6NXIlp(KNb@HDjDFl+nLrjjs5+Lq+OntH&n:Dhl]]]]><![CDATA[>gh@r-Z8cPshiDsgSy_XXiyRytyra/#rZvhXt;XCpH{'oTsc qUNxTJvSa2Gv=P@zK\hO;j]Sj!3r^/tu iE0YMAetoex")?tDh8
912
BZmjbGY tJ3us7bksxUowjTi(6MWIlp(KNaBGFjDEl,nLrijs5+Mp+OmtH%n:Dhl]]]]><![CDATA[>gh?r-Z9cPthiDthSy_XXhyRyt{ra/#rYvhYu;WBpH{&pSrb rWNwSKvRa3Gv=P@zL]hO<j^Si!3r^/tu iE.YL@euoex")@uDh8
913
BZmjbGY tJ3us7bksxUowjTi(6MWIlp(KNaBGFjDEl,nLrijs5+Mp+OmtH%n:Dhl]]]]><![CDATA[>gh?r-Z9cPthiDthSy_XXhyRyt{ra/#rYvhYu;WBpH{&pSrb rWNwSKvRa3Gv=P@zL]hO<j^Si!3r^/tu iE.YL@euoex")@uDh8
914
BZmjbGY tJ3us7bksxUowjTi(6MWIlp(KNaBGFjDEl,nLrijs5+Mp+OmtH%n:Dhl]]]]><![CDATA[>gh?r-Z9cPthiDthSy_XXhyRyt{ra/#rYvhYu;WBpH{&pSrb rWNwSKvRa3Gv=P@zL]hO<j^Si!3r^/tu iE.YL@euoex")@uDh8
915
BZmjbGY tJ3us7bksxUowjTi(6MWIlp(KNaBGFjDEl,nLriis5+Mp+OmtH%n:Dhl]]]]><![CDATA[>gh?r-Z9cPthiDthSy_XXhyRyt{ra/#rYvhYu;WBpH{&pSrb rWNwSKvRa3Gv=P@zL]hO<j^Si!3r^/tu iE.YL@euoex")@uDh8
916
AZmjeGX tJ3ts8bksxVowjTi(6NXJlp(KNb@HDjEFl+nLrijs5+Mq+OntH&n:Dhl]]?gh@r-Z8cPshiDsgSy_XXiyRytyra/#rYvhXt;WCpH{&oTsc qUNxTJvSa3Hv=P@zK\hO;j^Sj!3r^/tu iE0YMAetoex")?tDh8
917
AZmjeGX tJ3ts8bksxVowjTi(6NXJlp(KNb@HDjEFl+nLrijs5+Mq+OntH&n:Dhl]]?gh@r-Z8cPshiDsgSy_XXiyRytyra/#rYvhXt;WCpH{&oTsc qUNxTJvSa3Hv=P@zK\hO;j^Sj!3r^/tu iE0YMAetoex")?tDh8
918
BZmjbGZ tJ3ts8ckswUoujTi(6NWIlp(KNaAGFjEEl,nLrijs5+Mp+OmtH%n:Dhl]]]]><![CDATA[>gh?r,Z9cPthiDshSy_XXhyRytyra/!rYvhYu;WBpH{&pSsb rWNwSIvRa3Gv=PAzK\hO=j^Si!3r^/tu iF.YL@eunex")?tDh8
919
BZmjbGY tJ4ts7bksxUowjTi(6MWIlp(KNbBGFjDEl,nMrijs5+Mp+OltH%n9Dhl]]]]><![CDATA[>gh?r-Z9cPthiDshSy_XXhyRyt{ra/#rYvhYt;WBpH{&pSsb rWNwSKvRa3Gv=P@zL\hN<j^Si!3r^/tu iE/YL@euoex")@uDh8
920
BZmjbGY tJ4ts7bksxUowjTi(6MWIlp(KNbBGFjDEl,nMrijs5+Mp+OltH%n9Dhl]]]]><![CDATA[>fh?r-Z9cPthiDshSy_XXhyRyt{ra/#rYvhYt;WBpH{&pSsb rWNwSKuRa3Gv=P@zL\hN<j^Si!3r^/tu iE/YL@euoex")@uDh8
921
AZmjeGX tJ3ts8bjsxUowjTi(6NXIlp(KNb@HDkDFl+mLrjjs5+Lq+OntH&n:Dhl\]>gh@r-Z8cPshiDsgSy_XXiyRytyra/#rZuhXt;XCpH{'pTsc pUNxTJvSa2Gv=P@zK\hO;j]Sj!3r^/tt iE0YMAetoex")?tDh8
922
AZmjeGX tJ3ts8bjsxUowjTi(6NXIlp(KNb@HDkDFl+mLrjjs5+Lq+OntH&n:Dhl\]>gh@r-Z8cPshiDsgSy_XXiyRytyra/#rZuhXt;XCpH{'pTsc pUNxTJvSa2Gv=P@zK\hO;j]Sj!3r^/tt iE0YMAetoex")?tDh8
923
AZmjeGX tJ3ts8bjsxUowjTi(6NXIlp(KNb@HDkDFl+mLrjjs5+Lq+OntH&n:Dhl\]>gh@r-Z8cPshiDsgSy_XXiyRytyra/#rZuhXt;XCpH{'pTsc pUNwTJvSa2Gv=PAzK\hO;j]Sj!3r^/tt iE0YMAetoex")?tDh8
924
AZmjeGX tJ3ts8bjsxUowjTi(6NXIlp(KNb@HDkDFl+mLrjjs5+Lq+OntH&n:Dhl\]>gh@r-Z8cPshiDsgSy_XXiyRytyra/#rZuhXt;XCpH{'pTsc pUNwTJvSa2Gv=PAzK\hO;j]Sj!3r^/tt iE0YMAetoex")?tDh8
925
AYljeGX tJ3ts8bksxUowjTi(6MXIlo(KNb@HDjEFl+nLrjjs5+Mp+OntH&m:Dhk]]?gh@r-Z8cPshiDshSy_XZiyRytyra/#rYvhYs;WCpH{&pTsc qUNxTJvSa3Gv=P@zK\gO;j]Sj!3r^/tu iE0YMAetoex")?tDh8
926
AYljeGX tJ3ts8bksxUowjTi(6MXIlo(KNb@HDjEFl+nLrjjs5+Mp+OntH&m:Dhk]]?gh@r-Z8cPshiDshSy_XZiyRytyra/#rYvhYs;WCpH{&pTsc qUNxTJvSa3Gv=P@zK\gO;j]Sj!3r^/tu iE0YMAetoex")?tDh8
927
AYljeGX tJ3ts8bksxUowjTi(6MXIlo(KNb@HDjEFl+nLrjjs5+Mp+OntH&m:Dhk]]?gh@r-Z8cPshiDshSy_XZiyRytyra/#rYvhYs;WCpH{&pTsc qUNxTJvSa3Gv=P@zK\gO;j]Sj!3r^/tu iE0YMAetoex")?tDh8
928
AZmjeGX tJ3ts8bksxVowjTi(6NYJlp(KNb@HDjEFl+nMrijs5+Mq+OntH'n:Dhl]]?gh@r-Z8cPshiDsgSy_XYiyRytyra/#rYvhXt;WCpH{&oTsc qUNxSJvSa3Hv=Q@zK\hO;j^Sj!3r^0tu iE0YMAetoex")?sDh8
929
AZmjeGX tJ3ts8bksxVowjTi(6NYJlp(KNb@HDjEFl+nMrijs5+Mq+OntH'n:Dhl]]?gh@r-Z8cPshiDsgSy_XYiyRytyra/#rYvhXt;WCpH{&oTsc qUNxSJvSa3Hv=Q@zK\hO;j^Sj!3r^0tu iE0YMAetoex")?sDh8
930
AZmjeGX tJ3ts8bjrxUowjTi(6NYIlp(KNb@HDkDFl,mLrjjs5,Lq+OntH&n:Dhl\]>gh@r-Z8cPshiDsgSy_XXiyRytyra/#rZuhXt;XCpH{'pTsc pUNxTJvSa2Gv=P@zK\hO;j]Sj!3r^/tt iE0YMAetoex")@tDh8
931
AYljeGX tK3ts8bksxUowjTi)6MXIlo(KNb@HDjEFl+nLrjjs5+Mp+OntH&m:Ehk]]?gh@r-Z8cPshiDshSy_XZiyRytyra/#rYvhYs;WCpH{&pTsc qUNxTJvSa3Gv=P@zK\gO;j]Sj!3r^/tu iE0YMAetoex")?tDh8
932
AYljeGX tK3ts8bksxUowjTi)6MXIlo(KNb@HDjEFl+nLrjjs5+Mp+OntH&m:Ehk]]?gh@r-Z8cPshiDshSy_XZiyRytyra/#rYvhYs;WCpH{&pTsc qUNxTJvSa3Gv=P@zK\gO;j]Sj!3r^/tu iE0YMAetoex")?tDh8
933
AZmjeGX tJ3ts8bjsxUowjTi(6MXIlp(KNc@HDlDFl+mLrjjs5+Lq+OntH&n:Dhl\]>gh@r-Z8cPshiDshSy_XXiyRytyra/#rZthXt;XCpH{'pTsc pUNxTJvSa2Gv=Q@zK\hO;j]Sj!3r^0tt iF0YMAetoex")?tDh8
934
AZmjeGX tJ3ts8bjsxUowjTi(6MXIlp(KNc@HDlDFl+mLrjjs5+Lq,OntH&n:Dhl\]>gh@r-Z8cPshiDshSy_XXiyRytyra/#rZthXt;XCpH{'pTsc pUNxTJvSa2Gv=Q@zK\hO;j]Sj!3r^0tt iF0YMAetoex")?tDh8
935
AZmjeGX tJ3ts8bjsxUowjTi(6MXIlp(KNc@HDlDFl+mLrjjs5+Lq,OntH&n:Dhl\]>gh@r-Z8cPshiDshSy_XXiyRytyra/#rZthXt;XCpH{'pTsc pUNxTJuSa2Gv=Q@zK\hO;j]Sj!3r^0tt iF0YMAetoex")?tDh8
936
AZmjeGX tJ3ts8bjsxUowjTi(6MXIlp(KNc@HDlDFl+mLrjjs5+Lq,OntH&n:Dhl\]>gh@r-Z8cPshiDshSy_XXiyRytyra/#rZthXt;XCpH{'pTsc pUNxTJuSa2Gv=Q@zK\hO;j]Sj!3r^0tt iF0YMAetoex")?tDh8
937
AZmjeGX tJ3ts8bjsxUowjTi(6MXIlp(KNc@HDlDFl+mLrjjs5+Lq,OntH&n:Dhl\]>gh@r-Z8cPshiDshSy_XXiyRytyra/#rZthXt;XCpH{'pTsc pUNxTJuSa2Gv=Q@zK\hO;j]Sj!3r^0tt iF0YMAetoex")?tDh8
938
AYmjeGY tJ3us9bksxUowjTi(6MXIlo(KNb@HDjEFl+mMrjjs5+Mp+OmtH&n:Dhk\]?gh@r-Z8cPshiDsgSy_YXhyRytzra/#rYvhXs<WCpI{&oTsb qUNxTJvSa3Hv=P@zK\gO;j]Sj!4r^/tu iE0YOAetoex#)?tDh7
939
AZmjeGX tJ3ts8bjsxUowjTi(6MXIlp)KNc@HDlDFl+mLrjjs5+Lq,OntH&n:Dhl\]>gh@r-Z8cPshiDshSy_XXiyRytyra/#rZthXt;XCpH{'pTsc oUNxSJvSa2Gv=Q@zK\hO;j]Sj!3r^0tt iF0YMAetoex")?tDh8
940
AZmjeGX tJ3ts8bjsxUowjTi(6MXIlp)KNc@HDlDFl+mLrjjs5+Lp,OntH&n:Dhl\]>gh@r-Z8cPshiDshSy_XXiyRytyra/#rZthXt;XCpH{'pTsc oUNxSJvSa2Gv=Q@zK\hO;j]Sj!3r^0tt iF0YMAetoex")?tDh8
941
AZmjeGX tJ3ts8bisxUowjTi(6MXIlp(KNc@HDlDFl+mLrjjs5+Lq,OntI&n:Dhl\]>gh@r-Z8cPshiDshSy_XXixRytyra/#rZthXt;XCpH{'pTsc pUNxTJvSa2Gv=Q@zK]hO;j]Sj!3r^0tt iF0YMBetoex")?tDh8
942
AZmjeGX tJ3ts8bisxUowjTi(6MXIlp(KNc@HDlDFl+mLrjjs5+Lq,OntI&n:Dhl\]>gh@r-Z8cPshiDshSy_XXixRytyra/#rZthXt;XCpH{'pTsc pUNxTJvSa2Gv=Q@zK]hO;j]Sj!3r^0tt iF0YMBetoex")?tDh8
943
AZmjeGX tJ3ts8bjsxUowjTi(6MXIlp)KNc@HDlDFl+mLrjjs5+Lp,OmtH&m:Dhl\]>gh@r-Z8cPshiDshSy_XXiyRytyra/#rZthXt;XCpH{'pTsc oUNxSJvSa2Gv=Q@zK\hO;j]Sj!3r^0tt iF0YMAetoex")?tDh8
944
AZmjeGX tJ3ts8bjsxUowjTi(6MXIlp)KNc@HDlDGl+mLrjjs5+Lp,OmtH&m:Dhl\]>gh@r-Z8cPshiDshSy_XXiyRytyra/#rZthXt;XCpH{'pTsc oUNxSJvSa2Gv=Q@zK\hO;j]Sj!3r^0tt iF0YMAetoex")?tDh8
945
AZmjeGX tJ3ts8bjsxUowjTi(6MXIlp)KNc@HDlDGl+mLrjjs5+Lp,OmtH&m:Dhl\]>gh@r-Z8cPshiDshSy_XXiyRytyra/#rZthXt;XCpH{'pTsc oUNxSJvSa2Gv=Q@zK\hO;j]Sj!3r^0tt iF0YMAetoex")?tDh8
946
AZmibGY tJ3us7ckswUowjTi(6LWJln(JObBGFjDEl,nMrijs5+Mp+OmtH%n:Dhl]]=gh?r-Z9cPthiCthSw_XXhyRyt{ra/$rZvhYt;WBpH{&pSqb rXNwSKvRa3Gv=P@zL^hO<k^Si!3r^/tu iE.YL@euoex#)@uDg8
947
AZmibGY tJ3us7ckswUowjTi(6LWJln(JObBGFjDEl,nMrijs5+Mp+OmtH%n:Dhl]]=gh?r-Z9cPthiCthSw_XXhyRyt{ra/$rZvhYt;WBpH{&pSqb rXNwSKvRa3Gv=P@zL^hO<k^Si!3r^/tu iE.YL@euoex#)@uDg8
948
AZmibGY tJ3us7ckswUowjTi(6LWJln(JObBGFjDEl,nMrijs5+Mp+OmtH%n:Dhl]]=gh?r-Z9cPthiCthSw_XXhyRyt{ra/$rZvhYt;WBpH{&pSqb rXNwSKvRa3Gv=P@zL^hO<k^Si!3r^/tu iE.YL@euoex#)@uDg8
949
AYmjeHX tJ3ts8bkrxUowjTi(6MYIlo(KOb@HDjFFl+nLrjjs6+Lq+PntH'n:Dhk]]?gh@r-Y8cPthiDsgSy_XXixRysyra/#rYvhXs;YCpH{&oTsd pUNxSJvSa3Hv=Q@zL\gO;j]Sj 3r^/tt iE0YMAetnex")?tDh8
950
AYmjeHX tJ3ts8bkrxUowjTi(6MYIlo(KOb@HDjFFl+nLrjjs6+Lq+PntH'n:Dhk]]?gh@r-Y8cPthiDsgSy_XXixRysyra/#rYvhXs;YCpH{&oTsd pUNxSJvSa3Hv=Q@zL\gO;j]Sj 3r^/tt iE0YMAetnex")?tDh8
951
AZmjeGX tJ3ts8bisxUowjTi(6MXIlp(KNc@IDlDFl+mLrjjs5+Lq-OntI&n:Dhl\]>gh@s-Z8cPshiCshTy_XXixRytyra/#rZthXt;XCpH{'pTrc pUNxTJvSa2Gv=R@zK]hO;j]Sj!3s^0tt iF0YMBetoex")?tDh8
952
AZmjeGX tJ4us8bjsxUowjTi(6MXIlp)KNc@HDlDFk+mLrjjs5+Kp,OmtH&n9Dhl\]>gh@r-Z8cPthiDsiTy_XXiyRytyra/#rZthXt;XCpH{'pTsc oUNxSJvSa2Gw=Q@zL\hO;j]Sj!4r^0tt iF0YMAetoex")?tDh8
953
BZmjeGX tJ4vs8bjsxUowjTi(6MXIlp)KNc@HDlDFk+mLrjjs5+Kp,OmtH&n9Dhl\]>gh@r-Z9cPthiDsiTy`XXiyRytyra/#rZthXt;XCpH{'pTsc oUNxSJvSa2Gw=Q@zL\hO;j]Sj!4r^0tt iF0YMAetoex")?tDh8
954
AYljeGY tJ3us9bksxUowjTi(6MXIlo)JNb@HDjEFl+mMrjjs5+Mp+OmtI&n:Dhk]]?gh@r.Z8cPshiDsgSy_YXhyRytzra/#rYvhXs<WCpJ{&oTsb pVNxTJvSa4Hv=P@zK\gO;j]Sj!4r^/tu iE0YOAetoex#)@sDh6
955
AYmjeHX tJ3ts8bkrxUowjTi(6LYIlo(KOb@HDjFFl+nLrjjs6+Lq+PntH'n:Dhk]]?gh@r-Y8cPthiDsgSy_XXixRysyra/#rYvhXs;YCpH{&pTsd oUNxSJvSa3Hv=Q@zL\gO;j]Sj 3r^/tt jE0YMAetnex")?tDh8
956
BZmjcGZ tJ3ts8djtwUoujTi(7LWJlp(KNaAGFjEEl,mLrijs5+Lo+OmtI%l:Chl\]>gh@r,Z9cPthiDshSy_XXhyRyt{ra/"rYvhZu;XBpH{&pSrb rWOwSIvRa3Gv=PAzK]gO=k_Si!3r^0tt iF.XLAetmex")?tEg8
957
BZmjcGZ tJ3ts8djtwUoujTi(7LWJlp(KNaAGFjEEl,mLrijs5+Lo+OmtI%l:Chl\]>gh@r,Z9cPthiDshSy_XXhyRyt{ra/"rYvhZu;XBpH{&pSrb rWOwSIvRa3Gv=PAzK]gO=k_Si!3r^0tt iF.XLAetmex")?tEg8
958
BZmjcGZ tJ3ts8djtwUoujTi(7LWJlp(KNaAGFjEEl,mLrijs5+Lo+OmtI%l:Chl\]>gh@r,Z9cPthiDshSy_XXhyRyt{ra/"rYvhZu;XBpH{&pSrb rWOwSIvRa3Gv=PAzK]gO=k_Si!3r^0tt iF.XLAetmex")?tEg8
959
BZmjcGZ tJ3ts8ejtwUoujTi(7LWJlp(KNaAGFjEEl,mLrijs5+Lo+OmtI%l:Chl\]>gh@r,Z9cPthiDshSy_XXhyRyt{ra/"rYvhZu;XBpH{&pSrb rWOwSIvRa3Gv=PAzK]gO=k_Si!3r^0tt iF.XLAetmex")?tEg8
960
B[mjcGZ tJ3ts8ejtwUoujTi(7LWJlp(KNaAGFjEEl,mLrijs5+Lo+OmtI%l:Chl\]>gh@r,Z9cPthiDshSy_XXhyRyt{ra/"rYvhZu;XBpH{&pSrb rWOwSIvRa3Gv=PAzK]gO=k_Si!3r^0tt iF.XLAetmex")?tEg8
961
B[mjcGZ tJ3ts8ejtwUoujTi(7LWJlp(KNaAGFjEEl,mLrijs5+Lo+OmtI%l:Chl\]>gh@r,Z9cPthiDshSx_XXhyRyt{ra/"rYvhZu;XBpH{&pSrb rWOwSIvRa3Gv=PAzK]gO=k_Si!3r^0tt iF.XLAetmex")?tEg8
962
B[mjcGZ tJ3ts8ejtwUoujTi(7LWJlp(KNaAGFjEEl,mLrijs5+Lo+OmtI%l:Chl\]>gh@r,Z9cPthiDshSx_XXhyRyt{ra/"rYvhZu;XBpH{&pSrb rWOwSIvRa3Gv=PAzK]gO=k_Si!3r^0tt iF.XLAetmex")?tEg8
963
BZmjcGZ tJ3ts8djtwUoujTi(7LWJlp'KNaAGFjEEl,mLrijs5+Lo+OmtI%l:Chl\]>gh@r,Z9cPthhDshSy_XXhyRyt{ra/"rYvhZu;XBpH{&pSrb rWOwSIvSa3Hv=PAzK]gO=k_Si!3r^0tt iF-WLAetmex")?tEg8
964
BZmjcGZ tJ3ts8djtwUoujTi(7LWJlp'KNaAGFjEEl,mLrijs5+Lo+OmtI%l:Chl\]>gh@r,Z9cPthhDshSy_XXhyRyt{ra/"rYvhZu;XBpH{&pSrb rWOwSIvSa3Hv=PAzK]gO=k_Si!3r^0tt iF-WLAetmex")?tEg8
965
BZmjcGZ tJ3ts8djtwUoujTi(7LWJlp'KNaAGFjEEl,mLrijs5+Lo+OmtI%l:Chl\]>gh@r,Z9cPthhDshSy_XXhyRyt{ra/"rYvhZu;XBpH{&pSrb rWOwSIvSa3Hv=PAzK]gO=k_Si!3r^0tt iF-WLAetmex")?tEg8
966
BZmjcGZ tJ3ts8djtwUoujTi(7LWKlp'KNaAGFjEEl,mLrijs5+Lo+OmtI%l:Chl\]>gh@r,Z9cPthhDshSy_XXhyRyt{ra/"rYvhZu;XBpH{&pSrb rWOwSIvSa3Hv=PAzK]gO=k_Si!3r^0tt iF-WLAetmex")?tEg8
967
BZmjcGZ tJ3ts8djtwUoujTi(8LWJlp(KNbAHFjEEl,nLrijs6+Mp+OmtI%l:Chl\]>gh@r,Z9cPthiDsiSy_XXhyRyt{ra/"rYvg[u;XBpH{&pSrb rWOwRIuRa3Gv>PAzK]gO=k_Si!3r^/tt iF.XLAetnex#)?tEg8
968
BZmjcGZ tJ3ts8djtwUoujTi(8LWJlp(KNbAHFjEEl,nLrijs6+Mp+OmtI%l:Chl\]>gh@r,Z9cPthiDsiSy_XXhyRyt{ra/"rYvg[u;XBpH{&pSrb rWOwRIuRa3Gv>PAzK]gO=k_Si!3r^/tt iF.XLAetnex#)?tEg8
969
BZmjcGZ tJ3ts8djtwUoujTi(8LWJlp(KNbAHFjFEl,nLrijs6+Mp+OmtI%l:Chl\]>gh@r,Z9cPthiDsiSy_XXhyRyt{ra/"rYvg[u;XBpH{&pSrb rWOwRIuRa3Gv>PAzK]gO=k_Si!3r^/tt iF.XLAetnex#)?tEg8
970
BZmjcFZ tJ3ts8djtwUoujTi(7LWKlp'KNaAGFjEEl,mLrijr5+Lo+OmtI%l:Chl\]>gh@r,Z:cPthhDshSy_XXhyRyt{ra/"rYvhZu;XBpH{&pSrb rWOwSIvSa3Hv=PAzK]gO=k_Sj!3r^0tt iF-WLAetmex")?tEg7
971
BZmjeGX tJ4vs8bjsxUowjTi(6MXIlp)KNc@HDlDFl+mLrjjs5+Kp,OmtH&n9Dhl\]>gh@r-Z9cPthiDsiUx`XXiySytyra1$rZthXt;XCpI{'pTsc oUNwRJvSa2Gw=Q@zL\hO;j^Tj!4r^0tt iF0YMAetoex")?tDh7
972
BZmjeGX tJ4vs8bjrxUowjTi(6MXIlp)KNc@HDlDFl+mLrjjs5+Kp,OmtH&m9Dhl\]>gh@r-Z9cPthiDsiUx`XXiySytyra1$rZthXt;XCpI{'pTsc oUNwRJvSa2Gw=Q@zL\hO;j^Tj!4r^0tt iF0YMAetoex")?tDh7
973
BZmjeGX tJ4vs8bjrxUowjTi(6MXIlp)KNc@HDlDFl+mLrjjs5+Kp,OmtH&m9Dhl\]>gh@r-Z9cPthiDsiUx`XXiySytyra1$rZthXt;XCpI{'pTsc oUNwRJvSa2Gw=Q@zL\hO;j^Tj!4r^0tt iF0YMAetoex#)?tDh7
974
BZmjeGX tJ4vs8bjrxUowjTi(6MXIlp)KNc@HDlDFl+mLrjjs5+Kp,OmtH&m9Dhl\]>gh@r-Z9cPthiDsiUx`XXiySytyra1$rZthXt;XCpI{'pTsc oUNwRJvSa2Gw=Q@zL\hO;k^Tj!4r^0tt iF0YMAetoex#)?tDh7
975
BZmjeGX tJ4vs8bjrxUowjTi(6MXIlp)KNc@HDlDFl+mLrjjs5+Kp,OmtH&m9Dhl\]>gh@r-Z9cPthiDsiUx`XXiySytyra1$rZthXt;XCpI{'pTsc oUNwRJvSa2Gw=Q@zL\hO;k^Tj!4r^0tt iF0YMAetoex#)?tDh7
976
BZmjeGX tJ4vs8bjrxUowjTi(6MXIlp)KNc@HDlDFl+mLrjjs5+Kp,OmtH&m9Dhl\]>gh@r-Z9cPthiDsiUx`XXiySytyra1$rZthXt;XCpI{'pTsc oUNwRJvSa2Gw=Q@zL\hO;k^Tj!4r^0tt iF0YMAetoex#)?tDh7
977
BZmjeGX tJ4vs8bjrxUowjTi(6MXIlp)KNc@HDlDFl+mLrjjs5,Kp,OmtH&m9Dhl\]>gh@r-Z9cPthiDsiUx`XXiySytyra1$rZthXt;XBpI{'pTsc oUNwRJvSa2Gw=Q@zL\hO;k^Tj!4r^0tt iF0YMAetoex#)?tDh7
978
BZmjeGX tJ4vs8bjrxUowjTi(6MXIlp)KNc@HDlDFl+mLrjjs5,Kp,OmtH&m9Dhl\]>gh@r-Z9cPthiDsiUx`XXiySytyra1$rZthXt;XBpI{'pTsc oUNwRJvSa2Gw=Q@zL\hO;k^Tj!4r^0tt iF0YMAetoex#)?tDh7
979
BZmidGZ tJ3ts8djtwVoujTi(7KWKlp'KNaAGFjEFl,mLrijs5+Lo+OmtI%l:Chl\]>gh@r,Z9cPthgDshSy_XXgyRyt{ra/"rYvhZu;YApH{&pSrb rWOwSJvSa3Hv=PAzK]gN=k_Si!4r^0tt iF-WLAetmex!)?tEg8
980
BZmjeHX tJ4vs8bjrxUowjTi(6MXIlp)KNc@GDlDFl,mLrjjs5+Kp,OmtH&m9Dhl\]>gh@r-Z9cPthiDsiUx`XXiySytyra1$rZthXt;YCpI{'pTsc oUNwRJvSa2Gw=Q@zL\hO;k^Tj!4r^0tt iF/YMAetoex$)?tDh7
981
B[micGZ tJ3ts8ditwVoujTi(7KWKlp'KNaAGFjEFl,mLrijs5+Lo+OmtI%l:Chl\]>gh@r,Z9cPthgDshSy_XXgyRyt{ra/"rYvhZu;XBpH{&pSrb rWOwSJvSa3Hu=PBzK]gO=k_Si!4r^0tt iF-WLAetlex")?tEg8
982
BZmjeHX tJ4vs8bjrxUowjTi(6MXIlp)KNc@GDlDFl,mLrjjs5+Kp,OmtH&m8Dhl\]>gh@r-Z9cPthiDsiUx`XXiySytyra1$rZthXt;YCpI{'pTsc oUNwRJvSa2Gw=Q@zL\hO;k^Tj!4r^0tt iF/YMAetoex$)?tDh7
983
BZmidGZ tJ3ts8djtwVoujTi(7KWKlp'KNaAGFjEFl-mLrijs5+Lo+OmtJ%l:Chl\]>gh@r,Z9cPthgDshSy_XXfyRyt{ra/"rYvhZu;YApH{&pSrb rWOwSJvSa3Hv=PAzK]gN=k_Si!4r^0tt iF-WLAetmex!)?tEg8
984
BZmidGZ tJ3ts8djtwVoujTi(7KWKlp'KNaAGFjEFl-mLrijs5+Lo+OmtJ%l:Chl\]>gh@r,Z9cPthgDshSy_XXfyRyt{ra/"rYvhZu;YApH{&pSrb rWOwSJvSa3Hv=PAzK]gN=k_Si!4r^0tt iF-WLAetmex!)?tEg8
985
BZmidGZ tJ3ts8djtwVoujTi(7KWKlp'KNaAGFjEFl-mLrijs5+Lo+OmtJ%l:Chl\]>gh@r,Z9cPthgDshSy_XXfyRyt{ra/"rYvhZu;YApHz&pSrb rWOwSJvSa3Hv=PAzK]gN=k_Si!4r^0tt iF-WLAetmex!)?tEg8
986
BZmjeHX tJ4vs8cjrwUowjTi(6MXIlo)KNd@GDlDFl,mLrjjs5+Kp,OmtH&m9Dhl\]>gh@r-Z9cPuhiDsjUx`XXiySytyra1$rZthXt;XCpI{'pTsc nUNwRJvSa2Gw=Q@zL\hO;k^Tk!4r^0tt iG0YMAetoex#)?tDh7
987
BZmjeHX tJ4vs8cjrwUowjTi(6MXIlo)KNd@GDlDFl,mLrjjs5+Kp,OmtH&m9Dhl\]>gh@r-Z9cPuhiDsjUx`XXiySytyra1$rZthXt;XCpI{'pTsc nUNwRJvSa2Gw=Q@zL\hO;k^Tk!4r^0tt iG0YMAetoex#)?tDh7
988
BZmjeHX tJ4vs8cjrwUowjTi(6MXIlo)KNd@GDlDFl,mLrjjs5+Jp,OmtH&m9Dhl\]>gh@r-Z9cPuhiDsjUx`XXiySytyra1$rZthXt;XCpI{'pTsc nUNwRJvSa2Gw=Q@zL\hO;k^Tk!4r^0tt iG0YMAetoex#)?tDh7
989
AZmjeHX tJ4vs8cjrwUowjTi(6MXIlo)KNd@GDlDFl,mLrjjs5+Kp,OmtH&m9Dhl\]>gh@r-Z9cPuhiDsjUx`XXiySytyra1$r[thXt;XCpI{'pTsc nUNwRJvSa2Gw=Q@zL\hO;k^Tk!4r^0tt iG0YMAetoex#)?tDh7
990
AZmjeHX tJ4vs8cjrwUowjTi(6MXIlo)KNd@GDlDFl,mLrjjs5+Kp,OmtH&m9Dhl\]>gh@r-Z9cPuhiDsjUx`XXiySytyra1$r[thXt;XCpI{'pTsc nUNwRJvSa2Gw=Q@zL\hO;k^Tk!4r^0tt iG0YMAetoex#)?tDh7
991
BZmidG[ tJ3ts8djtwVoujTi(7KXKlp'KNaAGFjEFl,mLriis5+Lo+OmtI%l:Chl\]>gh@r,Z9dPthgDriSy_XYgyRytzra/#rYvgZu;XBpH{&pSrb rWOwSJvSa3Hv=PAzK]gO=k_Si!4r^0tt iF-WLBetmex")?tEf8
992
BZmjeHX tJ4vs8cjrwUowjTi(6MXIlo)KNd@GDlDFl,mLrjjs5+Jp,OmtH&m9Dhl\]>gh@r-Z9cPuhiDsjVx`XXiySytyra1$rZthXt;XCpI{'pTsc nUNwRJuSa2Gw=Q@zL\hN;k^Tk!4r^0tt iG0YMAetoex#)?tDh7
993
BZmjeHX tJ4vs8cjrwUowjTi(6MXIlo)KNd@GDlDFl,mLrjjs5+Jp,OmtH&m9Dhl\]>gh@r-Z9cPuhiDsjVx`XXiySytyra1$rZthXt;XCpI{'pTsc nUNwRJuSa2Gw=Q@zL\hN;k^Tk!4r^0tt iG0YMAetoex#)?tDh7
994
BZmjeHX tJ4vs8cjrwUowjTi(6MXIlo)KNd@GDlDFl,mLrjjs5+Jp,OmtH&m9Dhl\]>gh@r-Z9cPuhiDsjVx`XXiySytyra1$rZthXt;XCpI{'pTsc nUNwRJuSa2Gw=Q@zL\hN;k^Tk!4r^0tt iG0YMAetoex#)?tDh7
995
BZmjeHX tJ4vs8cjrxUovjTi(7MXIlp)JNd@GDlDFl,mLrjjs5+Kp,OmtH&m9Dhl\]>gh@r-Z9cPuhiDsjUx`XXiySytyra1$rZthXt;XCpI{'pTrc nVNwRKvSa2Gw>Q@zL\hO;k^Tk!4r^0tt iF0YMAetnex#)?tDh7
996
BZmjeHX tJ4vs8bjrxUowjTi(7MXIlp+KNc@GDlDFl,mLqjjs5+Kp-OmtH&m8Dhl\]>gh@r-Z:cPthhDsiUx`XXiySytyra1$rZthXt<YCpI{'pTsc oUNwRJuSa2Gw=Q@zL\hO;k_Tj!4r^0tt iF/YNAetoex$)?tDh7
997
BZmjeHX tJ4vs8bjrxUowjTi(7MXIlp+KNc@GDlDFl,mLqjjs5+Kp-OmtH&m8Dhl\]>gh@r-Z:cPthhDsiUx`XXiySytyra1$rZthXt<YCpI{'pTsc oUNwRJuSa2Gw=Q@zL\hO;k_Tj!4r^0tt iF/YNAetoex$)?tDh7
998
B[mjeHX tJ4vs8cjrxUowjTi(6MXIlp)KNc@GDmDFl,mLrikr5+Kp,OmtH&m9Dhl\]?gh@r-Z9cPuhiCsjUx`XXiySytyra1$rZthYs;XCpI{'pTsc nUNwRJvSa2Gw=Q@zL\hO;k^Tk!4r^0tt iF0XMAetmex$)?tDh7
999
B[mjeHX tJ4vs8cjrxUowjTi(6MXIlo)KNc@GDlDFl,mLrijr5+Kp,OmtH&m9Dhl\]?gh@r-Z9cPuhiCsjUx`XXiySytyra1$rZthXs;XCpI{'pTsc nUNwRJvSa2Gw=Q@zL\hO;k^Tk!4r^0tt iF0XNAetnex$)?tDh7
1000
B[mjeHX tJ4vs8cjrxUowjTi(6MXIlo)KNc@GDlDFl,mLrijr5+Kp,OmtH&m9Dhl\]?gh@r-Z9dPuhiCsjUx`XXiySytyra1$rZthXs;XCpI{'pTsc nUNwRJvSa2Gw=Q@zL\hO;k^Tk!4r^0tt iF0XNAetnex$)?tDh7
1001
BZmjeHX tJ4vs8bjrxUowjTi(7MXIlo+KNdAGDlDFl,mLqjjs5+Jp-OmtH&m8Dhl\]>gh@r-Z:cPthhDsiUx`XXiySxtyra1$rZthXt=YCpI{'pTsc oUNwRJvSa2Gw=Q@zL\hO;k_Tk!4r^0tt iF/YNAetoex$)?tDh7
1002
BZmjeHX tJ4vs8bjrxUowjTi(7MXIlo+KNdAGDlDFl,mLqjjs6+Jp-OmtH&m8Dhl\]>gh@r-Z:cPthhDsiUx`XXiySxtyra1$rZthXt=YCpI{'pTtc oUNwRJvSa2Gw=Q@zL\hO;k_Tk!4r^0tt iF/YNAetoex$)?tDh7
1003
AZmidGZ tJ3ts8djtwVoujTi)7JXKlp'KNaAGFjEFl,mLrijr5+Lo+OltI%k:Chl[]>gh@r,Z9cPthgDshSy_XXfxRyt{ra/#rYuhZu;XBpH{'pSsb rWOwSJuSa3Hv=PAyK]gN=k_Si!4r^0tt iH-WLAesmex")?tEg8
1004
AZmidGZ tJ3ts8djtwVoujTi)7JXKlp'KNaAGFjEFl,mLrijr5+Lo+OltI%k:Chl[]>gh@r,Z9cPthgDshSy_XXfxRyt{ra/#rYuhZu;XBpH{'pSsb rWOwSJuSa3Hv=PAyK]gN=k_Si!4r^0tt iH-WLAesmex")?tEg8
1005
B[mjeHX tJ4vs8cjrxUowjTi(6MXIlp)KNc@GDmDGl,mMrjjr5+Kp-OmtH&m9Dhl\]>gh@s-Y9cPuhiBsjUx`XXiySytyra1$rZthXt;XCpI{(pTsc nVNwRKwSa2Gw=Q@zL\hO;k^Uk!4r^1tt iF0YMBetoex#)?tEh7
1006
B[mjeHX tJ4vs8cjrxUowjTi(6MXIlp)KNc@GDmDGl,mMrjjr5+Kp-OmtH&m9Dhl\]>gh@s-Y9cPuhiBsjUx`XXiySytyra1$rZthXt;XCpI{(pTsc nVNwRKwSa2Gw=Q@zL\hO;k^Uk!4r^1tt iF0YMBetoex#)?tEh7
1007
B[mjeHX tJ4vs8cjrxUowjTi(6MXIlp)KNc@GDmDGl,mMrjjr5+Kp-OmtH&m9Dhl\]>gh@s-Y9cPuhiBsjUx`XXiySytyra1$rZthXt;XCpI{(pTsc nVNwRKwSa2Gw=Q@zL\hO;k^Uk!4r^1tt iF0YMBetoex#*?tEh7
1008
B[mjeHX tJ4vs8cjrxUowjTi(6MXIlp)KNc@GDmDGl,mMrjjr5+Kp-OmtH&m9Dhl\]>gh@s-Y9cPuhiBsjUx`XXiySytyra1$rZthXt;XCpI{(pTsc nVNwRKwSa2Gw=Q@zL\hO;k^Uk 4r^1tt iF0YMBetoex#*?tEh7
1009
BZmjeIX tJ4vs8bjrxUowjTi(7MXIlo+KOdAGDlDFl,mLqjjs6+Jp-OmtH&m8Ehl\]>gh@r-Z:cPthhDsiUx`XXhySxtyra1$rZthXt=YCpI{'pTtc nUNwRJvSa2Gw=R?zL\hO;k_Tk!4r^0tt iF/YNAetoex$)?tDh7
1010
B[mjeHX tK4vs8cjrwUovjTi(6MXIlp)KNc@GDmDGl,mLriis5+Jp,OmtG&m9Dhl\]>gh@r-Y9cPuhiDsjUx`YXiySytxra1$rZthXt;XCpJ{(oTsd mVNvRJxSa2Gw=Q@zL\hO;k^Tl 5r^1ts iF0YMBetoey#)?tEh7
1011
B[mjeHX tK4vs8cjrwUovjTi)6MXIlp)KNc@GDmDGl,mLriis5+Jp,OmtG&m9Dhl\]>gh@r-Y9cPuhiDsjUx`YXiySytxra1$rZthXt;XCpJ{(oTsd mVNvRJxSa2Gw=Q@zL\hO;k^Tl 5r^1ts iF0YMBetoey#)?tEh7
1012
B[mjeHX tK4vs8cjrwUovjTi)6MXIlp)KNc@GDmDGl,mLriis5+Jp,OmtG&l9Dhl\]>gh@r-Y9cPuhiDsjUx`YXiySytxra1$rZthXt;XCpJ{(oTsd mVNvRJxSa2Gw=Q@zL\hO;k^Tl 5r^1ts iF0YMBetoey#)?tEh7
1013
B[mjeHX tK4us8cjrwUovjTi)6MXIlp)KNd@GDmDGl,mLriis5+Jp,OmtG&l9Dhl\]>gh@r-Y9cPuhiDsjUx`YXiySytxra1$rZthXt;XCpJ{(oTsd mVNvRJxSa2Gw=Q@zL\hO;k^Tl 5r^1ts iF0YMBetoey#)?tEh7
1014
B[mjeHX tK4us8cjrwUovjTi)6MXIlp)KNd@GDmDGl,mLriis5+Jp,OmtG&l9Dhl\]>gh@r-Y9cPuhiDsjUx`YXiySytxra1$rZthXt;XCpJ{(oTsd mVNvRJxSa2Gw=Q@zL\hO;k^Tl 5r^1ts iF0YMBetoey#)?tEh7
1015
B[mjeHX tK4us8cjrwUovjTi)6MXIlp)KNd@GDmDGl,mLriis5+Jp,OmtG&l9Dhl\]>gh@r-Y9cPuhiDsjUx`YXiySytxra1$rZthXt;XCpJ{(oTsd mVNvRJxSa2Gw=Q@zL\hO;k^Tl 5r^1ts iF0YMBetoey#)?tEh7
1016
B[mjeHX tJ4vs8cjrxVowjTi(7MXIlp)KNc@GDmDGl,mMrijr5+Kp-OmtH&m9Dhl\]>gh@s-Y9cPuhiBsjUx`XXiyTytyra1$rZthXt<XCpJ{(pTsc nVNwRKwSa2Gw=Q@zL\hO;k^Ul 4r^1tt iF0YMBetoex#*?tEh7
1017
A[mjeHX tJ4vs8cjrxVowjTi(7MXIlp)KNc@GDmDHl,mMrijr5+Kp-OmtH&m9Dhl\]>gh@s-Y9cPuhiBsjUx`XXiyTytyra1$rZthXt<XCpJ{(pTsc nVNwRKwSa2Gw=Q@zL\hO;k^Ul 4r^1tt iF0YMBetoex#*?tEh7
1018
A[mjeHX tJ4vs8cjrxVowjTi(7MXIlp)KNc@GDmDHl,mMrijr5+Kp-OmtH&m9Dhl\]>gh@s-Y9cPthiBsjUx`XXiyTytyra1$rZthXt<XCpJ{(pTsc nVNwRKwSa2Gw=Q@zL\hO;k^Ul 4r^1tt iF0YMBetoex#*?tEh7
1019
A[mjeHX tJ4vs8cjrxVowjTi(7MXIlp)KNc@GDmDHl,mMrijr5+Kp-OmtH&m9Dhl\]>gh@s-Y9cPthiBsjUx`XXiyTytyra1$rZthXt<XCpJ{(pTsc nVNwRKwSa2Gw=Q@zL\hO;k^Ul 4r^1tt iF0YMBetoex#*?tEh7
1020
A[mjeHX tJ4vs8cjrxVowjTi(7MXIlp)KNc@GDmDHl,mMrijr5+Kp-OmtH&m9Dhl\]>gh@s-Y9cPthiBsjUx`XXiyTytyra1$rZthXt<XCpJ{(pTsc nVNwRKwSa2Gw=Q@zL\hO;k^Ul 4r^1tt iF0YMBetoex#*?tEh7
1021
A[mjeHX tJ5vs8cjrxVovjTi(7MXIlp)LNc@GDmDHl,mMrijr5+Kp-OmtH&m9Dhl\]>gh@s-Y9cPthiBsjUx`XXiyTytyra1$rZthXt<XCpJ{(pTsc nVNwRKwSa2Gw=Q@zL\hO;k^Ul 4r^1tt iF0YMBetoex#*?tEh7
1022
A[mjeHX tJ4vs8cjrxVowjTi(7LXIlp)KNc@GDmDHl,mMrijr5+Kp,OmtH&m9Dhl\]>gh@s-Z9cPuhiAsjUx`XXiyTytyra1$rZtgXt<XCpJ{(pTsc nVNwRKwSa2Gw>Q@zL\hO;k^Ul 4r^1tt iF0YMBetoex#*?tEh7
1023
B[mjeHX tJ4vs8cjrxVowjTi(7MXIlp)KNc@GCmDGl,mMrijr5+Kp-OmtH&m9Dhl\]>gh@s-Y9cPuhiBsjUx`XXiyTytyra1$rZshXt<XCpJ{(pTsc mWNwRKwSa2Gw=Q@zL]hO;k^Ul 4r^1tt iF0YMBetoex#*?tEh7
1024
A[mjeHX tJ4us8cjrxVowjTi(7LXIlp)KNc@GDmDHl,mMrijr5+Kp,OmtH&m9Dhl\]>gh@s-Z9cPuhiAsjUx`XXiyTytyra1$rZsgXt<XCpJ{(pTsc nVNwRKwSa2Gw>Q@zL\hO;k^Ul 4r^1tt iF0YMBetoex#*?tEh7
1025
A[mjeHX tJ4vs8cjrxVowjTh(7MXIlp)KNc@GDmDIl,mMrijr5+Kp-OmtH&m9Dhl\]>gh@s-Y9cPthiBsjUx`XXiyTytyra1$rZthXt<XCpJ{(pTsc nVNwRKwSa2Gw=Q@zL\hO;k_Ul 4r^1tt jF0YMBetnex#*?tEh7
1026
B[mjeHX tJ4vs8cjrxVowjTi(7MYIlp)KNc@GCmDGl,mMrijr5+Kp-OmtI&m9Dhl\]>gh@s-Y9bPuhiBsjUxaXXiyTysyra1$rZthXt<XCpJ{(pTsc nVNwRKwSa2Gw=Q@zL]hO;k^Ul 4r^2tt jF0YMBetoew#*?tEh7
1027
B[mjeHX tJ4vs8cjrxVowjTi(7MYIlp)KNc@GCmDGl,mMrijr5+Kp-OmtI&m9Dhl\]>gh@s-Y9bPuhiBsjUxaXXiyTysyra1$rZthXt<XCpJ{(pTsc nVNwRKwSa2Gw=Q@zL]hO;k^Ul 4r^2tt jF0YMBetoew#*?tEh7
1028
B[mjeHX tJ4vs8cjrxVowjTi(7MYIlp)KNc@GCmDGl,mMrijr5+Kp-OmtI&m9Dhl\]>gh@s-Y9bPuhiBsjUxaXXiyTysyra1$rZthXt<XCpJ{(pTsc nVNwRKwSa2Gw=Q@zL]hO;k^Ul 4r^2tt jF0YMBetoew#*?tEh7
1029
A[mjeHX tJ4us7cjrxVowjTi(7LXIlp)KNc@GDmDHl,mMrijr5+Kp-OmtH&m9Dhl\]>ghAs-Z9cPuhiAsjUx`XXiyTytyra2$rZsgXt<XCpJ{(pTsc nVNwRKwSa2Gw>Q@zL]hO;k^Ul 4r^2tt iF0YMBetoex#*?tEh7
1030
A[mjeHX tJ4us7cjrxVowjTi(7LXIlp)KNc@GDmDHl,mMrijr5+Kp-OmtH&m9Dhl\]>ghAs-Z9cPuhiAsjUx`XXiyTytyra2$rZsgXt<XCpJ{(pTsc nVNwRKwSa2Gw>Q@zL]hO;k^Ul 4r^2tt iF0YMBetoex#*?tEh7
1031
A[mjeHX tJ4us7cjrxVowjTi'7LXIlp)KNc@GDmDHl,mMriir5+Kp-OmtH&m9Dhl\]>ghAs-Z9cPuhi@sjUx`XXiyTytyra2$rZsgXt<XCpJ{(pTsc nVNwRKwSa2Gw>Q@zL]hO;k^Ul 4r^2tt iF0YMBetoex#*?tEh7
1032
A[mjeHX tJ4vs8cjrxVowjTi(7MYIlp)KNc@GCmDGl,mMrijr5+Kp-OmtI&m9Dhl\]>gh@s-Y9bPuhiBsjUxaXXiyTysxra1$rZthXt<XCpJ{(pTsc nVNwRKwSa2Gw=Q@zL]hO;k^Ul 4r^2tt jF0YMBetoew$*?tEh7
1033
A[mjeHX tJ4vs8cjrxVowjTi(8MYIlp)KNc@GCmDGl,mMrijr5+Kp-OmtI&m9Dhl\]>gh@s-Y9bPuhiBsjUxaXXiyTysxra1$rZthXt<XCpJ{(pTsc nVNwRKwSa2Gw=Q@zL]hO;k^Ul 4r^2tt jF0YMBetoew$*?tEh7
1034
B[mjeHX tJ4vs8cjrxVowjTi(7MYIlo)KNc@GCmDGl,mMrijr5+Kp-OmtI&m9Dhl[]>gh@s-Y9bPuhiBsjUxaXXiyTysxra1$rZthXt<XCpJ{(pTsc nVNwRKwSa2Gw=Q@yL]hO;k^Ul 4r^2tt jF0YMBetoev#*?tEh7
1035
B[mjeHX tJ4vs8cjrxVowjTi(7MYIlo)KNc@GCmDGl,mMrijr5+Kp-OmtI&m9Dhl[]>gh@s-Y9bPuhiBsjUxaXXiyTysxra1$rZthXt<XCpJ{(pTsc nVNwRKwSa2Gw=Q@yL]hO;k^Ul 4r^2tt jF0YMBetoev#*?tEh7
1036
A[mjeHX tJ4vs8cjrxVowjTi(7MYIlp)KNc@GCmEGl,mMrijr5+Kp-OmtI'm9Dhl\]>gh@s-Y9bPuhiBsjUxaXXiyTysxra1$rZtgXt<XCpJ{(pUsc nVNwRKwSa2Gv=QAzL]hO;k^Ul 4r^2tt jF0YMBetoew#*?tEh7
1037
A[mjeHX tJ4vs8cjrxVowjTi(7MYIlp)KNc@GCmEGl,mMrijr5+Kp-OmtI'm9Dhl\]>gh@s-Y9bPuhiBsjUxaXXiyTysxra1$rZtgXt<XCpJ{(pUsc nVNwRKwSa2Gv=QAzL]hO;k^Ul 4r^2tt jF0YMBetoew#*?tEh7
1038
B[mieHX tJ4vs8cjrxVowjTi(7MXIlp)KOcAGCmDGl,mMrijr6+Kp-OmtH&m9Dhl\]>gh@s-Y9cPuhiBsjUx`YXhzUytyra3$rZthXt<XCpK{)pTsc nVNwRKwSa2Gw=Q@zL^hO;k^Um 4r_1tt iG0YMBetoex#*?tEh7
1039
A\mjeHX sJ4vs8cjrxVowjTi(6MYIlp)KNd@GDmDHl,lMrijr5+Ko.OmtH'm9Dhl[]>gh@s-Y9cOthiBsjVx`XXiyTytyr`1$rZthXt<XCpJz(pTqd nVNwRKwSa2Hw=R@zL\hO;k^Ul 4r^1tt iF0YMBetoex#*?tEh7
1040
A[mjeHX tJ4us7cjrxVovjTi'7LXIlp)KNc@GDmDHl,mMriir5+Kp-OmtH&m9Dhl\]?ghBs-Z9cPuhi@sjUx`XXhyTytyra2$rZsgXs<XCpJ{(pTsd nVNwRKwSa2Gw>Q@zL]hN;k^Ul 4r^2tt jF1YMBetoex#*?tEh7
1041
A[mjeHX tJ4us7cjrxVovjTi'7LXIlp)KNc@GDmDHl,mMriir5+Kp-OmtH&m9Dhl[]?ghBs-Z9cPuhi@sjUx`XXhyTytyra2$rZsgXs<XCpJ{(pTsd nVNwRKwSa2Gw>Q@zL]hN;k^Ul 4r^2tt jF1YMBetoex#*?tEh7
1042
A[mjeHX tJ4us7cjrxVovjTi'7LXIlp)KNc@GDmDHl,mMriir5+Kp-OmtH&m9Dhl[]@ghBs-Z9cPuhi@sjUx`XXhyTytyra2$rZsgXs<XCpJ{(pTsd nVNwRKwSa2Gw>Q@zL]hN;k^Ul 4r^2tt jF1YMBetoex#*?tEh7
1043
A[mjeHX tJ4us7cjrxVovjTi'7LXIlp)KNc@GDmDHl,mMriir5+Kp-OmtH&m9Dhl[]@ghBs-Z9cPuhi@sjUx`XXhyTytyra2$rZsgXs<XCpJ{(pTsd nVNwRKwSa2Gw>Q@zL]hN;k^Ul 4r^2tt jF1YMBetoex#*?tEh7
1044
A[mjeHX tJ4us7cjrxVovjTi'7LXIlp)KNc@GDmDHl,mMriir5+Kp-OmtH&m9Dhl[]@ghBs-Z9cPuhi@sjUx`XXhyTytyra2$rZsgXs<XCpJ{(pTsd nVNwRKwSa2Gw>Q@zL]hN;k^Ul 4r^2tt jF1YMBetoex#*?tEh7
1045
A[mjeHX tJ4us7cjrxVovjTi'7LXIlp)KNc@GDmDHl,mMriir5+Kp-OmtH&m9Dhl[]@ghBs-Z9cPuhi@sjUx`XXhyTytyra2$rZsgXs<XCpJ{(pTsd nVNwRKwSa2Gw>Q@zL]hN;k^Ul 4r^2tt jF1YMBetoex#*?tEh7
1046
A[mjeHX tJ4us7cjrxVovjTi'7LXIlp)KNc@GDmDHl,mMriir5+Kp-OmtH&m9Dhl[]@ghBs-Z9cPuhi@sjUx`XXhyTytyra2$rZsgXs<XCpJ{(pTsd nVNwRKwSa2Gw>Q@zL]hN;k^Ul 4r^2tt jF1YMBetoex#*?tEh7
1047
A[mjeHX tJ4vs8cjrxVowjTh(7MXIlp)KNc@HDmDIl,lNrijr5,Ko-OmtI&m9Dhl\^>gh@s-Y9cPthiBsjUxaXXiyTytyra2%r[sgXt<XCpJ{)pTsc nVNwRKwSb2Gv=Q@zL\hO;k_Ul 4r^1tt jF0YMBetnex#*@tEh7
1048
A[mjfHX tJ6vs8cjrxVovjTi(7MXIlp)LNc@GDmDHl,lMrijr5+Kp-OmtH&l9Dhl\]>gh@s-Y:cPthiBskUw`XXiyTytyrb1$rZthXt<XBpJz(qTrc nWNwRLwSa2Hw>Q@yM\fO;l^Ul 4r]2ut jF0YMBetoex#*?tEh7
1049
A[mjfHX tJ6vs9cjrxVovjTi(7MXIlp)LNc@GDmDHl,lMrijr5+Kp-OmtH&l9Dhl\]>gh@s-Y:cPthiBskUw`XXiyTytyrb1$rZthXt<XBpJz(qTrc nWNwRLwSa2Hw>Q@yM\fO;l^Ul 4r]2ut jF0YMBetoex#*?tEh7
1050
A[mjfHX tJ6vs9cjrxVovjTi(7MXIlp)LNc@GDmDHl,lMrijr5+Kp-OmtH&l9Dhl\]>gh@s-Y:cPthiBskUw`XXiyTytyrb1$rZthXt<XBpJz(qTrc nWNwRLwSa2Hw>Q@yM\fO;l^Ul 4r]2ut jF0YMBetoex#*?tEh7
1051
A[mjfHX tJ6vs9cjrxVovjTi(7MXIlp)LNc@GDmDHl,lMrijr5+Kp-OmtH&l9Dhl\]>gh@s-Y:cPthiBskUw`XXiyTytyrb1$rZthXt<XBpJz(qTrc nWNwRLwSa2Hw>Q@yM\fO;l^Ul 4r]2ut jF0YMBetoex#*?tEh6
1052
A[mjeHX tJ4us7cjrxVovjTi'7LXIlp)KNc@GDlDHl-mMriir5+Jo-OmtH&m9Dhl\]?ghBs-Z:cPuhi@sjUx`XXhyTytyra2$rZsgXs<XCpJ{(pTre nWNwRLwSa2Gw>Q@zL]hN;k^Ul 4r^2tt jF1YMBetoex#*?sEh7
1053
A[mjeHX tJ4us7cjrxVovjTi'7LXIlp)KNc@GDlDHl-mMriir5+Jo-OmtH&m9Dhl\]?ghBs-Z:cPuhi@sjUx`XXhyTytyra2$rZsgXs<XCpJ{(pTre nWNwRLwSa2Gw>Q@zL]hN;k^Ul 4r^2tt jF1YMBetoex#*?sEh7
1054
A[mjeHX tJ4us7cjrxVovjTi'7LXIlp)KNc@GDlDHl-mMriir5+Jo-OmtH&m9Dhl\]?ghBs-Z:cPuhi@sjUx`XXhxTytyra2$rZsgXs<XCpJ{(pTre nWNwRLwSa2Gw>Q@zL]hN;k^Ul 4r^2tt jF1YMBetoex#*?sEh7
1055
A[mjeHX tJ4us7cjrxVovjTi'7LXIlp)KNc@GDlDHl-mMriir5+Jo-OmtH&m9Dhl\]?ghBs-Z:cPuhi@sjUx`XXhxTytyra2%rZsgXs<XCpJ{(pTre nWNwRLwSa2Gw>Q@zL]hN;k^Ul 4r^2tt jF1YMBetoex#*?sEh7
1056
A[mjeHX tJ4us7cjrxVovjTi'7LXIlp)KNc@GDlDHl-mMriir5+Jo-OmtH&m9Dhl\]?ghBs-Z:cPuhi@sjUx`XXhxTytyra2%rZsgXs<XCpJ{(pTre nWNwRLwSa2Gw>Q@zL]hN;k^Ul 4r^2tt jF1YMBetoex#*?sEh7
1057
@[mjeHX tJ4us7cjrxVoujUi'7LXIlp)KNc@GDmDHl,mMriir5+Kp.OmtH&m9Dhl[]@ghBs-Z9cPuhi?sjUx`XXhyTysyra2$rZsgXs<XCpJ{(pTsd nVNvRKwSa2Gw>QAzL]hN;k^Ul 5r^2tt jF1YMBetoex$*?tFh7
1058
@[mjeHX tJ4us7cjrxVoujUi'7LXIlp)KNc@GDmDHl,mMriir5+Kp.OmtH&m9Dhl[]@ghBs-Z9cPuhi?sjUx`XXhyTysyra2$rZsgXs<XCpJ{(pTsd nVNvRKwSa2Gw>QAzL]hN;k^Ul 5r^2tt jF1YMBetoex$*?tFh7
1059
A[mieHX tJ4vs8cjqxVowjTh(7MXIlp)KNd@HDmDIl,lOrijr5,Ko.OmtI&m9Dhl\^>gh@s-Y9cPthiBsjUxaXXiyTytyra2%rZsgXt<XCpJ{)pTsc mVOwRKwTb2Gv=Q@zL\hN;k_Vl 4r^1tt jF0YMBetnex#*@tEh7
1060
A[mieHX tJ4vs8cjqxVowjTh(7MXIlp)KNd@HDmDIl,lOrijr5,Ko.OmtI&m9Dhl\^>gh@s-Y9cPthiBsjUxaXXiyTytyra2%rZsgXt<XCpJ{)pTsc mVOwRKwTb2Gv=Q@zL\hN;k_Vl 4r^1tt jF0YMBetnex#*@tEh7
1061
A[mieHX tJ4vs8cjqxVowjTh(7MXIlp)KNd@HDmDIl,lOrijr5,Ko.OmtI&m9Dhl\^>gh@s-Y9cPthiBsjUxaXXiyTytyra2%rZsgXt<XCpJ{)pTsc mVOwRKwTb2Gv=Q@zL\hN;k_Vl 4r^1tt jF0YMBetnex#*@tEg7
1062
A[mieHX tJ4vs8cjqxVowjTh(7MXIlp)KNd@HDmDIl,lOrijr5,Ko.OmtI&m9Dhl\^>gh@s-Y9cPthiBsjUxaXXiyTytyra2%rZsgXt<XCpJ{)pTsc mVOwRKwTb2Gv=Q@zL\hN;k_Vl 4r^1tt jF0YMBetnex#*@tEg7
1063
@[mjeHX tJ4us7cjrxVoujUi'7LXIlp)KNc@GDmDHl,mMriir5+Kp.OmtH&m9Dhl\]@ghBs-Z9cPuhi?sjUx`XXhyUysyra2$rZsgXs=XCpJ{(pTse nVNvRKwSa2Gw>QAzL]hN;k^Ul 5r^2tt jF1XMBetoex$+?tFh7
1064
@[mjeHX tJ4us7cjrxVoujUi'7LXIlp)KNc@GDmDHl,mMriir5+Kp.OmtH&m9Dhl\]@ghBs-Z9cPuhi?sjUx`XXhyUysyra2$rZsgXs=XCpJ{(pTse nVNvRKwSa2Gw>QAzL]hN;k^Ul 5r^2tt jF1XMBetoex$+?tFh7
1065
@[mjeHX tJ4us7cjrxVoujUi'7LXIlp)KNc@GDmDHl,mMriir5+Kp.OmtH&m9Dhl\]@ghBs-Z9cPuhi?sjUx`XXhyUysyra2$rZsgXs=XCpJ{(pTse nVNvRKwSa2Gw>QAzL]hN;k^Ul 5r^2tt jF1XMBetoex$+?tFh7
1066
A[mjfHX tJ4vs8cisxXovjUi(7MWIlp)KNd@HDmDIl,lNrijq6,Ko-OmtH'm9Dhl\^?gh@s,Y9cPthiBsjUxaXYiyTytxra2%rZsgXt<XCpJ{)pTsc mVNwRKwSb2Gv=Q@zL]hO;k`Um 4r_1tt jF0YMBetnex#*@tEh7
1067
A[mjfHX tJ4vs8cisxXovjUi(7MWIlp)KNd@HDmDIl,lNrijq6,Ko-OmtH'm9Dhl\^?gh@s,Y9cPthiBsjUxaXYiyTytxra2%rZsgXt<XCpJ{)pTsc mVNwRKwSb2Gv=Q@zL]hO;k`Um 4r_1tt jF0YMBetnex#*@tEh7
1068
A[mjfHX tJ4vs8cisxXovjUi(7MWIlp)KNd@HDmDIl,lNrijq6,Ko-OmtH'm9Dhl\^?gh@s,Y9cPthiBsjUxaXYiyTytxra2%rZsgXs<XCpJ{)pTsc mVNwRKwSb2Gv=Q@zL]hO;k`Um 4r_1tt jF0YMBetnex#*@tEh7
1069
A[mjfHX tJ4vs8cisxXovjUi(7MWIlp)KNd@HDmDIl,lNrijq6,Ko-OmtH'm9Dhl\^?gh@s,Y9cPthiBsjUxaXYiyTytxra2%rZsgXs<XCpJ{)pTsc mVNwRKwSb2Gv=Q@zM]hO;k`Um 4r_1tt jF0YMBetnex#*@tEh7
1070
A[mjfHX tJ4vs8cisxXovjUi(7MWIlp)KNd@HDmDIl,lNrijq6,Ko-OmtH'm9Dhl\^?gh@s,Y9cPthiBsjUxaXYiyTytxra2%rZsgXs<XCpJ{)pTsc mVNwRKwSb2Gv=Q@zM]hO;k`Um 4r_1tt jF0YMBetnex#*@tEh7
1071
A[mjfHX tJ4vs8cisxXovjUi(7MWIlp)KNd@HDmDIl,lNrijq6,Ko-OmtH'm9Dhl\^?gh@s,Y9cPthiBsjUxaXYiyTytxra2%rZsgXs<XCpJ{)pTsc mVNwRKwSb2Gv=Q@zM]hO;k`Um 4r_1tt jF0YMBetnex#*@tEh7
1072
A[mjeHX tJ4us7cjrxVovjTi'7KXIlp*KNc@GDmDHl-lOriir5,Jo-OmtH&m9Dhl\]?ghBs-Y9cPthi@sjUx`XXhyTytyra2$rZsgXs=XCpJ{(pTse nWNwRKwTa2Gw>Q@yL^hN<k^Ul 4r^2tt jF0YMBetoex#*?tEg7
1073
A[mjeHX tJ4us7cjrxVovjTi'7KXIlp*KNc@GDmDHl-lOriir5,Jo-OmtH&m9Dhl\]?ghBs-Y9cPthi@sjUx`XXhyTytyra2$rZsgXs=XCpJ{(pTse nWNwRKwTa2Gw>Q@yL^hN<k^Ul 4r^2tt jF0YMBetoex#*?tEg7
1074
A[ljfHX tJ5vs8cisxXovjTh(7MWIlp)KOd@HCmDJl,lNrijq5,Ko-OmtH&m9Dhl\^?gh@s,Y9cPthiBsjVxaYYixTytxra2%rZrgXt<XCpJ{)pTsc mVNwRKwTb2Gv=Q@zM[hO;k`Um 4r^1tt jF0YMBetnex#*@tEh7
1075
A[mifIX tJ4vs8cisxWovjUi(7MWIlp)KNd@HDmDIl,lNrijq6,Ko-OmtH&m9Ehl\^?gh@s,Y:cPthiBsjUwaXYiyTytxra3%rZsgXt<XCpJ{)pTsc mVNwRKwSb2Gv=Q@zL]gO;k`Um 4r^1tt jF0YNBetnex#*@tEh7
1076
A[mifIX tJ4vs8cisxWovjUi(7MWIlp)KNd@HDmDIl,lNrijq6,Ko-OmtH&m9Ehl\^?gh@s,Y:cPthiBsjUwaXYiyTytxra3%rZsgXt<XCpJ{)pTsc mVNwRKwSb2Gv=Q@zL]gO;k`Um 4r^1tt jF0YNBetnex#*@tEh7
1077
A[mjeHX tJ4us7cjrxVovjUi'7KXIlp*KNc@GDmDHl-lOriir5,Io-OmtH&m9Dhl\]?ghBs-Z9cPthi@sjUx`XXhyTytyra2$rZsgXs=XCpJ{(pTse nWNwRKwTa3Gw>Q@yL^hN<k^Ul 4r^2tt jF0YNBetoex#*?tEg7
1078
A[mjeHX tJ4us7cjrxVovjUi'7KXIlp*KNc@GDmDHl-lOriir5,Io-OmtH&m9Dhl\]?ghBs-Z9cPthi@sjUx`XXhyTytyra2$rZsgXs=XCpJ{(pTse nWNwRKwTa3Gw>Q@yL^hN<k^Ul 4r^2tt jF0YNBetoex#*?tEg7
1079
A[mjfHX tJ4vs8cisxXowjUi(7MWIlp)KNd@HDnEIl,lNriiq7,Ko-OmtH'm9Dhl\^?gh@s,Y9cPthiBsjVxaZYiyTytxra2%rZsgXs<XCpJ{)pTsc mVNwRKwSb2Gv=Q@zM]hO;k`Um 5r_1tt jF0YMBetnex#*@tEh7
1080
A[mjfHX tJ4vs8cisxXowjUi(7MWIlp)KNd@HDnEIl,lNriiq7,Ko-OmtH'm9Dhk\^?gh@s,Y9cPthiBsjVxaZYiyTytxra2%rZsgXs<XCpJ{)pTsc mVNwRKwSb2Gv=Q@zM]hO;k`Um 5r_1tt jF0YMBetnex#*@tEh7
1081
A[mjfHX tJ4vs8cisxXowjUi(7MWIlp)KNd@HDnEIl,lNriip7,Ko-OmtH'm9Dhk\^?gh@s,Y9cPthiBsjVxaZYiyTytxra2%rZsgXs<XCpJ{)pTsc mVNwRKwSb2Gv=Q@zM]hO;k`Um 5r_1tt jF0YMBetnex#*@tEh7
1082
A[mjfHX tJ4vs8cisxXowjUi(7MWIlp)KNd@HDnEIl,lNriip7,Ko-OmtH'm9Dhk\^?gh@s,Y9cPthiBsjVxaZYiyTytxra2%rZsgXs<XCpJ{)pTsc mVNwRKwSb2Gv=Q@zM]hO;k`Um 5r_1tt jF0YMBetnex#*@tEh7
1083
A[mjfHX tJ4vs8cisxXowjUi(7MWIlp)KNd@HDnEIl,lNriip7,Ko-OmtH'm9Dhk\^?gh@s,Y9cPthiBsjVxaZZiyTytxra2%rZsgXs<XCpJ{)pTsc mVNwRKwSb2Gv=Q@zM]hO;k`Um 5r_1tt jF0YMBetnex#*@tEh7
1084
A\mjfHX tJ4vs8cisxXowjUi(7MWIlp)KNd@HDnEIl,lNriip7,Ko-OmtH'm9Dhk\^?gh@s,Y9cPthiBsjVxaZZiyTytxra2%rZsgXs<XCpJ{)pTsc mVNwRKwSb2Gv=Q@zM]hO;k`Um 5r_1tt jF0YMBetnex#*@tEh7
1085
A\mjfHX tJ4vs8cisxXowjUi(7MWIlp)KNd@HDnEIl,lNriip7,Ko-OmtH'm9Dhk\^?gh@s,Y9cPthiBsjVxaZZiyTytxra2%rZsgXs<XCpJ{)pTsc mVNwRKwSb2Gv=Q@yM]hO;k`Um 5r_1tt jF0YMBetnex#*@tEh7
1086
A\mjfHX tJ4vs8cisxYowjUi(7MWIlp)KNd@HDnEIl,lNriip7,Ko-OmtH'm9Dhk\^?gh@s,Y9cPthiBsjVxaZZiyTytxra2%rZsgXs<XCpJ{)pTsc mVNwRKwSb2Gv=Q@yM]hO;k`Um 5r_1tt jF0YMBetnex#*@tEh7
1087
A\mjfHX tJ4vs8cisxYowjUi(7MWIlp)KNd@HDnEIl,lNriip7,Ko-OmtH'm9Dhk\^?gh@s,Y9cPthiBsjVxaZZiyTytxra2%rZsgXs<XCpJ{)pTsc mVNwRKwSb2Gv=Q@yM]hO;k`Um 5r_1tt jF0YMBetnex#*@tEh7
1088
A\mjfHX tJ4vs8cisxYowjUi(7MWIlp)KNd@HDnEIl-lNriip7,Ko-OmtH'm9Dhk\^?gh@s,Y9cPthiBsjVxaZZiyTytxra2%rZsgXs<XCpJ{)pTsc mVNwRKwSb2Gv=Q@yM]hO;k`Um 5r_1tt jF0YMBetnex#*@tEh7
1089
A\mjfHX tJ4vs8cisxYowjUi(7MWIlp)KNd@HDnEIl-lNriip7,Ko-OmtH(m9Dhk\^?gh@s,Y9cPthiBsjVxaZZiyTytxra2%rZsgXs<XCpJ{)pTsc mVNwRKwSb2Gv=Q@yM]hO;k`Um 5r_1tt jF0YMBetnex#*@tEh7
1090
A\mjfHX tJ4vs8cisxYowjUi(7MWIlp)KNd@HDnEIl-lNriip7,Ko-OmtH(m9Dhk\^?gh@s,Y9cPthiBsjVxaZZiyTytxra2%rZsgXs<XCpJ{)pTsc mVNwRKwSb2Gv=Q@yM]hO;k`Um 5r_1tt jF0YMBetnex#*@tEh7
1091
A\mifHX tJ4vs8cisxYowjUi(7MWIlp)KNd@HDnEIl-lNriip7,Ko-OmtH(m9Dhk\^?gh@s,Y9cPthiBsjVxaZZiyTytxra2%rZsgXs<XCpJ{)pTsc mVNwRKwSb2Gv=Q@yM]hO;k`Um 5r_1tt jF0YMBetnex#*@tEh7
1092
A\mjfHX tJ4vs8cisxZowjUi(7MWIlp)KNd@HDnEIl-lNriip7,Ko-OmtH(m9Dhk\^?gh@s,Y9cPthiBskVxaZZiyTytxra2%rZsgXs<XCpJ{)pTsc mVNwRKwSb2Gv=Q@yM]hO;k`Um 5r_1tt jF0YMBetnex#*@tEh7
1093
A\mjfHX tJ4vs8cisxZowjUi(7MWIlp)KNd@HDnEIl-lNriip7,Ko-OmtH(m9Dhk\^?gh@s,Y9cPthiBskVxaZZiyTytxra2%rZsgXs<XCpJ{)pTsc mVNwRKwSb2Gv=Q@yM]hO;k`Um 5r_1tt jF0YMBetnex#*@tEh7
1094
A\mjfHX tJ4vs8cisxYowjUi(7MWIlp)KNd@IDnEIl-lNriip7,Ko-OmtH(m9Dhk\^?gh@s,Y9dPthiBsjVxaZZiyTytxra2%rZsgXs=XCpJ{)pTsc mVNwRKwSb2Gv=Q@yM]hO;k`Um 5r_1tt jF0YMBetnex#*@tEh7
1095
A\mjfHX tJ4vs8cisxYowjUi(7MWIlp)KNd@IDnEIl-lNriip7,Ko-OmtH(m9Dhk\^?gh@s,Y9dPthiBsjVxaZZiyTytxra2%rZsgXs=XCpJ{)pTsc mVNwRKwSb2Gv=Q@yM]hO;k`Um 5r_1tt jF0YMBetnex#*@tEh7
1096
A[mjgHX tK4vs8cisxXowjUi(7MWIlp)KNd@HDnFIl,kNriiq7,Ko-OmtH'm9Ehk\^?gi@s,Y9dOthiAsjVxaZYiyTytxra2%rZrhYr<WCpJ{)pTsc mVNwRKwSb2Gv=Q@zM]hO;kaUn 6r`1tt jF0YMBetnex#+@uEh7
1097
A[mjgHX tK4vs8cisxXowjUi(7MWIlp)KNd@HDnFIl,kNriiq7,Ko-OmtH'm9Ehk\^?gi@s,Y9dOthiAsjVxaZYiyTytxra2%rZrhYr<WCpJ{)pTsc mVNwRKwSb2Gv=Q@zM]hO;kaUn 6r`1tt jF0YMBetnex#+@uEh7
1098
A[mjgHX tK4vs8cisxXowjUi(7MWIlp)KNd@HDnFIl,kNriiq7,Ko-OmtH'm9Ehk\^?gi@s,Y9dOthiAsjVxaZYhyTytxra2%rZrhYr<WCpJ{)pTsc mVNwRKwSb2Gv=Q@zM]hO;kaUn 6r`1tt jF0YMBetnex#+@uEh7
1099
A[mjgHX tK4vs8cisxXowjUi(7MWIlp)KNd@HDnFIl,kNriiq7,Ko-OmtH'm9Ehk\^?gi@s,Y9dOthiAsjVxaZYhyTysxra2%rZrhYr<WCpJ{)pTsc mVNwRKwSb2Gv=Q@zM]hO;kaUn 6r`1tt jF0YMBetnex#+@uEh7
1100
A[mjgHX tK4vs8cisxXowjUi(7MWIlp)KNd@HDnFIl,kNriiq7,Ko-OmtH'm9Ehk\^?gi@s,Y9dOthiAsjVxaZYgyTysxra2%rZrhYr<WCpJ{)pTsc mVNwRKwSb2Gv=Q@zM]hO;kaUn 6r`1tt jF0YMBetnex#+@uEh7
1101
A[mjgHX tK4vs8cisxXowjUi(7MWIlp)KNd@HDnFIl,kNriiq7,Ko-OmtH'm9Ehk\^?gi@s,Y9dOthiAsjVxaZYgyTysxra2%rZrhYr<WCpJ{)pTsc mVNwRKwSb2Gv=Q@zM]hO;kaUn 6r`1tt jF0YMBetnex#+@uEh7
1102
A\mjfHX tJ4vs8cisxZowjUi(7MXIlp)KNd@IDnDIl-lNriip7,Ko-OmtH(m9Dhk\^?gh@s,Y9dPthiBsjVwbZZiyTytxra2%rZsgXs=XCpJ{*qTsc mVNwRKwSb2Gv=Q@xM]hO;k`Um 5r_1tt jF0YMBetnex#*@tEh7
1103
A\mjfHX tJ4vs8cisxZowjUi(7MXIlp)KNd@IDnDIl-lNriip7,Ko-OmtH(m9Dhk\^?gh@s,Y9dPthiBsjVwbZZiyTytxra2%rZsgXs=XCpJ{*qTsc mVNwRKwSb2Gv=Q@xM]hO;k`Um 5r_1tt jF0YMBetnex#*@tEh7
1104
A[mjgHX tK4vs8cisxXowjUi(7MWIlp)KNd@HDnFIl,kNriiq7,Ko-OmtH'm9Ehk\^?gi@s,Y9dOthiAsjVxaZYgyTysxra2%rZrhYr<WCpJ{)pTrc mVNwRKwTb2Gv=Q@zM]hO;kaUn 6r`1tt jF0YMBetnex#+@uEh7
1105
A[mjgHX tK4vs8cisxXowjUi(7MWIlp)KNd@HDnFIl,kNriiq7,Ko-OmtH'm9Ehk\^?gi@s,Y9dOthiAsjVxaZYgyTysxra2&rZrhYr<WCpJ{)pTrc mVNwRKwTb2Gv=Q@zL]hO;kaUn 6r`1tt jF0YMBetnex#+@uEh7
1106
A[mjgHX tK4vs8cisxXowjUi(7MWIlp)KNd@HDnFIl,kOriiq7-Ko-OmtH'm9Ehk\^?gi@s,Y9eOthiAsjVxa[YiyTytxra2%rZrhYq<WBpK{)pTsc mVNwRKwSb2Gv=Q@zM]hO;kaUn 6r`1tt jF0YMBetnex#+AuEh7
1107
A[mjgHX tK4vs8cisxXowjUi(7MWIlp)KNd@HDnFIl,kOriiq7-Ko-OmtH'm9Ehk\^?gi@s,Y9eOthiAsjVxa[YiyTytxra2%rZrhYq<WBpK{)pTsc mVNwRKwSb2Gv=Q@zM]hO;kaUn 6r`1tt jF0YMBetnex#+AuEh7
1108
A\mjfHX tJ4vs8cisxZowjUi(7MXJlp)KNd@IDnDIl-lNriip7,Kn-OmtH(m9Dhk\^?ghAs,Y9dPthiBsjVwbZZiyTytxra2%rZsgXs=XCpJ{*qTsc mVNvRKwSb2Gv=Q@xM]hO;k`Um 5r_1tt jF0YNBetnex#*@tEh7
1109
A\mjfHX tJ4vs8cisxZowjUi(7MXJlp)KNd@IDnDIl-lNriip7,Kn-OmtH(m9Dhk\^?ghAs,Y9dPthiBsjVwbZZiyTytxra2%rZsgXs=XCpJ{*qTsc mVNvRKwTb2Gv=Q@xM]hO;k`Um 5r_1tt jF0YNBetnex#*@tEh7
1110
A\mjfHX tJ4vs8cisxZowjUi(7MXJlp)KNd@IDnDIl-lNriip7,Kn-OmtH(m9Dhk\^?ghAs,Y9dPthiBsjVwbZZiyTytxra2%rZsgXs=XCpJ{*qTsc mVNvRKwTb2Gv=Q@xM]hO;k`Um 5r_2tt jF0YNBetnex#*@tEh7
1111
A\mjfHX tJ4vs8cisxZowjUi(7MXJlp)KNd@IDnDIl-lNriip7,Kn-OmtH(m9Dhk\^?ghAs,Y9dPthiBsjVwbZZiyTytxra2%rZsgXs=XCpJ{*qTsc mVNvRKwTb2Gv=Q@xM]hO;k`Um 5r_2tt jF0YNBetnex#*@tEh7
1112
A\mjfHX tJ4vs8cisxZowjUi(7MXJlp)KNd@IDnDIl-lNriip7,Kn-OmtH(m9Dhk\^?ghAs,Y9dPthiBsjVwbZZiyTytxra2%rZsgXs=XCpJ{*qTsc mVNvRKwTb2Gv=Q@xM]hO;k`Um 5r_2tt jF0YNBetnex#*@tEh7
1113
A\mjfHX tJ4vs8cisxZowjUi(7MXJlp)KNd@IDnDIl-lNriip7,Kn-OmtH(m9Dhk\^?ghAs,Y9dPthiBsjVwbZZiyTytxra2%rZsgXs=XCpJ{*qTsc mVNvRKwTb2Gv=Q@xM]hO;k`Um 5r_2tt jF0YNBetnex#*@tEh7
1114
A\mjeHX tJ4vs8diswZowjUi(7MXJlp)KNd@IDnDIl-lNqiip7,Jn-OmtH(m9Dhk\^?ghAs,Y9dPthiBsjVwbZZiyTytxra2%rZsgXs=XCpJ{*rTsc mVNvRKwTb2Gv=Q@xM]hO;k`Um 5r_2tt jF0YNBetnex#*@tEh7
1115
A\mjeHX tJ4vs8diswZowjUi(7MXJlp)KNd@IDnDIl-lNqiip7,Jn-OmtH(m9Dhk\^?ghAs,Y9dPthiBsjVwbZZiyTytxra2%rZsgXs=XCpJ{*rTsc mVNvRKwTb2Gv=Q@xM]hO;k`Um 5r_2tt jF0YNBetnex#*@tEh7
1116
A\mjeHX tJ4vs8diswZowjUi(7MXJlp)KNd@IDnDIl-lNqiip7,Jn-OmtH(m9Dhk\^?ghAs,Y:dPthiBsjVwbZZiyTytxra2%rZsgXs=XCpJ{*rTsc mVNvRKwTb2Gv=Q@xM]hO;k`Um 5r_2tt jF0YNBetnex#*@tEh7
1117
A\mjeHX tJ4vs8diswZowjUi(7MXJlp)KNd@IDnDIl-lNqiip7,Jn-OmtH(m8Dhk\^?ghAs,Y9dPthiBsjVwbZZiyTytxra2%rZsgXs=XCpJ{*rTsc mVNvRKwTb2Gv=Q@xM]gO;k`Um 5r_2tt jF0YNBetnex#*@tEh7
1118
A\mjeHX tJ4vs8diswZowjUi(7MXJlp)KNd@IDnDIl-lNqiip7,Jn-OmtH(m8Dhk\^?ghAs,Y9dPthiBsjVwbZZiyTytxra2%rZsgXs=XCpJ{*rTsc mVNvRKwTb2Gv=Q@xM]gO;k`Um 5r_2tt jF0YNBetnex#*@tEh7
1119
A\mjeHX tJ4vs8diswZowjUi(7MXJlp)KNdAIDnDIl-lNqiip7,Jn-OmtH(m8Dhk\^?ghAs,Y9ePthiBsjVwbZZiyTytxra2%rZsgXs=XCqJ{*rTsc mVNvRKwTb2Gv=Q@xM]gO;k`Um 5r_2tt jF0YNBetnex#*@tEh7
1120
A\mjeHX tJ4vs8diswZowjUi(7MXJlp)KNdAIDnDIl-lNqiip7,Jn-OmtH(m8Dhk\^?ghAs,Y9ePthiBsjVwbZZiyTytxra2%rZsgXs=XCqJ{*rTsc mVNvRKwTb2Gv=Q@xM]gO;k`Um 5r_2tt jF0YNBetnex#*@tEh7
1121
A\mjeHX tJ4vs8diswZowjUi(7MXJlp)KNdAIDnDIl-lNqiip7,Jn-OmtH(m8Dhk\^?ghAs,Y9ePthiBsjVwbZZiyTytxra2%rZsgXs=XCqJ{*rTsc mVNvRKwTb2Gv=Q@xM]gO;k`Um 5r_2tt jF0YNBetnex#*@tEh7
1122
A\mjfHX tJ4vs8diswZowjUi(7MXJlp)KNd@IDnDIl-lNqiip7,Jn-OmtH(m8Dhk\^?ghAs,Y9dPthiBsjVwbZZiyTytxra2%rZsgXs=XCpJ{*rTsc mVNvRLwTb2Gv=Q@xM]hO;k`Um 5r_2tt jG0YNBetnex#*@tEh7
1123
A\mjfHX tJ4vs8diswZowjUi(7MXJlp)KNd@IDnDIl-lNqiip7,Jn-OmtH(m8Dhk\^?ghAs,Y9dPthiBsjVwbZZiyTytxra2%rZsgXs=XCpJ{*rTsc mWNvRLwTb2Gv=Q@xM]hO;k`Um 5r_2tt jG0YNBetnex#*@tEh7
1124
A\mjfHX tJ4vs8diswZowjUi(7MXJlp)KNd@IDnDIl-lNqiip7,Jn-OmtH(m8Dhk\^?ghAs,Y9dPthiBsjVwbZZiyTytxra2%rZsgXs=XCpJ{*rTsc mWNvRLwTb2Gv=Q@xM]hO;k`Um 5r_2tt jG0YNBetnex#*@tEh7
1125
A[ljgHX tK4vs8cisxXowkUi(9MXIlp*JNd@HDnFIl,kNriiq7.Ko-OmtI'm9Ehk\`@giAs,Y9dOthiAsjVxa[YiyTytxra2&rZrhYq<WBqJ{)pTsc mVNwRKwSa2Gu=Q@zM]hN;laUn 6r`1tt jF0XMBetnex#+AuEh7
1126
A[mjgHX tK4vs8cirxXowjVi(7MWIlp)KNe@HDnFIl,jNriiq7,Ko-PmtH'n9Ehk\^?gh@s,Y9eOthiAsjVxaZZgyTysxra2&rZrhYr<WCpJ{)pTqc mVNwRLwTb2Gv=R@zM]hO;kaUo 6ra1tt jF0YMBetmex#+@uEh7
1127
A\mjeHX tJ4vs9diswZowjUi)7MXJlp)KNd@IDnDIl-lNqiip7,Jn-OmtH(k8Dhk\^?ghAs,Y9dPthiBsjVwbZZiyTytxra3%rZsgXs=XCpJ{*rTsc mVNvRKwTa2Gv<Q@xM]gO;k`Um 5r_2tt jF0YNBetnex#*@tEh7
1128
A[mjgHX tK4vs8cirxXowjVi(7MWIlp)KNe@HDnFIl,jNriiq7,Ko-PmtH'n9Ehk\^?gh@s,Y9eOthiAsjVxaZZgyTysxra2&rZrhZr<WCpJ{)pTqc mVNwRLwTb2Gv=R@zM]hO;kaUo 6ra1tt jF0YMBetmex#+@uFh7
1129
A[mjgHX tK4vs8cirxXowjVi(7MWIlp)KNe@HDnFIl,jNriiq7,Ko-PmtH'n9Ehk\^?gh@s,Y9eOthiAsjVxaZZgyTyswra2&rZrhZr<WCpJ{)pTqc mVNwRLwTb2Gv=R@zM]hO;kaUo 6ra1tt jF0YMBetmex#+@uFh7
1130
A]mjfHX tJ4vs8diswZowjUi(7MXJlp)KOdAIDnDIl-lNqiip7,Jn-OmtH(m8Dhk\^?ghAs,Y9dPthhBskVwbZZiyTytxra2%rZsgXs=XCpJ{*rTsc mVNvRLwTb2Gv=Q@xM]hO;k`Um 5r_2tt jG0YNBetnex#*AtEh7
1131
A]mjfHX tJ4vs8diswZowjUi(8MXJlp)KOdAIDnDIl-lNqiip7,Jn-OmtH(m8Dhk\^?ghAs,Y9dPthhBskVwbZZiyTytxra2%rZsgXs=XCpJ{*rTsc mVNvRLwTb2Gv=Q@xM]hO;k`Um 5r_2tt jG0YNBetnex#*AtEh7
1132
A[mjgHX tK4vs8cirxXowjVi(7MWIlp)KNe@HDnFIl,jNriiq7,Ko-PmtH'n9Ehk\^?gh@s,Y9eOthiAsjVxaZ[gyTyswra2&rZrhZr<WCpJ{)pTqc mVNwRMwTb2Gv=R@zM]hO;kaUo 6ra1tt jF0YMBetmex#+@uFh7
1133
A[mjgHX tK4vs8cirxXowjVi(7MWIlp)KNe@HDnFIl,jNriiq7,Ko-PmtH'n9Ehk\^?gh@s,Y9eOthiAsjVxaZ[gyTyswra2&rZrhZr<WCpJ{)pTqc mVNwRMwTb2Gv=R@zM]hO;kaUo 6ra1tt jF0YMBetmex#+@uFh7
1134
A[mjgHX tK4vs8cirxXowjVi(7MWIlp)KNe@HDnFIl,jNriiq7,Ko-PmtH'n9Ehk\^?ghAs,Y9eOthiAsjVxaZ[gyTyswra2&rZrhZr<WCpJ{)pTqc mVNwRMwTb2Gv=R@zM]hO;kaUo 6ra1tt jF0YMBetmex#+@uFh7
1135
A\mjfHX tJ4vs8eiswZowjUi(7MYJlp)KNdAIDnDIk-lNqiip7,Jn-OmtH(m8Dhk\^?ghAr,Y9dPthhBskVwbZZiyTytxra2%rZsgXs=YCpJ{*rTsc mVNvRLwTb2Gu=Q@xM]hO;k`Um 5r_2tt jG0YNBetmex#*AtFh7
1136
A[mjgHX tK4vs8cirxXowjVi)7MWIlp)KNe@HDnFIl,jNriiq7,Ko-PmtH'n9Ehk\^?gh@s,Y9eOthiAskVxaZZgxTyswra2&rZrhZr<WCpJ{)pTqc mVNwRMwTb2Gv=R@zM]hO;kaUo 6ra1tt jF0YMBetmex#+@uFh7
1137
A[mjgHX tK4vs8cirxXowjVi)7MWIlp)KNe@HDnFIl,jNriiq7,Ko-PmtH'n9Ehk\^?gh@s,Y9eOthiAskVxaZZgxTyswra2&rZrhZr<WCpJ{)pTqc mVNwRMwTb2Gv=R@zM]hO;kaUo 6ra1tt jF0YMBetmex#+@uFh7
1138
A[mjgHX tK4vs8cirxXowjVi)7MWIlp)KNe@HDnFIl,jNriiq7,Ko-PmtH'n9Ehk\^?gh@s,Y9eOthiAskVxaZZgxTyswra2&rZrhZr<WCpJ{)pTqc mVNwRMwTb2Gv=R@zM]hO;kaUo 6ra1tt jF0YMBetmex#+@uFh7
1139
A\mjfHX tJ4vs8eiswZowjUi(7MYJlp)KNdAIDnDIk.lNqiip7,Jn-OmtH(m8Dhk\^?ghAr,Y9dPthhBskVwbZZiyTytxra2%rZsgXs=YCpJ{*rTsc mVNvRLwTb2Gu=Q@xM]hO;k`Um 5r_2tt jG0YNBetmex$*AtFh7
1140
A[mjgHX tK4vs8cirxXowjVi(7MWIlp*KNe@HDnGIl,jNriiq7,Ko-PmtH(n9Ehk\^@gh@s,Y9eNthiAsjVxaZZgyTyswra2&rZrhZr<WCpJ{)pTqc mVNwRLwTb2Gv=R@zM]hO;kaUo 6ra1tt jF0YMBetmex#+@uFh6
1141
A\mjgHX tJ4vs8eiswZowjUi(7MYJlp)KNdAIDnDIk-lNriip7,Jn-OmtH(m8Dhk\^?ghAr,Y9dPthgBskVwbZZiyTytxra2%rZsgXs=YCpJ{*rTrc mVNvRLwTb2Gu=Q@xM]hO;k`Um 5r`2tt jG0YNBetmex#*AtFh7
1142
A\mjgHX tJ4vs8eiswZowjUi(7MYJlp)KNdAIDnDIk-lNriip7,Jn-OmtH(m8Dhk\^?ghAr,Y9dPthgBskVwbZZiyTytxra2%rZsgXs=YCpJ{*rTrc mVNvRLvTb2Gu=Q@xM]hO:k`Um 5r`2tt jG0YNBetmex#*AtFh7
1143
A\mjgHX tJ5vs8eiswZowjUi(7MYJlp)KNdAIDnDIk-lNriip7,Jn-OmtH(m8Dhk\^?ghAr,Y9dPthgBskVwbZZiyTytxra2%rZsgXs=YCpJ{*rTrc mVNvRLwTb2Gu=Q@xM]hO;k`Um 5r`2tt jG0YNBetmex#*AtFh7
1144
A\mjgHX tJ5vs8eiswZowjUi(7MYJlp)KNdAIDnDIk-lNriip7,Jn-OmtH(m8Dhk\^?ghAr,Y9dPthgBskVwbZZiyTytxra2%rZsgXs=YCpJ{*rTrc mVNvRLwTb2Gu=Q@xM]hO;k`Um 5r`2tt jG0YNBetmex#*AtFh7
1145
A\mjgHX tJ5vs8eiswZowjUi(7MYJlp)KNdAIDnDIk-lNriip7,Jn-OmtH(m8Dhk\^?ghAr,Y9dPthgBskVwbZZiyTytxra2%rZsgXs=YCpJ{*rTrc mVNvRLwTb2Gu=Q@xM]hO;k`Um 5r`2tt jG0YNBetmex#*AtFh7
1146
A\mjeHX tJ5vs8eisvZowjUi(7MXJlp)KNd@ICnEIl-lNriip7,Jn.OmtH)m9Dhk[^?ghAs,Y:dOthiBsjVwbZZixTytxra2%rZsgXs=XCpJz*rTrc mVNvRKwTb3Gv=R?xM]gP<kaUm 5r_3tt jF0XOBesnex#*@tEh8
1147
A\mjfHX tJ5vs8eisvZowjUi(7MXJlp*KNd@IDnEIl-lNriip7,Jn.OmtH)m9Dhk[^?ghAs,Y:dOthiBsjVwbZZhyTytxra2%rZsgXs=XCpJz*rTrc mVNvRKwUb3Gv=R?xM]hP<kaUm 5r_3tt jF0XOBesnex#*@tEh8
1148
A\mjfHX tJ5vs8eisvZowjUi(7MXJlp*KNd@IDnEIl-lNriio7,Jn.OmtH)m9Dhk[^?ghAs,Y:dOthiBsjVwbZZhyTytxra2%rZsgXs=XCpJz*rTrc mVNvRKwUb3Gv=R?xM]hP<kaUm 5r_3tt jF0XOBesnex#*@tEh8
1149
A\mjfHX tJ5vs8eisvZowjUi(7MXJlp*KNd@IDnEIl-lNriio7,Jn.OmtH)m9Dhk[^?ghAs,Y:dOthiBsjVwbZZhyTytxra2%rZrgXs=XCpJz*rTrc mVNvRKwUb3Gv=R?xM]hP<kaUm 5r_3tt jF0XOBesnex#*@tEh8
1150
A\mjfHX tJ5vs8eisvZowjUi(7MXJlp*KNd@IDnEIl-lOriio7,Jn.OmtH)m9Dhk[^?ghAs,Y:dOthiBsjVwbZZhyTytxra2%rZrgXs=XCpJz*rTrc mVNvRKwUb3Gv=R?xM]hP<kaUm 5r_3tt jF0XOBesnex#*@tEh8
1151
A\mjfHX tJ5vs8eisvZowjUi(7MXJlp*KNd@IDnEIl-lOriio7,Jn.OmtH)m9Dhk[^?ghAs,Y:dOthiBsjVwbZZhyTytxra2%rZrgXs=XCpJz*rTrc mVNvRKwUb3Gv=R?xM]hP<kaUm 5r_3tt jF0XOBesnex#*@tEh8
1152
A\mjfHX tJ5vs8eisvZowjUi(7MXJlp*KNd@IDnEIl-lOriio7,Jn.OmtH)m9Dhk[^?ghAs,Y:dOthiBsjVwbZZhyTytxra2%rZrgXs=XCpJz*rTrc mVNuRKwUb3Gv=R?xM]hP<kaUm 5r_3tt jF0XOBesnex#*@tEh8
1153
A\mjfHX tJ4us8eiswZowjUi(7MYJlp)KNdAICnDIk-lNriip8,Jm-OmtH(m8Dik\^?ghAr,X9dPthhBskVwbZZiyTytwra2%rZsgYr=YCpJz*rTsc mVNuRLwTb2Gu=Q@xM]hO;k`Un 5r_2st jG0YNCetmex$*AsGh7
1154
A\mjfHX tJ4us8eiswZowjUi(7MYJlp)KNdAICnDIk-lNriip8,Jm-OmtH(m8Dik\^?ghAr,X9dPthhBskVwbZZiyTytwra2%rZsgYr=YCpJz*rTsc mVNuRLwTb2Gu=Q@xM]hO;k`Un 5r_2st jG0YNCetmex$*AsGh7
1155
A\mjfHX tJ5vs8disvZovkUh(7MXJlp*KNd@IDnEIl-lNriip7,Jn.OmtI)m9Dhk[^@ghAs,Y;dOthiBsjVwbZZhyTytxra2%rZsgXs=XCpJz*rTrc mVNvRKwVb3Gv=R?xM]hP<kaUn 5r_3tt jF0XOBesnex#*AtEh8
1156
A\mjfHX tJ5vs8disvZovlUh(7MXJlp*KNd@IDnEIl-lNriip7,Jn.OmtI)m9Dhk[^@ghAs,Y;dOthiBsjVwcZZhyTytxra2%rZsgXs=XCpJz*rTrc mVNvRKwVb3Gv=R?xM]hP<kaUn 5r_3tt jF0XOBesnex#*AtEh8
1157
A\mjfHX tJ5vs8disvZovlUh(7MXJlp*KNd@IDnEIl-lNriip7,Jn.OmtI)m9Dhk[^@ghAs,Y;dOthiBsjVwcZZhyTytxra2%rZsgXs=XCpJz*rTrc mVNvRKwVb3Gv=R?xM]hP<kaUn 5r_3tt jF0XOBesnex#*AtEh8
1158
A\mjfHX tJ5vs8disvZovlUh(7MXJlp*KNd@IDnEIl-lNriip7,Jn.OmtI)m9Dhk[^@ghAs,Y;dOthiBsjVwcZZhyTytxra2%rZsgXs=XCpJz*rTrc mVNvRKwVb3Gu=R?xM]hP<kaUn 5r_3tt jF0XOBesnex#*AtEh8
1159
A\mjfHX tK5vs8disvZovlUh(7MXJlp*KNd@IDnEIl-lNriip7,Jn.OmtI)m9Dhk[^@ghAs,Y;dOthiBsjVwcZZhyTytxra2%rZsgXs=WCpJz*rSrc mVNvRKwVb3Gu=R?xM]hP<kaUn 5r_3tt jF0XOBesnex#*AtEh8
1160
A\mjfHX tK5vs8disvZovlUh(7MXJlp*KNd@IDnEIl-lNriip7,Jn.OmtI)m9Dhk[^@ghAs,Y;dOthiBsjVwcZZhyTytxra2%rZsgXs=WCpJz*rSrc mVNvRKwVb3Gu=R?xM]hP<kaUn 5r_3tt jF0XOBesnex#*AtEh8
1161
A\mjfHX tK5vs8disvZovlUh(7MXJlp*KNd@IDnEIl-lNriip7,Jn.OmtI)m9Dhk[^@ghAs,Y;dOthiBsjVwcZZhyTytxra2%rZsgXs=WCpJz*rSrc mVNvRKwVb3Gu=R?xM]hP<kaUn 5r_3tt jF0XOBesnex#*AtEh8
1162
A\mjfHX tJ5vs8disvZovlUh(7MXJlp*KOd@IDnEIl-lNriip7,Jn.OmtI)m9Dhk[^@ghAs,Y;dOthiBsjVwcZZhyTytxra2%rZrgXs=XCpJy*rTrc mVNvRKwVb3Gv=R?xM]hP<kaUn 5r_3tt jF0XOBesnex#*AtEh8
1163
A\mjfHX tJ5vs8disvZovkUh(7MXJlp*KNd@IDnEIl-lNriho7,In.OmtI)m9Dhk[^@ghAs,Y;dOthiBsjVwbZZhyTytxra2%rZsgXs=XCpJz*rTrc mVNvRKwVb4Gv=R?xM]hP<kaUn 5r`3tt jF0XOBesnex#*AsEh8
1164
A\mjfHX tJ5vs8disv[ovkUh(7MXJlp*KNd@IDnEIl-lNriho7,In.OmtI)m9Dhk[^@ghAs,Y;dOthiBsjVwbZZhyTytxra2%rZsgXs=XCpJz*rTrc mVNvRKwVb4Gv=R?xM]hP<kaUn 5r`3tt jF0XOBesnex#*AsEh8
1165
A\mjfHX tK5vs8eisvZovlUh)7MXJlp*KNd@IDnEIl-lNriip7,Jm.OmtI)m9Dhk[^@ghAs,Y;dOthiBsjVwdZZhyTytxra3%rZsgXs=WCpJz*rSrc mUNvRKwVb3Gu=R?xM]hP<kaUn 5r_3tt jF0XOBesnex#*AtEh8
1166
A\mjfHX tK5vs8eisvZovlUh)7MXJlp*KNd@IDnEIl-lNriip7,Jm.OmtI)m9Dhk[^@ghAs,Y;dOthiBsjVwdZZhyTytxra3%rZsgXs=WCpJz*rSrc mUNvRKwVb3Gu=R?xM]hP<kaUn 5r_3tt jF0XOBesnex#*AtEh8
1167
A\mjfHX tK5vs8eisvZovlUh)7MXJlp*KNd@IDnEIl-lNriip7,Jm.OmtI)m9Dhj[^@ghAs,Y;dOthiBsjVwdZZhyTytxra3%rZsgXs=WCpJz*rSrc mUNvRKwVb3Gu=R?xM]hP<kaUn 5r_3tt jF0XOBesnex#*AtEh8
1168
A\mjfHX tK5vs8eisvZovlUh)7MXJlp*KNd@IDnEIl-lNriip7,Jm.OmtI)m9Dhj[^@ghAs,Y;dOthiBsjVwdZZhyTytxra3%rZsgXs=WCpJz*rSrc mUNvRKwVb3Gu=R?xM]hP<kaUn 5r_3tt jF0XOBesnex#*AtEh8
1169
A\mjfHX tJ5vs8disvZovlUh(7MXKlp*KNd@IDnFIl-lNriip7,Jm.OmtI)m9Dhk[^@ghAs,Y;dOthiBsjVwcZZhyTytxra2%r[sgXs=YCpJz*rTrc mVNvRKwVb3Gu=S?xM]gP<kaUn 5r_3tt jF0WOBesnex#*AtEh8
1170
A\mjfHX tJ5vs8disvZovlUh(7MXKlp*KNd@IDnFIl-lNriip7,Jm.OmtI)m9Dhk[^@ghAs,Y;dOthiBsjVwcZZhyTytxra2%r[sgXs=YCpJz*rTrc mVNvRKwVb3Gu=S?xM]gP<kaUn 5r_3tt jF0WOBesnex#*AtEh8
1171
A]mjeHX tK5vs8eisu]owjUi)7MXJlp*KNd@ICnFIl-lNriip7,Jn.OltH)m9Dhk[^?ghAs,X:dOthiBsjVwbZZixTysxra2%rZsgXr=XCpKx*rTrc mVOuRKwTb3Gv=R?xM]gP<kaUm 5r_3tt jF0XOBesnex#*@tEh8
1172
B\ljfHX tJ5vs8eisuZovjUi(7MXJlp*KNdAIDnEIl-lNriip7,Jn.OmtH)m9Egj[^@ghAs,Y:eOthiBskVwbZZhyUytwra2&rZsgXs=XCqJz*rTqd mVNvRKwVa3Gv=R?xM]hP<kaUn 5r_3ts jF0XOBesnex#*BsEh7
1173
B\ljfHX tJ5vs8eisuZovjUi(7MXJlp*KNdAIDnEIl-lNriip7,Jn.OmtH)m9Egj[^@ghAs,Y:eOthiBskVwbZZhyUytwra2&rZsgXs=XCqJz*rTqd mVNvRKwVa3Gv=R?xM]hP<kaUn 5r_3ts jF0XOBesnex#*BsEh7
1174
A\mjfHX tK5vs8eisvZovlUh)7MXJlp*KNd@IDnEIl-lNriip7,Jm.OmtI)m9Dhj[^@ghAs,Y;dOthiBsjVwdZZhyTysxra3%rZsgXs=WBpJz*rSqd mUNvRKwVb3Gu=R?xM]hP<kaUn 5r_3tt jF0XOBesnex#*AsEh8
1175
A]mjeHX tK5vs8eisu]owjUi)7MXJlp*KNd@ICnFIl.lNriip7,Jn.OltH)m9Dhk[^?ghAs,X:dOthiBsjVwbZZixTysxra2%rZsgYr=XCpKx*rTrc mVOuRKwTb3Gv=S?xM]gP<kaUm 5r_3tt jF0XOBesnex#*@tEh8
1176
A]mjeHX tK5vs8eisu]owjUi)7MXJlo*KNd@ICnFIl-lNqiip7,Jn.OltH)l9Dhk[^?ghAs,X:dOthiBsjVwbZZixTysxra2%rZsgYr=XCpKx*rTrc mVOuRKwTb3Gv=S?xM]gP<laUm 5r_3tt jF0XOBesnex#*@tEh8
1177
A\mjfHX tJ5vs8disvZovlUh(8MXKlp*KNeAIDnFIl-lNriip7,Jl.OmtI)n9Dhj[^@ghAs,Y;dOthiBsjVwcZZhyTytxra2&r[sfXs=YCpJz*rTrc mVNvRKwVb3Gu=R?xM]hP<kaUn 5r_3tt jF0WOBesnex#*BtEh8
1178
A\mjfHX tJ5vs8disvZovlUh(8MXKlp*KNeAIDnFIl-lNriip7,Jl.OmtI)n9Dhj[^@ghAs,Y;dOthiBsjVwcZZhyTytxra2&r[sfXs=YCpJz*rTrc mVNvRKwVb3Gu=R?xM]hP<kaUn 5r_3ts jF0WOBesnex#*BtEh8
1179
A\mjfHX tJ5vs8disvZovlVh(8MXKlp*KNdAIDnFIl-lNriip7,Jk.OmtI)n9Dhj[^AghAs,Y;dOthiBsjVwcZZhyTytxra2%r[sfXs>YCpJz*rTrc mVNvRKwVb3Gu=R?xM]hP<kaUn 5r_3tt jF0WOBesnex#*BtEh8
1180
A\mjfHX tJ5vs8disvZovlVh(8MXKlp*KNdAIDnFIl-lNriip7,Jk.OmtI)n9Dhj[^AghAs,Y;dOthiBsjVwcZZhyTytxra2%r[sfXs>YCpJz*rTrc mVNvRKwVb3Gt=R?xM]hP<kaUn 5r_3tt jF0WOBesnex#*BtEh8
1181
A\mjfHX tJ5vs8disvZovlVh(8MXKlp*KNdAIDnFIl-lNriip7,Jk.OmtI)n9Dhj[^AghAs,Y;dOthiBsjVwcZZhyTytxra2%r[sfXs>YCpJz*rTrc mVNvRKwVb3Gt=R?xM]hP<kaUn 5r_3tt jF0WOBesnex#*BtEh8
1182
A\mjfHX tJ5vs8disvZovlVh(8MXKlp*KNdAIDnFIl-lNriip7,Jk.OmtI)n9Dhj[^AghAs,Y;dOthiBsjVwcZZhyTytxra2%r[sfXs>YCpJz*rTrc mVNvRKwVb3Gt=R?xM]hP<kaUn 5r_3tt jF0WOBesnex#*BtEh8
1183
A\mjfHX tJ5vs8disvZovlVh(8MXKlp*KNdAIDnFIl-lNriip7,Jk.OmtI)n9Dhj[^AghAs,Y;dOthiBsjVwc[ZhyTytxra2%r[sfXs>YCpJz*rTrc mVNvRKwVb3Gt=R?xM]hP<kaUn 5r_3tt jF0WOBesnex#*BtEh8
1184
A\mjfHX tJ5vs8disvZovlVh(8MXKlp*KNdAIDnFIl-lNriip7,Jk.OmtI)n9Dhj[^AghAs,Y;dOthiBsjVwc[ZhyTytxra2%r[sfXs>YCpJz*rTrc mVNvRKwVb3Gt=R?xM]hP<kaUn 5r_3tt jF0WOBesnex#*BtEh8
1185
A]mjeHX tK5us8eisu]owjUi)7MXJlp*KNd@JCoFIl-lNriip7,Jn.OltH)l9Dhj[^?ghAs,X:dOthiBsjVwbZZixTysxra2%rZsgXr=XCpKx*rTrc mVOuRMwUb3Gv=R?xM]gP<laUm 5r_3ts jF0XOBesnex#*@tEh8
1186
A]mjeHX tK5vs8eisu]owjUi)9MXKlp*KNd@ICnFIl-lNriip7,Jn.OltH)m9Dik[^?ghAs,X:dNthiBsjVwbZZhxTysxra2%rZsgXr=XCpKx*sTqc mVOuRKwTb3Gv>R@xM]gP>kaUl 5r_3ts jF0XOBesnex#*@tFh8
1187
A]mjeHX tK5vs8eisu]owjUi)9MXKlp*KNd@ICnFIl-lNriip7,Jn.OltH)m9Dik[^?ghAs,X:dNthiBsjVwbZZhxTysxra2%rZsgXr=XCpKx*sTqc mVOuRKwTb3Gv>R@xM]gP>kaUl 5r_3ts jF0XOBesnex#*@tFh8
1188
A]mjeIX tK5vs8eisu]owjUi)9MXKlp*KNd@ICnFIl-lNriip7,Jn.OltH)m9Dik[^?ghAs,X:dNthiBsjVwbZZhxTysxra2%rZsgXr=XCpKx*sTqc mVOuRKwTb3Gv>R@xM]gP?kaUl 5r_3ts jF0XOBesnex#*@tFh8
1189
A]mjeIX tK5vs8eisu]owjUi)9MXKlp*KNd@ICnFIl-lNriip7,Jn.OltH)m9Dik[^?ghAs,X:dNthiBsjVwbZZhxTysxra2%rZsgXr=XCpKx*sTqc mVOuRKwTb3Gv>R@xM]gP?kaUl 5r_3ts jF0XOBesnex#*@tFh8
1190
A\mjfHX tJ5vs8disvZovlWh(8MXKlp*KOdAIDnFIl-lNriip7,Jk.OmtI)n9Dhj[^AghAs,X;dOthiBsjVwc[ZhyTytxra2%r[sfXs>YCpJz*rTrc mVNvRLwVb3Gt=R?xM]hP<kaUn 5r_3tt jF0WOBesnex#*BtEg8
1191
A\mjfHX tJ5vs8eisvZoulUh(7MXKlp*KNd@IDoGIl-lNriio7,Jm.OmtI)m9Dhk[^?ghBs,Y;dOthiBsjVwcZ[hyTysxra2%r[sgXr>ZCpJz*rTrc mVNvQKwVb3Ht=R?wM]hP<kaUn 5r`3tt jF0WOBesmex#*AtEg8
1192
A\mjfHY tJ5vs8eisvZoulUh(7MXKlp*KNe@IDnFIl-lNriio7,Jm.OmtI)m9Dhj[^?ghAs,Y;dNthiBsjVwcZZhyTysxra2%r[rgXr>ZCpJz*rTrd mVNvQKwVc3Ht=R?wM]hO<kaUn 5r`3tt jF0WOBesmex#*AtEh8
1193
A\mjfHY tJ5vs8eisvZoulUh(7MXKlp*KNe@IDnFIl-lNriio7,Jm.OmtI)m9Dhj[^?ghAs,Y;dNthiBsjVwcZZhyTysxra2%r[rgXr>ZCpJz*rTrd mVNvQKwVc3Ht=R?wM]hO<kaVn 5r`3tt jF0WOBesmex#*AtEh8
1194
A\mjfHY tJ5vs8eisvZoulUh(7MXKlp*KNe@IDnFIl-lNriio7,Jm.OmtI)m9Dhj[^?ghAs,Y;dNthiBsjVwcZZhyTysxra2%r[rgXr>ZCpJz*rTrd mVNvQKwVc3Ht=R?wM]hO<kaVn 5r`3tt jF0WOBesmex#*AtEh8
1195
A\mjfHY tJ5vs8eisvZotlUh(7MXKlp*KNe@IDnFIl-lNriio7,Jm.OmtI)m9Dhj[^?ghAs,Y;dNthiBsjVwcZZhyTysxra2%r[rgXr>ZCpJz*rTrd mVNvQKwVc3Ht=R?wM]hO<kaVn 5r`3tt jF0WOBesmex#*AtEh8
1196
A\mjfHY tJ5vs8eisvZotlUh(7MXKlp*KNe@IDnFIl-lNriio7,Jm.OmtI)m9Dhj[^?ghAs,Y;dNthiBsjVwcZZhyTysxra2%r[rgXr>ZCpJz*rTrd mVNvQKwVc3Ht=R?wM]hO=kaVn 5r`3tt jF0WOBesmex#*AtEh8
1197
A\mjfHY tJ5vs8eisvZotlUh(7MXKlp*KNe@IDnFIl-lNriio7,Jm.OmtI)m9Dhj[^?ghAs,Y;dNthiBsjVwcZZhyTysxra2%r[rgXr>ZCpJz*rTrd mVNvQKwVc3Ht=R?wM]hO=kaVn 5r`3tt jF0WOBesmex#*AtEh8
1198
A]mjfIX tK5vs8eisu]owjUi)9MXKlp*KNe@ICnFIl.lNriip7,Jn.OltI)m9Dhk[^?ghAs,X:dNthiBsjVwaZZhxTysxra2&rZsgXr=XCpKx*sTqc mVOuRKwTb3Gv>R@xM]gP?kaUl 5r_3ts jF/XOBesnex#*@tGh8
1199
A]mjfIX tK5vs8eisu]owjUi)9MXKlp*KNe@ICnFIl.lNriip7,Jn.OltI)m9DhkZ^?ghAs,X:dNthiBsjVwaZZhxTysxra2&rZsgXr=XCpKx*tTqc mVOvRKwTb3Hv>R@xM]gP?kaUl 5r_3ts jF/XOBesnex#*@tGh8
1200
A\mjfHY tJ5vs8eisvZotlUh(7MXKlp*KNe@ICnFIl-lNriio7,Jm.OmtI)m9Dhj[^?ghAs,Y;dNuhiBsjVwcZZhyTysxra2%r[rhXr>ZCpJz*rTrd mWNuQKwVc4Ht=R?wM]hO=kaVn 5r`3tt jF0WOBesmex#*AtEh8
1201
A\mjfHY tJ5vs8eisvZotlUh(7MXKlp*KNe@ICnFIl-lNriio7,Jm.OmtI)m9Dhj[^?ghAs,Y;dNuhiBsjVwcZZhyTysxra2%r[rhXr>ZCpJz*rTrd mWNuQKwVc4Ht=R?wM]hO=kaVn 5r`3tt jF0WOBesmex#*AtEh8
1202
A\mjfHY tJ5vs8eisvZotlUh(8MXKlp*KNe@ICnFIl-lNriio7,Jm.OmtI)m9Dhj[^?ghAs,Y;dNuhiBsjVwcZZhyTysxra2%r[rhXr>ZCpJz*rTrd mWNuQKwVc4Ht=R?wM]hO=kaVn 5r`3tt jF0WOBesmex#*AtEh8
1203
A\mifHY tJ5vs8eisvZotlUh(7MXKlp*KNe@ICnFIl-lNriio7,Jm.OmtI)m9Dhj[^?ghAs,Y;dNuhiBsjVwcZZhyTysxra2%r[rhXr>ZCpJz*rTrd mWNuQKwVc4Ht=R?wM]hO=kaVn 5r`3tt jF0WPBesmex#*AtEh8
1204
A\mifHY tJ5vs8eisvZntlUh(7MXKlp*KNe@ICnFIl-lNriio7,Jm.OmtI)m9Dhj[^?ghAs,Y;dNuhiBsjVwcZZhyTysxra2%r[rhXr>ZCpJz*rTrd mWNuQKwVc4Ht=R?wM]hO=kaVn 5r`3tt jF0WPBesmex$*AtEh8
1205
A]mjfIX tK5vs8eisu]owjUi*9MXKlp*KNe@ICnFIl.lNriip7,Jn.OltI)m9Dhk[^?ghAs,X:dNthiBsjVwaZZhxTysxra2&rZsgXr=XBpKx*sTqc mVOuQKwTb3Gu>R@xM]gP?kaUl 5r_3ts jF/XOBesnex#*@tGh8
1206
A]mjfIX tK5vs8eisu]owjUi*9MXKlp*KNe@ICnFIl.lNriip7,Jn.OltI)m9Dhk[^?ghAs,X:dNthiBsjVwaZZhxTysxra2&rZsgXr=XBpKx*sTqc mVOuQKwTb3Gu>R@xM]gP?kaUl 5r_3ts jF/XOBesnex#*@tGh8
1207
A]mjfIX tK5vs8fisu^owjUi)9MXKlp*JNe@ICnFIl.lNriip7,Jn.OltI)m9Dhk[_?ghAs,X:dNthiBsjVwaZZhwTysxra2&rZsgXr=XCpKx*sTqc mVOuRKwTb3Gv>R@xM]gP?kaUl 5r_3ts jF/XOBesnex#*@tGh8
1208
A]mjfIX tK5vs8fisu^owjUi)9MXKlp*JNe@ICnFIl.lNriip7,Jn.OltI)m9Dhk[_?ghAs,X:dNthiBsjVwaZZhwTysxra2&rZsgXr=XCpKx*sTpc mVOuRKwTb3Gv>R@xM]gP?kaUl 5r_3ts jF/XOBesnex#*@tGh8
1209
A]mjfIX tK5vs8eisu]owjUi)9MXKlo*KNe@ICnFIl.lNriip7,Jn.OltI)m9DhkZ^?ghAs,X;dNthiBsjVwaZZhxTysxra2&rZsgXr=XCoLx*tTqc mVOuRKwTb3Hv?R@xM]gP?kaUl 5r_3ts jF.XOBermex#*@tGh8
1210
A\mjfHY tL5vs8eisvZoulUh(7MXKlp*JNe@IDnFIl-lNriin7,Jm.OmtI)m9Dhj[^?ghAs,Y;dNthiBsjVwcZZhyTysxra2%r[rgXr>ZBpJz*rTqe mVNvQKwVc3Ht=R?wN]hN<kaVn 6ra3tt jF/WOBfsmex#*AtEh8
1211
A\mjfHY tL5vs8eisvZoulUh(7MXKlp*JNe@IDnFIl-lNriin7,Jm.OmtI)m9Dhj[^?ghAs,Y;dNthiBsjVwcZZhyTysxra2%r[rgXr>ZBpJz*rTqe mVNvQKwVc3Ht=R?wN]hN<kaVn 6ra3tt jF/WOBfsmex#*AtEh8
1212
A]mjfIX tK5vs8eisu]owjUi)9MXKlo+KNe@ICnFIl.lNriip7,Jn.OltI)m9DhkZ^?ghAs,X;dNthiBsjVwaZZhxTysxra2&rZsgXr=XCpLx*tTqc mVOvRKwTb3Iv?R@xM]gP?kaUl 5r_3ts jF.XOCesmex#*@tGh8
1213
A]mjfIX tK5vs8eisu]owjUi)9MXKlo+KNe@ICnFIl.lNriip7,Jn.OltI)m9DhkZ^?ghAs,X;dNthiBsjVwaZZhxTysxra2&rZsgXr=XCpLx*tTqc mVOvRKwTb3Iv?R@xM]gP?kaUl 5r_3ts jF.XOCesmex#*@tGh8
1214
A]mjfIX tK5vs8eisu]owjUi)9MXKlo+KNe@ICnFIl.lNriip7,Jn.OltI)m9DhkZ^?ghAs,X;dNthiBsjVwaZZhxTysxra2&rZsgXr=XCpLx*tTqc mVOvRKwTb3Iv?R@xM]gP?kaUl 5r_3ts jF.XOCesmex#*@tGh8
1215
A]mjfIX tK5vs8eisu]owjUi)9MXKlo+KNe@ICnFIl.lNriip7,Jn.OltI)m9DhkZ^?ghAs,X;dNthiBsjVwaZZhxTysxra2&rZsgXr=XCpLx*tTqc mVOvRKwTb3Iv?R@xM]gP?kaUl 5r_3ts jF.XOCesmex#*@tGh8
1216
A]mjfJX tK5vs8eisu]owjUi)9MXKlp*KNe@JCnFIl.lNriip7,Jn.OktI)m9DhkZ^?ghAs,X<dNthiBsjVwaZZhxTysxra2&rZsgXr=XCpLx*tTqd mUOvRKwTb3Hv?R@xM]gP?kaUl 5r_4ts jF.XOBernex#*@sGh8
1217
A]mjfJX tK5vs8eisu]owjUi)9MXKlp*KNe@JCnFIl.lNriip7,Jn.OktI)m9DhkZ^?ghAs,X<dNthiBsjVwaZZhxTysxra2&rZsgXr=XCpLx*tTqd mUOvRKwTb3Hv?R@xM]gP?kaUl 5r_4ts jF.XOBernex#*@sGh8
1218
A]mjfJX tK5vs8eisu]owjUi)9MXKlp*KNe@JCnFIl.lNriip7,Jn.OktI)m9DhkZ^?ghAs,X<dNthiBsjVwaZZhxTysxra2&rZrgXr=XCpLx*tTqd mUOvRKwTb3Hv?R@xM]gP?kaUl 5r_4ts jF.XOBernex#*@sGh8
1219
A]mjfIX tK5vs8ehsu]owjUi)9MXKlo+KNe@ICnFIl.lOriip7,Jn.OlsI)m9DhkZ^?ghAs,X;dNthiBsjVwaZZhxTysxra3&rZsgXr=XCpLx*tTqc mVOvRKwTb3Iv?R@xM]gP?kaUl 5r_3ts jG.XODesmex#*@tGh8
1220
A]mjfIX tK5vs8ehsu]owjUi)9MXKlo+KNe@ICnFIl.lOriip7,Jn.OlsI)m9DhkZ^?ghAs,X;dNthiBsjVwaZZhxTysxra3&rZsgXr=XCpLx*tTqc mVOvRKwTb3Iv?R@xM]gP?kaUl 5r_3ts jG.XODesmex#*@tGh8
1221
A\mjfHY tL5vs8eisvZoulVh(7MXKlp*JNe@IDnFIl-lNriin7,Jm.OmtI)m9Dhj[^?ghAs,X<dNthiBsjVwdZZhyTysxra2%r[rgXr>ZBpJz*rTqe mVNvQKwVc4Ht=R?wN]hN<kaVn 6ra3tt jF/WOBfsmex#*AtFh8
1222
A\mjfHY tL5vs8eisvZoulVh(7MXKlp*JNe@IDnFIl-lNriin7,Jm.OmtI)m9Dhj[^?ghAs,X<dNthiBsjVwdZZhyTysxra2%r[rgXr>ZBpJz*rTqe mVNvQKwVc4Ht=R?wN]hN<kaVn 6ra3tt jF/WOBfsmex#*AtFh8
1223
A]mjfIX tK6vs8fisu]owjUi*9MXKlp*KNe@ICnGJl.lNriip7,Jn.OltI)m9Dhk[^?ghAs,X:eNthiBsjVwaZ[hxTysxra2&rZsgXr?XBpKx*sTqc mVOtQKwTb3Gu>R@xM]gP?kaVl 5r_4ts jF/XOBfsnex#*@sGg8
1224
A]mjfIX tK6vs8fisu]owjUi*9MXKlp*KNe@ICnGJl.lNriip7,Jn.OltI)m9Dhk[^?ghAs,X:eNthiBsjVwaZ[hxTysxra2&rZsgXr@XBpKx*sTqc mVOtQKwTb3Gu>R@xM]gP?kaVl 5r_4ts jF/XOBfsnex#*@sGg8
1225
A]mjfIX tK6vs8fisu]owjUi*9MXKlp*KNe@ICnGJl.lNriip7,Jn.OltI)m9Dhk[^?ghAs,X:eNthiBsjVwaZ[hxTysxra2&rZsgXr@XBpLx*sTqc mVOtQKwTb3Gu>R@xM]gP?kaVl 5r_4ts jF/XOBfsnex#*@sGg8
1226
A]mjfIX tK6vs8fisu]owjUi*9MXKlp*KNe@ICnGJl.lNriip7,Jn.OltI)m9Dhk[^?ghAs,X:eNthiBsjVwaZ[hxTysxra2&rZsgXr@XBpLx*sTqc mVOtQKwTb3Gu>R@xM]gP?kaVl 5r_4ts jF/XOBfsnex#*@sGg8
1227
A]mjfIX tK6vs8fisu]owjUi*9MXKlp*KNe@ICnGJl.lNriip7,Jn.OltI)m9Dhk[^?ghAs,X:eNthiBsjVwaZ[hxTysxra2&rZsgXr@XBpLx*sTqc mVOtQKwTb3Gu>R@xM]gP?kaVl 5r_5ts jF/XOBfsnex#*@sGg8
1228
A]mjfIX tK6vs8fisu]owjUi*9MXKlp*KNe@ICnGJl.lNriip7,Jn.OltI)m9Dhk[^?ghAs,X:eNthiBsjVwaZ[hxTysxra2&rZsgXr@XBpLx*sTqc mVOtQKwTb3Gu>R@xM]gP?kaVl 5r_5ts jF/XOBfsnex#*@sGg8
1229
A]mjfJX tK5vs8eisu]owjUi):MXKlp*KNeAJCnFIl.lNriip8,Jn.OktI)m9DhjZ^?ghAs,X<dNshiBsjWwaZZhwTysxra2&rZrgXr=XCpLx*tTqe mUOvRKwTb4Hv?R@xM]gP?kaUl 5r_4ts jF.XOBernex#*@sGh8
1230
A]mjfIX tK7vs8fhsu]owjUi*:MXKlp*KNe@ICnGJl.lNriip7,Jn.OltI)m9Dhk[^?ghAs,X:eNthiBsjVwaZ[hxTysxra2&rZsgXr?XBpKx*sTqc mVOtQKwTb3Gu>R@xM]gP?kaVl 5r_4ts kF/XOBfsnex#*@sGg8
1231
A]mjfIX tK7vs8fhsu]owjUi*:MXKlp*KNe@ICnGJl.lNriip7,Jn.OltI)m9Dhk[^?ghAs,X:eNthiBsjVwaZ[hxTysxra2&rZsgXr?XBpKx*sTqc mVOtQKwTb3Gu>R@xM]gP?kaVl 5r_4ts kF/XOBfsnex#*@sGg8
1232
A]mjfHY tL5vs8eisvZoulVh(7MXKlp*JNf@IDnFIl-lOriin8,Jm.OmtI)l9Dhj[^?ghAs,Y<dNthiBsjVwdZZhyTysxra2%r[rgXr>ZBpJz*sTqe mVNvQLwVc4Ht=R?wN^hN<kaVn 6ra3tt jF/WOBfsmex#*AtFh8
1233
A]mjfIX tK6vs8fisu]owjUi*9MXKlp*KNe@IBnGJl.lNriio7,Jn.OltI)l9Dhk[^?ghAs,X:eNthiBsjVwaZ[hxTysxra2&rZsgXr?XBpKx*sTqb mVOsQKwTb3Gu?R@xM]gP?kaVl 5r_4ts kF/XPBfsnex#*@sGg8
1234
A]mjfIX tK6vs8fisu]owjUi*9MXKlp*KNe@IBnGJl.lNriio7,Jn.OltI)l9Dhk[^?ghAs,X:eNthiBsjVwaZ[hxTysxra2&rZsgXr?XBpKx*sTqb mVOsQKwTb3Gu?R@xM]gP?kaVl 5r_4ts kF/XPBfsnex#*@sGg8
1235
A]mjfKX tK5vs8eisu]owjUi):MXKlo*KNeAJCnFIl.lNriip8,Jn.OktI)m9DhjZ^?ghAs,X<dNshiBsjWwaZZhwTysxra2&rZrgXr=XCpLx*tTqe mUOvRKwTb4Hv?R@xM]gP?kaVl 5r_4ts jG.XOBernex#*@sGh8
1236
A]mjfIX tK6vs8fisu]owjUi*9MXKlp*KNe@IAnGJl.lNrihp7,Jn.OltJ)m8Dhk[^@ghAs,X:eNthiBsjVwaZ[gxTysxra2&rZsgXr?XBpKx*sTqb mVOtQKwTb3Gu>R@xM]gP?kaVl 5r_4ts kF/XPBfsnex#*@sGg8
1237
A]mjfJX tK5vs8fisu]ovjUi):MXKlp*KNeAJCnFIl.lNriip8,Jn.OktI)m9DhjZ^?ghAs,X<dNshiBsjXwaZZhwTysxra2&rZrgXr=XCpLw*tTqe mUOvRKwTb4Iv?R@xM]gP?kaUl 5r_4ts jF.WOBernex#*@sGh8
1238
A]mjfJX tK5vs8gisu]ovjUi):MXKlp*KNeAJCnFIl.lNriip8,Jn.OktI)m9DhjZ^?ghAs,X<dNshiBsjXwaZZhwTysxra2&rZrgXr=XCpLw*tTqe mUOvRKwTb4Iv?R@xM]gP?kaUl 5r_4ts jF.WOBernex#*@sGh8
1239
A]mjfJX tK5vs8gisu]ovjUi):MXKlp*KNeAJCnFIl.lNriip8,Jn.OktI)m9DhjZ^?ghAs,X<dNshiBsjXwaZZhwTysxra2&rZrgXr=XCpLw*tTqe mUOvRKwTb4Iv?R@xM]gP?kaUl 5r_4ts jF.WOBernex#*@sGh8
1240
A]mjfJX tK5vs8gisu]ovjUi):MXKlp*KNeAJCnFIl.lNriip8,Jn.OktI)m9DhjZ^?ghAs,X<dNshiBsjXwaZZhwTysxra2&rZrgXr=XCpLw*tTqe mUOvRKwTb4Iv?R@xM]gP?kaUl 5r_4ts jF.WOBernex#*@sGh8
1241
A]ljfIX tK6vs8fisu]owjUi*9MXKlp+KNe@IBnGJl/lNriip7,Jn.OluI)m8Dhk[^@ghAs,W;eNthiBsjVwaZ[hxTysxra2&rZsgXr?XBpKw*sTqb mVOtQKwTb4Gu>R@xM]fP?kaVl 5r_4ts kF/XPBfsnex#*@sGg8
1242
A\mjgJY tL5us8gisvZoulUh(7MYKlp*JNf@ICnFIm-kNriin7,Jm.OmtI)m9Dhi[^?ghAs,X;dMthiBsjVwdZZhyTysxra2%r[rgXq>ZBpJz*rTqe mVNvQKwVc3Ht>R?wO]hN<kaVn 7ra3tt kF/WOCfsmex#*BtEh8
1243
A]mjfIX tK7vs8fisu]owjUi*9MXKlp*KNe@IBnGJl.lNriip7,Jn.OltI)m8Dhk[^?ghAs,X:eNthiAsjVwaZ[hwTysxra2&rZsgYr?XBpKx+sTpc mVOsQKvTb3Gu>R@xM]gP?kaWl 6r_4ts kF/XOBfsnex#*@sGg8
1244
A]ljfIX tK6vs8fisu]owjUi*:MXKlp*KNf@IBnGJl.lNriio7,Jn.OltJ)l9Dhk[^?ghAs,W:eNthiBsjVwaZ[hxTysxra2&rZsgXr?XApKx*sTqb mVOsQKwTb3Gu?RAxM]gP?kaVl 5r_4ts kF/XPBfsnex$*@sGg8
1245
A]ljfIX tK6vs8fisu]owjUi*:MXKlp*KNf@IBnGJl.lNriio7,Jn.OltJ)l9Dhk[^?ghAs,W:eNthiBsjVwaZ[hxTysxra2&rZsgXr?XApKx*sTqb mVOsQKwTb3Gu?RAxM]gP?kaVl 5r_4ts kF/XPBfsnex$*@sGg8
1246
A]ljfIX tK6vs8fisu]owjUi*9MXKlp*KNe@IBnGJl/lNriip7,Jn.OluI)m8Dhk[^@ghAs-X;eMthiBsjVwaZ[hxTysxra2&rZsgYr?XBpKw*sTqb mVOtQKwTb4Gu>R@xM]eO?kaVl 5r_4ts kF/XPBfsnex#*@rGg8
1247
A]ljfIX tK6vs8fisu]owjUi*9MXKlp*KNe@IBnGJl/lNriip7,Jn.OluI)m8Dhk[^@ghAs-X;eMthiAsjVwaZ[hxTysxra2&rZsgYr?XBpKw*sTqb mVOtQKwTb4Gu>R@xM]eO?kaVl 5r_4ts kF/XPBfsnex#*@rGg8
1248
A]ljfIX tK6vs8fisu]owjUi*9MXKlp*KNe@IBnGJl/lNriip7,Jn.OluI)m8Dhk[^@ghAs-X;eMthiAsjVwaZ[hxTysxra2&rZsgYr?XBpKw*sTqb mVOtQKwTb4Gu>R@xM]eO?kaVl 5r_4ts kF/XPBfsnex#*@rGg8
1249
A]ljfIX tK6vs8fisu]owjUi*9MXKlp*KNe@IBnGJl/lNriip7,Jn.OluI)m8Dhk[^@ghAs-X;eMthiAsjVwaZ[hxTysxra2&rZsgYr?XBpKw*sTqb mVOtQKwTb4Gu>R@xM]eO?kaVl 5r_4ts kF/XPBfsnex#*@rGg7
1250
A]mjfJX tK5vs8eisu]owjUi*:MXKlo*KNeAJCnFIl.lNriip8,Jn.OktI*m9EgiZ^?ghAs,X<dNshiAslWwbZZhwTysxra2%r[rfXr=XCpLw*tTqf mUOvQKwTb4Hv?S@xM]gP?kaVl 5r_4ts jF.XOBermex#*@sGh8
1251
A]mjfJX tK5vs8eisu]owjUi*:MXKlo*KNeAJCnFIl.lNriip8,Jn.OktI*m9EgiZ^?ghAs-X<dNshiAslWwbZZhwTysxra2%r[rfXr=XCpLw*tTqf mUOvQKwTb4Hv?S@xM]gP?kaVl 5r_4ts jF.XOBermex#*@sGh8
1252
A]mjfJX tK5vs8eisu]owjUi*:MXKlo*KNeAJCnFIl.lNriip8,Jn.OktI*m9EgiZ^?ghAs-X<dNshiAslWwbZZhwTysxra2%r[rfXr=XCpLw*tTqf mUOvQKwTb4Hv?S@xM]gP?kaVl 5r_4ts jF.XOBermex#*@sGh8
1253
A]mjfJX tK5vs8eisu]owjUi*:MXKlo*KNeAJCnFIl.lNriip8,Jn.OktI*m9EgiZ^?ghAs-X<dNshiAslWwbZZhwTysxra2%r[rfXr=XCpLw*tTqf mUOvQKwTb4Hv?S@xM]gP?kaVl 5r_4ts jF.XOBermex#*@sGh8
1254
A]ljfIX tK6vs8fist]owjUi*9MXKlp*KNe@HBnGJl/lNriip7,Jn.OluI)m8Dhk[^@ghAs-X;eMthiBsjVvaZ[hxTysxra2&rZsgXr@XBpKw*sTpc mVOtQKwTb4Gu>R@xM]eN?kaVl 5r_4ts kF/XPBfsnex#*@rGg8
1255
A]mjfJX tK5vs8eisu]owjUi*:MXKlo*KNeAJCnFIl.kNriip8,Jn.OktI*m9EgiZ^?ghAs-X<dNshiAslWwbZZhwTysxra2%r[rfXr=XCpLw*tTqf mUOvQKwTb4Hv?S@xM]gP?kaVl 5r_4ts jF.XOBermex#*@sGh8
1256
A]ljfIX tL6vs8fist]owkUi*9MXKlp*KNe@IBnGJl/lNrihp7,Jn.OluI)m8Dhk[^AghAs-X;eMthiBsjVwaZ[hxUysxra2&rZsgXr?XBpKw*sTqb mVPtQKwUb4Gu>R@xM]eO?kaVl 5r_4ts kF/XPBfsnex#*@rGg8
1257
A]ljfIX tL6vs8fist]owkUi*9MXKlp*KNe@IBnGJl/lNrihp7,Jn.OluI)m8Dhk[^AghAs-X;eMthiBsjVwaZ[hxUysxra2&rZsgXr?XBpKw*sTqb mVPtQKwUb4Gu>R@xM]eO?kaVl 5r_4ts kF/XPBfsnex#*@rGg8
1258
A]ljfIX tK6vs8fist]owkUi*9MXKlp*KNe@IBnGJl/lNrihp7,Jn.OluI)m8Dhk[^@ghAs-X;eMthiBsjVwaZ[hxUysxra2&rZsgXr?YBpKw*sTqb mVPtQKwUa4Gu>R@xM]eO?kaVl 5r_4ts kF/XPBfsnex#*@rGg8
1259
A]ljfIX tK6vs8fist]owkUi*9MXKlp*KNe@IBnGJl/lNrihp7,Jn.OluI)m8Dhk[^@ghAs-X;eMthiBsjVwaZ[hxUysxra2&rZsgXr?YBpKw*sTqb mVPtQKwUa4Gu>R@xM]eO?kaVl 5r_4ts kF/XPBfsnex#*@rGg8
1260
A]ljfJX tK6vs8fitu]nwjUi*:MXLlp*KNf@IBnHJl.lNriio7,Jn.OltJ)l9DhkZ^?ghAs,W:eNthiBsjVwaZ[hxTysxra2&rZsgXr@XApKx*sTqb!mVOsQKwTb3Gu?RAxM]gP@kaVl 5r_4ts kF.VQBfsmex$+@sGg7
1261
A]ljfJX tK6vs8fitu]nwjUi*:MXLlp*KNf@IBnHJl.lNriio7,Jn.OltJ)l9DhkZ^?ghAs,W:eNthiBsjVwaZ[hxTysxra2&rZsgXr@XApKx*sTqb!mVOsQKwTb3Gu?RBxM]gP@kaVl 5r_4ts kF.VQBfsmex$+@sGg7
1262
A]ljfJX tK6vs8fitu]nwjUi*:MXLlp*KNf@IBnHJl.lNriio7,Jn.OltJ)l9DhkZ^?ghAs,W:eNthiBsjVwaZ[hxTysxra2&rZsgXr@XApKx*sTqb!mVOsQKwTb3Gu?RBxM]gP@kaVl 5r_4ts kF.VQBfsmex$+@sGg7
1263
A]ljfJX tK6vs8fitu]nwjUi*:MXLlp*KNf@IBnHJl.lNriio7,Jn.OltJ)l9DhkZ^?ghAs,W:eNthiBsjVwaZ[hxTysxra2&rZsgXr@XApKx*sTqb!mVOsQKwTb3Gu?RBxM]gP@kaVl 5r_4ts kF.VQBfsmex$+@sGg7
1264
A]ljfIX tK6vs8fisu]owjUi*9MXKlp*KNe@IAnGJl/lNriip7,Jn.OluI)m8Dhk[^@ghAs-X;eLthiAsjVwbZ[hxTysxra3&r\sgYr?XBpKw*sTqb kVOtQKwTb4Gu>R@xM]eO@kaVl 5r_4ts kF/XPCfsnex#*@rGg8
1265
A\mjgLY tL5us8ggsv[oulUh(7MYKlp*JNf?ICnFIl-kNriim7,Jm.OmtI)m9DhhZ^?ghAs,X;dLthiBsjUwdZZhxTysxra2%r\qgXq>ZBpJz*rTqe mVNuQKwUc3Ht>R?vO]hN=kaVn 7ra3tt kF/WOCfsmex#+BtFh8
1266
A\mjgLY tL5us8ggsv[oulUh(7MYKlp*JNf?ICnFIl-kNriim7,Jm.OmtI)m9DhhZ^?ghAs,X;dLthiBsjUwdZZhxTysxra2%r\qgXq>ZBpJz*rTqe mVNuQKwUc3Ht>R?vO]hN=kaVn 7ra3tt kF/WOCfsmex#+BtFh8
1267
A]ljgIX tK6vs8fisu]owjUi*9MXKlp*KNe@IAnGJl/lNriip7,Jn.OluI)m8Dhk[^@ghAs-X;eLthiAsjVwbZ[hxTysxra3&r\sgYr?XBpKw*sTqb kVOtQKwTb4Gu>S@xM]eO@kaVl 5r_4ts kF/XPCfsnex#*@rGg8
1268
A]ljfIX tM6vs8fist]owlUi*9LXKlp*KNeAIBnGJm/lNriho7,Jn.OluI)m8DhkZ^@ghAs-X;eMthiBsjVvaZ[hxUysxra2&rYsfXr?XBpKw+sTqb mVPtQKwUa4Gu=RAxM]eN?kaVl 5r_4ts kF/XPBfsnex#*@rGg8
1269
A]ljfIX tM6vs8fist]owlUi*9LXKlp*KNeAIBnGJm/lNriho7,Jn.OluI)m8DhkZ^@ghAs-X;eMthiBsjVvaZ[hxUysxra2&rYsfXr?XBpKw+sTqb mVPtQKwUa4Gu=RAxM]eN?kaVl 5r_4ts kF/XPBfsnex#*@rGg8
1270
A]ljfIX tM6vs8fist]owlUi*9LXKlp*KNeAIBnGJm/lNriho7,Jn.OluI)m8DhkZ^@ghAs-X;eMthiBsjVvaZ[hxUysxra2&rYsfXr?XBpKw+sTqb mVPtQKwUa4Gu=RAxM]eN?kaVl 5r_4ts kF/XPCfsnex#*@rGg8
1271
A]ljfIY tM6vs8fist]owlUi*9LXKlp*KNeAIBnGJm/lNriho7,Jn.OluI)m8DhkZ^@ghAs-X;eMthiBsjVvaZ[hxUysxra2&rYsfXr?XBpKw+sTqb mVPtQKwUa4Gu=RAxM]eN?kaVl 5r_4ts kF/XPCfsnex#*@rGg8
1272
A]ljfIY tM6vs8fist]owlUi*9LXKlp*KNeAIBnGJm/lNriho7,Jn.PluJ)m8DhkZ^@ghAs-X;eMthiBsjVvaZ[hxUysxra2&rYsfXr?XBpKw+sTqb mVPtQKwUa4Gu=RAxM]eN?kaVl 5r_4ts kF/XPCfsnex#*@rGg8
1273
A]ljfIY tM6vs8fist]owlUi*9LXKlp*KNeAIBnGJm/lNriho7,Jn.OluJ)m8DhkZ^@ghAs-X;eMthiBsjVvaZ[hxUysxra2&rYsfXr?XBpKw+sTqb mVPtQKwUa4Gu=RAxM]eN?kaVl 5r_4ts kG/XPCfsoex#*@rGg8
1274
A]ljfIY tM6vs8fist]owlUi*9LXKlp*KNeAIBnGKm/lNriho7,Jn.OluJ)m8DhkZ^@ghAs-X;eMthiBsjVvaZ[hxUysxra2&rYsfXr?XBpKw+sTqb mVPtQKwUa4Gu=RAxM]eN?kaVl 5r_4ts kG/XPCfsoex#*@rGg8
1275
A]ljfIY tM6vs8fist]owlUi*9LXKlp*KNeAIBnGKm/lNriho7,Jn.OluJ)m8DhkZ^@ghAs-X;eMthiBsjVvaZ[hxUysxra2&rYsfXr?XBpKw+sTqb mVPtQKwUa4Gu=RAxM]eN?kaVl 5r_4ts kG/XPCfsoex#*@rGg8
1276
A]ljgIY tK7vs8fisu]ovjUi*9MYKlp*KNfAIBnGJl.lNriip8,In.OktI*m8Dhk[_?ghBs,X:eNthiAsjVwbZ[hwTysxra2&rZsgYr@XBpKx+sTpc lVOsPKvTb3Gt>R@xM]gP@kaXl 6r_5ts kF/XPBfsnex#*@sGg8
1277
A]ljgIY tK7vs8fisu]ovjUi*9MYKlp*KNfAIBnGJl.kNriip8,In.OktI*m8Dhk[_?ghBs,X:eNthiAsjVwbZ[hwTysxra2&rZsgYr@XBpKx+sTpc lVOsPKvTb3Gt>R@xM]gP@kaXl 6r_5ts kF/XPBfsnex#*@sGg8
1278
A]ljgIY tK7vs8fisu]ovjUi*9MYKlp*KNfAIBnGJl.kNriip8,In.OktI*m8Dhk[_?ghBs,X:eNthiAsjVwbZ[hwTysxra2&rZsgYr@XBpKx+sTpc lVOsPKvTb3Gt>R@xM]gP@kaXl 6r_5ts kF/XPBfsnex#*@sGg8
1279
A]ljfIY tM6vs9fist]owlUi*9LXKlp*KNeAIBnGKm/lNriho7,Jn.OluJ)l8DhkZ^@ghAs-X;eMthiBsjVvaZ[hxUysxra2&rYsfXr?XBpKw+sTqb mVPtQKwUa4Gu=RAxM]eN?kaVl 5r_4ts kG/XQCfsoex#*@rGg8
1280
A]ljfIY tM6vs9fist]owlUi*9LXKlp*KNeAIBnGKm/lNriho7,Jn.OluJ)l8DhkZ^@ghAs-X;eMthiBsjVvaZ[hxUysxra2&rYsfXr?XBpKw+sTqb mVPtQKwUa4Gu=RAxM]eN?kaVl 5r_4ts kG/XQCfsoex#*@rGg8
1281
A]ligIX tK6vs8gisu]owjUi*9MYKlp*KNe@IAnGJl/lNriio7,Jn.OluI)m8Dhk[^@ghAs-X;eLthiAsiWwbZ[hxTysxra3&r\sgYr?XBpKw*sTqb kVOtQKwTb4Hu>S@xM]eO@kaWl 5ra4ts kF.XPCfsnex#*@rGg7
1282
A]ligIX tK6vs8gisu]owjUi*9MYKlp*KNe@IAnGJl/lNriio7,Jn.OluI)m8Dhk[^@ghAs-X;eLthiAsiWwbZ[hxTysxra3&r\sgYr?XBpKw*sTqb kVOtQKwTb4Hu>S@xM]eO@kaWl 5ra4ts kF.XPCfsnex#*@rGg7
1283
A]ljgIY tK7vs8fisu]ovjUi*9MYKlp*KNfAIBnGJl.kNriip8,In.OktI*m8Dhk[_?ghBs,X;eNthiAsjVwcZ[hwTysxra2&rZsgYr@XApKx+sTpc lVOsPKvTb3Gt>R@xM]gP@laXl 6r_5ts kF/XPBfsnex#*@sGg8
1284
A]ljgIY tK7vs8fisu]ovjUi*9MYKlp*KNfAIBnGJl.kNriip8,In.OktI*m8Dhk[_?ghBs,X;eNthiAsjVwcZ[hwTysxra2&rZsgYr@XApKx+sTpc lVOsPKvTb3Gt>R@xM]gP@laXl 6r_5ts kF/XPBfsnex#*@sGg8
1285
A]ljgIY tK7vs8fhsu]ovjUi*9LYKlp*KNfAIBnGJl.kNriip8,In/OktI*m8Dhk[_?ghBs,X:eNthiAsjVwbZ[hwTysxra2&rZrgYr@XBpKx+sTpc lVOsPKvTb3Gt>R@xM]gP@kaYl 6r_5ts kF/XPBfsnex#*@sGg8
1286
A]ljgIY tK7vs8fhsu]ovjUi*9LYKlp*KNfAIBnGJl.kNriip8,In/OktI*m8Dhk[_?ghBs,X:eNthiAsjVwbZ[hwTysxra2&rZrgYr@XApKx+sTpc lVOsPKvTb3Gt>R@xM]gP@kaYl 6r_5ts kF/XPBfsnex#*@sGg8
1287
A]ljgIY tK7vs8fhsu]ovjUi*9LYKlp*KNfAIBnGJl.kNriip8,In/OktI*m8Dhk[_?ghBs,X:eNthiAsjVwbZ[hwTysxra2&rZrgYr@XApKx+sTpc lVOsPKvTb3Gt>R@xM]gP@laYl 6r_5ts kF/XPBfsnex#*@sGg8
1288
A]ljgIY tK7vs8fhsu]ovjUi*9LYKlp*KNfAIBnGJl.kNriip8,In/OktI*m8Dhk[_?ghBs,X:eNthiAsjVwbZ[hwTysxra2&rZrgYr@XApKx+sTpc lVOsPKvTb3Gt>R@xM]gP@laYl 6r_5ts kF/XPBfsnex#*@sGg8
1289
A]ljgIY tK7vs8fhsu]ovjUi*9LYKlp*KNfAIBnGJl.kNriip8,In/OktI*m8Dhk[_?ghBs,X:eNthiAsjVwbZ[hwTysxra2&rZrgYr@XApKx+sTpc lVOsPKvTb3Gt>R@xM]gP@laYl 6r_5ts kF/XPBfsnex#*@sGg8
1290
A]ljgIY tK7vs8fhsu]ovjUi*9LYKlp*KNfAIBnGJl.kNriip8,In/OktI*m8Dhk[_?ghBs,X:eNthiAsjVwbZ[hwTysxra2&rZrgYr@XApKx+sTpc lVOsPKvTb3Gt>R@xM]gP@laYl 6r_5ts kF/XPBfsnex#*@sGg8
1291
A]ljfIX tM6vs8gist]owlVi*9LXKlp+KNeAIBoGJm/lNriho7,Jn.OjuI)m8DhkZ^@ghBs.X;eMthiBskVvaZ[hxUysxra2&rYrfXq?XBpKw*sTqb mVPtPKwUa4Gu=RAxM]eN@kaVl 5r_4ts kF/XQBfrnex#*@rGg8
1292
A]ljfIX tM6vs8fist]owlUi*9KXKkp*KNeAIAnGJm/lNriho7,Jn.OluI)m6DhkZ^AghCs-X;eMthiBsjWvaZ[hxVysxra2&rYsfXr?XBpKw+sTqc mVQtQKwUa4Gt=SAxM]eN@kaVl 5r_4ts kF/XPCfsnex#*@rGf8
1293
A]ljfIX tM6vs8fist]owlUi*9KXKkp*KNeAIAnGJm/lNriho7,Jn.OluI)m6DhkZ^AghCs-X;eMthiBsjWvaZ[hxVysxra2&rYsfXr?XBpKw+sTqc mVQtQKwUa4Gt=SAxM]eN@kaVl 5r_4ts kF/XPCfsnex#*@rGf8
1294
A]ljfIX tM6vs8gist]ovlVi*9LXKlp+KNeAIBoGJm/lNriho7,Jn.OjuJ)m8DhkZ^@ghBs.X;eMthiBskVvaZ[hxUysxra2&rYrfXq?XBpKw*sTqb mVPtPKwUa4Gu>RAxM]eN@kaVl 5r_4ts kF/XQBfrnex#*@rGg8
1295
A]ljfIX tM6vs8gist]ovlVi*9LXKlp+KNeAIBoGJm/lNriho7,Jn.OjuJ)m8DhkZ^@ghBs.X;eMthiBskVvaZ[hxUysxra2&rYrfXq?XBpKw*sTqb mVPtPKwUa4Gu>RAxM]eN@kaVl 5r_4ts kF/XQBfrnex#*@rGg8
1296
A]ljfIX tM6vs8gist]ovlVi*9LXKlp+KNeAIBoGJm/lNriho6,Jn.OjuJ)m8DhkZ^@ghBs.X;eMthiBskVvaZ[hxUysxra2&rYrfXq?XBpKw*sTqb mVPtPKwUa4Gu>RAxM]eN@kaVl 5r_4ts kF/XQBfrnex#*@rHg8
1297
A]ljfIX tM6vs8fist]owlUi*9KXKkp*KNeAIAnGJm/lNriho7,Jn.OluI)m6DhkZ^AghCs-X;eMthiBsjWvaZ[hxVysxra2&rZseXr?XApKw+tTqc mVQtQKwUa4Gt=SAxM]eN@kaVl 5r_4ts kF/XPCfsnex#*ArGf8
1298
A]ljfIX tM6vs8fist]owlUi*9KXKkp*KNeAIAnGJm/lNriho8,Jn.OluI)m6DhkZ^AghCs-X;eMthiBsjWvaZ[hxVysxra2&rZseXr?XApKw+tTqc mVQtQKwUa4Gt=SAxM]eN@kaVl 5r_4ts kF.XPCfsnex#*@rGf8
1299
A]ljfIX tM6vs8fist]owlUi*9KYKkp*KNeAIAnGJm/lNriho7,Jn.OluI)m6DhkZ^AghCs-X;eMthiBsjWvaZ[hxVysxra2&rZseXr?XApKw+tTqc mVQtQKwUa4Gt=SAxM]eN@kaVl 5r_4ts kF.XPCfsnex#*@rGf7
1300
A]ljfIX tM6vs8fist]owlUi+9KYKkp*KNeAIAnGJm/lNriho7,Jn.OluI)m6DhkZ^AghCs-X;eMthiBsjWvaZ[hxVysxra2&rZseXr?XApKw+tTqc mVQtQKwUa4Gt=SAxM]eN@kaVl 5r_4ts kF.XPCfsnex#*@rGf7
1301
A^ljfIX tM6us8fist]owlUi*9KXKko*KNeAIAnGJm/lNriho7,Jn.OluI)m6DhkZ^AghCs-X<eLthiBsjWvaZ[gxVyswra2&rYsfXr?XBpKw+sTqc mVQtQKwUa4Gt=SAxM]eN@kaVl 5r_4ts kF/XPCfsmex#*@rGf8
1302
A^ljfIX tM6us8fist]owlUi*9KXKko*KNeAIAnGJm/lNriho7,Jn.OluI)m6DhkZ^AghCs-X<eLthiBsjWvaZ[gxVyswra2&rYsfXr?XBpKw+sTqc mVQtQKwUa4Gt=SAxM]eN@kaVl 5r_4ts kF/XPCfsmex#*@rGf8
1303
A^ljfIX tM6us8fist]owlUi*9KXKko*KNeAIAnGJm/lNriho7,Jn.OluI)m6DhkZ^AghCs-X<eLthiBsjWvaZ[gxVyswra2&rYsfXr?XBpKw+sTqc mVQtQKwUa4Gt=SAxM]eN@kaVl 5r_4ts kF/XPCfsmex#*@rGf8
1304
A^ljfIX tM6us8fist]owlUi*9KXKko*KNeAIAnGJm/lNriho7,Jn.OluI)m6DhkZ^AghCs-X<eLthiBsjWvaZ[gxVyswra2&rYsfXr?XBpKw+sTqc mVQtQKwUa4Gt=SAxM]eN@kaVl 5r_4ts kF/XPCfsmex#*@rGf8
1305
A]ljfIX tM6vs8fist]owlUi,9KYKkp*KNeAIAnHJm/lNriho7,Jn.OluI)m6DhkZ^AghCs-X;eMthiBsjWvaZ[hxVysxra2&rZreXr?XApKw+tTqc mVQtQKwUa4Gt=SAxM]eN@kaVl 5r_4ts kF.XPCfsnex#*@rGf7
1306
A]ljfIX tM6vs8fist]owlUi,9KYKkp*KNeAIAnHJm/lNriho7,Jn.OluI)m6DhkZ^AghCs-X;eMthiBsjWvaZ[hxVysxra2&rZreXr?XApKw+tTqc mVQtQKwUa4Gt=SAxM]eN@kaVl 5r_4ts kF.XPCfsnex#*@rGf7
1307
A^ljfIX tM6us8fist]owlUi*:KXKkp*KNeAI@nGJm/lNriho7,Jn.OkuI)m6DhkZ^AfhCs-X;eLthiBsjWvaZ[gxVysxra2&rYrfXr?XBpKw+sTqc mVQtQKwUa4Gt>SAxM^eN@kaVl 5r_4ts kF/XPCfsmex#*@rGf8
1308
A^ljfIX tM6us8fist]owlUi*:KXKkp*KNeAI@nGJm/lNriho7,Jn.OkuI)m6DhkZ^AfhCs-X;eLthiBsjWvaZ[gxVysxra2&rYrfXr?YBpKw+sTqc mVQtQKwUa4Gt>SAxM^eN@kaVl 5r_4ts kF/XPCfsmex#*@rGf8
1309
A^ljfIX tM6us8fist]owlUi*9KXKko*KNfAIAnGJm/lNriho7,Jn.OluI)m6DhkZ^AghCs-X<eLthiBsjWvaZ[gxVyswra2&rYsfXr?XBpKw+sTqc mWQtPKwUa4Gt>SAxM]eN@kaVl 5r_4ts kF/XPCfsmex#*@rGf8
1310
A^ljfIX sM6us8fist]owlUi*9KYKko*KNeAIAoGJm/lNriho7,Jn.OluI)m6DhkZ^AghCs-X<eLthiAsjWvaZ[gxVyswra2&rYsfXr?XBpKw+sTqc mWQtQKwUa4Gt=SAwM]eN@kaVl 5r_4ts kF/XPCfsmex#*@rGe8
1311
A^ljfIX sM6us8fist]owlUi*9KYKko*KNeAIAoGJm/lNriho7,Jn.OluI)m6DhkZ^AghCs-X<fLthiAsjWvaZ[gxVyswra2&rYsfXr?XBpKw+sTqc mWQtQKwUa4Gt=SAwM]eN@kaVl 5r_4ts kF/XPCfsmex#*@rGe8
1312
A^ljfJX sM6us8fist]owlUi*9KYKko*KNeAIAoGJm/lNriho7,Jn.OluI)m6DhkZ^AghCs-X<fLthiAsjWvaZ[gxVyswra2&rYsfXr?XBpKw+sTqc mWQtQKwUa4Gt=SAwM]eN@kaVl 5r_4ts kF/XPCfsmex#*@rGe8
1313
A^ljfJX sM6us8fist]owlUi*9KYKko*KNeAIAoGJm/lNriho7,Jn.OluI)m6DhkZ^AghCs-X<fLthiAsjWvaZ[gxVyswra2&rYsfXr?XBpKw+sTqc mWQtQKwUa4Gt=SAwM]eN@kaVl 5r_4ts kF/XPCfsmex#*@rGe8
1314
A^ljfJX sM6us8fist]owlUi*9KYKko*KNeAIAoGJm/lNriho7,Jn.OluI)m6DhkZ^AghCs-X<fLthiAsjWvaZ[gxVyswra2&rYsfXr?XBpKw+sTqc mWQtQKwUa4Gt=SAwM]eN@kaVl 5r_4ts kF/XPCfsmex#*@rGe8
1315
A^ljfIX tM6us8fist]owlUi*:JXKkp*KOeAI@nGJm/lNriho7,Jn.OkuI)l6DhkZ^AfhCs-X<eLthiBsjWvbZ[gxVysxra2&rYrfXr?YBpKw+sTqc mVQtQKwUa4Gt>SAxM^eN@kaVl 5r_4ts kF/XPCfsmex#*@rGf8
1316
A]ligIX tM6vs8fist]owlUi,9KYKkp*KNeAIAnGJm/lNriho7,Jn.OluI)m6DhkZ^AghCs-X;eMthhBsjXvaZ[hxVysxra2&rZseXr?XApKw+tTqc mUQtQKwVa4Gt>SBxN]eN@kaWl 5r_4ts kG.XPCfsnex#+@rGf7
1317
A^kjfJX sM6us8fist]owlUi*9KYKko*KNeAIAoGJm/lNriho7,Jn.OluI)m6DhkZ^AghCs-X<fLthiAsjWvaZ[gxVyswra2&rYsfXr?XBpKw+sTqc mWQtQKwUa4Gt=SAwM]eM@kaVl 5r_4ts kF/XPCfsmex#+ArFe8
1318
A^kjfJX sM6us8fist]owlUi*9KYKko*KNeAIAoGJm/lNriho7,Jn.OluI)m6DhkZ^AghCs-X=fLthiAsjWvaZ[gxVyswra2&rYsfXr?XBpKw+sTqc mWQtQKwUa4Gt=SAwM]eM@kaVl 5r_4ts kF/XPCfsmex#+ArFe8
1319
A^kjfJX sM6us8fist]owlUi*9KYKko*KNeAIAoGJm/lNriho7,Jn.OluI)m6DhkZ^AghCs-X<fLthiAsjWvaZ[gxVyswra2&rYsfXr?XBpKw+sTqc mWRtQKwUa4Gt=SAwM]eM@kaVl 5r_4ts kF/XPCfsmex#+ArFe8
1320
A^kjfJX sM6us8fist]owlUi*9KYKko*KNeAIAoGJm/lNriho7,Jn.OluI)m6DhkZ^AghCs-X=fLthiAsjWvaZ[gxVyswra2&rYsfXr?XBpKw+sTqc mWQtQKwUa4Gt=SAwM]eM@kaVl 5r_4ts kF/XPCfsmex#+ArFe8
1321
A^kjfJX sM6us8fist]owlUi*9KYKko*KNeAIAoGJm/lNriho7,Jn.OluI)m6DhkZ^AghCs-X=fLthiAsjWvaZ[gxVyswra2&rYsfXr?XBpKw+sTqc mWQtQKwUa4Gt=SAwM]eM@kaVl 6r_4ts kF/XPCfsmex#+ArFe8
1322
A^ljfKX sM6us8fist]owlUi*9KYKko*KOeAIAoGJm/lNriho7,Jn.OluI)m6DhkZ^AghDs-X<fLthiAsjXvaZ[gxVyswra2&rYsfXr?XBpKw+sTqc mWQtQLwUa4Gt=SAwM]eN@kaVl 5r_4ts kF/XPCesmex#*@rGe8
1323
A]ljfIY tN6vs8fhst]owlUi,9KYKkp*KNeAIAnGJm/lNriho7,In.PluI)m6DhkZ^BghCs-X;eLthhBskWvaZ[hxVysxra2&rZseXr?XApKw+tTqc mUQtQKwUa5Gt>SAxN]eN@kaVl 5r_4ts kF.XPCfrnew#+@rGe7
1324
A]ljfIY!tN6vs8fhst]owlUi,9KYKkp*KNeAIAnGJm/lNriho7,In.PluI)m6DhkZ^BghCs-X;eLthhBskWvaZ[hxVysxra2&rZseXr?XApKw+tTqc mUQtQKwUa5Gt>SAwN]eN@kaVl 5r_4ts kF.XPCfrnew#+@rGe7
1325
A^ljfJX sM6us8fist]owlUi*9KYKko*KNeAI@oGKm0lNriho7,Jn.OluI)m6DhkZ^AghDs-X<fLthiAsjWvaZ[gxVyswra2&rYsfXr@XBpKw+sSqc lWQtQLwUa4Gt=SAwM]eN@kaVl 5r_4ts kF/XPCesmex#*@rGe8
1326
A^ljfJX sM6us8fist]owlUi*9KYKko*KNeAI@oGKm0lNriho7,Jn.OluI)m6DhkZ^AghDs-X<fLthiAsjWvaZ[gxVyswra2&rYsfXr@XBpKw+sSqc lWQtQLwUa4Gt=SAwM]eN@kaVl 6r_4ts kF/XPCesmex#*@rGe8
1327
A^ljfJX sM6us8fist]owlUi*9KYKko*KNeAI@oGKm0lNriho7,Jn.OluI)m6DhkZ^AghDs-X<fLthiAsjWvaZ[gxVyswra2&rYsfXr@XBpKw+sSqc lWQtQLwUa4Gt=SAwM]eN@kaVl 6r_4ts kF/XPCesmex#*@rGe8
1328
A^ljfJX sM6us8fist]owlUi*9KYKko*KNeAI@oGKm0lNriho7,Jn.OluI)m6DhkZ^AghDs-X<fLthiAsjWvaZ[gxVyswra2&rYsfXr@XBpKw+sSqc lWQtQLwUa4Gt=SAwM]eN@kaVl 6r_4ts kF/XPCesmex#*@rGe8
1329
A^kjfJX sM6us8firt]owlUi*9KZKkn*KNeAIAoGJm/lOsigo7,Jn.OluI)m6DhkZ^AghCs-X=fLthiAsjWvaZ[gxVyswra2&rYsfXq?XBpKw+sTqc mXQtQKwUa4Gt=SAwM]eM@kaWl 5r_4ts kF/XPCfsmex#+ArFe8
1330
A^kjfJX sM6us8firt]owlUi*9KZKkn*KNfAIAoGJm/lOsigo7,Jn.OluI)m6DhkZ^AghCs-X=fLthiAsjWvaZ[gxVyswra2&rYsfXr?XBpKw+sTqc mXQtQKwUa4Gt=SAwM^eM@kaWl 5r_4ts kF/XPCfsmex#+ArFe8
1331
A^kjfJX sM6us8firt]owlUi*9KZKkn*KNfAIAoGJm/lOsigo7,Jn.OluI)m6DhkZ^AghCs-X=fLthiAsjWvaZ[gxVyswra2&rYsfXr?XBpKw+sTqc mXQtQKwUa4Gt=SAwM^eM@kaWl 5r_4ts kF/XPCfsmex#+ArFe8
1332
A^kjfJX sM6us8firt]owlUi*9KZKkn*KNfAIAoGJm/lOsigo7,Jn.OluI)m6DhkZ^AghCs-X=fLthiAsjWvaZ[gxVyswra2&rYsfXr?XBpKw+sTqc mXQtQKwUa4Gt=SAwM^eM@kaWl 5r_4ts kF/XPCfsmex#+ArFe8
1333
A^kjfJX sM6us8firt]owlUi*9KZKkn*KNeAIAoGJm/lOsigo7,Jn.OluI)m6DhkZ^AghCs-X=fLthiAsjWvaZ[gxVyswra2&rYsfXr?XBpKw+sTqc mXQtQKwUa4Gt=SAvM]eM@kaWm 5r_4ts kF/XPCfrmex#+ArFe8
1334
A^ljfJX sN6us9fist^owlUi*9KYKko*KNfAI@oGKm0lNriho7,Jn.OluI)m6DhkZ^AghDs-X<fLthiAsjWvaZ[fxVyswra2&rYsfXr@XBpKw+sSqc lWQtPLwUa4Gt=SAxM]eN@kaVl 5r_4ts kF/XPCesmex#*@rGe8
1335
A^ljfJX sN6us9fist^owlUi*9KYKko*KNfAI@oGKm0lNriho7,Jn.OluI)m6DhkZ^AghDs-X<fLthiAsjWvaZ[fxVyswra2&rYsfXr@XBpKw+sSqc lWQtPLwUa4Gt=SAxM]eN@kaVl 5r_4ts kF/XPCesmex#*@rGe8
1336
A^ljfJX sM7us8fist]owlUi*9KYKko*KOeAI@oGKm0lNriho7,Jn.OluI)m6DhkZ^AghDs-X<fLthiAsjWvaZ[gxVysvra2&rYsfXr@XBpKw+sSqc lWQtQLwUa4Gt=SAwM]eN@kaVl 6r_4ts kF/XQCesmex$*@rGe8
1337
A^ljfJX sM7us8fist]owlUi*9KYKko*KOeAI@oGKm0lNriho7,Jn.OluI)m6DhkZ^AghDs-X<fLthiAsjWvaZ[gxVysvra2&rYsfXr@XBpKw+sSqc lWQtQLwUa4Gt=SAwM]eN@kaVl 6r_4ts kF/XQCesmex$*@rGe8
1338
A^ljfJX sN6us9fist^owlUi*9KYKko*KOfAI@oGKm0lNriho7,Jn.OluI)m6DhkZ^AghDs-X<fLthiAsjWvaZ[fxVyswra2&rYsfXr@XBpKw+sSqc lWQtPLwUa4Gt=SAxM]eN@kaVl 5r_4ts kG/XPCesmex#*@rGe8
1339
A]ljfIY!tN6vs8fhst]owlUi,:KYKkp*KNeAIApGJm/lNriho7,In.PluI)m6DhkZ^BghCs-W;eLthhBskWva[[hxVysxra2&rZseXr@XApKw+sSqc lVQtQKwUa5Ht>SAwO]eN@kbVl 5r_4ss kF.XPCfrnew#+@rGe7
1340
A]ljfIY!tN6vs8fhst^owlUi,:KYKkp*KNeAIApGJm/lNriho7,In.PluI)m6DhkZ^BghCs-W;eLthhBskWva[[hxVysxra2&rZseXr@XApKw+sSqc lVQtQKwUa5Ht>SAwO]eN@kbVl 5r_4ss kF.XPCfrnew#+@rGe7
1341
A]ljfIY!tN6vs8fhst]owlUi,:KYKkp*KNeAIApGJm/lNriho7,In.PluI)m6DhkZ^BghCs-W;eLthhBskWva[[hxVysxra2&rZseXr@XApKw+sSqc lVQtQKwUa5Ht?SAwO]eN@kbVl 5r_4ss kF-XPCfrnew#+@rGe7
1342
A]ljfIY!tN6vs8fhst]owlUi,:KYKkp*KNeAIApGJm/lNriho7,In.PluI)m6DhkZ^BghCs-W;eLthhBskWva[[hxVysxra2&rZseXr@XApKw+sSqc lVQtQKwUa5Ht?SAwO^eN@kbVl 5r_4ss kF-XPCfrnew#+@rGe7
1343
A]ljfIY!tN6vs8fhst]owlUi,:KYKkp+KNeAIApGJm/lNriho7,In.PluI)m6DhkZ^BghCs-W;eLthhBskWva[[hxVysxra2&rZseXr@XApKw+sSqc lVQtQKwUa5Ht?SAwO^eN@kbVl 5r_4ss kF-XPCfrnew#+@rGe7
1344
A]ljfIY!tN6vs8fhst]owlUi,:KYKkp+KNeAIApGJm/lNriho7,In.PluI)m6DhkZ^BghCs-W;eLthhBskWva\[hxVysxra2&rZseXr@XApKw+sSqc lVQtQKwUa5Ht?SAwO^eN@kbVl 5r_4ss kF-XPCfrnew#+@rGe7
1345
A]ljfIY!tN6vs8fhst]owlUi,:KYKkp+KNeAIApGJm/lNriho7,In.PluI)m6DhkZ^BghCs-W;eLthhBskWva\[hxVysxra2&rZseXr@XApKw+sSqc lVQtQKwUa5Ht?SAwO^eN@kbVl 5r_4ss kF-XPCfrnew#+@rGe7
1346
A]ljfIY!tN6vs8fhst]owlUi,:KYKkp+KNeAIApHJm/lNriho7,In.PluI)m6DhkZ^BghCs-W;eLthhBskWva\[hxVysxra2&rZseXr@XApKw+sSqc lVQtQKwUa5Ht?SAwO^eN@kbVl 5r_4ss kF-XPCfrnew#+@rGe7
1347
A]ljfIY!tN6vs8fhst]owlUi,:KYKkp+KNeAIApHJm/lNriho7,In.PluI)m6DhkZ^BghCs-W;eLthhBskWva\[hxVysxra2&rZseXr@XApKw+sSqc lVQtQKwUa5Ht?SAwO^eN@kbVl 5r_4ss kF-XPCfrnew#+@rGe7
1348
A]ljfIY!tN6vs8fhst]owlUi,:KYKkp+KNeAIApHJm/lNriho7,In.PluI)m6DhkZ^BghCs-W;eLthhBskWva\[hxVysxra2&rZseXr@XApKw+sSqc lVQtQKwUa5Ht?SAwO^eN@kbVl 5r_4ss kF-XPCfrnew#+@rGe7
1349
A^ljgJX sM7us8fist^owlUi*:KYKko*JNeAI@oGKm0mNrigo7,Jn.OluI)l6DhkZ^AghDs-W<fKthiAsjWvaZ[gxVyswra2&rYsfXq@YBpKv+sSqc lXQtQLwUa4Gt=TAxM]eN@kaWl 5r_4ts kF/XPCesmex$*@qGe8
1350
A^ljgJX sM7us8fist^owlUi*:KYKko*JNeAI@oGKm0mNrigo7,Jn.OluI)l6DhkZ^AghDs-W<fKthiAsjWvaZ[gxVyswra2&rYsfXq@YBpKv+sSqc lXQtQLwUa4Gt=TAxM]eN@kaWl 5r_4ts kF/XPCesmex$*@qGe8
1351
A^ljgJX sM7us8fist^owlUi*:KYKko*KNeAJ@oGKm0lNriho7,In.OluI)l6DhkZ^BghDs-X<fLshhAsjWvaZ[gxVyswra2&rYsfXr@XBpKv+sSqc lXQtQLwUa4Gt=TAxM_eN@kaVm 5r_4ts kF/XPCesmex$+@qGe8
1352
A^ljgJX sM7us8fist^owlUi*:KYKko*KNeAJ@oGKm0lNriho7,In.OluI)l6DhkZ^BghDs-X<fLshhAsjWvaZ[gxVyswra2&rYsfXr@XBpKv+sSqc lXQtQLwUa4Gt=TAxM_eN@kaVm 5r_4ts kF/XPCesmex$+@qGe8
1353
A]ljgIY!tN6vs8fhst]owlUi,:KYKkp+KNeAIApGJm/lNriho7,In.QluI)m6DhkZ]BghCs.W;eLthgBskWva\[hxVysxra2&rZseXr@XApKw*sSqc lVQtQKwUa6Ht?SAwO^eN@kbVl 5r_4ss kF-XPCfrnev#+@rGe7
1354
A]ljfIY!tN6vs8fgst]owlUi,:KYKkp+KNfAIApGJm/lNriho7,In.PluI)m6DhkZ^BghCs-W;eLthhBskWva[[hxVyrxra2&rZseXr@XApKw+sSqc lWQsQKwUa5Ht?TAwO^eN@kbVl 5r_4ts kF-XPCfrnew#+ArGe7
1355
A]ljfIY!tN6vs8fgst]owlUi,:KYKkp+KNfAIApGJm/lNriho7,In.PluI)m6DhkZ^BghCs-W;eLthhBskWva[[hxVyrxra2&rZseXr@XApKw+sSqc lWQsQKvUa5Ht?TAwO^eN@kbVl 5r_4ts kF-XPCfrnew#+ArGe7
1356
A]ljfIZ!tO6vs8fhst]owlUi,:KYKkp+KNeAIApGKm/lNriho7,In.PluI)m6DhkZ^BghCs-W;eLthhBskWva[[hxVysxra2&rZrdXr@XApKw+sSqc lVRtQKwUa5Ht?SAwO^eN@kbVl 5r_4ss kF-XPCfrnew#+@rHe6
1357
A]ljfIZ!tO5vs8fhst]owlUi,:KYKkp+KNeAIApGKm/lNriho7,In.PluI)m6DhkZ^BghCs-W;eLthhBskWva[[hxVysxra2&rZrdXr@XApKw+sSqc lVRtQKwUa5Ht?SAwO^eN@kbVl 5r`4ss kF-XPCfrnew#+@rHe6
1358
A]kjfIY!tN7us8fhst]owlUi,:KYKkp+KNeAIApHJl/lNriho7,In.PluI)m6DhkZ_BghCs-W;fLthhBskWva\[hxVysxra2&rZseXr@XApKw+sSqc kVQtQKwUb5Ht@SAwO^eN?kbVl 5r_4ss kF-WPCfrnew#+@rGe7
1359
A]kjfIY!tN7us8fhst]owlUi,:KYKkp+KNeAIApHJl/lNriho7,In.PluI)m6DhkZ_BghCs-W;fLthhBskWva\[hxVysxra2&rZseXr@XApKw+sSqc kVQtQKwUb5Ht@SAwO^eN?kbVl 5r_4ss kF-WPCfrnew#+@rGe7
1360
A]kjfIY!tN7us8fhst]owlUi,:KYKkp+KNeAIApHJl/kNriho7,In.PluI)m6DhkZ_BghCs-W;fLthhBskWva\[hxVysxra2&rZseXr@XApKw+sSqc kVQtQKwUb5Ht@SAwO^eN?kbVl 5r_4ss kF-WPCfrnew#+@rGe7
1361
A^ljgKX sO6us8gist]owlUi*9KYKko*KNeAI@oGKm0lNrihn7,Jn.OkvJ*m6DhkZ^AghDs-W<fKthiAsjWvaZ[gwWyswra2&rYseXr@XBpMw+sRqc lWQtQLwUa4Gt=SAwM^eMAkaVl 6r_4ts kF/WQCeslex#*@rGe8
1362
A]kjfIY!tN7us8fhst]owlUi,:KYKkp+KNeAIApHJl/kNriho7+In.PluI)m6DhkZ_BghDs-W;fLthhBskWva\[hxVysxra2&rZseXr@XApKw+sSqc kVQtQKwUb5Ht@SAwO^eN?kbVl 5r_4ss kG-WPCfrnew#+@rGe7
1363
A^kjgIY!tN7us8fhst]owlUi,:KYKkp+KNeAIApHJl/lNrigo7,In.PluI)m6DhkZ^BghCs-W;eLthhBskWva\[hxVysxra2&rZseYr@XApKw+sSqc lVQtPKwUb5HtASAwO^eN?kbVl 5r_4ss kF-WPCfrnew#+@rGe7
1364
A^kjgIY!tN7us8fhst]owlUi,:KYKkp+KNeAIApHJl/lNrigo7,In.PluI)m6DhkZ^BghCs-W;eLthhBskWva\[hxVysxra2&rZseYr@XApKw+sSqc lVQtPKwUb5HtASAwO^eN?kbVl 5r_4ss kF-WPCfrnew#+@rGe7
1365
A]ljfIY!tO6vs8fhrt]owlUi,:KYKkp+KOeAIApGJm0lNrigo8,In.PluI)m6DhkZ^BghCs-W;eLthhBskWva[[hwVysxra3&rZseXr@XApKw+sSqc lVQtQKwVa5Ht@SAwO^eN@lbVl 6r_4ss kF-XQCfrnew#+@rGe7
1366
A^ljgKX sO6us8girs]owlUi*9KYKko*KNeAI@oGKm0lPrihn7,Jn.OkvI*m6DhkY_AghDs-W<fLthiAsjWvbZ[gxWyswra2&rYseXr@XBpMw+sRqc lWQtQLwUa4Gs=SAwM^eMAkaVl 6r_4ts kF/WQCeslex#*@rGe8
1367
A^ljgKX sO6us8girs]owlUi*9KYKko*KNeAI@oGKm0lPrihn7,Jn.OkvI*m6DhkY_AghDs-W<fLthiAsjWvbZ[gxWyswra2&rYseXr@XBpMw+sRqc lWQtQLwUa4Gs=SAwM^eMAkaVl 6r_4ts kF/WQCeslex#*@rGe8
1368
A]ljfIZ!tN6us8fhst]ovlUi,:JYKlp+KNeAIAqGKm/lNriho7,Im.PluI*m6DhkZ^BghCs-W;eLthgBskWva[\hxVysxra2&rZreXr@XApKw+sSqc lVQtQKwUa5Ht?TAwO^eN@kbVl 5r_4ss lF-XPDfrnew#+@rGe7
1369
A]ljfIZ!tN6us8fhst]ovlUi,:JYKlp+KNeAIAqGKm/lNriho7,Hm.PluI*m6DhkZ^BghCs-W;eLthgBskWva[\hxVysxra2&rZreXr@XApKw+sSqc lVQtQKwUa5Ht?TAwO^eN@kbVl 5r_4ss lF-XPDfrnew#+@rGe7
1370
A^kjfIY!tN7us9fhst]owlUi,:KYKkp+KNeAIApHJl/kNriho7+In.QluI)m6DhkZ`BghDs-W;fLthhBskWva\[hxVyswra2&rZseXr@XApKw+rSqc kVQtQKwUb5Ht@SAwO^eN?kaVl 5r_4ss kH-WPCfrnew#+@rGe7
1371
A]ljfIZ!tN6us8fhst]ovlUi,:IYKlp+KNeAIAqGKm/lNriho7,Hl.PluI*m6DhkZ^BghCs-W;eLthgBskWva[\hxVysxra2&rZreXr@XApKw+sSqc lVQtQKwUa5Ht?TAwO^eN@kbVl 5r_4ss lF-XPDfrnew#+@rGe7
1372
A]ljfIZ!tN6us8fhst]ovlUi,:IYKlp+KNeAIAqGKm/lNriho7,Hl.PluI*m6DhkZ^BghCs-W;eLthgBskWva[\hxVysxra2&rZreXr@XApKw+sSqc lVQtQKwUa5Ht?TAwO^eN@kbVl 5r_4ss lF-XPDfrnew#+@rGe7
1373
A]ljgIY!tN6us8fhst]owlUi,:JYKkp,KNeAIApGJm/lNriho7,In.QltI)m6DhkY^BghCs.W;eLthgBskWva\[hxVysxra2'sZreXr@XApKw*sSqc jVQtQKwUa6Ht?SAwO_eNAkbVl 5r`4ss kF-XPCfrnev#+@rIe7
1374
A]ljfIZ!tN6vs8fhst]ovlUi,:KYKkp+JOeAIAqGKm/lNriho7,In/PltI)m6DhkZ_BghCs-W;eLthgBskWva[[hxVysxra2&rZreXr@X?pKw+sSqc lVQtQKwUa5Ht?SAwO^eNAlbVl 5r_4ss kG-XPDfrnev#+@rGe5
1375
A]ljfIZ!tN6vs8fhst]ovlUi,:KYKkp+JOeAIAqGKm/lNriho7,In/PltI)m6DhkZ_BghCs-W;eLthgBskWva[[hxVysxra2&rZreXr@X?pKw+sSqc lVQtQKwUa5Ht?SAwO^eNAlbVl 5r_4ss kG-XPDfrnev#+@rGe5
1376
A]ljgIY!tN6us8fhst]owlUi,:JZKkp,KNeAIApGJm/lNriho7,In.QltI)m6EhkY^BghCs.W;eLthgBskWva\[hxVysxra2'sZrdXr@XApKw*sSqc jVQtQKwUa6Ht?SAwO_eNAkbVl 5r`4ss kF-XPCfrnev#+@rIe7
1377
A]ljgIY!tN6us8fhst]owlUi,:JZKkp,KNeAIApGJm/lNriho7,In.QltI)m6EhkY^BghCs.W;eLthgBskWva\[hxVysxra2'sZrdXr@XApKw*sSqc jVQtQKwUa6Ht?SAwO_eNAkbVl 5r`4ss kF-XPCfrnev#+@rIe7
1378
A]ljgIY!tN6us8fhst]owlUi,:JZKkp,KNeAIApGJm/lNriho7,In.QltI)m6EhkY^BghCs.W;eLthgBskWva\[hxVysxra2'sZrdXr@XApKw*sSqd jVQtQKwUa6Ht?SAwO_eNAkbVl 5r`4ss kF-XPCfrnev#+@rIe7
1379
A]ljgIY!tN6us8fhst]owlUi,:JZKkp,KNeAIApGJm/lNriho7,In.QltI)m6EhkY^BghCs.W;eLthgBskWva\[hxVysxra2'sZrdXr@XApKw*sSqd jVQtQKwUa6Ht?SAwO_eNAkbVl 5r`4ss kF-XPCfrnev#+@rIe7
1380
A^kjgJX tM6us9firs]owlUi+9JYKlo,KNeAI@pGKm0lNqiho7,Jn.OkvI)m5EhkY^AghDs-W<fLthi@sjWvaZ[fwWyrwra1&rYrdYq@XBpKv+sRqc mWQtQLwVa4Ht=S@wM^eNBkaVl 8r`4ts lG/XPDesmex#+ArGe8
1381
A]ljfIZ!tN6us8fhss]ovlUi,:JYKlp+KNeAIAqGLm0lNriho7,Hl.PluI*m6DhkY^BghCs-W;eLthfBskWva[\hxVysxra2&rZreYr@XApKw+sSqc lVQtQKwUa5Ht?UAwO^eN@kbVl 5r_4ss lF-XPDfrnew#+@rGe7
1382
A^kjhJX tM6us8firs]owlUi+9JYKlo,KNeAI@pGKm0lNqiho7,Jn.OkvI)m5EhkY^AghDs-W<fLthi@sjWvaZ[fwWyrwra1&rYrdYq@XBpKv+sQqc mWQtQLwVa4It=S@wM^eNBkaVl 8r`4ts lG/XPDesmex#+ArGe8
1383
A^kjhJX tM6us8firs]owlUi+9JYKlo,KNeAI@pGKm0lNqiho7,Jn.OkvI)m5EhkY^AghDs-W<fLthi@sjWvaZ[fwWyrwra1&rYrdYq@XBpKv+sQqc mWQtQLwVa4It=S@wM^eNBkaVl 8r`4ts lG/XPDesmex#+ArGe8
1384
A^kjhJX tM6us8firs]owlUi+9JYKlo,KNeAI@pGKm0lNqiho7,Jn.OkvI)m5EhkY^AghDs-W<fLthi@sjWvaZ[fwWyrwra1&rYrdYq@XBpKv+sQqc mWQtQLwVa4It=S@wM^eNBkaVl 8r`5ts lG/XPDesmex#+ArGe8
1385
A^kjhJX tM6us8firs]owlUi+9JZKlo,KNeAI@pGKm0lNqiho7,Jn.OkvI)m5EhkY^AghDs-W<fLthi@sjWvaZ[fwWyrwra1&rYrdYq@XBpKv+sQqc mWQtQLwVa4It=S@wM^eNBkaVl 8r`5ts lG/XPDesmex#+ArGe8
1386
A]ljhIZ!tN6us8fhst]owlUi,:JZKkp,KNeAIApGKm/lNriho7,In.QlsI)m6EhkX^BghCs.W;eLthgBskWva\[hxVyswra2'sZrdXr@XApKw*sSqd jVQtQKwUa6Ht?SAwO_eNAkbVl 5r`4ss kF-XPCfrneu#+ArIe7
1387
A]ljhIZ!tN6us8fhst]owlUi,:JZKkp,KNeAIApGKm/lNriho7,In.QlsI)m6EhkX^BghCs.W;eLthgBskWva\[hxVyswra2'sZrdXr@XApKw*sSqd jVRtQKwUa6Ht?SAwO_eNAkbVl 5r`4ss kF-XPCfrneu#+ArIe7
1388
A]ljhIZ!tN6us8fhst]owlUi,:JZKkp,KNeAIApGKm/lNriho7,In.QlsI)m6EhkX^BghCs.W;eLthgBskWva\[hxVyswra2'sZrdXr@XApKw*sSqd jVRtQKwUa6Ht?SAwO_eNAkbVl 5r`4ss kF-XPCfrneu#+ArIe7
1389
A]ljhIZ!tN6us8fhst]owlUi,:JZKkp,KNeAIApGKm/lNriho7,In.QlsI)m6EhkX^BghCs.W;eLthgBskWva\[hxWyswra2'sZrdXr@XApKw*sSqd jVRtQKwUa6Ht?SAwO_eNAkbVl 5r`4ss kF-XPCfrneu#+ArIe7
1390
A]ljhIZ!tN6us8fhst]owlUi,:JZKkp,KNeAIApGKm/lNriho7,In.QlsI)m6EhkX^BghCs.W;eLthgBskWva\[hxWyswra2'sZrdXr@XApKw*sSqd jVRtQKwUa6Ht?SAwO_eNAkbVl 5r`4ss kF-XPCfrneu#+ArIe7
1391
A]ljhIZ!tN6us8fhst]owlVi,:JZKkp-KNeAIApGKm/lNriho7,Io.QlsI)m6EhkX^BghCs.W;eLthgBskWva\[hxVyswra2'sZrdXr@XApKw*sSpd jVRtQKwUa6Ht?SAwO_eNAkbVl 5r`4ss kF-XPCfrneu#+ArIe7
1392
A]ligIY!tO7us8fhst^owlUi,:JZKkp,KNeAI@pGJm/kNriho7,In.QltI)m6FhkY^BghCs.W;fLthgBskXva\[hxWysxra2'sZrdXr@XApKw*sSqd jVQtQKwUa6Ht?SAwO_eNAkbVl 5r`4ss kF-XPCfrmev#+@rIe7
1393
A]ligIY!tO7us8fhst^owlUi,:JZKkp,KNeAI@pGJm/kNriho7,In.QltI)m6FhkY^BghCs.W;fLthgBskXva\[hxWysxra2'sZrdXr@XApKw*sSqd jVQtQKwUa6Ht?SAwO_eNAkbVl 5r`4ss kF-XPCfrmev#+@rIe7
1394
A]ligIY!tO7us8fhst^owlUi,:JZKkp,KNeAI@pGJm/kNriho7,In.QltI)m6FhkY^BghCs.W;fLthgBskXva\[hxWysxra2'sZrdXr@XApKw*sSqd jVQtQLwUa6Ht?SAwO_eNAkbVl 5r`4ss kF-XPCfrmev#+@rIe7
1395
A^ligIY!tO7us8fhst^owlUi,:JZKkp,KNeAI@pGJm/kNriho7,In.QltI(m6FhkY^BghCs.W;fLthgBskXva\[hxWysxra2'sZrdXrAXApKw*sSqd jVQtQKwUa6Ht?SAwO`eNAkbVl 5r`4ss kF-XPCfrmev#+@rIe7
1396
A^ligIY!tO7us8fhst^owlUi,:JZKkp,KNeAI@pGJm/kNriho7,In.QltI(m6FhkY^BghCs.W;fLthgBskXva\[hxWysxra2'sZrdXrAXApKw*sSqd jVQtQKwUa6Ht?SAwO`eNAkbVl 5r`4ss kF-XPCfrmev#+@rIe7
1397
A^ligIY!tO7us8fhst^owlUi,:JZKkp,KNeAI@pGJm/kNriho7,In.QltI(m6FhkY^BghCs.W;fLthgBskXva\[hxWysxra2'sZrdXrAXApKw*sSqd jVQtQKwUa6Ht?SAwO`eNAkbVl 5r`4ss kF-XPCfrmev#+@rIe7
1398
A]kihIZ!tN6us8ghst]owlUi-:JZKkp,KNeAIApGKm/lNriho7,Io.QlsI)m6EhkX^BghCs.W;eLthgBskWva\[hxVyswra2'sZrdXr@XApKv*sSpd jVRtQKwUa6Ht?SAwO`eNAkbVl 5r`4ss kF-XPCfqneu#+ArIe7
1399
A]kihIZ!tN6us8ghst]owlUi-:JZKkp,KNeAIApGKm/lNriho7,Io.QlsI)m6EhkX^BghCs.W;eLthgBskWva\[hxVyswra2'sZrdXr@XApKv*sSpd jVRtQKwUa6Ht?SAwO`eNAkbVl 5r`4ss kF-XPCfqneu#+ArIe7
1400
A]ljhIZ!tN6us8fhst^owlUi,:JZKkp,JNeAIApGKm/lNriho7,In.RlsI)m6EhkX^BghCs.W;eLthgBskXua\[hxWyswrb2'sZrdYr@XApKw*tQqd jVRtQKwUa6Ht?SAwO_eNAkbVl 6r`4ss kF-XPCfrneu#+ArIe7
1401
A]ljhIZ!tN6us8fhst^owlUi,:JZKkp,JOeAIApGKm/lNriho7,In.RlsI)m6EhkX^BghCs.W;eLthgBskXua\[hxWyswrb2'sZrdYr@XApKw*tQqd jVRtQKwUa6Ht?SAwO_eNAkbVl 6r`4ss kF-XPCfrneu#+ArIe7
1402
A]ljhIZ!tN6us8fhst^owlUi,:JZKkp,JOeAIApGKm/lNriho7,In.RlsI)m6EhkX^BghCs.W;eLthgBskXua\\hxWyswrb2'sZrdYr@XApKw*tQqd jVRtQKwUa6Ht?SAwO_eNAkbVl 6r`4ss kF-XPCfrneu#+ArIe7
1403
A]ljhIZ!tN6us8fhst^owlUi,:JZKkp,JOeAIApGKm/lNriho7,In.RlsI)m6EhkX^BghCs.W;eLthgBskXua\\hxWyswrb2'sZrdYr@XApKw*tQqd jVRtQKwUa6Ht?SAwO_eNAkbVl 6r`4ss kF-XPCfrneu#+ArIe7
1404
A]ljhIZ!tN6us8fhst^owlUi,:JZKkp,JOeAIApGKm/lNriho7,In.RlsI)m6EhkX^BghCs.W;eLthgBskXua\\hxWyswrb2'sZrdYr@XApKw*tQqd jVRtQKwUa6Ht?SAwO_eNAkbVl 6r`4ss kF-XPCfrneu#+ArIe7
1405
A]lifIZ!tO6vs8fhst^ovlUi,;KZKkp+JOeAIAqGLl/lNrigo7,In/PltI)m6DhkZ_CghCs-W<eLthgBskWvb[[hxVysxra3'rZreYr@X?pKw+sSqc lVQtOKwVa5Ht?SAwO^eNBlbVl 5r_5ss lG-XPDfrmev#+@rGe5
1406
A]kifIZ!tO6vs8fhst^ovlUi,;KZKkp+JOeAIAqGLl/lNrigo7,In/PlsI)m6DhkZ_CghCs-W<eLthgBslWvb[[hxVysxra3'rZreYr@X?pKw+sSqc lVQtOKwVa5Ht?SAwO^eNBlbVl 5r_5ss lG-XPDfrmev#+@rGe5
1407
A]kihI[!tN6us8ghrt]owlUi-:J[Kkp,KNeAIApGKm/lNriho7,Io.QlsI)m6EhkX^BghCs.W;eLthgBskWva\\hxVyswra2'sZrdXr@XApKu*sSpd jVRtPKwUa6Ht?SAvO_eNAkbVl 5r`4ss kF-XPCfqneu#+ArIe7
1408
A]kihI[!tN6us8ghrt]owlUi-:J[Kkp,KNeAIApGKm/lNriho7,Io.QlsI)m6EhkX^BghCs.W;eLthgBskWva\\hxVyswra2'sZrdXr@XApKu*sSpd jVRtPKwUa6Ht?SAvO_eNAkbVl 5r`4ss kF-XPCfqneu#+ArIe7
1409
A\kihIZ!tN7us8ghst]owlUi-:JZKkp,JNeAIApGKm/lNriho7,Io.QksI)m6EhkX^BghCs.V;eLthgBskWva\\hxVyswra2'sZrdXr@XApLw*sSpd jVRtPKwUa6Ht?SAwO_eNAkbVl 5r`5ss kF-XPDeqneu#+ArIe7
1410
A\kihIZ!tN7us8ghst]owlUi-:JZKkp,JNeAIApGKm/lNriho7,Io.QksI)m6EhkX^BghCs.V;eLthgBskWva\\hxVyswra2'sZrdXr@XApLw*sSpd jVRtPKwUa6Ht?SAwO_eNAkbVl 5r`5ss kF-WPDeqneu#+ArIe7
1411
A]kihIZ!tN6us8ghrt]owlUi-:J[Kkp,KNeAIApGKm/lNriho7,Io.QksI)m5EhkX^BghCs.W;eLthgBskWva\\hxVyswra2'sZrdXr@XApKt*sSpd jVRtPKwUa6Ht?SAvO_eNAkbVl 5r`4ss kF-WPCfqneu#+ArIe7
1412
A]kihIZ!tN6us8ghrt]owlUi-:J[Kkp,KNeAIApGKm/lNriho7,Io.QksI)m5EhkX^BghCs.W;eLthgBskWva\\hxVyswra2'sZrdXr@XApKt*sSpd jVRtPKwUa6Ht?SAvO_eNAkbVl 5r`4ss kF-WPCfqneu#+ArIe7
1413
A]kihI[!tN6us8hhrt]owlUi-:J[Kkp,KNeAIApGKm/lNriho7,Io.QlsI)m6EhkX^BghCs.W;eKthgBskWva\\hwVyswra2'sZrdXr@XApKu*sSpd jVRtPKwUa6Ht?SAvO_eNAkbVl 5r`4ss kF-XPCfqneu#+AqIe7
1414
A]kihI[!tN6us8hhrt]owlUi-:J[Klp,KNeAIApGKm/lNriho7,Io.QlsI)m6EhkX^BghCs.W;eKthfBskWva\\hwVyswra2'sZrdXr@XApKu*sSpd jVRtPKwUa6Ht?SAvO_eNAkbVl 5r`4ss kF-XPCfqneu#+AqIe7
1415
A]kihI[!tN6us8hhrt]owlUi-:J[Klp,KNeAIApGKm/lNriho7,Io.QlsI)m6EhkX^BghCs.W;eKthfBskWva\\hwVyswra2'sZrdXr@XApKu*sSpd jVRtPKwUa6Ht?SAvO_eNAkbVl 5r`4ss kF-XPCfqneu#+AqIe7
1416
A]kihI[!tN6us8hhrt]owlUi-:J[Klp,KNeAIApGKm/lNriho7,Io.QlsI)m6EhkX^BghCs.W;eKthfBskWva\\hwVyswra2'sZrdXr@XApKu*sSpd jVRtPKwUa6Ht?SAvO_eNAkbVl 5r`4ss kF-XPCfqneu#+AqIe7
1417
A]kihI[!tN6us8hhrt]owlUi-:J[Klp,KNeAIApGKm/lNriho7,Io.QlsI)m6EhkX^BghCs.W;eKthfBskWva\\hwVyswra2'sZrdXr@XApKu*sSpd jVRtPKwUa6Ht?SAvO_eNAkbVl 5r`4ss kF-XPCfqneu#+AqIe7
1418
A^kifIZ tO6vr8fhst]ovlUi,<JZKkp+JOeAIArGLl/lNrigo7,In/PltI)m6DhkZ`CghCs-W<eKthgBslWvb[\hxVysxra3'rZreYr@Y?pKw+sSqc lWQtPKwVa5Ht?TAwO^eNBlbVl!5r_5ss lG-XPDfrmev#+@rGe5
1419
A^kifIZ tO6vr8fhst]ovlUi,<JZKkp+JOeAIArGLl/lNrigo7,In/PltI)m6DhkZ`CghCs-W<eKthgBslWvb[\hxVysxra3'rZreYr@Y?pKw+sSqc lWQtPKwVa5Ht?TAwO^eNBlbVl!5r_5ss mG-XPDfrmev#+@rGe5
1420
A^kifIZ tO6vr8fhst]ovlUi,<JZKkp+JOeAIArGLl/lNrigo7,In/PltI)m6DhkZ`CghCs-W<eKthgBslWvb[\hxVysxra3'rZreYr@Y?pKw+sSqc lWQtPKwVa5Ht?TAwO^eNBlbVl!5r_5ss mG-XPDfrmev#+@rGe5
1421
A\kihIZ!tO7us8ghst]nwlUi-:JZKkp,JNeAIAqHKm/lNriho7,Io.QksI)m6EhkX^BghCs.V;fLthgBskWva\\hxVyswra2'sZrdXr@XApLw*sSpd jVRtPKwVa6Ht@SBwO_eMAkbVl 5r`5ss kH-XPDeqneu#+ArIe7
1422
A\kihIZ!tO7us8ghst]nwlUi-:JZKkp,JNeAIAqHKm/lNriho7,Io.QksI)m6EhkX^BghCs.V;fLthgBskWva\]hxVyswra2'sZrdXr@XApLw*sSpd jVRtPKwVa6Ht@SBwO_eMAkbVl 5r`5ss kH-XPDeqneu#+ArIe7
1423
A\kihIZ!tO7us8ghst]nwlUi-:JZKkp,JNeAIAqHKm/lNriho7,Io.QksI)m6EhkX^BghCs.V;fLthgBskWva\]hxVyswra2'sZrdXr@XApLw*sSpd jVRtPKwVa6Ht@SBwO_eMAkbVl 5r`5ss kH-XPDeqneu#+ArIe7
1424
A\kihIZ!tO7us8ghst]nwlUi-:JZKkp,JNeAIAqHKm/lNriho7,Io.QksI)m6EhkX^BghCs.V;fLthgBskWva\]hxVyswra2'sZqdXr@XApLw*sSpd jVRtPKwVa6Ht@SBwO_eMAkbVl 5r`5ss kH-XPDeqneu#+ArIe7
1425
A\kihIZ!tO7us8ghst]nwlUi-:JZKkp,JNeAIAqHKm/lNrigo7,Io.QksI)m6EhkX^BghCs.V;fLthgBskWva\]hxVyswra2'sZqdXr@XApLw*sSpd jVRtPKwVa6Ht@SBwO_eMAkbVl 5r`5ss kH-XPDeqneu#+ArIe7
1426
A\kihIZ!tO7us8ghst]nwlUi-:JZKkp,JNeAIAqHKm/lNrigo7,Io.QksI)m6EhkX^BghCs.V;fLthgBskWva\]hxVyswra2'sZqdXr@XApLw*sSpd jVRtPKwVa6Ht@SBwO_eMAkbVl 5r`5ss kH-XPDeqneu#+ArIe7
1427
A\kihIZ!tO7us8ghst]nwlUi-:JZKkp,JNeAIAqHKm/lNrigo7,Io.QksI)m6EhkX^BghCs.V;fLthgBskWva\]hxVyswra2'sZqdXr@XApLw*sSpd jVRtPKwVa6Ht@SBwO_eMAkbVl 5r`5ss kH-XPDeqneu#+ArIe7
1428
A\kihIZ!tO7us8hhst]nwlUi.:IZKkp,JNeAIAqHKm/lNriho7,Io.QksI)l6DhkX^BghCs.V;fLthgBskWva\\hxVyswra1'sZrdYr@XApLw*sSpd jWRtPKwVa6Ht@SBwO_eMAkcVl 5r`5ss kH-XQDeqneu#+ArIe7
1429
A\kihIZ!tO7us8hhst]nwlUi.:IZKkp,JNeAIAqHKm/lNriho7,Io.QksI)l6DhkX^BghCs.V;fLthgBskWva\\hxVyswra1'sZrdYr@XApLw*sSpd jWRtPKwVa6Ht@SBwO_eMAkcVl 5r`5ss kH-XQDeqneu#+ArIe7
1430
A\jihI[!tO7us8hhst]nwlUi-:IZKkp,JNeAIAqHKm/lNriho7,Io.QksJ)m6EhkX^BghCs.V;fMthgBskWwa\\hxVyswra2'sZqdXr@X@pLw*sSpd jVRtPKwVa6Ht@SBwO_eMAlcVl 5r`5ss kH-XPDeqneu#+ArIe7
1431
A\kihIZ!tO7us8ihst]nwlVi-:IZKkp,JNeAIAqHLm/mNriho7,Io.QktI)l6DhkX^BghCs.V;fLthgBskWva\\hxVyswra1'rZrdXrAXApLw*sSpd jWRtPKwVa6Ht@SBwO_eMAkcVl 5r`5ss kH-XQDeqoeu#+ArIe7
1432
A\kihIZ!tO7us8hhst]nwlUi-:IZKkp,JNfAIAqHKm/lNriho7,Io.QksI)l6DhkX^BghCs.V;fLthgBskWva\\gxVyswra1'sZrdYr@XApLw*sSpd jWStPKwVa7Ht@SBwO_eMAkcVl 5r`5ss kH-XQDeqneu#+ArIe7
1433
A\kihIZ!tO7us8hhst]nwlUi-:IZKkp,JNfAIAqHKm/lNriho7,Io.QksI)l6DhkX^BghCs.V;fLthgBskWva\\gxVyswra1'sZrdYr@XApLw*sSpd jWStPKwVa7Ht@SBwO_eMAkcVl 5r`5ss kH-XQDeqneu#+ArIe6
1434
A\kihIZ!tO7us8hhst]nwlUi-:IZKkp,JNfAIAqHKm/lNriho7,Io.QksI)l6DhkX^BghCs.V;fLthgBskWva\\gxVyswra1'sZrdYr@XApLw*sSpd jWStPKwVa7Ht@SBwO_eMAkcVl 5r`5ss kH-XQDeqneu#+ArIe6
1435
A\kihIZ!tO7us8hhst]nwlUi-:IZKkp,JNfAIAqHKm/lNriho7,Io.QksI)l6DhkX^BghCs.V;fLthgBskWva\\gxVyswra1'sZrdYr@XApLw*sSpd jWStPKwVa7Ht@SBwO_eMAkcVl 5r`5ss kH-XQDeqneu#+ArIe6
1436
A\kihIZ!tO7us8hhst]nwlUi-:IZKkp,JNfAIAqHKm/lNriho7,Io.QksI)l6DhkX^BghCs.V;fLthgBskWva\\gxVyswra1'sZrdYr@XApLw*sSpd jWStPKwVa7Ht@SBwO_eMAkcVl 5r`5ss kH-XQDeqneu#+ArIe6
1437
A\kiiIZ tO7us8ghst]nwlUi.:JZKkp,JNeAH@qHKl/lOriho7,Io.QksI)m6FhkX^CghCs.V;fLthgAskWva\]hxVyswra2'sZrdXr@XApLw*sSpd jVRtPKwVa6Ht@SBvO_eMAkbVl 5r`5ss kH-XPDeqneu#+ArIe7
1438
A\kiiIZ tO7us8ghst]nwlUi.:JZKkp,JNeAH@qHKl/lOriho7,Io.QksI)m6FhkX^CgiCs.V;fLthg@skWva\]hxVyswra2'sZrdXr@XApLw*sSpd jVRtPKwVa6Ht@SBvO_eMAkbVl 5r`5ss kH-XPDeqneu#+ArIe7
1439
A\kiiIZ tO7us8ghst]nwlUi.:JZKkp,JNeAH@qHKl/lOriho7,Io.QksI)m6FhkX^CgiCs.V;fLthg@skWva\]hxVyswra2'sZrdXr@XApLw*sSpd jVRtPKwVa6Ht@SBvO_eMAkbVl 5r`5ss kH-XPDeqneu#+ArIe7
1440
A\kihIZ!tQ8us8ihst]nwlVi-:IZKkp,JNeAIAqHLm/mNriho7,Io.QkuI)m6DhkX^BghCs.V;fLthgAskWva\\hxVyswra1'rZqdXrBXApLv*sSpd jWRtPKwVa6Ht@SBwO_eMAkcVl 5r`5ss kH-XQDeqoeu#+ArIe7
1441
A]khhIZ!tO7us8ihst]nwlUi-:JZKkp,JNeAIAqHKm/kNriho7,Io.QksI)m6EhkW^BghCs.V;fLthgBskWva\]hwVyswra2'sZrdXr@X@pLw*sSpd jVRtPKwVa6Ht@SBvP_eMAkbWl 5ra5ss kH-XPDeqneu#+ArIe7
1442
A]khhIZ!tO7us8ihst]nwlUi-:JZKkp,JNeAIAqHKm/kNriho7,Io.QksI)m6EhkW^BghCs.V;fLthgBskWva\]hwVyswra2'sZrdXr@X@pLw*sSpd jVRtPKwVa6Ht@SBvP_eMAkbWl 5ra5ss kH-XPDeqneu#+ArIe7
1443
A]khhIZ!tO7us8ihst]nwlUi-:JZKkp,JNeAIAqHKm/kNriho7,Io.QksI)m6EhkW^BghCs.V;fLthgBskWva\]hwVyswra2'sZrdXr@X@pLw*sSpd jVRtPKwVa6Ht@SBvP_eMAkbWl 5ra5ss kH-XPDeqneu#+ArIe7
1444
A\kiiIZ tO7us8ghst]nwlUi.:J[Kkp,JNeAH@qHKl/lOriho7,Io/QksI)m6GhkX^CgiCs.V;fLthg@skWva\]hxVyswra2'sZrdXq@XApLw*sSpd jVRtPKwVa6Ht@SBvO_eMAkbVl 5r`5ss kH-WPDeqneu#+ArIe7
1445
A\kiiIZ tO7us8ghst]nwlUi.:J[Kkp,JNeAH@qHKl/lOriho7,Io/QksI)m6GhkX^CgiCs.V;fLthg@skWva\]hxVyswra2'sZrdXq@XApLw*sSpd jVRtPKwVa6Ht@SBvO_eMAkbVl 5r`5ss kH-WPDeqneu#+ArIe7
1446
A\kiiIZ tO7us8ghst]nwlUi.:J[Kkp,JNeAH@qHKl/lOriho7,Io/QksI)m6GhkX^CgiCs.U;fLthg@skWva\]hxVyswra2'sZrdXq@XApLw*sSpd jVRtPKwVa6Ht@SBvO_eMAkbVl 5r`5ss kH-WPDeqneu#+ArIe7
1447
A\kiiIZ tO7us8ghst]nwlUi.:J[Kkp,JNeAH@qHKl/lOriho7,Io/QksI)m6GhkX^CgiCs.U;fLthg@skWva\]hxVyswra2'sZrdXq@XApLw*sSpd jVRtPKwVa6Ht@SBvO_eMAkbVl 5r`5ss kH-WPDeqneu#+ArIe7
1448
A\kiiIZ tO7us8ghst]nwlUi.:J[Kkp,JNeAH@qHKl/lOriho7,Io/QksI*m6GhkX^CgiCs.U;fLthg@skWva\]hxVyswra2'sZrdXq@XApLw*sSpd jVRtPKwVa6Ht@SBvO_eMAkbVl 5r`5ss kH-WPDeqneu#+ArIe7
1449
A\kihIZ!tO7us8hhst]nwlUi-:IZKko,IOfAIAqHKl0lOriho7,Io/QksI)l6DhkX^BghCs.W;fLthgBskWva\\gxVyswra1'sZrdYr@XApLw*sSpd jXStPKwVa7Ht@SBwO_eMAkcVl 5ra5ss kH-XQDeqnet#,ArJe7
1450
A\kihIZ!tO7us8hhst]nwlUi-:IZKko,IOfAIAqHKl0lOriho7,Io/QksI)l6DhkX^BghCs.W;fLthgBskWva]\gxVyswra1'sZrdYr@XApLw*sSpd jXStPKwVa7Ht@SBwO_eMAkcVl 5ra5ss kH-XQDeqnet#,ArJe7
1451
A\kihIZ!tO7us8hhst]nwlUi-:IZKko,IOfAIAqHKl0lOriho7,Io/QksI)l6DhkX^BghCs.W;fLthgBskWva]\gxVyswra1'sZrdYr@XApLw*sSpd jXStPKwVa7Ht@SBwO_eMAkcVl 5ra5ss kH-XQDeqnet#,ArJe7
1452
A\kiiIZ tP7us8ggst]nwlUi.:JZKkp,JNeAH@qHKl/lOriho7,Io.QkrI)m6FhkW^CghCs.U;fLthgAskWvb\]hxVyswra2'sZrdXr@X@pLw*sSpd iWRtPKwVa6Ht@SBuO_eMAkbVl 5r`5ss kH-WPDepneu#+ArIe7
1453
A\kiiIZ tP7us8ggst]nwlUi.:JZKkp,JNeAH@qHKl/lOriho7,Io.QkrI)m6FhkW^CghCs.U;fLthgAskWvb\]hxVyswra2'sZrdXr@X@pLw*sSpd iWRtPKwVa6Ht@SBuO_eMAkbVl 5r`5ss kH-WPDepneu#+ArIe7
1454
A\kiiIZ tP7us8ggst]nwlUi.:JZKkp,JNeAH@qHKl/lOriho7,Io.QkrI)m6FhkW^CghCs.U;fLthgAskWvb\]hxVyswra2'sZrdXr@X@pLw*sSpd iWRtPKwVa6Ht@SBuO_eMAkbVl 5r`5ss kH-WPDepneu#+ArIe7
1455
A\kihIZ!tQ8us8ihss]nwlVi-:IZKkp,JNeAJAqHMm0mOriho7,Hn.RkuI)m6DhkW^BghCs.V;fLthgAskWva\\hxVyswra1'rYqdXrBXApLw*sSod jWRtPKwWa6Ht@SBwO_eMAkcVl 5r`5ss kH-XQDeqoeu#+ArJe7
1456
A\kihIZ!tQ8us8ihss]nwlVi-:IZKkp,JNeAJAqHMm0mOriho7,Hn.RkuI)m6DhkW^BghCs.V;fLthgAskWva\\hxVyswra1'rYqdXrBXApLw*sSod jWRtPKwWa6Ht@SBwO_eMAkcVl 5r`5ss kH-XQDeqoeu#+ArJe7
1457
A\kiiI[!tO7us9ghst]nwlUi-:JZKko,JNeAIArHKm/lNrigo8,Io-QktI)m6EhkX^BhhCs.U<fLthgAslWva\^hwVyswra2'sZqdXr@XApLw*sSpd jWRtPKwVa6HtASBwO_eMBkbWl 6ra5ss kH,XPDeqneu#+AqJe7
1458
A\kiiI[!tO7us9ghst]nwlUi-:JZKko,JNeAIArHKm/lNrigo8,Io-QktI)m6EhkX^BhhCs.U<fLthgAslWva\^hwVyswra2'sZqdXr@XApLw*sSpd jWRtPKwVa6HtASBwO_eMBkbWl 6ra5ss kH,XPDeqneu#+AqJe7
1459
A\kiiI[!tO7us9ghst]nwlUi-:JZKko,JNeAIArHKm/lNrigo8,Io-QktI)m6EhkX^BhhCs.U<fLthgAslWva\^hwVyswra2'rZqdXr@XApLw*sSpd jWRtPKwVa6HtASBwO_eMBkbWl 6ra5ss kH,XPDeqneu#+AqJe7
1460
A\kiiI[!tO7us9ghss]nwlUi-:JZKko,JNeAIArHKm/lNrigo8,Io-QktJ)m6EhkX^BhhCs.U<fLthgAslWva\^hwVyswra2'rZqdXr@XApLw*sSpd jWRtPKwVa6HtASBwO_eMBkbWl 6ra5ss kH,XPDeqneu#+AqJe7
1461
A\kiiI[!tO7us9ghss]nwlUi-:JZKko,JNeAIArHKm/lNrigo8,Io-QktJ)m6EhkX^BhhCs.U<fLthgAslWva\^hwVyswra2'rZqdXr@XApLw*sSpd jWRtPKwVa6HtASBwO_eMBkbWl 6ra5ss kH,XPDeqneu#+AqJe7
1462
A\kiiI[!tO7us9ghss]nwlUi-:JZKko,JNeAIArHKm/lNrigo8,Io-QktJ)m6EhkX^BhhCs.U<fLthgAslWva\^hwVyswra2'rZqdXr@XApLw*sSpd jWRtPKwVa6HtASBwO_eMBkbWl 6ra5ss kH,XPDeqneu#+AqJe7
1463
A\kiiI[!tO7us9ghss]nwlUi-:JZKko,JOeAIArHKm/lNrigo8,Io-QktJ)m6EhkX^BhhCs.U<fLthgAslWva\^hwVyswra2'rZqdXr@XApLw*sSpd jWRtPKwVa6HtASBwO_eMBkbWl 6ra5ss kH,XPDeqneu#+AqJe7
1464
A\kiiI[!tO7us9ghss]nwlUi-:JZKko,JOeAIArHKm/lNrigo9,Io-QktJ)m6EhkX^BhhCs.U<fLthgAslWva\^hwVyswra2'rZqdXr@XApLw*sSpc jWRtPKwVa6HtASBwO_eMBkbWl 6ra5ss kH,XPDeqneu#+AqJe7
1465
A\kiiIZ!tQ8us8ihsr]nwlVi-:IZKkp,JNeAJAqHMm0mOriho7,Hn.RkuJ)m6DhkW^BghCs.V;fLthgAskWva\\hxVyswra1'rYqdXrBXApLw*sSod jWRtPKwWa6Ht@SBwO_eMAkcVl 5r`5ts lH-XQDeqoeu#+ArJe6
1466
A\kiiIZ tP7us8ggrt]nvlUi/:JZKkp,JNeAH@qHKl/lOriho7,Io.QkrI)m6FhkW_CghCr.U<fLthgAskWvb\]hxVyswra2'sZrdXr@X@pLv*sRod iWRtPKvWa6Ht@SBuO_eMAkbVm 5r`5ss kH-WPDepneu#+AsIe7
1467
A\kiiIZ tP7us8ggrt]nvlUi/:JZKkp,JNeAH@qHKl/lOriho7,Io.QkrI)m6FhkW_CghCr.U<fLthgAskWvb\]hxVyswra2'sZrdXr@X@pLv*sRod iWRtPKvWa6Ht@SBuO_eMAkbVm 5r`5ss kH-WPDepneu#+AsIe7
1468
A\kiiIZ tP7us8ggrt]nvlUi/:JZKkp,JNeAH@qHKl/lOriho7,Io.QkrI)m6FhkW_CghCr.U<fLthgAskWvb\]hxVyswra2'sZrdXr@X@pLv*sQod iWRtPKvWa6Ht@SBuO_eMAkbVm 5r`5ss kH-WPDepneu#+AsIe7
1469
A]khhI[ tO7us8ihrt]owlUi-:JZLkp,JNeAIAqHKm/kNriho8,Io.QksJ)m6EhkW^BghDs.V;fLthgBskWva\]hwVyswra2(rZrdXrAX@pMw+sSpd jVRtPKwVa6Hs@TBuP_eMAkbXl 6ra5ss kH-XPDeqneu$+ArIe6
1470
A]khhI[ tO7us8ihrt]owlUi-:JZLkp,JNeAIAqHLm/kNriho8,Io.QksJ)m6EhkW^BghDs.V;fLthgBskWva\]hwVyswra2(rZrdXrAX@pMw+sSpd jVRtPKwVa6Hs@TBuP_eMAkbXl 6ra5ss kH-XPDeqneu$+ArIe6
1471
A]kiiIZ tP7us8ghst]nwlUi.;J[Lkp,JNeBH@qHKl/lOriho7,Io/QjsI)m6HhkY^CgiCs.V;fLthg@skWva\]gxVyswra3(sZrdXqAXApMw*sSpd jVRtPKwUa6Ht@TBvO_eMAkaXl 5r`6ss kH,VPDepneu#+ArIe7
1472
A]kiiIZ tP7us8ghst]nwlUi.;J[Lkp,JNeBH@qHKl/lOriho7,Io/QjsI)m6HhkY^CgiCs.V;fLthg@skWva\]gxVyswra3(sZrdXqAXApMw*sSpd jVRtPKwUa6Ht@TBvO_eMAkaXl 5r`6ss kH,VPDepneu#+ArIe7
1473
A\khiI[!tO7us9ggss]nwlUi-;JZKko-JOeAIArHKm/lNrigo8,In-QktJ)m6EhkX^BhhDs.U<fLthgArlWva\^hwVyswra2'rZqdXr@XApLw*sSpd iXRtPKwVa6HtASBwO_eMBkbWl 6ra5ss kH,XPDeqneu#+AqJe7
1474
A]kiiIZ tP7us8ghst]nwlUi.;J[Lkp,JNeBH@qHKl/lOriho7,Io/QjsI)m6HhkY^CgiCs.V;fLthg@skWva\]gxVyswra3(sZrdXqAXApMw*sSod jVRtPKwUa6Ht@TBvO_eMAkaXl 5r`6ss kH,VPDepneu#+ArIe7
1475
A\kiiIZ!tQ8us8ihsr]nwlWi-:IZKkp,JNeAJAqIMm0mOrihn7,Hn.RkuJ)m6DhkW^BghCs.V;fLthgAskWva\\hxVyswra1'rYqdXrBXApMw*sSod jWRtPKwWa6Ht@SBwO_eLAkcVl 5ra5ts lH-XRDeqoeu#+AqJe6
1476
A\kiiIZ!tQ8us8ihsr]nwlWi-:IZKkp,JNeAJArIMm0mOrihn7,Hn.RkuJ)m6DhkW^BghCs.V;fLthgAskWva\\hxVyswra1'rYqdXrBXApMw*sSod jWRtPKwWa6Ht@SBwO_eLAkcVl 5ra5ts lH-XRDeqoeu#+AqJe6
1477
A\khiI[!tO7ts9ggss]nwlUi-;IZKko-JOeAIArHKm/lNrigo8,Ho-QktJ)m6EhkX^BhhDs.U<fLthgArlWva]^hwVyswra2'rZqdYr@XApLw*sSpd iXRtPKwVa6HtASBwO_eMBkbWl 6ra5ss kH,XPDeqneu#+AqJe7
1478
A\khiI[!tO7ts9ggss]nwlUi-;IZKko-JOeAIArHKm/lNrigo8,Ho-QktJ)m6EhkX^BhhDs.U<fLthgArlWva]^hwVyswra2'rZqdYr@XApLw*sSpd iXRtPKwVa6HtASBwO_eMBkbWl 6ra5ss kH,XPDeqneu#+AqJe7
1479
A\kiiIZ!tQ8us8ihsr]nwlWi-:IZKko,JNeAJAqIMm0mOrihn7,Hn.RktJ)m6EhkW^BghCs.V:fLthgAskWva\\hxVyswra1'rYqdXrBXApMw*sSoe jWRtPKwWa6Ht@SBwO_eLAkcVl 5ra5ts lH-XRDepoeu#+AqJe6
1480
A\kiiIZ!tQ8us8ihsr]nwlWi-:IZKko,JNeAJAqINm0mOrihn7,Hn.RktJ)m6EhkW^BghCs.V:fLthgAskWva\\hxVyswra1'rYqdXrBXApMw*sSoe jWRtPKwWa6Ht@SBwO_eLAkcVl 5ra5ts lH-XRDepoeu#+BrJe6
1481
A\kiiIZ!tQ8us8ihsr]nwlWi-:IZKko,JNeAJAqINm0mOrihn7,Hn.RktJ)m6EhkW^BghCs.V:fLthgAskWva\\hxVyswra1'rYqdXrBXApMw*sSoe jWRtPKwWa6Ht@SBwO_eLAkcVl 5ra5ts lH-XRDepoeu#+BrJe6
1482
A\kiiIZ!tQ8us8ihsr]nwlWi-:IZKko,JNeAJAqIMm0mOrihn7,Hn.RktJ)m6EhkW^BghCs.V:fLthgAskWua\\hxVyswra1'rYqdXrBYApMw*sSoe jWRtPKwWa6Ht@SBwO_eLAkcVl 5ra5ts lH-XRDepoeu#+AqJe6
1483
A\kiiIZ!tQ8us8ihsr]nwlWi-:IZKko,JNeAJAqIMm0mOrihn7,Hn.RktJ)m6EhkW^BghCs.V:fLthgAskWua\\hxVyswra1'rYqdXrBYApMw*sSoe jWRtPKwWa6Ht@SBwO_eLAkcVl 5ra5ts lH-XRDepoeu#+AqJe6
1484
A\kiiIZ!tQ8us8ihsr]nwlWi-:IZKko,JNeAJAqINm0mOrihn7,Hn.RktJ)m6EhkW_BghCs.V:fLthgAskWva\\hxVyswra1'rYqdXrBXApMw*sSoe jWRtPKwWa6Ht@SBwO_eLAkcVl 5ra5ts lH-XSDepoeu#+BrJe6
1485
A\kiiIZ!tQ8us8ihsr]nwlWi-:IZKko,JNeAJAqINm0mOrihn7,Hn.RktJ)m6EhjW_BghCs.V:fLthgAskWva\\hxVyswra1'rYqdXrBXApMw*sSoe jWRtPKwWa6Ht@SBwO_eLAkcVl 5ra5ts lH-XSDepoeu#+BrJe6
1486
A\kiiIZ!tQ8us8ihsr]nwlWi-:IZKko,JNeAJAqINm0mOrihn7,Hn.RktJ)m6EhjW_BghCs.V:fLthgAskWva\\hxVyswra1'rYqdXrBXApMw*sSoe jWRtPKwWa6Ht@SBwO_eLAkcVl 5ra5ts lH-XSDepoeu#+BrJe6
1487
A\kiiIZ!tQ8us8ihsr]nwlWi-:IZKko,JNeAJAqINm0mOrihn7,Hn.RktJ)m6EhjW_BghDs.V:fLthgAskWva\\hxVyswra1'rYqdXrBXApMw*sSoe jWRtPKwWa6Ht@SBwO_eLAkcVl 5ra5ts lH-XSDepoeu#+BrJe6
1488
A\kiiIZ!tQ8us8ihsr]nwlWi-:IZKko,JNeAJAqINm0mOrihn7,Hn.RktJ)m6EhjW_BghDs.V:fLthgAskWva\\hxVyswra1'rYqdXrBXApMw*sSoe jWRtPKwWa6Ht@SBwO_eLAkcVl 5ra5ts lH-XSDepoeu#+BrJe6
1489
A\kiiIZ!tQ8us8ihsr]nwlWi-:IZKko,JNeAJAqINm0mOrihn7,Hm.RktJ)m6EhkW_BghCs/V:fLthgAskWva\\hxVyswra1'rYpdXrBXApMw*sSoe jWRtPKwWa6Ht@SBwO_fKAkcVl 5ra5ts lH-XSDepoeu#+BrJe6
1490
A\kiiIZ!tQ8us8ihsr]nwlWi-:IZKko,JNeAJAqINm0mOrihn7,Hm.RktJ)m6EhkW_BghCs/V:fLthgAskWva\\hxVyswra1'rYpdXrBXApMw*sSoe jWRtPKwWa6Ht@SBwO_fKAkcVl 5ra5ts lH-XSDepoeu#+BrJe6
1491
A\kiiIZ!tQ8us8ihsr]nwlWi-:IZKko,JNeAJAqINm0mOrihn7,Hm.RktJ)m6EhkW_BghCs/V:fLthfAskWva\\hxVyswra1'rYpdXrBXApMw*sSoe jWRtPKwWa6Ht@SBwO_fKAkcVl 5ra5ts lH-XSDepoeu#+BrJe6
1492
A\kiiIZ!tQ8us8jhsr]nwlWi-:IZKko,JNeAJAqINm0mOrihn7,Hn.RjtJ)m6EhkW_BghCs.U:fLthfAskXva\\hxVyswra1'rYqdXrBXApMw*sSoe jWRtPKwWa6Ht@SBwO_eLAkcWl!5ra5ts lH-XSDepoeu#+BrJe6
1493
A\kiiIZ!tQ8us8ihsq]nwlWi-:I[Kko,JNfAJAqIMm0lOrihn7,Gn.RktJ)m6EhkW^BghCs.V:fLuhgAskWub\\hxVyswra1'rYqdXrBYApMw*sSoe jWRtPKwWa6HtBSBwO_eLAkcVl 5ra5ts lH-XRDepoeu#+AqJe6
1494
A\kiiIZ!tQ8us8ihsq]nwlWi-:I[Kko,JNfAJAqIMm0lOrihn7,Gn.RktJ)m6EhkW^BghCs.V:fLuhgAskWub\\hxVyswra1'rYqdXrBYApMw*sSoe jWRtPKwWa6HtBSBwO_eLAkcVl 5ra5ts lH-XRDepoeu#+AqJe6
1495
A\jiiIZ tQ8us8ihsq]nwlWi-:HZKko,JNeAJAqIMm0lOqihn7,Hn.RktJ)m6EhkW^BghCs.V:fLthgAslWua\\hxVyswra1'rYqdXrBYApMv*sSoe jWRtPKwWa6Ht@SBwO_eLAkcVl 5ra5ts lH-WRDepoeu#+BqJe6
1496
A\jiiIZ tQ8us8ihsq]nwlWi-:HZKko,JOeAJAqIMm0lOqihn7,Hn-RktJ)m6EhkW^BghCs.V:fLthgAslWua\\hxVyswra1'rYqdXrBYApMv*sSoe jWRtPKwWa6Ht@SBwO_eLAkcVl 5ra5ts lH-WRDepoeu#+BqJe6
1497
A\kiiIZ!tQ8us8ihss]nwlWi-:IZKko,JNeAJAqINm0mOrihn7,Hl.RktJ)m6EhkW_BghCs/V:fLthfAskWva\]hxVyswra1'rYpdXrBXApMw*sRoe jWRtPKwWa6Ht@SBwO`fKAkcVl 5rb5ts lH-XSDepoeu#+BrJe6
1498
A\kijIZ!tQ8us8ihsr]nwlWi-:IZKko,JOeAJAqINm0mPrihn7,Hn.RktJ)m6EhjW_BghCs.V:fLthgAskWvb\\hxVyswra1'rYqdXrBYApNw*sSoe jWRtPKwWa6Ht@SBwO_eLAkcVl 5ra5ts lH-XSDepoeu#+BqJe5
1499
A\kijJZ!tQ8us8ihsr]nwlWi-;IZKko,JOeAJAqINm0mPrihn7,Hn.RktJ)m6EhjW_BghCs.V:fLthgAskWvb\\hxVyswra1'rYqdXrBYApNw*sSoe jWRtPKwWa6Ht@SBwO_eLAkcVl 5ra5ts lH-XSDepoeu#+BqJe5
1500
A\kijJZ!tQ8us8ihsr]nwlWi-;IZKko,JOeAJAqINm0mPrihn7,Hn.RktJ)m6EhjW_BghCs.V:fLthgAskWvb\\hxVytwra1'rYqdXrBYApNw*sSoe jWRtPKwWa6Ht@SBwO_eLAkcVl 5ra5ts lH-XSDepoeu#+BqJe5
1501
A\kijJZ!tQ8us8ihsr]nwlWi-;IZKko,JOeAJAqINm0mPrihn7,Hn.RktJ)m6EhjW_BghCs.V:fLthgAskWvb\\hxVytwra1'rYqdXrBYApNw*sSoe jWRtPKwWa6Ht@SBwO_eLAkcVl 5ra5ts lH-XSDepoeu#+BqJe5
1502
A\kijJZ!tQ8us8ihsr]nwlWi-;IZKko,JOeAJAqINm0mPrihn7,Hn.RktJ)m6EhjW_BghCs.V:fLthgAskWvb\\hxVytwra1'rYqdXrBYApNw*sSoe jWRtPKwWa6Ht@SBwO_eLAkcVl 5ra5ts lI-XSDepoeu#+BqJe5
1503
A\jiiIZ tQ8us8ihsq]nwlWi-:HZKko,IOeAJAqIMm0lOqihn7,Hn-RktJ)m6EhkW^BghCs.V:fLthgAslWua\\hxVyswra1'rYqdXrBYApMv+sSoe jWRtPKwWa6Ht@SBvO_eLAkcVl 5ra5ts mH-WRDepoeu#+BqJe6
1504
A\jiiIZ tQ8us8ihsq]nwlWi-:HZKko,IOeAJArIMm0lOqihn7,Hn-RktJ)m6EhkW^BghCs.V:fLthgAslWua\\hxVyswra1'rYqdXqBYApMv+sSoe jWRtPKwWa6Ht@SBwO_eMAkcVl 5ra5ts mH-WREepoeu#+BqJe6
1505
A\jiiIZ tQ8us8ihsq]nwlWi-:H[Kko,IOeAJAqIMm0lOqihn7,Hn-RktJ)m6EhkW^BghCs.V:fLthgAslWua\\hxVyswra1'rYqdXrBYApMv+sSoe jWRtPKwWa6Ht@SBvO_eLAkcVl 5ra5ts mH-VRDepoeu#+BqJe6
1506
A\kijJZ!tQ8us8ihsr]nwlWi-;IZKko,JOeAJAqJNm0mPrihn7,Hn.RktJ)m6EhjW_BghDs.V:fLthgAskWvb\\hxVytwra1'rYqdXrBZApNw*sSoe jWRtPLwWa6Ht@SBwO_eLAkcVl 5ra6ts lH-XSDepoeu#+BqJe5
1507
A\kijJZ!tQ8us8ihsr]nwlWi-;IZKko,JOeAJAqJNm0mPrihn7,Hn.RktJ)m6EhjW_BghDs.V:fLthgAskWvb\\hxVytwra1'rYqdXrBZApNw*sSoe jWRtPLwWa6Ht@SBwO_eLAkcVl 5ra6ts lH-XSDepoeu#+BqJe5
1508
A\kijJZ!tQ8us8ihsr]nwlWi-;IZKko,JOeAJAqJNm0mPrihn7,Hn.RktJ)m6EhjW_BghDs.V;fLthgAskWvb\\hxVytwra1'rYqdXrBZApNw*sSoe jWRtPLwWa6Ht@SBwO_eLAkcVl 5ra6ts lH-XSDepoeu#+BqJe5
1509
A\kijJZ!tQ8us8ihsr]nwlWi-;IZKko,JOeAJAqJNm0mPrihn7,Hn.RktJ)m6EhjW_BghDs.V;fLthgAskWvb\\hxVytwra1'rYqdXrBZApNw*sSoe jWRtPLwWa6Ht@SBwO_eLAkcVl 5ra6ts lH-XSDepoeu#+BqJe5
1510
A\kijJZ!tQ8us8ihsr]nwlWi-;IZKko,JOeAJAqJNm0mPrihn7,Hn.RktJ)m6EhjW_BghDs.V;fLthgAskWvb\\hxVytwra1'rYqdXrBZApNw*sSoe jWRtPLwWa6Ht@SBwO_eLAkcVl 5ra6ts lH-XSDepoeu#+BqJe5
1511
A\kijJZ!tQ8us8ihsr]nwlWi-;I[Kko,JOeAJAqJNm0mPrihn7,Hn.RktJ)m6EhjW_BghDs.V;fLthgAskWvb\\hxVytwra1'rYqdXrBZApNw*sSoe jWRtPLwWa6Ht@SBwO_eLAkcVl 5ra6ts lH-XSDepoeu#+BqJe5
1512
A\kijJZ!tQ8us8ihsr]nwlWi-;I[Kko,JOeAJAqJNm0mPrihn7,Hn.RktJ)m6EhjW_BghDs.V;fLthgAskWvb\\hxVytwra1'rYqdXrBZApNw*sSoe jWRtPLwWa6Ht@SBwO_eLAkcVl 5ra6ts mH-XSDepoeu#+BqJe5
1513
A\kijJZ!tQ8us8ihsr]nwlWi-;IZKkn,JOeAJAqJNm0mPrihn7,Hn.RktJ)m6EhjW_BghDs.V:fLthgAskWvb\\hxVytwra1'rYqdXrBZApNw+sSoe jWRtPLwWa6Ht@SBwO_eLAkcVl 5ra6ts lH-WSDepoeu#+BqJe5
1514
A\kijIZ!tQ8us8ihsr]nwlWi-:IZKko,JOeAJAqINm0mPrihn7,Hm.RktJ)m6EhjW_BghCs/V:fLthg@skWtb]\hxVysvra1'rYqcXrBYApNw*sSoe jWRtPKwWa6Ht@SBwO_eLAkcVl 5ra5ts lI,XSDepoeu#+BqJe5
1515
A\kijIZ!tQ8us8ihsr]nwlWi-:IZKko,JOeAJAqINm0mPrihn7,Hm.RktJ)m6EhjW_BghCs/V:fLthg@skWtb]\hxVysvra1'rYqcXrBYApNw*sSoe jWRtPKwWa6Ht@SBwO_eLAkcVl 5ra5ts lI,XSDepoeu#+BqJe5
1516
A\kijIZ!tQ8us8ihsr]nwlWi-:IZKko,JOeAJAqINm0mPrihn7,Hm.RktJ)m6EhjW_BghCs/V:fLthg@skXtb]]hxVysvra1'rYqcXrBYApNw*sSoe jWRtPKwWa6Ht@SBwO_eLAkcVl 5ra5ts lI,XSDepoeu#+BqJe5
1517
A\kijIZ!tQ8us8ihsr]nwlWi-:IZKko,JOeAJAqINm0mPrihn7,Hm.RktJ)m6EhjW_BghCs/V:fLthg@skXtb]]hxVysvra1'rYqcXrBYApNw*sSoe jWRtPKwWa6Ht@SBwO_eLAkcVl 5ra5ts lI,XSDepoeu#+BqJe5
1518
A\kijIZ!tQ8us8ihsr]nwlWi-:IZKko,JOeAJAqINm0mPrihn7,Hm.RktJ)m6EhjW_BghCs/V:fLthg@skXtb]]hxVysvra1'rYqcXrBYApNw*sSoe jWRtPKwWa6HtASBwO_eLAkcVl 5ra5ts lI,XSDepoeu#+BqJe5
1519
A\kijIZ!tQ8us8ihsr]nwlWi-:IZKko,JOeAJAqINm0mPrihn7,Hm.RktJ)m6EhjW_BghCs/V:fLthg@skXtb]]hxVysvra1'rYqcXrBYApNw*sSoe jWRtPKwWa6HtASBwO_eLAkcVl 5ra5ts lI,XSDepoeu#+BqJe5
1520
A\kijIZ!tQ8us8ihsr]nwlWi-:IZKko,JOeAJAqINm0mPrihn7,Hm.SktJ)m6EhjW_BghCs/V:fLthg@skXtb]]hxVysvra1'rYqcXrBYApNw*sSoe jWRtPKwWa6HtASBwO_eLAkcVl 5ra5ts lI,XSDepoeu#+BqJe5
1521
A\kijJZ!tQ8us8ihsr]nwlWi-;IZKko,JOeAJAqKNm0mPrihn7,Hn.RktJ)m5EhjW_BghDs.U:fLthg@skWvb\\hxVytwra1'rYqdXrC[ApNw+sSoe jWRtPLwWa6Ht@SBwO_eLAlcVl 5ra6ts lH-XSDepoeu#+BqJe5
1522
A\jiiJZ tQ8us8ihsq^nwlWi-:HZKko,IOeAJAqIMm0lOqihm7,Hn-RktJ)m6EhkW^BghCs.U:fLthfAslWua\\hxVyswra2'rYqdXrBYApNv+sSoe jWRtPLwXa6Ht@SBvOaeLAkcVl 5ra5ts mH-WRDepoeu$,BqJe6
1523
A\jiiJZ tQ8us8ihsq^nwlWi-:HZKko,IOeAJAqIMm0lOqihm7,Hn-RktJ)m6EhkW^BghCs.U:fLthfAslWua\\hxVyswra2'rYqdXrBYApNv+sSoe jWRtPLwXa6Ht@SBvOaeLAkcVl 5ra5ts mH-WRDepoeu$,BqJe6
1524
A\jhiJZ tQ8us8ihsq^nwlWi-:HZKko,IOeAJAqIMm0lOqihm7,Hn-RktJ)m6EhkW^BghCs.U:fLthfAslWua\\hxWyswra2'rYqdXrBYApNv+sSoe jWRtPLwXa6Ht@SBvOaeLAkcVl 5ra5ts mH-WRDepoeu$,BqJe6
1525
A\jhiJZ tQ8us8ihsq^nwlWi-:HZKko,IOeAJAqIMm0lOqihm7,Hn-RktJ)m6EhkW^BghCs.U:fLthfAslWua\\hxWyswra2'rYqdXrBYApNv+sSoe jWRtPLwXa6Ht@SBvOaeLAkcVl 5ra5ts mH-WRDepoeu$,BqJe6
1526
A\jhiJZ tQ8us8ihsq^nwlWi-:HZKko,IOeAJAqIMm0lOqihm7,Hn-RktJ)m6EhkW^BghCs.U:fLthfAslWua\\hxWyswra2'rYqdXrBYApNv+sSoe jWRtPLwXa6Ht@SBvOaeLAkcVl 5ra5ts mH-WRDepoeu$,BqJe6
1527
A\jhiJZ tQ8us8ihsq^nwlWi-:HZKko,IOeAJAqIMm0lOqihm7,Hn-RktJ)m6EgkW^BghCs.U:fLthfAslWua\\hxWyswra2(rYqdXrBYApNv+sSoe jWRtPLwXa6Ht@SBvOaeLAkcVl 5ra5ts mH-WRDepoet$,BqJe6
1528
A\jhiJZ tQ8us8ihsq^nwlWi-:HZKko,IOeAJAqIMm0lOqihm7,Hn-RktJ)m6EgkW^BghCs.U:fLthfAslXua\\hxWyswra2(rYqdXrCYApNv+sSoe jWRtPLwXa6Ht@SBvOaeLAkcVl 5ra5ts mH-WRDepoet$,BqJe6
1529
A\jhiJZ tQ8us8ihsq^nwlWi-:HZKko,IOeAJAqIMm0lOqihm7,Hn-RktJ)m6EgkW^BghCs.U:fLthfAslXua\\hxWyswra2(rYqdXrCYApNv+sSoe jWRtPLwXa6Ht@SBvOaeLAkcVl 5ra5ts mH-WRDepoet$,BqJe6
1530
A\jhiJZ tQ8us8ihsq^nwlWi-:HZKko,IOeAJAqIMm0lOqihm7,Hn-RktJ)m6EgkW^BghCs.U:fLthfAslXua\\hxWyswra2(rYqdXrCYApNv+sSoe jWRtPLwXa6Ht@SBvOaeLAkcVl 5ra5ts mH-WRDepoet$,BqJe6
1531
A\jhiJZ tQ8us8ihsq^nwlWi-:HZKko,IOeAJAqIMm0lOqihm7,Hn-RktJ)m6EgkW^BghCs.U:fLthfAslXua\\hxWyswra2(rYqdXrCYApNv+sSoe jWRtPLwXa6Ht@SBvPaeLAkcVl 5ra5ts mH-WRDepoet$,BqJe6
1532
A\jhiJZ tQ8us8ihsq^nwlWi-:HZKko,IOeAJAqIMm0lOqihm7,Hn-RktJ)m6EgkW^BghCs.U:fLthfAslXua\\hxWyswra2(rYqdXrCYApNv+sSoe jWRtPLwXa6Ht@SBvPaeLAkcVl 5ra5ts mH-WRDepoet$,BqJe6
1533
A\jhiJZ tR8us8ihsq^nwlWi-:HZKko,IOeAJAqIMm0lOqihm7,Hn.RktJ)m6EgkW^BghCs.U:fLthfAslXua\\hxWyswra2(rYqdXrCYApNv+sSoe jWRtPLwXa6Ht@SBvOaeLAkcVl 5ra5ts mH-WRDepoet$,BqJe6
1534
A\jhiJZ tQ8us8ihsp^nwlWi-:HZKko,IOeAJAqIMm0lOqihm7,Hn.RktJ)m6EhkW^BghCs.U:fLthfAslWua\\hxWyswra2'rYqdXrBYApNv,sSoe jWRtPLwXa6Ht@SBuOaeLAkcVl 5ra5ts mH-WRDeooet$,BqJe6
1535
A\jhiJZ tQ8us8ihsp^nwlWi-:HZKko,IOeAJAqIMm0lOqihm7,Hn.RktJ)m6EhkW^BghCs.U:fLthfAslWua\\hxWyswra2'rYqdXrBYApNv,sSoe jWRtPLwXa6Ht@SBuOaeLAkcVl 5ra5ts mH-WRDeooet$,BqJe6
1536
A\jhiJZ tQ8us8ihsq^nwlXi-:HZKko,IOeAJAqIMm0lOqihm7,Hn-RktJ)m6EgkW^BghCs.U:fLthfAslXua\\hxWyswra2(rYqdXrCYApNv+sSoe jWRsPLwXa6Ht@SBvOaeLAkcVl 5ra5ts mH-VSDepoet$,BqJe6
1537
A\jhiJZ tQ8us8ihsq^nwlXi-:HZKko,IOeAJAqIMm0lOqihm7,Hn-RktJ)m6EgkW^BghCs.U:fLthfAslXua\\hxWyswra2(rYqdXrCYApNv+sSoe jWRsPLwXa6Ht@SBvOaeLAkcVl 5ra5ts mH-VSDepoet$,BqJe6
1538
A\jhiJZ tQ8us8ihsq^nwlWi-:HZKko,IOeAJAqIMm0lOqihm7,Hn-RktJ)m6EgkW^BghCs.U:fLthfAslXua\\hxWyswra2(rYqdYrCYApOv+sSoe jWRtPLwXa6Ht@SBvPaeLAkcWl 5ra5ts mH-WRDepnet$,BqJe6
1539
A\jhiJZ tQ8us8ihsq^nwlXi-:HZKko,IOeAJAqIMm0lOqihm7,Hn-RktJ)m6EgkW^BghCs.U:fLtheAslXua\\gxWyswra2(rYqdXrDYApNv+sSoe jWRsPLwXa6Ht@SBvOaeLAkcVl 5sa5ts mH-VSDepoet$,BqJe6
1540
A\jhiJZ tQ8us8ihsq^nwlXi-:HZKko,IOeAJAqIMm0lPqihm7,Hn-RktJ)m6EfkW^BghCs.U:fLtheAslXua\\gxWyswra2(rYqdXrDYApNv+sSoe jWRsPLwXa6Ht@SBvOaeLAkcVl 5sa5ts mH-VSDepoet$,BqJe6
1541
A\jhiJ[ tQ8us8ihsq^nwlWi-:HZKlo,IOeAJAqIMm0lOqihm7,Hn-RktJ)m6EgkW^BghCs.U:fLthfAslXua\\hxWyswra2(rYqdYrCZApOv+sSoe jWRtPLwXa6Ht@SBvPaeLAkcWl 5ra5ts mH-WRDepoet$,BqJe6
1542
A\jhiJ[ tR8us8ihsq^nwlWi-:HZKlo,IOeAJAqIMm0lOqihm7,Hn-RktJ)m6EgkW^BghCs.U:fLthfAslXua\\hxWyswra2(rYqdYrCZApOv+sSoe jWRtPLwXa6Ht@SBvPaeLAkcWl 5ra5ts mH-WRDepoet$,BqJe6
1543
A\jhiJZ tQ8us8ihsp^nwlWi-:HZKko-IOeBKAqIMm0lOqihm7,Hn.RktJ)m6EhkW^BghCs.U:fLthfAslWub\\hxWyswra2'rYqdXrBYApNv,sSoe jWRsPLvXa6Ht@SBuOaeLAkcVl 5ra5ts mH-WRDeooet$,BqJe6
1544
A\jhiKZ tQ8us8ihsp^owlWi-:HZKkn,IOeAJAqIMm1lOqihm7,Hn.RktJ)m6EhkW^BghCs.U:fLthfAslXua\\hxWyswra2'rYqdXrBYApNv,sSoe jWRtPLwXa7Ht@SBuOaeLAkcVl 5ra5ts mH-VRDeooet$,BqJe6
1545
A\jhiLZ tQ8us8ihsp^owlWi-:HZKkn,IOeAJAqIMm1lOqihm7,Hn.RktJ)m6EhkW^BghCs.U:fLthfAslXua\\hxWyswra2'rYqdXrBZApNv,sSoe jWRtPLwXa7Ht@SBuOaeLAkcVl 5ra5ts mH-VRDeooet$,BqJe6
1546
A\jhiLZ tQ8us8ihsp^owlWi-:HZKkn,IOeAJAqIMm1lOqihm7,Hn.RktJ)m6EhlW^BghCs.U:fLthfAslXua\\hxWyswra2'rYqdXrBZApNv,sSoe jWRtPLwXa7Ht@SBuOaeLAkcVl 5ra5ts mH-VRDeooet$,BqJe6
1547
A\jhiLZ tQ8us8ihsp^owlWi-:HZKkn,IOeAJAqIMm1lOqihm7,Hn.RktJ)m6EhlW^BghCs.U:fLthfAslXua\\hxWyswra2'rYqdXrBZApNv,sSoe jWRtPLwXa7Ht@SBuOaeLBkcVl 5ra5ts mH-VRDeooet$,BqJe6
1548
A\jhiLZ tQ8us8ihsp^owlWi-:HZKkn,IOeAJAqIMm1lOqihm7,Hn.RktJ)m6EhlW^BghCs.U:fLthfAslXua\\hxWyswra2'rYqdXrBZApNv,sSoe jWRtPLwXa7Ht@SBuOaeLBkcVl 5ra5ts mH-VRDeooet$,BqJe6
1549
A\jhiJZ tQ8us8jhrp_nwlWi-;H[Kko,IOeAJAqIMm0lOqihm7,Hn-TktI)m5EgkW_BghCs.U:fLthfAslXta\\hxXyswsa2(rYpdXrCYApNu+sSoe jWRtPLwXa6Ht@TBvQaeLAkcVk 5ra5ts mH-WRDepoet$,BqJe6
1550
A\jhiJZ tQ8us8jhrp_nwlWi-;H[Kko,IOeAJAqIMm0lOqihm7,Hn-TktI)m5EgkW_BghCs.U:fLthfAslXta\\hxXyswsa2(rYpdXrCYApNu+sSoe jVRtPLwXa6Ht@TBvQaeLAkcVk 5ra5ts mH-WRDepoet$,BqJe6
1551
A\jhiLZ tQ8us8ihsp^owlWi-:HZKkn,IOeAJAqIMm1lOqihm7,Hn.RktJ)m6EhkW^BghCr.U:fLthfAslXua\\hxWyswra2'rYqdXrBZApNv,sSoe iWRtPLwXa7Ht@SBuOaeLAkcVl 5ra5ts mH-VRDeonet$,BqJe5
1552
A\jhiLZ tQ8us8ihsp^owlWi-:HZKkn,IOeAJAqIMm1lOqihm7,Hn.RktJ)m6EhkW^BghCr.U:fLthfAslXua\\hxWyswra2'rYqdXrBZApNv,sSoe iXRtPLwXa7Ht@SBuOaeLAkcVl 5ra5ts mH-VRDeonet$,BqJe5
1553
A\jhiLZ tQ8us8ihsp^owlWi-:HZKkn,IOeAJAqIMm1lOqihm7,Hn.RktJ)m6EhkW^BghCr.U:fLthfAslXua\\hxWyswra2'rYqdXrBZApNv,sSoe iXRtPLwXa7Ht@SBuOaeLAkcVl 5ra5ts mH-VRDeonet$,BqJe5
1554
A\jhiKZ tQ8us8jgsp^owlWi-9HZKkn,IOeAJAqIMm1lOqihm7,Hn.RjtJ)m6EhkW^BghCs.U:fLthfAslXua\\hwWyswra2(rYqdXrBZApNv,sSoe jWRtOLwXa7Ht@SBuOaeLAkcVl 5ra5ts mH-VRDeooet$,BqJe6
1555
A\jhiKZ tQ8us8jgsp^owlWi-9HZKkn,IOeAJAqIMm1lOqihm7,Hn.RjtJ)m6EhkW^BghCs.U:fLthfAslXua\\hwWyswra2(rYqdXrBZApNv,sSoe jWRtOLwXa7Ht@SBuOaeLAkcVl 5ra5ts mH-VRDeooet$,BqJe6
1556
A\jhiJ[ tQ8us8ihsq^nwlWi-:HZKkn,HOeAKAqJMl0lOqihm7,Hn-RktJ)m6EgkW_BghDs.U;fLthfAslXta\\hxWysvra2(rYqdYrCZ@pNv+sSoe iWStPLwXa6HtASBvPaeMAkcWl 5ra5ts mH.WRDepoet$,BqJe6
1557
A\jhiLZ tR8us8igsp^owlWi-:HZKkn,IOeAJAqIMm1lOqihm7,Hn.RktJ*m6EhkW^BghCr.U:fLthfAslXua\\hxWyswra2'rYqdXrBZApNv,sSoe hWRtPLwXa7HtASBuOaeLAlcVl 5ra5ts nH-VRDeooet$,BqJe6
1558
A\jhiLZ tR8us8igsp^owlWi-:HZKkn,IOeAJAqIMm1lOqihm8,Hn.RktJ*m6EhkW^BghCr.U:fLthfAslXua\\hxWyswra2'rYqdXrBZApNv,sSoe hWRtPLwXa7HtASBuOaeLAlcVl 5ra5ts nH-VRDeooet$,BqJe6
1559
A\jhiLZ tR8us8igsp^owlWi-:HZKkn,IOeAJAqIMm1lOqihm8,Hn.RktJ*m6EhkW^BghCr.U:fLthfAslXua\\hxWyswra2'rYqdXrBZApNv,sSoe hWRtPLwXa7HtASBuOaeLAlcVl 5ra5ts nH-VRDeooet$,BqJe6
1560
A\jhiLZ tR8us8igsp^owlWi-:HZKkn,IOeAJAqIMm1lOqihm8,Hn.RktJ*m6EhkW^BghCr.U:fLthfAslXua\\hxWyswra2'rYqdXrBZApNv,sSoe hWRtPLwXa7HtASBuOaeLAlcVl 5ra5ts nH-VRDeooet$,BqJe6
1561
A\jhiLZ tR8us8igsp^owlWi-:HZKkn,IOeAJAqIMm1lOqihm8,Hn.RktJ*m6EhkV^BghCr.U:fLthfAslXua\\hxWyswra2'rYqdXrBZApNv,sSoe hWRtPLwXa7HtASBuOaeLAlcVl 5ra5ts nH-VRDeooet$,BqJe6
1562
A\jhiK\ tQ8us8ihsq^nwlWi.:HZKkn,HOeAKAqJMl0lOqihm7,Hn.RktJ)m6EgkW_BghDs.U;fLthfAslXta\\hxWysvra2(rYpdYrCZ@pNv+sSoe iWStPLwXa6HtASBvPaeMAkcWl 5ra5ts mH.WRDepoet$,BqJe6
1563
A\jhiK\ tQ8us8ihsq^nwlWi.:HZKkn,HOeAKAqJMl0lOqihm7,Hn.RktJ)m6EgkW_BghDs.U;fLthfAslXta\\hxWysvra2(rYpdYrCZ@pNv+sSoe iWStPLwXa6HtASBvPaeMAkcWl 5ra5ts mH.WRDepoet$,BqJe6
1564
A\jhiK\ tQ8us8ihsq^nwlWi.:HZKkn,HOeAKAqJMl0lOqihm7,Hn.RktJ)m6EgkW_BghDs.U;fLthfAsmXta\\hxWysvra2(rYpdYrCZ@pNv+sSoe iWStPLwXa6HtASBvPaeMAkcWl 5ra5ts mH.WRDepoet$,BqJe6
1565
A\jhiK\ tQ8us8ihsq^nwlWi.:HZKkn,HOeAKAqJMl0lOqihm7,Hn.RktJ)m6EgkW_BghDs.U;fLthfAsmXta\\hxWysvra2(rYpdYrCZ@pNv+sSoe iWStPLwXa6HtASBvPaeMAkcWl 5ra5ts mH.WRDepoet$,BqJe6
1566
A\jhiK\ tQ8us8ihsq^nwlWi.:HZKkn,HOeAKAqJMl0lOqihm7,Hn.RktJ)m6EgkW_BghDs.U;fLthfAsmXta\\hxWysvra2(rYpdYrCZ@pNv+sSoe iWStPLwXa6HtASBvPaeMAkcWl 5ra5ts mH.WRDepoet$,BqJe6
1567
A\jhiLZ tQ8us8ihsp^owlWi-:HZKkn,IOeAJAqIMm1lOqihm7,Hn/RktK)l6EhlW^BghDs.U:fLthfAslYtb\\hwXyswra2(rYrdXqBZApNv,sSoe jWRtPLwXa7Ht@SCuOaeLBkcVl 5ra5ts mH,VRDeooet$,BqJe6
1568
A\jhiJ[ tQ8us8ihsq^nwlWi-:HZKkn,HOeAKAqILl0lOqihm7,Hn-RjtJ)m6EgkV_BghCs.U;fLthfAslXtb\\hxWysvra2(rYqdZqCZ@pOv+sSoe iWTtPMvXa6HtASBuPbeMAkcWl 5ra5ts mH.WRDepoet$,BqJe6
1569
A\jhiJZ tQ8us8jhrp`nwlWi-;H[Kko-IOeAJApJMm0lOqihl7,Hn-UktI)m4EgkW_BghCs.U:fLthf@skXta\\hxXyswsa2(rYpdXrCZApNu,sRoe jWRtPLwXa6Ht@TBvQaeLAkcVk 5ra6ts mH-WRDdpoet%.BqKe6
1570
A\jhiJZ tQ8us8jhrp`nwlWi-;H[Kko-IOeAJApJMm0lOqihl7,Hn-UktI)m4EgkW_BghCs.U:fLthf@skXta\\hxXyswsa2(rYpdXrCZApNt,sRoe jWRtPLwXa6Ht@TBvQaeLAkcVk 5ra6ts mH-WRDdpoet%.BqKe6
1571
A\jhiJZ tQ8us8jhrp`nwlWi-;H[Kko-IOeAJApJMm0lOqihl7,Hn-UktI)m4EgkW_BghCs.U:fLthf@skXta\\hxXyswsa2(rYpdXrCZApNt,sRoe jWRtPLwXa6Ht@TBvQaeLAkcVk 5ra6ts mH-WRDdpoet%.BqKe6
1572
A\jhiJZ tQ8us9jhrp`nwlWi-;H[Kko-IOeAJApJMm0lOqihl7,Hn-UktI)m4EgkW_BghCs.U:fLthf@skXta\\hxXyswsa2(rYpdXrCZApNt,sRoe jWRtPLwXa6Ht@TBvQaeLAkcVk 5ra6ts mH-WRDdpoet%.BqKe6
1573
A\jhiJZ tQ8us9jhrp`nwlWi-;H[Kko-IOeAJApJMm0lOqihl7,Hn-UktI)m4EgkW_BghCs.U:fLthf@skXta\\hxXyswsa2(rYpdXrCZApNt-sRoe jWRtPLwXa6Ht@TBvQaeLAkcVk 5ra6ts mH-WRDdpoet%.BqKe6
1574
A\jhiJZ tQ8us9jhrp`nwlWi-;H[Kko-IOeAJApJMm0lOqihl7,Hn-UktI)m4EgkW_BghCs.U:fLthf@skXta\\hxXyswsa2(rYpdXrCZApNt-sRoe jWRtPLwXa6Ht@TBvQaeLAkcVk 5ra6ts mH-WRDdpoet%.BqKe6
1575
A\jhiLZ tQ8us8ihsp^owlWi-:HZKkn,IOeBJAqIMm1lOqihm7,Hn/RktK)l6EhlW^BghDs.U:fLthfAslYtb\\hwXyswra2(rYrdXqBZApOv,sSoe jWRtPLwXa8Ht@SCtOaeLBkcVl 5ra5ts mH,VREeooet$,BpJe6
1576
A\jhiLZ tQ8us8ihsp^owlWi-:HZKkn,IOeBJAqIMm1lOqihm7,Hn/RktK)l6EhlW^BghDs.U:fLthfAslYtb\\hwXyswra2(rYrdXqBZApOv,sSoe jWRtPLwXa8Ht@SCtOaeLBkcVl 5ra5ts mH,VREeooet$,BpJe6
1577
B\jhiIZ tQ8us8jhrp_nwlWi-;H[Kkn-JOeAJApIMm0lQqihm7,Hn-TktI*m5FgjV_BghCs.U:fLthfAslXta]\hwXyswsa2(rYpdXrC[ApNt+sSoe iWRtPLwXa6ItATBvRaeKAkcVk 5ra5ts nH-VRDdpoet$-CqJe6
1578
A\jhiJZ tQ8us9jhrp`nwlWi-;H[Kko-IOeAJApJMm0lOqihl7,Hn-UktI)m4EgkW_BghCs.U:fLthf@skXsa\\hxXyswsa2(rYpdXrDZApNt-sRoe jWRtPLwXa6Ht@TBvQbeLAkcVk 5ra6ts nH-WRDdpoet%.BqKe6
1579
A\jhiJZ tQ8us9jhrp`nwlWi-;H[Kko-IOeAJApJMm0lOqihl7,Hn-UktI)m4EgkW_BghCs.U:fLthf@skXsa\\hxXyswsa2(rYpdXrDZApNt-sRoe jWRtPLwXa6Ht@TBvQbeLAkcVk 5ra6ts nH-WRDdpoet%.BqKe6
1580
A\jhiJZ tQ8us9jhrp`nwlWi-;H[Kko-IOeAJApJMm0lOqihl7,Hn-UktI)m4EgkW_BghCs.U:fLthf@skXsa\\hxXyswsa2(rYpdXrDZApNt-sRoe jWRtPLwXa6Ht@TBvQbeLAkcVk 5ra6ts nH-WRDdpoet%.BqKe6
1581
A\jhiJZ tQ8us9jhrp`nwlWi-;H[Kko-IOeAJApKMm0lOqihl7,Hn-UktI)m4EgkW_BghCs.U:fLthf@skXsa\\hxXyswsa2(rYpdXrDZApNt-sRoe jWRtPLwXa6Ht@TBvQbeLAkcVk 5ra6ts nH-WRDdpoet%.BqKe6
1582
A\jhiJZ tQ8us9jhrp`nwlWi-;H[Kko-IOeAJApKMm0lOqihl7,Hn-UktI)m4EgkW_BghCs.U:fLthf@skXsa\\hxXyswsa2(rYpdXrDZApNt-sRoe jWRtPLwXa6Ht@TBvQbeLAkcVk 5ra6ts nH-WRDdpoet%.BqKe6
1583
A\igiJZ tR8us9jgsq^nwlWi/;HZKko,IOeAJArIMl0lOqiim7,Gn-RktJ)m6EgkW^CgiCs.U;fLthfAslXua]\gxXysvra2)rZqdYrEY@pOv+sRoe jWRtOLvXa6Ht@TBvQaeLAkcWl 5ra5ts mH-WQEepnet%,CqJe4
1584
A\jhiLZ tR8ut8ihsp^owlWi-:HZKkn,IOeBJAqIMm1lOqihm7,Gn/RktK)l6EhlX^BghDs/U:fLthfAsmZtb\\gwXyswra2(rYsdXqBZApOv,sSoe jXRtPLwXa7Ht@SCtOaeLClcVl 5ra5ts mH,UREeooes%,BqJe6
1585
A\jhiLZ tR8ut8ihsp^owlWi-:HZKkn,IOeBJAqIMm1lOqihm7,Gn/RktK)l6EhlX^BghDs/U:fLthfAsmZtb\\gwXyswra2(rYsdXqBZApOv,sSoe jXRtPLwXa7Ht@SDtOaeLClcVl 5ra5ts mH,UREeooes%,BqJe6
1586
A\jhiLZ tR8ut8ihsp^owlWi-:HZKkn,IOeBJAqIMm1lOqihm7,Gn/RktK)l6EhlX^BghDs0U:fLthfAsmZtb\\gwXyswra2(rYsdXqBZApOv,sSoe jXRtPLwXa7Ht@SDtOaeLClcVl 5ra5ts mH,UREeooes%,BqJe6
1587
A\jhiLZ tR8ut8ihsp^owlWi-:HZKkn,IOeBJAqIMm1lOqihm7,Gn/RktK)l6EhlX^BghDs/U:fLthfAsmZtb\\gwXyswra2(rYsdXqBZApOv,sSoe jXRtPLwXa7Ht@SDtOaeLClcWl 5ra5ts mH,UREeooes%,BqJe6
1588
A\jhiLZ tR8ut8ihsp^owlWi-:HZKkn,IOeBJAqIMm1lOqihm8,Gn/RktK)l5EhlX^BghDs/U:fLthfAsmZtb\\gwXyswra2(rYsdXqBZApOv,sSoe jXRtPLwXa7Ht@SDtOaeLClbVl 5ra5ts mH,UREeooes%,BqJe6
1589
A\jhiLZ tR8ut8ihsp^owlWi-:HZKkn,IOeBJAqIMm1lOqihm8,Gn/RktK)l5EhlX^BghDs/U:fLthfAsmZtb\\gwXyswra2(rYsdXqBZApOv,sSoe jXRtPLwXa7Ht@SDtOaeLClbVl 5ra5ts mH,UREeooes%,BqJe6
1590
A\jhiLZ tR8ut8ihsp^owlWi-:HZKkn,IOeBJAqIMm1lOqihm8,Gn/RktK)l5EhlX^BghDs/U:fLthfAsmZtb\\gwXyswra2(rYsdXqBZApOv,sSoe jXRtPLwXa7Ht@SDtOaeLClbVl 5ra5ts mH,UREeooes%,BqJe6
1591
A\jhiLZ tR8ut8ihsp^owlWi-:HZKkn,IOeBJAqIMm1lOqihm8,Gn/RktK)l5EhlX^BghDs/U:fLthfAsmZtb\\gwXyswra2(rYsdXqBZApOv,sSoe jXRtPLwXa7Ht@SDsOaeLClbVl 5ra5ts mH,UREeooes%,BqJe6
1592
A\jhiLZ tR8ut8ihsp^owlWi-:HZKkn,IOeBJAqIMm1lOqihm8,Gn/RktK)l5EhlX^BghDs/U:fLthfAsmZtb\\gwXyswra2(rYsdXqBZApOv,sSoe jXRtPLwXa7Ht@SDsOaeLClbVl 5ra5ts mH,UREeooes%,BqJe6
1593
A\jhiLZ tQ8us8ihsp^owlWi-:HZKkn,IOeBJAqIMm2lOqihm8,Hm/RktK)l6EhlX^BghDs.U;fLthfAsm[tb\\gvXyswra2(rYsdXqBZApOv,sSoe jXRtPLwXa8Gt@TCtOaeLCkcVl 6ra5ts mH,VRFeooet%-BpJe6
1594
A\jhjJ[ tQ8us9jhrpanwlWi-;H[Kkm-IOeAJApJMm0lOqigl7,Hn-UktI)m4EgkW_BghCs.U:fKthe@skXsa\\hxXyswsa2(rYpdXrDZApNt-sRoe jWStPLwXa6Ht@TBvRbeLAkcVk 5ra6ts nH-WRDdpoet%.BpKe6
1595
A\jhjJ[ tQ8us9jhrpanwlWi-;H[Kkm-IOeAJApJMm0lOqigl7,Hn-UktI)m4EgkW_BghCs.U:fKthe@skXsa\\hxXyswsa2(rYpdXrDZApNt-sRoe jWStPLwXa6Ht@TBvRbeLAkcVk 5ra6ts nH-WRDdpoet%.BpLe6
1596
A\jhjJ[ tQ8us9jhrpanwlWi-;H[Kkm-IOeAJApJMm0kOqigl7,Hn-UktI)m4EgkW_BghCs.U:fKthe@skXsa\\hxXyswsa2(rYpdXrDZApNt-sRoe jWStPLwXa6Ht@TBvRbeLAkcVk 5ra6ts nH-WRDdpoet%.BpLe6
1597
A\jhjJ[ tQ8us9jhrpanwlWi-;H[Kkm-IOeAJApJMm0kOqigl7,Hn-UktI)m4EgkW_BghCs.U:fKthe@skXsa\\hxXyswsa2(rYpdXrDZApNt-sRoe jVStPLwXa6Ht@TBvRbeLAkcVk 5ra6ts nH-WRDdpoet%.BpLe6
1598
A\jhjJ[ tQ8us9jhrpanwlWi-;H[Kkm-IOeAJApJMm0lOqigl7,Hn-UktI)m4EgkW_BghCs.U:fKthe@skXsa\]hxXyswsa2(rYpdXrDZApNt-sRoe jWStPLwXa6Ht@TBvRbeLAkcVk 5ra6ts nH-VRDdpoet%/BqKe6
1599
A\jhiLZ tR8ut8ihsp_owlWi-:IZKkn,IOeBJArIMm1lOqihm8,Fn/RktK)l5EhlX^BggDs/U:fLtheAsmZtb\\fwXyswra2(rYsdXqBZApPv-sSoe jXRtPLwXa8Ht@SDtOaeLClbVl 5ra5ts mH,UREeooes%,BqKe6
1600
A\jhiLZ tR8ut8ihsp_owlWi-:IZKkn,IOeBJArIMm1lOqihm8,Fn/RktK)l5EhlX^BggDs/U:fLtheAsmZtb\\fwXyswra2(rYsdXqBZApPv-sSoe jXRtPLwXa8Ht@SDtOaeLClbVl 5ra5ts mH,UREeooes%,BqKe6
1601
A\jhiLZ tR8ut8ihsp_owlWi-:IZKln,IOeBJArIMm2lOqihm8,Fn/RktK)l5EhlX^BggDs/U:fLtheAsmZtb\\fwXyswra2(rYsdXqBZApPv-sSoe jXRtPLwXa8Ht@SDtNaeLClbVl 5ra5ts mH,UREeoods%,BqKe6
1602
A\jhiLZ tR8ut8ihsp_owlWi-:IZKln,IOeBJArIMm2lOqihm8,Fn/RktK)l5EhlX^BggDs/U:fLtheAsmZtb\\fwXyswra2(rYsdXqBZApPv-sSoe jXRtPLwXa8Ht@SDtNaeLClbVl 5ra5ts mH,UREeoods%,BqKe6
1603
A\jhiLZ tR8ut8ihsp_owlWi-:IZKln,IOeBJArIMm1lOqihm8,Fn/RktK)l5EhlX^BggDs/U:fLtheAsmZtb\\fwXyswra2(rYsdXqBZApQv-sSoe jXRtPLwXa8Ht@SDtOaeLClbVl 5ra5ts mH,UREeoods%,BqKe6
1604
A\jhiLZ tR8ut8ihsp_owlWi-:IZKln,IOeBJArIMm1lOqihm8,Fn/RktK)l5EhlX^BggDs/U:fLtheAsmZtb\\fwXyswra2(rYsdXqBZApQv-sSoe jXRtPLwXa8Ht@SDtOaeLClbVl 5ra5ts mH,UREeoods%,BqKe6
1605
A\jhiLZ tR8ut8jhsp_owlWi-:IZKkn,IOeBJArIMm1lOqihm8,Fn/RktK)l5EhlX^BggDs/U;fLtheAsmZtb\\fwXyswra2(rYsdXqBZApPv-sSoe jXRtPLwXa8Ht@SDtOaeLClbVl 6ra5ts mH,UREeooes%,BqJe6
1606
A\jhiLZ tR8ut8jhsp_owlWi-:IZKkn,IOeBJArIMm1lOqihm8,Fm/RktK)l5EhlX^BggDs/U;fLtheAsmZtb\\fwXyswra2(rYsdXqBZApPv-sSoe jXRtPLwXa8Ht@SDtOaeLClbVl 6ra5ts mH,UREeooes%,BqJe6
1607
A\jhiLZ tR8ut8jhsp_owlWi-:IZKkn,IOeBJArIMm1lOqihm8,Fm/RktK)l5EhlX^BggDs/U;fLtheAsmZtb\\fwXyswra2(rYsdXqBZApPv-sSoe jXRtPLwXa8Ht@SDtOaeLClbVl 6ra5ts mH,UREeooes%-BqJe6
1608
A]jhiLZ tR8ut8jhsp_owlWi-:IZKkn,IOeBJArIMm1lOqihm8,Fm/RktK)l5DhlX^BggDs/U;fLtheAsmZtb\\fwXyswra2(rYsdXqBZApPv-sSoe jXRtPLwXa8Ht@SDtOaeLClbVl 6ra5ts mH,UREeooes%-BqJe6
1609
A]jhiLZ tR8ut8jhsp_owlWi-:IZKkn,IOeBJArIMm1lOqihm8,Fm/RktK)l5DhlX^BggDs/U;fLtheAsmZtb\\fwXyswra2(rYsdXqBZApPv-sSoe jXRtPLwXa8Ht@SDtOaeLClbVl 6ra5ts mH,UREeooes%-BqJe6
1610
A\jhiLZ tQ8us8ihsp^owlWi-:HZKkn,IPeBJAqIMm2lOqigm8,Hm/RktK)l6EhlX^BghDs.U<fLthfAsm[tb\\gvXyswra2(rZsdXpBZApQv-sSoe hXRtOLwXa8Gt@TCtOaeLCkcVl 5ra5ts mH,VRFeooet%-BpJe6
1611
A\jhiLZ tQ8us8ihsp^owlWi-:HZKkn,IPeBJAqIMm2lOqigm8,Hm/RktK)l6EhlX^BghDs.U<fLthfAsm[tb\\gvXyswra2(rZsdXpBZApQv-sSoe hXRtOLwXa8Gt@TCtOaeLCkcVl 5rb5ts mH,VRFeooet%-BpJe6
1612
A\jhiLZ tR8ut8jhsp_owlWi-:IZLkn,IOeBJArIMm1lOqigm8,Fn/RktK)l5EhlX^BggDs/U;fLtheAsmZtb\\fwXyswra2(rYsdXqBZApQv-sSoe jXRtPLvXa8Ht@SDtOaeLClbVl 5ra5ts mH,UREeooes%,BpJe6
1613
A\jhiLZ tQ8us8igsp^owlWi-:HZKkn,IPeBJAqIMm2lOqigm8,Hm/RktK*l6EhlX^BghDs.U<fLthfAtm[tb\\gvXyswra2(rZsdXpCZApQv,sSoe hXRtOLwXa8Gt@TCtOaeLCkcVl 5ra5ts mH,VRFeooet%-CpJe6
1614
A\jhjJ[ tQ8us9khrpanwlWi-;H[Kkm-HOeAJApJMm0lOqifl7,Hn.UktI*m4EgjV_BghCs.U:fKthe@skXsb\\gxXyswsa2(rYpdXrDZApNt-sSoe jWTtPLwXa6Ht@TBuRbeLAkcVk 5ra6ts nH-WRDdooet%.BpLe6
1615
A\jhjJ[ tQ8us9jhrpbnwlWi-;HZKkl-IPeAJAqJMm0lPrigl8,Hn.UktI)m4EgkW_BghCs.U:fKthe@skXsa\\hxXyswsa2(rYpdXrD[ApNt-sSoe jXStPMwXa6Ht@TBvRbeLAkcVk 5rb6ts nH-WRDeonet%.BpKe6
1616
A\jhjJ[ tQ8us9khrpanwlWi-;H[Kkm-HOeAJApJMm0lOqifl7,Hn.UktI*m4EgjV`BghCs.U:fKthe@skYsb\\gxXyswsa2(rYpdXrDZApNt-sSoe jWTtPLwXa6Ht@TBuRbeLAkcVk 5ra6ts nH-WRDdooet%.BpMe6
1617
A\jhjJ[ tQ8us9khrpanwlWi-;H[Kkm-HOeAJApJMm0lOqifl7,Hn.UktI*m4EgjV`BghCs.U:fKthe@skYsb\\gxXyswsa2(rYpdXrDZApNt-sSoe jWTtPLwXa6Ht@TBuRbeLAkcVk 5ra6ts nH-WRDdooet%.BpMe6
1618
A\jhjJ[ tQ8us9khrpanwlWi-;H[Kkm-HOeAJApJMm0lOqifl7,Hn.UktI*m4EgjW`BghCs.U:fKthe@skYsb\\gxXyswsa2(rYpdXrDZApNt-sSoe iWTtPLwXa6Ht@TBuRbeLAkcVk 5ra6ts nH-WRDdooet%.BpMe6
1619
A\jhjJ[ tQ8us9khrpanwlWi-;H[Kkm-HOeAJApJMm0lOqifl7,Hn.UktI*m4EgjW`BghCs.U:fKthe@skYsb\\gxXyswsa2(rYpdXrDZApNt-sSoe iWTtPLwXa6Ht@TBuRbeLAkcVk 5ra6ts nH-WRDdooet%.BpMe6
1620
A\jhkJ[ tQ8us9khrpanwlWi-;H[Kkm-HOeAJApJMm0lOqifl7,Hm.UktI*m4EgjV_BghCs.U:fKthe@skXsb\\gxXyswsa2(rYpdXrDZApNt-sSoe jWTtPMwXa6Ht@TBuRbeLAkcVk 5ra6ts nH-WRDdooet%.BpMe6
1621
A\jhkJ[ tQ8us9khrpanwlWi-;H[Kkm-HOeAJApJMm0lOqifl7,Hm.UktI*m4EgjV_BghCs.U:fKthe@skXsb\\gxXyswsa2(rYpdXrDZApNt-sSoe jWTtPMwXa6Ht@TBuRbeLAkcVk 5ra6ts nH-WRDdooet%.BpMe6
1622
A\ihjLZ tR8ut8ihsp^owlXi-:HZKkn,IOeBJAqIMm1kOqihm8,Gn0RktK)l4EhlW_BghDs/U:fLtieAsmZtb\]gwXysvra2(rYsdXqBZApOv,sSoe jXRtOLwXa7Ht@SEtOaeLElbWm 5ra5ts mJ,UREeooes',BqJe6
1623
A\ihjLZ tR8ut8ihsp^owlXi-:HZKkn,IOeBJAqIMm1kOqihm8,Gn0RktK)l4EhlW_BghDs/U:fLtieAsmZtb\]gwXysvra2(rYsdXqBZApOv,sSoe jXRtOLwXa7Ht@SEtOaeLElbWm 5ra5ts mJ,UREeooes',BqJe6
1624
A\jhiLZ tQ8us8ihsp^ovlWi-:HZKkn,IOfBJ@qJMm2lOqihm8,Hm/RktK*l6EhmX^BghDs.V<fLthfAsm[tb\]gvXxswra2(rZsdYpBZApQv,sSoe hXRtOLvXa8Gt@TDtOaeLClcVl 5ra5ts mJ,VRHeooet&-BpJe6
1625
A\jhiLZ tQ8us8ihsp^ovlWi-:HZKkn,IOfBJ@qJMm2lOqihm8,Hm/RktK*l6EhmX^BghDs.V<fLthfAsm[tb\]gvXxswra2(rZsdYpBZApQv,sSoe hXRtOLvXa8Gt@TDtOaeLClcVl 5ra5ts mJ,VRHeooet&-BpJe6
1626
A\ihjLZ tR8ut8ihsp^owlXi-:HZKkn,IOeBJAqIMm1kOqihm8,Gn0RjtK)l4EhlV_BghDs/U:fLtieAsmZtb\]gwXysvra2(rYsdXqBZApOv,sSoe jXRtOLwXa7Ht@SEtOaeLElbWm 5ra5ts mJ,UREeooes',BqJe6
1627
A\jhiLZ tQ8us8ihsp^ovlWi-:HZKkn,IOfBJ@qJMm2lOqihm8,Hm/RktK*l6EhmX^BghDs.V<fLthfAsm[tb\]gvXxswra2(rZsdYpBZApQv,sSoe hXRtOLvYa8Gt@TDtOaeLClcVl 5ra5ts mJ,VRHeooet&-BpJe5
1628
A\jhiLZ tQ8ut8jhsp_oulWi-:IZJln,IOfBJArIMm2lPrihm8,Fn0RktK)l5FhlX^BggDt/U:fLtheAsm[tb\\fvXyswra2(rYscXqBZApPt-sSof jYRtPLvXa8Ht@SDtNaeLClaVm 5rb5ts mH+UREeoodr%,AqKe6
1629
A\jhiLZ tQ8ut8jhsp_oulWi-:IZJln,IOfBJArIMm2lPrihm8,Fn0RktK)l5FhlX^BggDt/U:fLtheAsm[tb\\fvXyswra2(rYscXqBZApPt-sSof jYRtPLvXa8Ht@SDtNaeLClaVm 5rb5ts mH+UREeoodr%,AqKe6
1630
A\ihjLZ tR8ut8ihsp^owlXi-:HZKkn,IPeBJAqIMm1kOqihm8,Gn0RktK)l4FhlW_BghEs/U:fLtieAsnZtb\]gwXysvra2(rYsdXqBZApOv,sSoe jXRtOLwXa7Ht@SEtOaeLElbWm 5ra5ts mK,UREeooes',BqJe6
1631
A\ihjLZ tR8ut8ihsp^owlXi-:HZKkn,IPeBJAqIMm1kOqihm8,Gn0RktK)l4FhlW_BghEs/U:fLtieAsnZtb\]gwXysvra2(rYsdXqBZApOv,sSoe jXRtOLwXa7Ht@SEtOaeLElbWm 5ra5ts mK,UREeooes',BqJe6
1632
A\ihjLZ tR8ut8jhsp^owlXi.:HZKkn,IOeBJAqIMm1jOqihm8,Gn0RktK)l4EhlW_BghDs/U:fLtieAsmZtb\]gwXysura2(rYsdXqBZApOv,sSoe iXRtOLwXa7Ht@TEtOaeLElbWm 5ra5ts mJ,UREeooes',BqJe6
1633
A\ihjLZ tR8ut8jhsp^owlXi.:HZKkn,IOeBJAqIMm1jOqihm8,Gn0RktK)l4EhlW_BghDs/U:fLtieAsmZtb\]gwXysura2(rYsdXqBZApOv,sSoe iXRtOLwXa7Ht@TEtOaeLElbWm 5ra5ts mJ,UREeooes',BqJe6
1634
A\ihjLZ tR8ut8ihsp^owlXi-:HZKkn,IPeBJAqJMm1kOqihm8,Gn0RktK)l4FhlW_BghEs/U:fLtieAsnZtb\]gwXysvra2(rYsdXqBZApOv,sSoe jXRtOLwXa7Ht@SEtOaeLElbWm 5ra5ts mK,UREeooes'-BqJe6
1635
A\jhkJ[ tQ8us9khrpanwlWi-;H[Kkm-GOeAJApJMm0mOqifl7,Hm.UktI*m4EhjV_BghCs.U;fKthe@skXsb\\gwYyswsa2(rYpdXrDZ@pNt-sSoe jWTsPMwXa7Ht@TBuRbeLAkcVk 5ra6ts nH-WREdnoet%.BpMe6
1636
A\jhkJ[ tQ8us:kgrpanwlWi-;H[Kkm-HOe@JApJMm1lOqifl8,Hn.UktI*m4EgjW`BghDs.U;fJthe@skYsb\\gxXyswsa2(rYpdYrDZApNt,sSof iWTtPLwXa6Ht@UBuRbeKAkcVk 5sa6ts nH-WREdooet$.CpNe6
1637
A\jhkJ[ tQ8us:kgrpanwlWi-;H[Kkm-HOe@JApJMm1lOqifl8,Hn.UktI*m4EgjW`BghDs.U;fJthe@skYsb\\gxXyswsa2(rYpdYrDZApNt,sSof iWTtPLwXa6Ht@UBuRbeKAkcVk 5sa6ts nH-WREdooet$.CpNe6
1638
A\jhiLZ tQ8us8ihsp^ovlWi-:IZKkn,IOfBJ@qJMm2lOqihm8,Hm/RktL*l6EhmX^CghDs.V=fLthfAsm[sb\]gvXxsvra2)rZrdYpBZApQv,sSoe hXRtOLvYa8Gt@TDtOaeLClcVm 5ra5ts mJ,VRHeooet&-BpJe5
1639
A\jhiLZ tQ8us8ihsp^ovlWi-:IZKkn,IOfBJ@qJMm2lOqihm8,Hm/RktL*l6EhmX^CghDs.V=fLthfAsm[sb\]gvXxsvra2)r[rdYpBZApQv,sSoe hXRtOLvYa8Gt@TDtOaeLClcVm 5ra5ts mJ,VRHeooet&-BpJe5
1640
A\jhiLZ tQ8us8ihsp^ovlWi-:IZKkn,IOfBJ@qJMm2lOqihm8,Hm/RktL*l6EhmX^CghDs.V=fLthfAsm[sb\]gvXxsvra2)r[rdYpBZApQv,sSoe hXRtOLvYa8Gt@TDtOaeLClcVm 5ra5ts mJ,VRHeooet&-BpJe5
1641
A\jhiLZ tQ8us8ihsp^ovlWi-:IZKkn,IOfBJ@qJMm2lOqihm8,Hm/RktL*l6EhmX^CghDs.V=fLthfAsm[sb\]gvXxsvra2)r[rdYpBZApQv,sSoe hXRtOLvYa8Gt@TDtOaeLClcVm 5ra5ts mJ,VRHeooet&-BpJe5
1642
A\jhkJ[ tQ8us9khrpanwlWi-;H[Kkm.GOeAJ@pJMm0mOqifl7,Hm.UktI*m4EhjV_BghCs.U;fKthe@skXsb\\gwYyswsa2(rYpdXrDZ@pNt-sSoe jWTsPMwXa7Ht@TBuRbeLAkcVl 5ra6ts nH-WREdnoes%.BpMe6
1643
A\ihjLZ tR8ut8ihsp^owlXi-:GZKkn,IPeBJAqIMl1kOqihm8,Gn0RktK)l4FhlW_BghEs/U:fLtieAsnZtb\]gwXysvra2(rYsdXqBZ@pOv,sSoe jXStOLwXa7Ht@SEtOaeLElbWm 5ra5ts mK,USFeooes',CqJe5
1644
A\jhjJ[ tQ8us9khrpanwlWi.;H[Mkm-HOeAJ@qKMm0lPqifl7,Hm.UktI+l4FgjU_CghCs.U:fKthe@skXsb\\gxXyswsa2(rYpdXqD[ApNt-sToe jWTtPLwXa6Ht@TBuRceLAkcVk 5ra6ts oI-WRDdonft%/BpMe6
1645
A\jhjJ[ tQ8us9khrpanwlWi.;H[Mkm-HOeAJ@qKMm0lPqifl7,Hm.UktI+l4FgjU_CghCs.U:fKthe@skXsb\\gxXyswsa2(rYpdXqD[ApNt-sToe jWTtPLwXa6Ht@TBuRceLAkcVk 5ra6ts oI-WRDdonft%/BpMe6
1646
A\ihjLZ tR8ut8ihsp^owlXi-:GZKkn,IPeBJAqIMl1kOqihm8,Gn0RktK)l4FhkW_BghEs/U:fLtieAsnZtb\]gwXysvra2(rYsdXqBZ@pOv,sSoe jXStOLwXa7Ht@SEtOaeLElbWm 5ra5ts mK,USFeooes',DqJe5
1647
A\ihjLZ tR8ut8ihsp^owlXi-:GZKkn,IPeBJAqIMl1kOqihm8,Gn0RktK)l4FhkW_BghEs/U:fLtieAsnZtb\]gwXysvra2(rYsdXqBZ@pOv,sSoe jXStOLwXa7Ht@SEtOaeLElbWm 5ra5ts mK,USFeooes',DqJe5
1648
A\ihjLZ tR8ut8ihsp^owlXi-:GZKkn,IPeBJAqIMl1kOqihm8,Gn0RktK)l4FhkV_BghEs/U:fLtieAsnZtb\]gwXysvra2(rYsdXqBZ@pOv,sSoe jXStOLwXa7Ht@SEtOaeLElbWm 5ra5ts mK,USFeooes',DqJe5
1649
A\ihjLZ tR8ut8ihsp^owlXi-:GZKkn,IPeBJAqIMl1kOqihm8,Gn0RktK)l4FhlW_BghFs/U:fLtieAsn[tc\]gwXysvra2(rYsdXqBZApOv,sSoe jXStOLwXa7Ht@SEtPaeLElbWm 5ra5ts mK+USFeooes',CqJe5
1650
A\ihjLZ tR8ut8ihsp^owlXi-:GZKkn,IPeBJAqIMl1kOqihm8,Gn0RktK)l4FhlW`BghFs/U:gLtieAsn[tc\]gwXysvra2(rYsdXqBZApOv,sSoe jXStOLwXa7Ht@SEtPaeLElbWm 5ra5ts mK+USFeooes',CqJe5
1651
A\jhkJ[ tQ8us:kgrpbnwlWi-;H[Klm-HOe@JApJMm2lOqifk8,Hm.UktI*m4EgjW`BghDs.U<fJthe@skYsb\\gxXyswsa2(rYpdYrDZApNt,sSof gWTtPLwXa6Ht@UBuRbeKAkcVk 5sa6ts nI-WREdooet$.CpNe6
1652
A\jhkJ[ tQ8us:kgrpbnwlWi-;H[Klm-IOe@JApJMm2lOqifk8,Hm.UktI*m4EgjW`CghDs.U<fJthe@skYsb\\gxXyswsa2(rYpdYrDZApNt,sSof gWTtPLwXa6Ht@UBuRbeKAkcVk 5sa6ts nI-WREdooet$.CpNe6
1653
A]jhiLZ tR8us8igsp^ovlWi-:IZMkn,IOfBJ@qJMm2lOqihm8,Hm/RktL*l6EhmX^CghDs.V=fLtheAsm[sb\]gvXxsvra2)rZscYpBZApQv,sSoe hXRtNLvYa8GtATDtOaeLClcVm 6ra5ts mJ,VRHeooet&-BpJe4
1654
A]jhiLZ tR8us8igsp^ovlWi-:IZMkn,IOfBJ@qJMm2lOqihm8,Hm/RktL*l6EhmX^CghDs.V=fLtheAsm[sb\]gvXxsvra2)rZscYpBZApQv,sSoe hXRtNLvYa8GtATDtOaeLClcVm 6ra5ts mJ,VRHeooet&-BpJe4
1655
A]jhiLZ tR8us9igsp^ovlWi-:IZMkn,IOfBJ@qJMm2lOqihm8,Hm/RktL*l6EhmX^CghDs.V=fLtheAsm[sb\]gvXxsvra2)rZscYpBZApQv,sSoe hXRtNLvYa8GtATDtOaeLClcVm 6ra5ts mJ,VRHeooet&-BpJe4
1656
A]jhiLZ tR8us9igsp^ovlWi-:IZMkn,IOfBJ@qJMm2lOqihm8,Hm/RktL*l6EhmX^CghDs.V=fLtheAsm[sb\]gvXxsvra2)rZscYpBZApQv,sSoe hXRtNLvYa8GtATDtOaeLClcVm 6ra5ts mJ+VRHeooet&-BpJe4
1657
A]jhiLZ tR8us9igsp^ovlWi-:IZMkn,IOfBJ@qJMm2lOqihm8,Hm/RktL*l6EhmX^CghDs.V=fLtheAsm[sb\]gvXxsvra2)rZscYpBZApQv,sSoe hXRtNLvYa8GtATDtOaeLClcVm 6ra5ts mJ+VRHeooet&-BpJe4
1658
A]jhiLZ tR8us9igsp^ovlWi-:IZMkn,IOfBJ@qJMm2lOqigm8,Hm/RktL*l6EhmX^CghDs.V=fLtheAsm[sb\]gvXxsvra2)rZscYpBZApQv,sSoe hXRtNLvYa8GtATDtOaeLClcVm 6ra5ts mJ+VRHeooet&-BpJe4
1659
A]jhiMZ tR8us9jgsp^ovlWi.:IZMkn,IOfBJ@qJMm2lOqihm8,Hm/RktL*l6EhmX^CghDs.V=fLtheAsm[sb\]gvXxsvra2)rZscYpBZApQv,sSoe hXRtNLvYa8GtATDtOaeLClcVm 6ra5ts mJ,VRHeooet&-BpJe4
1660
A]jhiMZ tR8us9jgsp^ovlWi.:IZMkn,IOfBJ@qJMm2lOqihm8,Hm/RktL*l6EhmX^CghDs.V=fLtheAsm[sb\]gvXxsvra2)rZscYpBZApQv,sSoe hXRtNLvYa8GtATDtOaeLClcVm 6ra5ts mJ,VRHeooet&-BpJe4
1661
A]jhiMZ tR8us9jgsp^ovlWi.:IZMkn,IOfBJ@qJMm2lOqihm8,Hm/RktL*l6EhmX^CghDs.V=fLtheAsm[sb\]gvXxsvra2)rZscYpBZApQv,sSoe hXRtNLvYa8GtATDtOaeLClcVm 6ra5ts mJ,VRHeooet&-BpJe4
1662
A]jhiMZ tR8us9jgsp^ovlWi.:IZMkn,IOfBJ@qJMm2lOqihm8,Hm/RktL*l6EhmX^CghDs.V=fLtheAsm\sb\]gvXxsvra2)rZscYpBZApQv,sSoe hXRtNLvYa8GtATDtOaeLClcVm 6ra5ts mJ,VRHeooet&-BpJe4
1663
A]jhiLZ tS8us8igsp^ovlWi-:IZLkn,IOfBJ@qJMm2lOrihm8,Gm/RktL*l6EhmX^CghDs.V>fLtheAsm\rb\]gvXxsvra2)rZscYoBZApQv-sSoe hXRtNLvYa8GtATDtOaeLClcWm 5ra5ts mJ,VRHeooet'-BpJe4
1664
A]jhiLZ tS8us8igsp^ovlWi-:IZLkn,IOfBJ@qJMm2lOrihm8,Gm/RktL*l6EhmX^CghDs.V>fLtheAsm\rb\]gvXxsvra2)rZscYoBZApQv-sSoe hXRtNLvYa8GtATDtOaeLClcWm 5ra5tt mJ,VRHeooet'-BpJe4
1665
A]jhiLZ tS8us8igsp^ovlWi-:JZLkn,IOfBJ@qJMm2lOrihm8,Gm/RktL*l6EhmX^CghDs.V>fLtheAsm\rb\]gvXxsvra2)rZscYoBZApQv-sSoe hXRtNLvYa8GtATDtOaeLDlcWm 5ra5ts mJ,VRHeooet'-BpJe4
1666
A]jhiLZ tS8us8igsp^ovlWi-:JZLkn,IOfBJ@qJMm2lOrihm8,Gm/RktL*l6EhmX^CghDs.V>fLtheAsm\rb\]gvXxsvra2)rZscYoBZApQv-sSoe hXRtNLvYa8GtATDtOaeLDlcWm 5ra5ts mJ,VRHeooet'-BpJe4
1667
A]jhiLZ tR8us8igsp^ovlWi-:HZMkn,IOfBJ@qJMm2lOqihm8,Gm/RktL*l6EhlX^DggDs.U=fLtheAsm[sb]]fvXxsvra2)rZscYpBZApQv,rSof gXRtNLvYa8HtATDtOaeLClcVm 6ra6ts mJ,VRHeooet&-BpJe4
1668
A]jhiLZ tR8us8igsp^ovlWi-:HZMkn,IOfBJ@qJMm2lOqihm8,Gm/RktL*l6EhlX^DggDs.U=fLtheAsm[sb]]fvXxsvra2)rZsbYpBZApQv,rSof gXRtNLvYa8HtATDtOaeLDlcVm 6ra6ts mJ,VRHeooet&-BpJe4
1669
A]jhiLZ tR8us8igsp^ovlWi-:HZMkn,IOfBJ@qJMm2lOqihm8,Gm/RktL*l6EhlX^DggDs.U=fLtheAsm[sb]]fvXxsvra2)rZsbYpBZApQv,rSof gXRtNLvYa8HtATDtOaeLDlcVm 6ra6ts mJ,VRHeooet&-BpJe4
1670
A]jhiLZ tR8us8igsp^ovlWi-:HZMkn,IOfBJ@qJMm2lOqihm8,Gm/RktL*l6EhlX^DghDs.U=fLtheAsm[sb]]fvXxsvra2)rZsbYpBZApQv,rSof gXRtNLvZa8HtATDtOaeLDlcVm 6ra6ts mJ,VRHeooet&-BpJe4
1671
A]jhiLZ tR8us8igsp^ovlWi-:HZMkn,IOfBJ@qJMm2lOqihm8,Gm/RktL*l6EhlX^DghDs.U=fLtheAsm[sb]]fvXxsvra2)rZsbYpBZApQv,rSof gXRtNLvZa8HtATDtOaeLDlcVm 6ra6ts mJ,VRHeooet&-BpJe4
1672
A]jhiLZ tR8us8igsp^ovlWi-:HZMkn,IOfBJ@qJMm2lOqihm8,Gm/RktL*l6EhlX^DghDs.U=fLtheAsm[sb]]fvXxsvra2)rZsbYpBZApQv,rSof gXRtNLvZa8HtATDtOaeLDlcVm 6ra6ts mJ,VRHeooet&-BpJe4
1673
A]jhiLZ tR8us8igsp^ovlWi-:HZMkn,IOfBJ@qJMm2lOqihm8,Gm/RktL*l6EhlX^DghDs.U=fLtheAsm[sb]]fvXxsvra2)rZsbYpBZApQv,rSof gXRtNLvZa8HtATDtOaeLDlcVm 6ra6ts mJ,VRHeooet&-BpJe4
1674
A]jhiLZ tS8us8igsp^ovlWi-:IZLkn,IOfBJ@qJMm2lOrihm8,Gm/RktL*l6EhmX^CghDs.V>fLtheAsm\rd\]fvXxsvra2)rZscYoBZ@pQv-sSoe hXRtNLvYa8HtATDtOaeLDlcWm 5ra5ts mJ,VRHeooet'-BpJe4
1675
A]jhiLZ tS8us8igsp^ovlXi-:IZLkn,IOfBJ@qJMm2lOrihm8,Gm/RktL*l6EhmX^CghDs.V>fLtheAsm\rd\]fvXxsvra2)rZscYoBZ@pQv-sSoe hXRtNLvYa8HtATDtOaeLDlcWm 5ra5ts mJ,VRHeooet'-BpJe4
1676
A]jhiLZ tS8us8igsp^ovlXi-:IZLkn,IOfBJ@qJMm2lOrihm8,Gm/RktL*l6EhmX^CghDs.V>fLtheAsm\rd\]fvXxsvra2)rZscYoBZ@pQv-sSoe hXRtNLvYa8HtATDtOaeLDlcWm 5ra5ts mJ,VRHeooet'-BpJe4
1677
A]ihiLZ tR8us8igsp^ovlXi-:HZMkn,IOfBJ@qJMm2lOqihm8,Gm/RktL*l6EhlX^DghDs.U=fKtheAsm[sb]]fvXxsvra2)rZsbYpBZApQv,rSof gXRtNLvYa8HtAUDtOaeLDlcVm 6ra6ts mJ,VRHeooet&-BpJe4
1678
A]ihiLZ tR8us8igsp^ovlXi-:HZMkn,IOfBJ@qJMm2lOqihm8,Gm/RktL*l6EhlX^DghDs.U=fKtheAsm[sb]]fvXxsvra2)rZsbYpBZApQv,rSof gXRtNLvYa8HtAUDtOaeLDlcVm 6ra6ts mJ,VRHeooet&-BpJe4
1679
A]jhiLZ tR8us8igsp^ovlWi-;HZMln,IOfBJ@qJMm2lOqihm8,Gm/RktL*l6EhlX^DghDs.U=fLtheAsm[sb]]fvXxsvra2)rZsbYpCZApQv,rSof gXRtNLvZa8HtATDtOaeLDlcVm 6ra6ts mJ,VRIeooet&-BpJe4
1680
A]jhiLZ tR8us8igsp^ovlWi-;HZMln,IOfBJ@qJMm2lOqihm8,Gm/RktM*l6EhlX^DghDs.U=fLtheAsm[sb]]fvXxsvra2)rZsbYpCZApQv,rSof gXRtNLvZa8HtATDtOaeLDlcVm 6ra6ts mJ,VRIeooet&-BpJe4
1681
A]jhiLZ tR8us8igsp^ovlWi-;HZMln,IOfBJ@qJMm2lOqihm8,Gm/RktM*l6EhlX^DghDs.U=fLtheAsm[sb]]fvXxsvra2)rZsbYpCZApQv,rSof gXRtNLvZa8HtATDtOaeLDlcVm 6ra6ts mJ,VRIeooet&-BpJe4
1682
A]jhiLZ tR8us8igsp^ovlWi-;HZMln,IOgBJ@qJMm2lOqihm8,Gl/RktM*l6EhlX^DghDs.U=fLtheAsm[sb]]fvXxsvra2)rZsbYpCZApQv,rSof gXRtNLvZa8HtATDtOaeLDlcVm 6ra6ts mJ,VRIeooet&-BpJe4
1683
A]jhiLZ tR8us8igsp^ovlWi-;HZMln,IOgBJ@qJMm2lOqihm8,Gl/RktM*l6EhlX^DghDs.U=fLtheAsm[sb]]fvXxsvra2)rZsbYpCZApQv,rSof gXRtNLvZa8HtATDtOaeLDlcVm 6ra6ts mJ,VRIeooet&-BpJe4
1684
A]jhiLZ tR8us8igsp^ovlWi-;HZMln,IOgBJ@qJMm2lOqihm8,Gl/RktM*l6EhlX^DghDs.U=fLtheAsm[sb]]fvXxsvra2)rZsbYpCZApQv,rSof gXRtNLvZa8HtATDtOaeLDlcVm 6ra6ts mJ,VRIenoet&-BpJe4
1685
A]jhiLZ tS8us8igsp^ovlWi-:IZLkn,IOfBJ@qJMm2kOrihm8,Gm/RjtL+l6EhmX^CghDs.V>fLtheAsm\rd\]fvXxsvra2*rZscYoBZ@pQv-sSoe hXRtMLvYa8HtATDtOaeLDlcWm 6ra5ts mJ,VSHenoet'-BpJe4
1686
A]jhiLZ tS8us8igsp^ovlWi-:IZLkn,IOfBJ@qJMm2kOrihm8,Gm/RjtL+l6EhmX^CghDs.V>fLtheAsm\rd\]fvXxsvra2*rZscYoBZ@pQv-sSoe hXRtMLvYa8HtATDtOaeLDlcWm 6ra5ts mJ,VSHenoet'-BpJe4
1687
A]jgiLZ tR8us8igsp^oulWi-:HZMkn,IOfBJ@qKMm2lOqihm9,Gm/RktL*l6EhlX^DghEs.U=fLtheAsm[sb]]evXxsvra2)rZsaYpBZApQu,rSof gXRtNLvZa8HtATDtOaeLDlcVm 6ra6ts mJ,URHeooet&-BpJe4
1688
A]jhiLZ tS8us8igsp^ovlWi-:I[Lkn,IOfBJ@qJMm2kOrihm8,Gm/RjtL+l6EhmX^CghDs.V>fLtheAsm\rd\]fvXxsvra2*rZscYoBZ@pQv-sSoe hXRsMLvYa8HtATDtOaeLDlcWm 6ra5ts mJ,VSHeooet'-BpJe4
1689
A]jhiLZ tR8us8igsp^ovlWi-;HZMln,IOfBJ@qJMm2kOqihm8,Fm/RktM*l6EhlX^DghDs.U>fLtheAsm[sb]^fvXyswra2)rZsbYpCZApQv,rSof gXRtNLvZa8HtATDtOaeKDlcVm 6ra6ts mJ,VRIeooet&.BpJe4
1690
A]jhiLZ tR8us8igsp^ovlWi-;HZMln,IOfBJ@qJMm2kOqihm8,Fm/RktM*l6EhlX^DghDs.U>fLtheAsm[sb]^fvXyswra2)rZsbYpCZApQv,rSof gXRtNLvZa8HtATDtOaeKDlcVm 6ra6ts mJ,VRIeooet&.BpJe4
1691
A]jhiLZ tS8us8igsp^ovlWi.:I[Lkn,IOfBJ@qJMm2kOrihm8,Gm/RjtM+l6EhmX^CghDs.V>fLtheAsm\rd\^fvXxsvra2*rZscYoBZ@pQv-sSoe hXRtMLvYa8HtATDtOaeLDlcWm 6ra5ts mJ,VSHeooet'-BpJe4
1692
A]jhiLZ tS8us8igsp^ovlWi.:I[Lkn,IOfBJ@qJMm2kOrihm8,Gm/RjtM+l6EhmX^CghDs.V>fLtheAsm\rd\^fvXxsvra2*rZscYoBZ@pQv-sSoe hXRtMLvYa8HtATDtOaeLDlcWm 6ra5ts mJ,VSHeooet'-BpJe4
1693
A]jhiLZ tS8us8igsp^ovlWi.:I[Lkn,IOfBJ@qJMm2kOrihm8,Gm/RjtM+l6EhmX^CghDs.V>fLtheAsm\rd\^fvXxsvra2*rZscYoBZ@pQv-sRoe hXRtMLvYa8HtATDtOaeLDlcWm 6ra5ts mJ,VSHeooet'-BpJe4
1694
A]jhiLZ tR8us8igsp^ovlWi-;HZMln,IOfBJ@qJMm2kOqihm8,Fm/SktM*l6EhlX^DfhDs.U>fLtheAsm[sb]_fvXyswra2)rZsbZpCZApQv,rSof gXRtNLvZa8HtATDtOaeKDlcVm 6ra6ts mJ,VRIeooet&.BoJe4
1695
A]jhiKZ tR8us8ifsp^ovlWi-<HZMln,IOgBJ@qJMm2lOqihm8,Gl/RktM*l6EhlX^DghDs.U=fLtheAsm[sb^]fvXxsvra2)rZsbYpCZApRv,rRog gXStNLvZa8HtATDtOaeLDlcWm 6ra5ts mJ,VSIenoet&-BoJe4
1696
A]jhiKZ tR8us8ifsp^ovlWi-<HZMln,IOgBJ@qJMm2lOqihm8,Gl/RktM*l6EhlX^DghDs.U=fLtheAsm[sb^]fvXxsvra2)rZsbYpCZApRu,rRog gXStNLvZa8HtATDtOaeLDlcWm 6ra5ts mJ,VSIenoet&-BoJe4
1697
A]jhiKZ tR8us8ifsp^ovlWi-<HZMln,IOgBJ@qJMm2lOqihm8,Gl/RktM*l6EhlX^DghDs.U=fLtheAsm[sb^]fvXxsvra2)rZsbYpCZApRu,rRog gXStNLvZa8HtATDtOaeLDlcWm 6ra5ts mJ,VSIenoet&-BoJe4
1698
A]jhiLZ tR8us8igsp^ovlWi-;HZMln,IOfBK@qJMm2kOqihm8,Fm/SktM*l6EhlX^DfhDs.U>fLtheAsm[sb]_evXxswra2)rZsbZpCZApQv,rSof gXStNLvZa8HtATDtOaeKDlcVm 6ra6ts mJ,VRIeooet&.BoJe4
1699
A]jhiKZ tR8us8ifsp^ovlWi-<HZMln,IOgBJ@qJMm2lOqihm8,Gl/RjtM*l6EhlX^DghDs.U=fLtheAsm[sb^]fvXxsvra2)rZsbYpCZApRu,rRog gXStNLvZa8HtATDtOaeLDlcWn 6ra5ts mJ,VSIenoet&-BoJe4
1700
A]jhiKZ tR8us8ifsp^ovlWi-<HZMln,IOgBJ@qJMm2lOqihm8,Gl/RktN*l6EhlW^DghDs.T=fLtheAsm[sb^]fvXxsvra2)rZsbYpCZApRv,rRof gXStNLvZa8HtATDtOaeLDlcWm 6ra5ts mJ,VSIenoet&-BoJe4
1701
A]jhiKZ tR8us8ifsp^ovlWi-<HZMln,IOgBJ@qJMm2lOqihm8,Gl/RktN*l6EhlW^DghDs.T=fLtheAsm[sb^]fvXxsvra2)rZsbYpCZApRv,rRof gXStNLvZa8HtATDtOaeLDlcWm 6ra5ts mJ,VSIenoet&-BoJe4
1702
A]jhiKZ tR8us8ifsp^ovlWi-<HZMln,IOgBJ@qJMm2lOqihm8,Gl/RjtM*l6EhlX^DghDs.U=fLtheAsm[sb^]fvXxsvra2)rZsbYpCZApRu,rQog gXStNLvZa8HtATDtOaeLDlcWn 6ra5ts mJ,VSIenoet&-BoJe4
1703
A]jhiKZ tR8us8ifsp^ovlWi-<HZMln,IOgBJ@qJMm2lOqihm8,Gl/RjtM+l6EhlX^DghDs.U=fLtheAsm[sb^]fvXxsvra2)rZsbYpCZApRu,rQog gXStNLvZa8HtATDtOaeLDlcWn 6ra5ts mJ,VSIenoet&-BoJe4
1704
A]jhiKZ tR8us8ifsp^ovlWi-<HZMln,IOgBJ@qJMm2lOqihm8,Gl/RjtM+l6EhlX^DghDs.U=fLtheAsm[sb^]fvXxsvra2)rZsbYpCZApRu,rQof gXStNLvZa8HtATDtOaeLDlcWn 6ra5ts mJ,VSIenoet&-BoJe4
1705
A]jhiKZ tR8us8ifsp^ovlWi-<HZMln,IOgBJ@qJMm2lOqihm8,Gl/RjtM+l6EhlX^DghDs.U=fLtheAsm[sb^]fvXxsvra2)rZsbYpCZApRu,rQof gXStNLvZa8HtATDtOaeLDlcWn 6ra5ts mJ,VSIenoes&-BoJe4
1706
A]jhiL[ tS8us8igsp^ovlXi/:I[Lkn-IOfBK?qJMm2kOrihm8,Gm/RjtM+l6EhmX^CghDs.U>fLtheAsm\rd\]fvXxsvra2*rZscYoBZ@pQv-sSoe hXRtMLvYa8HtATDtOaeJDlcWm 6ra5ts mJ+VSHeooet'-BoJe4
1707
A]jhiL[ tS8us8igsp^ovlXi/:I[Lkn-IOfBK?qJMm2kOrihm8,Gm/RjtM+l6EhmX^CghDs.U>fLtheAsm\rd\]fvXxsvra2*rZscYoBZ@pQv-sSoe hXRtMLvYa8HtATDtOaeJDlcWm 6ra5ts mJ+VSHeooet'-BoJe4
1708
A]jhiKZ tR8us8ifsp^ovlWi-<HZMln,IOgBJ@qJMm2lOqihm8,Gl/RjtM+l6EhlX^DghDs.U=fLtheAsm[sb^]fvXxsvra2)rZsbYpC[ApRu,rQog fXStNLvZa8HtATDtOaeLDlcWo 6ra5ts mJ,VSIenoet&-CoJe4
1709
A]jhiKZ tR8us8ifsp^ovlWi-<HZMln,IOgBJ@qJMm2lOqihm8,Gl/RjtM+l6EhlX^DghDs.U=fLtheAsm[sb^]fvXxsvra2)rZsbYpC[ApRu,rQog fXStNLvZa8HtATDtOaeLDlcWo 6ra5ts mJ,VSIenoes&-CoJe4
1710
A]khiMZ tR8us9jgsp^ovlWi-;HZNln,IOfCJ@qKMm2lOqihl8,Gl/RjtM*k6EilX^DghEs.T=fKtieAsm[sb^]fvXxsvra2)rZsbYpCZApQv,rSof eYStNLvZa8HtATDtO`eLElcVm 6ra6ts nJ,VSIeooet'-BoKe4
1711
A]khiMZ tR8us9jgsp^ovlWi-;HZNln,IOfCJ@qKMm2lOqihl8,Gl/RjtM*k6EilX]DghEs.T=fKtieAsm[sb^]fvXxsvra2)rZsbYpCZApQv,rSof eYStNLvZa8HtATDtO`eLElcVm 6ra6ts nJ,VSIeooet'-BoKe4
1712
A]jhiL[ tS8us8igsp_ovlXi/:I[Lkn-IOfBK?qJMm2kOrihm8,Gm/RjtM+l6EhmX^CghDs.U>fLtheAsm\rd\]fvXxsvra2*rZscYoBZ@pQv-sSoe hXRtMLvYa8HtBTDtOaeJDlcWm 6ra5ts nJ+VSHeooet'-BoJe4
1713
A]jhiL[ tS8us8igsp_ovlXi/:I[Lkn-IOfBK?qJMm2kOrihm8,Gm/RjtM+l6EhmX^CghDs.U>fLtheAsm\rd\]fvXxsvra2*rZscYoBZ@pQv-sSoe hXRtMLvYa8HtBTDtOaeJDlcWm 6ra5ts nJ+VSHeooet'-BoJe4
1714
A]jhiKZ tR8us8ifsp^ovlWi-<HZMln,IOgBJ@qJMm2lOqihm8,Gl/RjtM+l6EhlX^DghDs.U=fLtheAsm[sb^]evXysvra2)rZsbYpC[ApRu-rRog fXStNLvZa8HtATDtOaeLDlcWo 6ra5ts mJ,VSIenoes&-CoJe4
1715
A^jhiLZ tR8us8igrp^ovlWi.<GZMkn-IOfBJ@qJMl2lOqihm8,Fm0RktL*l6EhkX_DggDs.U>fLtheAsm[sb]]evXxsura2)rZsbYoBZApRu,rRof gXRtMMuZa9HtATDtOaeKDlcVm 6ra6ts mJ+VRHennet&-BoJe4
1716
A^jhiLZ tR8us8igrp^ovlWi.<GZMkn-IOfBJ@qJMl2lOqihm8,Fm0RktL*l6EhkX_DggDs.U>fLtheAsm[sb]]evXxsura2)rZsbYoBZApRu,rRof gXRtMMuZa9HtATDtOaeKDlcVm 6ra6ts mJ+VRHennet&-BoJe4
1717
A]jhiKZ tR9us8ifsp^ovlWi-<HZNkn,IOgBJ@qJMm2lOqihm8,Gl/RjtN+l6EhlX^EghDs.U=fLtheAsm[sb^]fvXxsvra2)rZsbYpC[ApRu,rQog fXTtNLvZa8HtATDsOaeLDlcWo 6ra5ts mJ,VSIenoet&-DoJe5
1718
A]jhiKZ tR9us8ifsp^ovlWi-<HZMln,IOgBJ@qJNm2lOqihm8,Gl/RjtM+l6EhlX^DghEs.U=fLuheAsm[sb^]fvXysvra2)rZsaYpC[ApRu-rRog fYStNLvZa8HtATDtOaeLDlcWo 6ra5ts mJ,VSIenoes&-CoJe4
1719
A]jhiKZ tR9us8ifsp^ovlWi-<HZMln,IOgBJ@qJNl2lOqihm8,Gl/RjtM+l6EhlX^DghEs.U=fLuheAsm[sb^]fvXysvra2)rZsaYpC[ApRu-rRog fXStNLvZa8HtATDtOaeLDlcWo 6ra5ts mJ,VSIenoes&-CoKe4
1720
A]jhiKZ tR9us8ifsp^ovlWi-<HZMln,IOgBJ@qJNl2lOqihm8,Gl/RjtM+l6EhlX^DghEs.U=fLuheAsm[sb^]fvWysvra2)rZsaYpD[ApRu-rRog fXStNLvZa8HtATDtOaeLDlcWo 6ra5ts mJ,VSIenoes&-CoKe4
1721
A]jhiKZ tR9us8ifsp^ovlWi-<HZMln,IOgBJ@qJNl2lOqihm8,Gl/RjtM+l6EhlX^DghEs.U=fLuheAsm[sb^]fvWysvra2)rZsaYpD\ApRu-rRog fXStNLvZa8HtATDtOaeLDlcWo 6ra5ts mJ,VSIenoes&-CoKe4
1722
A]jhiKZ tR8us9ifsp^ovlWi-<HZMln,IOgBK?qJMl2lOqihm8,Gl/RjtM+l6EhlX^DghDs.U=fLtheAsm[sb_]fvXxsvra2)rZsbYpC[ApRu,rQog gYStNLvZa8HtATDtOaeLDlcWo 7ra5ts nJ,USIemoet&-CoJe4
1723
A]jhiKZ tR8us9ifsp^oulWi-<HZMln,IOgBK?qJMl2lOqihm8,Gl/RjtM+l6EhlX^DghDs.U=fLtheAsm[sb_]fvXxsvra2)rZsbYpC[ApRu,rQog gYStNLvZa8HtATDtOaeLDlcWo 7ra5ts nJ,USIemoet&-CoJe4
1724
A]jhiKZ tR8us9ifsp^oulWi-<HZMln,IOgBK?qJMl2lOqihm9,Gl/RjtM+l6EhlX^DghDs.U=fLtheAsm[sb_]fvXxsvra2)rZsbYpC[ApRu,rQog gYStNLvZa8HtATDtOaeLDlcWo 7ra5ts nJ,USIemoet&-CoJe4
1725
A]jhiKZ tR8us9ifsp^oulWi-<HZMln,IOgBK?qJMl2lOqihm9,Gl/RjtM+l6EhlX^DghDs.U=fLtheAsm[sb_]fvXxsvra2)rZsbYpC[ApRu,rQog gYStNLvZa8HtATDtOaeLDlcWo 7ra5ts nJ,USIemoet&-CoJe4
1726
A]jhiKZ tR8us9ifsp^oulWi-<HZMln,IOgBK?qJMl2lOqihm9,Gl/RjtM+l6EhlX^DghDs.U=fLtheAsm[sb_]fvXxsvra2)rZsbYpC[ApRu,rQog gYStNLvZa8HtATDtOaeLDlcWo 7ra5ts nJ,USIemoet&-CoJe4
1727
A]jhiKZ tR8us9ifsp^oulWi-<HZMln,IOgBK?qJMl2lOqihm9,Gl/RjtM+l6EhlX^DghDs.U=fLtheAsm[sb_]fvXxsvra2)rZsbYpC[ApRu,rQog gYStNLvZa8HtATDtOaeLElcWo 7ra5ts nJ,USIemoet&-CoJe4
1728
A]jhiKZ tR8us8ifsp^ovlWi-=GZMln,IOgBJ@rJMm2lOqihm9,Gl/RitM+l6EhlX^DghDs.U=fLtheAsm[sb^]fvYxsvra2)rZsbYpC[ApRu,rQog fXStNLvZa8HtAUDtOaeLDlcYp 6ra5ts mJ,USIenoes&-CoJe4
1729
A]jhiKZ tR8us8ifsp^ovlWi-=GZMln,IOgBJ@rJMm2lOqihm9,Gl/RitM+l6EhlX^DghDs.U=fLtheAsm[sb^]fvYxsvra2)rZsbYpC[ApRu,rQog fXStNLvZa8HtAUDtOaeLDlcYp 6ra5ts mJ,USIenoes&-CoJe4
1730
A]jhiKZ tR8us9ifsp^oulWi-<HZMlm,IOgBK?qJMl2lOqigm9,Gl/RjtM+l6EhlX^DghDs.U=fLtheAsm[sb_]fvXxsvra2)rZsbYpC[ApRt,rQog gYStNLvZa8HtATDtOaeLDlcWo 7ra5ts!nJ,USIemoet&-CoJe4
1731
A]jhiKZ tR8us9ifsp^oulWi-<HZMlm,IOgBK?qJMl2lOqigm9,Gl/RjtM+l6EhlX^DghDs.U=fLtheAsm[sb_]fvXxsvra2)rZsbYpC[ApRt,rQog gYStNLvZa8HtATDtOaeLDlcWo 7ra5ts!nJ,USIemoet&-CoJe4
1732
A]jhiKZ tR8us9ifsp^oulWi-<HZMln,IOgBK?qJMl2lOqihm8,Gl/RjtN,l6EhlX^DghDs.U=fLtheAsm[sb_]fvXxsvra2)rZsbYpC[ApRu,rQog gYStNLvZa8HtATDtOaeLDlcWp 7ra5ts nJ,UTIemoet&-CoJe4
1733
A]jhiKZ tR8us9ifsp^oulWi.<HZMln,IPgBK?qJMl2lOqihm9,Gl/RjtM+l6EhlX^DghDs.U=fLtheAsm[sb_]fvXxsvra2)rZsbYpC[ApRu-rQog gYTtNLvZa8HtATDtOaeLDlcWo 7ra5ts!nJ,TSIemoet&-CoJe4
1734
A]jhiKZ tR8us9ifrp^oulWi-<GZMln,IOgBK?qJMl2lOqihm9,Gl/RjtM+l6EhlX^DghDs.U=fLtheAsm[sb_]fuXxsvra2)rZsbYpC[ApRu,rQog gYStMLvZa8HtATDtOaeLDlcWo 7ra5ts nK,USIemoet&-CoJe4
1735
A]jhiKZ tR8us9ifrp^oulWi-<GZMln,IOgBK?qJMl2lOqihm9,Gl/RjtM+l6EhlX^DghDs.U=fLtheAsm[sb_]fuXxsvra2)rZsbYpC[ApRu,rQog gYStMLvZa8HtATDtOaeLDlcWo 7ra5ts nK,USIemoet&-CoJe4
1736
A]jhiKZ tR8us9ifrp^oulWi-<GZMln,IOgBK?qJMl2lOqihm9,Gl/RjtM+l6EhlX^DghDs.U=fLtheAsm[sb_]fuXxsvra2)rZsbYpC[ApRu,rQog gYStMLvZa8HtATDtOaeLDlcWo 7ra5ts nK,USIemnet&-CoJe4
1737
A]jhiKZ tR8us9ifrp^oulWi-<GZMln,IOgBK?qJMl2lOqihm9,Gl/RjtM+l6EhkX^DghDs.U=fLtheAsm[sb_]fuXxsvra2)rZsbYpC[ApRu,rQog gYStMLvZa8HtATDtOaeLDlcWo 7ra5ts nK,USIemnet&-CoJe4
1738
A]jhiKZ tQ8us9ifsp^oulWi-<HZMln,IPgBK?rJMl2lOqihm:,Gl/RjtM+l6EhlX^DghDs.U>fLtheAsm[rb_]evXxsvra2)rZsbYpC[ApRu-rQog gYTtNLvZa8HtATDsOaeLDlcWo 7ra5ts!nJ,TSIemoet&-CoJe4
1739
A]jhiKZ tQ8us9ifsp^oulWi-<HZMln,IPgBK?rJMl2lOqihm:,Gl/RjtM+l6EhlX^DghDs.U>fLtheAsm[rb_]evXxsvra2)rZsbYpC[ApRu-rQog gYTtNLvZa8HtATDsOaeLDlcWo 7ra5ts!nJ,TSIemoet&-CoJe4
1740
A]jhiKZ tQ8us9ifsp_oulWi-<HZMln,IPgBK>rJMl2lOqihm:,Gl/RjtM+l6EhlX^DghDs.U>fLtheAsm[rb_]evXxsvra2)rZsbYpC[ApRu-rQog gYTtNLvZa8HtATDsOaeLDlcWo 7ra5ts!nJ,TSIemoet&-CoJe4
1741
A]jhiKZ tQ8us9ifsp_oulWi-<HZMln,IPgBK>rJMl2lOqihm:,Gl/RjtM+l6EhlX^DghDs.U>fLtheAsm[rb_]evXxsvra2)rZsbYpC[ApRu-rQog gYTtNLvZa8HtATDsOaeLDlcWo 7ra5ts!nJ,TSIemoet&-CoJe4
1742
A]jhiKZ tQ8us9ifsp_oulWi-<HZMln,IPgBK>rJMl2lOqihm:,Gl/RjtM+l6EhlX^DghDs.U>fLtheAsm[rb_]evXxsvra2)rZsbYpC[ApRu-rQog gYTtNLvZa8HtATDsOaeLDlcWo 7ra5ts!nJ,TSIemoet&-CoJe4
1743
A^jhiKZ tQ8us9ifsp^oulWi-<HZMln,IPgBK?rJMl2lOqihm:,Gl/RjtN+l6EhlX^DghDs.U=fLtheAsm[rb_]fvXxsvra2)rZsbYpC[ApRu.rQog gYTtNLvZa9HtATDsOaeLDlcWo 7ra5ts!nJ,TSIemoet&-DoJe4
1744
A^jhiKZ tQ8us9ifsp^oulWi-<HZMln,IPgBK?rJMl2lOqihm:,Gl/RjtN+l6EhlX^DghDs.U=fLtheAsm[rb_]fvXxsvra2)rZsbYpC[ApRu.rQog gYTtNLvZa9HtATDsOaeLDlcWo 7ra5ts!nJ,TSIemoet&-DoJe4
1745
A]jhiKZ tR9us9ifsp^oulWi-=HZMlm,IOgCK?qJMl2lOqigm9,Gl/RjtM+l6EhlX^DghDs.U>fLtheAsm[sb_]fuXxsvra2)r[sbZpC[ApRt,rQof gYStNLvZa8HtATDsOaeLDlcWo 7ra5ts!nJ,UTIemoet&-CoJe4
1746
A]jhiKZ tR9us9ifsp^oulWi-=HZMlm,IOgCK?qJMl2lOqigm9,Gl/RjtM+l6EhlX^DghDs.U>fLtheAsm[sb_]fuXxsvra2)r[sbZpC[ApRt,rQof gYStNLvZa8HtATDsOaeLDlcWo 7ra5ts!nJ,UTIemoet&-CoJe4
1747
A]jhiKZ tR9us9ifsp^oulWi-=HZMlm,IOgCK?qJMl2lOqigm9,Gl/RjtM+l6EhlX^DghDs.U>fLtheAsm[sc_]fuXxsvra2)r[sbZpC[ApRt,rQof gYStNLvZa8HtATDsOaeLDlcWo 7ra5ts!nJ,UTIemoet&-CoJe4
1748
A]jhiKZ tR8us9ifrp`oulWi-<GZMln,IOgBK?qJMl2lOqihm9,Gl/RjtM,l6EhkX^DghDs.U=fLtheAsm[sb_]ftXxsvra2)rZsbYpC[ApSu,rQog gYStMLvZa8HtATDtObeLDlcWo 7ra5ts nK,USIemnet&-DoJe4
1749
A]jhiKZ tR8us9ifrp`oulWi-<GZMln,IOgBK?qJMl2lOqihm9,Gl/RjtM,l6EhkX^DghDs.U=fLtheAsm[sb_]ftXxsvra2)rZsbYpC[ApSu,rQog gYStMLvZa8HtATDtObeLDlcWo 7ra5ts nK,USIemnet&-DoJe4
1750
A]jhiKZ tR8us9ifrp`oulWi-<GZMln,IOgBK?qJMl2lOqihm9,Gl/RjtM,l6EhkX^DghDs.U=fLtheAsm[sb_]ftXxsvra2)rZrbYpC[ApSu,rQog gYStMLvZa8HtATDtObeLDlcWo 7ra5ts nK,USIemnet&-DoJe4
1751
A]jhiKZ tR8us9ifsp^oulWi-<HZMln,IPgBK?sJMl2lOqigm:,Gl0RjtM,l6EhlX^DghDs.U>fLtheAsm[rb_^evXxsvra2)rZsbYpC[ApRu-rQog gYTtNLvZa8HtATDsOaeLDlcWo 7ra5ts!nJ,TSIeloes&-CoJe4
1752
A]jhiKZ tR8us9ifsp^oulWi-<HZMln,IPgBK?sJMl2lOqigm:,Gl0RjtM,l6EhlX^DghDs.U>fLtheAsm[rb_^evXxsvra2)rZsbYpC[ApRu-rQog gYTtNLvZa8HtATDsOaeLDlcWo 7ra5ts!nJ,TSIeloes&-CoJe4
1753
A]jhiKZ tQ8us9ifsp_oulWi-<HZMln,IPhBK>rJMl2lOqihm:,Gm/RjtM+l6EhlX`DghDs.U>fLthdAsm[rb_]evXxsvra2)rZsbYpC[ApRu-rQog gZTtNLvZa9HtATDsPaeLDlcXo 7ra5ts!nJ,SSIemoet&-DoJe4
1754
A]jhiKZ tQ8us9ifsp_oulWi-<HZMln,IPhBK>rJMl2lOqihm:,Gm/RjtM+l6EhlX`DghDs.U>fLthdAsm[rb_]evXxsvra2)rZsbYpC[ApRu-rQog gZTtNLvZa9HtATDsPaeLDlcXo 7ra5ts!nJ,SSIemoet&-DoJe4
1755
A]jhiKZ tQ8us9ifsp_oulWi-<HZMln,IPhBK>rJMl2lOqihm:,Gm/RjtM+l6EhlX`DghDs.U>fLthdAsm[rb_]evXxsvra2)rZsbYpC[ApRu-rQog gZTtNLvZa9HtATDsPaeLDlcXo 7ra5ts!nJ,SSIemoet&-DoJe4
1756
A]jhiKZ tQ8us9ifsp_oulWi-<H[Mln,IPgBK>rJMl2lOqigm:,Gl/RjtM+l6EhlX^DghDs.U>fLtheAsm[rb_]dvXxsura2)rZsbYpD[ApRu-rQog gYTtNLvZa8HtATDsOaeLDlcWo 7ra5ts nJ,TSIeloet&-CoKe4
1757
A]jhiKZ tQ8us9ifsp_oulWi-<H[Mln,IPgBK>rJMl2lOqigm:,Gl/RjtM+l6EhlX^DghDs.U>fLtheAsm[rb_]dvXxsura2)rZsbYpD[ApRu-rQog gYTtNLvZa8HtATDsOaeLDlcWo 7ra5ts nJ,TSIeloet&-CoKe4
1758
A]jhiKZ tR8us9ifsp^otlWi-<HZMln,IPgBK?rJMl2lOqigm:,Gl0RjtM,l6EilX^DghDs.U>fLtheAsm[rb`]evXxsvra2)rZsbYoC[ApRu-sQog gYTtNLvZa8HtBTDsOaeLDlcWo 7ra5ts!nJ,TTIeloes&-CoJe4
1759
A]jhiKZ tR8us9ifsp^otlWi-<HZMln,IPgBK?rJMl2lOqigm:,Gl0RjtM,l6EilX^DghDs.U>fLtheAsm[rb`]evXxsvra2)rZsbYoC[ApRu-sQog gYTtNLvZa8HtBTDsOaeLDlcWo 7ra5ts!nJ,TTIeloes&-CoJe4
1760
A]jhiKZ tQ8us9ifsp^oukWi-<H[Mln,IPgBK?rKMl2lOqigm:,Gk/RjtM+l6FhlX^DghDs.U>fLtheAsm[rb`]evXxsvra2*rZsbYpC[@pRu-sQog gYTtNMvZa8HtATDtOaeLDlcWo 7ra5ts!oK,TSKeloet&,CoJe4
1761
A]jhiK[ tQ8us9ifsp_oulWi-<H[Mln,IPgBK=rJMl2lOqifm:,Gl/RjtM+l6EhlX^DghDs.U>fLtheAsm[rb_]dvXxsura2)r[sbYpD[ApRu-rQog gYTtNLvZa8HtATDsOaeLDlcWo 7ra5ts nJ,TSIeloet&-CoKe4
1762
A]ihiK[ tQ8us9ifsp_oulWi-<H[Mln,IPgBK=rJMl2lOqifm:,Gl/RjtM+l6EhlX^DghDs.U>fLtheAsm[rb_]dvXxsura2)r[sbYpD[ApRu-rQog gYTtNLvZa8HtATDsOaeLDlcWo 7ra5ts nJ,TSIeloet&-CoKe4
1763
A]ihiK[ tQ8us9ifsp_oulWi-<H[Mln,IPgBK=rJMl2lOqifm:,Gl/RjtM+l6EhlX^DghDs.U>fLtheAsm[rb_]dvXxsura2)r[sbYpD[ApRu-rQog gYTtNLvZa8HtATDsOaeLDlcWo 7ra5ts nJ,TSIeloet&-CoKe4
1764
A]ihiK[ tQ8us9ifsp_oulWi-<H[Mln,IPgBK=rJMl2lOqifm:,Gl/RjtM+l6EhlX^DghDs.U>fLtheAsm[rb_]dvXxsura2)r[sbYpD[ApRu-rQog gYTtNLvZa8HtATDsOaeLDlcWo 7ra5ts nJ,TSIeloet&-CoKe4
1765
A]ihiK[ tQ8us9ifsp_oulWi-<H[Mln,IPgBK=rJMl2lOqifm:,Gl/RjtM+l6EhlX^DghDs.U>fLtheAsm[rb`]dvXxsura2)r[sbYpD[ApRu-rQog gYTtNLvZa8HtATDsOaeLDlcWo 7ra5ts nJ,TSIeloet&-CoKe4
1766
A]ihiK[ tQ8us9ifsp_oulWi-<H[Mln,IPgBK=rJMl2lOqifm:,Gl/RjtM+l6EhlX^DghDs.U>fLtheAsm[rb`]dvXxsura2)r[sbYpD[ApRu-rQog gYTtNLvZa8HtATDsOaeLDlcWo 7ra5ts nJ+TSIeloet&-CoKe4
1767
A]ihiK[ tQ8us9ifsp_oulWi-<H[Mln,IPgBK=rJMl2lOqifm:,Gl/RjtM+l6EhlX^DghDs.U>fLtheAsm[rb`]dvXxsura2)r[sbYpD[ApRu-rQog gYTtNLvZa8HtATDsOaeLDlcWo 7ra5ts nJ+TSIeloet&-CoKe4
1768
A]ihiK[ tQ8us9ifsp_oulWi-<H[Mln,HPgBK=rJMl2lOqifm:,Gl/RjtM,l6EhlX^DghDs.U>fLtheAsm[rb_]duXxsvra2)r[sbYpD[ApRu-rQog gYTtNLv[a8HtATDsOaeLDlcWo 7ra5ts nJ,TSJeloet&-CoKe4
1769
A]ihiK[ tQ8us9ifsp_oulWi-<H[Mln,HPgBK=rJMl2lOqifm:,Gl/RjtM,l6EhlX^DghDs.U>fLtheAsm[rb_]duXxsvra2*r[sbYpD[ApRu-rQog gYTtNLv[a8HtATDsOaeLDlcWo 7ra5ts nJ,TSJeloet&-CoKe4
1770
A]ihiK[ tQ8us9ifsp_oulWi-<H[Mln,HPgBK=rJMl2lOqifm:,Gl/RjtM,l6EhlX^DghDs.U>fLtheAsm[rb_]duXxsvra2*r[sbYpD[ApRu-rQog gYTtNLv[a8HtATDsOaeLDlcWo 7ra5ts nJ,TSJeloet&-CoKe4
1771
A]ihiK[ tQ8us9ifsp_oulWi-<H[Mln,HPgBK=rJMl2lOqifm:,Gl/RjtM,l6EhlX^DghDs.U>fLtheAsm[rb_]duXxsvra2*r[sbZpD[ApRu-rQog gYTtNLv[a8HtATDsOaeLDlcWo 7ra5ts nJ,TSJeloet&-CoKe4
1772
A]ihiK[ tQ8us9ifsp_oulWi-<H[Mln,HPgBK=rJMl2lOqifm:,Gl/RjtM,l6EhlX^DghDs.U>fLtheAsm[rb_]duXxsvra2*r[sbZpD[ApRu-rQog gYTtNLv[a8HtATDsOaeLDlcWo 7ra5ts nJ,TSJeloet&-CoKe4
1773
A]ihiK[ tQ8us9ifsp_oulWi-<H[Mln,HPgBK=rJMl2lOqifm:,Gl/RjtM,l6EhlX^DghDs.U>fLtheAsm[rb_]duXxsvra2*r[sbZpD[ApRu-rQog gYTtNLv[a8HtATDsOaeLDlcWo 7ra5ts nJ,TSJeloet&-CoKe4
1774
A]ihiK[ tQ8us9ifsp_oulXj-<H[Mln,IPgBK=rJMl2lOqifm:,Gl0RjtM+l6EhlX^DghDs.U>fLtheAsm[rb`]dvXxsura2)r[sbYpD[ApRu-rQog fZUtNLvZa8HtATDsOaeLDlcWo 7ra5ts nJ*TSIeloet'-CoKe4
1775
A]ihiK[ tQ8us9ifsp_oulWi-<H[Mlm,HPgBK=rJMl2lOqifm:,Gl/RjtM-l6EhlX^DghDs.U?fLtheAsm[rb_]duXxsvra2*r[sbYpD[ApRu-rQog gYTtNLv[a8HtATDsObeLDlcWo 7ra5ts nJ,TSJeloet&-CoKe4
1776
A]ihiK[ tQ8us9ifsp_oulWi-<H[Mlm,HPgBK=rJMl2lOqifm:,Gl/RjtM-l6EhlX^DghDs.U?fLtheAsm[rb_]duXxsvra2*r[sbYpD[ApRu-rQog gYTtNLv[a8HtATDsObeLDlcWo 7ra5ts nJ,TSJeloet&-CoKe4
1777
A]ihiK[ tQ8us9ifsp_oulWi-<H[Mlm,HPgBK=rJMl2lOqifm:,Gl/RjtM-l6EhlX^DghDs.U?fLtheAsm[rb_]duXxsvra2*r[sbYpD[ApRu-rQog gYTtNLv[a8HtATDsObeLDlcWo 7ra5ts nJ,TSJeloet&-CoKe4
1778
A]ihiK[ tQ8us9ifsp_oulWi-<H[Mlm,HPgBK=rJMl2lOqifm:,Gl/RjtM-l6EhlX^DghDs.U?fLtheAsm[rb_]duXxsvra2*r[sbYpD[ApRu-rQog gYTtMLv[a8HtATDsObeLDlcWo 7ra5ts nJ,TSJeloet&-CoKe4
1779
A]ihiK[ tQ8us9ifsp_oulWi-<H[Mlm,HPgBK=rJMl2lOqifm:,Gl/RjtM-l6EhlX^DghDs.U?fLtheAsm[rb_]duXxsvra2*r[sbYpD[ApRu-rQog gYTtMLv[a8HtATDsObeLDlcWo 7ra5ts nJ,TSJeloet&-CoKe4
1780
A]ihiK[ tQ8us9ifsp_oulXj-<H[Mln,IPgBK=rJMl2lOqifm:,Gl0RjtM+l6EhlX^DghDs.U>fLtheAsm[rb`]dvXxsura2)r[sbYpD[ApRu.rQog fZVtNLvZa8HtATDsOaeLDlcWo 7ra5ts oJ*TSIeloet'-CoKe4
1781
A]ihiK[ tQ8us9ifsp_otlWi-<H[Mlm,HPgBK=rJMl2lOqifm:,Gl0RjtM,l6EhlX_DghDs.U>fLtheAsm[rb_]duXxsvra2*r[sbYpE[ApRu-rQog gYTtNLv[a8HtATDsOaeKDlcWo 7rb5ts nJ,TSJeloet&-CoKe4
1782
A]ihiK[ tQ8us9ifsp_otlWi-<H[Mlm,HPgBK=rJMl2lOqifm:,Gl0RjtM,l6FhlX_DghDs.U>fLtheAsm[rb_]duXxsvra2*r[sbYpE[ApRu-rQog gYTtNLv[a8HtATDsOaeKDlcWo 7rb5ts nJ,TSJeloet&-CoKe4
1783
A]ihiK[ tQ8us9ifsp_oulXj,<H[Nln,IPgBK=sJMl2lPqifm:,Gl0RjtM+l6EhlX^DghEs.U>fLtheAsm[rb`]dvXxsura2)r[sbYpD[ApRu.rQog fZVtNLvZa8HtATDsOaeLDlcWo 7ra5ts oJ*TSIeloet'-CoKe4
1784
A]ihiK[ tQ8us9ifsp_oulXj,<H[Nln,IPgBK=sJMl2lPqifm:,Gl0RjtM+l6EhlX^DghEs.U>fLtheAsm[rb`]dvXxsura2)r[sbYpD[ApRu.rQog fZVtNLvZa8HtATDsOaeLDlcWo 7ra5ts oJ*TSIeloet'-CoKe4
1785
A]ihiK[ tQ8us9ifsp_oulXj,<H[Nln,IPgBK=sJMl2lPqifm:,Gl0RjtM+l6EhlX^DghEs.U>fLtheAsm[rb`]dvXxsura2)r[sbYpD[ApRu.rQog fZVtNLvZa8HtATDsOaeLDlcWo 7ra5ts oJ*TSIekoet'-CoKe4
1786
A]ihiK[ tQ8us9ifsp_oulXj,<H[Nln,IPgBK=sJMl2lPqifm:,Gl0RjtM+l6EhlX^DghEs.U>fLtheAsm[rb`]dvXxsura2)r[sbYpD[ApRu.rQog fZVtNLvZa8HtATDsOaeLDlcWo 7ra5ts oJ*TSIekoet'-CoKe4
1787
A]ihiK[ tQ8us9ifsp_oulXj,<H[Nln,IPgBK=sKMl2lPqifm:,Gl0RjtM+l6EhlX^DghEs.U>fLtheAsm[rb`]dvXxsura2)r[sbYpD[ApRu.rQog fZVtNLvZa8HtATDsOaeLDlcWo 7ra5ts oJ*TSIekoet'-CoKe4
1788
A]ihiK[ tQ8us9ifsp_oulXj,<H[Nln,IPgBK=sKMl2lPqifm:,Gl0RjtM+l6EhlX^DghEs.U>fLtheAsm[rb`]dvXxsura2)r[sbYpD[ApRu.rQog fZVtNLvZa8HtATDsOaeLDlcWo 7ra5ts oJ*TSIekoet'-CoKe4
1789
A]ihiK[ tQ8us9ifsp_oulXj,<H[Nln,IPgBK=sJMl2lPqifm:,Gl0RjtM+l6EhkX^DghEs.U>fLtheAsm[rb`]dvXxsura2)r[rbYpD[ApRu.rQog fZVtNLvZa8HtATDsOaeLDlcWo 7ra5ts oJ*TSIekoet'-CoKe4
1790
A]ihiK[ tQ8us9ifsp_oulXj,<H[Nln,IPgBK=sJMl2lPqifm:,Gl0RjtM+l6EhkX^DghEs.U>fLtheAsm[rb`]dvXxsura2)r[rbYpD[ApRu.rQog fZVtNLvZa8HtATDsOaeLDlcWo 7ra5ts oJ*TSIekoet'-CoLe4
1791
A]ihiK[ tQ8us9ifsp_oulXj,<H[Nln,IPgBK=sJMl2lPqifm:,Gl0RjtM+l6EhkX^DghEs.U>fLtheAsm[rb`]dvXxsura2)r[rbYpD[ApRu.rQog fZVtNLvZa8HtATDsOaeLDlcWo 7ra5ts oJ*TSIekoet'-CoLe4
1792
A]ihiK[ tQ8us9ifsp_oulXj,<H[Nln,IPgBK=sJMl2lPqifm:,Gl0RjtM+l6EhkX^DghEs.U?fLtheAsm[rb`]dvXxsura2)r[rbYpD[ApRu.rQog fZVtNLvZa8HtATDsOaeLDlcWo 7ra5ts oJ*TSIekoet'-CoLe4
1793
A]hhiK[ tQ8us9ifsp`oulWi-<H[Mlm,HPgBK=sJMl2lPqifm:,Gl/SjtM,l6EhkX^DghDs.U?fLtheAsm[rb_]duXxsvra2*r[sbYpE[ApRu-rPog gYTtNLv[a8HtATDsOaeLDlcXo 8ra6ts oJ,TSJeloet&-CnKe4
1794
A]ihiK[ tQ8us9ifsp_oulXj,<H[Nln,IPgBK=sJMl2lPqifm:,Gl0RjtM+l6EhkX^DghEs.U?fKtheAsm[rb`]dvXxsura2)r[rbYpD[ApRu.rQog fZVtNLvZa8HtATDsOaeLDlcXo 7ra5ts oJ*TSIekoet'-CoLe4
1795
A]ihiK[ tQ8us9ifsp_oulXj,<H[Nln,IPgBK=sJMl2lPqifm;,Gl0RjtM+l6EhkX^DghEs.U?fKtheAsm[rb`]dvXxsura2)r[rbYpD[ApRu.rQog fZVtNLvZa8HtATDsOaeLDlcXo 7ra5ts oJ*TSIekoet'-CoLe4
1796
A]ihiK[ tQ9us9ifsp_oulXj,<H[Nln,IPgBL=sKMl2lPqifm;,Gl0RjtM+l6EhlX^DghEs.U>fLtheAsm[rb`]duXxsura2)r[sbYpD[ApSu.rQog fZVsNLvZa8HtATDsOaeLDlcWo 7ra5ts oJ*TSIekoet'-CoKe4
1797
A]ihiK[ tQ9us9ifsp_oulXj,<H[Nln,IPgBL=sKMl2lPqifm;,Gl0RjtM+l6EhlX^DghEs.U>fLtheAsm[rb`]duXxsura2)r[sbYpD[ApSu.rQog fZVsNLvZa8HtATDsOaeLDlcWo 7ra5ts oJ*TSIekoet'-CoKe4
1798
A]ihiK[ tQ9us9ifsp_oulXj,<H[Nln,IPgBL=sKMl2lPqifm;,Gl0RjtM+l6EhlX^DghEs.U>fLtheAsm[rb`]duXxsura2)r[sbYpD[ApSu.rQpg fZVsNLuZa8HtATDsOaeLDlcWo 7ra5ts oJ*TSIekoet'.CoKe4
1799
A]ihiK[ tQ9us9ifsp_oulXj,<H[Nln,IPgBL=sKMl2lPqifm;,Gl0RjtM+l6EhlX^DghEs.U>fLtheAsm[rb`]duXxsura2)r[sbYpD[ApSu.rQpg fZVsNLuZa8HtATDsOaeLDlcWo 7ra5ts oJ*TSIekoet'.CoKe4
1800
A]hhiK[ tQ8us9ifsp`oulWi-<H[Mlm,HPgBK=sJMl2lPqifm;,Gl/SjtM,l6EhkX^DghDs.U?fLtheAsm[rb_]duXysvra2*r[sbYpE[ApRu-rPog gYTtMLv[a8HtATDsObeLDlcXo 8ra6ts oJ,TSJeloet&-CnKe4
1801
A]hhiK[ tQ8us9ifsp`oulWi-<H[Mlm,HPgBK=sJMl2lPqifm;,Gl/SjtM,l6EhkX^DghDs.U?fLtheAsm[rb_]duXysvra2*r[sbYpE[ApRu-rPog gYTtMLv[a8HtATDsObeLDlcXo 8ra6ts oJ,TSJeloet&-CnKe4
1802
A]ihiK[ tQ8us9ifsp_oulYj,<H[Nlm,IPgBK=sJMl2kPqifm:,Gl0RjtM+l6EhkX_DghEs.U>fLtheAsm[rbb]dvXxsura2)r[rbYpD[ApRu.rQog fZVtNMvZa8HtATDsObeLDlcWo 7ra5ts oJ*TSIekoet'-CoKe4
1803
A]ihiK[ tQ8us9ifsp_oulYj,<H[Nlm,IPgBK=sJMl2kPqifm:,Gl0RjtM+l6EhkX_DghEs.U>fLtheAsm[rbb]dvXxsura2)r[rbYpD[ApRu.rQog fZVtNMvZa8HtATEsObeLDlcWo 7ra5ts oJ*TSIekoet'-CoKe4
1804
A]ihiK[ tQ8us9ifsp_oulYj,<H[Nlm,IPgBK=sJMl2kPqifm:,Gl0RjtM+l6EhkX_DghEs.U>fLtheAsm[rbb]dvXxsura2)r[rbYpD[ApRu.rQog fZVtNMvZa8HtATEsObeLDlcWo 7ra5ts oJ*TSIekoet'-CoKe4
1805
A]ihiK\ tQ8us9ifsp_oulXj,=H[Nln,IPgBK=sJMl2kPqifm:,Gl0RjtM+l6EhkX_DghEs.U>fLtheAsm\rba]dvYxsura2)r[rbYpD[@pRu.sQog fZVtNLvZa8HtATDsOaeLDlcWo 7ra5ts oJ)TSIekoet'-CoKe4
1806
A]ihiK\ tQ8us9ifsp_oulXj,=H[Nln,IPgBK=sJMl2kPqifm:,Gk0RjtM+l6EhkX_DghEs.U>fLtheAsm\rba]dvYxsura2)r[rbYpD[@pRu.sQog fZVtNLvZa8HtATDsOaeLDlcWo 7ra5ts oJ)TSIekoet'-CoKe4
1807
A]ihiK[ tQ8us9iesp_oulXj,<H[Nln,IPgBK=sJMl2lPrifm;,Gl1QjtN+l6EhkX^DghEs.U?fKthe@sm[rc`]dvXysura2)r[rbYpD[ApRu.rQog fZVtNLvZa8HtATDsOaeLDlcXo 7ra5ts oJ*TTIekoet'-CoLe4
1808
A]ihiK[ tQ8us9iesp_oulXj,<H[Nln,IPgCK=sJMl2lPqifm<,Gl0RjtN+l6EhkX^DghEs.U?fKtheAsm[rc`]dvXysura2)r[rbYpE[ApRu.rQog eZVtNLvZa8HtATDsOaeLDlcXo 7ra5ts oJ*TSIekoet'-CoLe4
1809
A]ihiK[ tQ8us9iesp_otlXj,<H[Nln,IPgCK=sJMl2lPqifm<,Gl0RjtN+l6EhkX^DghEs.U?fKtheAsm[rc`]dvXysura2)r[rbYpE[ApRu.rQog eZVtNLvZa8HtATDsOaeLDlcXo 7ra5ts oJ*TSIekoet'-CoLe4
1810
A]ihiK[ tQ8us9iesp_otlXj,<H[Nln,IPgCK=sJMl2lPqifm<,Gl0RjtN+l6EhkX^DghEs.U?fKtheAsm[rc`]dvXysura2)r[rbYpE[ApRu.rQog eZVtNLvZa8HtATDsOaeLDlcXo 7ra5ts oJ*TSIekoet'-CoLe4
1811
A]ihiK[ tQ8us9iesp_otlXj,<H[Nln,IPgCK=sJMl2lPqifm<,Gl0RjtN+l6EhkX^DghEs.U?fKtheAsm[rc`]dvXysura2)r[rbZpE[ApRu.rQog eZVtNLvZa8HtATDsOaeLDlcXo 7ra5ts oJ*TSIekoet'-CoLe4
1812
A]ihiK\ tQ8us9ifsp_oulXj,<H\Nln,IPgBK=sJMl2kPqifm:,Gl0RjtM+l6EhjX_DghEs.U>fLtheAsm\rba]dvXxsura2)r\rbYpD[@pRu.sQog f[VtNLv[a8HtATDsOaeLDlcWo 7ra5ts oJ)SSIekoet(-CnKe4
1813
A]ihiK\ tQ8us9ifsp_oulXj,<H\Nln,IPgBK=sJMl2kPqifm:,Gl0RjtM+l6EhjX_DghEs.U>fLtheAsm\rba]dvXxsura2)r\rbYpD[@pRu.sQog f[VtNLv[a8HtATDsOaeLDlcWo 7ra5ts oJ)SSIekoet(-CnKe4
1814
A]ihiK\ tR8us9ifsp_oulXj,<H\Nln,IPgBK=sJMl2kPqifm:,Gl0RjtM+l6EhjX_DghEs.U>fLtheAsm\rba]dvXxsura3)r\rbYpD[@pRu.sQog f[VtNLv[a8HtATDsOaeLDlcWo 7ra5ts oJ)SSIekoet(-CnKe4
1815
A]ihiK\ tR8us9ifsp_oulXj,<H\Nln,IPgBK=sJMl2kPqifm:,Gl0RjtM+l6EhjX_DghEs.U>fLtheAsm\rba]dvXxsura3)r\rbYpD[@pRu.sQog f[VtNLv[a8HtATDsOaeLDlcWo 7ra5ts oK)SSIekoet(-CnKe4
1816
A]ihiK\ tR8us9ifsp_oulXj,<H\Nln,IPgBK=sJMl2kPqifm:,Gl0RjtM+l6EhjX_DghEs.U>fLtheAsm\rba]dvXxsura3)r\rbYpD[@pRu.sQog f[VtNLv[a8HtATDsOaeLDlcWo 7ra5ts oK)SSIekoet(-CnKe4
1817
A]ihiK\ tR8us9ifsp_oulXj,<H\Nln,IPgBK=sJMl2kPqifm:,Gl0RjtM+l6EhjX_DghEs.U>fLtheAsm\rba]dvXxstra3)r\rbYpD[@pRu.sQog f[VtNLv[a8HtATDsOaeLDlcWo 7ra5ts oK)SSIekoet(-CnKe4
1818
A]ihiK\ tR8us9ifsp_oulXj,<H\Nlm,IPgBK=sJMl2kQqifm:,Gl0RjtM+l6EhjX_DghEs.U>fLtheAsm\rba]dvXxstra3)r\rbYpD[@pRu.sQog f[VtNLv[a8HtATDsOaeLDlcWo 7ra5ts oK)SSIekoet(-CnKe4
1819
A]ihiK\ tR8us9ifsp_oulXj,<H\Nlm,IPgBK=sJMl2kQqifm:,Gl0RjtM+l6EhjX_DghEs.U>fLtheAsm\rba]dvXxstra3)r\rbYpD[@pSu.sQog f[VtNLv[a8HtATDsOaeLDlcWo 7ra5ts oK)SSIekoet(-CnKe4
1820
A]ihiK\ tR8us9ifsp_oulXj,<H\Nlm,IPgBK=sJMl2kQqifm:,Gl0RjtM+l6EhjX_DghEs.U>fLtheAsm\rba]dvXxstra3)r\rbYpD[@pSu.sQog f[VtNLv[a8HtATDsOaeLDlcWo 7ra5ts oK)SSIekoet(-CnKe4
1821
A]ihiK\ tR8us9ifsp_oulXj,<H\Nlm,IPgBK=sJMl2kQqifm:,Gl0RjtM+l6EhjX_DghEs.U>fLtheAsm\rba]dvXxstra3)r\rbYpD[@pSu.sQog f[VtNLv[a8HtATDsOaeLDlcWo 7ra5ts oK)SSIekoet(-CnKe4
1822
A]ihiK\ tR8us9ifsp_oulXj,<H\Nlm,IPgBK=sJMl2kQqifm;,Gl0RjtM+l6EhjX_DghEs.U>fLtheAsm\rba]dvXxstra3)r\rbYpD[@pSu.sQog f[VtNLv[a8HtATDsOaeLDlcWo 7ra5ts oK)SSIekoet(-CnKe4
1823
A]ihjK\ tR8us9ifsp_oulXj,<H\Nlm,IPgBK=sJMl3kQqifm:,Gl0RjtM+l6EhjX_DghEs.U>fLtheAsm\rba]dvXystra3)r\rbYpD[@pRu.sQog f[VtNLv[a8HtATDsOaeLDlcWo 7ra5ts oK)SSIekoet(-CnKf4
1824
A]ihjK\ tR8us9ifsp_oulXj,<H\Nlm,IPgBK=sJMl3kQqifm:,Gl0RjtM+l6EhjX_DghEs.U>fLtheAsm\rba]dvXystra3)r\rbYpD[@pRu.sQog f[VtNLv[a8HtATDsOaeLDlcWo 7ra5ts oK)SSIekoet(-CnKf4
1825
A]ihjK\ tR8us9ifsp_oulXj,<H\Nlm,IPgBK=sJMl3kQqifm:,Gl0RjtM+l6EhjX_DghEs.U>fLtheAsm\rba]dvXystra3)r\rbYpD[@pRu.sQog f[VtNLv[a8HtATDsOaeLDlcWo 7ra5ts oK)SSIekoet(-CnKf4
1826
A]ihiK\ tR8us9ifsp_oulXj,<H\Nlm,IPgBK=sJMl2kQqifm:,Gl0RjtM+l6EhjX_DghEs.U>fLtheAsm\rba^duXxstra3)r\raYpD[@pSu.sQog f[VtNLv[a8GtATDsOaeLDlcWo 7ra5ts oK)SSIeknet(-CnKe4
1827
A]ihiK\ tR8us9ifsp_oulXj,<H\Nlm,IPgBK=sJMl2kQqifm:,Gl0RjtM+l6EhjX_DghEs.U>fLtheAsm\rba^duXxstra3)r\raYpD[@pSu.sQog f[VtNLv[a8GtATDsOaeLDlcWo 7ra5ts oK)SSIeknet(-CnKe4
1828
A]ihiK\ tR8us:jfsp_oulXj,<G\Nlm,HPgBK=sJMl2kQqifm:,Gl0RjtM+l6EhjX_CghEs.U>fLtheAsm\rca]dvXxstra3)r\rbYpD[@pSu.sQog f[VtNLv[a8HtATDsOaeLDlcWo 7ra5ts oK)SSIekoet(-CnKe4
1829
A]ihiK\ tR8us9ifsp_oulXj,<H\Nlm,IPgBK=sJMl2kQrifm:,Gl0RjtM+l6EhjX_DghEs.U>fLtheAsn\rba]dvXxstra3)r\r`YpD[@pSu.sQog f[VtNLv[a8GtATDsOaeLDlcWo 7ra5ts oK)SSIeknet(-CnKe4
1830
A]ihjK\ tR8us9ifsp_oulXj,<H\Nlm,IPgCK=sJMl3kQqiem:,Gl0RjtM+l6EhjX_DghEs.U>fLtheAsn\rba]dvXystra3)r\rbYpD[@pRu.sQog f[VtNLvZa8HtATDsOaeLDlcWo 7ra5ts oK)STIekoet)-CnKf4
1831
A]ihjK\ tR8us9ifsp_oulXj,<H\Nlm,IPgCK=sJMl3kQqiem:,Gl0RjtM+l6EhjX_DghEs.U>fLtheAsn\rba]dvXystra3)r\rbYpD[@pRu.sQog f[VtNLvZa8HtATDsOaeLDlcWo 7ra5ts oK)STIekoet)-CnKf4
1832
A]ihjK\ tR8us9ifsp_oulYj,<H\Nlm,HPgBK=sJMm3kQqifm:,Gl0RjtM+l6EhjX_DghEs.T>fLtheAsm\rba]dvXxstra3)r\rbYpD[@pRu.sQof f[VtNMu[a8HtATDsOaeLDlcWo 7ra5ts oK)SSIekoet(-CnLf4
1833
A]ihjK\ tR8us9ifsp_oulYj,<H\Nlm,HPgBK=sJMm3kQqiem:,Gl0RjtM+l6EhjX_DghEs.T>fLtheAsm\rba]dvXxstra3)r\rbYpD[@pRu.sQof f[VtNMu[a8HtATDsOaeLDlcWo 7ra5ts oK)SSIekoet(-CnLf4
1834
A]ihiK\ tR9us9ifsp`oulXj,<H\Nlm,IPhBK=sJMl2kQqifm:,Gl1RjtN,l6EhjX_DghEs.U>fLtheAsm\rca]dvXxstra3)r\rbZpD[@pSu.sQog f[VtNLv[a8HtATDrOaeLDlcWo 7ra5ts oK)SSIekpet(-CnKe4
1835
A]ihiK\ tR9us9ifsp`oulXj,<H\Nlm,IPhBK=sJMl2kQqifm:,Gl1SjtN,l6EhjX_DghEs.U>fLtheAsm\rca]dvXxstra3)r\rbZpD[@pSu.sQog f[VtNLv[a8HtATDrOaeLDlcWo 7ra5ts oK)SSIekpet(-CnKe4
1836
A]ihiK\ tR9us9ifsp`oulXj,<H\Nlm,IPhBK=sJMl2kQqifm:,Gl1SjtN,l6EhjX_DghEs.U>fLtheAsm\rca]dvXxstra3)r\rbZpD[@pSu.sQog f[VtNLv[a8HtATDrOaeLDlcWo 7ra5ts oK)SSIekpet(-CnKe4
1837
A]ihiK\ tR9us9ifsp`oulXj,<H\Nlm,IPhBK=sJMl2kQqifm:,Gl1RjtN,l6EhiX_DghEs.U>fLtheAsm\rca]dvXxstra3)r\rbZpD[@pSu.sQog f[VtNLv[a8HtATDrOaeLDlcWo 7ra5ts oK)SSIekpet(-CnKe4
1838
A]ihjK\ tR8us9ifsp_oulXj,<H\Nlm,IPgCK=sJMl3kQqiem:,Gl0SjtM+l6EhjX_EghEs.U?fLtheAsn\rba]dvXystra4)r\rbYpD[@pRu.sQog f[VtNLvZa8ItATDsOaeLDlcWo 7ra5ts oK)STIekoet)-CnKf4
1839
A]ihjK\ tR8us9ifsp_oulXj,<H\Nlm,IPgCK=sJMl3kQqiem:,Gl0SjtM+l6EhjX_EghEs.U?fLtheAsn\rba]dvXystra4)r\rbYpD[@pRu.sQog f[VtNLvZa8ItATDsOaeLDlcWo 7ra5ts oK)STIekoet)-CnKf4
1840
A]ihiK\ tR8us9ifsp`oulXj,=H\Nlm,IPhBK=sJMl2kQqifm:,Gl0SjtN,l6DhjX_DghEs.U>fLtheAsm\rca]dvXxstra3*r\rbZpD\@pTu.sQog f[VtNMv[a8HtATEsOaeLDlcWo 7ra5ts oK)SSIekpet(-CnKe4
1841
A]ihiK\ tR8us9ifsp`oulXj,=H\Nlm,IPhBK=sJMl2kQqifm:,Gl0SjtN,l6DhjX_DghEs.U>fLtheAsm\rca]dvXxstra3*r\rbZpD\@pTu.sQog f[VtNMv[a8HtATEsOaeLDlcWo 7ra5ts oK)SSIekpet(-CnKe4
1842
A]ihiK\!tS8us9ifrp_oulXi,<G\Nlm,IPgBK=sJMl2kQqifm:,Gl1RjtM+l5EhjW_DghEs.U>fLtheAsn\rca]cvYxstra3)r\raYpD[@pSu.sQog e[VtNLv[a8HtATDsOaeLDlcWo 7ra5ts oK)SSIeknet(-CnKf4
1843
A]ihiK\!tS8us9ifrp_oulXi,<G\Nlm,IPgBK=sJMl2kQqifm:,Gl1RjtM+l5EhjW_DghEs.U>fLtheAsn\rca]cvYxstra3)r\raYpD[@pSu.sQog e[VtNLv[a8HtATDrOaeLDlcWo 7ra5ts oK)SSIeknet(-CnKf4
1844
A]igjK\ tR8us9ifsp_oulXj,<H\Nlm,IPgCK=sJMl3kQqiem:,Gl0SjtM+l6EhjX_EghEs.U?fLtheAsn\rbb]dvXystra4)r\rbYpD[@pRu.sQog f[VtNLvZa8ItATDsOaeLDlcWo 8ra5ts oK)STIekoet)-CnLf4
1845
A]igjK\ tR8us9ifsp_oulXj,<H\Nlm,IPgCK=sJMl3kQqiem:,Gl0SjtM+l6EhjX_EghEs.U?fLtheAsn\rbb]dvXystra4)r\rbYpD[@pRu.sQog f[VsNLvZa8ItATDsOaeLDlcWo 8ra5ts oK)STIekoet)-CnLf4
1846
A]igjK\ tR8us9ifsp_oulXj,<H\Nlm,IPgCK=sJMl3kQqiem:,Gl0SjtM+l6EhjX_EghEs.U?fLtheAsn\rbb]dvXystra4)r\rbYpD[@pRu.sQog f[VsNLvZa8ItATDsOaeLDlcWo 8ra5ts oK)STIekoet)-CnLf4
1847
A]igjK\ tR8us9ifsp_oulXj,<H\Nlm,IPgCK=sJMl3kQqiem:,Gl0SjtM+l6EhjX_EghEs.U?fLtheAsn\rbb]dvXystra4)r\rbZpD[@pRu.sQog f[VsNLvZa8ItATDsOaeLDlcWo 8ra5ts oK)STIekoet)-CnLf4
1848
A]igjK\ tR8us9ifsp_oulXj,<H\Nlm,IPgCK=sJMl3kQqiem:,Gl0SjtM+l6EhjX_EghEs.U?fLtheAsn\rbb]dvXystra4)r\rbZpD[@pRu.sQog f[VsNLvZa8ItATDsOaeLDlcWo 8ra5ts oK)STIekoet)-CnLf4
1849
A]igjK\ tR8us9ifsp_oulXj,<H\Nlm,IPgCK=sJMl3kQqiem:,Gl0SjtM+l6EhjX_EghEs.U?fLtheAsn\rbb]dvXystra4)r\rbZpD[@pRu.sQog f[VsNLvZa8ItATDsOaeLDlcWo 8ra5ts oK)STIekoet)-CnLf4
1850
A^ihiK\ tR8us9jfsp_oulYj,<H\Nll,IPgBK=sJMl3kQqifm:,Gl0RitM+l6EhjX`DghFs.U>fLtheAsm\rba]dvYxstra4*r\rbYoD[ApTu.sQog f\VsMLv[a8HtATDsOaeLDlbWo 7ra5ts oK(SSIekoet)-CnKe5
1851
A^ihiK\ tR8us9jfsp_oulYj,<H\Nll,IPgBK=sJMl3kQqifm:,Gl0SitM+l6EhjX`DghFs.U>fLtheAsm\rba]dvYxstra4*r\rbYoD[ApTu.sQog f\VsMLv[a8HtATDsOaeLDlbWo 7ra5ts oK(SSIekoet)-CnKe5
1852
A^ihiK\ tR8us9jfsp_oulYj,<H\Nll,IPgBK=sJMl3kQqifm:,Gl0SitM+l6EhjX`DghFs.U>fLtheAsm\rba]dvYxstra4*r\rbYoD[ApTu.sQog f\VsMLv[a8HtATDsOaeLDlbWo 7ra5ts oK(SSIekoet)-CnKe5
1853
A^ihiK\ tR8us:jfsp_oulYj,<H\Nll,IPgBL=sKMl2kQqifm;,Gl0RitM+l6EhjX`DghFs.U>fLtheAsm\rba]dvYxstra4(r\rbYoD[ApSu.sQog f\VsMLv[a8HtATDsObeLDlbWo 7ra5ts oK(RSIekoet)-CnKe5
1854
A^ihiK\ tR8us:jfsp_oulYj,<H\Nll,IPgBL=sKMl2kQqifm;,Gl0RitM+l6EhjX`DghGs.U>fLtheAsm\rba]duYxstra4(r\rbYoD[ApSu.sQog f\VsMLv[a8HtATDsObeLDlbWo 7ra5ts oK(RSIekoet)-CnKe5
1855
A^ihiK\ tR8us:jfsp_oulYj,<H\Nll,IPgBL=sKMl2kQqifm;,Gl0RitM+l6EhjX`DghGs.U>fLtheAsm\rba]duYxstra4(r\rbYoD[ApSu.sQog f]VsMLv[a8HtATDsObeLDlbWo 7ra5ts oK(RTIekoet)-CnKe5
1856
A^ihiK\ tR8us:jfsp_oulYj,<H\Nll,IPgBL=sKMl2kQqifm;,Gl0RitM+l6EhjX`DghGs.U>fLtheAsm\rba]duYxstra4(r\rbYoD[ApSu.sQog f]VsMLv[a8HtATDsObeLDlbWo 7ra5ts oK(RTIekoet)-CnKe5
1857
A^ihiK\ tR8us:jfsp_oulYj,<H\Nll,IPgBL=sKMl2kQqifm;,Gl0RitM+l6EhjX`DghGs.U>fLtheAsm\rba]duYxstra4(r\rbYoD[ApSu.sQog f]VsMLv[a8HtATDsObeLDlbWo 7ra5ts oK(RTIekoet)-CnKe5
1858
A^ihiK\ tR8us:jfsp_oulYj,<H\Nll,IPgBL=sKMl2kQqifm;,Gl0RitM+l6EhjX`DghGs.U>fLtheAsm\rba]duYxstra4(r\rbYoD[ApSu.sQog f]VsMLv[a8ItATDsObeLDlbWo 7ra5ts oK(RTIekoet)-CnKe5
1859
A^ihjK\ tR8us:jfsp_oulYj,<H\Nll,IPgBL=sKMl2kQqifm;,Gk0RitM+l6EhjX`DghGs.U>fLtheAsm\rba^duYxstra4(r]rbYoD[ApSu.sQog f\VsMLv[a8HtATDsObeLDlbVo 7ra5ts oK(RSIekoet)-CnKe4
1860
A^ihjK\ tR8us:jfsp_oulYj,<H\Nll,IPgBL=sKMl2kQqifm;,Gk0RitM+l6EhjX`DghGs.U>fLtheAsm\rba^duYxstra4(r]rbYoD[ApSu.sQog f\VsMLv[a8HtATDsObeLDlbVo 7ra5ts oK(QSIekoet)-CnKe4
1861
A^ihjK\ tR8us:jfsp_oulYj,<H\Nll,IPgBL=sKMl2kQqifm;,Gk0RitM+l6EhjX`DghGs.U>fLtheAsm\rba^duYxstra4(r]rbYoD[ApSu.sQog f\VsMLv[a8HtATDsObeLDlbVo 7ra5ts oK(QSIekoet)-CnKe4
1862
A^ihiK\ tR8us:jfsp_oulYj,<H\Nll,IPgBL=sKMl2iQqifm;,Gl0RitM+l6EhjX`DghGs.U>fLtheAsm\rba]duYxstra4(r\raYoD[ApSu.sQog f]VsMLv[a8HtATDsObeLDlbWo 7ra5ts oK(RTIekoet)-DnKe5
1863
A^ihjK\ tR9us:jfsp_oulYj,<H\Nll,IPgBL=sKMl2kQqifm;,Gk0RitM+l6EhjX`DghGs.U>fLtheAsm\rba^duYxstra4(r]rbYoD[ApSu.sQog f\VsMLv[a8HtATDsObeLDlbVo 7ra5ts oK(QTIekoet)-CnKe4
1864
A^ihjK\ tR9us:jfsp_oulYj,<H\Nll,IPgBL=sKMl2kQqifm;,Gk0RitM+l6EhjX`DghGs.U>fLtheAsm\rba^duYxstra4(r]rbYoD[ApSu.sQog f\VsMLv[a8HtATDsObeLDlbVo 7ra5ts oK(QTIekoet)-CnKe4
1865
A^ihjK\ tR9us:jfsp_oulYj,<H\Nll,IPgBL=sKMl2kQqifm;,Gk0RitM+l6EhjX`DghGs.U>fLtheAsm\rba^cuYxstra4(r]rbYoD[ApSu.sQog f\VsMLv[a8HtATDsObeLDlbVo 7ra5ts oK(QTIekoet)-CnKe4
1866
A^ihjK\ tR9us:jfsp_oulYj,<H\Nll,IPgBL=sKMl2kQrifm;,Gk0RitM+l6EhjX`DghGs.U>fLtheAsm\rba^cuYxstra4(r]rbYoD[ApSu.sQog f\VsMLv[a8HtATDsObeLDlbVo 7ra5ts oK(QTIekoet)-CnKe4
1867
A^ihjK\ tR9us:jfsp_oulYj,<H\Nll,IPgBL=sKMl2kQrifm;,Gk0RitM+l6EhjX`DghGs.U>fLtheAsm\rba^cuXxstra4(r]rbYoD[ApSu.sQog f\VsMLv[a8HtATDsObeLDlbVo 7ra5ts oK(QTIekoet)-CnKe4
1868
A^ihiK\ tR9us:jfsp_oulYj,<H\Nll,IPgBL=sKMl2lQqifm;,Gl0SitM+l6EhjX`DghGs.U>fLtheAsm\rbb]duYxssra4(r\rbYoD[ApSu.sQog f]VsMLv[a8ItBTEsOceLDlbWo 7ra5ts oK(RTIekoet)-CnKe5
1869
A^ihjK\ tR8us:jesq_oulYj,<H\Oll,IPgBL=sKMl2kQqifm;,Gl0RitM+l6EhjX`DghGs.U>fLtheAsm\rca]duYxstra4(r\rbYoD[ApSu.sQog f]VsMLv\a8ItATDsOceLDlbWo 7ra5ts oK(RTIejoet)-CnKe5
1870
A^ghjK\ tR8us:jfsp_oulYj,<H\Nll,IPgBL=sKMl2kQqifm;,Gj0SitM+l6EhjX`DghGs.U>fLtheAsm\rba^duYxstra4(r]rbYoD[ApSu.sQog e\VsMLv[a8HtATDsObeLDlbVo 7ra5ts oK(QSIekoet*-CnKe4
1871
A^ghjK\ tR8us:jfsp_oulYj,<H\Nll,IPgBL=sKMl2kQqifm;,Gj0SitM+l6EhjX`DghGs.U>fLtheAsm\rba^duYxstra4(r]rbYoD[ApSu.sQog e\VsMLv[a8HtATDsObeLDlbVo 7ra5ts oK(QSIekoet*-CnKe4
1872
A^ghjK\ tR8us:jfsp_oulYj,<H\Nll,IPgBL=sKMl2kQqifm;,Gj0SitM+l6EhjX`DghGs.U>fLtheAsm\rba^duYxstra4(r]rbYoD[ApSu.sQog e\VsMLv[a8HtATDsObeLDlbVo 7ra5ts oK(QSIekoet*-CnKe4
1873
A^ghjK\ tR8us:jfsp_oulYj,<H\Nll,IQgBL=sKMl2kQqifm;,Gj0SitM+l6EhjX`DghGs.U>fLtheAsm\rba^duYxstra4(r]rbYoD[ApSu.sQog e\VsMLv[a8HtATDsObeLDlbVo 7ra5ts oK(QSIekoet*-CnKe4
1874
A^ghjK\ tR8us:jfsp_oulYj,<H\Nll,IPgBL=sKMl2kRqifm;,Gj0SitM+l6EhjX`DghGs.U>fLtheAsl\rba^duZxssra4(r]rbYoD[ApSu.sQog e\VsMLv[a8HtATDsObeLDlbVo 7ra5ts oK(QSIekoet*-CnKe4
1875
A^ghjK\ tR8us:jfsp_oulYj,<H\Nll,IPgCL=sKMl2kRqifm;,Gj0SitM+l6EhjX`DghGs.U>fLtheAsl\rba^duZxssra4(r]rbYoD[ApSu/sQog e\VsMLv[a8HtATDsObeLDlbVo 7ra5ts oK(QSIekoet*-CnKe4
1876
A^ghjK\ tR8us:jfsp_oulYj,<H\Nll,IPgCL=sKMl2kRqifm;,Gj0SitM+l6EhjX`DghGs.U>fLtheAsl\rba^duZxssra4(r]rbYoD[ApSu/sRog e\VsMLv[a8HtATDsObeLDlbVo 7ra5ts oK(QSIekoet*-CnKe4
1877
A^ghjK\ tR8us:jfsp_oulYj,<H\Nll,IPgCL=sKMl2kRrifm;,Gj0SitM+l6EhjX`DghGs.U>fLtheAsl\rba^duZxssra4(r]rbYoD[ApSu/sRog e\VsMLv[a8HtATDsObeLDlbVo 7ra5ts oK(QSIekoet*-CnKe4
1878
A^ghjK\ tR8us:jfsp_oulYj,<H\Nll,IPgCL=sKMl2kRrifm;,Gj0SitM+l6EhjX`DghHs.U>fLtheAsl\rba^duZxssra4(r]rbYoD[ApSu/sRog e\VsMLv[a8HtATDsObeLDlbVo 7ra5ts oK(QSIekoet*-CnKd4
1879
A^ghjK\ tR8us:jfsp`oulYj,<H\Nlk,IPgCL=sKMl2kRqifm;,Gj0SitM+l6EhjX`DghGs.U>fKtheAsl[rba^duZxssra4(r]rbYoD[ApSu/sQog e\VsMLv[a8HtATDsObeLDlbVo 7ra5ts oK(QSIekoet*-CnKe4
1880
A^ghjK\ tR8us:jfsp`oulYj,<H\Nlk,IPgCL=sKMl2kRqifm;,Gj0SitM+l6EhjX`DghGs.U>fKtheAsl[rba^duZxssra4(r]rbYoD[ApSu/sQog e\VsMLv[a8HtATDsObeLDlbVo 7ra5ts oK(QSIekoet*-CnKe4
1881
A^ghjK\ tR8us:jfsp`oulYj,<H\Nlk,IPgCL=sKMl2kRqifm;,Gj0SitM+l6EhjX`DghGs.U>fKtheAsl[rba^duZxssra4(r]rbYoD[ApSu/sQog e\VsMLv[a8HtATDsObeLDlbVo 7ra5ts oK(QSIekoet*-CnKe4
1882
A^ghjK\ tR8us:jfsp`oulYj,<H\Nlk,IPgCL=sKMl2kRqifm;,Gj0SitM+l6EhjX`DghGs.U>fKtheAsl[rba^duZxssra4(r]rbZoD[ApSu/sQog e\VsMLv[a8HtATDsObeLDlbVo 7ra5ts oK(QSIekoet*-CnKe4
1883
A^ghjK\ tR8us:jfsp`oulYj,<H\Nlk,IPgCL=sKMl2kRqifm;,Gj0SitM+l6EhjX`DghGs.U>fKtheAsl[rba^duZxssra4(r]rbZoD[ApSu/sQog e\VsMLv[a8HtATDsObeLDlbVo 7ra5ts oK(QSIekoet*-CnKe4
1884
A^ghjK\ tR8us:jfsp`oulYj,<H\Nlk,IPgCL=sKMl2kRqifm;,Gj0SitM+l6EhjX`DghGs.U>fKtheAsl[rba_duZxssra4)r]rbZoD[ApSu/sQog e\VsMLv[a8HtATDsObeLDlbVo 7ra5ts oK(QSIekoet*-CnKe4
1885
A^ghjK\ tR8us:jfsp`oulYj,<H\Nlk,IPgCL=sKMl2kRqifm;,Gj0SitM+l6EhjX`DghGs.U>fKtheAsl[rba_duZxssra4)r]rbZoD[ApSu/sQog e\VsMLv[a8HtATDsObeLDlbVo 7ra5ts oK(QSIekoet*-CnKe4
1886
A^ghjK\ tR8us:jfsp`oulYj,<H\Nlk,IPgCL=sKMl2kRqifm;,Gj0SitM+l6EhjX`DghGs.U>fKtheAsl[rba_duZxssra4)r]rbZoD[ApSu/sQog e\VsMLv[a8HtATDsObeLDlbVo 7ra5ts oK(QSIekoet*-CnKe4
1887
A^ghjK\ tR8us:jfsp`oulYj,<H\Nlk,IPgCL=sKMl2kRqifm;,Gj0SitM+l6EhjX`DghGs.U>fKtheAsl[rba_duZxssra4)r]rbZoD[ApSu/sQog e\VsMLv[a8HtATDsObeLDlbVo 7ra5ts oK(QSIekoet*-CnKe4
1888
A^ghjK\ tR8us:jfsp`oulYj,<H\Nlk,IPgCL=sKMl2kRqifm;,Gj0SitM+l6EhjX`DghGs.U>fKtheAsl[rba_duZxssra4)r]rbZoD[ApSu/sQog e\VsMLv[a8HtATDsObeLDlbVo 7ra5ts oK(QSIejoet*-CnKe4
1889
A^ghjK\ tR8us:jfsp`oulYj,<H\Nlk,IPgCL=sKMl2kRqifm;,Gj0SitM+l6EhjX`DghGs.T>fKthe@sl[rba_duZxssra4)r]qbZoD[ApSu/sQog e\VsMLv[a8HtATDsObeLDlbVo 7ra5ts oK(QSIekoet*-CnKe4
1890
A^ghjK\ tR8us:jesp`oulYj,<H\Nlk,IPgCL=sKMl2kRqifm;,Fj0SitM+l6EhjX`EghGs.U>fKtheAsl[rba_duZxssra4)r]rbZoD[ApSu/sQog e\VsMLv[a8HtATDsObeLDlbVo 7ra5ts oK(QSIejoet*-CnKe4
1891
A^ghjK\ tR8us:jesp`oulYj,<H\Nlk,IPgCL=sKMl2kRqifm;,Fj0SitM+l6EhjX`EghGs.U>fKtheAsl[rba_duZxssra4)r]rbZoD[ApSu/sQog e\VsMLv[a8HtATDsObeLDlbVo 7ra5ts oK(QSIejoet*-CnKe4
1892
A^ghjK\ tR8us:jfsp`oulYj,<H\Olk,IPgCL=sKNl2kRqiem;,Gj0ShtM+l6EhjX`DghGs.U>fKtheAsl[rba_duZxssra4)r]rbZoD[ApSu/sQog e\VsMLv[a8HtATDsObeLDlbVo 7ra5ts oK'QSIekoet*-DnKe4
1893
A^ghjK\ tR8us:jfsp`oulYj,<H\Olk,IPgCL=sKNl2kRqiem;,Gj0ShtM+l6EhjX`DghGs.U>fKtheAsl[rba_duZxssra4)r]rbZoD[ApSu/sQog e\VsMLv[a8HtATDsObeLDlbVo 7ra5ts oK'QSIekoet*-DnKe4
1894
A^ghjK\ tR8us:jfsp`oulYj,<H\Olk,IPgCL=sKNl2kRqiem;,Gj0ShtM+l6EhjX`DghGs.U>fKtheAsl[rba_duZxssra4)r]rbZoD[ApSu/sQog e\VsMLv[a8HtATDsObeLDlbVo 7ra5ts oK'QSIekoet*-DnKe4
1895
A^ghjK\ tR8us:jfsp`oulYj,<H\Olk,IPgCL=sKNl2kRqiem;,Gj0ShtM+l6FhjX`DghGs.U>fKtheAsl[rba_duZxssra4)r]rbZoD[ApSt/sQog e\VsMLvZa8HtATDsObeLDlbVo 7ra5ts oK'QSIekoet*-DnKe4
1896
A^ghjK\ tR8us:jfsp`oulYj,<H\Olk,IPgCL=sKNl2kRqiem;,Gj0ShtM+l6FhjX`DghGs.U>fKtheAsl[rba_duZxssra4)r]rbZoD[ApSt/sQog e\VsMLvZa8HtATDsObeLDlbVo 7ra5ts oK'QSIekoet*-DnKe4
1897
A_ghjK\ tR8us:jfsp_oulYj,=H]Nll,IPgBL=sKMl2kRqifl;,Gj0SitM+l5EhjX`DghHs/T>fLtheAsm\rba^duYxstra4(r]raYoD[ApSu/sQog d\VsMLv[a9HtBTEsPbeLDlbVo 7ra5ts oK(QSIejoet*-DnKe4
1898
A_ghjK\ tR8us:jfsp_oulYj,=H]Nll,IPgBL=sKMl2kRqifl;,Gj0SitM+l5EhjX`DghHs/T>fLtheAsm\rba^duYxstra4(r]raYoD[ApSu/sQog d\VsMLv[a9HtBTEsPbeLDlbVo 7ra5ts oK(QSIejoet*-DnKe4
1899
A_ghjK\ tR8us:jfsp_oulYj,=H]Nll,IPgBL=sKMl2kRqifl;,Gj0SitM+l5EhjX`DghHs/T>fLtheAsm\rba^duYxstra4(r]raYoD[ApSu/sQog d\VsMLv[a9HtBTEsPbeLDlbVo 7ra5ts oK(QSIejoet*-DnKe4
1900
A_ghjK\ tR8us:jfsp_oulYj,=H]Nll,HPgBL=sKMl2kRqifl;,Gj0SitM+l5EhjX`DghHs/T>fLtheAsm\rba^duYxstra4(r]raYoD[ApSu/sQog d\VsMLv[a9HtBTEsPbeLDlbVo 7ra5ts oK(QSIejoet*-DnKe4
1901
A_ghjK\ tR8us:jfsp_oulYj,=H\Nll,IPgBL=sKMl2kRqifl;,Gj0SitM+k6EhjX`DghHs/T>fLtheAsm\rbb^duYxstra4(r]qbYoD[ApSu/sQog d\VsMLv[a9HtBTEsQbeLDlbVo 7ra5ts oK(QSIeknet*-DnKe4
1902
A_ghjK\ tR8us:jfsp_oulYj,=H\Nll,HPgBL=sKMl2kRqiel;,Gj0SitM+l5EhjX`DghHs/T>fLtheAsm\rba^duYxstra4(r]raYoD[ApSu/sQog d\VsMLv[a9HtBTEsPbeLDlbVo 7ra5ts oK(QSIejnet+-DnKe4
1903
A_ghjK\ tR8us:jfsp_oulYj,=H\Nll,HPgBL=sKMl2kRqiel;,Gj0SitM+l5EhjX`DghHs/T>fLtheAsm\rba^duYxstra4(r]raYoD[ApSu/sQog d\VsMLv[a9HtBTEsPbeLDlbVo 7ra5ts oK(QSIejnet+-DnKe4
1904
A_ghjK\ tR8us:jfsp_oulYj,=H\Nll,HPgBL=sKMl2kRqiel;,Gj0SitM+l5EhjX`DghHs/T>fLtheAsm\rba^duYxstra4(r]raYoD[ApSu/sQog d\VsMLv[a9HtBTEsPbeLDlbVo 7ra5ts oK(QSIejnet+-DnKe4
1905
A^ghjK\ tR8us:jesp_oulYj-=H\Nll,IPgBL=sKMl2kRqifl;,Gj0SitM+k6EhjX`DghHs/T>fLthe@sm\rbb^euYxstra4(r]qbYoD[ApSu/sQog d\VsMLv[a9HtBTEsQbeLDlbVo 7ra5ts oL(QSIeknet*-DnKe4
1906
A^ghjK\ tR8us:jesp_oulYj-=H\Nll,IPgBL=sKMl2kRqifl;,Gj0SitN+k6EhjX`DghHs/T>fLthe@sm\rbb^euYxstra4(r]qbYoD[ApSu/sQog d\VsMLv[a9HtBTEsQbeLDlbVo 7ra5ts oL(QSIeknet*-DnKe4
1907
A^ghjK\ tR8us:jesp_oulYj-=H\Nll,IPgBL=sKMl2kRqifl;,Gj0SitN+k6EhjX`DghHs/T>fLthe@sm\rbb^euYxstra4(r]qbYoD[ApSu/sQog d\VsMLv[a9HtBTEsQbeLDlbVo 7ra5ts oM(QSIeknet*-DnKe4
1908
A^ghjK\ tR8us:jesp_oulYj-=H\Nll,IPgBL=sKMl2kRqifl;,Gj0SitN+k6EhjX`DghHs/T>fLthe@sm\rbb^euYxstra4(r]qbYoD[ApSu/sQog d\VsMLv[a9HtBTEsQbeLDlbVo 7ra5ts oM(QSIeknet*-DnKe4
1909
A^ghjK\ tR8us:jfrp`oulYj,<H\Nlk-IPgCL=sLMl3kRqiem;,Gj0ShtM+l6EhjXaDghGs.U>fKthe?sm[rba_duZxssra5)r]r`ZoE[ApSu/sQog d\VsMLv[a8HtATDsObeLDlbVo 7ra5ts oK(QSIekoet*-CnKe4
1910
A^ghjK\ tR8us:jfrp`oulYj,<H\Nlk-IPgCL=sLMl3kRqiem;,Gj0ShtM+l6EhjXaDghGs.U>fKthe?sm[rba_duZxssra5)r]r`ZoE[ApSu/sQog d\VsMLv[a8HtATDsObeLDlbVo 7ra5ts oK(QSIekoet*-CnKe4
1911
A_fhjK\ tR8us:jfsp_oulYj,>H]Oll,HPgBL=sKMl2kRqifl;,Gj1SitM+l5EhjX`DghHs/T>fLtheAtm\rbb^duYxstra4(r]raYoD[ApTu/sQpg d\VsMLv[a9HtBTEsPbeLDlbVp 7ra5ts oK(QSIejoet*-EnKe4
1912
A_fhjK\ tR8us:jfsp_oulYj,>H]Oll,HPgBL=sKMl2kRqifl;,Gj1SitM+l5EhjX`DghHs/T>fLtheAtm\rbb^duYxstra4(r]raYoD[ApTu/sPpg d\VsMLv[a9HtBTEsPbeLDlbVp 7ra5ts oK(QSIejoet*-EnKe4
1913
A_ehjK] tR8us:jfsp_oulYj,=H\Nlk,HPgBL=sKMl2kRqiel;,Gj0SitM+m5EhjX`DghHs0T>fLtheAsm\rba^duYxstra4(r]raYoD[ApSu/sQog d\VsMLv[a9ItBTEsPbeLDlbVo 7rb5ts oK(QSIejnet+-DnKe4
1914
A_ehjK] tR8us:jfsp_oulYj,=H\Nlk,HPgBL=sKMl2kRqiel;,Gj0SitM+m5EhjX`DghHs0T>fLtheAsm\rba^duYxstra4(r]raYoD[ApSu/sQog d\VsMLv[a9ItBTEsPbeLDlbVo 7rb5ts oK(QSIejnet+-DnKe4
1915
A_fhjK] tR8us:jfsp_oulYj,=H\Nlk,HPgCL=sKMl2kRqiel;,Gj0SitM+m5EhjX`DghHs0T>fLtheAsm\rba^duYxstra4(r]raYoD[ApSu/sQog d\VsMLv[a9ItBTEsPbeLDlbVo 7rb5ts oL(QSIejnet+-DnKe4
1916
A_fhjK] tR8us:jfsp_oulYj,=H\Nlk,HPgCL=sKMl2kRqiel;,Gj0SitM+m5EhjX`DghHs0T>fLtheAsm\rba^duYxstra4(r]raYoD[ApSu/sQog d\VsMLv[a9ItBTEsPbeLDlbVo 7rb5ts oL(QSIejnet+-DnKe4
1917
A^ggjK\ tR8us:jfsp`oulZj,<H\Nlk,IPgCL=sLNl2kRqifm<,Gj1TitM*l6EhiX`DghGs.U>fJthe@sl[rca_duZxssra6)r]ra[oE\ApSu0sQog e\VsMLu[a9ItATDsObeLDlbVo 7ra6ts oK(QSIekoet*-CmKe4
1918
A^ghjL\ tR8us:kfspaoulZj,<G\Nlk,IPgCL=sLMl2kRqiem;,Gj0SitM,l6EhjXaDghGs.U>fKtheAsl\rba_cu[xssra4*r]rbZoD[ApSu/sQog e]WsLLv[a8HtATEsObeLDlbVo 7rb5ts oK(QTJekoet*.CnLe4
1919
A^ghjL\ tR8us:kfspaoulZj,<G\Nlk,IPgCL=sLMl2kRqiem;,Gj0SitM,l6EhjXaDghGs.U>fKtheAsl\rba_cu[xsrra4*r]rbZoD[ApSu/sQog e]WsLLv[a8HtATEsObeLDlbVo 7rb5ts oK(QTJekoet*.CnLe4
1920
A^ghjL\ tR8us:kfspaoulZj,<G\Nlk,IPgCL=sLMl2kRqiem;,Gj0SitM,l6EhjXaDghGs.U>fKtheAsl\rba_cu[xsrra4*r]rbZoD[ApSu/sQog e]WtLLv[a8HtATEsObeLDlbVo 7rb5ts oK(QTJekoet*.CnLe4
1921
A^ghjL\ tR8us:kfspaoulZj,<G\Nlk,IPgCL=sLMl2kRqiem<,Gj0SitM,l6EhjXaDghGs.U>fKtheAsl\rba_cu[xssra4*r^rbZoD[ApSu/sQog e^WsMLv[a8HtATDsObeLDlbVo 7rb5ts oK(QTJekoet*.CnLe4
1922
A^fhjK\ tR8us:jesp`oulYj,=H\Olk,IPgCM=sLNl2kRqifn;,Gi0SitM+l6EhiXaDghGs.U?fKthe?sl[rba_ctZxssra5)r]q`ZoF[ApSu/sQof e\VsMLv[a8HtATDsObeKDlbVp 7ra5ts oK(QSIekoet*-CnLe4
1923
A^fhjK\ tR8us:jesp`oulYj,=H\Olk,IPgCM=sLNl2kRqifn;,Gi0SitM+l6EhiXaDghGs.U?fKthe?sl[rba_ctZxssra5)r]q`ZoF[ApSu/sQof e\VsMLv[a8HtATDsObeKDlbVp 7ra5ts oK(QSIekoet*-CnLe4
1924
A^fhjK\ tR8us:jesp`oulYj,=H\Olk,IPgCM=sLNl2kRqifn;,Gi0SitM+l6EhiXaDghGs.U?fKthe?sl[rba_ctZxssra5)r]q`ZoF[ApSu/sQof e\VsMLv[a8HtATDsObeKDlbVp 8ra5ts oK(QSIekoet*-CnLe4
1925
A^fhjK\ tR8us:jesp`oulYj,=H\Olk,IPgCM=sLNl2kRqifn;,Gi0TitM+l6EhiXaDghGs.U?fKthe?sl[rba_ctZxssra5)r]q`ZoF[ApSu/sQof e\VsMLv[a8HtATDsObeKDlbVp 8ra5ts oK(QSIekoet*-CnLe4
1926
A^fhjK\ tR8us:jesp`oulYj,=H\Olk,IPgCM=sLNl2kRqifn;,Gi0TitM+l6EhiXaDghGs.U?fKthe?sl[rba_ctZxssra5)r]q`ZoF[ApSu/sQof e]VsMLv[a8HtATDsObeKDlbVp 8ra5ts oK(QSIekoet*-CnLe4
1927
A_fhjK\ tR8us:jesp`oulYi,=H\Olk,IPgCM=sLNl2kRqifn;,Gi0TitM+l6EhiXaDghGs.U?fKthe?sl[rba_ctZxssra5)r]q`ZoF[ApSu/sQof e]VsMLv[a8HtATDsObeKDlbVp 8ra5ts oK(QSIekoet*-CnLe4
1928
A_fhjK\ tR8us:jesp`oulYi,=H\Olk,IPgCM=sLNl2kRqifn;,Gi0TitM+l6EhiXaDghGs.U?fKthe?sl[rba_ctZxssra5)r]q`ZoF[ApSu/sQof e]VsMLv[a8HtATDsObeKDlbVp 8ra5ts oK(QSIekoet*-CnLe4
1929
A_fhjK\ tQ8us:jesp`oulYi,=H\Olk,IPgCM=sLNl2kRqifn;,Gi0TitM+l6EhiXaDghGs.U?fKthe?sl[rba_ctZxssra5)r]q`ZoF[ApSu/sQof e]VsMLv[a8HtATDsObeKDlbVp 8ra5ts oK(QSIekoet*-CnLe4
1930
A_fhjK\ tQ8us:jesp`oulYi,=H\Olk,IPgCM=sLNl2kRqifn;,Gi0TitM+l6EhiXaDghGs.U?fKthe?sl[rba_ctZxssra5)r]q`ZoF[ApSu/sQof e]VsMLv[a8HtATDsObeKDlbVp 8ra5ts oK(QSIekoet*-CnLe4
1931
A_fhjK\ tQ8us:jesp`oulYi,=H\Olk,IPgCM=sLNl2kRqifn;,Gi0TitM+l6EhiXaDghGs.U?fKthe?sl[rba_ctZyssra5)r]q`ZoF[ApSu/sQof e]VsMLv[a8HtATDsObeKDlbVp 8ra5ts oK(QSIekoet*-CnLe4
1932
A^fhjK\ tR8us:jfrp`oulYj,<H]Nlk-IPgCL=sLMl3kRqidm;,Gj1ShtM+l6EhjVaDghGs.U>fKthe>sm[rba_dt[xssra5*r]q`ZoE[ApSu/sQog d\VsMLv[b8HtBUDsObeKElbVo 7ra5ts oK(QSIeknet*-CnKe4
1933
A^fhjK\ tR8us:jfrp`oulYj,<H]Nlk-IPgCM=sLMl3kRqidm;,Gj1ShtM+l6EhjVaDghGs.U>fKthe>sm[rba_dt[xssra5*r]q`ZoE[ApSu/sQog d\VsMLv[b8HtBUDsObeKElbVo 7rb5ts oK(QSIeknet*-CnKe4
1934
A^fhjK\ tR8us:jfrp`oulYj,<H]Nlk-IPgCM=sLMl3kRqidm;,Gj1ShtM+l6EhjVaEghGs.U>fKthe>sm[rba_dt[xssra5*r]q`ZoE[ApSu/sQog d\VsMLv[b8HtBUDsObeKElbVo 7rb5ts oK(QSIeknet*-CnKe4
1935
A^fhjK\ tR8us:jfrp`oulYj,<H]Nlk-IPgCM=sLMl3kRqidm;,Gj1ShtM+l6EhjVaDghGs.U>fKthe>sm[rba_dt[xssra5*r]q`ZoE[ApSu/sQog d\VsMLv[b8HtBUDsObeKElbWo 7rb5ts oK(QSIeknet*-CnKe4
1936
A^fhjK\ tR8us:jfrp`oulYj,<H]Nlk-IPgCM=sLMl3kRqidm;,Gj1ShtM+l6EhjVaDghGs.U>fKthe>sm[rba_dt[xssra5*r]q`ZoE[ApSu/sQog d\VsMLv[b8HtBUDsObeKElbWo 7rb5ts oK(QSIeknet*-CnKe4
1937
A^fhjK\ tR8us:jfrp`oulYj,<H]Nlk-IPgCM=sLMl3kRqidm;,Gj1ShtM+l6EhjVaDghGs.U>fKthe>sm[rba_dt[xssra5*r]q`ZoE[ApSu/sQog d\VsMLv[b8HtBUDsObeKElbWo 7rb5ts oK(QSIeknet*-CnKe4
1938
A^fhjK\ tR8us:jfrp`oulYj,<H]Nlk-IPgCM=sLMl3kRqidm;,Fj2ShtM+l6EhjVaDghGs.U>fKthe>sm[rba_dt[xssra5*r]q`YoE[ApSu/sQog d\VsMLv[b8HtBUDsObeKElbWo 7rb5ts oK(QSIeknet*-CnKe4
1939
A_fhjK\ tS9us:jerp`oulZi,=H\Olk,IPhCM<sLNl2kRrifn;,Gi0TitM+l6EhhXaCghGs.U?gKthe?sl[rba_ctZxssra5*r]q`ZoF[ApSu/sQof e]VsMLv[a8HtATDsObeKDlbVp 8ra5ts oK(QSIekoet*-CnLe4
1940
A_fhjK\ tS9us:jerp`oulZi,=H\Olk,IPhCM<sLNl2kRrifn;,Gi0TitM+l6EhhXaCghGs.U?gKthe?sl[rba_ctZxssra5*r]q`ZoF[ApSu/sQof e]VsMLv[a8HtATDsObeKDlbVp 8ra5ts oK(QSIekoet*-CnLe4
1941
A_fhjK\ tS9us:jerp`oulZi,=H\Olk,IPhCM<sLNl2kRrifn;,Gi1TitM+l6EhhXaCghGs.U?gKthe?sl[rba_ctZxssra5*r]q`ZoF[ApSu/sQof e]VsMLv[a8HtATDsObeKDlbVp 8ra5ts oK(QSIekoet*-CnLe4
1942
A_fhjK\ tS9us:jerp`oulZi,=H\Olk,IPhCM<sLNl2kRrifn;,Hi0TitM+l6EhhXaCghGs.U@gKthe?sl[rba_ctZxssra5*r]q`ZoF[ApSu/sQof e]VsLLv[a8HtATDsObeKDlbVp 8ra5ts oK(QSIekoet*-CnLe4
1943
A_fhjK\ tS9us:jerp`oulZi,=H\Olk,IPhCM<sLNl2kRrifn;,Hi0TitM+l6EhhXaCghGs.U@gKthe?sl[rba_ctZxssra5*r]q`ZoF[ApSu/sQof e]VsLLv[a8HtATDsOceKDlbVp 8ra5ts oK(QSIekoet*-CnLe4
1944
A_fhjK\ tS9us:jerp`oulZi,=H\Olk,IQhCM<sLNl2kRrifn;,Hi0TitM+l6EhhXaCghGs.U@gKthe?sl[rba_ctZxssra5*r]q`ZoF[ApSu/sQof e]VsLLv[a8HtATDsOceKDlbVp 8ra5ss oK(QSIekoet*-CnLe4
1945
A^ehjL[ tR8us:jesp`oulYj,=H\Olk,IPgCM=sMNl3kRqifn;,Fi0UiuM+l6EhiXbDghGs/U?fJthe?sl[rba`ctZxssra6*r]q`ZoG[ApSu/sQof e\VsMLv[a8HtATDsOceKDlbVp 8ra6ts oK(QSIekoet*-CnLe4
1946
A_fhjK\ tS9us:jerp`oulZi,=H\Olj,IPhCM<sLNl2kRrifn;,Hi0TitM+l6EhhXaCghGs.U@gKthe>sl[rba_ctZxssra5*r]q`ZoF[ApSu/sQof e]VsLLv[a8HtATDsOceKDlbVp 8ra5ts oK(QSIekoet*-CnLe4
1947
A_fhjK\ tS9us:jerp`oulZi,=H\Olj,IPhCM<sLNl2kRrifn;,Hi0TitM+l6EhhXaCghGs.U@gKthe>sl[rba_ctZxssra5*r]q`ZoF[ApTu/sQof e]VsLLv[a8HtATDsOceKDlbVp 8ra5ts oK(QSIekoet*-CnLe4
1948
A_fhjK\ tS9us:jerp`oulZi,=H\Olj,IPhCM<sLNl2kRrifn;,Hi0TitM+l6EhhXaCghGs.U@gKthe>sl[rca_ctZxssra5*r]q`ZoF[ApTu/sQof e]VsLLv[a8HtATDsOceKDlbVp 8ra5ts oK(QSIekoet*-CnLe4
1949
A_fhjK\ tT9us:jerp`oulZi,=H\Olj,IPhCM<sLNl2kRrifn;,Hi0TitM+l6EhhXaCghGs.U@gKthe>sl[rca_ctZxssra5*r]q`ZoF[ApTu/sQof e]VsLLv[a8HtATDsOceKDlbVp 8ra5ts oK(QSIekoet*-CnLe4
1950
A_fhjK\ tT9us:jerp`oulZi,=H\Olj,IPhCM<sLNl2kRrifn;,Hi0TitM+l6FhhXaCghGs.U@gKthe>sl[rca_ctZxssra5*r]q`ZoF[ApTu/sQof e]VsLLv[a8HtATDsOceKDlbVp 8ra5ts oK(QSIekoet*-CnLe4
1951
A_fhjK\ tT9us:jerp`oulZi,=H\Olj,IPhCM<sLNl2kRrifn;,Hi0TitM+l6FhhXaCghGs.U@gKthe>sl[rca_ctZxssra5*r]q`ZoF[ApTu/sQof e]VsLLv[a8HtATDsOceKDlbVp 8ra5ts oK(QSIekpet*-CnLe4
1952
A_fhjK\ tS9us;jerp`oulZi,=H\Olk,IPhCM<sLNl2kRrifn;,Hi0TitM+l6EhhXaCghGs.U@gKthe>sl[rca_ctZxssra5*r]q`[oF[@pTu/sQof e]VsLLv[a8HtATDsOceKDlbVp 8ra5ts oK(QSIekoet*-CnLe4
1953
A_fhjK\ tS9us;jerp`oulZi,=H\Olk,IPhCM<sLNl2kRrifn;,Hi0TitM+l6EhhXaCghGs.U@gKthe>sl[rca_ctZxssra5*r]q`[oF[@pTu/sQof e]VsLLv[a8HtATDsOceKDlbVp 8ra5ts oK(QSIekoet*-CnLe4
1954
A^fhjK\ tR8us:jerpaoulYj,<H]Nlk-IPgCM=sLMl3kRqidm;,Gj1SgtM+l5EhjVaDghGs.U>fKthe>sm[rb``dt\xssra5*r]q`ZoE[ApSu/sOog d\VsMLvZb8ItCUDsObeKElbWo 7rb5ts oL(PTIeknet+-CnKe4
1955
A^fhjK\ tR8us:jerpaoulYj,<H]Nlk-IPgCM=sLMl3kRqidm;,Gj1SgtM+l5EhjVaDghGs.U>fKthe>sm[rb``dt\xssra5*r]q`ZoE[ApSu/sOog d\VsMLvZb8ItCUDsObeKElbWo 7rb5ts oL(PTIeknet+-CnKe4
1956
A^fhjK\ tR8us:jerpaoulYj,<H]Nlk-IPgCM=sLMl3kRqidm;,Gj1SgtM+l5EhjVaDghGs.U>fKthe>sm[rb``dt\xssra5*r]q`ZoE[ApSu/sOog d]VsMLvZb8ItCUDsObeKElbWo 7rb5ts oL(PTIeknet+-CnKe4
1957
A^fhjK\ tR8us:jerpaoulYj,<H]Nlk-IPgCM=sLMl3kRqidm;,Gj1SgtM+l5EhjVaDghGs.U>fKthe>sm[rb``dt\xssra5*r]q`ZoE[ApSu/sOog d]VsMLvZb8ItCUDsObeKElbWo 7rb5ts oL(PTIeknet+-CnKe4
1958
A^fhjK\ tR8us:jerpaoulYj,<H]Nlk-IPgCM=sLMl3kRqidl;,Gj1SgtM+l5EhjVaDghGs.U>fKthe=sn[rb``dt\xssra5*r]q`ZoE[ApSu/sOof d\VsMLvZb8ItCUDsObeKElbWo 7rb5ts oL(PTIeknet+-CnKe4
1959
A^fhjK\ tR8us:jerpaoulYj,<H]Nlk-IPgCM=sLMl3kRqidl;,Gj1SgtM+l5EhjVaDghGs.U>fKthe=sn[rb``dt\xssra5*r]q`ZoE[ApSu/sOof d\VsMLvZb8ItCUDsObeKElbWo 7rb5ts oL(PTIeknet+-CnKe4
1960
A^fhjK\ tR8us:jerpaoulYj,<H]Nlk-IPgCM=sLMl3kRqidl;,Gj1SgtM+l5EhjVaDghGs.U>fKthe=sn[rb``dt\xssra5*r]q`ZoE[ApSu/sOof d\VsMLvZb8ItCUDsObeKElbWo 7rb5ts oL(PTIeknet+-CnKe4
1961
A^fhjK\ tR8us:jerpaoulYj,<H]Nlj-IPgCM=sLMl3kRqidl;,Gj1SgtM+l5EhjVaDghGs.U>fKthe=sn[rb``dt\xssra5*r]q`ZoE[ApSu/sOof d\VsMLvZb8ItCUDsObeKElbWo 7rb5ts oL(PTIeknet+-CnKe4
1962
A^fhjK\ tR8us:jerpaoulYj,<H]Nlj-IPgCM=sLMl3kRqidl;,Gj1SgtM+l5EhjVaDghGs.U>fKthe=sn[rc``dt\xssra5*r]q`ZoE[ApSu/sOof d\VsMLvZb8ItCUDsObeKElbWo 7rb5ts oL(PTIeknet+-CnKe4
1963
A^fhjK\ tR8us:jerpaoulYj,<H]Nlj-IPgCM=sLMl3kRqidl;,Gj1SgtM+l5EhjVaDghGs.U>fKthe=sn[rc``dt\xssra5*r]q`ZoE[ApSu/sOof d\VsMLvZb8ItCUDsObeKElbWo 7rb5ts oL(PTIeknet+-CnKe4
1964
A^fhjK\ tS8us:jerpaoulYj,<H]Nlj-IPgCM=sLMl3kRqidl;,Gj1SgtM+l5EhjVaDghGs.U>fKthe=sn[rb``dt\xssra5*r]q`ZoE[ApSu/sOof d\WsMLvZb8ItCUDsObeKElbWo 7rb5ts oL(PTIeknet+-CnKe4
1965
A^fhjK\ tS8us:jerpaoulYj,<H]Nlj-IPgCM=sLMl3kRqidl;,Gj1SgtM+l5EhjVaDghGs.U>fKthe=sn[rb``dt\xssra5*r]q`ZoE[ApSu/sOof d\WsMLvZb8ItCUDsObeKElbWo 7rb5ts oL(PTIeknet+-CnKe4
1966
A^fhjK\ tR8us:jerpaoulYj,<H]Nlj-IPgCM=sLMl4kRqidl;,Gj1SgtM+l5EhjVaDghGr.U>fKthe=sn\rc``dt\xssra5*r]q`ZoE[ApSu/sOof d\VsMLvZb8ItCUDsObeKElbWo 7rb5ts oL(PTIeknet+-CnLe4
1967
A^fhjK\ tR8us:jerpaoulYj,<H]Nlj-IPgCM=sLMl4kRqidl;,Gj1SgtM+l5EhjVaDghGr.U>fKthe=sn\rc``dt\xssra5*r]q`ZoE[ApSu/sOof d\VsMLvZb8ItCUDsObeKElbWo 7rb5ts oL(PTIeknet+-CnLe4
1968
A_fhjK\ tT9us:jerp`nulZi,=H\Olj,IPhCM<sLNl2kRrifn;,Hi0TitM,l6FhhXaCghHs.U@gKthe>sl[rca_btZxsrra5*r]q`\nF[ApTu/sQof d]VsLLu[a8GuAUDsPceKDlbVp 8ra5ts oK(PSIekoet*-DnLe4
1969
A_fhjK\ tT9us:jerp`nulZi,=H\Olj,IPhCM<sLNl2kRrifn;,Hi0TitM,l6FhhXaCghHs.U@gKthe>sl[rca_btZxsrra5*r]q`\nF[ApTu/sQof d]VsLLu[a8GuAUDsPceKDlbVp 8ra5ts oK(PSIekoet*-DnLe4
1970
A^fhjK\ tR8us:jerpboulYj,<H]Nlk-IPgCM=sLMl3jRqidm;,Gj1SgtM+l4EhjVaDghGs.U>fJthe>sm[rb``du\yssra5*r]q`ZoE\ApSu/sOog d]VsMLvZa8ItCUDsObeKFlbWo 7rb5ts oN(PTIeknet+-CnKe4
1971
A^fhjK\ tR8us:jerpboulYj,<H]Nlk-IPgCM=sLMl3jRqidm;,Gj1SgtM+l4EhjVaDghGs.U>fJthe>sm[rb``du\yssra5*r]q`ZoE\ApSu/sOog d]VsMLvZa8ItCUDsObeKFlbWo 7rb5ts oN(PTIeknet+-CnKe4
1972
A^fhjK\ tR8us:jerpaoulYj,=H]Nlk-IPgCM=sLMl3kRqicm<,Gj1SgtM+l5EhjVaDghGs.U>fKthe>sm\rb``dt\xssra5*r]p`ZoE\ApSu/sOog d]VsMLv[b8ItCUDsObeKElbWo 7rb5ts oM(OTIeknet,-CnLe4
1973
A^fhjK\ tR8us:jerpaoulYj,=H]Nlk-IPgCM=sLMl3kRqicm<,Gj1SgtM+l5EhjVaDghGs.U>fKthe>sm\rb``dt\xssra5*r]p`ZoE\ApSu/sOog d]VsMLv[b8ItCUDsObeKElbWo 7rb5ts oM(OTIeknet,-CnLe4
1974
A^fhjK\ tR8us:jerpaoulYj,=H]Nlk-IPgCM=sLMl3kRqicm<,Gj1SgtM+l5EhjVaDghGs.U>fKthe>sm\rb``dt\xssra5*r]p`ZoE\ApSu/sOog d]VsMLv[b8ItCUDsObeKElbWo 7rb5ts oM(OTIeknet,-CnLe4
1975
A_fhjK\ tT9us:jerp`nulZi,=H\Olj,IPhCM<sLNl2kRrifn;,Hi0TitM,l6FhhXaCghHs.U@gKthe>sl\rca_btZxsrra5*r]q`\nF[ApTu/sQof d]WsLLu[a8GuAUDsPceKDlbVp 8ra6ts oK(OSIekoet*-DnLe4
1976
A^ehjK\ tR8us:jerpaoulYi,<H]Nlk-GPgDM=sLMl4kRqidm<,Gj1SgtM+l5EhjVbDghGs.T>fJthe>sm[rb``dt\xssra5*r]q`ZoE[ApSt/sOog d\VsMLvZb8ItCUDsObeKElbWo 7rb5ts oL'PTIeknet+-DnKe4
1977
A^fhjK\ tR8us:jerpaoulYj,=H]Nlk-IQgCM=sLMl3kRqicm<,Gj1SgtM+l5EhjVaDghGs.U>fKthe>sm\rb``dt\xssra5*r]p`ZoE\ApSu/sOog d]VsMLv[b8JtCUDsObeKElbWo 7rb5ts oM(OTIeknet,-CnLe4
1978
A^ehjK\ tR8us:jerpaotlYi,<H]Nlk-GPgDM=sLMl4kRqidm<,Gj1SgtM+l5EhjVbDghHs.T>fJthe>sm[rb``dt\xssra5*r]q`ZoE[ApSt/sOog d\VsMLvZb8ItCUDsObeKElbWo 7rb5ts oL'PTIeknet+-DnKe4
1979
A^fhjK\ tR8us:jerpaoulYj,=H]Nlj-IPgCM=sLMl3kRqicm<,Gj1SgtM+k5EhjVaDghGs.U>fKthe>sm\rb`adt\xssra5*r]p`ZoE\ApSu0sOog d]UsMLv[b8ItCUDsObeKElbWo 7rb5ts oM'OTIeknet,-CnLe4
1980
A^fhjK\ tR8us:jerpaoulYj,=H]Nlj-IPgCM=sLMl3kRqicm<,Gj1SgtM+k5EhjVaDghGs.U>fKthe>sm\rb`adt\xssra5*r]p`ZoE\ApSu0sOog d]UsMLv[b8ItCUDsObeKElbWo 7rb5ts oM'OTJeknet,-CnLe4
1981
A^fhjK\ tR8us:jerpaoulYj,=H]Nlj-IPgCM=sLMl3kRqicm<,Gj1SgtM+k5EhjVaDghGs.U>fKthe>sm\rb`adt\yssra5*r]p`ZoE\ApSu0sOog d]UsMLv[b8ItCUDsObeKElbWo 7rb5ts oM'OTJeknet,-CnLe4
1982
A^fhjK\ tR8us:jerpaoulYj,=H]Nlj-IPgCM=sLMl3kRqicm<,Gj1SgtM+k5EhjVaDghGs.U>fKthe>sm\rb`adt\yssra5*r]p`ZoE\ApSu0sOog d]UsMLv[b8ItCUDsObeKElbWo 7rb5ts oM'OTJeknes,-CnLe4
1983
A^fhjK\ tR8us:jerpaoulYj,=H]Nlj-IPgCM=sLMl3kRqicm<,Gj1SgtM+k5EhjVaDghHs.U>fKthe>sm\rb`adt\yssra5*r]p`ZoE\ApSu0sOog d]UsMLv[b8ItCUDsObeKElbWo 7rb5ts oM'OTJeknes,-CnLe4
1984
A^fhjK\ tR8us:jerpaoulYj,=H]Nlj-IPgCN=sLMl3kRqicm<,Gj1SgtM+k5EhjVaDghGs.U>fKthe>sm\rc`adt\yssra5*r]p`ZoE\ApSu0sOog d]UsMLv[b8ItCUDsObeKElbWo 7rb5ts oM'OTJeknes,-CnLe4
1985
A^fhjK\ tR8us:jerpaoulYj,=H]Nlj-IPgCN=sLMl3kRqicm<,Gj1SgtM+k5EhjVaDghGs.U>fKthe>sm\rc`adt\yssra5*r]p`ZoE\ApSu0sOog d]UsMLv[b8ItCUDsObeKElbWo 7rb5ts oM'OTJeknes,-CnLe4
1986
A^fhjK\ tR8us:jerpaoulYj,=H]Nlj-IPgCN=sLMl3kRqicm<,Gj1SgtM+k5EhjVaDghGs.U>fKthe>sm\rc`adt\yssra5*r]p`ZoE\ApSu0sOog d]UsMLv[b8ItCUDsObeKElbWo 7rb5ts oM'OTJeknes,-CnLe4
1987
A^fhjK\ tR8us:jerpaoulYj,=H]Nlj-IPgCN=sLMl3kRqicm<,Gj1SgtM+k5EhjVaDghGs.U>fKthe>sm\rc`adt\yssra5*r]p`ZoE\ApSu0sOog d]UsMLv[b8ItCUDsObeKElbWo 7rb5ts oM'OTJeknes,-CnLe4
1988
A^fhjK\ tR8us:jerpaoulYj,=H]Nlj-IPgCN=sLMl3jRqicm<,Gj1SgtM+k5EhjVaDghGs/U>fKthe>sm\rc`adt\yssra5*r]p`ZoE\ApSu0sOog d]UsMLv[b8ItCUDsObeKElbWo 7rb5ts oM'OTJeknes,-CnLe4
1989
A^fhjK\ tR8us:jerpaoulYj,=H]Nlj-IPgCN=sLMl3jRqicm<,Gj1SgtM+k5EhjVaDghGs/U>fKthe>sm\rc`adt\yssra5*r]p`ZoE\ApSu0sOog d]UsMLv[b8ItCUDsObeKElbWo 7rb5ts oM'OTJekmes,-CnLe4
1990
A^fhjK\ tR8us:jerpaoulYj,=H]Nlj-IPgCN=sLMl3jRqicm<,Gj1SgtM+k5EhjVaDghGs/U>fKthe>sm\rc`adt\yssra5*r]p`ZoE\ApSu0sOog d]UsMLv[b8ItCUDsObeKElbWo 7rb5ts oM'OTIekmes,-CnLe4
1991
A^fhjK\ tR8us:jerpaoulYj,=H\Nlj-IPgCN=sLMl3jRqicm<,Gj1SgtM+k5EhjVaDghGs/U>fKthe>sm\rc`adt\yssra5*r]p`ZoE\ApSu0sOog d]UsMLv[b8ItCUDsObeKElbWo 7rb5ts oM'OUJekmes,-CnLe4
1992
A^fhjK\ tR8us:jerpaoulYj,=H\Nlj-IPgCN<sLMl3jRqicm<,Gj1SgtM+k5EhjVaDghGs/U>fKthe>sm\rc`adt\yssra5*r]p`ZoE\ApSu0sOog d]UsMLv[b8ItCUDsObeKElbWo 7rb5ts oM'OUJekmes,-CnLe4
1993
A^fhjK\ tR8us:jerpaoulYj,=H\Nlj-IPgCN<sLMl3jRqicm<,Gj1SgtM+k5EhjVaDghGs/U>fKthe>sm\rc`adt\yssra5*r]p`ZoE\ApSu0sOog d]UsMLv[b8ItCUDsObeKElbWo 7rb5ts oM'OUJekmes,-CnLe4
1994
A^fhjK\ tR8us:jerpaoulYj,=H\Nlj-IPgCN<sLMl3jRqicm<,Gj1SftM+k5EhjVaDghGs/U>fKthe>sm\rc`adt\yssra5*r]p`ZoE\ApSu0sOog d]UsMLv[b8ItCUDsObeKElbWo 7rb5ts oM'OUJekmes,-CnLe4
1995
A^fhjK\ tR8us:jerpaoulYj,=H\Nlj-IPgCN<sLMl3jRqicm<,Gj1SftM+k5EhjVaDghGs/U>fKthe>sm\rc`adt\yssra5*r]p`ZoF\ApSu0sOog d]UsMLv[b8ItCUDsObeKElbWo 7rb5ts oM'OUJekmes,-CnLe4
1996
A^fhjK\ tR8us:jerpaoulYj,=H]Nli-IPgCN=sLMl3jRqicl<,Gj1SgtM+k5EhjVaDghGs.U>fKthe>sm\rc`ads\ytsra5*r]p`ZoE\ApSu0sOof d]UsMLv[b9ItCUDsObeKElbWo 7rc5ts oN'OTJeknes,.CnLe4
1997
A^fhjK\ tR8us:jerpaoulYj,=H]Oli-IPgCN=sLMl3jRqicl<,Gj1SgtM+k5EhjVaDghGs.U>fKthe>sm\rc`ads\ytsra5*r]p`ZoE\ApSu0sOof d]UsMLv[b9ItCUDsObeKElbWo 7rc5ts oN'OTJeknes,.CnLe4
1998
A^fhjK] tR8us:jerpaoulYj,=H]Oli-IPgCN=sLMl3jRqicl<,Gj1SgtM+k5EhjVaDghGs.U>fKthe>sm\rc`ads\ytsra5*r]p`ZoE\ApSu0sOof d]UsMLv[b9ItCUDsObeKElbWo 7rc5ts oN'OTJeknes,.CnLe4
1999
A^fhjK\ tR8us:jerpaoulYj,=H]Oli-IPgCN=sLMl3jRqicl<,Gj1SgtM+k5EhjVaDghGs.U>fKthe>sm]rc`ads\ytsra5*r]p`ZoE\ApSu0sOof d]UsMLv[b9ItCUDsObeKElbWo 7rc5ts oN'OTJeknes,.CnLe3
2000
A^fhjK\ tR8us:jerpaoulYj,=H]Oli-IPgCN=sLMl3jRqicl<,Gj1SgtM+k5EhjVaDghGs.U>fKthe>sm]rc`ads\ytsra5*r]p`ZoE\ApSu0sOof d]UsMLv[b9ItCUDsObeKElbWo 7rc5ts oN'OTJeknes,.CnLe3
2001
A^fhjK\ tR8us:jerpaoulYj,=H]Oli-IPhCN=sLMl3jRqicl<,Gj1SgtM+k5EhjVaDghGs.U>fKthe>sm]rc`ads\ytsra5*r]p`ZoE\ApSu0sOof d]UsMLv[b9ItCUDsObeKElbWo 7rc5ts oN'OTJeknes,.CnLe3
2002
A^fhjK\ tR8us:jerpaoulYj,=H]Oli-IPgCN=sLMl3jRqicl<,Gj1SgtM+k5EhjVaDghGs.U>fKthe>sm]rc`ads\ytsra5*r]p`ZoE\ApSu0sOof d]UsMLv[b9ItCUDsObeKElbXo 7rc5ts oN'OTJeknes,.CnLe3
2003
A^fhjK\ tR8us:jerpaoulYj,=H]Oli-IPgCN=sLMl3jRqicl<,Gj1SgtM+k5EhjVaDghGs.U>fKthe>sm]rc`ads\ytsra5*r]p`ZoE\ApSu0sOof d]UsMLv[b9ItCUDsObeKElbXo 7rc5ts oN'OTJeknes,.CnLe3
2004
A^fhjK\ tR8us:jerpaoulYj,=H]Oli-IPhCN=sLMl3jRqicl<,Gj1SgtM+k5EhjVaDghGs.U>fKthe>sm]rc`ads\ytsra5*r]p`ZoE\ApTu0sOog d]UsMLv[b9ItCUDsObeKElbWo 7rc5ts oN'OTJeknes,.CnLe3
2005
A^fhjK\ tR8us:jerpaoulYj,=H]Oli-IPhCN=sLMl3jRqicl<,Gj1SgtM+k5EhjVaDghGs.U>fKthe>sm]rc`ads\ytsra5*r]p`ZoE\ApTu0sOog d]UsMLv[b9JtDUDsObeKElbWo 7rc5ts oN'OTJeknes,.CnLe3
2006
A^fhjK\ tR8us:jerpaoulYj,=H^Oli-IPhCN=sLMl3jRqicl<,Gj1SgtM+k5EhjVaDghGs.U>fKthe>sm]rc`ads\ytsra5*r]p`ZoE\ApTu0sOog d]UsMLv[b9JtDUDsObeKElbWo 7rc5ts oN'OTJeknes,/CnLe3
2007
A^fhjK\ tR8us:jerpaoulYj,=H^Oli-IPhCN=sLMl3jRqicl<,Gj1SgtM+k5EhjVaDghGs.U>fKthe>sm]rc`ads\ytsra5*r]p`ZoE\ApTu0sOog d]UsMLv[b9JtDUDsObeKElbWo 7rc5ts oN'OTJeknes,/CnLe3
2008
A^fhjK\ tR8us:jerpaoulYj,=H^Oli-IPhCN=sLMl3jRqicl<,Gj1SgtM+k5EhjVaDghGs.U>fKthe>sm]rc`ads\ytsra5*r]p`ZoE\ApTu0sOog d]UsMLv[b9JtDUDsObeKElbWo 7rc5ts oN'OTJeknes,/CnLe3
2009
A^fhjK\ tR8us:jerpaoulYj,=H^Oli-IPhCN=sLMl3jRqicl<,Gj1SgtM+k5EhjVaDghGs.U>fKthe>sm]rc`ads\ytsra5*r]p`ZoE\ApTu0sOog d]UsMLu[b9JtDUDsNbeKElbWo 7rc5ts oN'OTJeknes,/CnLe3
2010
A_fhjK\ tR8us:jerpaoulYj,=H^Oli-IPhCN=sLMl3jRqicl<,Gj1SgtM+k5EhjVaDghGs.U>fKthe>sm]rc`ads\ytsra5*r]p`ZoE\ApTu0sOog d]UsMLu[b9JtDUDsNbeKElbWo 7rc5ts oN'OTJeknes,/CnLe3
2011
A_fhjK\ tR8us:jerpaoulYj,=H^Oli-IPhCN=sLMl3jRqicl<,Gj1SgtM+k5EhjVaDghGs.U>fKthe>sm]rc`ads\ytsra5*r]p`ZoE\ApTu0sOog d]UsMLu[b9JtDUDsNbeKElbWo 7rc5ts oN'OTJeknes,/CnLe3
2012
A^fhjK\ tR8us:jdrpaoulYj,=H^Oli-IPhCN=sLMl3jRqicl<,Gj1TgtM+k5EhjVaDghGs.U>fKthe>sm]rc`ads\ytsra5*r]p`ZoE\ApUt0sPog d]UsMLv[b9JtDUDsObeKElbWo 7rc5ts oN'OTJeknes,/CnLe3
2013
A^fhjK\ tR8us:jdrpaoulYj,=H^Oli-IPhCN=sLMl3jRqicl<,Gi1TgtM+k5EhjVaDghGs.U>fKthe>sm]rc`ads\ytsra5*r]p`ZoE\ApUt0sPog d]UsMLv[b9JtDUDsObeKElbXo 7rc5ts oN'OTJeknes,/CnLe3
2014
A^fhjK\ tR8us:jdrpaoulYj,=H^Oli-IPhCN=sLMl3jRqicl<,Gi1TgtM+k5EhjVaDghGs.U>fKthe>sm]rc`ads\ytsra5*r]p`ZoE\ApUt0sPog d]UsMLv[b9JtDUDsObeKElbXo 7rc5ts oN'OTJeknes,/CnLe3
2015
A^fhjK\ tR8us:jdrpaoulYj,=H^Oli-IPhCN=sLMl3jRqicl<,Gi1TgtM+k5EhjVaDghGs.U>fKthe>sm]rc`ads\ytsra5*r]p`ZoE\ApUt0sPog d]UsMLv[b9JtDUDsObeKElbXo 7rc5ts oN'OTJeknes,/CnLe3
2016
A^fhjK\ tR8us:jdrpaoulYj,=H^Oli-IPhCN=sLMl3jRqicl<,Gi1TgtM+k5EhjVaDghGs.U>fKthe>sm]rc`ads\ytsra5*r]p`ZoE\ApUt0sPog d]UsMLv[b9JtDUDsObeKElbXo 7rc5ts oN'OTJeknes,/CnLe3
2017
A^fhjK\ tR8us:jdrpaoulYj,=H^Oli-IPhCN=sLMl3jRqicl<,Gi1TgtM+k5EhjVaDghGs.U>fKthe>sm]rc`ads\ytsra5*r]p`ZoE\ApUt0sPog d]UsMLv[b9JtDUDsObeKElbXo 7rc5ts oN'OTJeknes,/CnLe3
2018
A^fhjK\ tS8us:jdrpaoulYj,=H^Oli-IPhCN=sLMl3jRqicl<,Gi1TgtM+k5EhjVaDghGs.U>fKthe>sm]rc`ads\ytsra5*r]p`ZoE\ApUt0sPog d]UsMLv[b9JtDUDsObeKElbXo 7rc5ts oN'OTJeknes,/CnLe3
2019
A^fhjK\ tS8us:jdrpaoulYj,=H^Oli-IPhCN=sLMl3jRqicl<,Gi1TgtM+k5EhjVaDghGs.U>fKthe>sm]rc`ads\ytsra5*r]p`ZoE\ApUt0sPog d]UsMLv[b9JtDUDsObeKElbXo 7rc5ts oN'OTJeknes,/CnLe3
2020
A^fhjK\ tS8us:jdrpaoulYj,=H^Oli-IPhCN=sLMl3jRqicl<,Gi1TgtM+k5EhjVaDghGs.U>fKthe>sm]rc`ads\ytsra5*r]p`ZoE\ApUt0sPog d]UsMLv[b9JtDUDsObeKElbXo 7rc5ts oN'OTJeknes,/CnLe3
2021
A^fhjK\ tR9us:jerpaoulYj,=H^Oli-HPhDN=sLMl3jRqicl<,Gj1SgtM+k4EhjVaDghGs.U>fKuhe=sn]rc`ads\ytsra5*r]p`ZoE\@pTu0sNog d]UsMLv[b9JtEUDsObeKElbWo 7rc5ts oN'OTJeknes,/CnLe3
2022
A^fhjK\ tR9us:jerpaoulYj,=H^Oli-HPhDN=sLMl3jRqicl<,Gj1SgtM+k4EhjVaDghGs.U>fKuhe=sn]rc`ads\ytsra5*r]p`ZoE\@qTu0sNog d]UsMLv[b9JtEUDsObeJElbWo 7rc5ts oN'OTJeknes,/CnLe3
2023
A^fhjK\ tR9us:jerpaoulYj,=H^Oli-HPhDN=sLMl3jRqicl<,Gj1SgtM+k4EhjVaDghGs.U>fKuhe=sn]rc`ads\ytsra5*r]p`ZoE\@qTu0sNog d]UsMLv[b9JtEUDsObeJElbWo 7rc5ts oN'OTJeknes,/CnLe3
2024
A^fhjK\ tR9us:jerpaoulYj,=H^Oli-HPhDN=sLMl3jRqicl<,Gj1SgtM+k4EhjVaDghGs.U>fKuhe=sn]rc`ads\ytsra5*r]p`ZoE\@qTu0sNog d]UsMLv[b9JtEUDsObeIElbWo 7rd5ts oN'OTJeknes,/CnLe3
2025
A^fhjK\ tR9us:jerpaoulYj,=H^Oli-HPhDN=sLMl3jRqicl<,Gj1SgtM+k4EhjVaDghGs.U>fKuhe=sn]rc`ads\ytsra5*r]p`ZoE\@qTu0sNog d]UsMLv[b9JtEUDsObeIElbWo 7rd5ts oN'OTJeknes,/CnLe3
2026
A^fhjK\ tR9us:jerpaoulYj,=H^Oli-HPhDN=sLMl3jRqicl<,Gj1SgtM+k4EhjVaDghGs.U>fKuhe=sn]rc`ads\ytsra5*r]p`ZoE\@qTu0sNog d]UsMLv[b9JtEUDsObeIElbWo 7rd5ts oN'OTJeknes,/CnLe3
2027
A^fhjK\ tR9us:jerpaoulYj,=H^Oli-HPhDN=sLMl3jRqicl<,Gj1SgtM+k4EhjVaDghGs.U>fKuhe=sn]rc`ads\ytsra5*r]p`ZoE\@qTu0sNog d]UsMLv[b9JtEUDsObeIElbWo 7rd5ts oN'OTJeknes,/CnLe3
2028
A^fhjK\ tR9us:jerpaoulYj,=H^Oli-HPhDN=sLMl3jRqibl<,Gj1SgtM,k4EhkVaDghGs.U>fKuhe=sn]rc`ads\ytsra5*r]p`ZoE\@pTu0sNog d]UsMLv[b9JtEUDsPbeKElbWo 7rd5ts oN'OTJeknes,/CnLe3
2029
A^fhjK\ tR9us:jerpaoulYj,=H^Oli-HPhDN=sLMl3jRqicl<,Gj1SgtM+k4EhjUaDghGs.U>fKuhe=sn]rc`ads\ytsra5*r]p`ZoE\@qTu0sNog d]UsMLv[b9JtEUDsObeIElbWo 7rd5ts oN'OTJekner,/CnLe3
2030
A^fhjK\ tR9us:jerpaoulYj,=H^Oli-HPhDN=sMMl3jRqicl<,Gj1SgtM+k4EhjUaDghGs.U>fKuhe=sn]rc`ads\ytsra6*r]p`ZoE\@qTu0sNog d]UsMLv[b9JtEUDsObeIElbWo 7rd5ts oN'OTJekner,/CnLe3
2031
A^fhjK\ tR9us:jerpaoulYj,=H^Oli-HPhDN=sMMl3jRqicl<,Gj1SgtM+k4EhjUaDghGs.U>fKuhe=sn]rc`ads\ytsra6*r]p`ZoE\@qTu0sNog d]UsMLv[b9JtEUDsObeIElbWo 7rd5ts oN'OTJekner,0CnLe3
2032
A^fhjK\ tR9us:jerpaoulYj,=H^Oli-HPhDN=sMMl3jRqicl<,Gj1SgtM+k4EhjUaDghGs.U>fKuhe=sn]rc`ads\ytsra6*r]p`ZoE\@qTu0sNog d]UsMLv[b9JtEUDsObeHElbWo 7rd5ts oN'OTJekner,0CnLe3
2033
A^fhjK\ tR9us:jerpaoulYj,=H^Oli-HPhDN=sMMl3jRqicl<,Gj1SgtM+k4EhjUaDghGs.U>fKuhe=sn]rc`ads\ytsra6*r]p`ZoE\@qTu0sNog d]UsMLv[b9JtEUDsObeHElbWo 7rd5ts oN'OTJekner,0CnLe3
2034
A^fhjK\ tR9us:jerpaoukYj,=H^Oli-HPhDN=sMMl3jRqicl<,Gj1SgtM+k4EhjUaDghGs.U>fKuhe=sn]rc`ads\ytsra6*r]p`ZoE]@pTu0sNog d]UsMLv[b9JtEUDsObeIElbWo 7rd5ts oN'MTJekner,0CnLe3
2035
A^fhjK\ tR9us:jerpaoukYj,=H^Oli-HPhDN=sMMl3jRqicl<,Gj1SgtM+k4EhjUaDghGs.U>fKuhe=sn]rc`ads\ytsra6*r]p`ZoE]@pTu0sNog d]UsMLv[b9JtEUDsObeIElbWo 7rd5ts oN'MTKekner,0CnLe3
2036
A^fhjK\ tR9us:jerpaoukYj,=H^Oli-HPhDN=sMMl3jRqicl<,Gj1SgtM+k4EhjUaDghGs.U>fKuhe=sn]rc`ads\ytsra6*r]p`ZoE]@pTu0sNog d]UsMLv[b9JtEUDsObeIElbWo 7rd5ts oO'MTKekner,0CnLe3
2037
A^fhjK\ tR9us:jerpaoukYj,=H^Oli-HPhDN=sMMl3jRqicl<,Gj1SgtM+k4EhjUaDghGs.U>fKuhe=so]rc`ads\ytsra6*r]p`ZoE]@pTu0sNog d]UsMLv[b9JtEUDsObeIElbWo 7rd5ts oO'MTKekner,0CnLe3
2038
A^fhjK\ tR9us:jerpaoukYj,=H^Oli-HPhDN=sMMl3jRqicl<,Gj1SgtM+k4EhjUaDghGs.U>fKuhe=so]rc`ads\ytsra6*r]p`ZoE]@pTu0sNog d]UsMLv[b9JtEUDsObeIElbWo 7rd5ts oO'MTKekner,0CnLe3
2039
A^fhjK\ tR9us:jerpaoukYj,=H^Oli-HPhDN=sMMl3jRqicl<,Gj1SgtM+k4EhjUaDghGs.U>fKuhe=so]rc`ads\ytsra6*r]p`ZoE]@pTu0sNog d]UsMLv[b9JtEUDsObeIElbWo 7rd5ts oO'MTKekner,0CnLe3
2040
A^fhjK\ tR:us:jerpaoukYj,=H^Oli-HPiDN=sMMl3jRqicl<,Gj1SgtM+k4EhjUaDghGs.U>fKuhe=so]rc`ads\ytsra6*r]p`ZoE]@pTu0sNog d]UsMLv[b9JtEUDsObeIElaWo 7rd5ts oO'MTKekner,0CnLe3
2041
A^fhjK\ tR:us:jerpaoukYj,=H^Oli-HPiDN=sMMl3jRqicl<,Gj1SgtM+k4EhjUaDghGs.U>fKuhe=so]rc`ads\ytsra6*r]p`ZoE]@pTu0sNog d]UsMLv[b9JtEUDsObeIElaWo 7rd5ts oO'MTKekner,0CnLe3
2042
A^fhjK\ tR:us:jerpaoukYj,=H^Oli-HPiDN=sMMl3jRqicl<,Gj1SgtM+k4EhjUaDghGs.U>fKuhe=so]rc`ads\ytsra6*r]p`ZoE]@pTu0sNog d]UsMLv[b9JtEUDsObeIElaWo 7rd5ts oO'MTKekner,0CnLe3
2043
A^fhjK\ tR:us:jdrpaoukYj,=H^Oli-HPiDN=sMMl3jRqicl<,Gj1SgtM+k4EhjUaDghGs.U>fKuhe=so]rc`ads\ytsra6*r]p`ZoE]@pTu0sNog d]UsMLv[b9JtEUDsObeIElaWo 7rd5ts oO'MTKekner,0CnLe3
2044
A^fhjK\ tR:us:jdrpaoukYj,=H^Oli-HPiDN=sMMl3jRqicl<,Gj1SgtM+k4EhjUaDghGs.U>fKthe=so]rc`ads\ytsra6*r]p`ZoE]@pTu0sNog d]UsMLv[b9JtEUDsObeIElaWo 7rd5ts oO'MTKekner,0CnLe3
2045
A^fhjK\ tR:us:jdrpaoukYj,=H^Oli-HPiDN=sMMl3jRqicl<,Gj1SgtM+k4FhjUaDghGs.U>fKthe=so]rc`ads\ytsra6*r]p`ZoE]@pTu0sNog d]UsMLv[b9JtEUDsObeIElaWo 7rd5ts oO'MTKekner,0CnLe3
2046
A^fhjK\ tR:us:jdrpaoukYj,=H^Oli-HPiDN=sMMl3jRqicl<,Gj1SgtM+k4FhjUaDghGs.U>fKthe=so]rc`ads\ytsra6*r]p`ZoE]@pTu0sNog d]UsMLv[b9JtEUDsObeIElaWo 7rd5ts oO'MTKekner,0CnLe3
2047
A^fhjK\ tR:us:jdrpaoukYj,=H^Oli-HPjDN=sMMl3jSqicl<,Gj1SgtM+k4EhjUaDghGs.U>fKuhe=so]rc`ads\ytsra6*r]p`ZoE]@pTu0sNog d]UsMLv[b9JtEUDsObeIElaWo 8rd5ts oO'MTKekner,0CnLe3
2048
A^fhjK\ tR:us:jdrpaoukYj,=H^Oli-HPjDN=sMMl3jSqicl<,Gj1SgtM+k4EhjUaDghGs.U>fKuhe=so]rc`ads\ytsra6*r]p`ZoE]@pTu0sNog d]UsMLv[b9JtEUDsPbeIElaWo 8rd5ts oO'MTKekner,0CnLe3
2049
A^fhjK\ tR:us:jdrpaoukYj,=H^Oli-HPjDN=sMMl3jSqicl<,Gj1SgtM+k4EhjUaDghGs.U>fKuhe=so]rc`ads\ytsra6*r]p`ZoE]@pTu0sNog d]UsMLv[b9JtEUDsPbeIElaWo 8rd5ts oO'MTKekner,0CnLe3
2050
A^fhjK\ tR:us:jdrpaoukZj,=H^Oli-HPiDN=sMMl3jRqicl<,Gj1SgtM+k4FhjUaDghGs.U>fKthe=so]rc`ads\ytsra6*r]p`ZoE]@pTu0sNog d]UsMLv[b9JtEUDsObeIElaWo 7rd5ts oO'MUKekner,0CnLe2
2051
A^fhjK\ tR:us:jdrpaoukZj,=H^Oli-HPiDN=sMMl3jRqicl<,Gj1SgtM+k4FhjUaDghGs.U>fKthe=so]rc`ads\ytsra6*r]p`ZoE]@pTu0sNog d]UsMLv[b9JtEUDsObeIElaWo 7rd5ts oO'MUKekner,0CnLe2
2052
A^fhjK\ tR:us:jdrpaoukZj,=H^Oli-HPiDO=sMMl3jRqicl<,Gj1SgtM+k4FhjUaDghGs.U>fKthe=so]rc`ads\ytsra6*r]p`ZoE]@pTu0sNog d]UsMLv[b9JtEUDsObeIElaWo 7rd5ts oO'MUKekner,0CnLe2
2053
A^fhjK\ tR;us:jdrpboukYj,=G^Oli-HPiDN=sMMl3iRqicl<,Gj1SgtM+k4FhjUaDghGs.U>fKthe=so]rc`ads\ytsra7*r]p`ZoE]@pTu0sNog d]UsMLv[b9JtEUDsObeIElaWo 7rd5ts oO'MTKekner,0CnLe3
2054
A^fhjK\ tR;us:jdrpboukYj,=G^Oli-HPiDN=sMMl3iRqicl<,Gj1SgtM+k4FhjUaDghGs.U>fKthe=so]rc`ads\ytsra7*r]p`ZoE]@pTu0sNog d]UsMLv[b9JtEUDsObeIElaWo 7rd5ts oO'MTKekner,0CnLe3
2055
A^fhjK\ tR;us:jdrpboukYj,=G^Oli-HPiDN=sMMl3iRqicl<,Gj1SgtM+k4FhjUaDghGs.U>fKthe=so]rc`ads\ytsra7*r]p`ZoE]@pTu0sNog d]UsMLv[b9JtEUDsObeIElaWo 7rd5ts oO'MTKekner,0CnLe3
2056
A^fgjK\ tR9us:jerpaoukYj,=H^Oli.HPhDN=sMMl3jRqicl<,Gi1SgtM+k3EhjUaDghGs/U>fKuhe=so]rc`ads\ytsra6*r]p`ZoE]@pTu1sNog d]UsMLv[b9JtEVDrObeIFlaWo 8re5ts oO'MTKekner,0CnLe3
2057
A^fhjK\ tR;us;jerpaoukYj-=H^Oli-HPiDN=sMMl3jRqicl<,Gj2SgtM+k4EhjUaDghGs.U?fKuhe=so]rd`acs\ytsra6*r]p`ZoE]@pTu0sNog d]UsMLv\b9JtEUDsObeIElaWo 7rd5ts oO'LTKekner+0CnLe2
2058
A^fgjK\ sR9us:jeqpaoulYj,=G^Oli.HPhDN=sMNl3jRqicl<,Gi1SgtM+k4EhjUaDghHs.U>fKuhe=so]rc`ads\ytsra6*r]p_[oF]@pTu0sNog d]UsMLv[b9JtEUDrObeIFlaWo 7rd5ts oO'MTKekner,0CnLe3
2059
A^fgjK\ sR9us:jeqpaoulYj,=G^Oli.HPhDN=sMNl4jRqicl<,Gi1SgtM+k4EhjUaEghHs.U>fKuhe=so]rc`ads\ytsra6*r]p_[oF]@pTu0sNog d]UsMLv[b9JtEUDrObeIFlaWo 7rd5ts oO'MTKekner,0CnLe3
2060
A^fgjK\ sR9us:jeqpaoulYj,=G^Oli.HPhDN=sMNl4jRqicl<,Gi1SgtM+k4EhjUaEghHs.U>fKuhe=so]rc`ads\ytsra6*r]p_[oF]@pTu0sNog d]UsMLv[b9JtEUDrObeIFlaWo 7rd5ts oO'MTKekner,0CnLe3
2061
A^fgjK\ sR9us:jeqpaoulYj,=G^Omi.HPhDN=sMNl4jRqicl<,Gi1SgtM+k4EhjUaEghHs.U>fKuhe=so]rc`ads\ytsra6*r]p_[oF]@pTu0sNog d]UsMLv[b9JtEUDrObeIFlaWo 7rd5ts oO'MTKekner,0CnLe3
2062
A^fhjK\ tR:us:kdrpaoukZj,=H^Pli-HPiDN=sMMl3jRricl<,Gj1SgtM+k4FhjUaDghGs.U>fKthe=sp]rc`ads\ytsra6*r]p`ZnE]@pTu0sNog d]UsMLv[b9JtEUDsObeIElaWp 7rd5ts oO'MUKekner,0CnLe2
2063
A^fhjK\ tR:us:jdrpaoukYj,=H_Oli-HQjEN=sMMl3jSqicm<,Gj1SgtM+k4EhjUaEghGs.U>fJuhe=so]rc`ads\ytsra6*r^p`ZoE]@pUu0sNog d]UsMLv[b9JtEUEsPbeIElaWo 8rd6ts oO'MTKekner,0CnLe3
2064
A^fhjK\ tR:us:jdrpaoukYj,=H_Oli-HQjEN=sMMl3jSqicm<,Gj1SgtM+k4EhjUaEghGs.U>fJuhe=so]rc`ads\ytsra6*r^p`ZoE]@pUu0sNog d]UsMLv[b9JtEUEsPbeIElaWo 8rd6ts oO'MTKekner,0CnLe3
2065
A^fhjK\ tR<us;kdrpaoukYj-=H^Oli-HPiDN=sMMl3jRqicl<,Gj2SgtM+k4EhjUbDghGs.U?fKuhe=so]rd`acs\ytsra6*r^p`ZoE]@pTu1sNog d]UsMLv\b9JtEUDsObeIElaWo 7rd5ts oO'LTKekner+0CnLe2
2066
A^fhjK\ tR<us;kdrpaoukYj-=H^Oli-HPiDN=sMMl3jRqicl<,Gj2SgtM+k4EhjUbDghGs.U?fKuhe=so]rd`acs\ytsra6*r^p`ZoE]@pTu1sNog d]UsMLv\b9JtEUDsObeIElaWo 7rd5ts oO'LTKekner+0CnLe2
2067
A^fhjK\ tR<us;kdrpaoukYj-=H^Oli-HPiDN=sMMl3jRqicl<,Gj2SgtM+k4EhjUbDghGs.U?fKuhe=so]rd`acs\ytsra6*r^p`ZoE]@pTu1sNog d]UsMLv\b9JtEUDsObeIElaWo 7rd5ts oO'LTKekner+0CnLe2
2068
A^fhjK\ tR<us;kdrpaoukYj-=H^Oli-HPiDN=sMMl3jRqicl<,Gj2SgtM+k4EhjUbDghGs.U?fKuhe=so]rd`acs\ytsra6*r^p`ZoE]@pTu1sNog d]UsMLv\b9JtEUDsObeIElaWo 7rd5ts oO'LTKekner+0CnLe2
2069
A^fgjK\ sR9us:keqpaoulYj,>G^Oli.HPhDN=sMNl3jRqicl<,Gi1SgtM+k4EhjUbDghHs.U>fKuhe=so]rd`ads\yssra6*r]o_[oF]?pTu0sNog d]UsMLv[b9JuEUDrObeIFlaWo 7rd5ts oP'MTKeknes,1CnLe3
2070
A^fgjK\ sR9us:keqpaoulYj,>G^Oli.HPhDN=sMNl3jRqicl<,Gi1SgtM+k4EhjUbDghHs.U>fKuhe=so]rd`ads\yssra6*r]o_[oF]?pTu0sNog d]UsMLv[b9JuEUDrObeIFlaWo 7rd5ts oP'MTKeknes,2CnLe3
2071
A^fgjK\ sR9us:keqpaoulYj,>G^Oli.HPhDN=sMNl3jRqicl<,Gi1SgtM+k4EhjUbDghHs.U>fKuhe=so]rd`ads\yssra6*r]o_[oF]?pTu0sNog d]UsMLv[b9JuEUDrObeIFlaWo 7rd5ts oP'MTKeknes,2CnLe3
2072
A^fgjK\ sR9us:keqpaoulYj,>G^Oli.HPhDN=sMNl3jRqicl<,Gi1SgtM+k4EhjUbDghHs.U>fKuhe=so]rd`ads\yssra6*r]o_[oF]?pTu0sNog d]UsMLv[b9JuEUDrObeIFlaWo 7rd5ts oP'MTKeknes,2CnLe3
2073
A^fhjK\ tR<us;kdrpaoukZj-=H^Oli-HPiDN=sMMl3jRqicl<,Gj2SgtM+k4EhjUbDghGs.U?fKuhe=so]rd`acs\ytsra6*r^p`ZoF]?pTu1sNog d]VsMLv\b9JtEUDsObeIElaXo 7rd5ts oO'LTKekner+0CnLe2
2074
A^fhjK\ tR<us;kdrpaoukZj-=H^Oli-HPiDN=sMMl3jRqicl<,Gj2SgtM+k4EhjUbDghGs.U?fKuhe=so]rd`acs\ytsra6*r^p`ZoF]?pTu1sNog d]VsMLv\b9JtEUDsObeIElaXo 7rd5ts oO'LTKekner+0CnLe2
2075
A^fhjK\ tR<us;kdrpaoukZj-=H^Oli-HPiDN=sMMl3jRqicl<,Gj2SgtM+k4EhjUbDghGs.U?fKuhe=so]rd`acs\ytsra6*r^p`ZoF]?pTu1sNog d]VsMLv\b9JtEUDsObeIElaXo 7rd5ts oO'LTKekner+0CnLe2
2076
A^fgjK\ sR9us:keqpaoulZj,>G^Oli.HPhDN=sMNl3jRqicl<,Gi1SgtM+k4EhjUcDghHs.U>fKuhe=so]rd`ads\yssra6*r]o_[oF]?pTu0sNog d]UsMLv\b9JuEUDrObeIFlaWo 7rd5ts oP'MTKeknes,2CnLe3
2077
A^fgkK\ sR9us:keqpaoulYj,>G^Oli.HPhDN=sMNl3jRqicl<,Gi1SgtM+k4EhjUcDghHs.U>fKuhe=so]rd`ads]yssra6*r]o_[oF]?pTu0sNog d]UsMLv\b9JuEUDrObeIFlaWo 7rd5ts oP'MTKeknes,2CnLe3
2078
A^fgjK\ sR9us:keqpaoulZj,>G^Oli.HPhDN=sNNl3jRqicl<,Gi1SgtM+k4EhjUcDghHs.U>fKuhe=so]rdaads\yssra6*r]o_[oF]?pTu0sNog d]UsMLv\b9JuEUDrObeIFlaWo 7rd5ts oP'MTKeknes,2CnLe3
2079
A^fgkK\ sR9us:keqpaoulYj,>G^Oli.HPhDN=sMNl3jRqicl<,Gi1SgtM+k4EhjUcEghHs.U>fKuhe=so]rd`ads]ysrra6*r]o_[oF]?pTu0sNog d]UsMLv\b9JuEUDrObeIFlaWo 7rd5ts oP'MTKeknes,2CnLe3
2080
A^fgkK\ sR9us:keqpaoulYj,>G^Oli.HPhDN=sMNl3jRqicl<,Gi1SgtM+k4EhjUcEghHs.U>fKuhe=so]rd`ads]ysrra6*r]o_[oF]?pTu0sNog d]UsMLv\b9JuEUDrObeIFlaWo 7rd5ts oP'MTKeknes,2CnLe3
2081
A^fgjK\ sR9us:keqpaoulYj,>G^Oli.HPhEN<sMNl3jRqicl<,Gh1SgtM+k4FhjVbDghHs.U>fKuhe=so]rd`ads\yssra6*r]o^[oF]>pTu0sNog d]UsLLv[b9JuEVDrObeIFlaWo 7rd5ts oP'MTKeknes,2CnLe3
2082
A^fgjL\ sR9us:keqpaoulYj,>G^Oli.HPhEN<sMNl3jRqicl<,Gh1SgtM+k4FhjVbDghHs.U>fKuhe=so]rd`ads\ystra6*r]o^[oF]>pTu0sNog d]UsLLv[b9JuEVDrObeIFlaWo 7rd5ts oP'MTKeknes,2CnLe3
2083
A^fgjL\ sR9us:keqpaoulYj,>G^Oli.HPhEN<sMNl3jRqicl<,Gh1SgtM+k4FhjVbDghHs.U>fKuhe=so]rd`ads\ystra6*r]o^[oF]>pTu0sNog d]UsLLv[b9JuEVDrObeIFlaWo 7rd5ts oP'MTKeknes,2CnLe3
2084
A^fgkK\ sR9us:keqpaoulYj,>G^Oli.HPhDN=sMNl3jRricl<,Gi1SgtM+k4EhjUcEghHs.U>fKuhe=so]rd`ads]ysrra6*r]o_[oF]?pTu1sNog d]UsMLv\b9JuEUDrObeIFlaWo 7rd5ts oP'MTKeknes,2CnLe3
2085
A^fgkK\ sR9us:keqpaotlYj,>G^Oli.HPhDN=sMNl3jRricl<,Gi1SgtM+k4EhjUcEghHs.U>fKuhe=so]rd`ads]ysrra6*r]o_[oF]?pTu1sNog d]UsMLv\b9JuEUDrObeIFlaWo 7rd5ts oP'MTKeknes,2CnLe3
2086
A^fgkK\ sR9us:keqpaotlYj,>G^Oli.HPhDN=sMNl3jRricl<,Fi1SgtM+k4EhjUcEghHs.U>fKuhe=so]rd`ads]ysrra6*r]o_[oF]?pTu1sNog d]UsMLv\b9JuEUDrObeIFlaWo 7rd5ts oP'MUKeknes,2CnLe3
2087
A^fhjK\ tS<us;ldqpaoulZj->H^Oli-HPiDN=sMMl4jSqicl<,Gj2SgtM+k4EhjUbDghGs.U?fKuhe=so]rd`acs\ytsra8*r^p`ZoF]?pTu1sNog d]VsMLv\b9JtFUDsObeIElaWo 7rd6ts oO'LTKekner+0CnLd2
2088
A^fhjK\ tS<us;ldqpaoulZj->H^Oli-HPiDN=sMMl4jSqicl<,Gj2SgtM+k4EhjUbDghGs.U?fKuhe=so]rd`acs\ytsra8*r^p`ZoF]?pTu1sNog d]VsLLv\b9JtFUDsObeIElaWo 7rd6ts oO'LSKekner+0CnLd2
2089
A^fgkK\ sR9us:kerpaotlYj,>G^Oli.HPhDN=sMNl3jRricl<,Fi1SgtM+k4EhjUcEghHs.U>fKthe=so]rd`ads]ysrra6*r]o_[oF]?pTu1sNog d]UsMLv\b9JuEUDrObeIFlaWo 7rd5ts oP'MUKeknes,2DnLe3
2090
A^fgkK\ sR9us:kerpaotlYj,>G^Oli.HPhDN=sMNl3jRricl<,Fi1SgtM+k4EhjUcEghHs.U>fKthe=so]rd`ads]ysrra6*r]o_[oF]?pTu1sNog d]UsMLv\b9JuEUDrObeIFlaWo 7rd5ts oP'MUKeknes,2DnLe3
2091
A^fgkK\ sR9us:kerpaotlYj,>G^Oli.HPhDN=sMNl3jRricl<,Fi1SgtM+k4EhjUcEghHs.U>fKthe=so]rd`ads]ysrra6*r]o_[oF]?pTu1sNog d]UsMLv\b9JuEUDrObeIFlaWo 7re5ts oP'MUKeknes,2DnLe3
2092
A^fgkK\ sR9us:kerpaotlYj,>G^Oli.HPhDN=sMNl3jRricl<,Fi1SgtM+k4EhjUcEghHs.U>fKthe=so]rd`ads]ysrra6*r]o_\oF]?pTu1sNog d]UsMLv\b9JuEUDrObeIFlaWo 7re5ts oP'MUKeknes,2DnLe3
2093
A^fgkK\ sR9us:kerpaotlYj,>G^Oli.HPhDN=sMOl3jRricl<,Fi1SgtM+k4EhjUcEghHs.U>fKthe=so]rd`ads]ysrra6*r]o_\oF]?pTu1sNog d]UsMLv\b9JuEUDrObeIFlaWo 7re5ts oP'MUKeknes,2DnLe3
2094
A^fgkK\ sR9us:kerpaotlYj,>G^Oli.HPhDN=sMOl3jRricl<,Fi1SgtM+k4EhjUcEghHs.U>fKthe=so]rd`ads]ysrra6*r]o_\oF]?pTu1sNog d]UsMLv\b9JuEUDrObeIFlaWo 7re5ts oP'MUKeknes,2DnLe3
2095
A^fgkK\ sR9us:kerpaotlYj,>G^Oli.HPhDN=sMOl3jRricl<,Fi1SgtM+k4EhjUcEghHs.U>fKthe=so]rd`ads]ysrra6*r]o_\oF]?pTu1sNog d]UsMLv\b9JuEUDrObeIFlaWo 7re5ts oP'MUKeknes,2DnLe3
2096
A^fgkK\ sR9us:kerpaotlYj,>G^Oli.HPhDN=sMOl3jRricl<,Fi1SgtM+k4EhjUcEghHs.U>fKthe=so]rd`ads]ysrra6*r]o_\oF]?pTu1sNog d]UsMLv\b9JuEUDrObeIFlaWo 7re5ts oP'MUKejnes,2DnLe3
2097
A^fhkK] tS<us;ldqpaoulZj->H^Oli-HPiDN=sMMl4jSqicl<,Gj2SgtM+k4EhjUbDghGs.U?fKthe=so]rd`abs\ytsra8*r^p`ZoF]?pTu1sNog d]VsLLv\b9JtFUDsObeIElaWo 7rd6ts oO&LSKekner+0CnLd1
2098
A^fhkK] tS<us;ldqpaoulZj->H^Oli-HPiDN=sMMl4jSqicl<,Gj2SgtM+k4EhjUbDghGs.U?fKthe=so]rd`abs\ytsra8*r^p`ZoF]?pTu1sNog d]VsLLv\b9JtFUDsObeIElaWo 7rd6ts oO&LSKekner+0CnLd1
2099
A^fgkK\ sR9us:kerpaotlYj,>G^Oli.HPhDN=sMNl3jRricl<,Fi1SgtM+k4EhjUcEghHs.U>fKthe=so]rd`ads^ysrra6*r]n^[oF]?pTu1sNog d]VsMLv\b9JuEUDrObeIFlaWo 7re5ts oP'LUKeknes,2DnLe3
2100
A^fgkK\ sR9us:keqpaotlYj->G^Oli.HPhDN=sMNl2jSricl<,Fi1SgtN+k4EhjUcEghHs.U>fKuhe=so]rd`ads]ysrra7*r]o_[oF]=pTu1sNog d]UsMLv\b9JtEUDrObeIFlaWo 7rd5ts oP'MUKekner,2CnMe3
2101
A^fgkK\ sR9us:kerpaotlYj,>G^Oli/HPhDN=sMOl3jSrick<,Fi1SgtM+k4EhjUcEghHs.U>fKthe=so]rdaads]ysrra6*r]o_\oF]>pTu1sNog d]UsMLv\b9JuEUDrObeIFlaWo 7re5ts oP'MUKeknes,2DnLe3
2102
A^fgkK\ sR9us:kerpaotlYj,>G^Oli/HPhDN=sMOl3jSrick<,Fi1SgtM+k4EhjUcEghHs.U>fKthe=so]rdaads]ysrra6*r]o_\oF]>pTu1sNog d]UsMLv\b9JuEUDrObeIFlaWo 7re5ts oP'MUKeknes-2DnLe3
2103
A^fhjK] tS<us;ldqpaoulZj->H^Oli-HPiDO=sMMl4iSqicl<,Gj2SgtM+k4EhjUbDghGs.U?fKthe=so]re`abs\ytsra8*r^p`ZoF]?pTu1sNog d]VsLLv\b9JtGUDsObeIElaWo 7rd6ts oP'LSKekner+1CnLd0
2104
A^fhjK] tS<us;ldqpaoulZj->H^Oli-HPiDO=sMMl4iSqicl<,Gj2SgtM+k4EhjUbDghGs.U?fKthe=so]re`abs\ytsra8*r^p`ZoF]?pTu1sNog d]VsLLv\b9JtGUDsObeIElaWo 7rd6ts oP'LSKekner+1CnLd0
2105
A^fhjK] tS<us;ldqpaoulZj->H^Oli-HPiDO=sMMl4iSqicl<,Gj2SgtM+k4EhjUbDghGs.U?fKthe=so]re`abs\ytsra8*r^p`ZoF]?pTu1sNog d]VsLLv\b9JtGUDsObeIElaWo 7rd6ts oP'LSKekner+1CnLd0
2106
A^fhjK^ tS<us;ldqpaoulZj->H^Oli-HPiDO=sMMl4iSqicl<,Gj2SgtM+k4EhjUbDghGs.U?fKthe=so]re`abs\ytsra8*r^p`ZoF]?pTu1sNog d]VsLLv\b9JtGUDsObeIElaWo 7rd6ts oP'LSKekner+1CnLd0
2107
A^fhjK^ tS<us;ldqpaoulZj->H^Oli-HPiDO=sMMl4iSqicl<,Gj2SgtM+k4EhjUbDghGs.U?fKthe=so]re`abs\ytsra8*r^p`ZoF]?pTu1sNog d]VsLLv\b9JtGUDsObeIElaWo 7rd6ts oP'LSKekner+1CnLd0
2108
A^fhjK^ tS<us;ldqpaoulZj->H^Oli-HPiDO=sMMl4iSqicl<,Gj2SgtM+k4EhjUbDghGs.U?fKthe=so]re`abs\ytsra8*r^p`ZoF]?pTu1sNog d]VsLLv\b9JtGUDsObeIElaWo 7rd6ts oP'LSKekner+1CnLd0
2109
A^fhjK^ tS<us;ldqpaoulZj->H^Oli-HPiDO=sMMl4iSqicl<,Gj2SftM+k4EhjUbDghGs.U?fKthe=so]re`abs\ytsra8*r^p`ZoF]?pTu1sNog d]VsLLv\b9JtGUDsObeIElaWo 7rd6ts oP'LSKekner+1CnLd0
2110
A^fhjK^ tS<us;ldqpaoulZj->H^Oli-HPiDO=sMMl4iSqicl<,Gj2SftM+k4EhjUbDghGs.U?fKthe=so]re`abs\ytsra8*r^p`ZoF]?pTu1sNog d]VsLLv\b9JtGUDsObeIElaWo 7rd6ts oP'LSKekner+1CnLd0
2111
A^fgkK\ sR9us:lerpaotlYj,>G^Oli.HPhDN=sMOl3jRricj<,Fi1SgtM+k4EhjUcFghHs/U>fKthe=so]rdaads]ysrra6*r]o_\oF]>pTu1sNog d]VsMLv\b9JuEUDrObeIFlaWp 7re5ts oP'MUKekner,2DnLe3
2112
A^fgkK\ sR9us:lerpaotlYj,>G^Oli.HPhDN=sMOl3jRricj<,Fi1SgtM+k4EhjUcFghHs/U>fKthe=so]rdaads]ysrra6*r]o_\oF]>pTu1sNog d]VsMLv\b9JuEUDrObeIFlaWp 7re5ts oP'MUKekner,2DnLe3
2113
A^fgkK\ sR9us:lerpaotlYj,>G^Oli.HPhDN=sMOl3jRricj<,Fi1SgtM+k4EhjUcFghHs/U>fKthe=so]rdaads]ysrra6*r]o_\oF^>pTu1sNog d]VsMLv\b9JuEUDrObeIFlaWp 7re5ts oP'MUKekner,2DnLe3
2114
A^fgkK\ sR9us:lerpaotlYj,>G^Oli.HPhDN=sMOl3jRricj<,Fi1SgtM+k4EhjUcFghHs/U>fKthe=so]rdaads]ysrra6*r]o_\oF^>pTu1sNog d]VsMLv\b9JuEUDrObeIFlaWp 7re5ts oP'MUKekner,2EnLe3
2115
A^fgkK\ sR9us:lerpaotlYj,>G^Oli.HPhDN=sMOl3jRricj<,Fi1SgtM+k4EhjUcFghHs/U>fKthe=so]rdaads]ysrra6*r]o_\oF^>pTu1sNog d]VsMLv\b9JuEUDrObeIFlaWp 7re5ts oP'MUKekner,2EnLe3
2116
A^fhjK] tT<us;ldqpaoulZj->H^Oli-HPiDN=sMMl4iSricl<,Fj2SgtM+j4EhjUcDghGs.U@fKthe=so]rd`abs\ytsra8*r^p`ZoF]?pTu1sMog d]WsLLu\b9JtGUDsObeIElaWo 7rd6ts oO'LSKekner+0DnLd0
2117
A^fhjK] tT<us;ldqpaoulZj->H^Oli-HPiDN=sMMl4iSricl<,Fj2SgtM+j4EhjUcDghGs.U@fKthe=so]rd`abs\ytsra8*r^p`ZoF]?pTu1sMog d]WsLLu\b9JtGUDsObeIElaWo 7rd6ts oO'LSKekner+0DnLd0
2118
A^fhjK^ tS<us;ldqpaoulZj->H^Oli-HQiDO=sMMk4iSqicl=,Gj2SgtL+k4EhjUcDghGs.U?fKthe=so]re`abs]ytsra8*r^p`ZoF^?pTu1sNog d]VsLLv\b:JtGUDsObeIElaWo 7rd6ts oP&LSKekmer+1CnLd0
2119
A^fhjK^ tT<us;ldqpaoulZj->H`Oli-HPiDO=sMMl4iSqicl<,Gj2SgtM+k4EhjUcDghGs.U?fKthe=sp]qe`abs\ysqra8*r^p`ZoF]?pTu1sNog d]VsLLv\b9JtGUDsObeIElaWo 7rd6ts oP'LSKfkneq+1CnLd0
2120
A^fgkK\ sR9us:kerpbotlYj,>G^Oli/HPhDN=sMNl3jRricl<,Fi2SftM+k4EhiUcEghIs.U>fKthe=so]rd`ads_ysrra6*r]n^\oF]?pTu1sMog d]VsMLv\b9JuEUDrObeHFlaWo 7re5ts oP'LULejmes,2DnLe3
2121
A^fgkK\ sR9us:kerpbotlYj,>G^Oli/HPhDN=sMNl3jRricl<,Fi2SftM+k4EhiUcEghIs.U>fJthe=so]rd`ads_ysrra6*r]n^\oF]?pTu1sMog d]VsMLv\b9JuFUDrObeHFlaWo 7re5ts oP'LULejmes,2DnLe3
2122
A^fgkK\ sR9us:kerpbotlYj,>G^Oli/HPhDN=sMNl3jRricl<,Fi2SftM+k4EhiUcEghIs.U>fJthe=so]rd`ads_ysrra6*r]n^\oF]?pTu1sMog d]VsMLv\b9JuFUDrObeHFlaWo 7re5ts oP'LULejmes,2DnLe3
2123
A^fgkK\ sR9us:kerpbotlYj,>G^Oli/HPhDN=sMNl3jRricl<,Fi2SftM+k4EhiUcEghIs.U>fJthe=so]sd`ads_ysrra6*r]n^\oF]?pTu1sMog d]VsMLv\b9JuFUDrObeHFlaWo 7re5ts oP'LULejmes,2DnLe3
2124
A^fhjK] tT<us;ldqpaoulZj->H^Pli-HPjDO=sMMl4jSribl<,Fj2SgtM+j4EhjTbDghGs.U?fKthe=so]rd`abs\ytsra8+r^p`ZoG]?pTu1rMof d]WsLLv^b9JtGUDsObeIElaWo 7rd6ts oO'LSKekner+0DnLd0
2125
A^fhjK] tT<us;ldqpaoulZj->H_Oli-HPiDN=sMMl4iSricl<,Fj2SgtM+j4EhjUcEghGs.T@fKthe=so]rd`abs\ytsra8*r^p`ZoG]>pTu1sMog d]WsLLt\b9JtGUDsObeIElaWo 7rd6ts oO'LSKekner+0DnLd0
2126
A^fhjK] tT<us;ldqpaoulZj->H_Oli-HPiDN=sMMl4iSricl<,Fj2SgtM+j4EhjUcEghGs.T@fKthe=so]rd`abs\ytsra8*r^p`ZoG]>pTu1sMog d]WsLLt\b9JtGUDsObeIElaWo 7rd6ts oO'LSKekner+0DnLd0
2127
A^fhjK] tT<us;ldqpaoulZj->H_Oli-HPiDN=sMMl4iSricl<,Fj2SgtM+j4EhjUcEghGs.T@fKthe=so]rd`abs\ytsra8*r^p`ZoG]>pTu1sMog d]WsLLt\b9JtGUDsObeIElaWp 7rd6ts oO'LSKekner+0DnLd0
2128
A^fhjK] tT<us;ldqpaoulZj->H_Oli-HPiDN=sMMl4iSricl<,Fj2SgtM+j4EhjUcEghGs.T@fKthe=so]rd`bbs\ytsra8*r^p`ZoG]>pTu1sMog d]WsLLt\b9JtGUDsObeIElaWp 7rd6ts oO'LSKekner+0DnLd0
2129
A^fhjK] tT<us;ldqpaoulZj->H_Oli-HPiDN=sMMl4iSricl<,Fj2SgtM+j4EhjUcEghGs.T@fKthe=so]rd`bbs\ytsra8*r^p`ZoG]>pTu1sMog d]WsLLt\b9JtGUDsObeIElaWp 7rd6ts oO'LSKekner+0DnLd0
2130
A_fhjL] tT<us;ldqpaoulZj->H_Oli-HPiDN=sMMl4iSricl<,Fj2SgtM+j4EhjUcEghGs.T@fKthe=so]rd`abs\ytsra8*r^p`ZoG]>pTu1sMog d]WsLLt\b9JtGUDsObeIElaWp 7rd6ts oO'LSKekner+0DnLd0
2131
A_fhjL] tT<us;ldqpaoulZj->H_Oli-HPiDN=sMMl4iSricl<,Fj2SgtM+j4EhjUcEghGs.T@fKthe=so]rd`abs\ytsra8*r^p`ZoG]>pTu1sMog d]WsLLt\b9JtGUDsObeIElaWp 7rd6ts oO'LSKekner+0DnLd0
2132
A^fhjK] tT<us;mdqpaoulZj->H_Oli-HPiDN=sMMl4iSricl<,Fj3SgtM+j4EhjUcEghGs.T@fJthe=so]rd`bbs\ytsra8+r^p`ZoG]>pTu1sMog d]WsLLt\b9JtGUDsObeIElaWp 7rd6ts oO'LSKekner+0DnLd0
2133
A^fhjK] tT<us;mdqpaoulZj->H_Oli-HPiDN=sMMl4iSricl<,Fj3SgtM+j4EhjUcEghGs.T@fJthe=so]rd`bbs\ytsra8+r^p`ZoG]>pTu1sMog d]WsLLt\b9JtGUDsObeIElaWp 7rd6ts oO'LSKekner+0DnLd0
2134
A^fhjK] tT<us;mdqpaoulZj->H_Oli-HPiDN=sMMl4iSricl<,Fj3SgtM+j4FhjUcEghGs.T@fJthe=so]rd`bbs\ytsra8+r^p`ZoG]>pTu1sMog d]WsLLt\b9JtGUDsObeIElaWp 7rd6ts oO'LSKekner+0DnLd0
2135
A^fhjK] tT<us;mdqpaoulZj->H_Oli-HPiDN=sMMl4iSricl<,Fj3SgtM+j4FhjUcEghGs.T@fJthe=so]rd`bbs\ytsra8+r^p`ZoG]>pTu1sMog d]WsLLt\b9JtGUDsObeIElaWp 7rd6ts oO'LSKekner+0DnLd0
2136
A^fhjK] tT<us;mdqpaoulZj->H_Oli-HPiDN=sMMl4iSricl<,Fj3SgtM+j4FhjUcEghGs.T@fJthe=so]rd`bbs\ytsra8+r^p`ZoG]>pTu1sMog d]WsLLt\b9JtHUDsObeIElaWp 7rd6ts oO'LSKekner+0DnLd0
2137
A^fhjK] tT<us;mdqpaoulZj->H_Oli-HPiDN=sMMl4iSricl<,Fj3SgtM+j4FhjUcEghGs.T@fJthe=so]rd`bbs\ytsra9+r^p`ZoG]>pTu1sMog d]WsLLt\b9JtHUDsObeIElaWp 7rd6ts oO'LSKekner+0DnLd0
2138
A^fhjK] tT<us;mdqpaoulZj->H_Oli-HPiDN=sMMl4iSricl<,Fj3SgtM+j4FhjUcEghGs.T@fJthe=so]rd`bbs\ytsra8+r^p`ZoG]>pTu1sMog d]WsLLt\b9JtHUDsObeIElaWp 7rd6ts oO'LSLekner+0EnLd0
2139
A^fhjK] tT<us;mdqpaoulZj->H_Oli-HPiDN=sMMl4iSricl<,Fj3SgtM+j4FhjUcEghGs.T@fJthe=so]rd`bbs\ytsra8+r^p`ZoG]>pTu1sMog d]WsLLt\b9JtHUDsObeIElaWp 7rd6ts oO'LSLekner+0EnLd0
2140
A^fhjK] tT<us;mdqpaoulZj->H_Oli-HPiDN=sMMl4iSricl<,Fj3SgtM+j4FhjUcEghGs.T@fJthe=so]rd`bbs\ytsra8+r^p`ZoG]>pTu1sMog d]WsLLt\b:JtHUDsObeIElaWp 7rd6ts oO'LSLekner+0EnLd0
2141
A^fhjK] tT<us;mdqpaoulZj->H_Oli-HPiDN=sMMl4iSricl<,Fj3SgtM+j4FhjUcEghGs.T@fJthe=so]rd`bbs\ytsra8+r^p`ZoG]>pTu1sMog d]WsLLt\b:JtHUDsObeIElaWp 7rd6ts oO'LSLekner+0EnLd0
2142
A^fhjK] tT<us;mdqpaoulZi->H_Oli-HPiDN=sMMl4iSricl<,Fj3SgtM+j4FhjUcEghGs.T@fJthe=so]rd`bbs\ytsra8+r^p`ZoG]>pTu1sMog d]WsLLt\b:JtHUDsObeIElaWp 7rd6ts oO'LSLekner+0EnLd0
2143
A^fhjK] tT<us;mdqpaoulZi->H_Oli-HPiDN=sMMl4iSricl<,Fj3SgtM+j4FhjUcEghGs.T@fJthe=so]rd`bbs\ytsra8+r^p`ZoG]>pTu1sMog d]WsLLt\b:JtHUDsObeIElaWp 7rd6ts oO'LSLekner+0EnLd0
2144
A^fhjK] tT<us;mdqpaoulZi->H_Oli-HPiDN=sMMl4iSricl<,Fj3SgtM+j4FhjUcEghGs.T@fJthe=so]rd`bbs\ytsra8+r^p`ZoG]>pUu1sMog d]WsLLt\b:JtHUDsObeIElaWp 7rd6ts oO'LSLekner+0EnLd0
2145
A^fhjK] tT<us;mdqpaoulZj->H_Oli-HPiDN=sMMl4iSricl<,Ej3SgtM+j4FhjUcEghGs/T@fJthe=so]rd`bbs\ytsra8+r^p`[oG]>pTu1sMog d]WsLLt\b9JtHUDsObeIElaWp 7rd6ts oO'LSLekner,0EnLd0
2146
A^fhjK] tT<us;mdqpaoulZj->H_Oli-HPiDN=sMMl4iSricl<,Ej3SgtM+j4FhjUcEghGs/T@fJthe=so]rd`bbs\ytsra8+r^p`[oG]>pTu1sMog d]WsLLt\b9JtHUDsObeIElaWp 7rd6ts oO'LSLekner,0EnLd0
2147
A^fhjK] tT<us;mdqpaoulZj->H_Oli-HPiDN=sMMl4iSricl<,Ej3SgtM+j4FhjUcEghGs/T@fJthe=so]rd`bbs\ytsra8+r^p`[oG]>pTu1sMog d]WsLLt\b9JtHUDsObeIElaWp 7rd6ts oP'LSLekner,0EnLd0
2148
A^fhjK] tT<us;mdqpaoulZj->H_Oli-HPiDN=sMMl4iSricl<,Ej3SgtM+j4FhjUcEghGs/T@fJthe=so]rd`bbs\ytsra8+r^p`[oG]>pTu1sMog d]WsLLt\b9JtHUDsObeIElaWp 7rd6ts oP'LSLekner,0EnLd0
2149
A^ffjK] tT<us;mdqpaoulZj->H_Oli-HPiDN=sMMl4iSricl<,Fj3TgtM+j4FhjUcEghGs.T@fJthe=so]rd`bbs\ytsra8+r^p`ZoG^>pTu1sMog d]WsLLt\b:JtHUDsObeIElaWp 8rd6us oO'LSLekmer+0EnLd0
2150
A^ffjK] tT<us;mdqpaoulZj->H_Oli-HPiDN=sMMl4iSricl<,Fj3TgtM+j4FhjUcEghGs.T@fJthe=so]rd`bbs\ytsra8,r^p`ZoG^>pTu1sMog d]WsLLt\b:JtHUDsObeIElaWp 8rd6us oO'LSLekmer+0EnLd0
2151
A^ffjK] tT<us;mdqpaoulZj->H_Oli-HPiDN=sMMl4iSricl<,Fj3TgtM+j4FhjUcEghGs.T@fJthe=so]rd`bbs\ytsra8,r^p`ZoG^>pTu1sMog d]WsLLt\b:JtHUDsObeIElaWp 8rd6us oO'LSLekmer+0EnLd0
2152
A^ffjK] tT<us;mdqpaoulZj->H_Oli-HPiDN=sMMl4iSricl<,Fj3TgtM+j4FhjUcEghGs.T@fJthe=so]rd`bbs\ytsra8,r^p`ZoG^>pTu1sMog d]WsLLt\b:JtHUDsObeIElaWp 8rd6us oO'LSLekmer+0EnLd0
2153
A^fgiK] tT<us;mdqpaoulZj->H_Oki-HQiDO=sMMl4iSrick<,Fj3SgtM+i4FhjUcEghGs.T@fJthe=so]rd`bbs\ytsra7+r^p`ZoG]>pTu1sLog d]WsLLt\b:JtHVDsObeIElaWp 7rd6ts oO&LSLekneq+0EnMd0
2154
A^fhiK] tT<us;mdqpaoulZj->H_Oki-HQiEO=sMMl4iSrick<,Fj3SgtM+i4FhjUcEghGs.T@fJthe=so^rd`bbs\ytsra7+r^p`ZnG]>pTu1sLog d]WsLLt\b:JtHVDsObeIElaWp 7rd6ts oO'LSLekner,0EnMd0
2155
A^fhiK] tT<us;mdqpaoulZj->H_Oki-HQiEO=sMMl4iSrick<,Fj3SgtM+i4FhjUcEghGs.T@fJthe=so^rd`bbs\ytsra7+r^p`ZnG]>pTu1sLog d]WsLLt\b:JtHVDsObeIElaWp 7rd6ts oO'LSLekner,0EnMd0
2156
A^fhiK] tT=us;mdqpaoulZj->H_Oki-HQiEO=sMMl4iSrick<,Fj3SgtM+i4FhjUcEghGs.T@fJthe=so^rd`bbs\ytsra7+r^p`ZnG]>pTu1sLog d]WsLLt\b:JtHVDsObeIElaWp 7rd6ts oO'LSLekner,0EnMd0
2157
A^fhiK] tT=us;mdqpaoulZj->H_Oki-HQiEO=sMMl4iSrick<,Fj3SgtM+i4FhjUcEghGs.T@fJthe=so^rd`bbs\ytsra7+r^p`ZnG]>pTu1sLof d]WsLLt\b:JtHVDsObeIElaWp 7rd6ts oO'LSLekner,0EnMd0
2158
A^fhiK] tT=us;mdqpaoulZj->H_Oki-HQiEO=sMMl4iSrick<,Fj3SgtM+i4FhjUcEghGs.T@fJthe=so^rd`bbs\ytsra7+r^p`ZnG]>pTu1sLof d]WsLLt\b:JtHVDsObeIElaWp 7rd6ts oO'LSLekner,0EnMd0
2159
A^fhiK] tT=us;mdqpaoulZj->H_Oki-HQiEO=sMMl4iSrick<,Fj3SgtM+i4FhjUcEghGs.T@fJthe=so^rd`bbs\ytsra7+r^p`ZnG]>pTu1sLof d]WsLLt\b:JtHVDsObeHElaWp 7rd6ts oO'LSLekner,0EnMd0
2160
A^fhiK] tT=us;mdqpaoulZj->H_Oki-HQiEO=sMMl4iSrick<,Fj3SgtM+i4FhjUcEghGs.T@fJthe=so^rd`bbs\ytsra7+r^p`ZnG]>pTu1sLof d]WsLLt\b:JtHVDsObeHElaWp 7rd6ts oO'LSLekner,0EnMd0
2161
A^fhiK] tT=us;mdqpaoulZj->H_Oki-HQiEO=sMMl4iSrick<,Fj3SgtM+i4FhjUcEghGs.T@fJthe=so^rd`bbs\ytsra7+r^p`ZnG]>pTu1sLof d]WsLLt\b:JtHVDsObeHElaWp 7rd6ts oO'LSLekner,0EnMd0
2162
A^fhiK] tT=us;mdqpaoulZj->H_Oki.HQiEO=sMMl4iSrick<,Fj3SgtM+i4FhjUcEghGs.T@fJthe=so^rd`bbs\ytsra7+r^p`ZnG]>pTu1sLof d]WsLLt\b:JtHVDsObeHElaWp 7rd6ts oO'LSMekner,0EnMd0
2163
A_fhjK] tT<us;ndqpaotlZi->H_Oli-HOiDN=sMMl4iSricl<,Fj3SgtM+j4FhjUcEghGs.S@fJthe;so]rd`cbs\ytsra8+r^o`ZoG]>pTu1sMog d^WsLLt\b:JtHUDsObeIElaWr 7re6ts oO&LSLekner+0EnMd0
2164
A_fhjK] tT<us;ndqpaotlZi->H_Oli-HOiDN=sMMl4iSricl<,Fj3SgtM+j4FhjUcEghGs.S@fJthe;so]rd`cbs\ytsra8+r^o`ZoG]>pTu1sMog d^WsLLt\b:JtHUDsObeIElaWr 7re6ts oO&LSLekner+0EnMd0
2165
A^ffjL] tT=us;mdqpaoulZj->H_Oli-HPiDO=sNMl4iSricl<,Fi3TgtM+j4FhjUcEghGs.T@fJthe=so]rd`bbs\ytsra8,r^p`ZoH^>pTu1sMog d]WsLLt\b:JtHUDsPbeIElaWq 8rd6us oO'LSLekler+0EnLd0
2166
A_fhjK] tT<us;ndqpaotlZi->H_Oli-HOiDN=sMMl4iSricl<,Fj3SgtM+j4FhjUcEghGs.S@fJthe;so]rd`cbs\ytsra8+r^o`ZoG]>pTu1sMog d^WsLLt\a:JtHUDsObeIElaWr 7re6ts oO&LSLekner+0EnMd0
2167
A_fhjK] tT<us;ndqpaotlZi->H_Oli-HOiDN=sMMl4iSricl<,Fj3SgtM+j4FhjUcEghGs.S@fJthe;so]rd`cbs\ytsra8+r^o`ZoG]>pTu1sMog d^WsLLt\a:JtHUDsObeIElaWr 7re6ts oO&LSLekner+0EnMd0
2168
A_fhjK] tT<us;ndqpaotlZi->H_Oli-HOiDN=sMMl4iSricl<,Fj3SgtM+j4FhjUcFghGs.S@fJthe;so]rd`cbs\ytsra8+r^o`ZoG]>pTu1sMog d^WsLLt\a:JtHUDsObeIElaWr 7re6ts oO&LSLekner+0EnMd0
2169
A^ffjL] tT=us;mdqpaoulZj->H_Oli.HPiDN=sMMl4iSricl<,Fi3TgtM+j4FhjTcEghGs.T@fJthe=so]rd`bbs\ytsra8,r^p`ZoH^>pTu1sMog d]WsLLt\b:JtHUDsPbeHElaWq 8rd6us oO'LSLekler+0EnLd0
2170
A_fhjK] tT<us;ndqpaotlZi->H_Oli-HOiDN=sMMl4iSricl<,Fj3SgtM+i4FhjUcEghGs.S@fJthe;so]rd`cbs\ytsra8+r^o`ZoG]>pTu1sLog d^WsLLt\a:JtHUDsObeIElaWr 7re6ts oO&LSLekner+0EnMd0
2171
A_fhjK] tT<us;ndqpaotlZi->H_Oli-HOiDN=sMMl4iSricl<,Fj3SgtM+i4FhjUcEghGs.S@fJthe;so]rd`cbs\ytsra8+r^o`ZoG]>pTu1sLog d^WsLLt\a:JtHUDsObeIElaWr 7re6ts oO&LTLekner+0EnMd0
2172
A_fhjK] tT<us;ndqpaotlZi->H_Oli-HOiDN=sMMl4iSricl<,Fj3SgtM+i4FhjUcEghGs.S@fJthe;so]rd`cbs\ytsra8+r^o`ZoG]>pTu1sLog d_WsLLt\a:JtHUDsObeIElaWr 7re6ts oO&LTLekner+0EnMd0
2173
A_fhjK] tT<us;ndqpaotlZi->H_Oli-HOiDN=sMMl4iSricl<,Fj3SgtM+i4FhjUcEghGs.S@fJthf;so]rd`cbs\ytsra8+r^o`ZoG]>pTu1sLog d_WsLLt\a:JtHUDsObeIElaWr 7re6ts oO&LTLekner+0EnMd0
2174
A_fhjK] tT<us;ndqpaotlZi->H_Oli-HOiDN=sMMl4iSricl<,Fj3SgtM+i4FhjUcEghGs.S@fJthe;so]rd`cbs\ytsra8+r^o`ZoG]=pTu1sLog d^WsLLt\a:JtHUDsObeIElaWr 7re6ts oO&LTLekner+0EnMd0
2175
A^ffkL] tT=us<mdqpboulZj->H_Oli.HPiDN=sMMl3iSricl<,Fh3TgtM+j4FhjUcEghGs.T@fJthe=so]rd`bbs\ytsra9,r^p`ZoH^>pTu1sMog d]WsLLt\b:JtHUDsPbeIElaWq 8rd6us oO&LSLekler+0EnLd/
2176
A^ffjL] tT=us;mdqpaoulZj-?H_Oli-GPiDO=sNMl4iSrjcl<,Fi3TgtM+j3FhjUcEghHs.TAfIthe=so]rd`bbs\ytsra8,r^p`ZoH^>pTu1sMog d]WsLLt]b:JtHUDsPbeIElaWq 8rd6us oO'LSLekler+0EnLd0
2177
A^ffjL] tT=us;mdqpaoulZj-?H_Oli-GPiDO=sNMl4iSrjcl<,Fi3TgtM+j3FhjUcEghHs.TAfIthe=so]rd`bbs\ytsra8,r^p`ZoH^>pTu1sMog d]WsLLt]b:JtHUDsPbeIElaWq 8rd6us oO'LSLekler+0EnLd0
2178
A_fhjK] tT<us;ndppaotlZi-?H_Oli-HOiDN=sMMl4iSricl<,Fj3SgtM+i4FhjUcEghGs.S@fJthe;so]rd`cbs\ytsra8+r^o`ZoG]=pTu1sLog d^WsLLt\a:JtHVDsObeIElaWr 7re6ts oO&LTLekner+0EnMd0
2179
A_fhjK] tT<us;ndppaotlZi-?H_Oli-HOiDN=sMMl4iSricl<,Fj3SgtM+i4FhjUcEghGs.S@fJthe;so]rd`cbs\ytsra8+r^o`ZoG]=pTu1sLog d^WsLLt\a:JtHVDsObeIElaWr 7re6ts oO&LTLekner+0EnMd0
2180
A^fhiK] tT>us;mdqpaoulZj-=G_Oli.GQjEO=sMMl4iSribk<,Fj3SgtM,i4FhjUcEghGs.S@fJthe=so^rd`bbs\ytsra7+r^p`ZnG]>pUu1sLof d]WsLLs\b:JtHVDsObeHElaWp 7rd6ts oO'LSMejner,0EnMd0
2181
A_fhkK] tT<us;ndqpaotlZi->H_Omi-HOiDN=sMMl4iTrick<,Fj3SgtM+i4FhjTcEghGs.S@fJthe;so]rd`cbs\ytsra8+r^n`ZoG]>pTu1sLog d_WsLLt\a:JtHVDsOceIElaWr 7re6ts oO&LTLekner+0EnMd0
2182
A_fhkK] tT<us;ndppaotlZi->H_Omi-HOiDN=sMMl4iTrick<,Fj3SgtM+i4FhjTcEghGs.SAfJthe;so]rd`cbs\ytsra8+r^n`ZoG]>pTu1sLog d_WsLLt\a:JtHWDsOceIElaWr 7re6ts oO&LTLekner+0EnMd0
2183
A_fhkK] tT<us;ndppaotlZi->H_Omi-HOiDN=sMMl4iTrick<,Fj3SgtM+i4FhjTcEghGs.SAfJthe;so]rd`cbs\ytsra8+r^n`ZoG]>pTt1sLog d_WsLLt\a:JtHWDsOceIElaWr 7re6ts oO&LTLekner+0EnMd0
2184
A_fhkK] tT<us;ndppaotlZi->H_Omi-HOiDN=sMMl4iTrick<,Fj3SgtM+i4FhjTcEghGs.SAfJthe;so]rd`cbs\ytsra8+r^n`ZoG]>pTt1sLog d_WsLLt\a:JtHWDsOceIElaWr 7re6ts oO&LTLekner+0EnMd0
2185
A_fhkK] tT<us;ndppaotlZi->H_Omi-HOiDN=sMMl4iTrick<,Fj3SgtM+i4FhjTcEghGs.SAfJthe;so]rd`cbs\ytsra8+r^n`ZoG]>pTt1sLog d_WsLLt\a:JtHWDsOceIElaWr 7re6ts oO&LTLekner+0EnMd0
2186
A_fhkK] tT<us;ndppaotlZi->H_Omi-HOiDN=sMMl4iTrick<,Fj3SgtM+i4FhjTcEghGs.SAfJthe;so]rd`cbs\ytsra8+r^n`ZoG]>pTt1sLog d_WsLLt\a:JtHWDsOceIElaWr 7re6ts oO&LTLekner+0EnMd0
2187
A_fhkK] tT<us;ndppaotlZi->G_Omi-HOiDN=sMMl4iTrick<,Fj3SgtM+i4FhjTcEghGs.SAfJthe;so]rd`cbs\ytsra8+r^n`ZnG]>pTu1sLog d_WsLLt\a:JtHWDsOceIElaWr 7re6ts oO&LTLekner+0EnMd0
2188
A_fhkK] tT<us;ndppaotlZi->G_Omi-HOiDN=sMMl4iTrick<,Fj3SgtM+i4FhjTcEghGs.SAfIthe;so]rd`cbs\ytsra8+r^n`ZnG]>pTu1sLog d_WsLLt\a:JtHWDsOceIElaWr 7re6ts oO&LTLekner+0EnMd0
2189
A_fhkK] tT<us;ndppaotlZi->G_Omi-HOiDN=sMMl4iTrick<,Fj3SgtM+i4FhjTcEghGs.SAfIthe;so]rd`cbs\ytsra8+r^n`ZnG]>pTu1sLog d_WsLLt\a:JtHWDsOceIElaWr 7re6ts oO&LTLekner+0EnMd0
2190
A_fhkK] tT<us;ndppaotlZi->G_Omi-HOiDN=sMMl4iTribk<,Fj3SgtM+i4FhjTcEghGs.SAfJthe;so]rd`cbs\ytsra8+r^n`ZnG]>pTu1sLog d_WsLLt\a:JtHWDsOceIElaWr 7re6ts oO&LTLekner+0EnMd0
2191
A_fhkK] tT<us;ndppaotlZi->G_Omi-HOiDN=sMMl4iTribk<,Fj3SgtM+i4FhjTcEghGs.SAfJthe;so]rd`cbs\ytsra8+r^n`ZnG]>pTu1sLog d_WsLLt\a:JtHWDsOceIElaWr 7re6ts oO&LTLekner+0EnMd0
2192
A_fhkK] tT<us;ndppaotl[i->G_Omi-HOiDN=sMMl4iTrick<,Fj3SgtM+i4FhjTcEghGs.SAfJthe;so]rd`cbs\ytsra8+r^n`ZnH]>pTu1sLog d_WsLLt\a:JtHWDsOceIElaWr 7re6ts oO&LTLekner+0EnMd0
2193
A_fhkK] tT<us;ndppaotl[i->G_Omi-HOiDN=sMMl4iTrick<,Fj3SgtM+i4FhjTcEghGs.SAfJthe;so]rd`cbs\ytsra8+r^n`ZnH]>pTu1sLog d_WsLLt\a:JtHWDsOceIElaWr 7re6ts oO&LTLekner+0EnMd0
2194
A_fhkK] tT<us;ndppaotlZi.>H_Omi-HOiDN=sMMl4iTrick<,Fj3SgtM+i3FhjTcEghGs.SAfJthe;so]rd`cbs\ytsra8+r^n`[oG]>pUu1sLoh d_WsLMt\a:JtHXDsOceIElaWr 7re6ts oO&LTLekner,0EnMd0
2195
A_fhkK] tT<us;ndppaotlZi.>H_Omi-HOiDN=sMMl4iTrick<,Fj3SftM+i3FhjTcEghGs.SAfJthe;so]rd`cbs\ytsra8+r^n`[oG]>pUu1sLoh d_WsLMt\a:JtHXEsOceIElaWr 7re6ts oO&LTLekner,0EnMd0
2196
A_fhkK] tT<us;ndppaotlZi.>H_Omi-HOiDN=sMMl4iTrick<,Fj3SftM+i3FhjTcEghGs.SAfJthe;so]rd`cbs\ytsra8+r^n`[oG]>pUu1sLoh d_WsLMt\a:JtHXEsOceIElaWr 7re6ts oO&LTLekner,0EnMd0
2197
A_fhkK] tT<us;ndppaotlZi.>H_Omi-HOiDN=sMMl4iTrick<,Fj3SftM+i3FhjTcEghGs.SAfJthe;so]rd`cbs\ytsra8+r^n`[oG]>pUu1sLoh d_WsLMt\a:JtHXEsOceIElaWr 7re6ts oO&LTLekmer,0EnMd0
2198
A_fhkK] tT<us;ndppaotlZi.>H_Omi-HOiDN=sMMl4iTrick<,Fj3SftM+i3FhjTcEghGs.SAfJthe;so]rd`cbs\ytsra8+r^n`[oG]>pUu1sLoh d_WsLMt\a:JtHXEsOceIElaWr 7re6ts oO&LTLekmer,0EnMd0
2199
A_fhkK] tT<us;ndppaotlZi.>H_Omi-HOiDN=sMMl4iTrick<,Fj3SftM+i3FhjTcEghGs.SAfJthe;so]rd`cbs\ytsra8+r^n`[oG]>pUu1sLoh d_WsLMt\a:JtHXEsOceIElaWr 7re6ts oO&LTLekmer,0EnMd0
2200
A_fhkK] tT<us;ndppaotlZi.>H_Omi-HOiDN=sMMl4iTrick=,Fj3SftM+i3FhjTcEghGs.SAfJthe;so]rd`cbs\ytsra8+r^n`[oG]>pVu1sLoh d_WsLMt\a:JtHXEsOceIElaWr 7re6ts oO&LTLekmer,0EnMd0
2201
A_fhkK] tT<us;ndppaotlZi.>H_Omi-HOiDN=sMMl4iTrick=,Fj3SftM+i3FhjTcEghGs.SAfJthe;so]rd`cbs\ytsra8+r^n`[oH]>pVu1sLoh d_WsLMt\a:JtHXEsOceIElaWr 7re6ts oO&LTLekmer,0EnMd0
2202
A_fhkK] tT<us;ndppaotlZi.>H_Omi-HOiDN=sMMl4iTrick=,Fj3SftM+i3FhjTcEghGs.SAfJthe;so]rd`cbs\ytsra8+r^n`[oH]>pVu1sLoh d_WsLMt\a:JtHXEsOceIElaWr 7re6ts oO&LTLekmer,0EnMd0
2203
A_fhkK] tT<us;ndppaotlZi.>H_Omi-HOiDN=sMMl4iTrick=,Fj3SftM+i3FhjTcEghGs.SAfJthe;so]rd`cbs\ytsra8+r^n`[oH]>pVu1sLoh d_WsLMt\a:JtHXEsOceIElaWr 7re6ts oO&LTLekmer,0EnMd0
2204
A_fgkK^ tT<us;ndppaotlZi.>H_Omi-HOiDN=sMMl3iTrick<,Fj3SftM+i2FhjTcEghGs.SAfJthe;so]rd`cbs\ytsra8+r^n`[oG]>pUu1sKoh d_WsLMt\a:JtHXEsOceIFlaWr 7rf6ts oO&LTLekner,0EnMd0
2205
A_fgkK^ tT<us;ndppaotlZi.>H_Omi-HOiDN=sMMl3iTrick<,Fj3SftM+i2FhjTcEghGs.SAfJthe;so]rd`cbs\ytsra8+r^n`[oG]>pUu1sKoh d_WsLMt\a:JtHXEsOceIFlaWr 7rf6ts oO&LTLekner,0EnMe0
2206
A_fgkK^ tT<us;ndppaotlZi.>H_Omi-HOiCN=sMMl3iTrick<,Fj3SftM+i2FhjTcEghGs.SAfJthe;so]rd`cbs\ytsra8+r^n`[oG]>pUu1sKoh d_WsLMt\a:JtHXEsOceIFlaWr 7rf6ts oO&LTLekner,0EnMe0
2207
A_fgkK] tT<us;ndopaotlZi.>H_Omi-HOiDN=sMMl4hTrick=,Fj3SftN+i3FhjTdEghGs.SAfJthe;so^rd`cbs\ytsra8+r^n`[oG]>pUu1sLoh d_WsLMt\a:JtHXEsOceIElaWr 7re6ts oO&LTLekner,0EnMd0
2208
A_fgkK] tT<us;ndopaotlZi.>H_Omi-HOiDN=sMMl4hTrick=,Fj3SftN+i3FhjTdEghGs.SAfJthe;so^rd`cbs\ytsra8+r^n`[oG]>pUu1sLoh d_WsLMt\a:JtHXEsOceIElaWr 7re6ts oO&LTLekner,0EnMd0
2209
A_fgkK] tT<us;ndopaotlZi.>H_Omi-HOiEN=sMMl4hTrick=,Fj3SftN+i3FhjTdEghGs.SAfJthe;so^rd`cbs\ytsra8+r^n`[oG]>pUu1sLoh d_WsLMt\a:JtHXEsOceIElaWr 7re6ts oO&LTLekner,0EnMd0
2210
A_fgkK] tT<us;ndopaotlZi.>H_Omi-HOiEN=sMMl4hTrick=,Fj3SftN+i3FhjTdEghGs.SAfJthe;so^rd`cbs\ytsra8+r^n`[oG]>pUu1sLoh d_WsLMt\a:JtHXEsOceIElaWr 7re6ts oO&LTLekner,0EnMd0
2211
A_fhkK] tT<us;ndppaotlZi.>H_Omi-HOjDN=sMMl4iTrick=,Fj3SftM+i2FhjTcEghGs.SAfJthe;so]rd`cbs\ytrra8+r^n`[oG]>pVu1sLoh d_WsLMt\a;JtHXEsPceHElaWr 7re6ts oO&LTLekmer,0EnMd0
2212
A_fgkK^ tT<us;ndppaotlZi.>H_Omi-HOiCN=sMMl3iTrick<,Fj3SftM+i2FhjTcEghGs.SAfJthe;so]rd`cas\ytsra8+r^n`[oG]>pUu1sKoh e_WsKMs\a:JtHXEsOceIFlaWr 7rf6ts oQ&LTLekner-0EnMe0
2213
A_fgkK^ tT<us;ndppaotlZi.>H_Omi-HOiCN=sMMl3iTrick<,Fj3SftM+i2FhjTcEghGs.SAfJthe;so]rdacas\ytsra8+r^n`[oG]>pUu1sKoh e_WsKMs\a:JtHXEsOceIFlaWr 7rf6ts oQ&LTLekner-0EnMe0
2214
A_fgkK^ tT<us;ndppaotlZi.>H_Omi-HOiCN=sMMl3iTrick<,Fj3SftM+i2FhjTcEghGs.SAfJthe;so]rdacas\ytsra8+r^n`[oG]>pUu1sKoh e_WsKMs\a:JtHXEsOceIFlaWr 7rf6ts oQ&LTLekner-0EnMe0
2215
A_fgkK^ tT<us;ndppaotlZi.>H_Omi-HOiCN=sMMl3iTrick<,Fj3SftM+i2FhkTcEghGs.SAfJthe;so]rdacas\ytsra8+r^n`[oG]>pUu1sKoh e_WsKMs\a:JtHXEsOceIFlaWr 7rf6ts oQ&LTLekner-0EnMe0
2216
A_fgkK^ tT<us;ndppaoslZi.>H_Omi-HOiCN=tMMl3iTrick<,Fj3SftM+i2FhjTcEghGs.SAfJthe;so]rdacas\ytsra8+r^n`[oG]>pUu1sKoh e_WsKMs\a:JtHXEsOceIFlaWr 7rf6ts oQ&LTLekner-0EnMe0
2217
A_fgkK^ tT<us;ndppaoslZi.>H_Omi-HOiCN=tMMl3iUrick<,Fj3SftM+i2FhjTcEghGs.SAfJthe;so]rdacas\ytsra8+r^n`[oG]>pUu1sKoh e_WsKMs\a:JtHXEsOceIFlaWr 7rf6ts oQ&LTLekner-0EnMe0
2218
A_fgkK^ tT<us;ndppaoslZi.>H_Omi-HOiCN=tMMl4iUrick<,Fj3SftM+i2FhiTcEghGs.SAfJthe;so]rdacas\ytsra8+r^n`[oG]>pUu1sKoh e_WsKMs\a:JtHXEsOceIFlaWr 7rf6ts oQ&LTLekner-0EnMe0
2219
A_fgkK^ tT<us;ndppaoslZi.>H_Omi-HOiCN=tMMl4iUrick<,Fj3SftM+i2FhiTcEghGs.SAfJthe;so]rdacas\ytsra8+r^n`[oG]>pUu1sKoh e_WsKMs\a:JtHXEsOceIFlaWr 7rf6ts oQ&LTLekner-0EnMe0
2220
A_fgkK^ tT<us;ndppaoslZi.>H_Oli-HOiCN=tMMl4iUrick<,Fj3SftM+i2FhiTcEghGs.SAfJthe;so]rdacas\ytsra8+r^n`[oG]>pUu1sKoh e_WsKMs\a:JtHXEsOceIFlaWr 7rf6ts oQ&LTLekner-0EnMe0
2221
A_fgkK^ tT<us;ndppaoslZi.>H_Oli-HOiCN=tMMl4iUrick<,Fj3SftM+i2FhiTcEghGs.SAfJthe;so]rdacas\ytsra8+r^n`[oG]>pUu1sKoh e_WsKMs\a:JtHXEsOceIFlaWr 7rf6ts oQ&LTLekner-0EnMe0
2222
A_fgkK^ tT<us;ndppaoslZi.>H_Oli-HOiCN=tMMl4iUrick<,Fj3SftM+i2FhiTcEghGs.SAfJthe;so]rdacas\ytsra8+r^n`[oG]>pUu1sKoh e_WsKMs\a:JtHXEsOceIFlaWr 7rf6ts oQ&LTLekner-0EnMe0
2223
A_ehkK] tT<us;ndppaotlZi.>H_Omi-HOjDN=sMMm4iTrick=,Fj3SftM+i3FhjTcEghGs.SAfJthe;sp]rd`cbs\ytsra9+r^n`[mH]>pVu1sLog d_WsKNt\a:JtHYFsOceIElaXr 7re6ts oO&LULekmer,0EnMd0
2224
A_ehkK] tT<us;ndppaotlZi.>H_Omi-HOjDN=sMMm4iTrick=,Fj3SftM+i3FhjTcEghHs.SAfJthe;sp]rd`cbs\ytsra9+r^n`[mH]>pVu1sLog d_WsKNt\a:JtHYFsOceIElaXr 7re6ts oO&LULekmer,0EnMd0
2225
A_fhlL] tU<us;ndopaotlZi.>H_Omi-HOkDN=sMMl4iTrick=,Fi3SftM+i3FhjTcEfhGs.SAfJthe;so]rd`cbs\ytsra8+r^n`[nH]>pVu1sLoh d`WsKNt\a:JtHXEsOdeIDlaWr 7re6ts oO&LVLekler,/EnMd/
2226
A_fhlL] tU<us;ndopaotlZi.>H_Omi-HOkDN=sMMl4iTrick=,Fi3SftM+i3FhjTcEfhGs.SAfJthe;so]rd`cbs\ytsra8+r^n`[nH]>pVu1sLoh d`WsKNt\a:JtHXEsOdeIDlaWr 7re6ts oO&LVLekler,/EnMd/
2227
A_fhlL] tU<us;ndopaorlZi.>H_Omi-HOjDN=sMMl4iTrick=,Fi3SftM+i3FhjTcFfhGs.SAfJthe;so]rd`cbs\ytsra8+r^n`\nH]>pVu1sLoh d`XsKNt\a:JtHXEsOceIDlaWr 7re6ts oO&LVLekmer,/EnMd0
2228
A_fhlL] tU<us;ndopaorlZi.>H_Omi-HOjDN=sMMl4iTrick=,Fi3SftM+i3FhjTcFfhGs.SAfJthe;so]rd`cbs\ytsra8+r^n`\nH]>pVu1sLoh d`XsKNt\a:JtHXEsOceIDlaWr 7re6ts oO&LVLekmer,/EnMd0
2229
A_fhlL] tU<us;ndopaotlZi.>H_Omi-HOkDN=sMMl4iTrick=,Fi3SftM+i3FhjTcEfhGs.RAfJthe;so]rd`cbs\ytsra8+r^n`[nH]>pVu1sLoh d`WsJNt\a:JtHXEsOdeIDlaWr 7re6ts oO&LVLekler,/EnMd/
2230
A_fhmL] tU<us;ndopaotlZi/>H_Omi-HOjDO<sMMl4iTrick=,Fi3SftM+i3FhjTdFfhGs.SAfJthe;so]rd`cbs\ytsra8+r^n`[nH]>pVu2sLoh d`WsKNt\a:JtHXEsOceIDlaWr 7re6ts oO&LVLekmer,/EnMd0
2231
A_ffkK^ tT<us;ndppaoslZi.>H_Oli-HOiCN=tMMl4iUrick<,Fi3SftM+i2FhiTcEghGs.SAfJthe;so]rdbcas\ytsra8+r^n`[oG]>pUu1sKoh e_WsKMs\a:KtHXEsOceIFlaWr 7rf6ts oQ&LTLekmer-0EnMe0
2232
A_ghlL] tU<us;ndopaotlZi.>H_Pmi-HOjDN=sMMl4iTrick=,Fi3SftM+i3FhiTcEfhGs.SAfJthe;sp]rd`cbs\yssra8+r^n`\nH]>pWu1sLoh d`WsKOt]a;JtHXEsOceIDlaWr 7re6ts oO&LVLekmer,/EnMd0
2233
A_fhlL] tU<us;ndopaotlZi.>H_Omi-HOkDN=sMMl4iTrick=,Fi3SftM+i3FhjTcEghGs.RAfJthe;so]rd`cbs\ytsra8+r^n`[nH]>pVu1sLoh d`WsJNt\a:JtHXEsOdeIDlaXr 8re6ts oO&LVLekler,/EnMd/
2234
A_fhlL] tU<us;ndopaotlZi.>H_Omi-HOkDN=sMMl4iTrick=,Fi3SftM+i3FhjTcEghGs.RAfJthe;so]rd`cbs\ytsra8+r^n`[nH]>pVu1sLoh d`WsJNt\a:JtHXEsOdeIDlaXr 8re6ts oO&LVLekler,/EnMd/
2235
A_fhlL] tU<us;ndnpaotlZi.>H_Pmi-HOjDN=sMMl4iTrick=,Fi3SftM+i3FhjTcEfhGs.RAfJthe;so]rd`cbs\ytsra8+r^n`[nH]>pVu1sLoh daXsKNt\a;JtHXFsOdeIDlaWr 7re6ts oO%LVLekler,/EnMd0
2236
A_fhlL] tU<us;ndnpaotlZi.>H_Pmi-HOjDN=sMMl4iTrick=,Fi3SftM+i3FhjTcEfhGs.RAfJthe;so]rd`cbs\ytsra8+r^n`[nH]>pVu1sLoh daXsKNt\a;JtHXFsOdeIDlaWr 7re6ts oO%LVLekler,/EnMd0
2237
A_ghmL] tV<us;ndopaotl[i.?H_Pmi-HOjDN=sMMl4iTridk=,Fi3SftM+i3FhiTcEfhGs.SAfJthe;sp]rd`cbs\yssra8+r^n`\nH]>pWu1sLoh d`WsKOt]a;JtHXEsOceIDlaWr 7re6ts oO%LVLekmer,/EnMd0
2238
A_ghmL] tV<us;ndopaotl[i.?H_Pmi-HOjDN=sMMl4iTridk=,Fi3SftM+i3FhiTcEfhGs.SAfJthe;sp]rd`cbs\yssra8+r^n`\nH]>pWu1sLoh d`WsKOt]a;JtHXEsOceIDlaWr 7re6ts oO%LVLekmer,/EnMd0
2239
A_ggmL] tV<us;ndopaotl[i.?H_Pmi-HOjDN=sMMl4iTridk=,Fi3SftM+i3FhhTcEfhGs.SAfJthe;sp]rd`cbs\yssra8+r^n`\nH]>pWu1sLoh d`WsKOt]a;JtHXEsOceIDlaWr 7re6tr oO%LVLekmer,/EnMd0
2240
A_ghmL] tU<us;ndopaoslZi.>H_Qmi-HOjDN=sMMl4hTrick>,Fi4SftM+g3FhjTcEfhGs.SAfJthe;so]rd`cbs\yssra8+r^n`\nH]>pWu1sLoh d`XsKNt\a;JtHXEtOdeIDlaWr 7re6ts oO&LVLekmer,/EnMd/
2241
A_ghmL] tU<us;ndopaoslZi.>H_Qmi-HOjDN=sMMl4hTrick>,Fi4SftM+g3FhjTcEfhGs.SAfJthe;so]rd`cbs\yssra8+r^n`\nH]>pWu1sLoh d`XsKNt\a;JtHXEtOdeIDlaWr 7re6ts oO&LVLekmer,/EnMd/
2242
A_ghlL] tU<us;ndnpaotlZi.>H_Pmi-HOjDO=sNMl4jTrick=,Fi3SftM+i3FhjTcFfhHs/SAfJthe:so]rd`cbs\yssra8+r^n`\nH]>pWt1sLog d`WsKOt\a;JtHXEsPceIElaWr 7re6ts oO&LVLekmer,/EnMd0
2243
A_ghlL] tU<us;ndnpaotlZi.>H_Pmi-HOjDO=sNMl4jTrick=,Fi3SftM+i3FhjTcFfhHs/SAfJthe:so]rd`cbs\yssra8+r^n`\nH]>pWt1sLog d`WsKOt\a;JtHXEsPceIElaWr 7re6ts oO&LVLekmer,/EnMd0
2244
A_ghlL] tU<us;ndnpaotlZi.>H_Pmi-HOjDO=sNMl4jTrick=,Fi3SftM+i3FhjTcFfhHs/SAfJthe:so]rd`cbs\yssra8+r^n`\nH]>pWt1sLog d`WsKOt\a;JtHXEsPceIElaWr 7re6ts oO&LVLekmer,/EnMd0
2245
A_efkK_ tT<us;ndppbosl[i.>H_Oli-HOiDN=tMMl4iUrick<,Fi2SftM+i1FhiScEghGs.SAfJthe;so]rdbcas\ytsra8+r^n`[oG]>pUu2sKoh e_WsJMs\a:KtHXErOceIFlaWr 7rf6ts oQ&LTLekmer-0EnNe0
2246
A_efkK_ tT<us;ndppbosl[i.>H_Oli-HOiDN=tMMl4iUrick<,Fi2SftM+i1FhiScEghGs.SAfJthe;so]rdbcas\ytsra8+r^n`[oG]>pUu2sKoh e_WsJMs\a:KtHXErOceIFlaWr 7rf6ts oQ&LTLekmer-0EnNe0
2247
A_efkK_ tT<us;ndppbosl[i.>H_Oli-HOiDN=tMMl4iUrick<,Fi2SftM+i1FhiScEghGs.SAfJthe;so]rdbcas\ytsra8+r^n`[oG]>pUu2sKoh e_WsJMs\a:KtHXErOceIFlaWr 7rf6ts oQ&LTLekmer-0EnNe0
2248
A_fhlL] tU<us;ndopaotlZi->H_Omi-HOkDN=sNMl4iTrick=,Fh3SftN+i3FhjTcEfhFs.RAfJthe:so]rd`cas\ytsra8+r^n`[mH]>pVu1sLog d`WsKNt\a;JtHXGsOdeIDlaWr 7re7ts oO%LVMejler-/EnMd/
2249
A`fhlL] tU<us;ndopaotlZi->H_Omi-HOkDN=sNMl4iTrick=,Fh3SftN+i3FhjTcEfhFs.RAfJthe:so]rd`cas\ytsra8+r^n`[mH]>pVu1sKog d`WsKNt\a;JtHXGsOdeIDlaWr 7re7ts oO%LVMejler-/EnMd/
2250
A`fhlL] tU<us;ndopaotlZi->H_Omi-HOkDN=sNMl4iTrick=,Fh3SftN+i3FhjTcEfhFs.RAfJthe:so]rd`cas\ytsra8+r^n`[mH]>pVu1sKog d`WsKNt\a;JtHXGsOdeIDlaWr 7re7ts oO%LVMejler-/EnMd/
2251
A`fhlL] tU<us;ndopaotlZi->H_Omi-HOkDN=sNMl4iTrick=,Fh3SftN+i3FhjTcEfhFs.RAfJthe:so]rd`cas\ytsra8+r^n`[mH]>pVu1sKog d`WsKNt\a;JtHXGsOdeIDlaWr 7re7ts oO%LVMejler-/EnMd/
2252
A`fhlL] tU<us;ndopaotlZi->H_Omi-HOkDN=sNMl4iTrick=,Fh3SftN+i3FhjTcEfhFs.QAfJthe:so]rd`cas\ytsra8+r^n`[mH]>pVu1sKog d`WsKNt\a;JtHXGsOdeIDlaWr 7re7ts oO%LVMejler-/EnMd/
2253
A`fhlL] tU<us;ndopaotlZi->H_Omi-HOkDN=sNMl4iTrick=,Fh3SftN+i3FhjTcEfhFs.QAfJthe:so]rd`cas\ytsra8+r^n`[mH]>pVu1sKog d`WsKNt\a;JtHXGsOdeIDlaWr 7re7ts oO%LVMejler-/EnMd/
2254
A`fhlL] tU<us;ndopaotlZi->H_Omi-HOkDN=sNMl4iTrick=,Fh3SftN+i3FhjTcEfhFs.QAfJthe:so]rd`cas\ytsra8+r^n`[mH]>pVu1sKog d`WsKNt\a;JtHXGsOdeIDlaWr 7re7ts oO%LVMejler-/EnMd/
2255
A_fhmL] tU<us;ndopaotlZi->G_Omi-HOkDN=sOMl4iTrick=,Fh3SftN+i3FhjTcEfhFs.RAfJthe:so]rd`cas\ytsra8+r]n`[mH]>pVu1sLog d`WsKNt\a;JtHXGsOdeIDlaWr 7re7ts oO%LWMejker-/EnMd/
2256
A_fhmL] tU<us;ndopaotlZi->G_Omi-HOkDN=sOMl4iTrick=,Fh3SftN+i3FhjTcEfhFs.RAfJthe:so]rd`cas\ytsra8+r]n`[mH]>pVu1sLog d`WsKNt\a;JtHXGsOdeIDlaWr 7re7ts oO%LWMejker-/EnMd/
2257
A_fhmL] tU<us;ndopaotlZi->G_Omi-HOkDN=sOMl4iTrick=,Fh3SftN+i3FhjScEfhFs.RAfJthe:so]rd`cas\ytsra8+r]n`[mH]>pVu1sLog d`WsKNt\a;JtHXGsOdeIDlaWr 7re7ts oO%LWMejker-/EnMd/
2258
A_fhmL] tU<us;ndopaotlZi->G`Omi-HOkDN=sOMl4iTrick=,Fh3SftN+h3FhjTcEfhFs.RAfJthe:so]rd`cas\ytsra8+r]n`[mH]>pVu1sLog d`WsKNt\a;JtHXGsOdeIDlaWr 7re7ts oO%LWMejker-/EnMd/
2259
A_fhmL] tU<us;ndopaotlZi->G`Omi-HOkDN=sOMl4iTrick=,Fh3SftN+h3FhjTcEfhFs.RAfJthe:so]rd`cas\ytsra8+r]n`[mH]>pVu1sLog d`WsKNt\a;JtHXGsOdeIDlaWr 7re7ts oO%LWMejker-/EnMd/
2260
A_fhmL] tU<us;ndopaotlZi->G`Omi-HOkDN=sOMl4iTrick=,Fh3SftN+h3FhjTcEfhFs.RAfJthe:so]rd`cas\ytsra8+r]n`[mH]>pVu1sLog d`WsKNt\a;JtHXGsOdeIDlaWr 7re7ts oO%LWMeiker-/EnMd/
2261
A_fhmL] tU<us;ndopaotlZi->G`Omi-HOkDN=sOMl4iTrick=,Fh3SftN+h3FhjTcEfhFs.RAfJthe:so]rd`cas\ytsra8+r]n`[mH]>pVt1sLog d`WsKNt\a;JtHXGsOdeIDlaWr 7re7ts oO%LWMeiker-/EnMd/
2262
A_fhmL] tU<us;ndopaotlZi->G`Omi-HOkDN=sOMl4iTrick=,Fh3SftN+h3FhjTcEfhFs.RAfJthe:so]rd`cas\ytsra8+r]n`[mH]>pVt1sLog d`WsKNt\a;JtHXGsOdeIDlaWr 7re7ts oO%LWMeiker-/EnMd/
2263
A_fhmL] tU=us;ndopaotlZi->G_Omi-HOkDN=sOMl4iTricj=,Fh3SftN+i3GhjTcEfhFs.RBfJthe:so]rd`cas\ytsra8+r]n`[mH]>pVu1sLog d`WsKNt]a;JtHXGsOdeIDlaWr 7rf7ts oO%LWMekker-/EnMd/
2264
A_fhmL] tU=us;ndopaotlZi->G_Omi-HOkDN=sOMl4iTricj=,Fh3SftN+i3FhjTcEfhFs.RBfJthe:so]rd`cas\ytsra8+r]n`[mH^>pVu1sLog d`WsKNt^a;JtHXGsOdeIDlaWr 7rf7ts oO%LWMekker-/EnMd/
2265
A_fhmL] tU=us;ndopaotlZi->G_Omi-HOkDN=sOMl4iTricj=,Fh3SftN+i3FhjTcEfhFs.RBfJthe:so]rd`cas\ytsra8+r]n`[mH^>pVu1sLog d`WsKNt^a;JtHXGsOdeIDlaWr 7rf7ts oO%LWMekker-/EnMd/
2266
A_fhmL] tU=us;ndopaotlZi->G_Omi-HOkDN=sOMl4iTricj=,Fh3SftN+i3FhjTcEfhFs.RBfJthe:so]rd`cas\ytsra8+r]n`[mH^>pVu1sLog d`WsKNt^a;JtHXGsOdeIDlaWr 7rf7ts oO%LWMekker-/EnMd/
2267
A_fhmL] tU=us;ndopaotlZi->G_Omi-HOkDN=sOMl4iTricj=,Fh3SetN+i3FhjTcEfhFs.RBfJthe:so]rd`cas\ytsra8+r]n`[mH^>pVu1sLog d`WsKNt^a;JtHXGsOdeIDlaWr 7rf7ts oO%LWMekker-/EnMd/
2268
A_fhmL] tU=us;ndopaotlZi->G_Omi-HOkDN=sOMl4iTricj=,Fh3SetN+i3FhjTcEfhFs.RBfIthe:so]rd`cas\ytsra8+r]n`[mH^>pVu1sLog d`WsKNt^a;JtHXGsOdeIDlaWr 7rf7ts oO%LWMekker-/EnMd/
2269
A_fhmL] tU=us;ndopaotlZi->G^Omi-HOkDN=sOMl4iTricj=,Fh3SftN+i3FhjScEfhFs/RBfJthe:so]rd`cas\yssra8+r]n`[mH^>pVu1sLog d`WsKNt^a;JtHXGsPdeIDlaWr 7rf7ts oO%LWMekker-/EnMd/
2270
A_fhmL] tU=us;ndopaotlZi->G^Omi-HOkDN=sOMl4iTricj=,Fh3SftN+i3FhjScEfhFs/RBfJthe:so]rd`cas\yssra8+r]n`[mH^>pVu1sLog d`WsKNt^a;JtHXGsPdeIDlaWr 7rf7ts oO%LWMekker-/EnMd/
2271
A_fhmL] tU=us;ndopaotlZi->G^Omi-HOkDN=sOMl4iTricj=,Fh3SftN+i3FhjScEfhFs/RBfJthe:so]rd`cas\yssra8+r]n`[mH^>pVu1sLog d`WsKNt^a;JtHXGsPdeIDlaWr 7rf7ts oO%LWMekker-/EnMd/
2272
A_fhmL] tU=us;ndopaotlZi->G^Omi-HOkDN=sONl4iTricj=,Fh3SftN+i3FhjScEfhFs/RBfJthe:so]rd`cas\yssra8+r]n`[mH^>pVu1sLog d`WsKNt^a;JtHXGsPdeIDlaWr 7rf7ts oO%LWMekker-/EnMd/
2273
A_fhmL] tU=us;ndopaotlZi->G^Omi-HOkDN=sONl4iTricj=,Fh3SftN+i3FhjScEfhFs/RBfJthe:so]rd`cas\yssra8+r]n`[mH^>pVu1sLog d`WsKNt^a;JtHXGsPdeIDlaWr 7rf7ts oO%LWMekker-/EnMd/
2274
A_fhmL] tU<us;ndopaotl[i->G`Pmi.HOkDO=sOMl4iTrick=,Fh3SftN+h3FhjTcEfhGs.RAfJthe:sp]rdacas\ytsra8+q]m`[mG]>pVu1sLog d`WsJNt\a;JtHXGsOdeIElaWr 7re7ts oO%LWMeiker-/EnMd/
2275
A_fhmL] tU=us;ndopaotlZi->G^Omi-HOkDN=sOMl4iTricj=,Fh3SftN+i3FhiScEfhFs/RBfJthe:so]rd`cas\yssra8+r]n`[mH^>pVu1sLog d`XsKNt^a;JtHXGsPdeIDlaWr 7rf7ts oO%LWMekker-/EnMd/
2276
A_fhmL] tU<us;ndopaotl[i->G`Omi.HOkDO=sPMl4iTrick=,Fh3SftO+h3FhiTcEfhGs.RAfJthe:sp]rdacas\ytsra8+q]m`[mG]>pVu1sLog d`WsJOt\a;JtHXGsOdeIElaWr 7re7ts oO%LWMeiker-/EnMd/
2277
A_fhmL] tU<us;ndopaotl[i->G`Omi.HOkDO=sPMl4iTrick=,Fh3SftO+h3FhiTcEfhGs.RAfJthe:sp]rdacas\ytsra8+q]m`[mG]>pVu1sLog d`WsJOt\a;JtHXGsOdeIElaWr 7re7ts oO%LWMeiker-/EnMd/
2278
A_fhmL] tU<us;ndopaotl[i->G`Omi.HOkDO=sPMl4iTrick=,Fh3SftO+h3FhiTcEfhGs.RAfJthe:sp]rdacas\ytsra8+q]m`[mG]>pVu1sLog d`WsJOt\a;JtHXGsOdeIElaWr 7re7ts oO%LWMeiker-/EnMd/
2279
A_fhmL] tU<us;ndopaotl[i->G`Omi.HOkDO=sPMl4iTrick>,Fh3SftO+h3FhiTcEfhGs.RAfJthe:sp]rdacas\ytsra8+q]m`[mG]>pVu1sLog d`WsJOt\a;JtHXGsOdeIElaWr 7re7ts oO%LWMeiker-/EnMd/
2280
A_fhmL] tU<us;ndopaotl[i->G`Omi.HOkDO=sPMl4iTrick>,Fh3SftO+h3FhiTcEfhGs.RAfJthe:sp]rdacas\ytsra8+q]m`[mG]>pVu1sLog d`WsJOt\a;JtHXGsOdeIElaWr 7re7ts oO%LWMeiker-/EnMd/
2281
A_fhmL] tU<us;ndopaotl[i->G`Omi.HOkDO=sPMl4iTrick>,Fh3SftO+h3FhiTcEfhGs.RAfJthe:sp]rdacas\ytsra8+q]m`[mG]>pVu1sLog d`WsJOt\a;JtHXGsOdeIElaWr 7re7ts oO%LWMeiker-/EnMd/
2282
A_fhmL] tU<us;ndopaotl[i->G`Omi.HOkDO=sPNl5iTrick=,Fh3SftO+h3FhiTcEfhGs.QAfJthe:sp]rdacas\ytsra8+q]m`[nG]>pVu1sLog d`WsJOt\a;JtHXGsOdeIElaWr 7re7ts oO%LWMeiker-/EnMd/
2283
A_fhmL] tU<us;ndopaotl[i->G`Omi.HOkDO=sPNl5iTrick=,Fh3SftO+h3FhiTcEfhGs.QAfJthe:sp]rdacas\ytsra8+q]m`[nG]>pVu1sLog d`WsJOt\a;JtHXGsOdeIElaWr 7re7ts oO%LWMeiker-/EnMd/
2284
A_fhmL] tU=us;ndnpbotlZi->G^Omi.GOkDN=sOMl4iTricj=,Fh3SftN+i3FhjScEfhFs/RBfJthe:so]rd`c`s\yssr`8+r]m`[mH^>pVu1sLog d`WsKNs^a;JtHXGsPdeIDlaWr 7rf7ts oO%LWMekjer-/FnMd/
2285
A_fhmL] tU=us;ndnpbotlZi->G^Omi.GOkDN=sOMl4iTricj=,Fh3SftN+i3FhjScEfhFs/RBfJthe:so]rd`c`s\yssr`8+r]l`[mH^>pVu1sLog d`WsKNs^a;JtHXGsPdeIDlaWr 7rf7ts oO%LWMekjer-/FnMd/
2286
A_fhmL] tU<us;ndopaotl[i->G`Omi.HOlDO=sPNl5iTrick=,Fh3SftO+h3FhiTcEfhGs.QAfJthe:sp]rdacas\ytsra8+q]m`[nG^>pVu1sLog d`WsJOt\a;JtHXGsOdeIFlaWr 7re7ts oO%LWMeiker-/EnMd/
2287
A_fhmL] tU<us;ndopaotl[i->G`Omi.HOlDO=sPNl5iTrick=,Fh3SftO+h3FhiTcEfhGs.QAfJthe:sp]rdacas\ytsra8+q]m`[nG^>pVu1sLog d`WsJOt\a;JtHXGsOdeIFlaWs 7re7ts oO%LWMeiker-/EnMd/
2288
A_fhmL] tU<us;ndopaotl[i->G`Omi.HOlDO=sPNl5iTrick=,Fh3SftO+h3FhiTcEfhGs.QAfJthe:sp]rdacas\ytsra8+q]m`[nG^>pVu1sLog d`WsJOt\a;JtHXGsOdeIFlaWs 7re7ts oO%LWMeiker-/EnMd/
2289
A_fhmL] tU<us;ndopaotl[i->G`Omi.HOlDO=sPNl5iTrick=,Fh3SftO+h3FhiTcEfhGs.QAfJthe:sp]rdacas\ytsra8+q]m`[nG^>pVu1sLog d`WsJOt\a;JtHXGsOdeIFlaWs 7re7ts oO%LWMeiker-/EnMd/
2290
A_fhmL] tU<us;ndopaosl[i->G`Omi.HOkDO=sPMl4iTrick=,Fh3SftO+h3FhiTcEfhHs.RAfJthe:sp]rdac`s\ytsra8+q]m`[mG]>pVu1sKog d`WsJOt\a;JtHYGsOdeIFlaWr 7re7ts oO%LWMeiker./EnMd/
2291
A_fhmM] tU=us;ndopaotl[i->G`Omi.HOkDO=sPMl4iTricj=,Fh3SftO+h3FhiTcEfhGs.QAfJthe:sp]rdacas\ytsra8+q]m`[mG]>pVu1sKoh d`WsJOt\a;JtIXHsOdeIFlaWr 8re7ts oO&LWMehker-/EnMd/
2292
A_fhmM] tU=us;ndopaotl[i->G`Omi.HOkDO=sPMl4iTricj=,Fh3SftO+h3FhiTcEfhGs.QAfJthe:sp]rdacas\ytsra8+q]m`[mG]>pVu1sKoh d`WsJOt\a;JtIXHsOdeIFlaWr 8re7ts oO&LWMehker-/EnMd/
2293
A_fhmM] tU=us;ndopaotl[i->G`Omi.HOkDO=sPMl4iTricj=,Fh3SftO+h3FhiTcEfhGs.QAfJthe:sp]rdacas\ytsra8+q]m`[mG]>pVu1sKoh d`WsJOt\a;JtIXHsOdeIFlaWr 8re7ts oO&LWMehker-/EnMd/
2294
A_fhmM] tU=us;ndopaotl[i->G`Omi.HOlDO=sPMl4iTricj=,Fh3SftO+h3FhiTcEfhGs.QAfJthe:sp]rdacas\ytsra8+q]m`[mG]>pVu1sKoh d`WsJOt\a;JtIXHsOdeIFlaWr 8re7ts oO&LWMehker-/EnMd/
2295
A_fhmM] tU=us;ndopaotl[i->G`Omi.HOlDO=sPMl4iTricj=,Fh3SftO+h3FhiTcEfhGs.QAfJthe:sp]rdacas\ytsra8+q]m`[mG]>pVu1sKoh d`WsJOt\a;JtIXHsOdeIFlaWr 8re7ts oO&LWMehker-/EnMd/
2296
A_fhmL] tU<us;ndopaotl[i->G`Omi.HOkDO=sPMl4iTricj=,Fh3SftO+h3FhiTcEfhGs.QAfJthe:sp]rdadas\ytsra8+q_m`[mG]>pVu1sKog d`WsJOt\a;JtIXGrOdeIFlaWr 7re7ts oO%LWMeiker-/FnMd/
2297
A_fhmM] tU=us;ndopaotl[i->G`Omi/HOkDO=sPMl5iTricj=,Fh3SftO+h3FhiTcEfhGs.QAfJthe:sp]rdacas\ytsra8+r]m`[mG]>pVu1sKoh d`WsJOt\a;JtIXHsOdeIFlaWr 8qe7ts oO&LWNehker-/EnMd/
2298
A_fhmM] tU=us;ndopaotl[i->G`Omi/HOkDO=sPMl5iTricj=,Fh3SftO+h3FhiTcEfhGs.QAfJthe:sp]rdacas\ytsra8+r]m`[mG]>pVu1sKoh d`WsJOt\a;JtIXHsOdeIFlaWr 8qe7ts oO&LWNehker-/EnMd/
2299
A_fhmL] tU<us;ndopaotl[i->G`Pmi.GOkDO=sPMl4iTricj=,Fh3SftO+h3FhiTcEfhGs.QAfJthe:sp]rdadas\ytsra8+q_m`[mG]>pVu1sKog d`WsJOt\a;JtIXGrOdeIFlaWr 7re7ts oO%LWMeiker-/FnMd/
2300
A_fgmM] tU=us;neopaotl[i->G`Omi.HOkDO=sPMl4iTricj=,Fh3SftO+g2FhiTcEfhGs.QAfJthe:sp]rdacas\ytsra8+q]m`[mG]>pVu1sKoh d`WsJPt\a;JtIXHtPeeIFlaWr 8re7ts oO&LWMehker-/EnMe/
2301
A_fgmM] tU=us;neopaotl[i->G`Omi.HOkDO=sPMl4iTricj=,Fh3SftO+g2FhiTcEfhGs.QAfJthe:sp]rdacas\ytsra8+q]m`[mG]>pVu1sKoh d`WsJPt\a;JtIXHtPeeIFlaWr 8re7ts oO&LWMehker-/EnMe/
2302
A_fhmL] tU<us<ndopaosl[i->G`Omi.GOkDO=sPMl4iTrick=,Fh3SftO+h3FhiScEfhHs.RAfJthe9sp]rdac`s\ytrra8+q]m`[mG^>pVu1sKog d`WsJOt\a;JtHYHrOdeIFlaWr 7re7ts!oO%LWMeiker./EnMd/
2303
A_fhmM] tU=us;ndopaotl[i->G`Pmi/HOkDO=sPMl5iTricj=,Fh3SftO,h3FhiTcEfhGs.QAfJthe:sp]rdacas\ytsra8+r]l`[mG]>pVu1sKoh d`WsJOt\a;JtIXHsOdeIFlaWr 8qe7ts oO&LWNehker-/EnMd/
2304
A_fhmL] tU<us;ndopbosl[i->G`Omi.HOkDN=sPMl4iTrick=,Fh4SftO+h3FhiTdEghHs.RAfJthe9sp]rdac_s\ytsra8+q]m`[mG]=pVu1sJof d`WsJOt\a;JtHYGsOdeIFlaWr 7re7ts oO%LWMeiker./EnMd.
2305
A_fhmL] tU<us;ndopbosl[i->G`Omi.HOkDN=sPMl4iTrick=,Fh4SftO+g3FhiTdEghHs.RAfJthe9sp]rdac_s\ytsra8+q]m`[mG]=pVu1sJof d`WsJOt\a;JtHYGsOdeIFlaWr 7re7ts oO%LWMeiker./EnMd.
2306
A_fhmL] tU<us;ndopbosl[i->G`Omi.HOkDN=sPMl4iTrick=,Fh4SftO+g3FhiTdEghHs.RAfJthe9sp]rdac_s\ytsra8+q]m`[mG]=pVu1sJof d`WsJOt\a;JtHYGsOdeIFlaWr 7re7ts oO%LWMeiker./EnMd.
2307
A_fhmL] tU<us;ndopbosl[i->G`Omi.HOkDN=sPMl4iTrick=,Fh4SftO+g3FhiTdEghHs.RAfJthe9sp]rdac_s\ytsra8+q]m`[mG]=pVu1sJof d`WsJOt\a;JtHYGsOdeIFlaWr 7re7ts oO%LWMeiker./EnMd.
2308
A_fhmL] tU<us;ndopbosl[i->G`Omi.HOkDN=sPMl4iTrick=,Fh4TftO+g3FhiTdEghHs.RAfJthe9sp]rdac_s\ytsra8+q]m`[mG]=pVu1sJof d`WsJOt\a;JtHYGsOdeIFlaWr 7re7ts oO%LWMeiker./EnMd.
2309
A_fhmL] tU<us;ndopbosl[i->G`Omi.HOkDN=sPMl4iTrick=,Fh4TftO+g3FhiTdEghHs.RAfJthe9sp]rdac_s\ytsra8+q]m`[mG]=pVu1sJof d`WsJOt\a;JtHYGsOdeIFlaWr 7re7ts oO%LWMeiker./EnMd.
2310
A_fgmL] tU<us;ndopbosl\i->G`Omi.HOkDN=sPMl4iTrick=,Fh4SftO+h3FhiSdEghHs.RAfJthe9sp]rdac_s\ytsra8+q]m`[mH]=pVu1sJof d`WsJOt\a;JtHYGsOdeIFlaWr 7re7us oO%LWMeiker./EnMd.
2311
A_fgmL] tU<us;ndopbosl\i->G`Omi.HOkDN=sPMl4iTrick=,Fh4SftO+h3FhiSdEghHs.RAfJthe9sp]rdac_s\ytsra8+q]m`[mH]=pVu1sJof d`WsJOt\a;JtHYGsOdeIFlaWr 7re7us oO%LWMeiker./EnMd.
2312
A_fgmL] tU<us;ndopbosl\i->G`Omi.HOkDN=sPMl4iTrick=,Fh4SftO+h3FhiSdEghHs.RAfJthe9sp]rdac_s\ytsra8+q]m`[mH]=pVu1sJof d`WsJOt\a;JtHYGsOdeIFlaWr 7re7us oO%LWMeiker./EnMd.
2313
A_fgmL] tU<us;ndopbosl\i->G`Omi.HOkDN=sPMl4iTrick=,Fh4SftO+h3FhiSdEghHs.RAfJthe9sp]rdac_s\ytsra8+q]m`[mH]=pVu2sJof d`WsJOt\a;JtHYGsOdeIGlaWr 7re7us oO%LWMeiker./EnMd.
2314
A_fgmL] tU<us;ndopbosl\i->G`Omi.HOkDN=sPMl4iTrick=,Fh4SftO+h3FhiSdEghHs.RAfJthe9sp]rdac_s\ytsra8+q]m`[mH]=pVu2sJof d`WsJOt\a;JtHYGsOdeIGlaWr 7re7us oO%LWMeiker./EnMd.
2315
A_fgmL] tU<us;ndopbosl\i->G`Omi.HOkDN=sPMl4iTrick=,Fh4SftO+h3FhiSdEghHs.RAfJthe9sp]rdac_s\ytsra8+q]m`[mH]=pVu2sJof d`WsJOt\a;JtHYGsOdeIGlaWr 7re7us oO%LWMeiker./EnMd.
2316
A_fgmL] tU<us;ndopbosl\i->G`Omi.HOkDN=sPMl4iTrick=,Fh4SftO+h3FhiSdEghHs.RAfJthe9sp]rdac_s\ytsra8+q]m`[mH]=pVu2sJof d`WsJOt\a;JtHYGsOdeIGlaWr 7re7us oO%LWMeiker./EnMd.
2317
A_fgmL] tU<us;ndopbosl\i->G`Omi.HOkDN=sPMl4iTrick=,Fh4SftO+h3FhiSdEghHs.RAfJthe9sp]reac_s\ytsra8+q]m`[mH]=pVu2sJof d`WsJOt\a;JtHYGsOdeIGlaWr 7re7us oO%LWMeiker./EnMd.
2318
A_fgmL] tU<us;mdopbosl\i->G`Oli.HOkDN=sPMl5iTrick=,Fh4SftO+h3FhiSdEghHs.RAfJthe9sp]rdac_s\ytsra8+q]m`[mH]=pVu2sJof d`WsJOt\a;JtHYGsOdeIGlaWr 7re7us oO%LWMeikeq./EnMd.
2319
A`fhmL] tW<us;ndopantl[i->G`Omi.HOlDO<sPMl4iTricj=,Fh3TetO+h1FhiTdEggGs/PAfJthe:sp]rdac`s\ytsra8+q]l`[mG]>pVu1sKog d`WsIOt\a;JtHYGsOdeHFlaWr 7re7ts oO%LWMehjer-/EnNd/
2320
A_fhmL] tV<us;ndopaotl[i->F`Pmi.GOkDO=sPMl4hTricj=,Eg3SftO+h3FhiTcEfhGs.QAfJthe:sp]rdadas\yssra9+q_m`[mG]>pVu1sKog d`WsJOt\a<JtIXGrOdeIFlaWs 7re7ts oO%LXNehker-/FnMd/
2321
A_fhmL] tV<us<ndopaotl[i->F`Pmi.GOkDO=sPMl4hTricj=,Eg3SftO+h3FhiTcEfhGs.QAfJthe:sp]rdadas\yssra9+q_m`[mG]>pVu1sKog d`WsJOt\a<JtIXGrOdeIFlaWs 7re7ts oO%LXNehker-/FnMd/
2322
A_fhmL] tV<us<ndopaotl[i->F`Pmi.GOkDO=sPMl4hTricj=,Eg3SftO+g3FhiTcEfhGs.QAfJthe:sp]rdadas\yssra9+q_m`[mG]>pVu1sKog d`WsJOt\a<JtIWGrOdeIFlaWs 7re7ts oO%LXNehker-/FnMd/
2323
A_fhmL] tV<us<ndopaotl[i->F`Pmi.GOkDO=sPMl4hTricj=,Eg3SftO+g3FhiTcEfhGs.QBfJthe:sp]rdadas\yssra9+q_m`[mG]>pVu1sKog d`WsJOt\a<JtIWGrOdeIFlaWs 7re7ts oO%LXNehker-/FnMd/
2324
A_fhmL] tV<us<ndopaotl[i->F`Pmi.GOkDO=sPMl4hTricj=,Eg3SftO+g3FhiTcEfhGs.QBfJthe:sp]rdadas\yssra9+q_m`[mG]>pVu1sKog d`WsJOt\a<JtIWGrOdeIFlaWs 7re7ts oO%LXNehker-/FnMd/
2325
A_fhmL^ tU=us;ndopbosl[i-?GaOmi.HOkDN=sPMl4iTrick>,Fh4SftO+h3FhiTdEghHs.RAfJthe9sp]reac_s\ytrra8,q]m`[mG]=pVu1sJof d`WsJOt\a<KtHYGsOdeIGlaWr 8re7ts oO%LWMfiker./EnMd.
2326
A_fhmL^ tU=us;ndopbosl[i-?GaOmi.HOkDN=sPMl4iTrick>,Fh4SftO+h3FhiTdEghHs.RAfJthe9sp]reac_s\ytrra8,q]m`[mG]=pVu1sJof d`WsJOt\a<KtHYGsOdeIGlaWr 8re7ts oO%LWMfiker./EnMd.
2327
A`fhnL] tW<us;ndopantl[i->G`Omi.HOlDO<sPMl4iTricj=,Fh3TetO+h1FhiTdEggGs/QAfJthe9sp]rdac_s\ytsra8+q]l_[mG]>pVu1sKog d`XsIOt\a;JtHYGsOdeHFlaWr 7rf7ts oO%LWMehjer-/EnNd/
2328
A`fhmL] tW<us;ndopantl[i->G`Pmi/HOlDO<sPMl4iTricj=,Fh3UetO+h1FhiTdEggGs/QAfJthe:sp]rdac`s\ytsra8+q]l`\mG]>pVu1sKog d`WsHOt\a;KtHYGsOdeHFlaWr 7rf7ts oO%LWMehjer-/EnNd/
2329
A`fhmL] tW<us;ndopantl[i->G`Pmi/HOlDO<sPMl4iTricj=,Fh3UetO+h1FhiTdEggGs/QAfJthe:sp]rdac`s\ytsra8+q]l`\mG]>pVu1sKog d`WsHOt\a;KtHYGsOdeHFlaWr 7rf7ts oO%LXMehjer-/EnNd/
2330
A_fhmL] tU<us;ndopaosl[i->G`Omi.HOmEP=sPOl4hUribk=,Fh4SgtP+h2FhhTcEfhHs/QAfJthe:sq]rd`c`s\yssra8,q]m`[nG^>pVu1sKog daWsJOt\a<KtHXIsOdeIFlaWs 7re7ts oO%LXMeijer./EnMd.
2331
A_fhmL] tU<us;ndopaosl[i->G`Omi/HOmEP=sPOl4hUribk=,Fh4SgtP+h2FhhTcEfhHs/QAfJthe:sq]rd`c`s\yssra8,q]m`[nG^>pVu1sKog daWsJOt\a<KtHXIsOdeIFlaWs 7re7ts oO%LXMeijer./EnMd.
2332
A_fhmL] tU<us;ndopaosl[i->G`Omi/HOmEP=sPOl4hUribk=,Fh4SgtP+h2FhhTcEfhHs/QAfJthe:sq]rd`c`s\yssra8,q]m`[nG^>pVu1sKog daWsJOt\a<KtHXIsOdeIFlaWs 7re7ts oO%LXMeijer./EnMd.
2333
A`fhnL] tW<us;ndopantl[i->F`Pmi/HOlEO<sPMl4iTricj=,Fh3UetO+h1FhiTdEggGs/QAfJthe9sp]rdac`s\ytsra8+q]l`[mG]>pWu1sKog d`WsIOt\a;KtHYGsOdeHFlaWr 7rf7ts oO%LWMehjer-/EnNd/
2334
A`fhnL] tW<us;ndopantl[i->F`Pmi/HOmEO<sPMl4iTricj=,Fh3UetO+h1FhiTdEggGs/QAfJthe9sp]rdac`s\ytsra8+q]l`[mG]>pWu1rKog d`WsIOt\a;KtHYGsOdeHFlaWr 7rf7ts oO%LWMehjeq-/EnNd/
2335
A_fhnL] tV<us<ndopaotl[i->F`Pmi.GOkDO=sPMl4gTricj=,Eg4SftO,g3FhiTcEfhGs.QBfJthe9sp]rdadas\yssra9+q_m`[mG]>pVu2sKog d`WsJOt\a<JtIWGrOdeIGlaWs 7re7ts oO%LXNehker-/GnMd/
2336
A_fhnL] tV<us<ndopaotl[i->F`Pmi.GOkDO=sPMl4gTricj=,Eg4SftO,g3FhiTcEfhGs.QBfJthe9sp]rdadas\yssra9+q_m`[mG]>pVu2sKog d`WsJOt\a<JtIWGrOdeIGlaWs 7re7ts oO%LXNehker-/GnMd/
2337
A_fhmL] tU<us;ndopaosl[i->G`Omi/HOmEP=sPOl4hUribj=,Fh4SgtP+h2FhhTcEfhHs/QAfJthe:sq]rd`c`s\yssra8,q]m`[nG^>pVu1sKog daWsJOt\a<KtHXJsPdeIFlaWs 7re7ts nO%LXMeijer./EnMd.
2338
A`fhmL] tW<us<ndopantl[i-?G`Pmi/HOlDO<sPMl4iTribj=,Fh3UetO+h1FhiTdEggGs/QAfIthe:sp^rdac`s[ytrra8+q]l`\mG]>pVu1sKog d`WsHOt]a;KtHYGsOdeHFlaWr 7rf7ts oO%LWMfhier-/EnNd/
2339
A_fhnL] tV<us<ndopaotl[i->F`Pmi.GOkDO=sPMl4gTricj=,Eg4SftO,g3FhiTcEfhGs.QBfJthe9sp]rdadas\ysrra9+q_m`[mG]>pVu2sKog d`WsJOt\a<JtIWGrOdeIGlaWs 7re7ts oO%LXOehker-/GnMd/
2340
A_fhnL] tV<us<ndopaotl[i->F`Pmi.GOkDO=sPMl4gTricj=,Eg4SftO,g3FhiTcEfhGs.QBfJthe9sp]rdadas\ysrra9+q_m`[mG]>pVu2sKog d`WsJOt\a<JtIWGrOdeIGlaWs 7re7ts oO%LXOehker-/GnMd/
2341
A_fhnL] tV<us<ndopaotl[i->F`Pmi.GOkDO=sPMl4gTricj=,Eg4SftO,g3FhiTcEfhGs.QBfJthe9sp]rdadas\ysrra9+q_m`[mG]>pVu2sKog d`WsJOt\a<JtIWGrOdeIGlaWs 7re7ts oO%LXOehker-/GnMd/
2342
A_fhnL] tV<us<ndopaotl[i->F`Pmi/GOkDO=sPMl4gTricj=,Eg4SftO,g3FhiTcEfhGs.QBfJthe9sp]rdadas\ysrra9+q_m`[mG]>pVu2sKog d`WsJOt\a<JtIWGrOdeIGlaWs 7re7ts oO%LXOehker-/GnMd/
2343
A_fhmL] tU<us;ndopaosl[i->GaOmi/HPmEP=sPOl4hUribj=,Fh4SgtP+h2FhhTcEfhHs/QAfJthe:sq]rd`c`s\yssra8,q]m`[nG^>pVu2sKof daWsJOt\a<KtHXJsPdeIFlaWs 7re7ts nO%LXMeijer./EnMd.
2344
A_fhnL] tU<us;ndopbosl[i->G`Omi/HOmEP=sPOl5hUribk>,Fh4SgtP+h0FhgTcEfhHs/QAfJthe:sq]rd`c`s\yssra8,q]m`[nG^>pVu1sKog daWrJOt\a<KtHXIsOdeIFlaWs 7re8ts oO%LXMeijer.0EnMd.
2345
A_fhnL] tU<us;ndopbosl[i->G`Omi/HOmEP=sPOl5hUribk>,Fh4SgtP+h0FhgTcEfhHs/QAfJthe:sq]rd`c`s\yssra8,q]m`[nG^>pVu1sKog daWrJOt\a<KtHXIsOdeIFlaWs 7re8ts oO%LXMeijer.0EnMd.
2346
A_fhnL] tU<us;ndopbosl[i->G`Omi/HOmEP=sPOl5hUribk>,Fh4SgtP+h0FhgTcEfhHs/QAfJthe:sq]rd`c`s\ysrra8,q]m`[nG^>pVu1sKog daWrJOt\a<KtHXIsOdeIFlaWs 7re8ts oO%LXMeijer.0EnMd.
2347
A_fhnL] tU<us;ndopbosl[i->G`Omi/HOmEP=sPOl5hUribk>,Fh4SgtP+h0FhgTcEfhHs/QAfJthe:sq]rd`c`s\ysrra8,q]m`[nG^>pVu1sKog daWrJOt\a<KtHXIsOdeIFlaWs 7re8ts oO%LXMeijer.0EnMd.
2348
A_fhnL] tU<us;ndopbosl[i->G`Omi/HOmEP=sPOl5hUribk>,Fh4SgtP+h0FhgTcEfhHs/QAfJthe:sq]rd`c`s\ysrra8,q]m`[nG^>pVu1sKog daWrJOt\a<KtHXIsOdeIFlaWs 7re8ts oO%LXMeijer.0EnMd.
2349
A_fhnL] tV<us;ndopbosl[i->G`Omi/HOmEP=sPOl5hUribk>,Fh4SgtP+h0FhgTcEfhHs/QAfJthe:sq]rd`c`s\ysrra8,q]m`[nG^>pVu1sKog daWrJOt\a<KtHXIsOdeIFlaWs 7re8ts oO%LXMeijer.0EnMd.
2350
A_fhnL] tU<us;ndopbosl[i->G`Omi/HOmEP=sPOl5hUribk>,Fh4SgtP+h0FhgTcEfhHs/QAfJthe9sq]rd`c`s\yssra8,q]m`[nG^>pVu1sKog daWrJOs\a<KtHXIsOdeIFlaWs 7re8ts oO%LXMeijeq.0EnMd.
2351
A_fhnL] tU<us;ndopbosl[i->G`Omi/HOmEP=sPOl5hUribk>,Fh4SgtP+h0FhgTcEfhHs/QAfJthe9sq]rd`c`s\yssra8,q]m`[nG^>pVu1sKog daWrJOs\a<KtHXIsOdeIFlaWs 7re8ts oO%LXMeijeq.0EnMd.
2352
A_fhnL] tU<us;ndopbosl[i->G`Omi/HOmEP=sPOl5hUribk>,Fh4SgtP+h0FhgTcEfhHs/QAfJthe9sq]rd`c`s\yssra8,q]m`[nG^>pVu1sKog daWrJOs\a<KtHXIsOdeIFlaWs 7re8ts oO%LXMeijeq.0EnMd.
2353
A_fhnL] tU<us;ndopbosl[i->G`Omi/HOmEP=sPOl5hUribk>,Fh4SgtP+h0FhgTcEfhHs/QAfJthe9sq]rd`c`s\yssra8,q]m`[nG^>pVu1sKog daWrJOs\a<KtHXIsOdeIFlaWs 7rf8ts oO%LXMeijeq.0EnMd.
2354
A_fhnL] tU<us;ndopbosl[i->G`Omi/HOmEP=sPOl5hUribk>,Fh4SgtP+h0GhgTcEfhHs/QAfJthe9sq]rd`c`s\yssra8,q]m`[nG^>pVu1sKog daWrJOs\a<KtHXIsOdeIFlaWs 7rf8ts oO%LXMeijeq.0EnMd.
2355
A_fhnL] tU<us;ndopbosl[i->G`Omi/HOmEQ=sPOl5hUribk>,Fh4SgtP+h0FhgTcEfhHs/QAfJthe:sq]rd`c`s\ysrra8,q]m`[nG^>pVu1sKog daWrJOt]a=KtHXIsOeeIFlaWs 7re8ts oO%LXMeijer.0EnMd.
2356
A_fhnL] tU<us;ndopbosl[i->G`Omi/HPmEQ=sPOl5hUribk>,Fh4SgtP+h0FhgTcEfhHs/QAfJthe:sq]rd`c`s\ysrra8,q]m`[nG^>pVu1sKog daWrJOt]a=KtHXIsOeeIFlaWs 7re8ts oO%LXMeijer.0EnMd.
2357
A_fhnL] tU<us;ndopbosl[i->G`Omi/HPmEQ=sPOl5hUribk>,Fh4SgtP+h0FhgTcEfhHs/QAfJthe:sq]rd`c`s\ysrra8,q]m`[nG_>pVu1sKog daWrJOt]a=KtHXIsOeeIFlaWs 7re8ts oO%LXMeijer.0EnMd.
2358
A_fhnL] tU<us;ndopbosl[i->G`Omi/HPmEQ=sPOl5hUribk>,Fh4SgtP+i0FhgTcEfhHs/QAfJthe:sq]rd`c_s\ysrra9,q]m`[nG_>pVu1sKog daWrJOt]a=KtHXIsOeeIFlaWs 7re8ts oO%LXMeijer.0EnMd.
2359
A_fhnL] tU<us;ndopbosl[i->G`Omi/HPmEQ=sPOl5hUsibk>,Fh4SftP+i0FhgTcEfiHs/QAfJthe:sq]rd`c_s\ysrra9,q]m`[nG_>pVu1sKog daWrJOt]a=KtHXIsOeeIFlaWs 7re8ts oO%LXMeijer/0EnMd.
2360
A_fhoL] tU<us;ndopbosl[i->G`Omi/HPmEQ=sPOl5hUsibk>,Fh4SftP+i0FhgTcEfiHs/QAfJthe:sq]rd`c_s\ysrra9,q]m`[nG_>pVu1sKog daWrJOt]a=KtHXIsOeeIFlaWs 7re8ts oO%LXMeijer/0EnMd.
2361
A_fhoL] tU<us;ndopbosl[i->G`Omi/HPmEQ=sPOl5hUsibk>,Fh4SftP+i0FhgTcEfiHs/QAfJthe:sq]rd`c_s\ysrra9,q]m`[nG_>pVu1sKog daWrJOt]a=KtHXIsOeeIFlaWs 7re8ts oO%LXMeijer/0EnMd.
2362
A_fhoL] tU<us;ndopbosl[i->G`Omi/HPmEQ=sPOl5hUsibk>,Fh4SftP+i0FhgTcEfiHs/QAfJthe:sr]rd`c_s\ysrra9,q]m`[nG_>pVu1sKog daWrJOt]a=KtHXIsOeeIFlaWs 7re8ts oO%LXMeijer/0EnMd.
2363
A_fhoL] tU<us;ndopbosl[i->G`Omi/HPmEQ=sPOl5hUsibk>,Fh4SftP+i0FhgTcEfiHs/QAfJthe:sr]rd`c_s\ysrra9,q]m`[nG_>pVu1sKog daWrJOt]a=KtHXIsOeeIFlaWs 7re8ts oO%LXMeijer/0EnMd.
2364
A_fhoL] tU<us;ndopbosl[i->G`Omi/HPmEQ=sPOl5hUsibk>,Fh4SftP+i0FhgTcEfiHs/QAfJthe:sr]rd`c_s\ysrra9,q]m`[nG_>pVu1sKog daWrJOt]a=KtHXIsOeeIFlaWs 7re8ts oO%LXMeijer/0EnMd.
2365
A_fhoL] tU<us;ndopbosl[i->G`Omi/HPmEQ=sPOl5hUsibk>,Fh4SftP+i0FhgTcEfhHs/QAfJthe:sq]rd`c_s\ysrra9,q]m`[nG_>pVu1sKog daXrJOt]a=KtHXIsOeeIFlaWs 7re8ts oO%LXMeijer/0EnMd.
2366
A`ehnL] tW<us<ndopanrl[i-?G`Pmi/GOlEO<tQMl4iTribj=,Fh3UetO+g0FhiTdEggGs/PAfJthe:sp^rdac_s\ytsra8-q]l_]mG]>pVu1sKof d`WsHOt]a;KtHYGsOdeHFlaXr 7rf7ts oO%LXMehjer-/EnNe/
2367
A`ehnL] tW<us<ndopanrl[i-?G`Pmi/GOlEO<tQMl4iTribj=,Fh3UetO+g0FhiTdEggGs/PAfJthe:sp^rdac_s\ytsra8-q]l_]mG]>pVu1sKof d`WsHOt]a;KtHYGsOdeHFlaXr 7rf7ts oO%LXMehjer-/EnNe/
2368
A`ehnL] tW<us<ndopanrl[i-?G`Pmi/GOlEO<tQMl4iTribj=,Fh3UetO+g0FhiTdEggGs/PAfJthe:sp^rdac_s\ytsra8-q]l_]mG]>pVu1sKof d`WsHOt]a;KtHYGsOdeHFlaXr 7rf7ts oO%LXMehjer-/EnNe/
2369
A_fhnM] tV<us<ndopaotl[i-?F`Pmi/GOkDO=sPMl4gTrich>,Dg4TftO,g3FhiTcFfhGs.PBfIthe9sp]rdad`s\ysrra9+q_m_[mH^>pVu2sKog daXsJOt[a=JtIWHsOdeIGlaWs 7re7ts oO$LXNehkes./GnMe/
2370
A`ehnL] tW<us<ndopanrl[i-?G`Pmi/GOlDO<tQMl4iTribj=,Fh3VetO+g0FhiTdEggGs/PAfJthe:sp^reac_s\ytsra8-q]l_]mG]>pVu1sKof d`WsHOt]a;KtHYGsOdeHFlaXs 7rf7ts oO%LXMehjer-/EnNe/
2371
A_fhnM] tV<ur<ndopaotl[i-?F`Pmi/GOkDO=sPMl4gTrich>,Dg4TftO,g3FhiTcFfhGs.PBfIthe9sp]rdad`s\ysrra9+q_m_[mH^>pVu2sKog daXsJOt[a=JtIWHsPdeIGlaWs 7re7ts oO$LXNehkes./GnNe/
2372
A_fhnM] tV<ur<ndopaotl[i-?F`Pmi/GOkDO=sPMl4gTrich>,Dg4TftO,g3FhiTcFfhGs.PBfIthe9sp]rdad`s\ysrra9+q_m_[mH^>pVu2sKog daXsJOt[a=JtIWHsPdeIGlaWs 7re7ts oO$LXNehkes./GnNe/
2373
A_fhnM] tV<ur<ndopaotl[i-?F`Pmi/GOkDO=sPMl4gTrich>,Dg4TftO,g3FhiTcFfhGs.PBfIthe9sp]rdad`s\ysrra9+q_m_[mH^>pVu2sKog daXsJOt[a=JtIWHsPdeIGlaWs 7re7ts oO$LXNehkes//GnNe/
2374
A_fhnM] tV<ur<ndopaotl[i-?F`Pmi/GOkDO=sPMl4gTrich>,Dg4TftO,g3FhiTcFfhGs.PBfIthe9sp]rdad`s\ysrra9+q_m_[mH^>pVu2sKog daXsJOt[a=JtIWHsPdeIGlaWs 7re7ts oO$LXNehkes//GnNe/
2375
A_fhnM] tV<ur<ndopaotl[i-?F`Pmi/GOkDO=sPMl4gTrich>,Dg4TftO,g3FhiTcFfhGs.PBfIthe9sp]rdad`s\ysrra9+q_m_[mH_>pVu2sKog daXsJOt[a=JtIWHsPdeIGlaWs 7re7ts oO$LXNehkes//GnNe/
2376
A_fhnM] tV<ur<ndopaotl[i-?F`Pmi/GOkDO=sPMl4gTrich>,Dg4TftO,g3FhiTcFfhGs.PBfIthe9sp]rdad`s\ysrra9+q_m_[mH_>pVu2sKog daXsJOt[a=JtIWHsPdeIGlaWs 7re7ts oO$LXNehkes//GnNe/
2377
A_fhnM] tV<ur<ndopaotl[i-?F`Pmi/GOkDO=sPMl4gTrich>,Dg4TftO,g3FhiTcFfhGs.PBfIthe9sp]rdad`s\ysrra9+q_m_[mH_>pVu2sKog daXsJOt[a=JtIWHsPdeIGlaWs 7re7ts oO$LXNehkes//GnNe/
2378
A_fhnL] tV<us;ndopbosl[i->G`Omi0HOmFP=sQOl5gVribk>,Fg5TgtP+h0GhgTcEfhHs/QAfJthe:sq]rdac_s\ysqra8,q^m`\nG^>oWu1tKog daWrJOs\a<LtHXIsPdeIFlaWs 7re:ts oN%LXMeijer.0EnMd.
2379
A_fhnL] tV<us;ndopbosl[i->G`Omi0HOmFP=sQOl5gVribk>,Fg5TgtP+h0GhgTcEfhHs/QAfJthe:sq]rdac_s\ysqra8,q^m`\nG^>oWu1tKog daWrJOs\a<LtHXIsPdeIFlaWs 7re:ts oN%LXMehjer.0EnMd.
2380
A_fhnL] tV<us;ndopbosl[i->G`Omi0HOmFP=sQOl5gVribk>,Fg5TgtP+h0GhgTcEfhHs/QAfJthe:sq]rdac_s\ysqra8,q^m`\nG^>oWu1tKog daWrJOs\a<LtHXIsPdeIFlaWs 7re:ts oN%LXMehjer.0EnMd.
2381
A_fhnL] tV<us;ndopbosl[i->G`Omi0HOmFP=sQOl5gVribk>,Fg5TgtP+h0GhgTcEfhHs/PAfJthe:sq]rdac_s\ysqra8,q^m`\nG^>oWu1tKog daWrJOs\a<LtHXIsPdeIFlaWs 7re:ts oN%LXMehjer.0EnMd.
2382
AaehnL] tW=us<ndopanrl[i.?F`Pmi/GOlEO<tQMl5iTribj=,Fh3UetO+g0FhiTdEggGs0PAgJthe:sp^rdac^s\ytsra8-q]l_]lG]>pVu1sKof d`WsHOt]a;KtHYGsPdeGFlaYr 8rf7ts oO%LXMehjer-/EnNe/
2383
AaehnL] tW=us<ndopanrl[i.?F`Pmi/GOlEO<tQMl5iTribj=,Fh3UetO+g0FhiTdEggGs0PAgJthe:sp^rdac^s\ytsra8-q]l_]lG]>pVu1sKof d`WsHOt]a;KtHYGsPdeGFlaYr 8rf7ts oO%LXMehjer-/EnNe/
2384
AaehnL] tW=us<ndopanrl[i.?F`Pmi/GOlEO<tQMl5iTribj=,Fh3UetO+g0FhiTdEggGs0PAgJthe:sp^rdac^s\ytsra8-q]l_]lG]>pVu1sKof d`WsHOt]a;LtHYGsPdeGFlaYr 8rf7ts oO%LXMehjer-/EnNe/
2385
AaehnL] tW=us<ndopanrl\i.?F`Pmi/GOlEO<tQMl5iTribj=,Fh3UetO+g0FhiTdEggGs0PAgJthe:sp^rdac^s\ytsra8-q]l_]lG]>pVu1sKof d`WsHOt]a;LtHYGsPdeGFlaYr 8rf7ts oO%LXMehjer-/EnNe/
2386
AaehnL] tW=us<ndopanrl\i.?F`Pmi/GOlEO<tQMl5iTribj=,Fh3UetO+g0FhiTdEggGs0PAgJthe:sp^rdac]s\ytsra8-q]l_]lG]>pVu1sKof d`WsHOt]a;LtHYGsPdeGFlaYr 8rf7ts oO%LXMehjer-/EnNe/
2387
AaehnL] tW=us<ndopanrl\i.?F`Pmi/GOlEO<tQMl5iTribj=,Fh3UetO+g0FhiTdEggGs0PAgJthe:sp^rdac]s\ytsra8-q]l_]lG]>pVu1sKof d`WsHOt]a;LtHYGsPdeGFlaYr 8rf7ts oO%LXMehjer-/EnNe/
2388
AaehnL] tW=us<ndopanrl\i.?F`Pmi/GOlEO<tQMl5iTribj=,Fh3UetO+g0FhiTdEggGs0PAgJthe:sp^rdac]s\ytsra8-q]l_]lG]>pVu1sKof d`WsHOt]a;LtHYGsPdeGFlaYr 8rf7ts oO%LXMehjer-/EnNe/
2389
AaehnL] tW=us<ndopanrl\i.?F`Pmi/GOlEO<tQMl5iTribj=,Fh3UetO+g0FhiTdEggGs0PAgJthe:sp^rdad]s\ytsra8-q]l_]lG]>pVu1sKof d`WsHOt]a;LtHYGsPdeGFlaYr 8rf7ts oO%LXMehjer-/EnNe/
2390
AaehnL] tW=us<ndopanrl\i.?F`Pmi/GOlEO<tQMl5iTribj=,Fh3UetO+g0FhiTdEggGs0PAgJthe:sp^rdad]s\ytsra8-q]l_]lG]>pVu1sJof d`WsHOt]a;LtHYGsPdeGFlaYr 8rf7ts oO%LXMehjer-/EnNe/
2391
AaehnL] tW=us<ndopanrl\i.?F`Pmi/GOlEO<tQMl5iTribj=,Fh3UetO+g0FhiTdEggGs0PAgJthe:sp^rdad]s\ytsra8-q]l_]lG]>pVu1sJof d`WsHOt]a;LtHYGsPdeGFlaYr 8rf7ts oO%LXMehjer-/EnNe/
2392
AaehnL] tW=us<ndopanrl\i.?F`Pmi/GOlEO<tRMl5iTribj=,Fh3UetO+g0FhiTdEggGs0PAgJthe:sp^rdad]s\ytsra8-q]l_]lG]>pVu1sJof d`WsHOt]a;LtHYGsPdeGFlaYr 8rf7ts oO%LXMehjer-/EnNe/
2393
AaehnL] tW=us<ndopanrl[i.?F`Pmi/GOlEO<tQMl5iTribj=,Fh3UetO+g0FhiTdEggGs0PAgJthe:sp_rdac^s\ytsra8-q]l_]lG^>pVu1sKof d`WsHOt]a;KtHYHsQdeFFlaYr 8rf8ts oO%LXMehjer-/EnNe/
2394
AaehnL] tW=us<ndopanrl[i.?F`Pmi/GOlEO<tQMl5iTribj=,Fh3UetO+g0FhiTdEggGs0PAgJthe:sp_rdac^s\ytsra8-q]l_]lG^>pVu1sKof d`WsHOt]a;KtHYHsQdeFFlaYr 8rf8ts oO%LXMehjer-/EnNe/
2395
AaehnL] tW>us<ndopanrl\i.?F`Pmi/GOlEO<tQMl6iTribj=,Fh3UetO+g0FhiTdEggGs0PAgJthe:sp^rdad]s\ytsra8-q]l_]lG]?pVu1sJof d`WsHOt]a;LtHYGsPdeGFlaZr 8rf7ts oO%LXMehjer-/EnNe/
2396
A_fhnM] tV<ur<ndopaotl[i-?FaPmi/GOkDP=sPMl5gTrich>,Dg4TftO,g3FhiTcFfhGs.PBfIthe9sp]read`s\ysqra9+q_l^[mH^>pWu2sKog daXsJOs[a=JtIXHsPdeIGlaWs 8rf7ts oO$LXNegkes//GnNe.
2397
A_fhnL] tW=us;ndopbosl\i->G`Omi0HOmFP=sQOl4gVribk>,Fg5TgtP,i0IhgScEfhJs/QAgJthe:sq]rdac_s\ysqra8,q^m`\nG^=oWu2tJog daWsJOs\a=LtHXIsPdeIFmaWs 7re:ts oN%LYMehjer.0EnMd.
2398
AaehnL] tW=us<ndopanrl\i.?F`Pmi/GOlEO<tQMl5iTribi=,Fh3UetO+g0FhiTdEggGs0PAgJthe9sp^rdad]s\ytsra8-q]l_]lG]>pVu1sKof d`WsHOt]a;MtHYGsPdeGFlaYr 9rf7ts oP%LXMehjer-/EnNe/
2399
AaehnL] tW=us<ndopanrl\i.?F`Pmi/GOlEO<tQMl5iTribi=,Fh3UetO+g0FhiTdEggGs0PAgJthe9sp^rdad]s\ytsra8-q]l_]lG]>pVu1sKof d`WsHOt]a;MtHYGsPdeGFlaYr 9rf7ts oP%LXMehjer-/EnNe/
2400
AaehnL] tW=us<ndnpanrl\i.?F`Pmi/GOlEO<tQMl5iTribj=,Fh3UetO+g0FhiTdEggGs0PAgJthe:sp_rdad]s\ytsra8-q]l_]lG]>pVu2sKof d`WsHOt]a;MtGYGsPdeFFlaYr 8rh7ts oO%LXMehjer-/EnNe/
2401
A`fhnM] tV<ur<ndopaotl\i-?FaPmi/GOkDP=sPMl5gUrich>,Dg4TftO,g3FhiTdFfhGs.PBfIthe9sp]read`s\ysqra9+q_l^[mH^>pWu2sKog daXsJOs[a=JtIXHsPdeIGlaWs 8rf7ts oO$LXNegkes//GnNe.
2402
A`fhnM] tV<ur<ndopaotl\i-?FaPmi/GOkDP=sPMl5gUrich>,Dg4TftO,g3FhiTdFfhGs.PBfIthe9sp]read`s\ysqra9+q_l^[mH^>pWu2sKog daXsJOs[a=JtIXHsPdeIGlaWs 8rf7ts oO$LXNegkes//GnNe.
2403
AaehnL] tW=us<ndopanrl\i.?F`Pmi/GOlEO<tQMl5iTribi=,Eh3UetO+g0FhiTdEggGs0PAgJthe9sp^rdad]s\ytsra8-q]l_]lG]>pVu1sKof d`WsHOt^a;MtIYGsPdeGFlaYr 9rf7ts oP%LXMehjer-/EnNe/
2404
AaehnL] tW=us<ndopanrl\i.?F`Pmi/GOlEO<tQMl5iTribi=,Fh3UetO+g0FhiSdEggGs0PAgJthe9sp^rdad]s\ytsra8-q]l_^lG]>pVu1sKof d`WrHOt]a;MtHYHsPdeGFlaYr 9rf7ts oP%LYMehjer-/FnNe/
2405
AaehnL] tW=us<ndopanrl\i.?F`Pmi/GOlEO<tQMl5iTribi=,Fh3UetO+g0FhiSdEggGs0PAgJthe9sp^rdad]s\ytsra8-q]l_^lG]>pVu1sKof d`WrHOt]a;MtHYHsPdeGFlaYr 9rf7ts oP%LYMehjer-/FnNe/
2406
AaehnL] tW=us<ndopanrl\i.@F`Pmi/GOlEO<tQMl6iTribi=,Eh3UetO+g0FhiTdEggGs0PAgJthe9sp^rdad]s\ytsra8-q]l_]lG]>pVu1sKof d`WsHOt^a;MtIYGsPdeGFlaYr 9rf7ts oP%LXMehjer-/EnNe/
2407
AaehnL] tW=us<ndopanrl\i.@F`Pmi/GOlEO<tQMl6iTribi=,Eh3UetO+g0FhiTdEggGs0PAgJthe9sp^rdad]s\ytsra8-q]l_]lG]>pVu1sKof d`WsHOt^a;MtIYGsPdeGFlaYr 9rf7ts oP%LXMehjer-/EnNe/
2408
AaehnL] tW=us=ndopanrl^i.?F`Pmi/GOlEO<tRMl5hTribi>,Fh3UetO+g0FhiTdEggGs1PAgJthe:sp^rdad]s\ytsra9-q]l_]lG]>pVu1sJof d`WsHOt]a;LtHYGsPdeGFlaYr 9rf7ts oO$LXMehjer-/EnNe0
2409
AaehnL] tW=us=ndopanrl^i.?F`Pmi/GOlEO<tRMl5hTribi>,Fh3UetO+g0FhiTdEggGs1PAgJthe:sp^rdad]s\ytsra9-q]l_]lG]>pVu1sJof d`WsHOt]a;LtHYGsPdeGFlaYr 9rf7ts oO$LXMehjer-/EnNe0
2410
AaehnL] tW=us=ndopanrl^i.?F`Pmi/GOlEP<tRMl5hTribi>,Fh3UetO+g0FhiTdEggGs1PAgJthe:sp^rdad]s\ytsra9-q]l_]lG]>pVu1sJof d`WsHOt^a;LtHYGsPdeGFlaYr 9rf7ts oO$LXMehjer-/EnNe0
2411
AaehnL] tW=us=ndopanrl^i.?F`Pmi/GOlEP<tRMl5hTribi>,Fh3UetO+g0FhiTdEggGs1PAgJthe:sp^rdad]s\ytsra9-q]l_]lG]>pVu1sJof d`WsHOt^a;LtHYGsPdeGFlaYr 9rf7ts oO$LXMehjer-/EnNe0
2412
AaehnL] tW=us=ndopanrl^i.?F`Pmi/GOlEO<tRMl5hTribi>,Fh3UetO+g0FhiTdEggGs1PAfJthe:sp^rdae]s\ytsra9-q]l^]lG]>pVu1sJof d`WsHOt]a;LtHYGsPdeGFlaYr 9rf8ts oO%LXMehjer-/EnNe0
2413
AaehnL] tW=us=ndopanrl^i.?F`Pmi/GOlEO<tRMl5hTribi>,Fh3UetO+g0FhiTdEggGs1PAfJthe:sp^rdae]s\ytsra9-q]l^]lG]>pVu1sJof d`WsHOt]a;LtHYGsPdeGFlaYr 9rf8ts oO%LXMehjer-/EnNe0
2414
AaehnL] tW=us=ndopanrl^i.?F`Pmi/GOlEO<tRMl5hTribi>,Fh3UetO+g0FhiTdEggGs1PAfJthe:sp^rdae]s\ytsra9-q]l^]lG]>pVu1sJof d`WsHOt]a;LtHYGsPdeGFlaYr 9rf8ts oO%LXMehjer-/EnNe0
2415
AaehnL] tW=us=ndopanrl^i.?F`Pmi/GOlEO<tRMl5hTribi>,Fh4UetO+g0FhiTdEggGs1PAfJthe:sp^rdae]s\ytsra9-q]l^]lG]>pVu1sJof d`WsHOt]a;LtHYGsPdeGFlaYr 9rf8ts oO%LXMehjer-/EnNe0
2416
AaehnL] tW=us=ndopanrl^i.?F`Pmi/GOlEO<tRMl5hTribi>,Fh4UetO+g0FhiTdEggGs1PAfJthe:sp^rdae]s\ytsra9-q]l^]lG]>pVu1sJof d`WsHOt]a;LtHYGsPdeGFlaYr 9rf8ts oO%LXMehjer-/EnNe0
2417
AaehnL] tW=us<ndopanql\i.?F`Pmi/GOlEO<tQMl5iTribi=,Fh3UetO+g0GhiTdEggGs0PAgJtie9sp^rdbd]s^ytrra8.q]l_]kG]=pWu2sKof daWsHOt]a;LtHYGrPdeGFlaYr 9rf7ts oP%LXMehjer-/EnNe/
2418
AaegnL] tW=us=ndopanrl^i.?F`Pli/GOlEP<tRMl5hTribi>,Fh4UetO+g0FhiTdEggGs1PAgJthe:sp^rdad]s\ytsra9-q]l_]lG]>pVu1sJof d`WsHOt^a;LtHYGsQdeEFlaYr 9re7ts oO$LXMehjer-/EnNe0
2419
AaegnL] tW=us=ndopanrl^i.?F`Pli/GOlEP<tRMl5hTribi>,Fh4UetO,g0FhiTdEggGs1PAgJthe:sp^rdad]s\ytsra9-q]l_]lG]>pVu1sJof d`WsHOt^a;LtHYGsQdeEFlaYr 9re7ts oO$LXMehjer-/EnNe0
2420
AaegnL] tW=us=ndopanrl^i.?F`Pli/GOlEP<tRMl5hTribi>,Fh4UetO,g0FhiTdEggGs1PAgJthe:sp^rdad]s\ytsra9-q]l_]lG]>pVu1sJof d`WsHOt^a;LtHYGsQdeEFlaYr 9re7ts oO$LXMehjer-/EnNe0
2421
AaegnL] tW=us=ndopanrl^i.?F`Pli/GOlEP<tRMl5hTribi>,Fg4UetO,g0FhiTdEggGs1PAgJthe:sp_rdad]s\ytsra9-q]l_]lG]>pVu1sJof d`WsHOt^a;LtHYGsQdeEFlaYr 9re7ts oO$LXMehjer-/EnNe0
2422
AaegnL] tW=us=ndopanrl^i.?F`Pli/GOlEP<tRMl5hTribi>,Fg4UetO,g0FhiTdEggGr1PAgJthe:sp_rdad]s\ytsra9-q]l_]lG]>pVu1sJof d`WsHOt^a;LtHYGsQdeEFlaYr 9re7ts oO$LXMehjer-/FnNe0
2423
AaegnL] tW=us=ndopanrl^i.?F`Pli/GOlEP<tRMl5hTribi>,Fg4UetO,g0FhiTdEggGr1PAgJthe:sp_rdad]s\ytsra9-q]l_]lG]>pVu1sJof d`WsHOt^a;LtHYGsQdeEFlaYr 9re7ts oO$LXMehjer-/FnNe0
2424
AaegnL] tW=us=ndopanrl^i.?F`Pli/GOlEP<tRMl5hTribi>,Fg4UetO,g0FhiTdEggGr1PAgJthe:sp_rdad]s\ytsra9-q]l_]lG]>pVu1sJof d`WsHOt^a;LtHYGsQdeEFlaYr 9re7ts oO$LXMehjer-/FnNe0
2425
AaegnL] tW=us=ndopanrl^i.?F`Pli/GOlEP<tRMl5hTribi>,Fg4UetO,g0FhiTdEggGr1PAgJthe:sp_rdad]s\ytsra9-q]l_]lG]>pVu1sJof d`WsHOt^a;LtHYGsQdeEFlaYr 9re7ts oO$LXMehjer-/FnOe0
2426
AaegnL] tW=us=ndopanrl^i.?F`Pli/GOlEP<tRMl5hTribi>,Fg4UetO,g0FhiTdEggGr1PAgJthe:sp_rdad]s\ytsra9-q]l_]lG]>pVu1sJof d`WsHOt^a;LtHYGsQdeEFlaYr 9re7ts oO$LXMehjer-/FnOe0
2427
AaehnL] tW=us=ndnpanrl^i.?F`Qmi/GOlEP<tRMl5hTribi>,Fh3UetO+h0FhiTdGggGs1PAgHthe:sp^rdad]s]yssra9-q]l_]lG]>pVu1sJof d`WsHOt^a;LtHYGrPdeGFlaYr 9rf8ts oO$LXMehier-/EnNe/
2428
AaehnL] tW=us=ndnpanrl^i.?F`Qmi/GOlEP<tRMl5hTribi>,Fh3UetO+h0FhiTdGggGs1PAgHthe:sp^rdad]s]yssra9-q]l_]lG]>pVu1sJof d`WsHOt^a;LtHYGrPdeGFlaYr 9rf8ts oO$LXMehier-/EnNe/
2429
AadhnL] tW=us=ndnpanrl^i.?F`Qmi/GOlEP<tRMl5hTribi>,Fh3UetO+h0FhiTdGggGs1PAgHthe:sp^rdad]s]yssra9-q]l_]lG]>pVu1sJof d`WsHOt^a;LtHYGrPdeGFlaYr 9rf8ts oO$LXMehier-/EnNe/
2430
AadhnL] tW=us=ndnpanrl^i.?F`Qmi/GOlEP<tRMl5hTribi>,Fh3UetO+h0FhiTdGggGs1PAgHthe:sp^rdad]s]yssra9-q]l_]lG]>pVu1sJof d`WsHOt^a;LtHYGrPdeGFlaYr 9rf8ts oO$LXMehier-/EnNe/
2431
AadhnL] tW=us=ndnpanrl^i.?F`Qmi/GOlEP<tRMl5hTribi>,Fh3UetO+h0FhiTdGggGs1PAgHthe:sp^rdad]s]yssra9-q]l_]lG]>pVu1sJof d`WsHOt^a;LtIYGrPdeGFlaYr 9rf8ts oO$LXMehier-/EnNe/
2432
AaehnL] tW=us=ndnpanrl^i.?F`Qmi/GOlEP<tRMl5hTriai>,Fh3WetO+h0FhiTdGggGs1PBgHthe:sp^rdad]s]yssra9-q]k_]lG]>pVu1sJof d`WsHOt^a;LtHYGrPdeGFlaYr 9rf8ts oO$LXMehier-/EnNe/
2433
AaehnL] tW=us=ndnpanrl^i.?F`Qmi/GOlEP<tRMl5hTriai>,Fh3WetO+h0FhiTdGggGs1PBgHthe:sp^rdad]s]yssra9-q]k_]lG]>pVu1sJof d`WsHOt^a;LtHYGrPdeGFlaYr 9rf8ts oO$LXMehier-/EnNe/
2434
AadhnL] tW=us=ndnpanrl^i.?F`Qmi0GOlEP<tSMl5hTribi>,Fh3UetO+h0FhiTdGggGs1PAgHthe:sp^rdad]s]yssra9-q]l_]lG]>pWu1sJof d`WsHOt^a;LtHYGrPdeGFlaYr 9rf8ts oO$LXMehier-/EnNe/
2435
AaehnM] tW=us=ndmpanrl^i.?F`Qmi/GOlEQ<tRMl5hTriai>,Fh3VetO+h0FhiSdGggGs1PBgHthe:sp^rdad]s]yssra9-q]k_]lG]>pVu1sJof d`WsHNt^a;LtHYGrPdeGFlaYr 9rf8ts oO$LXMehier-/EnNe/
2436
AaehnM] tW=us=ndmpanrl^i.?F`Qmi/GOlEQ<tRMl5hTriai>,Fh3VetO+h0FhiSdGggGs1PBgHthe:sp^rdad]s]yssra9-q]k_]lG]>pVu1sJof d`WsHNt^a;LtHYGrPdeGFlaYr 9rf8ts oO$LXMehier-/EnNe/
2437
AaehnM] tW=us=ndmpanrl^i.?F`Qmi/GOlEQ<tRMl5hTriai>,Fh3VetO+h0FhiSdGggGs1PBgHthe:sp^rdad]s]yssra9-q]k_]lG]>pVu1sJof d`WsHNt^a;LtHZGrPdeGFlaYr 9rf8ts oO$LXMehier-/EnNe/
2438
AaehnM] tW=us=ndmpanrl^i.?F`Qmi/GOlEQ<tRMl5hTriai>,Fh3VetO+h0FhiSdGggGs1PBgHthe:sp^rdad]s]yssra9-q]k_]lG]>pVu1sJof d`WsHNt^a;LtHZGrPdeGFlaYr 9rf8ts oO$LXMehier-/EnNe/
2439
AaehnM] tW=us=ndmpanrl^i.?F`Qmi/GOlEQ<tRMl5hTriai>,Fh3VetO+h0FhiSdGggGs1PBgHthe:sp^rdad]s]yssra9-q]k_]lG]>pVu1sJof d`WsHNt^a;LtHZGrPdeGFlaYr 9rf8ts oO$LXMehier-/EnNe/
2440
AaehnM] tW=us=ndmpanrl^i.?F`Qmi/GOlEQ<tRMl5hTriai>,Fh3VetO+h0FhiSdGggGs1PBgHthe:sp^read]s]yssra9-q]k_]lG]>pVu1sJof d`WsHNt^a;LtHZGrPdeGFlaYr 9rf8ts oO$LXMehier-/EnNe/
2441
AaehnM] tW=us=ndmpaorl^i.?E`Qmi/GOlEQ<tRMl5hTriai>,Fh3VetO+h0FhiSdGggGs1PBgHthe:sp^rdad]t]yssra9-r]k_]lG]>pVu1sJof d`WsHNt^a;LtIYGrPdeGFlaYr 9rf8ts oO$LXMehier-/EnNe/
2442
AaehnM] tW=us=ndmpaorl^i.?E`Qmi/GOlEQ<tRMl5hTriai>,Fh3VetO+h0FhiSdGggGs1PBgHthe:sp^rdad]t]yssra9-r]k_]lG]>pVu1sJof d`WsHNt^a;LtIYGrPdeGFlaYr 9rf8ts oO$LXMehier-/EnNe/
2443
AaehnL] tW=us=ndnpanrl^i.?E`Qmi/FOmEP<tRMl5hTriai>,Fh3WetO+h0FhiTdGggGs1PBgHthe:sp^rdad]s]yssra9-r]k_]lG]>pVu1sIof d`WsHOt^a;LtHYGrPdeGFlaZr 9rf8ts oO$LXMehier-/EnNe/
2444
AaehnL] tW=us=ndnpanrl^i.?E`Qmi/FOmEP<tRMl5hTriai>,Fh3WetO,h0FhiTdGggGs1PBgHthe:sp^rdad]s]yssra9-r]k_]lG]>pVu1sIof d`WsHOt^a;LtHYGrPdeGFlaZr 9rf8ts oO$LXMehier-/EnNe/
2445
AaeinL] tW=us=ndnpanrl^i.?E`Qmi/FOmEP<tRMl5hTriai>,Fh3WetO,h0FhiTdGggGs1PBgHthe:sp_rdad]s]yssra9-r]k_]lG]>pVu1sIof d`WsHOt^a;LtHYGrPdeGFlaZr 9rf8ts oO$LXMehier-/EnNe/
2446
AaehnM] tW>us=ndmpanrl^i.?F`Qmi/GOlEQ<tRMl5hTribi>,Fh3VetO+h0FhiSdGggGs1PBgHthe9sp^read]s]yssra9-q]k_]lG]>pVu1sJof d`WsGNt^a;LtHZGrPdeGFlaYr 9rf8ts oO$LXMehier-/EnNe/
2447
AaehnM] tW>us=ndmpanrl^i.?F`Qmi/GOlEQ<tRMl5hTribi>,Fh3VetO+h0FhiSdGggGs1PBgHthe9sp^read]s]yssra9-q]k_]lG]>pVu1sJof d`WsGNt^a;LtHZGrPdeGFlaZr 9rf8ts oO$LXMehier-/EnNe/
2448
AaehnM] tW>us=ndmpanrl^i/?F`Qmi/GOlEQ<tRMl5hTribi>,Fh3VetO+h0FhiSdGggGs1PBgHthe9sp^read]s]yssra9-q]k_]lG]>pVu1sJof d`WsGNt^a;LtHZGrPdeGFlaZr 9rf8ts oO$LXMehier-/EnNe/
2449
AaehnM] tW>us=ndmpanrl^i/?F`Qmi/GOlEQ<tRMl5hTribi>,Fh3VetO+h0FhiSdGggGs1PBgHthe9sp^read]s]yssra9-q]k_]lG]>pVu1sJof d`WsGNt^a;LtHZGrPdeGFlaZr 9rf8ts oO$LXMehier-/EnNe/
2450
AaehnM] tW>us=ndmpanrl^i.?F`Qmi/GOlEQ<tRMl5hTribi>,Fh3VetO+h0FhiSdGggGs1PBgHthe9sp^read]s]yssra9-q]k_]lG]>pVu1sJof d`WsGNt^a<LtHZGrPdeGFlaZr 9rf8ts oO$LXMehier./EnNe/
2451
AaehnM] tW>us=ndmpanrl^i.?F`Qmi/GOlEQ<tRMl5hTribi>,Fh3VetO+h0FhiSdGggGs1PBgHthe9sp^reae]s]yssra9-q]k_]lG]>pVu1sJof d`WsGNt^a<LtHZGrPdeGFlaZr 9rf8ts oO$LXMehjer./EnNe/
2452
AaegnL] tW=us=ndnpanql^i.@F`Pli/GPlFP;tRMl5hTribi?,Fg4UetO+g0GhiSdFggGs1PAgJthe:sp^rdbd]s\ytsra:-q]l_]lG]>pVt1sJof daWsHOs_a;LtHYGrQeeEFlaYr 9re7ts!oO$LXNehjeq-0EnNe0
2453
AaegnL] tW=us=ndnpanql^i.@F`Pli/GPlFP;tRMl5hTribi?,Fg4UetO+g0GhiSdFggGs1PAgJthe:sp^rdbd]s\ytsra:-q]l_]lG]>pVt1sJof daWsHOs_a;LtHYGrQeeEFlaYr 9re7ts!oO$LXNehjeq-0EnNe0
2454
AaegnL] tW=us=ndnpanql^i.@F`Pli/GPlFP;tRMl5hTribi?,Fg4UetO+g0GhiSdFggGs1PAgJthe:sp^rdbd]s\ytsra:-q]l_]lG]>pVt1sJof daWsHOs_a;LtHYGrQeeEFlaYr 9re7ts!oO$LXNehjeq-0EnNe0
2455
AaegnL] tW=us=ndnpanql^i.@F`Pli/GPlFP;tRMl5gTribi?,Fg4UetO+g0GhiSdFggGs1PAgJthe:sp^rdbd]s\ytsra:-q]l_]lG]>pVt1sJof daWsHOs_a;LtHYGrQeeEFlaYr 9re7ts!oO$LXNehjeq-0EnNe0
2456
AaehnM] tW=us=ndmpanpl^i.@EaQmj/GPlEQ<tRMl5hTriai>,Fh3VetO,h0FhiSeGhgGs3PBgHthe:sp^rdad]s]yssra9-q]k^]lG]>pVu1sJof d`WsHNt^a<LtHYGrPdeGFlaYr 9rf8ts oP$LXMehier-/FnNe/
2457
AaehnM] tW=us=ndmpanpl^i.@EaQmj/GPlEQ<tRMl5hTriai>,Fh3VetO,h0FhiSeGhgGs3PBgHthe:sp^rdad]s]yssra9-q]k^]lG]>pVu1sJof d`WsHNt^a<LtHYGrPdeGFlaYr 9rf8ts oP$LXMehier-/FnNe/
2458
AaehnM] tW=us=ndmpanpl^i.@EaQmj/GPlEQ<tRMl5hTriai>,Fh3VetO,h0FhiSeGhgGs3PBgHthe:sp^rdad]s]yssra9-q]k^]lG]>pVu1sJof d`WsHNt^a<LtHYGrPdeGFlaYr 9rf8ts oP$LXMehier-/FnNe/
2459
AaehnM] tW=us=ndmpanpl^i.@EaQmj/GPlEQ<tRMl5hTriai>,Fh3VetO,h0FhiSeGhgGs3PBgHthe:sp^rdad]s]yssra9-q]k^]lG]>pVu1sJof d`WsHNt^a<LtHYGrPdeGFlaYr 9rf8ts oP$LXMehier-/FnNe/
2460
AaehnM] tW=us=ndmpanpl^i.@FaQmj/GPmEQ<tRMl5hTriai>,Fh3VetO,h0FhiSeGhgGs3PBgHthe:sp^rdad]s]yssra9-q]j^]lG]>pVu1sJof d`WsHOt^a;LtHYGrPdeGFlaYr 9rf8ts oP$LXMehier-/FnNe/
2461
A`ffnN] tX<us<ndopaotl^i-?FaPli/GOkEQ=sPNl5gUricg>+Dg4TetO+g3FhhTdFfhGs/NCfHthe9sp]read_s\ysqra9+q_l][mH_=pWu2sKog daXsJOs]a=JtJXHsPdeHGlaXs :rf7ts oO$LXPegjeq00GnNe.
2462
A`ffnN] tX<us<ndopaotl^i-?FaPli/GOkEQ=sPNl5gUricg>+Dg4TetO+g3FhhTdFfhGs/NCfHthe9sp]read_s\ysqra9+q_l][mH_=pWu2sKog daXsJOs]a=JtJXHsPdeHGlaXs :rf7ts oO$LXPegjeq00GnNe.
2463
A`ffnN] tX<us<ndopaotl^i-?FaPli/GOkEQ=sPNl5gUricg>+Dg4TetO+g3FhhTdFfhGs/NCfHthe9sp]read^s\ysqra9+q_l][mH_=pWu2sKog daXsJOs]a=JtJXHsPdeHGlaXs :rf7ts oO$LXPegjeq00GnNe.
2464
A`ffnN] tX<us<ndopaotl^i-?FaPli/GOkEQ=sPNl5gUricg>+Dg4TetO+g3FhhTdFfhGs/NCfHthe9sp]read^s\ysqra9+q_l][mH_=pWu2sKog daXsJOs]a=JtJXHsPdeHGlaXs :rf7ts oO$LXPegjeq00GnNe.
2465
AaehnL] tW=us=ndmpanrl^i.?E`Qmi/EOmEP:tRMl5gTriai>,Fh3WetO+h/FhiTdGghGs1PBgHthe:sp^sead]s]ysrra9-q]k_]lG]>pVu1sGof d`XsHOt^a<LtHYGrPdeGFlaZr 9rf8ts oO$LXMehier-/EnNe.
2466
A`ffnN] tX<us<ndopaotl^i-?FaPli/GOkEQ=sPNl5gUricg>+Dg4TetO+g3FhhSdFfhGs/NCfHthe9sp]read^s\ysqra9+q_l][mH_=pWu2sKog daXsJOs]a=JtJXHsPdeHGlaXs :rf7ts oO$LXPegjeq00GnNe.
2467
AaehoL] tW=us=ndmpbnrl^i.?E`Qmi/FPmEP;sRMl5gTriai>,Fh3WetO+h/FhiTdGghGs1PBgHthd:sp^sead]s]ysrra9-r]k_]lG]>pVu1sGof daXsHOt^a;LtHYGrPdeGFlaZr 9rf8ts nO$MXMehier-/GnNe/
2468
AaehnN] tW>us=ndmpanpl^i.@FaQmj/GPlEQ<tRMl5hTriai>,Fh3VetO,h0FhiSeGhgGs3PBgHthe:sp^read]s^yssra9-q]k^]lG^>pVu1sJof d`WsHNt_a;LtHYGrPdeGFlaYr 9rf8ts oP$LXMehier-0FnNe/
2469
AaehnL] tW=us=ndmpanrl^i.?E`Qmi/EOmEQ:tRMl5gTriai>,Fg3WetO+h/FhiSdGghGs1PBgHthe:sp_sead]s]ysrra9-q]k_]lG]>pVu1sGof d`XsHOt^a<LtHYGrPdeGFlaZr 9rf8ts oO$LXMehier-/EnNe.
2470
AaehnL] tW=us=ndmpanrl^i.?E`Qmi/EOmEQ:tRMl5gTriai>,Fg3WetO+h/FhiSdGghGs1PBgHthe:sp_sead]s]ysrra9-q]k_]lG]>pVu1sGof d`XsHOt^a<LtHYGrPdeGFlaZr 9rf8ts oO$LXMehier-/EnNe.
2471
AaehnL] tW=us=ndmpanrl^i.?E`Qmi/EOmEQ:tRMl5gTriai>,Fg3WetO+h/FhiSdGghGs1PBgHthe:sp_sead]s]ysrra9-q]k_]lG]>pVu1sGof d`XsHOt^a<LtHYGrPdeGFlaZr 9rf8ts oO$LXMehier-/EnNe.
2472
AaehnL] tW=us=ndmpanrl^i.?E`Qmi/EOmEQ:tRMl5gTriai>,Fg3WetO+h/FhiSdGghGs1PBgHthe:sp_sead]s]ysrra9-q]k_]lG]>pVu1sGof d`XsHOt^a<LtHYGrPdeGFlaZr 9rf8ts oO$LXMehier-/EnNe.
2473
AaehnL] tW=us=ndmpanrl^i.?E`Qmi/EOmEQ:tRMl5gTriai>,Fg3WetO+h/FhiSdGghGs1PBgHthe:sp_seae]s^ysrra9-q]k_]lG]>pVu1sGof d`XsHOt^a<LtHYGrPdeGFlaZr 9rf8ts oO$LXMehier-/EnNe.
2474
AaehnL] tW=us=ndmpanrl^i.?E`Qmi/EOmEQ:tRMl5gTriai>,Fg3WetO+h/FhiSdGghGs1PBgHthe:sp_seae]s^ysrra9-q]k_]lG]>pVu1sGof d`XsHOt^a<LtHYGrPdeGFlaZr 9rf8ts oO$LXMehier-/EnNe.
2475
AaehnL] tW=us=ndmpanrl^i.?E`Qmi/EOmEQ:tRMl5gTriai>,Fg3WetO+h/FhiSdGghGs1PBgHthe:sp_seae]s^ysrra9-q]k_]lG]>pVu1sGof d`XsHOt^a<LtHYGrPdeGFlaZr 9rf8ts oO$LXMehier-/EnNe.
2476
A`efnN] tX<ut<ndopbotl^h-?FaPli/GOlEQ=sPNl5gUribg>+Df4TetO+g3FhhTdFfhHs/NCfHthe9sp^read^s\ysqra9+q_l][mH_=pWu2sKog daXsJOs]a=JtJXHsPdeHGlaXs :rf7ts oQ#LXPegieq00GnNe.
2477
A`efnN] tX<ut<ndopbotl^h-?FaPli/GOlEQ=sPNl5gUribg>+Df4TetO+g3FhhTdFfhHs/NCfHthe9sp^read^s\ysqra9+q_l][mH_=pWu2sKog daXsJOs]a=JtJXHsPdeHGlaXs :rf7ts oQ#LXPegieq00GnNe.
2478
A`efnN] tX<ut<ndopbotl^h-?FaPli/GOlEQ=sPNl5gUribg>+Df4TetO+g3FhhTdFfhHs/NCfHthe9sp^read^s\ysqra9+q_l][mH_=pWu2sKog daXsJOs]a=JtJXHsPdeHGlaXs :rf7ts oQ#LXPegieq00GnNe.
2479
A`efnN] tX<ut<ndopbotl^h-?FaPli/GOlEQ=sPNl5gUribg>+Df4TetO+f3FhhTdFfhHs/NCfHthe8sp^read^s\ysqra9+r_l][mH_=pWu2sKog daXsJOs]a=JtJXHsPdeHGlaXs :rf7ts oQ#LXPegieq00GnNe.
2480
A`efnN] tX<ut<ndopbotl^h-?FaPli/GOlEQ=sPNl5gUribg>+Df4TetO+f3FhhTdFfhHs/NCfHthe8sp^read^s\ysqra9+r_l][mH_=pWu2sKog daXsJOs]a=JtJXHsPdeHGlaXs :rf7ts oQ#LXPegieq00GnNe.
2481
A`efnN] tX<ut<ndopbotl^h-?FaPli/GOlEQ=sPNl5gUribg>+Df4TetO+f3FhhTdFfhHs/NCfHthe8sp^read^s\ysqra9+r_l][mH_=pWu2sKog daXsJOs]a=JtJXHsPdeHGlaXs :rf7ts oQ#LXPegieq00GnNe.
2482
A`efnN] tX<ut<ndopbotl^h-?FaPli/GOlEQ=sPNl5gUribg>+Df4TetO+f3FhhTdFfhHs/NCfHthe8sp^read^s\ysqra9+r_l][mH_=pWu2sKog daXsJOs]a=JtJXHsPdeHGlaXs :rf7ts oQ#LXPegieq00GnNe.
2483
AaehnM] tW>us=ndmpbmpl^i/@FaQmj/GPnEQ<sRMl4hUriai>,Fh3VetO,h0FhiSfGggGs4PBgHthe:sp^rdad]s]yssra9-r]i]]lG^>pWu2tJof d`WsHOt^a;LtIYGrQdeHFlaYr 9rf8ts oP$LXNehier-/FnNe/
2484
AaehnL] tW=us=ndmpanrl^i/?E`Qmi/EOmEQ:tRMl5gTriai>,Fg3WetO+h/FhiSdGghGs1PCgGthe:sp_seae]s^ysrra9.q]j^]lG]>pVu1sGof d`XsHOt^a<LtHYGrPdeGFlaZr 9rf8ts oO$LXMehier-/EnNe.
2485
AaehnL] tW=us=ndmpanrl^i/?E`Qmi/EOmEQ:tRMl5gTriai>,Fg3WetO+h/FhiSdGghGs1PCgGthe:sp_seae]s^ysrra9.q]j^]lG]>pVu1sGof d`XsHOt^a<LtHYGrPdeGFlaZr 9rf8ts oO$LXMehier-/EnNe.
2486
AadgnL] tW=us=odnpanrl^i.@F`Pli0GQlFP;sRMl5hTribi?,Fg4UetO+g0HhiRdFggGs4PBgJthe;sp^rdbd\s\ysssa:.q]l_^lG]>pXs1sIof daWsHOs_a<LtHYGrQeeEFlaYr 9rf8ts!oP$LXNehjeq.0EnNe0
2487
AadgnL] tW=us=odnpanrl^i.AF`Pli0GQlFP;tRMl5hTribi?,Fg4UetO+g0HhiRdGggGs4PBgJthe;sp^rdbd\s\ysssa:.q]l_^lG]>pXs1sIof daWsHOs_a<LtHYGqQeeEFmaYr 9re8ts!oP$LXNehjeq/0EnNe0
2488
AaegnL] tW=us=ndmpanrl`i.?E`Qmi/EOmEQ9tRMl5gTriai>,Fg4WetO+h/FhiSeGghGs1PBgHthe9sp_sead]s^ysrra9.q]k_]lG]>pVu2sGof c`XsHOt^a<MtHYGrPdeGFlaZr 9qf8ts oO$LYMehier./EnNe.
2489
AaegnL] tW=us=ndmpanrl`i.?E`Qmi/EOmEQ9tRMl5gTriai>,Fg4WetO+h/FhiSeGghGs1PBgHthe9sp_sead]s^ysrra9.q]k_]lG]>pVu2sGof c`XsHOt^a<MtHYGrPdeGFlaZr 9qf8ts oO$LYMehier./EnNe.
2490
AaehnL] tW=us=ndmpanrl^i0?E`Qli/EOmEQ:tRMl5gTriai>,Fg3WetO+h/FhiSdGghGs1PCgGthe:sp_seae]s^ysrrb9.q]j^]lH]>pVu1sGof d`XsHOt^a<LtHYGrPdeGFlaZr 9rg8ts oO$LWMehier./FnNe.
2491
AaehnL] tW=us=ndmpanrl^i0?E`Qli/EOmEQ:tRMl5gTriai>,Fg3WetO+h/FhiSdGghGs1PCgGthe:sp_seae]s^ysrrb9.q]j^]lH]>pVu1sGof d`XsHOt^a<LtHYGrPdeGFlaZr 9rg8ts oO$LWMehier./FnNe.
2492
AadgnL] tW=us=odnpaorl^i.AF`Pli0GQlFP;tRMl6hTribi?,Fg4UetO+g0HhiRdGggGs4PBgJthe;sp^rdbd\s\ystsa:.q]l_^lG]>pXs1sIof daWsHOs_a<LtHYGpQeeEGmaYr 9re8ts!oP$LXNehjeq/0EnNe0
2493
AadgnL] tW=us=odnpaorl^i.AF`Pli0GQlFP;tRMl6hTribi?,Fg4UetO+g0HhiRdGggGs4PBgJthe;sp^rdbe\s\ystsa:.q]l_^lG]>pXs1sIof daWsHOs_a<LtHYGpQeeEGmaYr 9re8ts!oP$LXNehjeq/0EnNe0
2494
AadgnL] tW=us=odnpaorl^i.AF`Pli0GQlFP;tRMl6hTribi?,Fg4UetO+g0HhiRdGggGs4PBgJthe;sp^rdbe\s\ystsa:.r]l_^lG]>pXs1sIof daWsHOs_a<LtHYGpQeeEGmaYr 9re8ts!oP$LXNehjeq/0EnNe0
2495
AadgnL] tW=us=odnpaorl^i.AF`Pli0GQlFP;tRMl6hTribi?,Fg4UetO+g0HhiRdGggGs4PBgJthe;sp^rdbe\s\ystsa:.r]l_^lG]>pXs1sIof daWsHOs_a<LtHYGpQeeEGmaYr 9re8ts!oP$LXNehjeq/0EnNe0
2496
AadgnL] tW=us=odnpaorl^i.AF`Pli0GQlFP;tRMl6hTribi?,Fg4UetO+g0HhiRdGggGs4PBgJthe;sp^rdbe\s\ystsa:.r]l_^lG]>pXs1sIof daWsHOs_a<LtHYGpQeeEGmaYr 9re8ts!oP$LXNehjeq/0EnNe0
2497
AadgnL] tW=us=odnpaorl^i.AF`Pli0GQlFP;tRMl6hTribi?,Fg4UetO,g0HhiQdGggGs4PBgJthe;sp^rdbe\s\ystsa:.r]l_^lG]>pXs1sIof daWsHOs_a<LtHYGoQeeEGmbYr 9re8ts!oP$LXNehjeq/0EnNe0
2498
AadgnL] tW=us=odnpaorl^i.AF`Pli0GQlFP;tRMl6hTribi?,Fg4UetO,g0HhiQdGggGs4PBgJthe;sp^rdbe\s\ystsa:.r]l_^lG]>pXs1sIof daWsHOs_a<LtHYGoQeeEGmaYr 9re8ts!oP$LXNehjeq/0EnNe0
2499
AadgnL] tW=us=odnpaorl^i.AF`Pli0GQlFP;tRMl6hTribi?,Fg4UetO,g0HhiQdGggGs4PBgJthe;sp^rdbe\s\ystsa:.r]l_^lG]>pXs1sIof daWsHOs_a<LtHYGoQeeEGmaYr 9re8ts!oP$LXNehjeq/0EnNe0
2500
AaehnL] tW=us=ndmpanrl^j0?E`Qli/EOmER:tRNl5gTriai>,Fg3WetO+h/FhiSdGghGs2PCgGthe:sp_seae]s_ysrrb9.q]j^^lH]>pVu1sFnf d`XsHOs^a<LtHZGrPeeHFla[r 9rg8ts oO$LWMehier./FnNe.
2501
AaehnL] tW=us=ndmpanrl^j0?E`Qli/EOmER:tRNl5gTriai>,Fg3WetO+h/FhiSdGghGs2PCgGthe:sp_seae]s_ysrrb9.q]j^^lH]>pVu1sFnf d`XsHOs^a<LtHZGrPeeHFla[r 9rg8ts oO$LWMehier./FnNe.
2502
AadgnL] tW=us=odnpaorl^i.AF`Pli0GQlFP;tRMl6hTribi?,Fg4UetO,g0HhiQdGggGs4PBgJthe;sp^rdbe\s\ystsa:.r]l_^lG]>pXr1sIof daWsHOs_a<LtHYGoQeeEGmbYr 9re8ts oP$LXNehiep/0EnNe0
2503
AadgnL] tW=us=odnpaorl^i.AF`Pli0GQlFP;tRMl6hTribi?,Fg4UetO,g0HhiQdGggGs4PBgJthe;sp_rdbe\s\ystsa:.r]l_^lG]>pXr1sIof daWsHOs_a<LtHYGoQeeEGmbYr 9re8ts oP$LXNehiep/0EnNe0
2504
AadgnL] tW=us=odnpaorl^i.AF`Pli0GQlFP<tRMl6hTribi@,Fg4UetO,g0HhiQdGggGs4PBgJthe;sp_rdbe\s\ystsa:.r]l_^lG]>pXr1sIof daWsHOs_a<LtHYGoQeeEGmbYr 9re8ts oP$LXNehiep/0EnNe0
2505
AadgnL] tW=us=odnpaorl^i.AF`Pli0GQlFP<tRMl6hUribi@,Fg4UetO,g0HhiQdGggGs4PBgJthe;sp_rdbe\s\ystsa:.r]l_^lG]>pXr1sIof daWsHOs_a<LtHYGoQeeEGmbYr 9re8ts oP$LXNehiep/0EnNe0
2506
AadgnL] tW=us=odnpaorl^i.AF`Pli0GQlFP<tRMl6hUribi@,Fg4UetO,g0HhiQdGggGs4PBgJthe;sp_rdbe\s\ystsa:.r]l_^lG]>pXr1sIof daWsHOs_a<LtHYGoQeeEGmbYr 9re8ts oP$LXNehiep/0EnNe0
2507
AadgnL] tW=us=odnpaorl^i.AF`Pli0GQlFP<tRMl6hUribi@,Fg4UetO,g0HhiQdGggGs4PBgJthe;sp_rdbe\s\ystsa:.r]l_^lG]>pXr1sIof daWsHOs_a<LtHYGoQeeEGmbYr 9re8ts oP$LXNehiep/0EnNe0
2508
AadgnL] tW=us=odnpaorl^i.AF`Pli0GQlFP<tRMl6hUribi@,Fg4UetO,g/HhiQdGggGs4PBgJthe;sp_rdbe\s\ystsa:.r]l_^lG]>pXr1sIof daWsHOs_a<LtHYGoQeeEGmbYr 9re8ts oP$LXNehiep/0EnNe0
2509
AadgnL] tW=us=ndnpaoql^i.AF`Qli0GQlFQ;tRMl6hUribi?,Fg4UetO+g0HhiQdGggGs4PCgJthe;sp^rdbe\s\ystsa:.r]l^^lG]>pYs1sIof daWsHPs_a<LtHYGpReeEGmbYr 9re8ts!oP$LXNehjeq/0EnNe0
2510
AadgnL] tW=us=ndnpaoql^i.AF`Qli0GQlFQ;tRMl6hUribi?,Fg4UetO+g0HhiQdGggGs4PCgJthe;sp^rdbe\s\ystsa:.r]l^^lG]>pYs1sIof daWsHPs_a<LtHYGpReeEGmbYr 9re8ts!oP$LXNehjeq/0EnNe0
2511
AadgnL] tW=us=ndnpaoql^i.AF`Qli0GQlFQ;tRMl6hUribi?,Fg4UetO+g0HhiQdGggGs4PCgJthe;sp^rdbe\s\ystsa:.r]l^^lG]>pYs1sIof daWsHPs_a<LtHYGpReeEGmbYr 9re8ts!oP$LXNehjeq/0EnNe0
2512
AadgnL] tW=us=odnpaorl^i.AF`Pli0GQlFP;tSMl6hTribh?,Fg4UetP,g0HhiQdGggGs4PBgJthe;sp_rdbe\s\ystsa:.r]l_^lG]>pXr2sIof daWsHOs_a<LtHYGoQeeEGmbYr 9re8ts oP$LXNehiep/0EnNe0
2513
AadgnL] tW=us=ndnpaoql^i.AF`Qli0GQlFQ;tRMl6hUribi?,Fg4UetO+g0HhiQdGggGs4PCgJthe;sp^rdbe\s\ystsa:.r]l]^lG]>pYs1sIof daWsHPs_a<LtHYGpReeEGmbYr 9re8ts!oP#LXNehjeq/0EnNe0
2514
AadgnL] tW=us=odnpaorl^i.AF`Pli0GQlFP;tSMl6hTribh?,Fg4UetP,g0HhiQdGggGs4PBgJthe;sp_rdbe\s\ystsa:.r]l_^lG]>pXr2sIof daWsHOs_a<LtHYGoQeeEGmbYs 9re8ts oP$LXNehiep/0EnNe0
2515
AadgnL] tW=us=odnpaorl^i.AF`Pli0GQlFP;tSMl6hTribh?,Fg4UetP,g0HhiQdGggGs4PBgJthe;sp_rdbe\s\ystsa:.r]l_^lG]>pXr2sIof daWsHOs_a<LtHYGoQeeEGmbYs 9re8ts oP$LXNehiep/0EnNe0
2516
AadgnL] tW=us=ndnpaoql^i.AF`Qli0GQlFQ;tRMl6hUribi@,Fg4UetO+g0HhiQdGggGs4PCgJthe;sp^rdbe\s\ystsa:.r]l]^lG]>pYs1sIof daWsHPs_a<LtHYGpReeEGmbYr 9re8ts!oP#LXNehjeq/0EnNe0
2517
AaehnL] tX>us=ndmpaorl^j0?E`Qli/EOmER:tRNl5gTriai>,Eg3WetO+h-FhiSdGghGs2PCgGthe:sp_seae\s_ysrrb9.q]j^^lH]>pVu1sFnf d`XsHOs^a<LtHZGrQeeHFla[r 9rg8ts oO#LWMehier./FnNe.
2518
AadgnL] tW=us=ndnpaoql^i.AF`Qli0GQlFQ;tRMl6hUribi?,Fg4UetO+g0HhiQdGggGs4PCgJthe;sp^rebe\s\ystsa:.r]l]^lG]>pYs1sIof daWsHPs_a<LtHYGpReeDGmbYr 9re8ts!oP#LXNehjeq/0EnNe0
2519
AadgnM] tW=us>ndnpborl^i.AF`Qli0GRmFQ;tRMl6hUribi?,Fg4UetO+g0HhiQdGggGs4PCgJthe;sp^rdbe\s]ystsa:.r]l^^lG]>pYs1sIof daWsHPs_a<LtHYGpReeEHmbYr :se8ts!oP$LXNehjeq/0EmNe0
2520
AadfnL^ tW=us=odnpaorl^i/AF`Pli0GQmFP;tRMl6hTribi@,Fg4UetO,g0HhiQdGggGs4PBgJthe;sp^rdbe\s\ystra:.r]l^^lH]>pXr1sIof daWsHOs`a<LtHYGoQeeEHmbYr 9re8ts oP$LXNehiep/0EnNe0
2521
AadfnL^ tW=us=odnpaorl^i/AF`Pli0GQmFP;tRMl6hTribi@,Fg4UetO,g0HhiQdGggGs4PBgJthe;sp^rdbe\s\ystra:.r]l^^lH]>pXr1sIof daWsHOs`a<LtHYGoQeeEHmbYr 9re8ts oP$LXNehiep/0EnNe0
2522
AadgnL] tW=us=ndnpaoql^i.AF`Qli0GSlFQ;tRMl6hUribi@,Fg4UetP+g0HhiQdGggGs4PCgJthe;sp^rdbe\s\ystsa:.r]l]^lG]>pYs1sIof daWsHPs_a<LtHYGpReeEGmbYr 9re8ts!oP#LXNehjeq/0EnNe/
2523
AadgnL] tW=us=ndnpaoql^i.AF`Qli0GSlFQ;tRMl6hUribi@,Fg4UetP+g0HhiQdGggGs4PCgJthe;sp^rdbe\s\ystsa:.r]l]^lH]>pYs1sIof daWsHPs_a<LtHYGpReeEGmbYr 9re8ts!oP#LXNehjeq/0EnNe/
2524
AadgnL] tW=us=ndnpaoql^i.AF`Qli0GSlFQ;tRMl6hUribi@,Fg4UetP+g0HhiQdGggGs4PCgJthe;sp^rdbe\s\ystsa:.r]l]^lH]>pYs1sIof daWsHPs_a<LtHYGpReeEGmbYr 9re8ts!oP#LXNehjeq/0EnNe/
2525
AadgnL] tW=us=ndnpaoql^i.AF`Qli0GSlFQ;tRMl6hUribi@,Fg4UetP+g0HhiQdGggGs4PCgJthe;sp^rdbe\s\ystsa:.r]l]^lH]>pYs1sIof daWsHPs_a<LtHYGpReeEGmbYr 9re8ts!oP#LXNehjeq/0EnNe/
2526
AacgnL] tX=us=ndnpaoql^i.AF`Qli1FRlFQ;tRMl6hUribi@,Fg4UetP+g0HhiQdGggGs4OCgJthe;sp^rdbe\s\ystsa:.r]l]^lG]>pYs1sIof daWsHPs_a<LtHYGpReeEGmbYr 9re8ts!oP#LXNfhjeq00EnNe/
2527
AacgnL] tX=us=ndnpaoql^i.AF`Qli1FRlFQ;tRMl6hUribi@,Fg4UetP+g0HhiQdGggGs4OCgJthe;sp^rdbe\s\ystsa:.r]l]^lG]>pYs1sIof daWsHPs_a<LtHYGpReeEGmbYr 9re8ts!oP#LXNfhjeq00EnNe/
2528
AadgnM] tW=us=ndlpbopl^i.BF`Rli0GQlFQ;tRMl6hUribi?,Fg4UetO+g0HhiQdGggGs4PCgJthe;sp^rdbe\s\ystsa;.r]l^_lG]>oYs1sIof daWsHPs_a<LtHYGpReeEGmbYr 9re8ts!oP$LXNehjep00EnNe0
2529
AadgnM] tW=us=ndlpbopl^i.BF`Rli0GQlFQ;tRMl6hUribi?,Fg4UetO+g0HhiQdGggGs4PCgJthe;sp^rdbe\s\ystsa;.r]l^_lG]>oYs1sIof daWsHPs_a<LtHYGpReeEGmbYr 9re8ts!oP$LYNehjep00EnNe0
2530
AadgnM] tW=us=ndlpbopl^i.BF`Rli0GQlFQ;tRMl6hUribi?,Fg4UetO,g0HhiQdGggGs4PCgJthe;sp^rdbe\s\ystsa;.r]l^_lG]>oYs1sIof daWsHPs_a<LtHYGpReeEHmbYr 9re8ts!oP$LXNehjep00EnNe0
2531
AadgnM] tW=us=ndlpbopl^i.BF`Rli0GQlFQ;tRMl6hUribi@,Fg4UetO+g0HhiQdGggGs4PCgJthe;sp^rdbe\s\ystsa;.r]l]_lG]>oYs1sIof daWsHPs_a<LtHYGpReeEGmbYr 9re8ts!oP$LXNehjeq10EnNe0
2532
AadgnM] tW=us=ndlpbopl^i.BF`Rli0GQlFQ;tRMl6hUribi@,Fg4UetO+g0HhiQdGggGs4PCgJthe;sp^rdbe\s\ystsa;.r]l]_lG]>oYs1sIof daWsHPs_a<LtHYGpReeEGmbYr 9re8ts!oP$LXNehjeq10EnNe0
2533
AadgnM] tW=us=ndlpbopl^i.BF`Rli0GQlFQ;tRMl6hUribi@,Fg4UetO+g0HhiQdGggGs4PCgJthe;sp^rdbe\s\ystsa;.r]l]_lG]>oYs1sIof daWsHPs_a<LtHYGpReeEGmbYr 9re8ts!oP$LXNehjeq10EnNe0
2534
AadgoL] tW=us>ndnpaoql^i.AF`Rli0GQlFQ;tRMl6hUribi@,Fg4UetP+g/HhiQdGggGs4OCgJthe;sp^rebe[s\ystsa:.r]l]^lG]>pYs1sIof daWsHPs_a<LtIYGpReeEGmbYr 9re8ts!oP#LXNehjeq/0EnNe/
2535
AadgoL] tW=us=ndnpaoql^i.AF`Qli0GRlFQ;tRMl6hUribi@,Fg4UetP+g0HhhQdGggGs4PCgJthe;sp^rebeZs]ystsa:.r]l]^lH]>pYs1sIof daWsHPs_a<MtHYGpReeEGmbYr 9re8ts!oP#LXNehjeq/0EnNe/
2536
AadgoL] tW=us=ndnpaoql^i.AF`Qli0GRlFQ;tRMl6hUribi@,Fg4UetP+g0HhhQdGggGs4PCgJthe;sp^rebeZs]ystsa:.r]l]^lH]>pYs1sIof daWsHPs_a<MtHYGpReeEGmbYr 9re8ts!oP#LXNehjeq/0EnNe/
2537
AadgnM] tW=us=ndlpbopl^i.BF`Rli0GQlHQ;tRMl6hUribi?,Fg4UetO,g0HhiQdGggGs4PCgJthe:sp^rdbe\s\ystsa;.r]l^_lG]>oYs1sIof daWsHPs_a<LtHYGpReeEHnbYr 9re8ts!oP$LYNehjep00EnNe0
2538
AadgnM] tW=us>odnpaorl_i.AF`Pli0FQlFP;tSNl6gUsibh?,Fg4UdtP,g0HhiQdGggGs5PBgJthe:sp_rdbe\s\ystsa:.r^l_^lG]>pXr2sIof daWsHOs_a<LtHYGoSeeEGlbYs 9rf8ts oP#LYNehjep/1EnOe0
2539
AadgnM] tW=us>odnpaorl_i.AF`Pli0FQlFP;tSNl6gUsibh?,Fg4UdtP,g0HhiQdGggGs5PBgJthe:sp_rdbe\s\ystsa:.r^l_^lG]>pXr2sIof daWsHOs_a<LtHYGoSeeEGlbYs 9rf8ts oP#LYNehjep/1EnOe0
2540
AadgnM] tW=us>odnpaorl_i.AF`Pli0FQlFP;tSNl6gUsibh?,Fg4UdtP,g0HhiQdGggGs5PBgJthe:sp_rdbe\s\ystsa:.r^l_^lG]>pXr2sIof daWsHOs_a<LtHYGoSeeEGlbYs 9rf8ts oP#LYNehjep/1EnOe0
2541
AadgnM] tW=us>odnpaorl_i.AF`Pli0FQlFP;tSNl6gUsibh?,Fg4UdtP,g0HhiQdGggGs5PBgJthe:sp_rdbe\s\ystsa:.r^l_^lG]>pXr2sIof daWsHOs_a<LtHYGoSeeEGlbYs 9rf8ts oP#LYNehjep/1EnOe0
2542
AadgnM] tW<us=ndlpbopl^i.BF_Sli1FQlFQ;tRMl7hUrjbi@,Eg4VetO+g0HhiQdGggGs4PCgJthe;sp^rdbe\s\ystsa;.r]l^_lG]>oZs2sIof daWsHPs_a<MtHZFpReeEGmbYs 9re8ts!oP$LXNehieq00EnNe0
2543
AadgnM] tW=us=ndlpbopl^i.BF`Rli0GQlHQ;tRMl6hUribi?,Fg4UetO,g0HhiQdGggGs4PCgJthe:sp^rdbe\s\ystsa;.r]k^_lG]>oYs1sIof daWsHPs_a<LtHYGpReeEHnbYr 9re9ts!oP$LYOehjep00EnNe0
2544
AadgnM] tW=us=ndlpbopl^i.BF`Rli0GQlHQ;tRMl6hUribi?,Fg5UetO,g0HhiQdGggGs4PCgJthe:sp^rdbe\s\ystsa;.r]k^_lG]>oYs1sIof daWsHPs_a<LtHYGpReeEHnbYr 9re9ts!oP$LYOehjep00EnNe0
2545
AadgnM] tW<us=ndlpbopl^i.BF_Sli1FQlFQ;tRMl8hUrjbi@,Eg4VetO+g0HhiQdGggGs4PCgJthe;sp^rdbe\s\ystsa;.r]l^_lG]>oZs2sIof daWsHPs_a<MtHZFpReeEGmbYs 9re8ts!oP$LXOehieq00DnNe0
2546
AadgnM] tW=us>ndlpbopl^i.BF`Qli0GQlHQ;tRMl6hUribi?,Ff5UetO,g0HhiQdGggGs4PCgJthe:sp^rdbe\s\ystsa;.r]k^_lG]>oYs1sIof daWsHPs_a<LtHYGpReeEHnbYr 9re9ts!oP$LYOehjep00EnNe0
2547
AadgnM] tW=us>ndlpbopl^i.BF`Qli0GQlHQ;tRMl6hUribi?,Ff5UetO,g0HhiQdGggGs4PCgJthe:sp^rdbe\s\ystsa;.r]k^_lG]>pYs1sIof daWsHPs_a<LtHYGpReeEHnbYr 9re9ts!oP$LYOehjep00EnNe0
2548
AadgnM] tW=us>ndlpbopl^i.BF`Qli0GQlHQ;tRMl6hUribi?,Ff5UetO,g0HhiQdGggGs4PCgJthe:sp^rdbe\s\ystsa;.r]k^_lG]>pYs1sIof daWsHPs_a<LtHYGpReeEHnbYr 9re9ts!oP$LYOehjep00EnNe0
2549
AadgoM^ tW<us=ndlpbopl^i/BF_Sli1FQlFQ;tRMl8hUribi@,Fg4VetO+g0HhiQdGggGs4PCgJthe;sp^rdbe\s\ystsa;.r]l^_lG]>oZs2sIof daWsHPs_a<MtHZFoReeEGmbZs 9re8tt!oP$LWNehieq00EnNe0
2550
AadgoM^ tW<us=ndlpbopl^i/BF_Sli1FQlFQ;tRMl8hUribi@,Fg4VetO+g0HhiQdGggGs4PCgJthe;sp^rdbe\s\ystsa;.r]l^_lG]>oZs2sIof daWsHPs_a<MtHZFoReeEGmbZs 9re8tt!oP$LWNehieq00EnNe0
2551
AbdgnM] tW=us>odnpaorl_i.AF`Qli0FQlFP;tSNl6gUsibh?,Fg4UdtP,g0HhiQdGggGs5PBgJthe9sp_rdce\s\ystra:.r^l_^lG]>pXr2sIof daWsHOs_a<LtHYHoSeeEGlbYs 9rf8ts oP#LYNehjep/1EnOe0
2552
AbdgnM] tW=us>odnpaorl_i.AF`Qli0EQlFP;tSNl6gUsibh?,Fg4UdtP,g0HhiQdGggGs5PBgJthe9sp_rdce\s\ystra:.r^l_^lG]>pXr2sIof daWsHOs_a<LtHYHoSeeEGlbYs 9rf8ts oP#LYNehjep/1EnOe0
2553
AbdgnM] tW=us>odnpaorl_i.AF`Qli0EQlFP;tSNl6gUsibh?,Fg4UdtP,g0HhiQdGggGs5PBgJthe9sp_rdce\s\ystra:.r^l_^lG]>pXr2sIof daWsHOs_a<LtHYHoSeeEGlbYs 9rf8ts oP#LYNehjep/1EnOe0
2554
AadgnM] tW<us=ndkpbopl^i.BF_Sli1FQlFQ;tRMl8hUrjbi@,Fg4VetQ+g0HhiQdGggGs4PCgJthe;sp^rdbe\s\ystsa;.r]l^_lG]>oZs2sIof daWsHPs_a<MtHZFnReeEGmbYs 9re8ts!oP$LXOehieq00EnNe/
2555
AadgnM] tW<us=ndlpbopl^i.BF_Sli1FQlFQ;tRMl8hUrjbi@,Eg4WetO+g0HhiQdGggGs4PCgJthe9sp^rdbe\s\ystsa;.r]l^_lF]>oZs2sIof daWsHPs_a<MtHZFpReeEGmbYs 9re8ts!oP$LYPegheq01DnNe0
2556
AadgnM] tW<us=ndlpbopl^i.BF_Sli1FQlFQ:tRMl8hUrjbi@,Eg4WetO+g0HhiQdGggGs4PCgJthe9sp^rdbe\s\ystsa;.r]l^_lF]>oZs2sIof daWsHPs_a<MtHZFpReeEGmbYs 9re8ts!oP$LYPegheq01DnNe0
2557
AadgnM] tW<us=ndlpbopl^i.BF_Sli1FQlFQ:tRMl8hUrjbi@,Eg4WetO+g0HhiQdGggGs4PCgJthe9sp^rdbe\s\ystsa;.r]l^_lF]>oZs2sIof daWsHPs_a<MtHZFpReeEGmbYs 9re8ts!oP$LYPegheq01DnNe0
2558
AadgnM] tW<us=ndlpbopl^i.BF_Sli1FQlFQ:tRMl8hUrjbi@,Eg4WetP+g0HhiQdGggGs4PCgJthd9sp^rdbe\s\ystsa;.r]l^_lF]>oZs2sIof daWsHPs_a<MtHZFpReeEGmbYs 9re8ts!oP$LYPegheq01DnNe0
2559
AadgnM] tW<us=ndkpbopl_i.BF_Sli1FQlFQ;tRMl8hUrjbi@,Eg4VetP+g0HhiQdHggGs4PCgJthe;sp^rdbe\s\ystsa;.r]l^_lG]>o[s2sIof daWsHPs_a<MtHZFoReeEGmaYs :re8ts!oP#LXOehieq00EnNe0
2560
AadgnM] tW<us=ndkpbopl_i.BF_Sli1FQlFQ;tRMl8hUrjbi@,Eg4VetP+g0HhiQdHggGs4PCgJthe;sp^rdbe\s\ystsa;.r]l^_lG]>o[s2sIof daWsHPs_a<MtHZFoReeEGmaYs :re8ts!oP#LXOehieq00EnNe0
2561
AadgnM] tW<us=ndkpbopl_i.BF_Sli1FQlFQ;tRMl8hUrjbi@,Eg4VetP+g0HhiQdHggGs4PCgJthe;sp^rdbe\s\ystsa;.r]l^_lG]>o[s2sIof daWsHPs_a<MtHZFoReeEGmaYs :re8ts!oP#LXOehieq00EnNe0
2562
AadgnM] tW<us=ndkpbopl_i.BF_Sli1FQlFQ;tRMl8hUrjbi@,Eg4VetP+g0HhiQdHggGs4PCgJthe;sq^rdbe\s\ystsa;.r]l^_lG]>o[s2sIof daWsHPs_a<MtHZFoReeEGmaYs :re8ts!oP#LXOehieq00EnNe0
2563
AadgnM] tW<us=ndkpbopl_i.BF_Sli1FQlFQ;tRMl8hUrjbi@,Eg4VetP+g0HhiQdHggGs4PCgJthe;sq^rdce\s\ystsa;.r]l^_lG]>o[s2sIof daWsHPs_a<MtHZFoReeEGmaYs :re8ts!oP#LXOehieq00EnNe0
2564
AadgnM] tW<us=ndkpbopl_i.BF_Sli1FQlFQ;tRMl8hUrjbi@,Eg4VetP+g0HhiQdHggGs4PCgJthe;sp^rdbe\s\ystsa;.r]l^_lG]>o[s2sIof daWsHQs_a<MtHZFoReeEGmaYs :rf8ts!oP"LXOehieq00EnNe0
2565
AadgnM] tW<us=ndkpbopl_i.BF_Tli1FQlFQ;tRMl8hUrjbi@,Eg5VetP+g0HhiQdHggGs4PCgJthe;sp^rdbe\s\ystsa;.r]l^_lG]>o[s2sIof daWsHQs_a<MtHZFoReeEGmaYs :rf8ts!oP"LXOehieq00EnNe0
2566
AadgnM] tW<us=ndkpbnpl_i.BF_Tli1FQlFQ;tRMl8hUrjbi@,Eg5VetP+g0HhiQdHggGs4PCgJthe;sp^rdbe\s\ystsa;.r]l^_lG]>o[s2sIof daWsHQs_a<MtHZFoReeEGmaYs :rf8ts!oP"LXOehieq00EnNe0
2567
AadgnM] tW<us=ndkpbnpl_i.BF_Tli1EQlFQ;tRMl8hUrjbi@,Eg5VetP+g0HhiQdHggGs4PCgJthe;sp^rdbe\s\ystsa;.r]l^_lG]>o[s2sIof daWsHQs_a<MtHZFoReeEGmaYs :rf8ts!oP"LXOehieq00EnNe0
2568
AadgnM] tW<us=ndkpbnpl_i.BF_Tli1EQlFQ;tRMl8hUrjbi@,Eg5VetP+g0HhiQdHggGs4PCgJthe;sp^rdbe\s\ystsa;.r]l^_lG]>o[s2sIof daWsHQs_a<MtHZFoReeEGmaYs :rf8ts!oP"LXOehieq00EnNe0
2569
AadgnM] tX<us=ndkpbnpl_i.BF_Tli1FQlFQ;tRMl8hUrjbi@,Eg5VetP+g0IhiQdHggGs4PCgJthe;sp^rdbe\s\ysusa;.r]l]_lG]>o[s2sIof daWsHQs_a<MtHZFoReeEGmaYs :rf8ss!oP"LXOehieq00FnNe0
2570
AadgnM] tW<us=ndkpbnpl_i.BF_Tli1EQlFQ;tRMl8hUrjbi@,Eg5VetP+g0HhiPdHggGs4PCgJthe;sp^rdbe\s\ystsa;.r]l^_lG]>o[s2sIof daWsHQs_a<MtHZFoReeEGlaYs :rf8ts!oP"LXOehieq00EnNe0
2571
AadgnM] tW<us=ndkpbnpl_i.BF_Tli1EQlFQ;tRMl8hUrjbi@,Eg5VetP+g0HhiPdHggGs4PCgJthe;sp^rdbe\s\ystsa;.r]l^_lG]>o[s2sIof daWsHQs_a<MtHZFoReeEGlaYs :rf8ts!oP"LXOehieq00EnNe0
2572
AadgnM] tX<us>ndkpbnpl_i.BF_Tli1FQlFQ;tRMl8hUrjbi@,Eg5VetP+g0IhiQdHggGs4PCgJthe:sp^rdbe\s\ysusa;.r]l]_lG]>o[s2sIof daWsHQs_a<MtHZFoReeEGmaYs :rf8ss!oP"KXOehieq00FnNe/
2573
AadgnM] tX<us>ndkpbnpl_i.BF_Tli1FQlFQ;tRMl8hUrjbi@,Eg5VetP+g0IhiQdHggGs4PCgJthe:sp^rdbe\s\ysusa;.r]l]_lG]>o[s2sIof daWsHQs_a<MtHZFoReeEGmaYs :rf8ss!oP"KXOehieq00FnNe/
2574
AadgnM] tX<us>ndkpbnpl_i.BF_Tli1FQlFQ;tRMl8hUrjbi@,Eg5VetP+g0IhiQdHggGs4PCgJthe:sp^rdbe\s\ysusa;.r]l]_lG]>o[s2sIof daWsHQs_a<MtHZFoReeEGmaYs :rf8ss!oP"KXOehieq00FnNe/
2575
AadgnM] tX<us>ndkpbnpl_i.BF_Tli1FQlFQ;tRMl8hUrjbi@,Eg5VetP+g0IhiQdHggGs4PCgJthe;sp^rdbe\s\ysusa;.r]l\_lG]>o[s2sIof daWsHQs_a<MtHZFoReeEGmaYs :rf8ts!oP"KXOehieq00FnOe0
2576
AadgnM] tX<us>ndkpbnpl_i.BF_Tli1FQlFQ;tRMl8hUrjbi@,Eg5VetP+g0IhiQdHggGs4PCgJthe;sp^rdbe\s\ysusa;.r]l\_lG]>o[s2sIof daWsHQs_a<MtHZFoReeEGmaYs :rf8ts!oP"KXOehieq00FnOe0
2577
AadgnM] tX<us>ndkpbnpl_i.BF_Tli1FQlFQ;tRMl8hUrjbi@,Eg5VetP+g0IhiQdHggGs4PCgJthe;sp^rdbe\s\ysusa;.r]l\_lG]>o[s2sIof daWsHQs_a<MtHZFoReeEGmaYs :rf8ts!oP"KXOehieq00FnOe0
2578
AadgnM] tW<us=ndkpbopl_i.BF_Tli1EQlFQ;tRMl8gUrjbi@,Eg5VetP+g0HhiQdHggGs5PCgJthe;sq^rdbe\s\ystsa<.r]l^_lG]>o[s2sIof!daWsHQs_a<MtHZFoSeeEGmaYs :rf8ts!oP"LXOehieq00EnNe0
2579
AadgnM] tX<us>ndkpbnpl_i.BF_Tli1FQlFQ;tRMl8hUrjbi@,Eg5VetP+g0IhiQdHggGs4PCgJthe;sp^rdbe\s\ysusa;.r]l\_lG]>o[s2sIof daWsHRs_a<NtHZFoReeEGmaYs :rf8ts!oP"KXOehieq00FnOe0
2580
AadgnM] tX<us>ndkpbnpl_i.BF_Tli1FQlFQ;tRMl8hUrjbi@,Eg5VetP+g0IhiQdHggGs4PCgJthe;sp^rdbe\s\ysusa;.r]l\_lG]>o[s2sIof daWsHRs_a<NtHZFoReeEGmaYs :rf8ts!oP"KXOehieq00FnOe0
2581
AadgnM] tX<us>ndkpbopl_i.BF_Tli1FQlFQ;tRMl8hUrjbi@,Eg5VetP+g0JhiQdHggGs4PCgJthe:sp^rdbe\s]ysusa;.r]l]_lG]>o[r2sIof daWsHQs_a<MtHZFoReeEGmaYs :rf8ss!oP"KXOehieq01FnNe/
2582
AadgnM] tX<us>ndkpbopl_i.BF_Tli1FQlGQ;tRMl8hUrjbi@,Eg5VetP+g0JhiQdHggGs4PCgJthe:sp^rdbe\s]ysusa;.r]l]_lG]>o[r2sIof daWsHQs_a<MtHZFoReeEGmaYs :rf8ss!oP"KXOehieq01FnNe/
2583
AadgnM] tX<us>ndkpbopl_i.BF_Tli1FQlGQ;tRMl8hUrjbi@,Eg5VetP+g0JhiQdHggGs4PCgJthe:sp^rdbe\s]ysusa;.r]l]_lG]>o[r2sIof daWsHQs_a<MtHZFoReeEGmaYs :rf8ss!oP"KXOehieq01FnNe/
2584
AadgnM] tW<us=ndkpbnpl_i.BF_Tli1EQlFQ;tRMl8hUrjbiA,Eg5VetP+g/HhiPdHggGs4PCgJthe;so`rdbe[s[ystsa;.s]l^_lG^>o[r2sIof daWsHRs`a<MtHZFnReeEGlaYs :rf8ts!oP"LXOehieq00EnNe0
2585
AadgnM] tW<us=ndkpbnpl_i.BF_Tli1EQlFQ;tRMl8hUrjbiA,Eg5VetP+g/HhiPdHggGs4OCgJthe;so`rdbe[s[ystsa;.s]l^_lG^>o[r2sIof daWsHRs`a<MtHZFoReeEGlaYs :rf8ts!oP"LXOehieq00EnNe0
2586
AadgnM] tW<us=ndkpbnpl_i.BF_Tli1EQlFQ;tRMl8hUrjbiA,Eg5VetP+g/HhiPdHggGs4OCgJthe;so`rdbe[s[ystsa;.s]l^_lG^>o[r2sIof daWsHRs`a<MtHZFoReeEGlaYs :rf8ts!oP"LXOehieq00EnNe0
2587
AbdfnM] tW<us=ndkpbnpl_i0BF_Tli1FQlFQ;tRMl7hUrjbi@,Dg5VetQ+g0IhiQdIghHs4PCgJthe;sp^rdbe\r\ysusa;.r]l\_lG]>o\s2sIof daWsHQt_a<MtHZFoReeEGlaYs :rg8ts!oP"LXOehieq00EnNe0
2588
AbdfnM] tW<us=ndkpbnpl_i/BF`Tli1FQlFQ;tRMl7hUrjbi@,Dg5VetQ+g0IhiQdIghHs4PCgJthe;sp^rdbe\r\ysusa;.r]l\_lG]>p\s2sIof daWsHQt_a<MtHZFoReeEGlaYs :rg8ts!oP"LXOehieq00EnNe0
2589
AbdfnM] tW<us=ndkpbnpl_i/BF`Tli1FQlFQ;tRMl7hUrjbi@,Dg5VetQ+g0IhiQdIghHs4PCgJthe;sp^rdbe\r\ysusa;.r]l\_lG]>p\s2sIof daWsHQt_a<MtHZFoReeEGlaYs :rg8ts!oP"LXOehieq00EnNe0
2590
AbdfnM] tW<us=ndkpbnpl_i/BF`Tli1FQlFQ;tRMl7hUrjbi@,Dg5VetQ+g0IhiQdIghHs4PCgJthe;sp^rdbe\r\ysusa;.r]l\_lG]>p\s2sIof daWsHQt_a<MtHZFoRfeEGlaYs :rg8ts!oP"LXOehieq00EnNe0
2591
AbdfnM] tW<us=ndkpbnpl_i/BF`Tli1FQlFQ;tRMl7hUrjbi@,Dg5VetQ+g0IhiQdIghHs4PCgJthe;sp^rdbe\r\ysusa;.r]l\_lG]>p\s2sIof daWsHQt_a<MtHZFoRfeEGlaYs :rg8ts!oP"LXOehieq00EnNe0
2592
AbdfnM] tW<us=ndkpbnpl_i/BF`Tli1FQlFQ;tRMl7hUrjbi@,Dg5VetQ+g0IhiQdIghHs4PCgJthe;sp^rdbe\r\ysusa;.r]l\_lG]>p\s2sIof daWsHQt_a<MtHZFoRfeEGlaYs :rg8ts!oP"LXOehieq00EnNe0
2593
AbdgnM] tW<us=ndjpbnpl_i.BF_Tli1EQlFQ;tRNl8hUrjbi@,Eg5VetP+g0HhhPeHggGs4PCgJthe;sp_rdbe\s\ystsa;.r]l^`lG]>o[s2sIof daWsHQs_a<MtHZGoReeEGlaYs :rf8ts!oP"LXOehieq11FnNe0
2594
AbdgnM] tW<us=ndjpbnpl_i.BF_Tli1EQlFQ;tRNl8hUrjbi@,Eg5VetP+g0HhhPeHggGs4PCgJthe;sp_rdbe\s\ystsa;.r]l^`lG]>o[s2sIof daWsHQs_a<MtHZGoReeEGlaYs :rf8ts!oP"LXOehiep11FnNe0
2595
AbdgnM] tW<us=ndjpbnpl_i.BF_Tli1EQlFQ;tRNl8hUrjbi@,Eg5VetP+g0HhhPeHggGs4PCgJthe;sp_rdbe\s\ystsa;/r]l^`lG]>o[s2sIof daWsHQs_a<MtHZGoReeEGlaYs :rf8ts!oP"LXOehiep11FnNe0
2596
AbdgnM] tW<us=ndjpbnpl_i.BF_Tli1EQlFQ;tRNl8hUrjbi@,Eg5VetP+g0HhhPeHggGs4PCgJthe;sp_rdbe\s\ystsa;/r]l^`lG]>o[s2sIof daWsHQs_a<MtHZGoReeEGlaYs :rf8ts!oP"LXOehiep11FnNe0
2597
AadgnM] tX<us=ndkpbopl_i.BF_Tli1ERlFQ;tRMl8hUrjbi@,Eg5VetP+g0HhhPeHggHs5PCgJthe;sq_rdbe\s\ystra;.r]l]_lH]>o[t2sIof daWsHQs_a<MtI[FoReeDGmaYs :rf8ts!oP"LXOehieq00EnNe/
2598
AbdfnM] tW<us=ndkpbnpl_i/BF`Tli1FQlFQ;tRMl7hUrjbi@,Dg5VetQ+g0IhgQdIghHs4PCfJthe;sp^rdbe\r\ysusa;.r]l\_lG]>p\s3sIof daWsHQt_a<MtHZFoReeEGlaYs :rg8ts oP"LXOehieq00EnNe0
2599
AbdfnM] tW<us=ndkpbnpl_i/BF`Tli1FQlFQ;tRMl7hUrjbi@,Dg5VetQ+g0IhgQdIghHs4PCfJthe;sp^rdbe\r\ysusa;.r]l\_lG]>p\s3sIof daWsHQt_a<MtHZFoReeEGlaYs :rg8ts oP"LXOehieq00EnNe0
2600
AbdgnN] tW<us=ndjpbnpl_i-BF_Tli1EPlFQ;tRNl8hUrjbi@,Eg5VetP+g0HhhPfHggGs4PCgJthe;sp`rdbe\s\ystsa;/r]l^`lG]>o[s2sIof daWsHQs_a<MtHZGoReeEGlaYs :rg9ts!oP"LXOehiep11FnNe0
2601
AbdgnN] tW<us=ndjpbnpl_i-BF_Tli1EPlFQ;tRNl8hVrjbi@,Eg5VetP+g0HhhPfHggGs4PCgJthe;sp`rdbe\s\ystsa;/r]l^`lG]>o[s2sIof daWsHQs_a<MtHZGoReeEGlaYs :rg9ts!oP"LXOehiep11FnNe0
2602
AbdgnN] tW<us=ndjpbnpl_i-BF_Tli1EPlFQ;tRNl8hVrjbi@,Eg5VetP+g0HhhPfHggGs4PCgJthe;sp`rdbe\s\ystsa;/r]l^`lG]>o[s2sIof daWsHQs_a<MtHZGoReeEGlaYs :rg9ts!oP"LXOehiep11FnNe0
2603
AbdfnN] tW<us=ndjpbopl_i/CF_Tli1EQlGQ;tRMl8hVrjbi@,Eg5VetQ,g0HhiQdHggGs4PCgJthe;sp^rdbe]s\ystra;.r]l]_kG]>o[s2sIof dcWsHQs_a<MtHZFnSeeEGlaYs :rf8ts oP"LXOehiep00EnNe0
2604
AbdfnN] tW<us=ndjpbnpl_i-BF_Tli1EPlGQ;tRNl8hVrjbi@,Eg5VetP+g0HhhPfHggGs4PCgJthe;sp`rdbe\s\ystsa;/r]l^`lG]>o[s2sIof daWsHQs_a<MtHZGoReeEGlaYs :rg9ts!oP"LXOehiep11FnNe0
2605
AbdfnN] tW<us=ndjpbnpl_i-BF_Tli1EPlGQ;tRNl8hVrjbi@,Eg5VetP+g0HhhPfHggGs4PCgJthe;sp`rdbe\s\ystsa;/r]l^`lG]>o[s2sIof daWsHQs_a<MtHZGoReeEGlaYs :rg9ts!oP"LXOehiep11FnNe0
2606
AbdfnN] tW<us=ndjpbnpl_i-CF_Tli1EPlGQ;tRNl8hVrjbi@,Eg5VetP+g0HhhPfHggGs4PCgJthe;sp`rdbe\s\ystsa;/r]l^`lG]>o[s2sIof daWsHQs_a<MtHZGoReeEGlaYs :rg9ts!oP"LXOehiep11FnNe0
2607
AadgnM] tX<us=ndkpboql_i.BF_Tli1ERlFQ:tSNl8hUrjbi@,Eg5VetQ+g0HhhPeHggIs5PCgJthe;sq_rdbe\s\ystra;.r]l]_lH]>o[t2sIof daWsHQs_a<MtI[FoReeDGmaZs :rf8ts!oP"LXOehiep00EnOe/
2608
AadgnM] tX<us=ndkpboql_i.BF_Tli1ERlFQ:tSNl8hUrjbi@,Eg5VetQ+g0HhhPeHggIs5PCgJthe;sq_rdbe\s\ystra;.r]l]_lH]>o[t2sIof daWsHQs_a<MtI[FoReeDGmaZs :rf8ts!oP"LXOehiep00EnOe/
2609
AadgnM] tX<us=ndkpboql_i.BF_Tli1ERlFQ:tSNl8hUrjbi@,Eg5VetQ+g0HhhPeHggIs5PCgJthe;sq_rdbe\s\ystra;.r]l]_lH]>o[t2sIof daWsHQs_a<MtI[FoReeDGmaZs :rf8ts!oP"LXOehiep00EnOe/
2610
AadgnM] tX<us=ndkpboql_i.BF_Tli1ERlFQ:tSNl8hUrjbi@,Eg5VetQ+g0HhhPeHggIs5PCgJthe;sq_rdbe\s\ystra;.r]l]_lH]>o[t2sIof daWsHQs_a<MtI[FoReeDGmaZs :rf8ts!oP"LXOehiep00EnOe/
2611
AadgnM_ tX<us=ndkpboql_i/BF_Tli1ERlFQ;tSMl8hUrjbi@,Eh5VetQ+g0IhhPeHggIs5PCgJthe;sq_rdbe\s^ystra;.r]l]_lH]>o[t2sIof daWsHQs_a<MtI[FoReeDGmaYs :rf8ts oP"LXOehieq00EnNe/
2612
AbdfoN^ tW=us=ndkpbnpl_i0BF`Tli1FQlFQ;tSMl7hUrjbiA,Dg5VetQ,g0IhiQdIghHs4PCgJthe;sp^rdbe[r\ysusa;/r]l\_lG]>p\s2sIof daWsHQt_a<MtHZFnReeEHlaYs :rh8ts!oP!LXOehieq00EnNe0
2613
AbdgnM] tX<us=ndkpboql_i.BF_Tli1ERlFQ;tSMl8hUrjbi@,Eg5VetQ+g0HhhPeHggIs5PDgJthe;sq_rdbe\s]ystra;.r^l]_lH]>o\t2sIof daWsHQs_a<MtI[GoReeDGlaYs :rg8ts oP"LXOehieq0/EnNe/
2614
AbdgnM] tX<us=ndkpboql_i.BF_Tli1ERlFQ;tSMl8hUrjbi@,Eg5VetQ+g0HhhPeHggIs5PDgJthe;sq_rdbe\s]ystra;.r^l]_lH]>o\t2sIof daWsHQs_a<MtI[GoReeDGlaYs :rg8ts oP"LXOehieq0/EnNe/
2615
AbdgnM] tX<us=ndkpboql_i/BF_Tli1ERlFQ;tSMl8hUrjbi@,Eg6VetQ+g0HhhPeHggIs5PDgJthe;sq_rdbe\s]ystra;.r^l]_lH]>o\t2sIof daWsHQs_a<MtI[GoReeDGlaYs :rg8ts oP"LXOehieq0/EnNe/
2616
AbdgnM] tX<us=ndkpboql_i/BE_Tli1ERlFQ;tSMl8hUrjbi@,Eg6VetQ+g0HhhPeHggIs5PDgJthe;sq_rdbe\s]ystra;.r^l]_lH]>o\t2sIof daWsHQs_a<MtI[GoReeDGlaYs :rg8ts oP"LXOehieq0/EnNe/
2617
AbdgnM] tX<us=ndkpboql_i/BE_Tli1ERlFQ;tSMl8hUrjbi@,Eg6VetQ+g0HhhPeHggIs5PDgJthe;sq_rdbe\s]ystra;.r^l]_lH]>o\t2sIof daWsHQs_a<MtI[GoReeDGlaYs :rg8ts oP"LXOehieq0/EnNe/
2618
AbdgnM] tX<us=ndkpboql_i/BE_Tli1ERlFQ;tSMl8hUrjbi@,Eg6VetQ+g0HhhPeHggIs5PDgJthe;sq_rdbe\s]ystra;.r^l]_lH]>o\t3sIof daWsHQs_a<MtI[GoReeDGlaYs :rg8ts oP"LXOehieq0/EnNe/
2619
AbdgnM] tX<us=ndkpboql_i/BE_Tli1ERlFQ;tSMl8hUrjbi@,Eg6VetQ+g0HhhPeHggIs5PDgJthe;sq_rdbe\s]ystra;.r^l]_lH]>o\t3sIof daWsHQs_a<MtI[GoReeDGlaYs :rg8ts oP"LXOehieq0/EnNe/
2620
AbdgnM] tX<us=ndkpboql_i/BE_Tli1ERlFQ;tSMl8hUrjbi@,Eg6VetQ+g0HhhPeHggIs5PDgJthe;sq_rdbe\s]ystra;.r^l]_lH]>o\t3sIof daWsHQs_a<MtI[GoReeDGlaYs :rg8ts oP"LXOehieq0/EnNe/
2621
AbdfnN] tX<us=ndjpcnpl_i-BF_Tli1EQlGQ;tRNl8hVrjbiA,Eg5VetP+g0HhhPfHghGs4PCgIthe;sp`rdbe\s\ystsa;/r]l]`lG^>o[s2sIof daWsHQs_a<MtHZGoReeEGlaYs :rh9ts!oP"LXOehiep11GnNe0
2622
AbdfnN] tX<us=ndipcnpl_i-BF_Tli1EQlGQ<tRNl8hVrjbiA,Eg5VetP+g0HhhPfHghGs4PCfIthe;sp`rdbe\s\ystsa;/r]l]`lG^>o[s2sIof daWsHQs_a<MtHZGoReeEGlaYs :rh9ts!oP"LXOehiep11GnNe0
2623
AbdfnN] tW<us=ndjpcnpl_i-BF_Tli1EQlGQ;tRNl8hVrjbi@,Eg5VetP+g/HhgPfGgiGs4PCfIthe;sp`rdbe\s\ystsa;/r]l]`lG^>o\s2sIof daWsHQs_a<MtHZGoReeEGlaYs :rh9ts!oP"LXOegiep11GnNe0
2624
AbdfnN] tW<us=ndjpcnpl_i-BE_Tli1EQlGQ;tRNl8hVrjbi@,Eg5VetP+g/HhgPfGgiGs4PCfIthe;sp`rdbe\s\ysts`;/r]l]`lG^>o\s2sIof daWsHQs_a=MtHZGoReeEGlaYs :rh9ts!oP"LXOegiep11GnNe0
2625
AbdfnN] tW<us=ndjpcnpl_i-BE_Tli1EQlGQ;tRNl8hVrjbi@,Eg5VdtP+g/HhgOfGgiGs4PCfIthe;sp`rdbe\s\ysts`;/r]l]`lG^>o\s2sIof daWsHQs_a=MtHZGoReeEGlaYs :rh9ts!oP"LXOegiep11GnNe0
2626
AbdfnN] tW<us=ndjpcnpl_i-BE_Tli1EQlGQ;tRNl8hVrjbi@,Eg5VdtP+g/HhgOfGgiGs4PCfIthe;sp`rdbe\s\ysts`;/r]l]`lG^>o\s2sIof daWsHQs_a=MtHZGoReeEGlaYs :rh9ts!oP"LXOegiep11GnNe0
2627
AcdfnN] tW<us=ndjpcnpl_i-BF_Tli1EQlGQ;tRNl8hVrjbi@,Eg5VetP+g/HhgPgGgiGs4PCfIthe;sp`rdbe\s\ystsa;/r]l]`lG^>o\s2sIof daWsHQs_`<MtHZGnReeEGlaYs :rh9ts!oP"LXOegiep11GnNe0
2628
AcdfnN] tW<us=ndjpcnpl_i-BF_Tli1EQlGQ;tRNl8hVrjbi@,Eg5VetP+g/HhgPgGgiGs4PCfIthe;sp`rdbe\s\ystsa;/r]l]`lG^>o\s2sIof daWsHQs_`<MtHZGnReeEGlaYs :rh9ts!oP"LXOegiep11GnNe0
2629
AbdeoN^ tW>us=ndjpbnpl_i0BF`Tli1FQmFQ;tSMl7hUrjbiA,Df5WetR,g0IhiQdJghHs5PCgJthe;sp^rdbe[r\ysusa;/r]l\_lG]>p\s3sIof daWsHQt_a<MtHZFnReeEHlaYs :rh8ts!oP!LXOehieq00EnNe0
2630
AbdfnM] tX<us=ndjpbopl_i/BE_Tli2ERlFQ;tSMl8hUrjbi@,Eg6VetQ+g0HhhPeHggIs5PDgJthe;sq_rdbe[s]yssra:.r_l]_lH]>o\t2sIof daWsHQs_a<MtI[GoRfeDGlaYs :rg8ts oP"LXOehieq0/EnNe/
2631
AbdfnM] tX<us=ndjpbopl_i/BE_Tli2ERlFQ;tSMl8hUrjbi@,Eg6VetQ+g0HhhPeHggIs5PDgJthe;sq_rdbe[s]yssra:.s_l]_lH]>o\t2sIof daWsHQs_a<MtI[GoRfeDGlaYs :rg8ts oP"LXOehieq0/FnNe/
2632
AbdfnM] tX<us=ndjpbopl_i/BE_Tli2ERlFQ;tSMl8hUrjbi@,Eg6VetQ+g0HhhPeHggIs5PDgJthe;sq_rdbe[s]yssra:.s_l]_lH]>o\t2sIof daWsHQs_a<MtI[GoRfeDGlaYs :rg8ts oP"LXOehieq0/FnNe/
2633
AbdfnM] tX<us=ndjpbopl_i/BE_Tli2ERlFQ;tSMl8hUrjbi@,Eg6VetQ+g0HhhPeHggIs5PDgJthe;sq`rdbe[s]yssra:.r_l]_lH]>o\t2sIof daWsHQs_a<MtI[GoRfeDGlaYs :rg8ts oP"LXOehieq0/EnNe/
2634
AbdfnN] tX<us=ndipcnpl_i-BF_Tli1EQlGQ<tSNl8hVrjbiA,Eg5VetP+g0HhhPfHghGs4PCfIthe;sp`rdbe\s\ystsa;0r]l]`lG^=o[s2sIof daWsHQs_a<MtHZGoSeeEGlaYs :ri9ts!oP"LXOehiep11GnNe/
2635
AbdfnN] tX<us=ndipcnpl_i-BF_Tli1EQlGQ<tSNl8hVrjbiA,Eg5VetP+g0HhhPfHghGs4PCfIthe;sp`rdbe\s\ystsa;0r]l]`lG^=o[s2sIof daWsHQs_a<MtHZGoSeeEGlaYs :ri9ts!oP"LXOehiep11GnNe/
2636
AbdfnN] tX<us=ndhpcnpl_i-BF_Tli1EQlGQ<sRNl8hWrjbiA,Eg5VetP+g0HhhPfHghGs4PCfIthe;sp`rdbe\s\ystra;/r]l]`lG^>o[s2sIof daWsHQs_a<MtHZHoReeDGlaYs :rh9ts!oP"LXOehiep11GnNe/
2637
AbdfnN] tX<us=ndhpcnpl_i-BF_Tli1EQlGQ<sRNl8hWrjbiA,Eg5VetP+g0HhhPfHghGs4PCfIthe;sp`rdbe\s\ystra;/r]l]`lG^>o[s2sIof daWsHQs_a<MtHZHoReeDGlaYs :rh9ts!oP"LXOehiep11GnNe/
2638
AbdfnN] tX<us=ndhpcnpl_i-BF_Tli2EQlGQ<tRNl8hWrjbiA,Eg5VetP+g0HhhPfHghGs4PCfIthe;sp`rdbe\s\ystra;/r]l]`lG^>o[s3sIof daWsGQs_a<MtHZHoReeEGlaYs :rh9ts!oP"LXOehiep11GnNe/
2639
AbdfnN] tX<us=ndhpcnpl_i-BF_Tli2EQlGQ<tRNl8hWrjbiA,Eg5VetP+g0HhhPfHghGs4PCfIthe;sp`rdbe\s\ystra;/r]l]`lG^>o[s3sIof daWsGQs_a<MtHZHoReeEGlaYs :rh9ts!oP"LXOehiep11GnNe/
2640
AbdfnM] tX=us=ndjpbopl`i/BE_Tli2ERlFQ;tSMl8hUrjbiA,Eg6WetQ+g0IhhPeHggIs5PDgJthe;sq_rdbe[s]yssra:.s_l]_lH]>o\t2sIof daWsHQs_a<MtI[GoRfeDGlaZs :rg8ts oP"LXOehieq0/FnNe/
2641
AbdfnM] tX=us=ndjpbopl`i/BE_Tli2ERlFQ;tSMl8hUrjbiA,Eg6WetQ+g0IhhPeHggIs5PDgJthe;sq_rdbe[s]yssra:.s_l]_lH]>o\t2sIof daWsHQs_a<MtI[GoRfeDGlaZs :rg8ts oP"LXOehieq0/FnNe/
2642
AbdfnM] tX=us=ndjpbopl`i/BE_Tli2ERlFQ;tSMl8hUrjbiA,Eg6WetQ+g0IhhPeHggIs5PDgJthe:sq_rdbeZs]yssra:.s_l]_lH]>o\t2sIof daWsHQs_a<MtI[GoRfeDGlaZs :rg8ts oP"LXOehieq0/FnNe/
2643
AbdfnM] tX=us=ndjpbopl`i/BE_Tli2ERlFQ;tSMl8hUrjbiA,Eg6WetQ+g0IihPeHggIs5PDgJthe:sq_rdbeZs]yssra:.s_l]_lH]>o\t2sIof daWsHQs_a<MtI[GoRfeDGlaZs :rg8ts oP"LXOehieq0/FnNe/
2644
AbdfnM] tX=us=ndjpbopl`i/BE_Tli2ERlFQ;tSMl8hUrjbiA,Eg6WetQ+g0IihPeHggIs5PDgJthe:sq_rdbeZs]yssra:.s_l]_lH]>o\t2sIof daWsHQs_a<MtI[GoRfeDGlaZs :rg8ts oP"LXOehieq0/FnNe/
2645
AbdfnM] tX=us=ndjpbopl`i/BE_Tli2ERlFQ;tSMl8hUrjbiA,Eg6WetQ+g0IihPeHggIs5PDgJthe:sq_rdbeZs]yssra:.s_l]_lH]>o\t2sIof daWsHQs_a<MtI[GoRfeDGlaZs :rg8ts oP"LXOehieq0/FnNe/
2646
AbdfnM] tX=us=ndjpbopl`i/BE_Tli2ERlFQ;tSMl8hUrjbiA,Eg6WetQ+g0IhhPeHggIs5PDgJthe:sq_rdbeZs]yssra:.s_l]_lH]>o\t2sIof daWsHQs_a<MtI[GoRfeDGlaZs :rg8ts oP"LXOehieq0/FnNe/
2647
AbdeoN^ tW>us=ndjpbnpl_i0BF`Tli1FQnFQ;tSMl7hUrjbiC,De5VetQ,g0IhiPdKghHs5PCgJthe;sp^rdce[r\ysusa;/r]l[`lG]>p\s3sIof daWsHQt_a<MtHZFnSeeEIlaZs :rh8ts!oP!LXOehieq00EnNe0
2648
AbdeoN^ tW>us=ndjpbnpl_i0BF`Tli1FQnFQ;tSMl7hUrjbiC,De5VetQ,g0IhiPdKghHs5PCgJthe;sp^rdce[r\ysusa;/r]l[`lG]>p\s3sIof daWsHQt_a<MtHZFnSeeEIlaZs :rh8ts!oP!LXOehieq00EnNe0
2649
AbdfnM] tX=us=ndjpbopl`i/BE_Tli2ERlFQ;tSMl8hUrjbiA,Eg6WetQ+g0IihPeHggIs5ODgJthe:sq_rdbeZs]yssra:.r_l]_lH]>p\t2sIof daWsHQs_a<MtI[HoRfeDGlaZs :rg8ts oP"LXOehieq0/FnNe/
2650
AbdfnM] tX=us=ndjpbopl`i/BE_Tli2ERlFQ;tSMl8hUrjbiA,Eg6WetQ+g0IihPeHggIs5ODgJthe:sq_rdbeZs]yssra:.r_l]_lH]>p\t2sIof daWsHQs_a<MtI[HoRfeDGlaZs :rg8ts oP"LXOehieq0/FnNe/
2651
AbdfnM] tX=us=ndjpbopl`i/BE_Tli2ERlFQ;tSMl8hUrjbiA,Eg6WetQ+g0IhhPeHggIs5ODgJthe:sq_rdbeZs]yssra:.q_l\_lH]>p\t2sIof daWsHQs_a<MtI[HoRfeDGlaZs :rg8ts oP"LXOehieq0/FnNe/
2652
AbdfnM] tX=us=ndjpbopl`i/BE_Tli2ERlFQ;tSMl8hUrjbiA,Eg6WetQ+g0IhhPeHggIs5ODgJthe:sq_rdbeZs]yssra:.q_l\_lH]>p\t2sIof daWsHQs_a<MtI[HoRfeDGlaZs :rg8ts oP"LXOehieq0/FnNe/
2653
AbdfnM] tX=us=ndjpbopl`i/BE_Tli2ERlFQ;tSMl8hUrjbiA,Eg6WetQ+g0IhhPeHggIs5ODgJthe:sq_rdbeZs]yssra:.q_l\_lH]>p\t2sIof daWsHQs_a<MtI[HoRfeDGlaZs :rg8ts oP"LXOehieq0/FnNe/
2654
AbdfnN] tX<us=ndjpbnpl_i-DF_Tli2EQlGQ:tRNl8hVribh@,Eg5VetQ+g/HhhPfIghGs4PCfIthe;sp`rdbe\s\ystsa;1r]j]`lG^>o[s2sIof daWsHQs_a<MtIZGoSeeEGlaYs :rh;ts!oP"LXPehiep21GnNe0
2655
AcdeoN^ tW>us=ndjpbnpl_i0BF`Tli1FQnFR;tSMl8hUrjbiC,Ce5VetQ,g0HhiPdKghHs5PCgJthe;sp^rdce[r\ysusa;/r]l[`lG]>p\s3sHof daWsHQt_a<MtHZFnSeeEIlaZs :rh8ts!oP!LXOehieq10EnNe0
2656
AbdeoN_ tW>us=ndjpbnpl_i0BF`Tli1FQnEQ;tSMl7hUribiC,De5VetQ,g0IhiPdKghHs5PDgJthe;sp^rdce[r\ysusa;/r^l[`lG]>p]s3sIof daWsHQt`a<MtHZGnSeeEIlaZs :rh8ts!oP!LXOehieq00EnNe0
2657
AbdeoN_ tW>us=ndjpbnpl_i0BF`Tli1FQnEQ;tSMl7hUribiC,De5VetQ,g0IhiPdKghHs5PDgJthe;sp^rdce[r\ysusa;/r^l[`lG]>p]s3sIof daWsHQt`a<MtHZGnSeeEIlaZs :rh8ts!oP!LXOehieq00EnNe0
2658
AbdeoN_ tW>us=ndjpbnpl_i0BF`Tli1FQnEQ;tSMl7hUribiC,De5VetQ,g0IhiPdKghHs5PDgJthe;sp^rdce[r\ysusa;/r^l[`lG]>p]s3sIof daWsHQt`a<MtHZGnSeeEIlaZs :rh8ts!oP!LXOehieq00EnNe0
2659
AbdenM] tX=us=ndjpbopl`i/BE_Tli2ERlFQ:tSMl8hUrjbiA,Eg6WetQ+g0IhhPeHggIs5ODfJthe:sq_rdbeZs]yssra:.q_l\_lH]<p]t2sIof daWsHQs_a<MtI[HoRfeDGlaZs :rg8ts oP"LXOehjeq0/FnNe/
2660
AbdenM] tX=us=ndjpbopl`i/BE_Tli2ERlFQ:tSMl8hUrjbiA,Eg6WetQ+g/IhhPeHggIs5ODfJthe:sq_rdbeZs]yssra:.q_l\_lH]<p]t2sIof daWsHQs_a<MtI[HoRfeDGlaZs :rg8ts oP"LXOehjeq0/FnNe/
2661
AbdenM] tX=us=ndjpbopl`i/BE_Tli2ERlFQ:tSMl8hUrjbiA,Eg6WetQ+g/IhhPeHggIs5ODfJthe:sq_rdbeZs]yssra:.q_l\_lH]<p]t2sIof daWsHQs_a<MtI[HoRfeDGlaZs :rg8ts oP"LXOehjeq0/FnNe/
2662
AbdenM] tX=us=ndjpbopl`i/BE_Tli2ERlFQ:tSMl8hUrjbiA,Eg6WetQ+g/IhhPeHggIs5ODfJthe:sq_rdbeZs]yssra:.q_l\_lH]<p]t2sIof daWsHQs_a<MtI[HoRfeDGlaZs :rg8ts oP"LXOehjeq0/FnNe/
2663
AbdenM] tX=us=ndjpbopl`i/BE_Tli2ERlFQ:tSMl8hUrjbiA,Eg6WetQ+g/IhhPeHggIs5ODfJthe:sq_rdbeZs]yssra:.q_l\_lH]<p]t2sIof daWsHQs_a<MtI[HoRfeDGlaZs :rg8ts oP"LXOehjeq0/FnNe/
2664
AcdeoN^ tW>us=ndipbnpl_i0BFbTli1FQnFR;tSMm8hUrjbiC,Ce5VetQ,g0HhiPdKghHs5PCgIthe;sp^rdce[r\ysusa;/r]l[alG]>p]s3sHof daWsHQt_a<MtHZFnSeeEIlaZs :rh8ts!oP!LXOehieq10EnNe0
2665
AcdeoN^ tW>us=ndipbnpl_i0BFbTli1FQnFR;tSMm8hUrjbiC,Ce5VetQ,g0HhiPdKghHs5PCgIthe;sp^rdce[r\ysusa;/r]l[alG]>p]s3sHof daWsHQt_a<MtHZFnSeeEIlaZs :rh8ts!oP!LXOehieq10EnNe0
2666
AbdfnN] tX=us=ndjpcopl`i/BE_Tli2ERlFQ;tSMl8hUrjbiA,Dg5WetQ+g0IihPeIggIs5PEgJthe:sq`rebeZs]yssra:.s_l]`lH]>p\t2sIof daWsHQt_a<MtI[HnRfeDGlaZs :rh8ts oP"LYOehieq0/FnOe.
2667
AbdfnN] tX=us=ndjpcopl`i/BE_Tli2ERlFQ;tSMl8hUrjbiA,Dg5WetQ+g0IihPeIggIs5PEgJthe:sq`rebeZs]yssra:.s_l]`lH]>p\t2sIof daWsHQt_a<MtI[HnRfeDGlaZs :rh8ts oP"LYOehieq0/FnOe.
2668
AbdfnN] tX=us=ndjpcopl`i/BE_Tli2ERlFQ;tSMl8hUrjbiA,Dg5WetQ+g0IihPeIggIs5PEgJthe:sq`rebeZs]yssra:.s_l]`lH]>p\t2sIof daWsHQt_a<MtI[HnRfeCGlaZs :rh8ts oP"LYOehieq0/FnOe.
2669
AbdfnN] tX=us=ndjpcopl`i/BE_Tli2ERlFQ;tSMl8hUrjbiA,Dg5WetQ+g0IihPeIggIs5PEgJthe:sq`rebeZs]yssra:.s_l]`lH]>p\t2sIof daWsHQt_a<MtI[HnRfeCGlaZs :rh8ts oP"LYOehieq0/FnOe.
2670
AbdfnN^ tX=us=ndipcopl`i/BE_Tli2ERlFQ;tSMl8hUrjbiA,Dg5WetQ+g0IihPeIgfIs5PEgJthe:sq`rebeZs]yssra:.s_l]`lI]>p\t2sIof daWsHQt_a<MtI[HnRfeDGlaZs :rh8ts oP"LYOehieq0/FnOe.
2671
AbdfnN^ tX=us=ndipcopl`i/BE_Tli2ERlFQ;tSMl8hUrjbiA,Dg5WetQ+g0IihPeIgfIs5PEgJthe:sq`rebeZs]yssra:.s_l]`lI]>p\t2sIof daWsHQt_a<MtI[HnRfeDGlaZs :rh8ts oP"LYOehieq0/GnOe.
2672
AbdfnN^ tX=us=ndipcopl`i/BE_Tli2ERlFQ;tSMl8hUrjbiA,Dg5WetQ+g0IihPeIgfIs5PEgJthe:sq`rebeZs]yssra:.s_l]alI]>p\t2sIof daWsHQt_a<MtI[HnRfeDGlaZs :rh8ts oP"LYOehieq0/GnOe.
2673
AbdenM] tX=us=ndjpbopl`i/BE_Tli2ERlFQ:sSMl8hVribiA,Eg6WetR+g/IhhPeHggIs5OEfJthe:sq_rdbeZs]yssra:.q_l\_lH]<p]t2sIof daWsHRs_a<MtI[HoRfeDHlaZs :rg8ts oP"LXOehjeq0/FnNe/
2674
AbdenM] tX=us=ndjpbopl`i/BE_Tli2ERlFQ:sSMl8hVribiA,Eg6WetR+g/IhhPeHggIs5OEfJthe:sq_rdbeZs]yssra:.q_l\_lH]<p]t2sIof daWsHRs_a<MtI[HoRfeDHlaZs :rg8ts oP"LXOehjeq0/FnNe/
2675
AbdfnN^ tX=us=ndipcopl`i/BE_Tli2ERlFQ;tSMl8hUrjbiA,Dg5WetQ+g0IihPeIgfIs5PEgJthe:sq`rebeZs]yssra:.s_l]alI]>p\t2sIof daWsGQt_a<MtI[HnRgeDGlaZs :rh8ts oP"LYOehieq1/GnOe.
2676
AbdfnN^ tX=us=ndipcopl`i/BE_Tli2ERlFQ;tSMl8hUrjbiA,Dg5WetQ+g0IihPeIgfIs5PEgJthe:sq`rebeZs]yssra:.s_l]alI]>p\t2sIof daWsGQt_a<MtI[HnRgeDGlaZs :rh8ts oP"LYOehieq1/GnOe.
2677
AbdfnN^ tX=us=ndipcopl`i/BE_Tli2ERlFQ;tSMl8hUrjbiA,Dg5WetQ+g0IihPeIgfIs5PEgJthe:sq`rebeZs]yssra:.s_l]alI]>p\t2sIof daWsGQt_a<MtI[HnRgeDGlaZs :rh8ts oP"LYOehieq1/GnOe.
2678
AbdfnN^ tX=us=ndipcopl`i/BE_Tli2ERlFQ;tSMl8hUrjbhA,Dg6WetQ+g0IihPeIgfIs5PEgJthe:sq`rebeZs]yssra:.s_l]alJ]>p\t2sIof daWsHQt_a<MtI[HnRfeDGlaZs ;rh8ts oP"LYOehieq0/GnOe.
2679
AbdfnN^ tX=us=ndipcopl`i/BE_Tli2ERlFQ;tSMl8hUrjbhA,Dg6WetQ+g0IihPeIgfIs5PEgJthe:sq`rebeZs]yssra:.s_l]alJ]>p\t2sIof daWsHQt_a<MtI[HnRfeDGlaZs ;rh8ts oP"LYOehieq0/GnOe.
2680
AbdfnN^ tX=us=ndipcopl`i/BE_Tli2ERlGQ;tSMl8hUrjbiA,Dg5WetQ+g0IihPeIgfJs5PEgJthe9sqarebeZs]yssra:/s_l]alI]>p\t2sIof daWsHQt_a<NtI[HnRfeDGlaZs :rh8ts oP"LYOehieq0/GnOe.
2681
AbdfnN^ tX=us=ndipcopl`i/BE_Tli2ERlGQ;tSMl8hUrjbiA,Dg5WetQ+g0IihPeIgfJs5PEgJthe9sqarebeZs]yssra:/s_l]alI]>p\t2sIof daWsHQt_a<NtI[HnRfeDGlaZs :rh8ts oP"LYOehieq0/GnOe.
2682
AbdfnN^ tX=us=ndipcopl`i/BE_Tli2ERlGQ;tSMl8hUrjbiA,Dg5WetQ+g0IihPeIgfJs5PEgJthe9sqarebeZs]yssra:/s_l]alI]>p\t2sIof daWsHQt_a<NtI[HnRfeDGlaZs :rh8ts oP"LYOehieq0/GnOe.
2683
AbdenN^ tX=us=ndipcopl`i/BE_Tli3ERlFQ;tSMl8hVrjbiA,Dg5WetQ+g0JihOeIgfIs5PEgJthe:sq`rebeZs]yssra:.s_l]akI]>p\t2sIof daWsFQt_a<MtI[HnRfeDGlaZs :rh8ts oP"LYOehieq0/GnOe.
2684
AbdenN^ tX=us=ndipcopl`i/BE_Tli3ERlFQ;tSMl8hVrjbiA,Dg5WetQ+g0JihOeIgfIs5PEgJthe:sq`rebeZs]yssra:.s_l]akI]>p\t2sIof daWsFQt_a<MtI[HnRfeDGlaZs :rh8ts oP"LYOehieq0/GnOe.
2685
AbdfnN^ tX=us=ndipcopl`i/BE_Tli2ERlFQ;tSMl8hUrjbiA,Dg5XetQ+g0IihPeJgfIs5PFgJthe:sqarebeZs]yssra:.s_l]alI]=p\t2sIof daWsGQt_a<MtI[HnRgeDGlaZs :rh8ts oP"LZOehieq1/GnOe.
2686
AbdfnN^ tX=us=ndipcopl`i/BE_Tli2ERlFQ;tSMl8hUrjbiA,Dg5XetQ+g0IihPeJgfIs5PFgJthe:sqarebeZs]yssra:.s_l]alI]=p\t2sIof daWsGQt_a<MtI[HnRgeDGlaZs :rh8ts oP"LZOehieq1/GnOe.
2687
AbdfnN^ tX=us=ndipcopl`i/BE_Tli2ERlFQ;tSMl8hUrjbiA,Dg5XetQ+g0IihPeJgfIs5PFfJthe:sqarebeZs]yssra:.s_l]alI]=p\t2sIof daWsGQt_a<MtI[HnRgeDGlaZs :rh8ts oP"LZOehieq1/GnOe.
2688
AbdfnN^ tX=us=ndipcopl`i/BE_Tli2ERlFQ;tSMl9hUrjbiA,Dg5XetQ+g0IihPeJgfIs5PFfJthe:sqarebeZs]xssra:.s_l]alI]=p\t2sIof daWsGQt_a<MtI[HnRgeDGlaZs :rh8ts oP"L[Oehieq1/GnOe.
2689
AbdfnN_ tX=us=ndipcopl`i/BE_Tli2ERlFQ;tSMl8hUrjbiA,Dg5XetQ+g0IihPeJgfIs5PFfJthe:sqarebeZs]yssra:.s_l]alI]=p\t2sIof daWsGQt_a<MtI[HnRgeDGlaZs :rh8ts oP"LZOehieq1/GnOe.
2690
AbdfnN_ tX=us=ndipcopl`i/BE_Tli2ERlFQ;tSMl8hUrjbiA,Dg5XetQ+g0IihPeJgfIs5PFfJthe:sqarebeZs]yssra:.s_l]alI]=p\t2sIof daWsGQt_a<MtI[HnRgeDGlaZs :rh8ts oP"LZOehieq1/GnOe.
2691
AbdenN^ tX=us=ndipcopl`i0BE_Tli3ERlFR;tSMl8hVrjbiA,Dg5WetQ+g/JihOfIgfIs5PEgJthe:sq`rebeZs]yssra:.s_l]alI]>p\t2sIof daWsFQs_a<MtI[HnSfeDGlaZs :rh8ts oP"LYOehidq0/GnOe.
2692
AbdenN^ tX=us=ndipcopl`i0BE_Tli3ERlFR;tSMl8hVrjbiA,Dg5WetQ+g/JihOfIgfIs5PEgJthe:sq`rebeZs]yssra:.s_l]alI]>p\t2sIof daWsFQs_a<MtI[HnSfeDGla[s :rh8ts oP"LYOehidq0/GnOe.
2693
AbdenN^ tX=us=ndipcopl`i0BE_Tli3ERlFR;tSMl8hVrjbiA,Dg5WetQ+g/JihOfIgfIs5PEgJthe:sq`rebeZs]yssra:.s_l]alI]>p\t2sIof daWsFQs_a<MtI\HnSfeDGla[s :rh8ts oP"LYOehidq0/GnOe.
2694
AbdenN^ tX=us=ndipcopl`i0BE_Tli3ERlFR;tSMl8hVrjbiA,Dg5WetQ+g/JihOfIgfIs5PEgJthe:sq`rebeZs]yssra:.s_l]alI]>p\t2sIof daWsFQs_a<MtI\HnSfeDGla[s :rh8ts oP"LYOehidq0/GnOe.
2695
AbdenN^ tX=us=ndipcopl`i0BE_Tli3ERlFR;tSMl8hVrjbiA,Dg5WetQ+g/JihOfIgfIs5PEgJthe:sq`rebeZs]yssra:.s_l]alI]>p\t2sIof daWsFQs_a<MtI\HnSfeDGla[s :rh8ts oP"LYOehidq0/GnOe.
2696
AbdenN^ tX=us=ndipcopl`i0BE_Tli3ERlFR;tSMl8hVrjbiA,Dg6WetQ+g/JihOfIgfIs5PEgJthe:sq`rebeZs]yssra:.s_l]alI]>p\t2sIof daWsFQs_a<MtI\HnSfeDGla[s :rh8ts oP"LYOehidq0/GnOe.
2697
AbdenN^ tX=us=ndipcopl`i/BE_Tli4ERlFQ;sTMl8hVrjbiA,Dg5WetQ+g0JigOeIffIs5PEgJthe:sq`rebeZs^yssra:.s`k]akI]>p\t2sIof daWsFQt_a<MtI[HnRfeDGlaZs :ri8ts oP"LYOehieq0/GnOe.
2698
AbdenN^ tX=us=ndipcopl`i0BE_Uli3ERlFR;tSMl8hVrjbiA,Dg5WetQ+g/JihOfIgfIs5PEgJthe:sq`rebeZs]yssra:.s`l]alI]>p\t2sIof daWsFQs_a<MtI\HnSfeDGla[s :rh8ts oP"LYOehidq0/GnOe.
2699
AbdenN^ tX=us=ndipcopl`i0BE_Uli3ERlFR;tSMl8hVrjbiA,Dg5WetQ+g/JihOfIgfIs5PEgJthe:sq`rebeZs]yssra:.s`l]alI]>p\t2sIof daWsFQs_a<MtI\HnSfeDGla[s :rh8ts oP"LYOehidq0/GnOe.
2700
AbdenO^ tX=us=ndipcopl`i/BE_Tli4ERlFQ;sTMl8hVrjbiA,Dg5WetQ+g0JigOeIffIs5PEgJthe:sq`rebeZs^yssra:.s`k]akI]>p\t2sIof daWsFQt_a<MtJ[HnRfeDGlaZs :ri8ts oP"LYOehieq0/GnOe.
2701
AcdenN^ tX=us=ndipcoplai0BE_Tli3ERlFR;tSMl8hVribiA,Dg5WetQ*g/JihOfIgfIs5PEgJthe:sq`rebeZs]yssra:.s_l]alI]>p\t2sIof daWsFQs_a<MtI\InSfeCGma[s :rh8ts oP"LYOegidq0/GnOe.
2702
AcdenN^ tX=us=ndipcoplai0BE_Tli3ERlFR;tSMl8hVribiA,Dg5WetQ*g/JihOfIgfIs5PEgJthe:sq`rebeZs]yssra:.s_l]alI]>p\t2sIof daWsFQs_a<MtI\InSfeCGma[s :rh8ts oP"LYOegidq0/GnOe.
2703
AcdenN^ tX=us=ndipcoplai0BE_Tli3ERlFR;tSMl8hVribiA,Dg5WetQ*g/JihOfIgfIs5PEgJthe:sq`rebeZs]yssra:.s_l]alI]>p\t2sIof daWsEQs_a<MtI\InSfeCGma[s :rh8ts oP"LYOegidq0/GnOe.
2704
AcdenN^ tX=us=ndipcoplai0BE_Tli3ERlFR;tSMl8hVribiA,Dg5WetQ*g/JihOfIgfIs5PEgJthe:sq`rebeZs]yssra:.s_l]alI]>p\t2sIof daWsEQs_a<MtI\InSfeCGma[s :rh8ts oP"LYOegidq0/GnOe.
2705
AcdenN^ tX=us=ndipcoplai1BE_Tli3ERlFR;tSMl8hVribiA,Dg5WetQ*g/JihOfIgfIs5PEgJthe:sq`rebeZs]yssra:.s_l]alI^>p\t2sIof daWsFQs_a<MtI\InTfeDGma[s :rh8ts oP"LYOegidq0/GnOe.
2706
AcdenN^ tX=us=ndipcoplai1BE_Tli3ERlFR;tSMl8hVribiA,Dg6WetQ*g/JihOfIgfIs5PEgJthe:sq`rebeZs]yssra:.s_l]alI^>p\t2sIof daWsFQs_a=MtI\InTfeDGma[s :rh8ts oP"LYOegidq0/GnOe.
2707
AcdenN^ tX=us=ndipcoplai1BE_Tli3ERlFR;tSMl8hVribiA,Dg6WetQ*g/JihOfIgfIs5PEgJthe:sq`rebeZs]yssra:.s_l]alI^>p\t2sIof daWsFQs_a=MtI\InTfeDGma[s :rh8ts oP"LYOegidq0/GnOe.
2708
AcdemN^ tX=us=ndipcoplai1BE_Tli3ERlFR;tSMl8hVribiA,Dg6WetQ*g/JihOfIgfIs5PEgJthe:sq`rebeZs]yssra:.r_l]alI^>p\t2sIof daWsFQs_a=MtI\InTfeDGma[s :rh8ts oP"LYOegidq0/GnOe.
2709
AcdemN^ tX=us=ndipcoplai1BE_Tli3ERlFR;tSMl8hVribiA,Dg6WetQ*g/JihOfIgfIs5PEgJthe:sq`rebeZs]yssra:.r_l]alI^>p\t2sIof daWsFQs_a=MtI\InTfeCGma[s :rh8ts oP"LYOegidq0/GnOe.
2710
AcdemN^ tX=us=ndipcoplai1BE_Tli3ERlFR;tSMl8hVribiA,Dg6WetQ*g/JihOfIgfIs5PEgJthe:sq`rebeZs]yssra:.r_l]alI^>p\t2sIof daWsFQs_a=MtI\InTfeCGma[s :rh8ts oP"LYOegidq0/GnOe.
2711
AcdenN^ tX=us=ndipcoplai1BE_Tli3ERmFR;tSMl8hVribiA,Dg7WetQ*g/JihOfIgfIs5PEgJthe:sq`rebeZs]yssra:.s_l\alI^>p\t2sIof daWsFQs_a=MtI\InTfeDGma[s :sh8ts oP"LYOegidq0/GnOe.
2712
AcdenN^ tX=us=ndipcoplai1BE_Tli3ERmFR;tSMl8hVribiA,Dg7WetQ*g/JihOfIgfIs5PEgJthe:sq`rebeZs]yssra:.s_l\alI^>p\t2sIof daWsFQs_a=MtI\InTfeDGma[s :sh8ts oP"LYOegidq0/GnOe.
2713
AcdenN^ tX=us=ndipcoplai1BE_Uli3ERlFR;tSMl8hWribiA,Dg6WetQ*g/JihOfIgfIs5PEgJthe:sq`rfbeZs]yssra:.s_l\alI]>p]t2sIof daWsFQs_a<MtI\InSfeDGma[s :rh8ts oP!LYOegidq0/GnOe.
2714
AcdenN^ tX=us=ndipcoplai1BE_Uli4ERlFR;tSMl8hWribiA,Dg6WetQ*g/JihOfIgfIs5PEgJthe:sq`rfbeZs]yssra:.s_l\alI]>p]t2sIof daWsEQs_a<MtI\InSfeDGma[s :rh8ts oP!LYOegidq0/GnOe.
2715
AcdenN^ tX=us=ndipcoplai1BE_Uli4ERlFR;tSMl8hWribiA,Dg6WetQ*g/JihOfIgfIs5PEgJthe:sq`rfbeZs]yssra:.s_l\alI]>p]t2sIof daWsEQs_a<MtI\InSfeDGma[s :rh8ts oP!LYOegidq0/GnOe.
2716
AcdenN^ tX=us=ndipcoplai1BE_Uli4ERlFR;tSMl8hWribiA,Dg6WetQ*g/JihOfIgfIs5PEgJthe:sq`rfbeZs]yssra:.s_l\alI]>p]t2sIof daWsEQs_a<MtI\InSfeDGma[s :rh8ts oP!LYOegidq0/GnOe.
2717
AcdenN^ tX=us=ndipcoplai1BE_Uli4ERlFR;tSMl8hWribiA,Dg6WetQ*g/JihOfIgfIs5PEgJthe:sq`rfbeZs]yssra:.s_l\alI]>p]t2sIof daWsEQs_a<MtI\InSfeDGma[s :rh8ts oP!LYOegidq0/GnOe.
2718
AcddnN^ tX=us=ndipcoplai1BE_Uli4ERlFR;tSMl8hWribiA,Dg6WetQ*g/JihOfIgfIs5PEgJthe:sq`rfbeZs]yssra:.s_l\alI]>p]t2sIof daWsEQs_a<MtI\InSfeDGma[s :rh8ts oP!LYOegidq0/GnOe.
2719
AcdenN^ tX=us=ndipcoplai1BE_Uli4ERlFR;tSMl8hWribiA,Dg6WetQ*g/JihOfIgfIs5PEgJthe:sr`rfbeZs]yssra:.s_l\alI]>p]t2sIof daWsEQs_a<MtI\InSfeDGma[s :rh8ts oP!LYOegidq0/GnOe.
2720
AcdeoN^ tX=us=ndipcoplai1BE_Tli3ERmFR;tSMl8hVribhA,Dg7WetQ*g/KigOfIgfIs5PEgJthe:sq`rebeZs]yssra:.s_l]alI^>p\t2sIof daWsFQs_a=MtI\InTfeDHma[s :sh8ts oP"LYOegidq0/GnOe.
2721
AcdenN^ tX=us=ndipcoplai1BE_Uli4ERlFR;tTMl8gWribiA,Dg6WetQ*g.JihOfIgfIs5PEgJthe:sq`rfceZs]yssra:.s_l\alI]>p]t2sIof daWsERs_a<MtI]InSfeDGna[s :rh7ts oP!LYOefidq0.GnOe.
2722
AcdenN^ tX=us=ndipcoplai1BE_Uli4ERlFR;tTMl8gWribiA,Dg6WetQ*g.JihOfIgfIs5PEgJthe:sq`rfceZs]yssra;.s_l\alI]>p]t2sIof daWsERs_a<MtI]InSfeDGna[s :rh7ts oP!LYOefidq0.GnOe.
2723
AcdenN^ tX=us=ndipcoplai1BE_Uli4ERlFR;tTMl8gWribiA,Dg6WetQ*g.JihOfIgfIs5PEgJthe:sq`rfceZs]yssra;.s_l\alI]>p]t2sIof daWsERs_a<MtI]InSfeDGna[s :rh7ts oP!LYOefidq0.GnOe.
2724
AcdenN^ tX=us=ndipcoplai1BE_Uli4ERlFR;tTMl8gWribiA,Dg6WetQ*g.JihOfIgfIs5PEgJthe:sq`rfceZs]yssra;.s_l\alI]>p]t2sIof daWsERs_a<MtI]InSfeDGna[s :rh7ts oP!LYOefidq0.GnOe.
2725
AcdenN^ tX=us=ndipcoplai1BE_Uli4ERlFR;tTMl8gWribiA,Dg6WetQ*g.JihOfIgfIs5PEfJthe:sq`rfceZs]yssra;.s_l\alI]>p]t2sIof daWsERs_a<MtI]InSfeDGna[s :rh7ts oP!LYOefidq0.GnOe.
2726
AcdenN^ tX=us=ndipcoplai1BE_Uli4ERlFR;tTMl8gWribiA,Dg6WetQ*g.JihOfIgfIs5PEfJthe:sq`rfceZs]yssra;.s_l\alI]>p]t2sIof daWsERs_a<MtI]InSfeDGna[s :rh7ts oP!LYOefidq0.GnOe.
2727
AcdenN^ tX=us=ndipcoplai1BD_Uli4ERlFR;tTMl8gWribiA,Dg6WetQ*g.JihOfJgfIs5PEgJthe:sq`rfdeZs]yssra:.s_l\alI]>p]t2sIof daWsERs_a<MtI]InSfeDGna[s :rh7ts oP!LYOefidq0.GnOe.
2728
AcdenN^ tY=us=ndipcoplai1BE_Uli4ERlFR;tTMl8gWribiA,Dg6WetQ*g.JihOfIgfIs5PEfJthe:sq`rfceZs]yssra;.s_l\alI]>p]t2sIof daWsERs_a<MtI]InSfeDGna[s :rh7ts oP!LYOefidq0.GnOe.
2729
AcdenN^ tX=us=ndipcoplai1BE_Ulj5ERlFR;tTMl8gWribiA,Cg6WetQ*g.JihOfIgfIs5PEgJthe:sq`rfceZs]yssra;.s_l\alI]>p]s2rHof daWsERs_a<MtI]InSfeDGna[s :rh7ts oP!LYOeeidq0.GnOe.
2730
AcdenN^ tX=us=ndipcoplai1BE_Ulj5ERlFR;tTMl8gWribiA,Cg6WetQ*g.JihOfIgfIs5PEgJthe:sq`rfceZs]yssra;.s_l\alI]>p]s2rHof daWsERs_a<MtI]InSfeDGna[s :rh7ts oP!LYOeeidq0.GnOe.
2731
AcdenN^ tX=us=ndipcoplai1BE_Ulj5ERlFR;tTMl8gWribiA,Cg6WetQ*g.JihOfIgfIs5PEgJthe:sq`rfceZs]yssra;.s_l\alI]>p]s2rHof daXsERs_a<MtI]InSfeDGna[s :rh7ts oP!LYOeeidq0.GnOe.
2732
AcdenN^ tX=us=ndipcoplai1BD_Uli3DRlFR9tSNl8hWribiA,Dg5WetQ*g/JigOfIgfIs5OEgJthe:sq`rfbeZs]ysrra;.s_l\alI]>p]t2sIof daWsFQs_a=MtI\InSfeDGma[s :rh8ts oP!LZOegidq0/HnPe.
2733
AcdenN^ tX=us=ndipcoplai1BD_Uli3DRlFR9tSNl8hWribiA,Dg5WetQ*g/JigOfIgfIs5OEgJthe:sq`rfbeZs]ysrra;.s_l\alI]>p]t2sIof daWsFQs_a=MtI\InSfeDGma[s :rh8ts oP!LZOegidq0/HnPe.
2734
AcdenN^ tX=us=ndipcoplai1BD_Uli3DRlFR9tSNl8gWribiA,Dg5WetQ*g/JigOfIgfIs5OEgJthe:sq`rfbeZs]ysrra;.s_l\alI]>p]t2sIof daWsFQs_a=MtI\InSfeDGma[s :rh8ts oP!LZOegidq0/HnPe.
2735
AcdenN^ tX=us=ndipcoplai1BE_Ulj5ERlGR;tTMl8gWribiA,Cg6WetQ*g.JihOfIgfIs5PEgJthe:sq`rfceZs]yssra;.s_l\alI]>p^s3rHof daWsERs_a<MtI]InSfeDGna[s :rh7ts oP!LYOeeidq1.GnOe.
2736
AcdenN^ tX=us=ndipcoplai1BE_Ulj5ERlGR;tTMl8gWribiA,Cg6WetQ*g.JihOfIgfIs5PEgJthe:sq`rfceZs]yssra;.s_l\alI]>p^s3rHof daWsERs_a<MtI]InSfeDGna[s :rh7ts oP!LYOeeidq1.GnOe.
2737
AcdenN^ tX=us=ndipcoplai1BE_Ulj5ERlGR;tTMl8gWribiA,Cg6XetQ*g.JihOfIgfIs5PEgJthe:sq`rfceZs]yssra;.s_l\alI]>p^s3rHof daWsERs_a<MtI]InSfeDGna[s :rh7ts oP!LYOeeidq1.GnOe.
2738
AcdenN^ tX=us=ndipcoplai1BE_Ulj5ERlGR;tTMl8gWribiA,Cg6XetQ*g.JihOfIgfIs5PEgJthe:sq`rfceZs]yssra;.s_l\alI]>p^s3rHof daWsERs_a<MtI]InSfeDGna[s :ri7ts oP!LYPeeidq1.GnOe.
2739
AcdenN^ tX=us=ndipcoplai1BE_Ulj5ERlGR;tTMl8gWribiA,Cg6XetQ*g.JhhOfIgfIs5PEgJthe:sq`rfceZs]yssra;.s_l\alI]>p^s3rHof daWsERs_a<MtI]InSfeDGna[s :ri7ts oP!LYPeeidq1.GnOe.
2740
AcdenN^ tX=us=ndipcoplai1BE_Ulj5ERlGR;tTMl8gWribiA,Cg6XetQ*g.JhhOfIgfIs5PEgJthe:sq`rfceZs]yssra;.s_l\alI]>p^s3rHof daWsERs_a<MtI]InSfeDGna[s :ri7ts oP!LYPeeidq1.GnOe.
2741
AcdenN^ tX=us=ndipcoplai1BE_Ulj5ERlGR;tTMl8gWribiA,Cg6XetQ*g.JhhOfIgfIs5PEgJthe:sq`rfceZs]yssra;.s_l\alI]>p^s3rHof daWsERs_a<MtI]InSfeDGna[s :ri7ts oP!LYPeeidq1.GnOe.
2742
AcdenN^ tX=us=ndipcoplai1BE_Ulj5ERlGR;tTMl8gWribiA,Cg6XetQ*g.JhhOfIgfIs5PEgJthe:sq`rfceZs]yssra;.s_l\alI]>p^s3rHof daWsERs_a<MtI]InSfeDGna[s :ri7ts oP!LYPeeidq1.GnOe.
2743
AcdenN^ tX=us=ndipcoplai1BE_Ulj5ERlGR;tTMl8gWribiA,Cg6XetQ*g.JihOfIgfIs5PEgJthe:sq`rfceZs]yssra;.s_l\alI]>p^s3rHof daWsERs_a<NtI]InSfeDGna[s :rj7ts oP!LYPeeidq1.GnOe.
2744
AcdenN^ tX=us=ndipcoplai1CD_Uli3DRlFS9tSNl8gWribiA,Dg5WetQ*g.JigOfIgfIs5OEgJthe:sq`rfbeZs]ysrra;.s_l\alI]>p]t2sIof daWsFQs_a=NtI\InSfeDGma[s :rh8ts oQ LZOegidq0/HnPe.
2745
AcdenN^ tX=us=ndipcoplai1BD_Uli3DRlFR9tSNl8fXribhA,Df5WetQ*g/JigOfIgfIs6OEgJthe:sq`rfbeYs]ysrra;.s_l\alI]>p]t2sIof daWsFQs_a=MtI\InSfeDGma[s :ri8ts oP!LZOegidq0/HnPe.
2746
AcdenN^ tX=us=ndipcoplai1BD_Uli3DRlFR9tSNl8fXribhA,Df5WetQ*g/JigOfIgfIs6OEgJthe:sq`rfbeYs]ysrra;.s_l\alI]>p]t2sIof daWsFQs_a=MtI\InSfeDGma[s :ri8ts oP!LZOegidq0/HnPe.
2747
AcdenN^ tX=us=ndipcoplai1BE_Ulj5ERlGR;tTMl8gXribiA,Cg6WetR*g.JihOfIgfIs5PEgJthe:sq`rfdeZs]yssra;.s_k\alI]>p^s3sHof daWsERs_a<MtI]InTfeDGna[s :rh7ts oP!LYOeeidq1.HnOe.
2748
AcdenN^ tX=us=ndipcoplai1BE_Ulj5ERlGR;tTMl8gWribiB,Cg6XetQ*g.JhhOfIgfIs5PEgJthe:sq`rfceZs]yssra;.s_k\alI]>p^s3rHof daWsERs_a<NtI]InSfeDGna[s :ri7ts oP!LYPeeieq1.GnOe.
2749
AcdenN^ tX=us=ndipcoplai1BE_Ulj5ERlGR;tTMl8gWribiB,Cg6XetQ*g.JhhOfIgfIs5PEgJthe:sq`rfceZs]yssra;.s_k\alI]>p^s3rHof daWsERs_a<NtI]InSfeDGna[s :ri7ts oP!LYPeeieq1.GnOe.
2750
AcdenN^ tX=us=ndipcoplai1BE_Ulj5ERlGR;tTMl8gWribiB,Cg6XetQ*g.JhhOfIgfIs5PEgJthe:sq`rfceZs]yssra;.s_k\alI]>p^s3rHof daWsERs_a<NtI]InSfeDGna[s :ri7ts oP!LYPeeieq1.GnOe.
2751
AcdenN^ tX=us=ndipcoplai1BE_Ulj5ERlGR;tTMl8fXribiA,Cg6WetR*g.JihOfIgfIs5PEgJthe:sq`rfdeZs]yssra;.s_k\alI]>p^s3rHof daWsDRs_a<MtI]InTfeDGna[s ;rh7ts oP!LYOeeidq1.HnOe.
2752
AcdenN^ tX=us=ndhpcoplai1BD_Uli3DSlFR9tSNl8gWribiA,Dg5WetQ*g.JigOgIgfIs5OEgJthe:sq`rfbeZs]ysrra;.s`l\alI^>p]t2sIof daWsFQs_a=MtI\InTfeDGma\s :rh8ts oP LZOefidq0/HnPe.
2753
AcdenN^ tX=us=ndhpcoplai1BD_Uli3DSlFR9tSNl8gWribiA,Dg5WetQ*g.JigOgIgfIs5OEgJthe:sq`rfbeZs]ysrra;.s`l\alI^>p]t2sIof daWsEQs_a=MtI\InTfeDGma\s :rh8ts oP LZOefidq0/HnPe.
2754
AcdenN^ tX=us>ndhpcoplai1BD_Uli3DSlFR9tSNl8gWribiA,Dg5WetQ*g.JigOgIgfIs5OEgJthe:sq`rfbeZs]ysrra;.s`l\alI^>p]t2sIof daWsEQs_a=MtI\InTfeDGma\s :rh8ts oP LZOefidq0/HnPe.
2755
AcddnN^ tX=us=ndipcoplbi1BC_Uli4DRlFR:tTNl8gXribiA,Dg5WetR*g.JigOfIgfIs5OEgJthe:sq`rfbeZs]ysrra;/s_lZalI]>p]t2sIof daWsEQs_a=MtI\InSfeDGma[s :rh9ts oP LZOegidq0/HnPe.
2756
AcdenN^ tY=us=ndipcoplbi1BD_Ulj5ERlGR;tTMl8gWribjA,Cg6XetQ*g-JihOfIgfIs7PEgJthe9sq`rfceZs]yssra;.s_l\akJ]>p^r3rHof daWsERs_a<MtI]InSfeDGna[s :ri8ts oP!LYPeeidq1.GnOe.
2757
AcdenN^ tY=us=ndipcoplbi1BD_Ulj5ERlGR;tTMl8gWribjA,Cg6XetQ*g-JihOfIgfIs7PEgJthe9sq`rfceZs]yssra;.s_l\akJ]>p^r3rHof daWsERs_a<MtI]InSfeDGna[s :ri8ts oP!LYPeeidq1.GnOe.
2758
AcdenN^ tY=us=ndipcoplbi1BD_Ulj5ERlGR;tTMl8gWribjA,Cg6XetQ*g-JihOfIgfIs7PEfJthe9sq`rfceZs]yssra;.s_l\akJ]>p^r3rHof daWsERs_a<MtI]InSfeDGna[s :ri8ts oP!LYPeeidq1.GnOe.
2759
AcdenN^ tY=us=ndipcoplbi1BD_Ulj5ERlGR;tTMl8gWribjA,Cg6XetQ*g-JihOfIgfIs7PEfJthe9sq`rfceZs]yssra;.s_l\akJ]>p^r3rHof daWsERs_a<MtI]InSfeDGna[s :ri8ts oP!LYPeeidq1.GnOe.
2760
AcdenN^ tY=us=ndipcoplbi1BD_Ulj5ERlGR;tTMl8gWribjA,Cg6XetQ*g-JhhOfIgfIs7PEfJthe9sq`rfceZs]yssra;.s_l\akJ]>p^r3rHof daWsERs_a<MtI]InSfeDGna[s :ri8ts oP!LYPeeidq1.GnOe.
2761
AcdenN^ tY=us=ndipcoplbi1BD_Ulj5ERlGR;tTMl8gWribjA,Cg6XetQ*g-JhhOfIgfIs7PEfJthe9sq`rfceZs]yssra;.s_l\akJ]>p^r3rHof daWsERs_a<MtI]InSfeDGna[s :ri8ts oP!LYPeeidq1.GnOe.
2762
AcddnN_ tX=ts=ndipcoplbi2CD_Uli3DRlFR9tSNl8gWribiB,Dg5XetQ+g.JifOfIgfIs5OEgJthe:sr`rfbeZs]ysrra;.s_l\alJ]>p]t2sIof daXsEQs_a=NtI\InSfdDGma\s :rh8ts oQ LZOegieq0/HnPe.
2763
AcddnN_ tX=ts=ndipcoplbi2CD_Uli3DRlFR9tSNl8gWribiB,Dg5XetQ+g.JifOfIgfIs5OEgJthe:sr`rfbeZs]ysrra;.s_l\alJ]>p]t2sIof daXsEQs_a=NtI\InSfdDGma\s :rh8ts oQ LZOegieq0/HnPe.
2764
AcdenN^ tX=us=ndhpcoplai1BD`Uli3DSlFR9tSNl9gWribiA,Cg5WetQ*g.JigOgIgfIs5OEgJthe:sq`rgbeZs]ysrra;.s`l\alI_>p]t2sIof daWsEQs_a=MtI\InTfeDGma\s :ri8ts oP LZOefieq0/HnPe.
2765
AcdenN^ tX=us=ndhpcoplai1BD`Uli3DSlFR9tSNl9gWribiA,Cg5WetQ*g.JigOgIgfIs5OEgJthe:sq`rgbeZs]ysrra;.s`l\alI_>p]t2sIof daWsEQs_a=MtI\InTfeDGma\s :ri8ts oP LZOefieq0/HnPe.
2766
AcdenN^ tX=us=ndhpcoplai1BD`Uli3DSlFR9tSNl9gWribiA,Cg5WetQ*g.JigOgIgfIs5OEgJthe:sq`rgbeZs]ysrra;.s`l\alI_>p]t2sIof daWsEQs_a=MtI\InTfeDGma\s :ri8ts oP LZOefieq0/HnPe.
2767
AcdeoO^ tY=us=ndipcoplai1BE_Ulj5ESlGR;tTMl8fWribiA,Cg6WetR+g-JihOfIgfIs5PEgJthe:sq`rfceYs]yssra<.s_l\alI]>p^s3rHof daWsDRs`a<MtI]InSfeDGna\s :rh7ts oP LZOedieq1/GnOe.
2768
AcdenO^ tX=us=ndipcoplai2BE_Ulj5DRlGR;tTMl9gWribiA,Cg7XetQ*g.JhhOfIgfIs5PEgJthe:sq`rgceZs]yssra;.r_l\alI]>p^s3rHof daWsDRs_a=NtI^InSheDGma[s :ri7ts oP!LYPeeidq2.GnOe.
2769
AcdenO^ tX=us=ndipcoplai2BE_Ulj5DRlGR;tTMl9gWribiA,Cg7XetQ*g.JhhOfIgfIs5PEgJthe:sq`rgceZs]yssra;.r_l\alI]>p^s3rHof daWsDRs_a=NtI^InSheDGma[s :ri7ts oP!LYPeeidq2.GnOe.
2770
AcdenO^ tX=us=ndipcoplai2BE_Ulj5DRlGR;tTMl9gWribiA,Cg7XetQ*g.JhhOfIgfIs5PEgJthe:sq`rgceZs]yssra;.r_l\alI]>p^s3rHof daWsDRs_a=NtI^InSheDGma[s :ri7ts oP!LYPeeidq2.GnOe.
2771
AcdenN^ tY=us=ndipcoplbi1CD_Ulj5ERlGR;tTMl8gWribjA,Cg6XetQ*g-JihOfIgfJs7PEgJthe9sq`rfceZs^yssra;.r_l\ajJ]>p^r3rHof daWsERs_a<MtI]InSfeDGna[s :rj7ts oP!LYPedieq2.GoOe.
2772
AcdenN^ tX=us>ndhpcoplai1BD_Uli3CSlFR8tSNl8gWribiA,Dg5WetQ*g.KhgOgIgfIs5OEgJthe:sqarfbeZs]ysrra;.s`l\alI^>p]t2sHof daWsEQs`a>MtI\InTheDHma\s :rh8ts oP KZOefidq0/HnPe.
2773
AcdenN^ tX=us>ndipdoplai2CD_Uli3DRlFS9tSNl8gWribiA,Cg5WetQ,g.JigOfJgfIs5OFgJthe:sq`rfbeZs]ysrra;.s`l[alI]>p]t2sIof daXsFQs_a=NtI\InSfeDHla\s :rh8ts oQ LZOegieq0/HnQe.
2774
AcddnN^ tY=us>ndhpcoplai1BD_Uli3DSlFR9tSNl8gWribiA,Df5XetQ*g.JhfOhIgfIs5NEgJthe:sqarfbeZs]ysrra;.s`l\alI^>p]t3sIof daWsEQs`a=MtI\InUfeDGma\s :rh8ts oP KZOefidq0/HnPe.
2775
AcddnN^ tY=us>ndhpcoplai1BD_Uli3DSlFR9tSNl8gWribiA,Df5XetQ*g.JhfOhIgfIs5NEgJthe:sqarfbeZs]ysrra;.s`l\alI^>p]t3sIof daWsEQs`a=MtI\InUfeDGma\s :rh8ts oP KZOefidq0/HnPe.
2776
AcdenO^ tY=us=ndipcoplbi1BD`Ulj5ERlGR;tTNl8fWribjA,Cg6XetQ*g-JihOfIgfJs7PEfJthe9sq`rfceZs^yssra;.s_l\ajJ]>p^r3rHof daWsERs_a<MtI]InSfeDGna[s :rj8ts oP!LYPedidq1.GnOe.
2777
AcdenO^ tY=us=ndipcoplbi1BD`Ulj5ERlGR;tTNl8fWribjA,Cg6XetQ*g-JihOfIgfJs7PEfJthe9sq`rfceZs^yssra;.s_l\ajJ]>p^r3rHof daWsERs_a<MtI]InSfeDGna[s :rj8ts oP!LYPedidq2.GnOe.
2778
AcdenO^ tY=us=ndipcoplbi1BD`Ulj5ERlGR;tTNl8fWribjA,Cg6XetR*g-JihOfIgfJs7PEfJthe9sq`rfceZs^yssra;.s_l\ajJ]>p^r3rHof daWsERs_a<MtI]InSfeDGna[s :rj8ts oP!LYPedidq2.GnOe.
2779
AcdenO^ tY=us=ndipcoplbi1BD`Ulj5ERlGR;tTNl8fWribjA,Cg6XetR*g-JihOfIgfJs7PEfJthe9sq`rfceZs^yssra;.s_l\ajJ]>p^r3rHof daWsERs_a<MtI]InSfeDGna[s :rj8ts oP!LYPedidq2.GnOe.
2780
AcdenO^ tY=us=ndipcoplbi1BD`Ulj5ERlGR;tTNl8fWribjA,Cg6XetR*g-JihOfIgfJs7PEfJthe9sq`rfceZs^yssra;.s_l\ajJ]>p^r3rHof daWsERs_a<MtI]InSfeDGna[s :rj8ts oP!LYPedidq2.GnOe.
2781
AcdenO^ tY=us=ndipcoplbi1BD`Ulj5ERlGR;tTNl8fWribjA,Cg6XetR*g-JihOfIgfJs7PEfJthe9sq`rfceZs^yssra;.s_l\ajJ]>p^r3rHof daWsERs_a<MtI]InSfeDGna[s :rj8ts oP!LYPedidq2.HnOe.
2782
AcdenO^ tY=us=ndipcoplbi1BD`Ulj5ERlGR;tTNl8fWribjA,Cg6XetR*g-JihOfIgfJs7PEfJthe9sq`rfceZs^yssra;.s_l\ajJ]>p^r3rHof daWsERs_a<MtI]InSfeDGna[s :rj8ts oP!LYPedidq2.HnOe.
2783
AcdenN^ tX=us>ndipdoplai2CD_Uli3DRlFS9tSNl8gWribiA,Cf5WetQ,g.JigNfJgfIs5OFgJthe9sq`sgbeZs]ysrra;.s`l[akI]>p]t2sIof daXsFQs`a=NtI\InSfeDHla\s :rh9ts oQ LZOegieq0/HnQe.
2784
AcdenN^ tX=us>ndipdoplai2CD_Uli3DRlFS9tSNl8gWribiA,Cf5WetQ,g.JigNfJgfIs5OFgJthe9sq`sgbeZs]ysrra;.s`l[akI]>p]t2sIof daXsFQs`a=NtI\InSfeDHla\s :rh9ts oQ LZOegieq0/HnQe.
2785
AcdenN^ tX=us>ndipdoplai2CD_Uli3DRlFS9tSNl8gWribiA,Cf5WetQ,g.JigNfJgfIs5OFgJthe9sq`sgbeZs]ysrra;.s`l[akI]>p]t2sIof daXsFQs`a=NtI\InSfeDHla\s :rh9ts oQ LZOegieq0/HnQe.
2786
AcddnN^ tZ=us>ndhpcoplai1BD_Uli3DSlFR9tSNl8gWribiA,Df5XetQ*g.JhfOhIgfIs5NEfJthe:srarfbeZs]ysrra;.sal\alI^>p]t3sHof daWsEQsaa=MtI\InUfeDGma\s :rh8ts oP KZOefidq0/HnPe.
2787
AcdenO^ tY=us=ndipcoplbi1BD`Ulj5ESlGR;tTOl8fXribjA,Cg6XetR+g-JihOfIgfJs7PEfJthe9sq`qfceZs^yssra;.s_l\ajJ]>p^r4rHof daWsERs_a<MtI]InSfeDGna[s :rj8ts oP!LYPedieq2.GnOe.
2788
AcdenO^ tY=us=ndipcoplbi1BD`Vlj5ERlGR;tUNl8fWribjA,Cg6XetR*g-JihOfIgfJs7PEfJthe9sq`rfceZs^yssra;.r_l\ajJ]>p^r3rHof daWsERs_a<MtI^InSfeDGna[s :rk8ts oP!LYPedidq2.GnOe.
2789
AcdepN^ tY>us=ndipcoplbi1CD`Ulj5ESmGR;tTMl8gWribjA,Bg6XetQ+g-KihOfHgfJs8PEgJthe9sr`rfceZs^ytsra;.r_l\aiJ]>p^r3rGof daWsERs_a<MtI^InSfeDGna[s :rj7ts oP!LYPedieq2.GpOe.
2790
AcdepN^ tY>us=ndipcoplbi1CD`Ulj5ESmGR;tTMl8gWribjA,Bg6XetQ+g-KihOfHgfJs8PEgJthe9sr`rfceZs^ytsra;.r_l\aiJ]>p^r3rGof daWsERs_a<MtI^InSfeDGna[s :rj7ts oP!LYPedheq2.GpOe.
2791
AcdepN^ tY>us=ndipcoplbi1CD`Ulj5ESmGR;tTMl8gWribjA,Bg6XetQ+g-KihOfHgfJs8PEgJthe9sr`rfceZs^ytsra;.r_l\aiJ]>p^r3rGof daWsERs_a<MtI^InSfeDGna[s :rj7ts oP!LYPedheq2.GpOe.
2792
AcdepN^ tY>us=ndipcoplbi1CD`Ulj5ESmGR;tTMl8gWribjA,Bf6XetQ+g-KihOfHgfJs8PEgJthe9sr`rfceZs^ytsra;.r_l\aiJ]>p^r3rGof daWsERs_a<MtI^InSfeDGna[s :rj7ts oP!LYPedheq2.GpOe.
2793
AcdepN^ tY>us=ndipcoplbi1CD`Ulj5ESmGR;tTMl8gWribjA,Bf6XetQ+g-KihOfHgfJs8PEgJthe9sr`rfceZs^ytsra;.r_l\aiJ]>p^r4rGof daWsERs_a<MtI^InSfeDGna[s :rj7ts oP!LYPedheq2.GpOe.
2794
AcdepN^ tY>us=ndipcoplbi1CD`Ulj5ESmGR;tTMl8gWribjA,Bf6XetQ+g-KihOfHgfJs8PEgJthe9sr`rfceZs^ytsra;.r_l\aiJ]>p^r4rGof daWsERs_a<MtI^InSfeDGna[s :rj7ts oP!LYPedheq2.GpOe.
2795
AcdepN^ tY>us=ndipcoplbi1CD`Ulj5ESmGR;tTMl8gWribjA,Bf6XetQ+g-KihOfHgfJs8PEgJthe9sr`rfceZs^ytsra;.r_k\aiJ]>p^r4rGof daWsERs_a<MtI^InSfeDGna[s :rj7ts oP!LYPedheq2.GpOe.
2796
AcdenO^ tY=us=ndipcoplbi1BD`Ulj5ERmGR;tUOl8fXribjA,Cg6XetR*g-JihOfIgfJs7PEfJthe9sq`rfceZs^yssra;.s_l[ajJ^>p^r3rHof daWsERs_a<NtI]InSfeDGna[s :rj8ts oQ!LYPedidq2/HnOe.
2797
AcdeqN^ tY>us=ndipcoplbi1CD`Ulj5ESmGR;tTMl8gWribjA,Bf6XetQ+g-KihOfHgfJs8PEfJthe9sr`rfceZs^ytsra;.r_l\aiJ]>p^q3rGof daWsERs_a<MtI^InSfeDGna[s :rj7ts oP!LYPedheq2.GpOe.
2798
AcdeqN^ tY>us=ndipcoplbi1CD`Ulj5ESmGR;tTMl8gWribjA,Bf6XetQ+g-KihOfHgfJs8PEfJthe9sr`rfceZs^ytsra;.r_l\aiJ]>p^q3rGof daWsERs_a<MtI^InSfeDGna[s :rj7ts oP!LYQedheq2.GpOe.
2799
AcdeqN^ tY>us=ndipcoplbi1CD`Ulj5ESmGR;tTMl8gWribjA,Bf6XetQ+g-KihOfHgfJs8PEfJthe9sr`rfceZs^ytsra;.r_l\aiJ]>p^q3rGof daWsERs_a<MtI^InSfeDGna[s :rj7ts oP!LYQedheq2.GpOe.
2800
AcdeqN^ tY>us=ndipcoplbi1CD`Ulj5ESmGR;tTMl8gWribjA,Bf6XetQ+g-KihOfHgfJs8PEfJthe9sr`rfceZs^ytsra;.r_l\aiJ]>p^q3rGof daWsERs_a<MtJ^InSfeDGna[s :rj7ts oP!LYQedheq2.GpOe.
2801
AcdeqN^ tY>us=ndipcoplbi1CD`Ulj5ESmGR;tTMl8gWribjA,Bf6XetQ+g-KihOfHgfJs8PEfJthe9sr`rfceZs^ytsra;.r_l\aiJ]>p^q3rGof daWsERs_a<MtJ^InSfeDGna[s :rj7ts oP!LYQedheq2.GpOe.
2802
AcdeqN^ tY>us>ndipcoplbi1CD`Ulj6ESmGR;tTMl8gWribjA,Bf6XetQ+g-KihOfHgfJs8PEfJthe9sr`rfceZs^ytsra;.r_l\aiJ]>p^q3rGof daWsERs_a<MtI^ImSfeDGna[s :rj7ts oP!LYPedheq2.GpOe.
2803
AcdeqN^ tY>us>ndipcoplbi1CD`Ulj6ESmGR;tTMl8gWribjA,Bf6XetQ+g-KihOfHgfJs8PEfJthe9sr`rfceZs^ytsra;.r_l\aiJ]>p^q3rGof daWsERs_a<MtI^ImSfeDGna[s :rj7ts oP!LYPedheq2.GpOe.
2804
AcdeqN^ tY>us>ndipcoplbi1CD`Ulj7ESmGR;tTMl8gWribjA,Bf6XetQ+g-KihOfHgfJs8PEfJthe9sr`rfceZs^ytsra;.r_l\aiJ]>p^q3rGof daWsERs_a<MtI^ImSfeDGna[s :rj7ts oP!LYPedheq2.GpOe.
2805
AcdeqN^ tY>us>ndipcoplbi1CD`Ulj7ESmGR;tTMl8gWribjA,Bf6XetQ+g-KhhOfHgfJs8PEfJthe9sr`rfceZs^ytsra;.r_l\aiJ]>p^p3rGof daWsERs_a<MtI^ImSfeDGna[s :rj7ts oP!LYPedheq2.GpOe.
2806
AcdeqN^ tY>us>ndipcoplbi1CD`Ulj7ESmGR;tTMl8gWribjA,Bf6XetQ+g-KhhOfHgfJs8PEfJthe9sr`rfceZs^ytsra;.r_k\aiJ]>p^p3rGof daWsERs_a<MtI^ImSfeDGna[s :rj7ts oP!LYPedheq2.GpOe.
2807
AcdeqN^ tY>us>ndipcoplbi1CD`Ulj7ESmGR;tTMl8gWribjA,Bf6XetQ+g-KhhOfHgfJs8PEfJthe9sr`rfceZs^ytsra;.r_k\aiJ]>p^p3rGof daWsERs_a<MtI^ImSfeDGna[s :rj7ts oP!LYPedheq2.GpOe.
2808
AcdeqN^ tY>us>ndipcoplbi1CD`Ulj7ESmGR;tTMl8gWribjA,Bf6XetQ+g-KhhOfHgfJs8PEfJthe9sr`rfceZs^ytsra;.r_k\aiJ]>p^p3rGof daWsERs_a<MtI^ImSfeDGna[s :rj7ts oP!LYPedheq2.GpOe.
2809
AcdeqN^ tY>us>ndipcoplbi1CD`Ulj7ESmGR;tTMl8gWribjA,Af6XetQ+g-KhhOfHgfJs8PEfJthe9sr`rfceZs^ytsra;.r_k\aiJ]>p^p3rGof daWsERs_a<MtI^ImSfeDGna[s :rj7ts oP!LYPedheq2.GpOe.
2810
AcdeqN^ tY>us>ndipcoplbi1CD`Ulj7ESmGR;tTMl8gWribjA,Af6XetQ+g-KhhOfHgfJs8PEfJthe9sr`rfceZs^ytsra;.r_k\aiJ]>p^p3rGof daWsERs_a<MtI^ImSfeDGna[s :rj7ts oP!LYPedheq2.GpOe.
2811
AcdeqN^ tY>us>ndipcoplbi1CD`Ulj7ESnHR;tTMl8gWribjA,Bf6XetQ+g-KhhOfHgfJs8PEfJthe9sr`rfceZs^ytsra;.r_k\aiJ]>p^p3rGof daWsERs_a<MtI^ImSfeDGna[s :rj7ts oP!LYPedheq2.GpOe.
2812
AcdeqN^ tY>us>ndipcoplbi1CD`Ulj7ESnHR;tTMl8gWribjA,Bf6YetQ+g-KhhOfHgfJs8PEfJthe9sr`rfceZs^ytsra;.r_k\aiJ]>p^p3rGof daWsERs_a<MtI^ImSfeDGna[s :rj7ts oP!LYPedheq2.GpOe.
2813
AcdeqN^ tY>us>ndipcoplbi1CD`Ulj7ESnHR;tTMl8gWribjA,Bf6YetQ+g-KhhOfHgfJs8PEfJthe9sr`rfceZs^ytsra;.r_k\aiJ]>p^p3rGof daWsERs_a<MtI^ImSfeDGna[s :rj7ts oP!LYPedheq2.GpOe.
2814
AcdeqN^ tY>us>ndipcoplbi1CD`Ulj7ESnHR;tTMl8gWribjA,Bf6YetQ+g-KhhOfHgfJs8PEfJthe9sr`rfceZs^ytsra;.r_k\aiJ]>p^p3rGof daWsERs_a<MtI^ImSfeDGna[s :rj7ts oP!LYPedheq2.GpOe.
2815
AcdeqN^ tY>us>ndipcoplbi1CDaUlj7ESnHR;tTMl8gWribjA,Bf6YetQ+g-KhhOfHgfJs8PEfJthe9sr`rfceZs]ytsra;.r_k\aiJ]>p^p3rGof daWsERs_a<MtI^ImSfeDGna[s :rj7ts oP LYPedheq2.GpOe.
2816
AcdeqN^ tY>us>ndipcoplbi1CDaUlj7ESnHR;tTMl8gWribjA,Bf6YetQ+g-KhhOfHgfJs8PEfJthe9sr`rfceZs]ytsra;.r_k\aiJ]>p^p3rGof daWsERs_a<MtI^ImSfeDGna[s :rj7ts oP LYPedheq2.GpOe.
2817
AcdeqN^ tY>us>ndipcoplbi1CDaUlj7ESnHR;tTMl8gWribjA,Bf6YetQ+g-KhhOfHgfJs8PEfJthe9sr`rfceZs]ytrra;.r_k\aiJ]>p^p3rGof daWsERs_a<MtI^ImSfeDGna[s :rj7ts oP LYPedheq2.GpOe.
2818
AcdeqN^ tY>us>ndipcoplbi1CD`Ulj7FSmGR;tTMl8gWribjA,Bf6XetQ+g-KhhOfHggJs8PFfJthe9sr`rfceZs^ytsra;.r_k\aiJ]>p^p3sGof daWsDRs_a<MtI^ImSfeDGna[s ;rk7ts oP!LYPedhep2.GpOe.
2819
AcdeqN^ tY>us>ndhpcoplbi1CDaUlj7ESnHR;tTMl8gWribjB,Bf6YetQ+g-KhhOfHgfJs8PEfJthe9sr`rfceZs]ytsra;.r_k\aiJ]>p^p3rGof daWsERs`a<MtI^ImSfeDGna[s :rj7ts oP LYPedheq2.GpOe.
2820
AcdeqN^ tY>us>ndhpcoplbi1CDaUlj7ESnHR;tTMl8gWribjB,Bf6YetQ+g-KhhOfHgfJs8PEfJthe9sr`rfceZs]ytsra;.r_k\aiJ]>p^p3rGof daWsERs`a<MtI^ImSfeDGna[s :rj7ts oP LYPedheq2.GpOe.
2821
AcdeqN^ tY>us>ndhpcoplbi1CDaUlj7ESnHR;tTMl8gWribjB,Bf6YetQ+g-KhhOfHgfJs8PEfJthe9sr`rfceZs]ytsra;.r_k\aiJ]>p^p3rGof daWsERs`a<MtI^ImSfeDGna[s :rj7ts oP LYPedheq2.GpOe.
2822
AcdeqN^ tY>us>ndhpcoplbi1CDaUlj7ESnHR;tTMl8gWribjB,Bf6YetQ+g-KhhOfHgfJs8PEfJthe9sr`rfceZs]ytsra;.r_k\aiJ]>p^p3rGof daWsERs`a<MtI^ImSfeDGna[s :rj7ts oP LYPedheq2/GpOe.
2823
AcdeqN^ tY>us>ndhpcoplbi1CDaUlj7ESnHR;tTMl8gWribjB,Bf6YetQ+g-KhhOfHgfJs8PEfJthe9sr`rfceZs]ytsra;.r_k\aiJ]>p^p3rGof daWsERs`a<MtI^ImSfeDGna[s :rj7ts oP LYPedheq2/GpOe.
2824
AcdeqN^ tY>us>ndipcoplbi2CD`Uli7ESmGR;tTMl8gWribhA,Be6XetR+g-KhgOfHggJs8PEfJthe9sr`rfceZs^ytsra;.r`k\aiJ]>p^p3rGof daWsERs_a<MtI^ImSfeDHna[s :rj7ts oP!LYQedheq2.GpOd.
2825
AcdeqN^ tY>us>ndipcoplbi2CD`Uli7ESmGR;tTMl8gWribhA,Be6XetR+g-KhgOfHggJs8PEfJthe9sr`rfceZs^ytsra;.r`k\aiJ]>p^p3rGof daWsERs_a<MtI^ImSfeDHna[s :rj7ts oP!LYQedheq2.GpOd.
2826
AcdeqN^ tY>us>ndipcoplbi2CD`Uli7ESmGR;tTMl8gWribhA,Be6XetR+g-KhgOfHggJs8PEfJthe9sr`rfceZs^ytsra;.r`k\aiJ]>p^p3rGof daWsERs_a<MtI^ImSfeDHna[s :rj7ts oP!LYQedheq2.GpOd.
2827
AcdeqN^ tY>us>ndipcoplbi1CD`Uli7ESmGS;tTMl8gWribiA,Be6XetR+g-KhgOfHggJs9PEfJthe9sr`rfceZs^ytsra;.r`k\aiJ^>p^p3rGof daWsERs_a<MtI^ImSfeDHma[s :rj7ts oP!LYQedheq2.GpOd.
2828
AcdeqN^ tY>us>ndipcoplbi1CD`Uli7ESmGT;tTMl8gWribiA,Be6XetR+g-KhgOfHggJs9PEfJthe9sr`rfceZs^ytsra;.r`k\aiJ^>p^p3rGof daWsERs_a<MtI^ImSfeDHma[s :rj7ts oP!LYQedheq2.GpOd.
2829
AcdeqN^ tY>us>ndipcoplbi1CD`Uli7ESmGT;tTMl8gWribiA,Be6XetR+g-KhgOfHggJs9PEfJthe9sr`rfceZs^ytsra;.r`k\aiJ^>p^p3rGof daWsERs_a<MtI^ImSfeDHma[s :rj7ts oP!LYQedheq2.GpOd.
2830
AcdeqN^ tY>us>ndipcoplbi1CD`Uli7ESmGT;tTMl8gWribiA,Be6XetR+g-KhgOfHggJs9PEfJthe9sr`rfceZs^ytsra;.r`k\aiJ^>p^p3rGof daWsERs_a<MtI^ImSfeDHma[s :rj7ts oP!LYQedheq2.GpOd.
2831
AcdeqN^ tY>us>ndipcoplbi1CD`Uli7ESnGT;tUMl8gWribiA,Be6XetR+g-KhgOfHggJs9PEfJthe9sr`rfceZs^ytsra;.r`k\aiJ^>p^p3rGof daWsERs_a<MtI^ImSfeDHma[s :rj7ts oP!LYQedheq2.GpOd.
2832
AddeqN^ tY>us>ndhpcoplbi1CDaUlj7ETnHR;tULl8fWribjB,Bf6YetQ+g-KhhOgHgfJs9PEfJthe9sr`rfceZs]ytsra<.r_k\aiJ]>p^p3rGof daWsERs`a=MtI^ImSfeDGna[s :rj7ts oP LYPedheq2.HpOe.
2833
AddeqN^ tY>us>ndhpcoplbi1CDaUlj7ETnHR;tULl8fWribjB,Bf6YetQ+g-KhhOgHgfJs9PEfJthe9sr`rfceZs]ytsra<.r_j\aiJ]>p^p3rGof daWsERs`a=MtI^ImSfeDGna[s :rj7ts oP LYPedheq2.HpOe.
2834
AcdeqN^ tY>us>ndhpcoplbi1CD`Uli7ESmGR:tTMl8gWribjA,Bf6XetR,g-KigOgHgfJs9PEfJthf9srarfceZs_ytsra<.r_l\aiJ]>p^q3sFof dbWsERs_a<MtJ^KnSfeDGna[s :rj7ts oQ!LYQedheq3/GpOe.
2835
AcdeqN^ tY>us>ndhpcoplbi1CD`Uli7ESmGR:tTMl8gWribjA,Bf6XetR,g-KigOgHgfJs9PEfJthf9srarfceZs_ytsra<.r_l\aiJ]>p^q3sFof dbWsERs_a<MtJ^KnSfeDGna[s :rj7ts oQ!LYQedheq3/GpOe.
2836
AddeqN^ tY>us>ndhpcoplbi1CDaUlj7ETnHR;sULl8fWribjB,Bf6YetQ+g-KhhOgHgfJs9PEfJthe9sr`rfceZs]ytsra<.r_j\aiJ]>p^p3rGof daWsFRs`a=MtI_ImSfeDGna[s :rj7ts oP LYPedheq2.HpOe.
2837
AddeqN^ tY>us>ndhpcoplbi1CDaUlj7ETnHR;sULl8fWribjB,Bf6YetQ+g-KhhOgHgfJs9PEfJthe9sr`rfceZs]ytsra<.r_j\aiJ]>p^p3rGof daWsFRs`a=MtI_ImSfeDGna[s :rj7ts oP LYPedheq2.HpOe.
2838
AcdeqN^ tY>us>ndipcoplbi1CD`Uli7ESnGT;tUMl8fWribiB,Be6XetR+g-KhgOfHggJs9PEfJthe9sr`rfceZs^ytsra;.r`k\aiJ^>p^o3rGof daWsERs_b<MtI^ImSfeDIma[s :rj7ts oP!LYQedheq2.GpOd.
2839
AcdeqN^ tY>us>ndipcoplbi1CD`Uli7ESnGT;tUMl8fWribiB,Be6XetR+g-KhgOfHggJs9PEfJthe9sr`rfceZs^ytsra;.r`k\aiJ^>p^o3rGof daWsERs_b<MtI^ImSfeDIma[s :rj7ts oP!LYQedheq2.GpOd.
2840
AcdeqN^ tY>us>ndipcoplbi1CD`Uli7ESnGT;tUMl8fWribiB,Be6XetR+g-KhgOfHggJs9PEfJthe9sr`rfceZs^ytsra;.r`k\aiJ^>p^o3rGof daWsERs_b<MtI^ImSfeDIma[s :rj7ts oP!LYQedheq2.GpOe.
2841
AcdeqN^ tY>us>ndipcoplbi1CD`Uli7ESnGT;tUMl8fWribiB,Be6XetR+g-KhgOfHggJs9PEfJthe9sr`rfceZs^ytsra;.r`k\aiJ^>p^o3rGof daWsERs_b<MtI^ImSfeDIma[s :rj7ts oP!LYQedheq2.GpOe.
2842
AcdeqN^ tY>us>ndipcoplbi1CD`Vli7ESnGT;sUMl8fWribiB,Be6XetR+g-KhgOfHggJs9PEfJthe9sr`rfceZs^ytsra;.r`k\aiJ^>p^o3rGof daWsERs_b<MtI^ImSfeDIma[s :rj7ts oP!LYQedheq2.GpOd.
2843
AcdeqN^ tY>us>ndipcoplbi1CD`Vli7ESnGT;sUMl8fWribiB,Be6XetR+g-KhgOfHghJs9PEfJthe9sr`rfceZs^ytsra;.r`k\aiJ^>p^o2rGof daWsERs_b<MtI^ImSfeDIma[s :rj7ts oP!LYQedheq2.GpOd.
2844
AddeqN^ tY>us>ndhpcoplbi1CDbUlj7DTnHR;tULl8fWribjB,Bf6YetQ+g-LhgOgHgfJs9PEfIthe9sr`rfceZs^ytsra;.r_k\aiJ]>p^p3rGof daWsERs`a=MtI^ImSfeDGna[s :rk7ts oP LYPedheq2.HpOe.
2845
AddeqN^ tY>ur>ndhpcoplbi1CDaUlj7ETnJR;tULl8fWribjC,Bf6YetQ+g-KhhOgHgfJs9PEfJthe9sr`rfceZs]yssra<.r_j[aiK]>p^p3rGof daWsERs`a=MtI^ImSfeDGn`[s :rj8ts oP LYPecheq2.HpOe.
2846
AddeqN^ tY>us>ndhpcoplbi1CDbUlj7DTnHR;tULl8fWribjB,Bf6YetQ+g-LhgOgHgfJs9PEfIthe9ssarfceZs^ytsra;.r_k\aiJ]>p^p3rGof daWsERs`a=MtI^ImSfeDGna[s :rk7ts oP LYPedheq2.HpOe.
2847
AddeqN^ tY>us>ndhpcoplbi1CDbUlj7DTnHR;tULl8fWribjB,Bf6YetQ+g-LhgOgHgfJs9PEfIthe9ssarfceZs^ytsra;.r_k\aiJ]>p^p3rGof daWsERs`a=MtI^ImSfeDGna[s :rk7ts oP LYPedheq2.HpOe.
2848
AcdeqN^ tX>us>ndipcoplbi2CD`Uli8ESnGR;tTMl8gXribgA,Ad6XetR+g-KhgOfHggJs8PEfIthe9sr`rfcdZs^ytsra<.r`k\aiJ^>p^o3rGof dbWsERs_a<MtI^ImSfeDHma[s :rk8ts oP!LYQedheq2.HpPd.
2849
AcdeqN^ tX>us>ndipcoplbi2CD`Uli8ESnGR;tTMl8gXribgA,Ad6XetR+g-KhgOfHggJs8PEfIthe9sr`rfcdZs^ytsra<.r`k\aiJ^>p^o3rGof dbWsERs_a<MtI^ImSfeDHma[s :rk8ts oP!LYQedheq2.HpPd.
2850
AcdeqN^ tX>us>ndipcoplbi2CD`Uli8ESnGR;tTMl8gXribgA,Ad6XetR+g-KhgOfHggJs8PEfIthe9sr`rfcdZs^ytsra<.r`k\aiJ^>p^o3rGof dbWsERs_a<MtI^ImSfeDHma[s :rk8ts oP!LYQedheq2.HpPd.
2851
AcdeqN^ tX>us>ndipcoplbi2CD`Uli8ESnGR;tTMl8gXribgA,Ad6XetR+g-KhgOfHggJs8PEfIthe9sr`rfcdZs^ytsra<.r`k\aiJ^>p^o3rGof dbWsERs_a<MtI^ImSfeDHma[s :rk8ts oP!LYQedheq2.HpPd.
2852
AcdeqO^ tX>us>ndipcoplbi2CD`Uli8ESnGR;tTMl8gXribgA,Ad6XetR+g-KhgOfHggJs8PEfIthe9sr`rfcdZs^ytsra<.r`k\aiJ^>p^o3rGof dbWsERs_a<MtI^ImSfeDHma[s :rk8ts oP!LYQedheq2.HpPd.
2853
AddeqN^ tY>ur>ndgpcoplbi1CDaVlj7ETnJR;tULl8fWribjD,Bf6YetQ+g-KhhOgHgfJs9PEfJthe9srarfceZs]yssra<.r_j[aiK]>p^p3rGof daWsERs`a=MtI^ImSfeDGn`[s :rj8ts oP LYPecheq2.HpOe.
2854
AddeqN^ tY>ur>ndgpcoplbi1CDaVlj7ETnJR;tULl8fWribjD,Bf6YetQ+g-KhhOgHgfJs9PEfJthe9srarfceZs]yssra<.r_j[aiK]>p^p3rGof daWsERs`a=MtI^ImSfeDGn`[s :rj8ts oQ LYPecheq2.HpOe.
2855
AddeqN^ tY>ur>ndgpcoplbi1CDaVlj7ETnJR;tULl8fWribjD,Bf6YetQ+g-KhhOgHgfJs9PEfJthe9srarfceZs]yssra<.r_j[aiK]>p^p3rGof daWsERs`a=MtI^ImSfeDGn`[s :rj8ts oQ LYPecheq2.HpOe.
2856
AddeqN^ tY>ur>ndgpcoplbi1CDaVlj7ETnJR;tULl8fWribjD,Bf6YetQ+g-KhhOgHgfJs9PEfJthe9srarfceZs]yssra=.r_j[aiK]>p^p3rGof daWsERs`a=MtI^ImSfeDGn`[s :rj8ts oQ LYPecheq2.HpOe.
2857
AddfqN^ tY>ur>ndfpcoplbi1CDaVlj7ETnJR;tULl8fWribjD,Bf6YetQ+g-KhhOgHgfJs9PEfJthe9srarfceZs]yssra<.r_j[aiK]=p^p3rGof daWsERs`a=MtI^ImSfeDGn`[s :rj8ts oQ LYPecheq3/HpOe.
2858
AddfqN^ tY>ur>ndfpcoplbi1CDaVlj7ETnJR;tULl8fWribjD,Bf6YetQ+g-KhhOgHgfJs9PEfJthe9srarfceZs]yssra<.r_j[aiK]=p^p3rGof daWsERs`a=MtI^ImSfeDGn`[s :rj8ts oQ LYPecheq3/HpOe.
2859
AddfqN^ tY>ur>ndfpcoplbi1CDaVlj7ETnJR;tULl8fWribjD,Bf6YetQ+g-KhhOgHgfJs9PEfJthe9srarfceZs]yssra<.r_j[aiK]=p^p3rGof daWsERs`a=MtI^ImSfeDGn`[s :rj8ts oQ LYPecheq3/HpOe.
2860
AddfqN^ tY>ur>ndfpcoplbi1CDaVlj7ETnJR;tULl8fXribjD,Bf6YetQ+g-KhhOgHgfJs9PEfJthe9srarfceZs]yssra<.r_j[aiK]=p^p3rGof daWsERs`a=MtI^ImSfeDGn`[s :rj8ts oQ LYPecheq3/HpOe.
2861
AddfqN^ tY>ur>ndfpcoplbi1CDaVlj7ETnJR;tULl8fXribjD,Bf6YetQ+g-KhhOgHgfJs9PEfJthe9srarfceZs]yssra<.r_j[aiK]=p^p3rGof daWsERs`a=MtI^ImSfeDGn`[s :rj8ts oQ LYPecheq3/HpOe.
2862
AddfqN^ tY>ur>ndfpcoplbi1CDaVlj7ETnJR;tULl8fXribjD,Bf6YetQ+g-KhhOgHgfJs9PEfJthe9srarfceZs]yssra<.r_j[aiK]=p^p3rGof daWsERs`a=MtI^ImSfeDGn`[s :rj8ts oQ LYPecheq3/HpOe.
2863
AdderN^ tY>ur>ndgpcoplbi1CDaVlj7ETnJR;tULl8fWribjD,Bf6YetQ,g-KhhOgHgfJs9PEfIthe9srargceZs]yssra=.r_j[aiK]>p^p3rGof daWsERs`a=MtI^ImSfeDGn`[s :rj8ts oQ LYPecheq2.HpOe.
2864
AdderN^ tY>ur>ndgpcoplbi1CDaVlj7ETnJR;tULl8fWribjD,Bf6YetQ,g-KhhOgHgfJs9PEfIthe9srargceZs]yssra=.r_j[aiK]>p^p3rGof daWsERs`a=MtI^ImSfeDGn`[s :rj8ts oQ LYPecheq2.HpOe.
2865
AddfqN^ tY>ur>ndfpcoplbi1CDaVlj7ETnJS;tULl8fWribjD,Af6YftQ+g-KhhOgIgfJs9PEfJthe9srarfceZs]yssra<.r_jZaiK]=p^p3rGof daWsERs`a=MtI^ImSfeDGn`[s :rj8tt oQ LYPecheq4/HpOe.
2866
AddfqN^ tY>ur>ndfpcoplbi1CDaVlj7ETnJS;tULl8eWribjD,Af6YftQ+g-KhhOgIgfJs9PEfJthe9srarfceZs]yssra<.r_jZaiK]=p^p3rGof daWsERs`a=MtI^ImSfeDGn`[s :rj8tt oQ LYPecheq4/HpOe.
2867
AddfqN^ tY>ur>ndfpcoplbi1CDaVlj7ETnJS;tULl8eWribjD,Af6YftQ+g-KhhOgIgfJs9PEfJthe9srarfceZs]yssra<.r_jZaiK]=p^p3rGof daWsERs`a=MtI^ImSfeDGn`[s :rj8tt oQ LYPecheq4/HpOe.
2868
AddfqN^ tY>ur>ndfpcoplbi1CDaVlj7ETnJS;tULl8eWribjD,Af6YftQ+g-KhhOgIgfJs9PEfJthe9srarfceZs]yssra<.r_jZaiK]=p^p3sGof daWsERs`a=MtI^ImSfeDGn`[s :rj8tt oQ LYPecheq4/HpOe.
2869
AddfqN^ tY>ur>ndfpcoplbi1CDaVlj7ETnJS;tULl8eWribjD,Af6YftQ+g-KhhOgIgfJs9PEfJthe9srarfceZs]yssra<.r_jZaiK]=p^p3sGof daWsERs`a=MtI^ImSfeDGn`[s :rj8tt oQ LYPecheq4/HpOe.
2870
AddfqN^ tY>ur>ndfpcoplbi1CDaVlj8ETnJS;tULl8eWribjD,Af6YftQ+g-KhhOgIgfJs9PEfJthe8srarfceZs]yssra<.r_jZaiK]=p^p3rGof daWsERs`a=MtI^ImSfeDGn`[s :rj8tt oQ LYPecheq4/HpOe.
2871
AddfqN^ tY>ur>ndfpcoplbi1CDaVlj7ETnJS;tUMl8eWribjD,Af6ZftQ+g-KhhOgIgfJs9PEfIthe9srarfceZs]yssra<.r_jZaiK]=p^p3rGof daWsERs`a=MtI^ImSfeDGn`[s :rj8tt oQ LYPecheq4/HpOe.
2872
AddfqN^ tY>ur>ndfpcoplbi1CDaVlj7ETnJS;tULl9eWribjD,Af6YftQ+g-KhhOgIgfJs9PEfJthe9srarfceZs]yssra<.r_jZaiK]=p^p3sGof daWsERs`a=MtI^ImSfeDGn`[s :rj8tt oQ LYPebheq4/HpOe.
2873
AddfqN^ tY>ur>ndfpcoplbi1CDaVlj7ETnJS;tULl9eWribjD,Af6YftQ+g-KhhOgIgfJs9PEfJthe9srarfceZs]yssra<.r_jZaiK]=p^p3sGof daWsERs`a=MtI^ImSfeDGn`[s :rj8tt oQ LYPebheq4/HpOe.
2874
AddfqN^ tY>ur>ndfpcoplbi1CDaVlj7ETnJS;tULl9eWribjD,Af6YftQ+g-KhhOgIgfJs9PEfJthe9srarfceZs]yssra<.r_jZaiK]=p^p3sGof daWsERs`a=MtI^ImSfeDGn`[s :rj8tt oQ LYPeaheq4/HpOe.
2875
AddfqN^ tY>ur>ndfpcoplbi1CDaVlj7ETnJS;tULl9eWribjD,Af6YftQ+g-KhhOgIgfJs9PEfJthe9srarfceZs]yssra<.r_jZaiK]=p^p3sGof daWsERs`a=MtI^ImSfeDGn`[s :rj8tt oQ LYPeaheq4/HpOe.
2876
AddfqN_ tY>ur>ndfpcoplbi1CDaVlj7ETnJS;tUMl8eWribjD,Af6ZftQ+g-KhhOgIgfKs9PFfIthe9srarfceZs]yssra<.r_jZaiK]=p^p3rGof daWsERs`a=MtI^ImSfeDGn`[s :rj8tt oQ KYPecheq4/HpOe.
2877
AddfqN^ tY>ur>ndfpcoplbi1CDaVlj7ETnJS;tULl9eWribjD,Af7YftQ+g-KhhOgIgfJs9PEfJthe9srarfceZs]yssra<.r_jZaiK]=p^p3sGof daWsERs`a=MtI^ImSfeDGn`[s :rj8tt oQ LYPeaheq4/HpOe.
2878
AddfqN^ tY>ur>ndfpcoplbi1CDaVlj7ETnJS;tULl9eWribjD,Af7YftQ+g-KhhOgIgfJs9PEfJthe9srarfceZs]yssra<.r_jZaiK]=p^p3sGof daWsERs`a=MtI^ImSfeDGn`[s ;rj8tt oQ LYPeaheq4/HpOe.
2879
AddfqN^ tY>ur>ndfpcoplbi1CDaVlj7ETnJS;tULl9eWribjD,Af7YftQ+g-KhhOgIgfJs9PEfJthe9srarfceZs]yssra<.r_jZaiK]=p^p3sGof daWsERs`a=MtI^ImSfeDGn`[s ;rj8tt oQ LYPeaheq4/HpOe.
2880
AddfqN^ tY>ur>ndfpcoplbi1CDaVlj7ETnJS;tULl9eWribjD,Af6YftQ+g-KhhOgIgfJs9PEfJthe9srarfdeZs]yssra<.r_jZaiK]=p^p3sGof daWsERs`a=MtJ^JmSfeDGn`[s :rj8tt oQ LYPeaheq4/HpOe.
2881
AddfqN^ tY>ur>ndfpcoplbi1CDaVlj7ETnJS;tULl9eWribjD,Af6YftQ+g-KhhOgIgfJs9PEfJthe9srarfdeZs]yssra<.r_jZaiK]=p^p3sGof daWsERs`a=MtJ^JmSfeDGn`[s :rj8tt oQ LYPeaheq4/HpOe.
2882
AddfqN^ tY>ur>ndfpcoplbi1CDaVlj7ETnJS;tULl9eWribjD,Af6YftQ+g,KhhOgIgfJs9PEfJthe9srarfdeZs]yssra<.r_jZaiK]=p^p3sGof daWsERs`a=MtJ^JmSfeDGn`[s :rj8tt oQ LYPeaheq4/HpOe.
2883
AddfqN^ tY>ur>ndfpcoplbi1CDaVlj7ETnJS;tULl9eWribjD,Af6YftQ+g-KhhOgIgfJs9PEfJthe9srarfdeZs]yssra=.r_jZaiK]=p^p3sGof daWsERs`a=MtJ^JmTfeCGn`[s :rj8tt oQ LYPeaheq4/HpOe.
2884
AddfqN^ tY>ur>ndfpcoplbi1CDaVlj7ETnJS;tULl9eWribjD,Af6YftQ+g-KhhOgIgfJs9PEfJthe9srarfdeZs]yssra=.r_jZaiK]=p^p3sGof daWsERs`a=MtJ^JmTfeCGn`[s :rj8tt oQ LYPeaheq4/HpOe.
2885
AddfqN^ tY>ur>ndfpcoplbi1CDaVlj7ETnJS;tULl9eWribjD,Af6YfsQ+g-KhhOgIgfJs9PEfJthe9srarfdeZs]yssra=.r_jZaiK]=p^p3sGof daWsERs`a=MtJ^JmTfeCGn`[s :rj8tt oQ LYPeaheq4/HpOe.
2886
AddfqN^ tY>ur>ndfpdoplbi1CDaVlj7ETnJS;tULl9eWribjD,@f6YftQ+g-KhhOgIgfJs9PFfJthe9srarfdeZs]yssra<.r_jZaiK]=p^p3sGof daWsERs`a=MtJ^ImSfeDGn`[s :rj8tt oQ LZPeaheq4/HpOe.
2887
AddfqN^ tZ>ur>ndfpcoplci1CDbVli7ETnJS;tULl8eWribjD,Af6YftQ+g-KhhOgIgfJs9PEfJthe9ssaqfceZs]yssra<.r_jYaiK^=p^p4sGof daXsERs`a=MtI^ImSfeDGna[s :rj8tt oQ LYPecheq4/HoOe.
2888
AddfqN^ tZ>ur>ndfpcoplci1CDbVli7ETnJS;tULl8eWribjD,Af6YftQ+g-KhhOgIgfJs9PEfJthe9ssaqfceZs]yssra<.r_jYaiK^=p^p4sGof daXsERs`a=MtI^ImSfeDGna[s :rj8tt oQ LYPecheq4/HoOe.
2889
AddfrN^ tZ>ur>ndfpcoplci1DDbVli7ETnJS;tULl8eWribjD,Af6YftQ+g-KhhOgIgfJs9PEfJthe9ssaqfceZs]yssra<.r_jYaiK^=p^p4sGof daXsERs`a=MtI^ImSfeDGna[s :rj8tt oQ LYPecheq4/HoOe.
2890
AddfrN^ tZ>ur>ndfpcoplci1DDbVli7ETnJS;tULl8eWribjD,Af6YftQ+g-KhhOgIgfJs9PEfJthe9ssaqfceZs]yssra<.r_jYaiK^=p^p4sGof daXsERs`a=MtI^ImSfeDGna[s :rj8tt oQ LYPecheq4/HoOe.
2891
AddfrN^ tZ>ur>ndfpcoplci1DDbVli7ETnJS;tULl8eWribjD,Af6YftQ+g-KhhOgIgfJs9PEfJthe9ssaqfceZs]yssra<.r_jYaiK^=p^p4sGof daXsERs`a=MtI^ImSfeDGna[s :rj8tt oQ LYPecheq4/HoOe.
2892
AddfrN^ tZ>ur>ndfpcoplci1DDbVli7ETnJS;tULl8eWribjD,Af6YftQ+g-KhhOgIgfJs9PEfJthe9ssaqfceZs]yssra<.r_jYaiK^=p^p4sGof daXsERs`a=MtI^ImSfeDGna[s :rj8tt oQ LYPecheq4/HoOe.
2893
AddfqN_ tZ>ur>ndfpcoplci1CDbVli7ETnJS;tULl8eWribjD,Af6YftQ+g-KhhOgIgfJs9PEfJthe9ssaqfceZs]yssra<.r_jYaiK^=p^p4sGnf dbXsERs`a=MtI^ImSfeDGna[s :rj8tt oQ LYPecheq5/HnOe.
2894
AddfqN_ tZ>ur>ndfpcoplci1CDbVli7ETnJS;tULl8eWribjD,Af6YftQ+g-KhhOgIgfJs9PEfJthe9ssaqfceZs]yssra<.r_jYaiK^=p^p4sGnf dbXsERs`a=MtI^ImSfeDGna[s :rj8tt oQ LYPecheq5/HnOe.
2895
AddfqN_ tY>ur>ndfpcoplbi1CDaVlj7ETnJS;tUMl8eWribjD,Af6ZftQ+g-KhhOgIgfJs:PFfHthe9srarfceZs^yssra<.r_jZaiK]=p^o3rGof daWsERs`a=MtI^ImSfeCGn`\s ;rk8ts oQ KYPecheq4/IpOe.
2896
AddfqN_ tZ>ur>ndfpcoplci1CDbVli7ETnJS;tULl8eWribjD,Af6YftQ+g-KhhOgIgfJs:PFfJthe9ssaqfceZs]yssra<.r_jYaiK^=p^p4sGnf dbXsERs`a=MtI^ImSfeDGna[s :rj8tt oR LYPecheq4/HoOe.
2897
AddfrN_ tY>ur>ndfpcoplbi1CDaVlj7ETnJS;tUMl9eWribjD,Af6ZftQ+g-KhhOgIgfJs:PFfHthe9srarfceYs^yssra<.r_jZaiK]=p^o3rGof daWsERs`a=MtI^ImSfeCGn`\s ;rk8ts oQ KYPecheq4/IpOe.
2898
AddfrN_ tY>ur>ndfpcoplbi1CDaVlj7ETnJS;tUMl9eWribjD,Af6ZftQ+g-KhhOgIgfJs:PFfHthe9srarfceYs^yssra<.r_jZaiK]<p^o3rGof daWsERs`a=MtI^ImSfeCGn`\s ;rk8ts oQ KYPecheq4/IpOe.
2899
AddfrN_ tY>ur>ndfpcoplbi1CDaVlj7ETnJS;tUMl9eWribjD,Af6ZftQ+g-KhhOgIgfJs:PFfHthe9srarfceYs^ysrra<.r_jZaiK]<p^o3rGof daWsERs`a=MtI^ImSfeCGn`\s ;rk8ts oQ KYPecheq4/IpOe.
2900
AddfrN_ tY>ur>ndfpcoplbi1CDaVlj7ETnJS;tUMl9eWribjD,Af6ZftQ+g-KhhOgIgfJs:PFfHthe9srarfceYs^ysrra<.r_jZaiK]<p^o3rGof daWsERs`a=MtI^ImSfeCGn`\s ;rk8ts oQ KYPecheq4/IpOe.
2901
AddfrN_ tY>ur>ndfpcoplbi1CDaVlj7ETnJS;tUMl9eWribjD,Af6ZftQ+g-LhhOgIgfJs:PFfHthe9srarfceYs^ysrra<.r_jZaiK]<p^o3rGof daWsERs`a=MtI^ImSfeCGn`\s ;rk8ts oQ KYPecheq4/IpOe.
2902
AddfrN_ tY>ur>ndfpcoplbi1CDaVlj7ETnJS;tUMl9eWribjD,Af6ZftQ+g-LhhOgIgfJs:PFfHthe9srarfceYs^ysrra<.r_jZaiK]<p^o3rGof daWsERs`a=MtI^ImSfeCGn`\s ;rk8ts oQ KYPecheq4/IpOe.
2903
AddfqN^ tZ>ur>ndfpcnplci1CDbVli7DTnJS:tULl8eWribjD-Ae6YftQ+g-KhhOgIgfJs9OEfJthe8ssaqfceZs^ysrra</r_iYaiK^=p^p4sGof dbXsERsaa=MtI^ImSfeDGna[s :rj8tt oQ LYPebheq4/HoOe.
2904
AddfqN^ tZ>ur>ndfpcnplci1CDbVli7DTnJS:tULl8eWribjD-Ae6YftQ+g-KhhOgIgfJs9OEfJthe8ssaqfceZs^ysrra</r_iYaiK^=p^p4sGof dbXsERsaa=MtI^ImSfeDGna[s :rj8tt oQ LYPebheq4/HoOe.
2905
AddfrN_ tY>ur>ndfpdoplbi1CDaVli7ETnJS;tUMl9eWribjD,@f6ZftQ+g-KhhOgIgfJs:PFfHthe9srarfceYs^yssra<.r_jZaiK]<p^o3rGof dbWsERs`a=MtI^ImSfeCGn`\s ;rk8ts oQ KYPecheq4/IpOe.
2906
AddfqN^ tZ>ur>ndfpcnplci1CDbVli7DTnJS:tULl8eWribjD-Ae6ZftQ+g-KhhOgIgfJs9OFfJthe8ssaqfceZs^ysrra</r_iYaiK^=p^p4sGof dbXsERsaa=MtI^ImSfeDGna[s :rj8tt oQ LYPebheq4/HoOe.
2907
AddfqN^ tZ>us>ndfpcnplci1CDbVli7DTnJS:tULl8eWribjD-Ae6YftQ+g-KhhOgIgfJs9OEfJthe8ssaqfceZs^ysrra</r_jYaiK^=p_p4sGof dbXsERsaa=OtI^ImSfeDGna[s :rj8tt oQ LYPebheq4/HoOe.
2908
AddfqN^ tZ>us>ndfpcnplci1CDbVli7DTnJS:tULl8eWribjD-Ae6YftQ+g-KhhOgIgfJs9OEfJthe8ssaqfceZs^ysrra</r_jYaiK^=p_p4sGof dbXsERsaa=OtI^ImSfeDGna[s :rj8tt oQ LYPebheq4/HoOe.
2909
AddfqN^ tZ>us>ndfpcnplci1CDbVli7DTnJS:tULl8eWribjD-Ae6YftQ+g-KhhOgIgfJs9OEfJthe8ssaqfceZs^ysrra</r_jYaiK^=p_p4sGof dbXsERsaa=OtI^ImSfeDGna[s :rj8tt oQ LYPebheq4/HoOe.
2910
AddfqN_ tZ>ur>ndfpcnplci1CDbVli7DTnJS:tULl8eXricjD-Ae6ZftQ+g-KhhOgIgfJs9OFfJthe8ssaqfceZs^ysrra</r_iYaiK^=p^p4sGof dbXsERsaa>MtI^ImSfeDGna[s :rj8tt oQ LYPebheq4/HoOe.
2911
AddfqN_ tZ>ur>ndfpcnplci1CDbVli7DTnJS:tULl8eXricjD-Ae6ZftQ+g-KhhOgIgfJs9OFfJthe8ssaqfceZs^ysrra</r_iYaiK^=p^p4sGof dbXsERsaa>MtI^ImSfeDGna[s :rj8tt oQ LYPebheq4/HoOe.
2912
AddfqN^ tZ>us>ndfpcnplci1CDbVli7DTnJS:tUKl8eWribjD-Ae7YftQ+g-KhhOgIgfJs9OEfJthe8ssaqfceZs^ysrra</r_jYaiK^=p_p4sGof dbXsDRsaa=OtI^ImSfeDGna[s :rj8tt oQ LYPebheq4/HoOe.
2913
AddfqN^ tZ>us>ndfpcnplci1CDbVli7DTnJS:tUKl8eWribjD-Ae7YftQ+g-KhhOgIgfJs9OEfJthe8ssaqfceZs^ysrra</r_iYaiK^=p_p4sGof dbXsDRsaa=OtI^ImSfeDGna[s :rj8tt oQ LYPebheq4/HoOe.
2914
AddfqN^ tZ>us>ndfpcnplci1CDbVli7DTnJS:tUKl9eWribjD-Ae7YftQ+g-KhhOgIgfJs9OEfJthe8ssaqfceZs^ysrra</r_iYaiK^=p_p4sGof dbXsDRsaa=OtI^ImSfeDGna[s :rj8tt oQ LYPebheq4/HoOe.
2915
AddfqN^ tZ>us>ndfpcnplci1CDbVli7DTnJS:tULl8eWribjD-Ae6YftQ+g-KhhOgIgfJs9OEfJthe7ssaqfceZs^ysrra</r_jYaiK^=p_p4sGof dbXsESsaa=OtI_ImSfeDGna[s :rj8tt oQ LYPeaheq4/HoOe.
2916
AddfqN^ tZ>ur>ndfpcnplci1CDbVli7DTnJS:tUMl8eWribjD-Ae6ZftQ+g-LhhOgIgfJs9OFfJthe7ssaqfdeZs^ysrra</r_iYaiK^=p^p4sGof dcXsERsaa=MtI^ImSfeDGna[s :rj8ts oQ LYPebheq4/HoOe.
2917
AddfqN^ tZ>ur>ndfpcnplci1CDbVli7DTnJS:tUMl8eWribjD-Ae6ZftQ+g-LhhOgIgfJs9OFfJthe7ssaqfdeZs^ysrra</r_iYaiK^=p^p4sGof dcXsERsaa=MtI^ImSfeDGna[s :rj8ts oQ LYPebheq4/HoOe.
2918
AddfqN^ tZ>ur>ndfpcnplci1CDbVli7DTnJS:tUMl8eWribjD-Ae6ZftQ+g-LhhOgIgfJs9OFfJthe7ssaqfdeZs^ysrra</r_iYaiK^=p^p4sGof dcXsERsaa=MtI^ImSfeDGna[s :rj8ts oQ LYPebheq4/HoOe.
2919
AddfqN^ tZ>us>ndfpcnplci1CDbVli7DTnJS:tULl8eWribjD-Ae6YftQ+g-KhhOgIgfJs9OEfIthe7ssaqfceZs^ysrra</r_jYaiK^=p_p4sGof dbXsESsaa=OtI_ImSgeDGna[s :rj8tt oQ LYPeaheq4/HoOe.
2920
AddfrN_ tY>us>ndepcoplci1CDaVlj7ETnJS;sUMl9eXribjE,Af6ZftQ+g,LhhOgIgfJs:PFfHthe9srbrfceYs^ysqra<.r_jZaiK]<p^o3rFof daWsERs`a>MtI^ImSfeCGn`\s ;rk8ts oQ KYPecheq4/IpOe.
2921
AddfrN_ tY>us>ndepcoplci1CDaVlj7ETnJS;sUMl9eXribjE,Af6ZftQ+g,LhhOgIgfJs:PFfHthe9srbrfceYs^ysqra<.r_jZaiK]<p^o3rFof daWsERs`a>MtI^ImSfeCGn`\s ;rk8ts oQ KYPecheq4/IpOe.
2922
AddfrN_ tY>us>ndepcoplci1CDaVlj7ETnJS;sUMl9eXribjE,Af6ZftQ+g,LhhOgIgfJs:PFfHthe9srbrfceYs^ysqra<.r_jZaiK]<p^o3rFof daWsERs`a>MtI^ImSfeCGn`]s ;rk8ts oQ KYPecheq4/IpOe.
2923
AddfrN_ tY>us>ndepcoplci1CDaVlj7ETnJS;sUMl9eXribjE,Af6ZftQ+g,LhhOgIgfJs:PFfHthe9srbrfceYs^ysqra<.r_jZaiK]<p^o3rFof daWsERs`a>MtI^ImSfeCGn`]s ;rk8ts oQ KYPecheq4/IpOe.
2924
AddfrN_ tY>us>ndepcoplci1CDaVlj7ETnJS;sUMl:eXribjE,Af6ZftQ+g,LhhOgIgfJs:PFfHthe9srbrfceYs^ysqra<.r_jZaiK]<p^o3rFof daWsERs`a>MtI^ImSfeCGn`]s ;rk8ts oQ KYPecheq4/IpOe.
2925
AddfrN_ tY>us>ndepcoplci1CDaVlj7ETnJS;sUMl:eXribjE,Af6ZftQ+g,LhhOgIgfJs:PFfHthe9srbrfceYs^ysqra<.r_jZaiK]<p^o3rFof daWsERs`a>MtI^ImSfeCGn`]s ;rk8ts oQ KYPecheq4/IpOe.
2926
AdddqN^ tZ>ur>ndepcnolci1CDbVli7DTnJS:sVLl9dWribjD-Ae6ZftQ+g-KhhOgJggKs9OFfJthe8ssaqgceZs^ysrra</r_iYaiK^=p^p4sGof dbZsERsaa=MtI^ImSfeDGna[s :rj8tt oQ LYPebheq4/HoOe.
2927
AdddqN^ tZ>ur>ndepcnolci1CDbVli7DTnJS:sVLl9dWribjD-Ae6ZftQ+g-KhhOgJggKs9OFfJthe8ssaqgceZs^ysrra</r_iYaiK^=p^p4sGof dbZsERsaa=MtI^ImSfeDGna[s :rj8tt oQ LYPebheq4/HoOe.
2928
AdddqN^ tZ>ur>ndepcnolci1CDbVli7DTnJS:sVLl9dWribjD-Ae6ZftQ+g-KhhOgJggKs9OFfJthe8ssaqgceZs^ysrra</r_iYaiK^=p^p4sGof dbZsERsaa=MtI^ImSfeDGna[s :rj8tt oQ LYPebheq4/HoOe.
2929
AdddqN^ tZ>ur>ndepcnolci1CDbVli7DTnJS:sVLl9dWribjD-Ae6ZftQ+g-KhhOgJggKs9OFfJthe8ssaqgceZs^ysrra</r_iYaiK^=p^p4sGof dbZsERsaa=MtI^ImSfeDGna[s :rj8tt oQ LYPebheq4/HoOe.
2930
AddfrN_ tY>us>ndepcoplci1CDaVlj7ETnJT;sUMl:eXribjE,Ae6ZftQ+g,LhhOgIgfJs:PFfHthe9srbrfceYs^ysqra<.r_jZaiL]=p^o3rFof daWsERs`a?MtI^ImSfeCGn`]s ;rk8ts oQ KYPecheq4/IpOe.
2931
AddfrN_ tY>us>ndepcoplci1CDaVlj7ETnJT;sUMl:eXribjE,Ae6ZftQ+g,MhhOgIgfJs:PFfHthe9srbrfceYs^ysqra<.r_jZaiL]=p^o3rFof daWsERs`a?MtI^ImSfeCGn`]s ;rk8ts oQ KYPecheq4/IpOe.
2932
AddfrN_ tY>us>ndepcoplci1CDaVlj7ETnJT;sUMl:eXribjE,Ae6ZftQ+g,MhhOgIgfJs:PFfHthe9srbrfceYs^ysqra<.r_jZaiL]=p^o3rFof daWsERs`a?MtI^ImSfeCGn`]s ;rk8ts oQ KYPecheq4/IpOe.
2933
AddfrN_ tY>us>ndepcoplci1CDaVlj7ETnJT;sUMl:eXribjE,Ae6ZftQ+g,MhhOgIgfJs:PFfHthe9srbrfceYs^ysqra<.r_jZaiL]=p^o3rFof daWsERs`a?MtI^ImSfeCGn`]s ;rk8ts oQ KYPecheq4/IpOe.
2934
AdddqN^ tZ>ur>ndepcnolci1CDbVli7ETnJS:sVLl9dWribjD-Ae6ZftQ+g-LhhNgJggKs9OFfJthe8ssaqgceZs^ysrra</r_iYaiK^=p^p4sGof dbZsDRsba=MtI^ImSfeDGna[s :rj8tt oQ LYPebheq4/HoOe.
2935
AddfqN^ tZ?us>ndfpcnplci1CDcVli7DTnJR:tULl9eWribjD-Ae6YetQ,g-KhhOgJgfJs9OEfJthe8ssaqfceZs^ysrra</r`jXaiK^=p_p4sGof dbXsETsca=OtI^ImSfeDGna[s :rj9tt oQ LYQeageq4/HoOe.
2936
AddfqN^ tZ?us>ndfpcnplci1CDcVli7DTnJR:tULl9eWribjD-Ae6YetQ,g-KhhOgJgfJs9OEfJthe8ssaqfceZs^ysrra</r`jXaiK^=p_p4sGof dbXsETsca=OtI^ImSfeDGna[s :rj9tt oQ LYQeageq4/HoOe.
2937
AdddrN^ tZ>ur>ndepcnolci1DDbVli7DTnJT9sVLl8dWribjD-Ae6ZftQ+g-KhhOgJggLs9OFfJthe8ssargceZs^ysrra</r_iYaiK^=p^p4sGof dbZsERsaa=MuI_ImSfeDGna[s :rj8tt oQ LYPebheq4/HoOe.
2938
AdddrN^ tZ>ur>ndepcnoldi1DDbVli7DTnJT9sVLl8dWribjD-Ae6ZftQ+g-KhhOgJggLs9OFfJthe8ssargceZs^ysrra</r_iYaiK^=p^p4sGof dbZsERsaa=MuI_ImSfeDGna[s :rj8tt oQ LYPebheq4/HoOe.
2939
AdddrN^ tZ>ur>ndepcnoldi1DDbVli7DTnJT9sVLl8dWribjD-Ae6ZftQ+g-KhhOgJggLs9OFfJthe8ssargceZs^ysrra</r_iYaiK^=p^p4sGof dbZsERsaa=MuI_ImSfeDGna[s :rj8tt oQ LYPebheq4/HoOe.
2940
AdddsN^ tZ>ur>ndepcnolci1DDbVli7DUnJT9sVLl8dWribjD-Ae6ZftQ+g-KhhOgJggLs9OFfJthe8ssargceZs^ysrra</r_iYaiK^=p^p4sGof dbZsERsaa=MuI_ImSfeDGna[s :rj8tt oQ LYPebheq4/HoOe.
2941
AdddsN^ tZ>ur>ndepcnolci1DDbVli7DUnJT9sVLl8dWribjD-Ae6ZftQ+g-KhhOgJggLs9OFfJthe8ssargceZs^ysrra</r_iYaiK^=p^p4sGof dbZsERsaa=MuI_ImSfeDGna[s :rj8tt oQ LYPebheq4/HoOe.
2942
AdddsN^ tZ>ur>ndepcnolci1DDbVli7DUnJT9sVLl8cWribjD-Ae6ZftQ+g-KhhOgJggLs9OFfJthe8rsargceZs^ysrra</r_iYaiK^=p^p4sGof dbZsERsaa=MuI_ImSfeDGna[s :rj8tt oQ LYPebheq4/HoOe.
2943
AdddsN^ tZ>ur>ndepcnolci1DDbVli7DUnJT9sVLl8dWribjD-Ae6ZftQ+g-KhhOgJggLs9OFfJthe8ssargceZs^ysrra</r_iYaiK^=p^p4sGof dbZsERsaa=MuI_ImSfeDGna[s :rj8tt oQ LYPebheq4/HoOe.
2944
AdddsN^ tZ>ur>ndepcnolci1DDbVli7DUnJT8rVLl8dWribjD-Ae6ZftQ+g-KhhOgJggLs9OFfJthe8ssargdeZs^ysrra</r_iYaiK^=p^p4sFof dbZsERsaa=MuI_ImSfeDGna[s :rj8tt oQ LYPebheq4/HoOe.
2945
AdddsN^ tZ>ur>ndepcnolci1DDbVli7DUnJT8rVLl8dWribjD-Ae6ZftQ+g-KhhOgJggLs9OFfJthe8ssargdeZs^ysrra</r_iYaiK^=p^p4sFof dbZsERsaa=MuI_ImSfeDGna[s :rj8tt oQ LYPebheq4/HoOe.
2946
AdddsN^ tZ>ur>ndepcnolci1DDbVli7DUnJT8sVLl9dWribjD-Ae6ZftQ+g-KhhOgJggLs9OFfJthe8stargceZs^ysrra</r_iYaiK^=p^p4sGof dbZsERsaa=MuI_ImSfeDGna[s :rj8tt oQ LYPebheq4/HoOe.
2947
AdddsN^ tZ>ur>ndepcnolci1DDbVli7DUnJT8sVLl9dWribjD-Ae6ZftQ+g-KhhOgJggLs9OFfJthe8stargceZs^ysrra</r_iYaiK^=p^p4sGof dbZsERsaa=MuI_ImSfeDGna[s :rj8tt oQ LZPebheq4/HoOe.
2948
AdddsN^ tZ>ur>ndepcnolci1DDbVli7DUnJT8sVLl9dWribjD-Ae6ZftQ+g-KhhOgJggLs9OFfJthe8stargceZs^ysrra</r_iYaiK^=p^p4sGof dbZsERsaa=MuI_ImSfeDGna[s :rj8tt oQ LZPebheq4/HoOe.
2949
AdddsN^ tZ>ur>ndepcnolci1DDbVli7DUnJT8sVLl9dWribjD-Ae6ZftQ+g-KhhOgJggLs9OFfJthe8stargceZs^ysrra</r_iYaiK^=p^p4sGof dbZsERsaa=MuI_ImSfeDGna[s :rj8tt oQ LZPebheq4/HoOe.
2950
AdddsN^ tZ>ur>ndepcnolci1DDbVli7DUnJT8rVLl8dWribjD-Ae6ZftQ+g-KhhOgJggLs9OFfJthe8ssargdeZs^ysrra</r_hYbiK^=p^p4sFof dbZsESsaa=MuI_ImSfeDGna[s :rj8tt oQ LYPebheq4/HoOe.
2951
AdddsN^ tZ>ur>ndepcnolci1DDbVli7DUnJT8rVLl8dWribjD-Ae6ZftQ+g-KhhOgJggLs9OFfJthe8ssargdeZs^ysrra</r_hYbiK^=p^p4sFof dbZsESsaa=MuI_ImSfeDGna[s :rj8tt oQ LYPebheq4/HoOe.
2952
AederO` tY>ur>ndgpcoplbi1CDaVlj7ETnKS;tUMl9eWribjE,@f6ZetP+g-KhhOhIggJs;PFfGthe9ssargeeXs^ysrra</r_jZaiK];p^n3rFof daWsDRs`a=MtJ_IlSfeCGna\s <rk9ts oQ KYQecheq41IpOe.
2953
AederO` tY>ur>ndgpcoplbi1CDaVlj7ETnKS;tUMl9eWribjE,@f6ZetP+g-KhhOhIghJs;PFfGthe9ssargeeXs^ysrra</r_jZaiK];p^n3rFof daWsDRs`a=MtJ_IlSfeCGna\s <rk9ts oQ KYQecheq41IpOe.
2954
AederO` tY>ur>ndgpcoplbi1CDaVlj7ETnKS;tUMl9eWribjE,@f6ZetP+g-KhhOhIghJs;PFfGthe9ssargeeXs^ysrra</r_jZaiK];p^n3rFof daWsDRs`a=MtJ_IlSfeCGna\s <rk9ts oQ KYQecheq41IpOe.
2955
AederO` tY>ur>ndgpcoplbi1CDaVlj7ETnKS;tUMl9eWribjE,@f6ZetP+g-KhhOhIghJs;PFfGthe9ssargeeXs^ysrra</r_jZaiK];p^n3rFof daWsDRs`a=MtJ_IlSfeCGna\s <rk9ts oQ KYQecheq41IpOe.
2956
AederO` tY>ur>ndgpcoplbi1DDaVlj7ETnKS;tUMl9eWribjE,@f6ZetP+g-KhhOhIghJs;PFfGthe9ssargeeXs^ysrra</r_jZaiK];p^n3rFof daWsDRs`a=MtJ_IlSfeCGna\s <rk9ts oQ KYQecheq41IpOe.
2957
AederO` tY>ur>ndgpcoplbi1DDaVlj7ETnKS;tUMl9eWribjE,@f6ZetP+g-KhhOhIghJs;PFfGthe9ssargeeXs^ysrra</r_jZaiK];p^n3rFof daWsDRs`a>MtJ_IlSfeCGna\s <rk9ts oQ KYQecheq41IpOe.
2958
AederO` tY>ur>ndgpcoplbi1DDaVlj7ETnKS;tUMl9eWribjE,@f6ZetP+g-KhhOhIghJs;PFfGthe9ssargeeXs^ysrra</r_jZaiK];p^n3rFof daWsDRs`a>MtJ_IlSfeCGna\s <rk9ts oQ KYQecheq41IpOe.
2959
AdddsN^ tZ?ur>ndepcnolci1DDbVli7DUnJT8tVLl9dWribjD-Ae6[ftQ+g,KhhOgJggMs9OFfJthe8stargceZs^ysrra<1r_iYaiK^=p^p4sGof dbZsERsaa=MuI_ImSfeDGna[s :rj8tt oQ LZPebgeq4/HoOe.
2960
AdderN_ tY>us>ndepcopmci2CDaVlj7ETnJT;sUNl:eXribjE,Af7[ftQ,g,LhgOiIgfJs:PFfHthe9srbrgceYs^ysqra<.r_iZbiL]<p^o4sFnf daWsDRs`a@MtI^JmSfeDGm`]s ;rk8ts oQ KYPebheq50JpOe.
2961
AdderN_ tY>us>ndepcopmci2CDaVlj7ETnJT;sUNl:eXribjE,Af7[ftQ,g,LhgOiIgfJs:PFfHthe9srbrgceYs^ysqra<.r_iZbiL]<p^o4sFnf daWsDRs`a@MtI^JmSfeDGm`]s ;rk8ts oQ KYPebheq50JpOe.
2962
AdderN_ tZ>us>ndepcopmci1CDaVlj7ETnJT;sUNl:eYribjE,Af7[ftQ,g,LhgOhIggJs:PFfHthe9srbrgceYs^ysqra<.r_hZbiL]<p^o4sFnf daWsDRs`a@MtI^JmSfeDGn`]s ;rk8ts oQ KYPebheq50JpOe.
2963
AdderN_ tZ>us>ndepcopmci1CDaVlj7ETnJT;sUNl:eYribjE,Af7[ftQ,g,LhgOhIggJs:PFfHthe9srbrgceYs^ysqra<.r_hZbiL]<p^o4sFnf daWsDRs`a@MtI^JmSfeDGn`]s ;rk8ts oQ KYPebheq50JpOe.
2964
AederO` tY>ur>ndgpcoplbi2CDaVlj7DTnKS;tUMl9eWribjE,@f6ZetP+g-KhhOhIghJs;PFfGthe9ssargeeXs_ysrra</r_jYbiK];p^n3rDof daWsDRs`a=MtJ_IlSfeCGna\s <rk9ts oQ LYQecheq41IpOe.
2965
AederO` tY>ur>ndgpcoplbi2CDaVlj7DTnKS;tUMl9eWribjE,@f6ZetP+g-KhhOhIghJs;PFfGthe9ssargeeXs_ysrra</r_jYbiK];p^n3rDof daWsDRs`a=MtJ_IlSfeCGna\s <rk9ts oQ LYQecheq41IpOe.
2966
AederO` tZ>ur>ndgpcoplbi2CDaVlj7DTnKS;tUMl9eWribjE,@f6ZetP+g-KhhOhIghJs;PFfGthe9ssargeeXs_ysrra</r_jYbiK];p^n3rDof daWsDRs`a=MtJ_IlSfeCGna\s <rk9ts oQ LYQecheq41IpOe.
2967
AederO` tZ>ur>ndgpcoplbi2CDaVlj7DTnKT;tUMl9eWribjE,@f6ZetP+g-KhhOhIghJs;PFfGthe9ssargeeXs_ysrra</r_jYbiK];p^n3rDof daWsDRs`a=MtJ_IlSfeCGna\s <rk9ts oQ LYQecheq41IpOe.
2968
AederO` tZ>ur>ndgpcoplbi2CDaVlj7DTnKT;tUMl9eWribjE,@f6ZetP+g-KhhOhIghJs;PFfGthe9ssargeeXs_ysrra</r_jYbiK];p^n3rDof daWsDRs`a=MtJ_IlSfeCGna\s <rk9ts oQ LYQecheq41IpOe.
2969
AederO` tZ>ur>ndgpcoplbi2CDaVlj7DTnKT;tUMl9eWribjE,@f6ZetP+g-KhhOhIghKs;PFfGthe9ssargeeXs_ysrra</r_jYbiK];p^n3rDof daWsDRs`a=MtJ_IlSfeCGna\s <rk9ts oQ LYQecheq41IpOe.
2970
AederO` tZ>ur>ndgpcoplbi2CDaVlj7DTnKT;tUMl9eWribjE,@f6ZetP+g-KhhOhIghKs;PFfGthe9ssargeeXs_ysrra</r_jYbiK];p^n3rDof daWsDRs`a=MtJ_IlSfeCGna\s <rk9ts oQ LYQecheq41IpOe.
2971
AederO` tZ>ur>ndgpcoplbi2CDaVlj7DTnKT;tUMl9eWribjE,@f6ZetP+g-KhhOhIghKs;PFfGthe9ssargeeXs_ysrra</r_jYbiK];p^n3rDof daWsDRs`a=MtJ_IlSfeCGna\s <rk9ts oQ LYQecheq41IpOe.
2972
AederO` tY>ur>ncgpcoplbi2CDaVlj7DTnKS;tUMl9eWribjE,?f5ZetP,g-KhhOhIghJs;PFfFthe9stargeeXs_ysrra</r_jYbiK];q^n3rDof daWsCRs`a=MtJ_IlTfeCGna\s <rk9ts oR LYQecheq41IpOe.
2973
AederO` tY>ur>ncgpcoplbi2CDaVlj7DTnKS;tUMl9eWribjE,?f5ZetP,g-KhhOhIghJs;PFfFthe9stargeeXs_ysrra</r_jYbiK];q^n3rDof daWsCRs`a=MtJ_IlTfeCGna\s <rk9ts oR LYQecheq41IpOe.
2974
AederO` tY>ur>ncgpcoplbi2CDaVlj7DTnKS;tUNl9eWribjE,?f5ZetP,g-KhhOhIghJs;PFfFthe9stargeeXs_ysrra</r_jYbiK];q^n3rDof daWsCRs`a=MtJ_IlTfeCGna\s <rk9ts oR LYQecheq41IpOe.
2975
AederO` tY?ur>ncgpcoplbi2CDaVlj7DTnKS;tUNl9eWribjE,?f5ZetP,g-KhhOhIghJs;PFfFthe9stargeeXs_ysrra</r_jYbiK];q^n3rDof daWsCRs`a=MtJ_IlTfeCGna\s <rk9ts oR LYQecheq41IpOe.
2976
AederO` tY?ur>ncgpcoplbi2CDaVlj7DTnKS;tUNl9eWribjE,?f5ZetP,g-KhhOhIghJs;PFfFthe9stargeeXs_ysrra</r_jYbiK];q^n3rDof daWsCRs`a=MtJ_IlTfeCGna\s <rk9ts oR LYQecheq41IpOe.
2977
AederO` tY?ur>ncgpcoplbi2CDaVlj7DTnKS;tUNl9eWribjE,?f5ZetP,g-KhhOhIghJs;PFfFthe9stargeeXs_ysrra</r_jYbiK];q^n3rDof daWsCRs`a=MtJ_IlTfeCGna\s <rk9ts oR LYQecheq41IpOe.
2978
AederO` tZ>ur>ndgpcoplbi2CDaVlj7DTnKT;tUMl9eWribjE,@f6ZetP+g-KhhOhIghLs;PFfFthe9ssargeeWs_ysrra</r_jYbiK];p^n3rDof daWsDRs`a=MtJ_IlSfeCGna\s <rk9ts oQ LYQecheq51IpOe.
2979
AederO` tZ>ur>ndgpcoplbi2CDaVlj7DTnKT;tUMl9eWribjE,@f6ZetP+g-KhhOhIghLs;PFfFthe9ssargeeWs_ysrra</r_jYbiK];p^n3rDof daWsDRs`a=MtJ_IlSfeCGma\s <rk9ts oQ LYQecheq51IpOe.
2980
AederO` tZ>ur>ndgpcoplbi2CDaVlj7DTnKT;tUMl9eWribjE,@f6ZetP+g-KhhOhIghLs;PFfFthe9ssargeeWs_ysrra</r_jYbiK];p^n3rDof daWsDRs`a=MtJ_IlSfeCGma\s <rk9ts oQ LYQecheq51IpOe.
2981
AederO` tY>ur>ncgpcoplbi2CDaVlj7DTnKS;tUNl9eWribjE,?f5ZetP,g-KhhOhJghJs;PFfFthe9stbrheeXs_ysrra</r_jXbiK];q^n3rDof daWsCRs`a=MtJ_IlTfeCGna\s <rk9ts oR LYQecieq41IpOe.
2982
AederO` tY>ur>ndgpcoplbi2CDaVlj7DTnLT;tUMl9eWribjE,@f6ZetP+g-KhgOhIghJs;PGfGthe9ssargeeXs_ysrra=0r_kYbiK];p^n3rDof daWsDSs`a=MtJ_IlTfeBIna\s <rk9ts oQ LYQecheq41IpOe/
2983
AederO` tY>ur>ndgpcoplbi2CDaVlj7DTnLT;tUMl9eWribjE,@f6ZetP+g-KhgOhIghJs;PGfGthe9ssargeeXs_ysrra=0r_kYbiK];p^n3rDof daWsDSs`a=MtJ_IlTfeBIna\s <rk9ts oQ LYQecheq41IpOe/
2984
AederO` tZ>ur>ndfpcoplbi3CDaVlj7DTnKT;tUMl9eWribjE,@f6ZetP+g-KhhOhIghKs;PFfGthe9ssargeeXs_ysrra</r_jYbiK^:p^n4rDof daWsDRs`a=MtJ_JlSfeCGna\s <rl9ts oQ LYQecheq41IpOe.
2985
AederO` tY>ur>ndgpcoplbi2CDaVlj7DTnLT;tUMl9eWribjE,@f6ZetP+g-KhhOhIghJs;PGfGthe9ssargeeXs_yspra=0r_kYbiK];p^n3rDof daWsDSs`a=MtJ_IlUfeBIna\s <rk9ts oQ LYQecheq41IpOe/
2986
AederO` tY>ur>ndgpcoplbi2CDaVlj7DTnLT;tUMl9eWribjE,@f6ZetP+g-KhhOhIghJs;PGfGshe9ssargeeXs_yspra=0r_kYbiK];p^n3rDof daWsDSs`a=MtJ_IlUfeBIna\s <rk9ts oQ LYQecheq41IpOe/
2987
AederO` tY>us?ncgpcoplbi2CC`Vlj7DTnKS;tUNl9eWribjE,?f5ZetP,g-KhhOhKghJs;PFfFthe9stargeeXs_ysrra</r_jXbiK];q^n3rDof daWsCRs`a>MtJ_IlTfeCGna\s <rk9ts oR LYQeciep41JpOe.
2988
AederO` tZ>ur>ndfpcoplbi2CDaVlj7DTnKT;tUMl9eWribjE,@f6ZetP+g-KhhOhIghLs;PFfFthe9ssargeeWs_ysrra</r_jYbiK];p_n3rDof daWsDRsaa=MtJ_IlSfeCGma\s <rk9ts oQ LYQebheq51JpOe.
2989
AedesO` tY>us?ncgpcoplbi2CC`Vlj7DTnKS;tUNl9eWribjE,?f5ZetP,g-KhhOhKghJs;PFfFthe9stargeeXs_ysrra</r_jXbiK];q^n3rDof daWsCRs`a>MtJ_IlTfeCGna\s <rl9ts oR LYQeciep41JpOe.
2990
AedesO` tY>us?ncgpcoplbi2CC`Vlj7DTnKS;tUNl9eWribjE,?f5ZetP,g-KhhOhKghJs;PFfFthe9stargeeXs_ysrra</r_jXbiK];q^n3rDof daWsCRs`a>MtJ_IlTfeCGna\s <rl9ts oR LYQeciep41JpOe.
2991
AederOa tZ>ur>ncgpcoplci3CDaVlj7DTnKS;tUMl9dWribiE,?f5ZetP,g-KhhOhIghJs;PFfFthe9stargeeWs`ysrra</r_jYciK]<q^n3rDof daWsCRs`a>MtJ_IlTgeBGna\s <rk9ts oQ LYQecheq41IpOe.
2992
AedesO` tY>us?ncgpcoplbi2CC`Vlj7DTnKS;tUNl9eWribjE,?f5ZetP,g-KhhOhKghJs<PFfFthe9stargeeXs_ysrra</r_jXciK];q^n3rDof daWsCRs`a>MtJ_IlTfeCGna\s <rl9ts oR LYQeciep41JpOe.
2993
AederOa tZ>ur?ncgpcopldi3CDaVlj7DTnKS;tUMl9dWribiE,?f5ZetP,g-KhhOhIghJs;PFfFthe9stargeeWs`ysrra</r_jYciK]<q^n3sDof daWsCRs`a>MtJ_IlTgeBGna\s <rk9ts oQ LYQecheq41IpOe.
2994
AederOa tZ>ur?ncgpcopldi3CDaVlj7DTnKS;tUMl9dWribiE,?f5ZetP,g-KhhOhIghJs;PFfFthe9stargeeWs`ysrra</r_jYciK]<q^n3sDof daWsCRs`a>MtJ_IlTgeBGna\s <rk9ts oQ LYQecheq41IpOe.
2995
AedesO` tY>us?ndgpcoplbi2CC`Vlj7DTnLS;tUNl9eWribjE,?f5ZetP,g-KhhOhKghJs<PFfFthe9stargeeXs_ysrra</r_jXciK];q^n3rDof daWsCRs`a>MtJ_IlTfeCGna\s <rl9ts oR LYQeciep41JpOe.
2996
AedesO` tY>us?ndgpcoplbi2CC`Vlj7DTnLS;tUNl9eWribjE,?f5ZetP,g-KhhOhKghJs<PFfFthe9stargeeXs_ysrra</r_jXciK];q^n3rDof daWsCRs`a>MtJ_IlTfeCGna\s <rl9ts oR LYQeciep41JpOe.
2997
AedesO` tY>us?ndgpcoplbi2CC`Vlj7DTnLS;tUNl9eWribjE,?f5ZetP,g-KhhOhKghJs<PFfEthe9stargeeXs_ysrra</r_jXciK];q^n3rDof daWsCRs`a>MtJ_IlTfeCGna\s <rl9ts oR LYQeciep41JpOe.
2998
AedesO` tY>us?ndgpcoplbi2CC`Vlj7DTnLS;tUNl9eWribjE,?f5ZetP,g,KhhOhKghJs<PFfEthe9stargeeXs_ysrra</r_jXciK];q^n3rDof daWsCRs`a>MtJ_IlTfeCGna\s <rl9ts oR LYQeciep41JpOe.
2999
AedesO` tY>us?ndgpcoplbi3CC`Vlj7DTnLS;tUNl9eWribjE,?f5ZetP,g,KhhOhKghJs<PFfEthe9stargeeXs_ysrra</r_jXciK];q^n3rDof daWsCRs`a>MtJ_IlTfeCGna\s <rl9ts oR LYQeciep41JpOe.
3000
AedesO` tY>us?ndgpcoplbi3CC`Vlj7DTnLS;tUNl9eWribjE,?f5ZetP,g,KhhOhKghJs<OFfEthe9stargeeXs_ysrra</r_jXciK];q^n3rDof daWsCRs`a>MtJ_IlTfeCGna\s <rl9ts oR LYQeciep41JpOe.
3001
AedesO` tY>us?ndgpcoplbi3CC`Vlj7DTnLS;tUNl9eWribjE,?f5ZetP,g,KhhOhKghJs<OFgEthe9stargeeXs_ysqra</r_jXciK];q^n3rDof daWsCRs`a>MtJ_IlTfeCGna\s <rl9ts oR LYQeciep41JpOe.
3002
AedesO` tY>us?ndgpcoplbi3CC`Vlj7CTnLS;tUNl9eWribjE,?f5ZetP,g,KhhOhKghJs<OFfEthe9stargeeXs_ysrra</r_jXciJ];q^n4rDof daWsCRs`a>MtJ_IlTfeCGna\s <rl9ts oR LYQeciep41JpOe.
3003
AedesO` tY>us?ndgpcoplbi3CC`Vlj7CTnLS;tUNl9eWribjE,?f5ZetP,g,KhhOhKghJs<OFfEthe9stargeeXs_ysrra</r_jXciJ];q^n4rDof daWsCRs`a>MtJ_IlTfeCGna\s <rl9ts oR LYQeciep41JpOe.
3004
AedesO` tY>us?ndgpcoplbi3CC`Vlj7CTnLS;tUNl9eWribjE,?f5ZetP,g,KhhOhKghJs<OFfEthe9stargeeXs_ysrra</r_jXciJ];q^n4rDof daWsCRs`a>MtJ_IlTfeCGna\s <rl9ts oR LYQeciep41JpOe.
3005
AedesO` tY>us?ndgpcoplbi3CC`Vlj7DTnLS;tUNl9eWribjE,?f5ZetP,g,KhhOhKghJs<OFfEuhe9stargeeXs_ysrra</r_jXciJ];q^n4rCof daWsCRs`a>MtJ_IkTfeCGna\s <rl9ts oR LZQeciep41JpOe.
3006
AedesO` tY>us?ndgpcoplbi3CC`Vlj7DTnLS;tUNl9eWribjE,?f5ZetP,g,KhhOhKghJs<OFfEuhe9stargeeXs_ysrra</r_jXciJ];q^n4rCof daWsCRs`a>MtJ_IkTfeCGna\s <rl9ts oR LZQeciep41JpOe.
3007
AedesO` tY>us?ndgpcoplbi3CC`Vlj7DTnLS;tUNl9eWribjE,?f5ZetP,g,KhhOhKghJs<OFfEuhe9stargeeXs_ysrra</r_jXciJ];q^n4rCof daWsCRs`a>MtJ_IkTfeCGna\s <rl9ts oR LZQeciep41JpOe.
3008
AedesO` tY?us?ndgpcoplbi3CC`Vlj7DTnLS;tUOl9eWribjE,?e5ZetP,g,KhhOhKghJs<PFfEthe9stargeeXs_ysrra</r_jXciK]:q^n3rDof daWsCRs`a>MtJ_IlTfeCGna\s <rl9ts oR LYQeciep51JpOe.
3009
AedesO` tY?us?ndgpcoplbi3CC`Vlj7DTnLS;tUOl9eWribjE,?e5ZetP,g,KhhOhKghJs<PFfEthe9stbrgeeXs_ysrra</r_jXciK]:q^n3rDof daWsCRs`a>MtJ_IlTfeCGna\s <rl9ts oR LYQeciep51JpOe.
3010
AedesO` tY?us?ndgpcoplbi3CC`Vlj7DTnLS;tUOl9eWribjE,?e5ZetP,g,KhhOhKghJs<PFfEthe9stbrgeeXs_ysrra</r_jXciK]:q^n3rDof daWsCRs`a>MtJ_IlTfeCGna\s <rl9ts oR LYQeciep51JpOe.
3011
AedesO` tY?us?ndgpcoplbi3CC`Vlj7DTnLS;tUOl9eWribjE,?e5ZetP,g,KhhOhKghJs<PFfEthe9stbrgeeXs_ysrra</r_jXciK]:q^n3rDof daWsCRs`a>MtJ_IlTfeCGna\s <rl9ts oR LYQeciep51JpOe.
3012
AedesO` tY>us@ndgpcoplbi3CC`Vlj7DTnLT;tUNl:eWribjE,?f5ZetP,g,KhhOhLghJs<OHfEthe9starfeeXs_ysrra</r_jWciJ]<q^n4rDof daWsCSs`a>MtJ_IlTfeCGna\s <rl9ts oR LYQeciep41JpOe.
3013
AedesO` tY>us@ndgpcoplbi3CC`Vlj7DTnLT;tUNl:eWribjE,?f5ZetP,g,KhhOhLghJs<OHfEthe9starfeeXs_ysrra</r_jWciJ]<q^n4rDof daWsCSs`a>MtJ_IlTfeCGna\s <rl9ts oR LYQeciep41JpOe.
3014
AedesO` tY>us?ndgpcoplbi3CC`Vlj7CTnLS;tUOl9eWribjE,?f5ZetP,g,KhgOhKghJs<OFfEthe9stargeeXs_ysrra</r_jXciJ];q^m4rDof daWsCRs`a>MtK_IlTfeCGna]s <rl9ts oR LYQeciep41JpPe.
3015
AedesO` tY>us?ndgpcoplbi3CC`Vlj7DTnLS;tUOl9eWribjE,?e5ZetP,g+KhhOhKghJs=PFfEthe9stargeeXs_ysrra=/r_jXciK]:q^n3rDof daWsCRs`a>MtJ_IlTfeCGna\s <rm9ts oR LYQeciep51JpOe.
3016
AedesO` tY>us?ndgpcoplbi3CC`Vlj7DTnLS;tUOl9eWribjE,?e5ZetP,g+KhhOhKghJs=PFfEthe9stargeeXs_ysrra=/r_jXciK]:q^n3rDof daWsCRs`a>MtJ_IlTfeCGna\s <rm9ts oR LYQeciep51JpOe.
3017
AedesO` tY>us?ndgpcoplbi3CC`Vlj7DTnLS;tUOl9eWribjE,?e5ZetP,g+KhhOhKghJs=PFfEthe9stargeeXs_ysrra=/r_kXciK]:p^n3rDof daWsCRs`a>MtJ_IlTfeCGna\s <rm:ts oR LYQeciep51JpOe.
3018
AedesO` tY>us?ndgpcoplbi3CC`Vlj7DTnLS;tUOl9eWribjE,?e5ZetP,g+KhhOhKghJs=PFfEthe9stargeeXs_ysrra=/r_kXciK]:p^n3rDof daWsCRs`a>MtJ_IlTfeCGna\s <rm:ts oR LYQeciep51JpOe.
3019
AedesO` tY?us?ndgpcoplbi3CC`Vlj7DTnLS;sUOl9dWribjE,?e5ZetP,g,KhhOhKghJs=PFfEthe9stbrgeeXs_ysrra</r_jWciK]:q^n3rDof daWsCRs`a>MtJ_IlTfeCGna\s <rl9ts oR LYQeciep51JpOe.
3020
AedesO` tY?us?ndgpcoplbi3CC`Vlj7DTnLS;sUOl9dWribjE,?e5ZetP,g,KhhOhKghJs=PFfEthe9stbrgeeXs_ysrra</r_jWdiK]:q^n3rDof daWsCRs`a>MtJ_IlTfeCGna\s <rl9ts oR LYQeciep51JpOe.
3021
AedesOa tY?us?ndgpcoplbi3CC`Vlj7DTnLS;sUOl9dWribjE,?e5ZetP,g,KhhOhKghJs=PFfEthe9stbrgeeXs_ysrra</r_jWdiK]:q^n3rDof daWsCRs`a>MtJ_IlTfeCGna\s <rl:ts oR LYQeciep51JpOe.
3022
AedesOa tY?us?ndgpcoplbi3CC`Vlj7DTnLS;sUOl9dWribjE,?e5ZetP,g,KhhOhKghJs=PFfEthe9stbrgeeXs_ysrra</r_jWdiK]:q^n3rDof daWsCRs`a>MtJ_IlTfeCGna\s <rl:ts oR LYQeciep51JpOe.
3023
AeddsO` tY?us?ndgpdoplbi3CC`Wlj7DTnLS;tUNl9dWribjE,>f5ZetP,g,KhhOhKghJs<OHfEuhe9stargeeXs_ysqra</r_jXciJ];q^n4rCof daWsCRs`a>MtJ_IkTfeCGna\s!<rl9ts oR LZQebhep41JpOe.
3024
AedesOa tY@us?ndgpcoplbi3CCaVlj7DTnLS;sUOl9dWribjE,?e5ZetP,g,KhhOhKghJs=PFfEthe9stbrgeeXs_ysrra</s_jWdiK]:q^n3rDof daWsCRs`a>MtJ_IlTfeCGna\s <rl:ts oR LYQeciep51JpOe.
3025
AedesOa tY@us?ndgpcoplbi4CCaVlj7DTnLS;sUOl9dWribjE,?e5ZetP,g,KhhOhKghJs=PFfEthe9stbrgeeXs_ysrra</s_jWdiK]:q^n3rDof daWsCRs`a>MtJ_IlTfeCGna\s <rl:ts oR LYQeciep51JpOe.
3026
AedesOa tY@us?ndgpcoplbi4CCaVlj7DTnMS;sUOl9dWribjE,?e5ZetP,g,KhhOhKghJs=PFfEthe9stbrgeeXs_ysrra</s_jWdiK]:q^n3rDof daWsCRs`a>MtJ_IlTfeCGna\s <rl:ts oR LYQeciep52JpOe.
3027
AedesOa tY@us?ndgpcoplbi4CCaVlj7DTnMS;sUOl9dWribjE,?e5ZetP,g,KhhOhKghJs=PFfEthe9stbrgeeXs_ysrra</s_jWdiK]:q^n3rDof daWsCRs`a>MtJ_IlTfeCGna\s <rl:ts oR LYQeciep52JpOe.
3028
AedesOa tY@us?ndgpcoplbi4CCaVlj7DTnMS;sUOl9dWribjE,?e5ZetP,g,KhhOhKghJs=PFfEthe9stbrgeeXs_ysrra</s_jWdiK]:q^n3rDof daWsCRs`a>MtJ_IlTfeCGna\s <rl:ts oR LYQeciep52JpOe.
3029
AedesOa tY@us?ndgpcoplbi4CCaVlj7DTnMS;sUOl9dWribjE,?e5ZetP,g,KhhOhKghJs=PFfEthe9stbrgeeXs_ysrra</s_jWdiK]:q^n3rDof daWsCRs`a>MtJ_IlTfeCGna\s <rl:ts oR LYQeciep52JpOe.
3030
AedesOa tY@us?ndgpcopmbi4CCaVlj7DTnMS;sUOl9dWribjE,?e5ZetP,g,KhhOhKghJs=PFfEthe9stbrgeeXs_ysrra</s_jWdiK]:q^n3rDof daWsCRs`a>MtK_IlTfeCGma\s <rl:ts oR LYQeciep52JpOe.
3031
AedesOa tY@us?ndgpcoplbi4CCaVlj7DTnMS;sUOl9dWribjE,?e5ZetP,g,KhhOhKghJs=PFfEthe9stcrgeeXs_ysrra</s_jWdiK]:q^n3rDof daWsCRsaa>MtJ_IlTfeCGna\s <rl:ts oR LYQeciep52JpOe.
3032
AedesOa tY@us?ndgpcoplbi4CCaVlj7DTnMS;sUOl9dWribjE,?e5ZetP,g,KhhOhKghJs=PFfEthe9stcrgeeXs_ysrra</s_jWdiK]:q^n3rDof daWsCRsaa>MtJ_IlTfeCGna\s <rl:ts oR LYQeciep52JpOe.
3033
AedcsO` tY?us?ndgpdoplbi3CC`Wli7DTnLS;tUNl:dWribjE,>f5ZetP,g,KhgOhKghJs<OHfEuhe9stbrgeeXs`ysqra</r_jXciJ];q^n4rCof daWsCRs`a>MtJ_IkTfeCHna\s!<rl9ts oR LZQebieo41JpOe.
3034
AedcsO` tY?us?ndgpdoplbj3CC`Wli7DTnLS;tUNl:dWribjE,>f5ZetP,g,KhgOhKghJs<OHfEuhe9stbrgeeXs`ysqra</r_jXciJ];q^n4rCof daWsCRs`a>MtJ_IkTfeCHna\s!<rl9ts oR LZQebieo41JpOe.
3035
AedesOa tY@us?ndgpcoplbi4CCaVlj7DTnMS;sUOl9dWribjE,?e5ZetP,g,KhhOhKghJs=PFfEthe9stcrgeeWs_ysrra</s_jWdiK]:q^n3rDof daWsCRsaa>MtJ_IlTfeCGna\s <rl:ts oR LYQeciep52JpOe.
3036
AedesO` tY?us?ndgpcoplbi3CC`Vli7DTnLS;sUOl9dXribjE,?d5ZetP,g,KhhOhKghJs=PFfEthe9stbrgeeXs`ysrra</r_iWciK]:q^m3rDof daWsCRs`a?MtJ_IkTfeCGna\s <rl9ts oS LYQeciep62JpOe.
3037
AedesO` tY?us?ndgpcoplbi3CC`Vli7DTnLS;sUOl9dXribjE,?d5ZetP,g,KhhOhKghJs=PFfEthe9stbrgeeXs`ysrra</r_iWciK]:q^m3rDof daWsCRs`a?MtJ_IkTfeCGna\s <rl9ts oS LYQeciep62JpOe.
3038
AedesO` tY?us?ndgpcoplbi3CC`Vli7DTnLS;sUOl9dXribjE,?d5ZetP,g,KhhOhKghJs=PFfEthe9stbrgeeXs`ysrra</r_iWciK]:q^m3rDof daWsCRs`a?MtJ_IkTfeCGna\s <rm9ts oS LYQeciep62JpOe.
3039
AedesO` tY?us?ndgpcoplbi3CC`Vli7DTnLS;sUOl9dXribjE,?d5ZetP,g,KhhOhKghJs=PFfEthe9stbrgeeXs`ysrra</r_iWciK]:q^m3rDof daWsCRs`a?MtJ_IkTfeCGna\s <rm9ts oS LYQeciep62JpOe.
3040
AedesO` tY?us?ndgpcoplci3CCaVli7DTnLS;sUOl9dWribjE,>e6[esP,g,KhgOhKghJs=PFfEthe9stbrgeeXs_ysqra>/r_jWciK]:q^m4rDof daWsCRsaa>MtJ_IlTfeCHna\s <rl9ts oR LYQeciep51JpOe.
3041
AedesO` tY?us?ndgpcoplbi3CC`Vli7DTnLS;sUOl9dXribjE,?d5ZetP,g,KhhOhKghJs=PFfEthe9stbrgeeXs`ysrra</r_iWciL]:q^m3sDof daWsCRs`a?MtJ_IkTfeCGna\s <rm9ts oS LYQeciep62JpOe.
3042
AedesO` tY?us?ndgpcoplbi3CC`Vli7DTnLS;sUOl9dXribjE,?d5ZetP,g,KhhOhKghJs=PFfEthe9stbrgeeXs`ysrra</r_iWciL]:q^m3sDof daWsCRs`a?MtJ_IkTfeCGna\s <rm9ts oS LYQeciep62JpOe.
3043
AedesO` tY?us?ndgpcoplci3CCaVli7DTnLS;sUOl9dWribjE,>e6[esP,g,KhgOhKghJs=PFfEthe9stbrheeXs_ysqra>/r_jWciK]:q^m4rDof daWsCRsaa>MtK_IlTfeCHna\s <rl9ts oR LYQeciep51JpOe.
3044
AedesO` tY?us?ndgpcoplci3CCaVli7DTnLS;sUOl9dWribjE,>e6[esP,g,KhgOhKghJs=PFfEthe9stbrheeXs_ysqra>/r_jWciK]:q^m4rDof daWsCRsaa>MtK_IlTfeCHna\s <rl9ts oR LYQeciep51JpOe.
3045
AedesO` tY?us?ndgpcoplci3CCaVli7DTnLS;sUOl9dWribjE,>e6[esP,g,KhgOhKghJs=PFfEthe9stbrheeXs_ysqra>/r_jWciK]:q^m4rDof daWsCRsaa>MtK_IlTfeCHna\s <rl9ts oR LYQeciep51JpPe.
3046
AedesO` tY?us?ndgpcoplci3CCaVli7DTnLS;sUOl9dWribjE,>e6[esP,g,KhgOhKghJs=PFfEthe9stbrheeXs_ysqra>/r_jWciK]:q^m4rDof daWsCRsaa>MtK_IlTfeCHna\s <rl9ts oR LYQeciep51JpPe.
3047
AedesO` tY?us?ndgpcoplci3CCaVli7DTnLS;sUOl9dWribjE,>e6[esP,g,KhgOhKghJs=PFfEthe9stbrheeXs_ysqra>/r_jWciK]:q^m4rDof daWsCRsaa>MtK_IlTfeCHna\s <rl9ts oR LYQeciep51JpPe.
3048
AedesO` tY?us?ndgpcoplci3CCaVli7DTnLS;sUOl9dWribjE,>e6[esP,g,KhgOhKghKs=PFfEthe9stbrheeXs_ysqra>/r_jWciK]:q^m4rDof daWsCRsaa>MtK_IlTfeCHna\s <rl9ts oR LYQeciep51JpPe.
3049
AedesO` tY?us@ndgpcoplci3CCaVli7DTnLS;sUOl9dWribjE,>e6[esP,g,KhgOhLghJs=PFfEthe9stbrheeXs_ysqra>/r_jWciK]:q^m4rDof daWsCRsaa>MtK_IlTfeCHna\s <rl9ts oR LYQeciep51JoOe.
3050
AedesO` tY?us@ndgpcoplci3CCaVli7DTnLS;sUOl9dWribjE,>e6[esP,g,KhgOhLghJs=PFfEthe9stbrheeXs_ysqra>/r_jWciK]:q^m4rDof daWsCRsaa>MtK_IlTfeCHna\s <rl9ts oR LYQeciep51JoOe.
3051
AedesO` tY?us?ndgpcoplci3CCaVli7DTnLS;sUOl9dWribjE,>e6[esP,g,KhgOhKghKs=PFfEthe9stbrheeXs_ysqra>/r_jWciK]:q^m4rDof daXsCRsaa>MtK_IlTfeBHna\s <rl9ts oR LYQeciep51JpPe.
3052
AedesO` tY?us?ndgpcoplci3CCaVli7DTnLS;sUOl9dWribjE,>e6[esP,g,KhgOhKghKs=PFfEthe9stbrheeXs_ysqra>/r_jWciK]:q^m4rDof daXsCRsaa>MtK_IlTfeBHna\s <rl9ts oR LYQeciep51JpPe.
3053
AedesO` tY?us?ndgpcoplci3CCaVli7DTnLS;sUOl9dWribjE,>e6[esP,g,KhgOhKghKs>PFfEthe9stbrheeXs_ysqra>/r_jWciK]:q^m4rDof daXsCRsaa>MtK_IlTfeBHna\s <rl9ts oR LYQeciep51JpPe.
3054
AeddtOa tY@us?ndgpdopmci4CBaVkj7DTnMS;sUOl9dWribjE,?e5ZetQ,g,KhfOhKghJs=PFfEthe9stbrgeeWsaysrra</s_jWdiK]:q^n3rDof dbWsCRs`a>NtK_IlTfeBGma\s <rl:ts oR LYQecieo52JpOe.
3055
AeddtOa tY@us?ndgpdopmci4CBaVkj7DTnMS;sUOl9dWribjE,?e5ZetQ,g,KhfOhKghJs=PFfEthe9stbrgeeWsaysrra</s_jWdiK]:q^n3rDof dbWsCRs`a>NtK_IlTfeBGma\s <rl:ts oR LYQecieo52JpOe.
3056
AeddtOa tY@us?ndgpdopmci4CBaVkj7DTnMS;sUOl9dWribjE,?e5ZetR,g,KhfOhKghJs=PFfEthe9stbrgeeWsaysrra</s_jWdiK]:q^n3rDof dbWsCRs`a>NtK_IlTfeBGma\s <rl:ts oS LYQecieo52JpOe.
3057
AeddtOa tY@us?ndgpdopmci4CBaVkj7DTnMS;sUOl9dWribjE,?e5ZetR,g,KhfOhKghJs=PFfEthe9stbrgeeWsaysrra</s_jWdiK]:q^n3rDof dbWsCRs`a>NtK_IlTfeBGma\s <rl:ts oS LYQecieo52JpOe.
3058
AeddtOa tY@us?ndgpdopmci4CBaVkj7DTnMS;sUOl9dWribjE,?e5ZetR,g,KhfOhKghJs=PFfEthe9stbrgeeWsaysrra</s_jWdiK]:q^n3rDof dbWsCRs`a>NtK_IlTfeBGma\s <rl:ts oS LYQecieo52JpOe.
3059
AeddtOa tY@us?ndgpdopmci4CBaVkj7DTnMS;sUOl9dWribjE,?e5ZetR,g,KhfOhKghJs=PFfEthe9stbrgeeWsaysrra</s_jWdiK]:q^n3rDof dbWsCRs`a>NtK_IlTfeBGma\s <rl:ts oS LYQecieo52JpOe.
3060
BeddtOb tY@us?ndgpdopmci5CBaVkj7DTnMS;sUOl9dWribjE,?e5ZetR,g,KhfOhKghJs=PFfEthe9stbrgeeWsaysrra</s_jWdiK]:q^n3rDof dbWsCRs`a>NtK_IlTfeBGma\s <rl:ts oS LYQecieo52JpOe.
3061
BeddtOc tY@us?ndgpdopmci5CBaVkj7DTnMS;sUOl9dWribjE,?e5ZetR,g,KhfOhKghJs=PFfEthe9stbrgeeWsaysrra</s_jWdiK]:q^n3rDof dbWsCRs`a>NtK_IlTfeBGma\s <rl:ts oS LYQecieo52JpOe.
3062
BeddtOc tY@us?ndgpdopmci5CBaVkj7DTnMS;sUOl9dWribjE,?e5ZetR,g,KhfOhKghJs=PFfEthe9stbrgeeWsaysrra</s_jWdiK]:q^n3rDof dbWsCRs`a>NtK_IlTfeBGma\s <rl:ts oS LYQecieo53JpOe.
3063
BeddtOc tY@us?ndgpdopmci5CBaVkj7DTnMS;sUOl9dWribjE,?e5ZetR,g,KhfOhKghJs=PFfEthe9stbrgeeWsaysrra</s_jWdiK]:q^n3rDof dbWsCRs`a>NtK_IlTfeBGma\s <rl:ts oT LYQecieo53JpOe.
3064
BeddtOc tY@us?ndgpdopmci5CBaVkj7DTnMS;sUOl9dWribjE,?e5ZetR,g,KhfOhKghJs=PFfEthe9stbrgeeWsaysrra</s_jWdiK]:q^n3rDof dbWsCRs`a>NtK_IlTfeBGma\s <rl:ts oT LYQecieo53JpOe.
3065
BeddtOc tY@us?ndgpdopmci5CBaVkj7DTnMS;sUOl9dWribjE,?e5ZetR,g,KhfOhKghJs=PFfEthe9stbrgeeWsaysrra</s_jWdiK]:q^n3rDof dbWsCRs`a>NtK_IlTfeBGma\s <rl:ts oT LYQecieo53JpOe.
3066
BeddtOc tY@us?ndgpdopmci5CBaVkj7DTnMS;sUOl9dWribjE,?e5ZetR,g,KhfOhKghJs=PFfEthe8stbrgeeVsaysrra</s_jWdiK]:q^n3rDof dbWsCRs`a>NtK_IlTfeBGma\s <rl:ts oS LYQecieo53JpOe.
3067
AeddtOa tY@us@ndgpdopmci4CBaVkj7DTnMS;sUOl9dWribjE,?e5ZetR,g,KhfOhKghJs=PFfEthe9stbrgeeWsaysrra<0s_jWdiK]:q^n3rDof dbWsCRs`a>NtK_IlTfeBGma\s <rn;ts oT LYQecieo52JpOe.
3068
AeddtOa tY@us@ndgpdopmci4CBaVkj7DTnMS;sUOl9dWribjE,?e5ZetR,g,KhfOhKghJs=PFfEthe9stbrgeeWsaysrra<0s_jWdiK]:q^n3rDof dbWsCRs`a>NtK_IlTfeBGma\s <rn;ts oT LYQecieo52JpOe.
3069
AeddtOa tY@us@ndgpdopmci4CBaVkj7DTnMS;sUOl9dWribjE,?e5ZetR,g,KhfOhKghJs=PFfEthe9stbrgeeWsaysrra<0s_jWdiK]:q^n3rDof dbWsCRs`a>NtK_IlTfeBGma\s <rn;ts oT LYQecieo52JpOe.
3070
AeddtOa tY@us?ndgpdoplci4CBaVkj7DTnMS;sUOl9dWribjE,?e5ZetS,g,KhfOhKghJs=PFfEthe9stbrheeWsaysrra</s_jWdiK]:q^n3rDof dbWsCRsaa>NtK_IlTfeBGma\s <rn:ts oT LYQecieo52JpOe.
3071
AeddtOa tY@us?ndgpdoplci4CBaVkj7DTnMS;sUOl9dWribjE,?e5ZetS,g,KhfOhKghJs=PFfEthe9stbrheeWsaysrra</s_jWdiK]:q^n3rDof dbWsCRsaa>NtK_IlTfeBGma\s <rn:ts oT LYRecieo52JpOe.
3072
AeddtOa tY@us?ndgpdoplci4CBaVkj7DTnMS;sUOl9dWribjE,?e5ZetS,g,KhfOhLghJs=PFfEthe9stbrheeWsaysrra</s_jWdiK]:q^n3rDof dbWsCRsaa>NtK_IlTfeBGma\s <rn:ts oT LYRecieo52JpOe.
3073
AeddtOa tY@us?ndgpdoplci4CBaVki7DTnMS;sUOl9dWribjE,?e5ZetS,g,KhfOhLghJs=PFfEthe9stbrheeWsaysrra</s_jWdiK]:q^n3rDof dbWsCRsaa>NtK_IlTfeBGma\s <rn:ts oT LYRecieo52JpOe.
3074
AeddtOa tY@us?ndgpdoplci4CBaVki7DTnMS;sUOl9dWribjE,?e5ZetS,g,KhfOhLghJs=PFfEthe9stbrheeWsaysrra</s_jWdiK]:q^n3rDof dbWsCRsaa>NtK_IlTfeBGma\s <rn:ts oT LYRecieo52JpOe.
3075
AeddtOa tY@us?ndgpdoplci4CBaVki7DTnMS;sUOl9dXribjE,?e5ZetS,g,KhfOhLghJs=PFfEthe9stbrheeWsaysrra</s_jWdiK]:q^n3rDof dbWsCRsaa>NtK_IlTfeBGma\s <rn:ts oT LYRecieo52JpOe.
3076
AeddtOa tY@us?ndgpdoplci4CBaVki7DTnMS;sUOl9dXribjE,?e5ZetS,g,KhfOhLghJs=PFfEthe9stbrheeWsaysrra</s_jWdiK]:q^n3rDof dbWsCRsaa>NtK_IlTfeBGma\s <rn:ts oT LYRecieo52JpOe.
3077
AfddtOa tY@us?ndgpdoplci4CBaVkj7DTnMS;sUOl9dWribjE,?e5ZetS,g,KhfNhLghJs=PFfEthe9stbrheeWsaysrra</s_jWdiK]:p^n3rDof dbWsCRsaa>NtK_IlTfeBGma\s <rn:ts oT LYRecieo52JpOe.
3078
AfddtOa tY@us?ndgpdoplci4CBaVkj7DTnMS;sUOl9dWribjE,?e5ZetS,g,KhfNhLghJs=PFfEthe9stbrheeWsaysrra</s_jWdiK]:p^n3rDof dbWsCRsaa>NtK_IlTfeBGma\s <rn:ts oT LYRecieo52JpOe.
3079
AeddtOa tY@us?ndgpdoplci4CBaWlj7DTnMS;sUOl9dWribjE,?e5ZetS,g,KhfOhLghJs=PFfEthe9stbrheeWsaysrra</s_jWdiK]:q^n3rDof dcWsCRsaa>NtK_IlTfeBGma\s <rn:ts oT LYRecieo52JpPe.
3080
AfddtOa tYAus?ndgpdoplci4CBaVkj7DTnMS;sUOl9dWribjE,?e5ZetS,g,KhfNhLghJs=PFfDthe9stbrheeWsaysrra</s_jWdiK]:p^n3rDof dbWsCRsaa>NtK_IlTfeBGma\s <rn:ts oT LYRecieo52JpOe.
3081
AfddtOa tYAus?ndgpdoplci4CBaVkj7DTnMS;sUOl9dWribjE,?e5ZetS,g,KhfNhLghJs=PFfDthe9stbrheeWsaysrra</s_jWdiK]:p^n3rDof dbWsCRsaa>NtK_IlTfeBGma\s <rn:ts oT LYRecieo52JpOe.
3082
AeddtOa tYAus?ndgpdoplci4CBaVki7DTnMS;sUOl:dXribjE,?e6ZetS,g,KhfNhLghJs=PFfEthe9stbrheeWsaysrra</s_jWdiK]:q^n3rDof dbWsCRsaa>NtK_IlTfeBGma\s <rn:ts oT LYRecieo52JpOe.
3083
AfddtOa tYAus?ndgpdoplci4CBaVkj7DTnMT;sUOl9dWribjE,?e5ZetS,g,KhfNhLghJs=PFfDthe9stbrheeWsaysrra</s_jWdiK]:p^n3rDof dbWsCRsaa>NtK_IlTfeBGma\s <rn:ts oT LYRecieo52JpOe.
3084
AfddtOa tYAus?ndgpdoplci4CBaVkj7DTnMT;sUOl9dWribjE,?e5ZetS,g,KhfNhLghJs=PFfDthe9stbrheeWsaysrra</s_jWdiK]:p^n3rDof dbWsCRsaa>NtK_IlTfeBGma\s <rn:ts oT LYRecieo52JpOe.
3085
AgddtOa tYAus?ndgpdoplci4CBaVkj7DTnMS;sUOl9dWribjE,?e5ZetS,g,KhfNhLghJs=PFfDthe9stbrheeWsaysrra</s_jWdiK]:p^n3rDof dbWsCRsaa>NtK_IlTfeBGma\s <rn:ts oT LZRecieo52JpOe.
3086
AgddtOa tYAus?ndgpdoplci4CBaVkj7DTnMS;sUOl9dWribjE,?e5ZetS,g,KhfNhLghJs=PFfDthe9stbrheeWsaysrra</s_jWdiK]:p^n3rDof dbWsCRsaa>NtK_IlTfeBGma\s <rn:ts oT LZRecieo52JpOe.
3087
AgddtOa tYAus?ndgpdoplci4CBaVkj7DTnMS;sUOl9dWribjE,?e5ZetS,g,KhfNhLghJs=PFfDthe9stbrheeWsaysrra</s_jWdiK]:p^n3rDof dbWsCRsaa>NtK_IlTfeBGma\s <rn:ts oT LZRecieo52JpOe.
3088
AfddtOa tYAus?ndgpdoplci4CBaVkj7DTnMT;sUOl9dWribjE,?e6ZetS,g,KhfNhLghJs=OFfDthe9stbrheeWsaysrra</s_jWdiK]:p^n3rDof dbWsCRsaa>NtK_IlTfeBGma\s <rn:ts oT LYRecieo52JpOe.
3089
AgddtOa tYAus?ndgpdoplci4CBaVkj7DTnMS;sUOl9dWribjE,?e5[etS,g,KhfNhLghJs=PFfDthe9stbrheeWsaysrra</s_jWdiK]:p^n3rDof dbWsCRsaa>OtK_IlTfeBGma\s <rn:ts oT LZRecieo52JpOe.
3090
AgddtOa tYAus?ndgpdoplci4CBaVkj7DTnMS;sUOl9dWribjE,?e5[etS,g,KhfNhLghJs=PFfDthe9stbrheeWsaysrra</s_jWdiK]:p^n3rDof dbWsCRsaa>PtK_IlTfeBGma\s <rn:ts oT LZRecieo52JpOe.
3091
AgddtOa tYAus?ndgpdoplci4CBaVkj7DTnMS;sUOl9dWribjE,?e5[etS,g,KhfNhLghJs=PFfDthe9stbrheeWsaysrra</s_jWdiK]:p^n3rDof dbWsCRsaa>PtK_IlTfeBGma\s <rn:ts oT LZRecieo52JpOe.
3092
AfddtOa tYAus?ndgpdoplci4CBaVkj7DTnMT;sUOl9dWribiE,?e6ZetS,g,KhfNhMghJs=OFfDthe9stbrheeWsaysrra</s_jWdiK]:p^n3rDof dbWsCRsaa>NtK_IlTfeAGma\s <rn:ts oT LYRecieo52JpOe.
3093
AfddtOa tYAus?ndgpdoplci4CBaVkj7DTnMT;sUOl9dWribiE,?e6ZetS,g,KhfNhMghJs=OFfDthe9stbrheeVsaysrra</s_jWdiK]:p^n3rDof dbWsCRsaa>NtK_IlTfeAGma\s <rn:ts oT LYRecieo52JpOe.
3094
AfddtOa tYAus?ndgpdoplci4CBaVkj7DTnMT;sUOl9dWribiE,?e6ZetS,g,KhfNhMghJs=OFfDthe9stbrheeVsaysrra</s_jWdiK]:p^n3rDof dbWsCRsaa>NtK_IlTfeAGma\s <rn:ts oT LYRecieo52JpOe.
3095
AfddtOa tYAus?ndgpdoplci4CBaVkj7DTnMT;sVOl9dWribiE,?e6ZetS,g,KhfNhMghJs=OFfDthe9stbrheeVsaysrra</s_jWdiK]:p^n3rDof dbWsCRsaa>NtK_IlTfeAGma\s <rn:ts oT LYRecieo52JpOe.
3096
AfddtOa tYAus?ndgpdoplci4CBaVkj7DTnMT;sWOl9dWribiE,?e6ZetS,g,KhfNhMghJs=OFfDthe:stbrheeVsaysrra</s_jWdiK]:p^n3rDof dbWsCRsaa>NtK_IlTfeAGla\s <rn:ts oT LYRecieo52JpOe.
3097
AfddtOa tYAus?ndgpdoplci4CBaVkj7DTnMT;sWOl9dWribiE,?e6ZetS,g,KhfNhMghJs=OFfDthe:stbrheeVsaysrra</s_jWdiK]:p^n3rDof dbWsCRsaa>NtK_IlTfeAGla\s <rn:ts oT LYRecieo52JpOe.
3098
AfddtOa tYAus?ndgpdoplci4CBaVkj7DTnMT;sWOl9dWribiE,?e6ZetS,g,KhfNhMghJs=OFfDthe:stbrheeVsaysrra</s_jWdiK]:p^n3rDof dbWsCRsaa>NtK_IlTfeAGla\s <rn:ts oT LYRecieo52JpOe.
3099
AeddtOa tYAus@ndgpeoplci4CBaVli7DUnMS;sUOl:dXribjE,>e6ZetS-g,KhfOhMghJs=PFfEthe9stbrheeWsbysrra</s_jWdiK]:q^n3rDof dbWrCRsaa>NtK_IlTfeBGma\s <rn:ts oT LYRecien52KpOe.
3100
AfddtOa tYAus?ndgpdoplci4CBaVkj7DTnMT;sWOl9dWribiE,?e6ZetS,g,KhfNhMghJs=OFfDthe:stbrheeVsaysrra</s_jWdiK]:p^n3rDof dbWsCRsaa>NtK_IlTfeAHla\s <rn:ts oT LYRecieo52JpOe.
3101
AfddtOa tZAus?ndgpdoplci4CBaVkj7DTnMT;sUOl9dWribiE,?e7ZetS,g,KhfNhMghJs=OFfDthe9stbrheeWsaysrra</s_jWdiK]:p^n3rDof dbWsCRsaa>NtK_IlTfeAGla\s <rn:ts oT LYRecieo53JpOe.
3102
AeddtPa tY@us?ndgpdopmci4CAaVkj7CTnMS;sUOl9dWribjE-?e5ZetR,g,KhfOhKghJs=PFfCthe8stbrgeeWsaysrra=0s_jVdiL^:q^n3rDof dbWsCRs`a?NtK_IkUfeAHma\s <ro:ts oT LYReaien63JpOe.
3103
AeddtPa tY@us?ndgpdopmci4CAaVkj7CTnMS;sUOl9dWribjE-?e5ZetR,g,KhfOhKghJs=PFfCthe7stbrgeeWsaysrra=0s_jVdiL_:q^n3rDof dbWsCRs`a?NtK_IkUfeAHma\s <ro:ts oT LYReaien63JpOe.
3104
AeddtPa tY@us?ndgpdopmci4CAaVkj7CTnMT;sUOl9dWribjE-?e5ZetR,g,KhfOhKghJs=PFfCthe7stbrgeeWsaysrra=0s_jVdiL_:q^n3rDof dbWsCRs`a?NtK_IkUfeAHma\s <ro:ts oT LYReaien63JpOe.
3105
AeddtPa tY@us?ndgpdopmci4CAaVkj7CTnMT;sUOl9dWribjE-?e5ZetR,g,KhfOhKghJs=PFfCthe7stbrgeeWsaysrra=0s_jVdiL_:q^n3rDof dbWsCRs`a?NtK_IkUfeAHma\s <ro:ts oT LYReaien63JpOe.
3106
AeddtPa tY@us?ndgpdopmci4CAaVkj7CTnMT;sUOl9dWribjE-?e5ZetR,g,KhfOhKghJs=PFfCthe7stbrgeeWsaysrra=0s_jVdiL_:q^n3rDof dbWsCRs`a?NtK_IkUfeAHma\s <ro:ts oT LYReaien63JpOe.
3107
AeddtPa tY@us?ndgpdopmci4CAaVkj7CTnMT;sUOl9dWribjE-?e5ZetR,g,KhfOhKghJs=PFfCthe7stbrgeeWsaysrra=0s_jVdiL_:q^n3rDof dbWsCRs`a?NtK_IkUfeAHma\s <ro:ts oT LYReaien63JpOe.
3108
AeddtPa tYAus?ndgpdopmci4CAaWkj7CTnMS;sUOl;dWribjE->e5ZetR,g,KhfOhKghJs=PFfDthe7stbrgeeWsaysrra=0s_jWdiL]:q^n3rDof dbWsCRs`a?NtK_IkUfeAHma\s <ro;ts oT LYReaien63JpOe.
3109
AeddtPa tYAus?ndgpdopmci4CAaWkj7CTnMS;sUOl;dWribjE->e5ZetR,g,KhfOhKghJs=PFfDthe7stbrgeeWsaysrra=0s_jWdiL]:q^n3rDof dbWsCRs`a?NtK_IkUfeAHma\s <ro;ts oT LYReaien63JpOe.
3110
AfddtOa t[Aus?ndgpdoplci4CBaVkj7DUnMT;sUOl9dWribiE,?d7ZetS,g+KhfNhMghJs=OFfDthe9stbrheeVsaysrra</r_jWdiK]:p^n3qDof dbWsCRsba>NtL_IlTfeAGla\s <rn:ts oT!LYRecieo53JpOe.
3111
AfddtOa t[Aus?ndgpdoplci4CBaVkj7DUnMT;sUOl9dWribiE,?d7ZetS,g+KhfNhMghJs=OFfDthe9stbrheeVsaysrra</r_jWdiK]:p^n3qDof dbWsCRsba>NtL_IlTfeAGla\s <rn:ts oT!LYRecien53JpOe.
3112
AfdetOa t[Aus?ndgpdoplci4CBaVkj7DUnMT;sUOl9dWribiE,?d7ZetS,g+KhfNhMghJs=OFfDthe9stbrheeVsaysrra</r_jWdiK]:p^n4qDof dbWsCRsba>NtL_IlTfeAGla\s <rn:ts oT!LYRecien53JpOe.
3113
AeddtOc tY@usAndgpdoplci5CBaVkj7DTnOS;rUPl:cYribjE,?e5ZetR-g,LhfOhKghJs=PFfDthe9stbrgeeVsbysqra=/r_kWdiK^:p_n3rDof dcWsBRs`a?NtK_JkTfeBHma\s <rl:ts oS LYQecifn53JnPe.
3114
AeddtOc tY@usAndgpdoplci5CBaVkj7DTnOS;rUPl:cYribjE,?e5ZetR-g,LhfOhKghJs=PFfDthe9stbrgeeVsbysqra=/r_kWdiK^:p_n3rDof dcWsBRs`a?NtK_JkTfeBHma\s <rl:ts oS LYQecifn53JnPe.
3115
AeddtOc tY@usAndgpdoplci5CBaVkj7DTnOS;rUPl:cYribjE,?e5ZetR-g,LhfOhKghJs=PFfDthe9stbrgeeVsbysqra=/r_kWdiK^:p_n3rDof dcWsBRs`a?NtK_JkTfeBHma\s <rl:ts oS LYQecifn53JnPe.
3116
AeddtOc tY@usAndgpdoplci5CBaVkj7DTnOS;rUPl:cYribjE,?d5ZetR-g,LhfOhKghJs=PFfDthe9stbrgeeVsbysqra=/r_kWdiK^:p_n3rDof dcWsBRs`a?NtK_JkTfeBHma\s <rl:ts oS LYQecifn53JnPe.
3117
AfddtOa tZAus?ndgpdoplci4CBaVkj7DUnNT;sUOl9dWribiE,?d7ZetS-g+LhfNhMghJs=OFfDthe9stbrheeVsaysrra</r_jWdiK]:p^n3qDof dcXsCRsba>NtL_IlTfeAGla\s <rn:ts oT!LYRecieo53JpOe.
3118
AfddtOa tZAus?ndgpdoplci4CBaVkj7DUnNT;sUOl9dWribiE,?d7ZetS-g+LhfNhMghJs=OFfDthe9stbrheeVsaysrra</r_jWdiK]:p^n3qDof dcXsCRsba>NtL_IlTfeAGla\s <rn:ts oT!LYRecieo53JpOe.
3119
AfddtOa tZAus?ndgpdoplci4CBaVkj7DUnNT;sUOl9dWribiE,?d7ZetS-g+LhfNhMghJs=OFfDthe9stbrheeVsaysrra</r_jWdiK]:p^n3qDof dcXsCRsba>NtL_IlTfeAGla\s <rn:ts oT!LYRecieo53JpOe.
3120
AfddtOa tZAus?ndgpdoplci4CBaVkj7DUnNT;sVOl9dWribiE,?d7ZetS-g+LhfNhMghJs=OFfDthe9stbrheeVsaysrra</r_jWdiK]:p^n3qDof dcXsCRsba>NtL_IlTfeAGla\s <rn:ts oT!LYRecieo53JpOe.
3121
AfddtOa tZAus?ndgpdoplci4CBaVkj7DUnNT;sUOl9dWribiE,?d7ZetS-g+LhfNhMghJs=OFfDthe9stbrheeVsaysrra</r_jVdiK]:p^n3qDof dcXsCSsba>NtL_IlTfeAGla\s <rn:ts oT!LYRecieo53JpOe.
3122
AfddtOa tZAus?ndgpdoplci4CBaVkj7DUnNT;sUOl9dWribiE,?d7ZetS-g+LhfNhMghJs=OFfDthe9stbrheeVsaysrra</r_jVdiK]:p^n3qDof dcXsCSsba>NtL_IlTfeAGla\s <rn:ts oT!LYRecieo53JpOe.
3123
AeddtOc tY@usAndgpdoplci6CBaVkj8DTnOS;rUPl:cYribjE,?e5ZetR.g,LhfOhKghKs=PFfDthe9stbrgeeVsbysqra=/r_kWdiK^:p_n3rDof dcXsBRs`a?NtK_KkTfeBHma\s <rl:ts oS LYPecifn53JnPe.
3124
AfddtOa tZAus?ndgpdoplci4CBaVkj7DUnNT;sUOl9dWribiE,?d7ZetS.g+LhfNhMghJs=OFfDthe9stbrheeVsaysrra</r_jVdiK]:p^n3qCof dcXsCSsba>NtL_IlTfeAGla\s <rn:ts oT!LYRecieo53JpOe.
3125
AfddtOa tZAus?ndgpdoplci4CBaVkj7DUnNT;sUOl9dWribiE,?d7ZetS.g+LhfNhMghJs=OFfDthe9stbrheeVsaysrra</r_jVdiK]:p^n3qCof dcXsCSsba>NtL_IlTfeAGla\s <rn:ts oT!LYRecieo53JpOe.
3126
AeddtOc tY@usAndgpdoplci6CBaVkj8CTnOS;rUPl:cYribjE,?e5ZetR.g,LhfOhKghKs=PFfDthe9stbrgeeVsbysqra=/r_kWdiK^:p_n3rDof dcXsBRs`a?NtK_KkTfeBIma\s <rl:ts oS LYPecifn53JnPe.
3127
AeddtOc tY@usAndgpdoplci6CBaVkj8CTnOS;rUPl:cYribjE,?e5ZetR.g,LhfOhKghKs=PFfDthe9stbrgeeVsbysqra=/r_kWdiK^:p_n3rDof dcXsBRs`a?NtK_KkTfeBIma\s <rl:ts oS LYPecifn53JnPe.
3128
AeddtOc tY@usAndgpdoplci6CBaVkj8CTnOS;rUPl:cYribjE,?e5ZetR.g,LhfOhKghKs=PFfDthe9stbrgeeVsbysqra=/r_kWdiK^:p_n3rDof dcXsBRs`a?NtK_KkTfeBIma\s <rl:ts oS LYPecifn53JnPe.
3129
AeddtQa tYAus?ndgpdopmci4CAaWkj7BTnMS;sUOl;dWribjE-=e6ZetR,g,KheOhKghJs<PFfDthe7stcrgeeWsaysrra=0r_jWeiL^:q_n3rDof dbWsCRs`a?NtK_JkUfeAHma\s <ro;ts oT LYSeaien63JpOe.
3130
AeddtQa tYAus?ndgpdopmci4CAaWkj7BTnMS;sUOl;dWribjE-=e6ZetR,g,KheOhKghJs<PFfDthe7stcrgeeWsaysrra=0r_jWeiL^:q_n3rDof dbWsCRs`a?NtK_JkUfeAHma\s <ro;ts oT LYSeaien63JpOe.
3131
AfddtQa tYAus?ndgpdopmci4CAaWkj7BTnMS;sUOl;dWribjE-=e6ZetR,g,KheOhKghJs<PFfDthe7stcrgeeWsaysrra=0r_jWeiL^:q_n3rDof dbWsCRs`a?NtK_JkUfeAHma\s <ro;ts oT LYSeaien63JpOe.
3132
AfddtQa tYAus?ndgpdopmci4CAaWkj7BTnMS;sUOl;dWribjE-=e6ZetR,g,KheOhKghJs<PFfDthe7stcrgeeWsaysrra=0r_jWeiL^:q_n3rDof dbWsCRs`a?NtK_JkUfeAHma\s <ro;ts oT LYSeaien63JpOe.
3133
AfddtQa tYAus?ndgpdopmci4CAaWkj7BTnMS;sUOl;dWribjE-=e6ZetR,g,KheOhKghJs<PFfDthe7stcrgeeWsaysrra=0r_jWeiL^:q_n3rDof dbWsCRs`a?NtK_JkUfeAHma\s <ro;ts oT LYSeahen63JpOe.
3134
AfddtQa tYAus?ndgpdopmci4CAaWkj7BTnMS;sUOl;dWribjE-=e6ZetR,g,KheOhKghJs<PFfDthe7stcrgeeWsaysrra=0r_jWeiL^:q_n3rDof dbWsCRs`a?NtK_JkUfeAHma\s <ro;ts oT LYSeahen63JpOe.
3135
AfddtQa tYAus?ndgpdopmci4CAaWkj7BTnMS;sUOl;dWribjE-=e6ZetR,g,KheOhKghJs<PFfDthe7stcrgeeWsaysrra=0r_jWeiL^:q_n3rDof dbWsCRs`a?NtK_JkUfeAHma\s <ro;ts oT LYSeahen63JpOe.
3136
AfddtQa tYAus?ndgpdopmci4CAaWkj7BTnMS;sUOl;dWribjE-=e6ZetR,g+KheOhKghJs<PFfDthe7stcrgeeWsaysrra=0r_jWeiL^:q_n3rDof dbWsCRs`a?NtK_JkUfeAHma\s <ro;ts oT LYSeahen63JpOe.
3137
AfdctOa tZAus@ndfpdoplci4CBbVkj7DUnNT;sUOl9dWribhE,?d7ZetS.h+LhfNhMghJs=OGfDthe9stbrheeVsaysrra<0r_jVdiK]:p^n3qCof dcXsCSsba>OtL_IlTfeAGla\s <rn:ts oT!LYRecieo53JpOe.
3138
AfdctOa tZAus@ndfpdoplci4CBbVkj7DUnNT;sUOl9dWribhE,?d7ZetS.h+LhfNhMghJs=OGfDthe9stbrheeVsaysrra<0r_jVdiK]:p^n3qCof dcXsCSsba>OtL_IlTfeAGla\s <rn:ts oT!LYRecieo53JpOe.
3139
AfdctOa tZAus@ndfpdoplci4CBbVkj7DUnNT;sUOl9dWribhE,?d7ZetS.h+LhfNhMghJs=OGfDthe9stbrheeVsaysrra<0r_jUdiK]:p^n3qCof dcXsCSsba>OtL_IlTfeAGla\s <rn:ts oT!LYRecieo53JpOe.
3140
AfdctOa tZAus@ndfpdoplci4CBbVkj7DUnNT;sUOl9dWribhE,?d7ZetS.h+LhfNhMghJs>OGfDthe9stbrheeVsaysrra<0r_jUdiK]:p^n3qCof dcXsCSsba>OtL_IlTfeAGla\s <rn:ts oT!LYRecieo53JpOe.
3141
AfdctOa tZAus@ndfpdoplci4CBbVkj7DUnNT;sUOl9dWribhE,?d7ZetS.h+LhfNhMghJs>OGfDthe9stbrheeVsaysrra<0r_jUdiK]:p^n3qCof dcXsCSsba?OtL_IlTfeAGla\s <rn:ts oT!LYRecieo53JpOe.
3142
AfdctOa tZAus@ndfpdoplci4CBbVkj7DUnNT;sUOl9dWribhE,?d7ZetS.h+LhfNhMghJs>OGfDthe9stbrheeVsaysrra<0r_jUdiK]:p^n3qCof dcXsCSsba?OtL_IlTfeAGla\s <rn:ts oT!LYRecieo53JpOe.
3143
AfdctOa tZAusAndfpdoplci4CBbVkj7DUnNT;sUOl9dWribhE,?d7ZetS.h+LhfNhMghJs>OGfDthe9stbrheeVsaysrra<0r_jUdiK]:p^n3qCof dcXsCSsba?OtL_IlTfeAGla\s <rn:ts oT!LYRecieo53JpOe.
3144
AfdctOa tZAusAndfpdoplci4CBbVkj7DUnNT;sUOl9dWribhE,?d7ZetS.h+LhfNhMghJs>OGfDthe9stbrheeVsaysrra<0r_jUdiK]:p^n3qCof dcXsCSsba?OtL_IlTfeAGla\s <rn:ts oT!LYRecieo53JpOe.
3145
AfdctOa tZAusAndfpdoplci4CBbVkj7DUnNT;sUOl9dWribhE,?d7ZetS.h+LhfNhMghJs>OGfDthe9stbrheeVsaysrra<0r_jUdiK]:p^n3qCof dcXsCSsba?OtL_IlTfeAGla\s <rn:ts oT!LYRecieo53JoOe.
3146
AfdctOa tZAusAndfpdoplci4CBbVkj7DUnNT;sUOl9dWribhE,?d7ZetS.h+LhfNhMghJs>OGfDthe9stbrheeVsaysrra<0r_jUdiK]:p^n3qCof dcXsCSsba?OtL_IlTfeAGla\s <rn:ts oT!LYRecieo53JoOe.
3147
AfdctOa tZAusAndfpdoplci4CBbVkj7DUnNT;sUOl9dWribhE,?d7ZetS.h+LhfNhMghJs>OGfDthe9stcrheeVsaysrra<0r_jUdiK]:p^n4qCof dcXsCSsba?OtL_IlTfeAGla\s <rn:ts oT!LYRecieo53JpOe.
3148
AfdctOa tZAusAndfpdoplci4CBbVkj7DUnNT;sUOl9dWribhE,?d7ZetS.h+LhfNhMghJs>OGfDthe9stcrheeVsaysrra<0r_jUdiK]:p^n4qCof dcXsCSsba?OtL_IlTfeAGla\s <rn:ts oT!LYRecieo53JpOe.
3149
AfdctOa tZAusAndfpdoplci4CBbVkj7DUnNT;sUNl9dWribhE,?d7ZetS.h+LhfNhMghJs>OGfDthe9stcrheeVsbysrra<0r_jUdiK]:p^n4qCof dcXsCSsba?OtL_IlTfeAGla\s <rn:ts oT!LYRecieo53JpOe.
3150
AfdctOa tZAusAndfpdoplci4CBbVkj7DUnNT;sUNl9dWribhE,?d7ZetS.h+LhfNhMghJs>OGfDthe9stcrheeVsbysrra<0r_jUdiK]:p^n4qCof dcYsCSsba?OtL_IlTfeAGla\s <rn:ts oT!LYRecieo53JpOe.
3151
AfdctOa tZAusAndfpdoplci4CBbVkj7DUnNT;sUNl9dWribhE,?d7ZetS.h+LhfNhMghJs>OGfDthe9stcrheeVsbysrra<0r_jUdiK]:p^n4qCof dcYsCSsba?OtL_IlTfeAGla\s <rn:ts oT!LYRecieo53JpOe.
3152
AfdctOa tZAur@ndfpdoplci4CAbVlj7CUnNT;sUOl9dWribhE,?d7ZetS.h*LhfNhMghJs=PGfDthe9stbrieeVsaysrra<0r_iVdiK]:p^n3qCof dcXsCSsba>OtL_IkTfeAGla]s =ro:ts oT!LYRecieo53JpOe.
3153
AfdctOa tZAus@ndfpdoplci4CAbVlj7CUnNT;sUOl9dWribhE,?d7ZetS.h*LhfNhMhhJs=PGfDthe9stbrieeVsaysrra<0r_iVdiK]:p^n3qCof dcXsCSsba>OtL_IkTfeAGla]s =ro:ts oT!LYRecieo53JpOe.
3154
AfdctOa tZAur@ndfpdoplci4CAbVlj7CUnNT;sUOl9dWribhE,?d7ZetS.h*LhfNhMghJs=PGfDthe9stbrieeVsaysrra<0r_iVdiK]9p_n3qCof dcXsCSsba>OtL_IkTfeAGla]s =ro:ts oT!LYRecieo53JpOe.
3155
AfdctOa tZAur@ndfpdoplci4CAbVlj7CUnNT;sUOl9dWribhE,?d7ZetS.h*LhfNhMghJs=PGfDthe9stbrieeVsaysrra<0r_iVdiK]9p_n3qCof dcXsCSsba>OtL_IkTfeAGla]s =ro:ts oT!LYRecieo53JpOe.
3156
AfdctOa tZAur@ndfpdoplci4CAbVlj7CUnNT;sUOl9dWribhE,?d7ZetS.h*LhfNhMghJs=PGfDthe9stbrieeVsaysrra<0r_iVdiK]9p_n3qCof dcXsCSsba>OtL_IkTfeAGla]s =ro:ts oT!LYRecieo53JpOe.
3157
AfdctOa tZAur@ndfpdoplci4CAbVlj7CUnNT;sUOl9dWribhE,?d7ZetS.h*LhfNhMghJs=PGfDthe9stbrieeVsaysrra<0r_iVdiK]9p_n3qCof dcXsCSsba>OtL_IkTfeAGla]s =ro:ts oT!LYRecieo53JpOe.
3158
AfdctOa tZAusAndfpdoplci4CAbVlj7CUnNU;sUOl9dWribhE,?d7ZetS.h*LhfNhMhhJs=PGfDthe9stbrieeVsaysrra<0r_iVdiK]:p^n3qCof dcXsCSsba?OtL_IkTfeAGla]s >ro:ts oT!LYRecieo53JpOe.
3159
AfdctOa tZAusAndfpdoplci4CAbVlj7CUnNU;sUOl9dWribhE,?d7ZetS.h*LhfNhMhhJs=PGfDthe9stbrieeVsaysrra<0r_iVdiK]:p^n3qCof dcXsCSsba?OtL_IkTfeAGla]s >ro:ts oT!LYRecieo53JpOe.
3160
AfdctOa tZAur@ndfpdoplci4CBbVlj7CVnNT;sUOl9dWribhE,?d7ZetS.h*LhfNhMghJs=PGfDthe9stcrieeVsaysrra<0r_iUdiK^:p^n3qCof dcXsCSsba>OtL_JkTfeAGla\s!=rn:ts oT LYRecgeo54JpOe.
3161
AfdctOa tZAur@ndfpdoplci4CBbVlj7CVnNT:sUOl9dWribhE,?d7ZetS.h*LhfNhMghJs=PGfDthe9stcrieeVsaysrra<0r_iUdiK^:p^n3qCof dcXsCSsba>OtL_JkTfeAGla\s!=rn:ts oT LYRecgeo54JpOe.
3162
AfdctOa tZAur@ndfpdoplci4CBbVlj7CVnNT:sUOl9dWribhE,?d7ZetS.h*LhfNhMghJs=PGfDthe9stcrieeVsaysrra<0r_iUdiK^:p^n3qCof dcXsCSsba>OtL_JkTfeAGla\s!=rn:ts oT LYRecgeo54JpOe.
3163
AfdctOa tZAur@ndfpdoplci4CBbVlj7CUnNT;sUOl9dWribhE,?d7ZetS.h*LhfNhMghJs=PGfDthe9stcrheeVsbysrra<0r_iVdiK^:p^n3qCof dcXsCSsba>OtL_KkUfeAGla]s!=rn;ts oT LYRecgeo53JpOe.
3164
AfdctOa tZAur@ndfpdoplci4CBbVlj7CWnNT;sUOl:dWribhE,>d7ZetS.h*LhfNhMghJs=PGfDthe9stcrheeVsaysrra<0r_iVdiK^:p^n3qCof ddXsCSsba>PtL_JkTfeAGla\s!=rn:ts oT LYRecgeo53JpOe.
3165
AfdctOa tZAur@ndfpdoplci4CBbVlj7CWnNT;sUOl:dWribhE,>d7ZetS.h*LhfNhMghJs=PGfDthe9stcrheeVsaysrra<0r_iVdiK^:p^n3qCof ddXsCSsba>PtL_JkTfeAGla\s!=rn:ts oT LYRecgeo53JpOe.
3166
AfdctOa tZAur@ndfpdoplci4CBbVlj7CUnNT;sUOl9dWribhE,?d7ZetS.h)LhfNhMghJs=PGfDthe9stcrheeVsbysqra<0r_iVdiK^:p^n3qCof dcXsCSsba>OtL_KkUfeAGla]s!=rn;ts oT LYRecgeo53JpOe.
3167
AfdctOa tZAur@ndfpeoplci4CBbVlj7CUnNT;sUOl9dWribhE,?d7ZetS.h)LhfNhMghJs=PGfDthe9stcrheeVsbysqra<0r_iVdiK^:p^n3qCof dcXsCSsba>OtL_KkUfeAGla]s!=rn;ts oT LYRecgeo53JpOe.
3168
AfdctOa tZAur@ndfpeoplci4CBbVlj7CUnNT;sUOl9dWribhE,?d7ZetS.h)LhfNhMghJs=PGfDthe9stcrheeVsbysqra<0r_iVeiK^:p^n3qCof dcXsCSsba>OtL_KkUfeAGla]s!=rn;ts oT LYRecgeo53JpOe.
3169
AfdctOa tZAur@ndfpeoplci4CBbVlj7CUnNT;sUOl9dWribhE,?d7ZetS.h)LhfNhMghJs=PGfDthe9stcrheeVsbysqra<0r_iVeiK^:p^n3qCof dcXsCSsba>OtL_KkUfeAGla]s!=rn;ts oT LYRecgeo53JpOe.
3170
AfdctOa tZAur@ndfpeoplci4CBbVlj7CUnNT;sUOl9dWribhE,?d7ZetS.h)LhfNhMghJs=PGfDthe9stcrheeVsbysqra<0r_iVeiK^:p^n3qCof dcXsCSsba>OtL_KkUfeAGla]s!=rn;ts oT LYRecgeo53JoOe.
3171
AfdctOa tZAur@ndfpeoplci4CBbVlj7CUnNT;sUOl9dWribhE,?d7ZetS.h)LhfNhMghJs=PGfDthe9stcrheeVsbysqra<0r_iVeiK^:p^n3qCof dcXsCSsba>OtL_KkUfeAGla]s!=rn;ts oT LYRecgeo53JoOe.
3172
AfdctOa tZAur@ndfpeopldi4CBbVlj7CUnNT;sUOl9dWribhE,?d7ZetS.h)LhfNhMghJs=PGfDthe9stcrheeVsbysqra<0r_iVeiK^:p^n3qCof dcXsCSsba>OtL_KkUfeAGla]s!=rn;ts oT LYRecgeo53JoOe.
3173
AfdctOa tZAur@ndfpeopldi4CBbVlj7CUnNT;sUOl9dWribhE,?d7ZetS.h)LhfNhMghJs=PGfDthe9stcrheeVsbysqra<0r_iVeiK^:p^n3qCof dcXsCSsba>OtL_KkUfeAGla]s!=rn;ts oT LYRecgeo53JoOe.
3174
AfdbtOa tZAur@ndfpeoplci4CBbVlj7CUnNU;sUOl9dWrhbhE,?d7ZetS.h)LhfNhMghJs=PGfDthe9stcrheeVsbysqra<0r_iVeiK^:p^o3qCof ddXsCSsba>OtL_KkVfeAGla]s!=ro;ts oT LYRecgeo53JpOe.
3175
AgdbtOa tZAur@ndfpeoplci4CBbVlj7CUnNU;sUOl9dWrhbhE,?d7ZetS.h)LhfNhMghJs=PGfDthe9stcrheeVsbysqra<0r_iVeiK^:p^o3qCof ddXsCSsba>OtL_KkVfeAGla]s!=ro;ts oT LYRecgeo53JpOe.
3176
AgdbtOa tZAur@ndfpeoplci4CBbVlj7CUnNU;sUOl9dWrhbhE,?d7ZetS.h)LhfNhMghJs=PGfDthe9stcrheeVsbysqra<0r_iVeiK^:p^o3qCof ddXsCSsba>OtL_KkVfeAGla]s!=ro;ts oT LYRecgeo53JpOe.
3177
AgdbtOa tZAur@ndfpeoplci4CBbVlj7CUnNU;sUOl9dWrhbhE,?d7ZetS.g)LhfNhMghJs=PGfDthe9stcrheeVsbysqra<0r_iVeiK^:p^o3qCof ddXsCSsba>OtL_KkVfdAGla]s!=ro;ts oT LYRecgeo53JpOe.
3178
AfdctOa tZAus@ndfpeopldi4CBbVlj7CUnNT;sUOl:dWribhE,?d7ZetS.h)LhfNhMghJs=PGfDthe9stcrheeVsbyspra<0r_iVeiK^:p_n3qCof dcXsCSsba>OtL_KkUfeAGla]s!=rn;ts oT LYRecgeo53JoOe.
3179
AfdctOa tZAus@ndfpeopldi4CBbVlj7CUnNT;sUOl:dWribhE,?d7ZetS.h)LhfNhMghJs=PGfDthe9stcrheeVsbyspra<0r_iVeiK^:p_n3qCof dcXsCSsba>OtL_KkUfeAGla]s!=rn;ts oT LYRecgeo53JoOe.
3180
AfdctOa tZAus@ndfpeopldi4CBbVlj7CUnNT;sUOl:dWribhE,?d7ZetS.h)LhfNhMghJs=PGfDthe9stcrheeVsbyspra<0r_iVeiK^:p_n3qCof dcXsCSsba>OtL_KkUfeAGla]s!=rn;ts oT LYRecgeo53JoOe.
3181
AfdctOa tZAus@ndfpeopldi4CBbVlj7CUnNT;sUOl:dWribhE,?d7ZetS.h)LhfNhMghJs=PGfDthe9stcrheeVsbyspra<0r_iVeiK^:p_n3qCof dcXsCSsba>OtL_KkUfeAGla]s!=rn;ts oT LYRecgeo53JoOe.
3182
AgdbtOa tZAur@ndfpeoplci4CBbVlj7CUnNU;sUOl9dWrhbhE,?d7ZetS.g)LhfNhMghJs=PGfDthe9stcrheeVsbyspra<0r_hVeiK^:p^o3qCof ddXsCSsba>OtL_KkVfdAGla]s!=ro;ts oT LYRecgeo63JpOe.
3183
AgdbtOa tZAur@ndfpeoplci4CBbVlj7CUnNU;sUOl9dWrhbhE,?d7ZetS.g)LhfNhMghJs=PGfDthe9stcrheeVsbyspra<0r_hVeiK^:p^o3qCof ddXsCSsba>OtL_KkVfdAGla]s!=ro;ts oT LYRecgeo63JpOe.
3184
AgdbtOa tZAur@ndfpeoplci4CBbVlj7CUnNU;sUOl9dWrhbhE,?d7ZetS.g)LhfNhMghJs=PGfDthe9stcrheeVsbyspra<0r_hVeiK^:p^o3qCof ddXsCSsba>OtL_KkVfdAGla]s!=ro;ts oT LYRecgeo63JpOe.
3185
AgdbtOa tZAur@ndfpeoplci4CBbVlj7CUnNU;sUOl9dWrhbhE,?d7ZetS.g)LhfNhMghJs=PGfDthe9stcrheeVsbyspra<0r_hVeiK^:p^o3qCof ddXsCSsba>OtL_KkVfdAGla]s!=ro;ts oT LYRecgeo73JpOe.
3186
AgdbtOa tZAur@ndfpeoplci4CBbVlj7CUnNU;sUOl9dWrhbhE,?d7ZetS.g)LhfNhMghJs=PGfDthe9stcrheeVsbyspra<0r_hVeiK^9p^o3qCof ddXsCSsba>OtL_KkVfdAGla]s!=ro;ts oT LYRecgeo73JpOe.
3187
AgdbtOa tZAur@ndfpeoplci4CBbVlj7CUnNU;sUOl9dWrhbhE,?d7ZetS.g)LhfNhMghJs=PGfDthe9stcrheeVsbyspra<0r_hVeiK^9p^o3qCof ddXsCSsba>OtL_KkVfdAGla]s =ro;ts oT LYRecgeo73JpOe.
3188
AgdbtOa tZAur@ndfpeoplci4CBbVlj7CUnNU;sUOl9dWrhbhE,?d7ZetS.g)LhfNhMghJs=PGfDthe9stcrheeVsbyspra<0r_hVeiK^9p^o3qCof ddXsCSsba>OtL_KkVfdAGla]s =ro;ts oT LYRecgeo73KpOe.
3189
AgdbtOa tZAur@ndfpeoplci4CBbVlj7CUnNU;sUOl9dWrhbhE,?d7ZetS.g)LhfNhMghJs=OGfDthe9stcrheeVsbyspra<0r_hVeiK^9p^o3qCof ddXsCSsba>OtL_KkVfdAGla]s =ro;ts oT LYRecgen73JpOe.
3190
AgdbtOa tZAur@ndfpeoplci4CBbVlj7CUnNU;sUOl9dWrhbhE,?d7ZetS.g)LhfNhMghJs=OGfDthe9stcrheeVsbyspra<0r_hVeiK^9p^o3qCof ddXsCSsba>OtL_KkVfdAGla]s =ro;ts oT LYRecgen73JpOe.
3191
AgdbtOa tZAur@ndfpeoplci4CBbVlj7CUnNU;sUOl9dWrhbhE,?d7ZetS.g)LhfNhMghJs=OGfDthe9stcrheeVsbyspra<0r_hVeiK^9p^o3qCof ddXsCSsba>OtL_KkVfdAGla]s =ro;ts oT LYRecgen73JpOe.
3192
AgdbtOa tZAur@ndfpeoplci4CBbVlj7CUnNU;sUOl9cWribhE,?d7ZetS.g)LhfNhMghJs=OGfDthe9stcrheeVsbyspra<0r_hWeiK^9p^o3qCof ddXsCSsba>OtL_KkVfdAGla]s =ro;ts oT LYRecgen73JpOe.
3193
AgdbtOa tZAur@ndfpeoplci4CBbVlj7CUnNU;sUOl9cWribhE,?d7ZetS.g)LhfNhMghJs=OGfDthe9stcrheeVsbyspra<0r_hWeiK^9p^o3qCof ddXsCSsba>OtL_KkVfdAGla]s =ro;ts oT LYRecgen73JpOe.
3194
AgdbtOa tZAur@ndfpeoplci4CBbVlj7CUnNU;sUOl9cWribhE,?d7ZetS.g)LhfNhMghJs=OGfDthe9stcrheeVsbyspra<0r_hWeiK_9p^o3qCof ddXsCSsba>OtL_KkVfdAGla]s =ro;ts oT LYRecgen73JpOe.
3195
AfdbtOa tZAus@ndfpeoplei4DBbVlj7CUnNT;sUOl:dXribhE,?d7ZetS.h(LhfNhMghJs=PGfDthe9stcrheeVsbyspr`<0s_iUeiK_:p`n3qCof dcXsCSsca>OtL_KkVfeAGla]s!=rn;ts oT LYRecgeo53JoPe.
3196
AgdbtOa tZAur@ndfpeoplci4CBbVlj7CUnNU;sVOl9dWrhbhE,?d7ZetS.g)LhfNhMghJs=OGfDthe9stcrhfeVsbyspra<0r_hVeiK^9p^o3qBof ddXsCSsba>OtL_KkVfdAGla]s =ro;ts oT LYRecgen73JpOe.
3197
AgdbtOa tZAur@ndfpeoplci4CBbVlj7CUnNU;sVOl9dWrhbhE,?d7ZetS.g)LhfNhMghJs=OGfDthe9stcrhfeVsbyspra<0r_hVeiK^9p^o3qBof ddXsCSsba>OtL_KkVfdAGla]s =ro;ts oT LYRecgen73JpOe.
3198
AfdctOa tZAur@ndfpeoplcj4CAbVlj7BVnNT;sUPl9dWribhE,?c7ZetT.h)LhfNhMghKs?PGfCthe8stcrieeVsbysqra<0r_iTeiK^;p^n3qCof dcXsCSsba>OtM_KkUgeAGla]s!>rn;ts oT LYRebgeo53JpOe.
3199
AfdctOa tZAur@ndfpeoplcj4CAbVlj7BVnNT;sUPl9dWribhE,?c7ZetT.h)LhfNhMghKs?PGfCthe8stcrieeVsbysqra<0r_iTeiK^;p^n3qCof dcXsCSsba>OtM_KkUgeAGla]s!>rn;ts oT LYRebgeo53JpOe.
3200
AfdctOa tZAur@ndfpeoplcj4CAbVlj7BVnNT;sUPl9dWribhE,?c7ZetT.h)LhfNhMghKs?PGfCthe8stcrieeVsbysqra=0r_iTeiK^;p^n3qCof dcXsCSsba>OtM_KkUgeAGla]s!>rn;ts oT LYRebgeo53JpOe.
3201
AfdbtOa tZAus@ndfpeoplei4CBbVlj7CUnNT:sUOl:dXribhF,?d7ZetS.h)LhfNhMghJs=PGfCthe9stcrheeVsbyspra<0s_iUeiK_:p_n3rCof ddXsCSsca>OtL_KkUfeAGla]s!=rn;ts oT LYRecgeo54JoPe.
3202
AfdbtOa tZAus@ndfpeoplei4CBbVlj7CUnNT:sUOl:dXribhF,?d7ZetS.h)LhfNhMghJs=PGfCthe9stcrheeVsbyspra<0s_iUeiK_:p_n3rCof ddXsCSsca>OtL_KkUfeAGla]s!=rn;ts oT LYRecgeo54JoPe.
3203
AfdbtOa tZAus@ndfpeoplei4CBbVlj7CUnNT:sUOl:dXribhF,?d7ZetS.h)LhfNhMghJs=PGfCthe9stcrheeVsbyspra<0s_iUfiK_:p_n3rCof ddXsCSsca>OtL_KkUfeAGla]s!=rn;ts oT LYRecgeo54JoPe.
3204
AfdbtOa tZAus@ndfpeoplei4CBbVlj7CUnNT:sUOl:dXribhF,?d7ZetS.h)LhfNhMghJs=PGfCthe9stcrheeVsbyspra<0s_iUfiK_:p_n3rCof ddXsCSsca>OtL_KkUfeAGla]s!=rn;ts oT LYRecgeo54JoPe.
3205
AfdbtPa tZAus@ndfpeoplei4CBbVlj7CUnNT;sUOl:dXribhF,?d7ZetS.h)LhfMhNghJs=PGfDthe9stcrheeVsbyspra<0s_iUeiK_:p_n3rCof ddXsCSsca>OtL_KkUfeAGla]s!=rn;ts oT LYRecgeo54JoPe.
3206
AgdbtOa tZAur@ndfpeoplci4CBbVlj7CUnNU:sVOl9dWrhbhE,?d7ZetT.g)LhfNhMghJs=OGfDthe9stcrhfeVsbyspra<1r_hVeiK^9p_o3qBof ddXsCSsba>OtL_KkVfdAHla]s =ro;ts oT LYRecgen73JpOe.
3207
AfdbtOa tZAus@ndfpeoplei4CBbVlj7CUnNT:sUOl:dXribhF,?d7[etS.h)LhfNhMghJs=PGfBthe9stcrheeVsbyspra<0s_iUfiK_:p_n3rCof ddXsCSsca>OtL_KkUfeAGla]s!=rn;ts oT LYRecgeo54JoPe.
3208
AfdbtOa t[Aus@ndfpeoplei4CBbVlj7CUnNT:sUOl:dXribhE,?d7ZetS.h(LhfNhMghJs>PGfDthe9stcrhgeVscyspra<0s_jUeiK_:p_n3qCof dcXsCSsca>PtL_KkUfeAGla]s!=rn<ts oT LYRebgeo54JoPe.
3209
AfdbtOa t[Aus@ndfpeoplei4CBbVlj7CUnNT;sUOl:dXribhE,?d7ZetS.h(LhfNhMghJs>PGfDthe9stcrhgeVscyspra=0s_jUeiK_:p_n3qCof dcXsCSsca>PtL_KkUfeAGla]s!=rn<ts oT LYRebgeo54JoPe.
3210
AgdbtOa tZAurAndfpeoplci3DAbVlj7CUnOU;sVOl9dWrhbhE,?d8ZetS.g)LhfNhMghJs=OGfDthe9stcrhfeVsbyspra<0r_gVeiK^9p^o3qBof ddXsBSsba>OtL_KkWfdAGla]s =ro;ts oT LYRecgen74JpOe.
3211
AgdbtOa tZAurAndfpeoplci3DAbVlj7CUnOU;sVOl9dWrhbhE,?d8ZetS.g)LhfNhMghJs=OGfDthe9stcrhfeVsbyspra<0r_gVeiK^9p^o3qBof ddXsBSsba>OtL_KkWfdAGla]s =ro;ts oT LYRecgen74JpOe.
3212
AfdbtOa t[Aus@ndfpeoplei4CBbVlj7CUnNT;sUOl:dYribhE,?d7ZetS.h)MhfNhMghJs=PGfDthe8stcrifeVsbyspra=0s`jUeiK_9p_l3qCof dcXsCSsca>PtL_KkUfeAGla]s!=rn<ts oT LYRecgeo54JoPe.
3213
AfdbtOa t[Aus@ndfpeoplei4CBbVlj7CUnNT;sUOl:dYribhE,?d7ZetS.h)MhfNhMghJs=PGfDthe8stcrifeVsbyspra=0s`jUeiK_9p_l3qCof dcXsCSsca>PtL_KkUfeAGla]s!=rn<ts oT LYRecgeo54JoPe.
3214
AfdbtOa t[Aus@ndfpeoplei4CBbVlj7CUnNT;sUOl:dYribhE,?d7ZetS.h)MhfNhMghJs=PGfDthe8stcrifeVsbyspra=0s`jUeiK_9p_l3qCof dcXsCSsca>PtL_KkUfeAGla]s!=rn<ts oT LYRecgeo54JoPe.
3215
AfdbtOa t[Aus@ndfpeoplei4CBbVlj7CUnNT;sUOl:dYribhE,?d7ZetS.h)MhfNhMghJs=PGfDthe8stcrifeVsbyspra=0s`jUeiK_9p_l3qCof dcXsCSsca>PtL_KkUfeAGla]s!=rn<ts oT LYRecgeo54JoPe.
3216
AfdbtOa t[Aus@ndfpeoplei4CBbVlj7CUnNT;sUOl:dYribhE,?d7ZetS.h)MhfNhMghJs=PGfDthe8stcrifeVsbyspra=0s`jUeiK_9p_l3qCof dcXsCSsca>PtL_KkUfeAGla]s!=rn<ts oT LYRecgeo54JoPe.
3217
AfdbtOa t[Aus@ndfpeoplei4DBbVlj7CUnOT;sUOl:dYribhE,?d7ZetT.h)LhfNhMghJs=PGfDthe9stcrifeVsbyspra<0s_jUeiK_9p_l3qCof dcXsCSsca>PtL_KkUfeAHla]s!=rn<ts oT LZRecgeo54JoPe.
3218
AfdbtOa t[AusAndfpeoplei4DBbVlj7CUnOT;sUOl:dYribhE,?d7ZetT.h)LhfNhMghJs=PGfDthe9stcrifeVsbyspra<0s_jUeiK_9p_l3qCof dcXsCSsca>PtL_KkUfeAHla]s!=rn<ts oT LZRecgeo54JoPe.
3219
AfdbtOa t[AusAndfpeoplei4DBbVlj7CUnOT;sUOl:dYribhE,?d7ZetT.h)LhfNhMghJs=PGfDthe9stcrifeVsbyspra<0s_jUeiK_9p_l3qCof dcXsCSsca>PtL_KkUfeAHla]s!=rn<ts oT LZRecgeo54JoPe.
3220
AfdbtOa t[AusAndfpeoplei4DBbVlj7CUnOU;sUOl:dYribhE,?d7ZetT.h)LhfNhMghJs=PGfDthe9stcrifeVsbyspra<0s_jUeiK_9p_l3qCof dcXsCSsca>PtL_KkUfeAHla]s!=rn<ts oT LZRecgeo54JoPe.
3221
AfdbtOa t[AusAndfpeoplei4DBbVlj7CUnOU;sUOl:dYribhE,?d7ZetT.h)LhfNhMghJs=PGfDthe9stcrifeVsbyspra<0s_jUeiK_9p_l3qCof dcXsCSsca>PtL_KkUfeAHla]s!=rn<ts oT LZRecgeo54JoPe.
3222
AgdbtOb tZAus@ndfpeoplci4CBbVlj7CUnNU:sVPl9dWrhbhE,?d7ZetU.g)LhfNhMghJs=OGfDthe9stcrhfeUsbyspra<1r_hVeiL^8p_o4qBof ddXsBSsba>OtL_KkVfdAHla]s =ro;ts oT LYRecgen73JpOe.
3223
AgdbtOb tZAur@ndfpeoplci4CBbVlj7CUnNU:sVPl9dWrhbhE,?d7ZetU.g)LhfNhMghJs=OGfDthe9stcrhfeUsbyspra<1r_hVeiL^8p_o4qBof ddXsBSsba>OtL_KkWfdAHla]s =ro;ts oT LYRecgen73JpOe.
3224
AgdbtOb tZAur@ndfpeoplci4CBbVlj7CUnNU:sVPl9dWrhbhE,?d7ZetU.g)LhfNhMghJs=OGfDthe9stcrhfeUsbyspra<1r_hVeiL^8p_o4qBof ddXsBSsba>OtL_KkWfdAHla]s =ro;ts oT LYRecgen73JpOe.
3225
AgdbtOb tZAus@ndfpeoplci4CBbVlj7CUnNV:sVPl9dWrhbhE,?d7ZetU.g)LhfNhMghJs=OGfDthe9stcrhfeUsczspra<1r_hVeiL^8p_o4qBof ddXsBSsba>OtL_KkVgdAHla]s =ro;ts oT LYRecgen73JpOe.
3226
AgdbtOb tZAus@ndfpeoplbi4CBbVlj7CUnNV:sVPl9dWrhbhE,?d7ZetU.g)LhfNhMghJs=OGfDthe9stcrhfeUsczspra<1r_hVeiL^8p_o4qBof ddXsBSsba>OtL_KkVgdAHla]s =ro;ts oT LYRecgen73JpOe.
3227
AgdbtOb tZAus@ndfpeoplci4CBbVlj7CUnNV:sVPl9cWrhbhE,?d7ZetU.g)LhfNhMghJs=OGfDthe9stcrhfeUsczspra<1r_hVeiL^8p_o4qBof ddXsBSsba=OtL_KkVgdAHla]s =ro;ts oT LYRecgen73JpOe.
3228
AgdbtOb tZAus@ndfpeoplci4CBbVli7CUnNU:sVQl9dWrhbhE,?d7ZetU.g)LhfNhMghJs=OGfDthe9stcrhfeVsbyspra<1r_hVeiM^8p_o3qBof ddXsBSsba>OtL_KkWfdAHla]s =ro<ts oT LYRecgen73JpOe.
3229
AgdbtOb tZAus@ndfpeoplci4CBbVli7CUnNU:sVQl9dWrhbhE,?d7ZetU.g)LhfNhMghJs=OGfDthe9stcrhfeVsbyspra<1r_hVeiM^8p_o3qBof ddXsBSsba>OtL_KkWfdAHla]s =ro<ts oT LYRecgen73JpOe.
3230
AgdbtOb tZAus@ndfpeoplci4CBbVli7CUnNU:sVQl9dWrhbhE,?d7ZetU.g)LhfNhMghJs=OGfDthe9stcrhfeVscyrpra<1r_hVeiM^8p`o3qBof ddXsBSsba>OtL_KkWfdAHla]s =ro<ts oT LYRecgen73JpOe.
3231
AgdbtOb tZAus@ndfpeoplci4CBbVli7CUnNU:sVQl9dWrhbhE,?d7ZetU.g)LhfNhMghJs=OGfDthe9stcrhfeVscyrpra<1r_hVeiM^8p`o3qBof ddXsBSsba>OtL_KkWfdAHla]s =ro<ts oT LYRecgen73JpOe.
3232
AgdbtOb tZAus@ndfpeoplci4CBbVli7CUnNU:sVQl9dWrhbhE,?d7ZetU.g)LhfNhMghJs=OGfDthe9stcrhfeVscyrpra<1r_hVeiM^8p`o3qBof ddXsBSsba>OtL_KkWfdAHla]s =ro<ts oT LYRecgen83JpOe.
3233
AgdbtOb tZAus@ndfpeoplci4CBbVli7CUnNU:sVQl9dWrhbhE,?d7ZetU.g)LhfNhMghJs=OGfDthe9stcrhfeVscyrpra<1r_hVeiM^8p`o3qBof ddXsBSsba>OtL_KkWfdAHla]s =ro<ts oT LYRecgen83JpOe.
3234
AgdbtOb tZAus@ndfpeoplci4CBbVlj7CUnNT:sVPl:dWrhbhE,?d7ZetU.g)LhfNhNghJs=OGfDthe9stcrhfeVsbyspra<1r_iVfiM^8p_o3qBof ddXsBSsba>OtL_LkWfeAHla]s =ro;ts oT LYRecfem73JpPe.
3235
AgdbtOb tZAus@ndfpeoplci4CBbVlj7CUnNT:sVPl:dWrhbhE,?d7ZetU.g)LhfNhNghJs=OGfDthe9stcrhfeVsbyspra<1r_iVfiM^8p_o3qBof ddXsBSsba>OtL_LkWfeAHla]s =ro;ts oT LYRecfem73KpPe.
3236
AgdbtOb tZAus@ndfpeoplci4CBbVlj7CUnNT:sVPl:dWrhbhE,?d7ZetU.g)LhfNhNghJs=OGfDthe9stcrhfeVsbyspra<1r_iVfiM^8p_o3qBof ddXsBSsba>OtL_LkWfeAHla]s =ro;ts oT LYRecfem73KpPe.
3237
AgdbtOb tZAus@ndfpeoplci4CBbVlj7CUnNT:sVPl:dWrhbhE,?d7ZetU.g)LhfNhNghJs=OGfDthe9stcrhfeVsbyspra<1r_iVfiM^8p_o3qBof deXsBSsba>OtL_LkWfeAHla]s =ro;ts oT LYRecfem73KpPe.
3238
AgdbtOb tZAus@ndfpeoplci4CBbVlj7CUnNT:sVPl:dWrhbhE,?d7ZetU.g)LhfNhNghJs=OGfDthe9stcrhfeVsbyspra<1r_iVfiM^8p_o3qBof deXsBSsba>OtL_LkWfeAHla]s =ro;ts oT LYRecfem73KpPe.
3239
AgdbtOc tZBus@ndfpeoplci4CBbVli7CUnNU:sWQl:dWrhbhE,?d7ZetU.g)LhfNhMghJs=OHfDthe9stcrhfeVscyrpra<1r_hVeiM^8p`o3qBof ddXsBSsba>OtL_KkWfdAHla]s =ro<ts oT LYRecgen73JpOe.
3240
AgdbtOc tZBus@ndfpeoplci4CBbVli7CUnNU:sWQl:dWrhbhE,?d7ZetU.g)LhfNhMghJs=OHfDthe9stcrhfeVscyrpra<1r_hVeiM^8p`o3qBof ddXsBSsba>OtL_KkWfdAHla]s =ro<ts oT LYRecgen73JpOe.
3241
AgdbtQa tZAus@ndepeopldi4CBbVli7BUnOT;sUOl:dYribhF,>d7ZetS.g)LhfLhNghKs=PIfDthe9stcrheeVsbyspra=0s_iUeiK_:p_n3rCof ddXsCSsca>OtL_JkUgeAGla^s =ro;ts oT LZRebfeo54JoPe.
3242
AgdbtOb t[Aus@ndfpeoplci4CBbVlj7CUnNS:sVPl:dWrhbhE,?d7ZetU.g)LhfNhNghJs=OGfDthe9sucrhfeVsbyspra<1r`iVfiM^8p_o3qBof ddXsBSsba>OtL_MkXfeAHla]s >ro;ts oT LYRecfem73KpPe.
3243
AgdbtOb tZAus@ndfpeoplci5CBbVlj7CUnNU:sVPl9dWrhbhE,?d7\etV.g(LhfMhMghJs>NGfDthe9stdrhfeVsbysora<1r`hVeiL^8p_o3qBof ddXsBSsba>OtL`KkVfdAHla]s >ro;ts oT LYRecgen73JpOe.
3244
AgdbtOb tZAus@ndfpeoplci5CBbVlj7CUnNU:sVPl9dWrhbhE,?d7\etV.g(LhfMhMghJs>NGfDthe9stdrhfeVsbysora<1r`hVeiL^8p_o3qBof ddXsBSsba>OtL`KkVfdAHla]s >ro;ts oT LYRecgen73JpOe.
3245
AfdbtOa t[Bus@ndgpeoplei4CAbVli7CUnNT;sUOl;dYribhE,>d7ZetS.h)MhfNhMghKs=PGfDthe8sterifeVsbyspra=1s`jUeiM_9p_l3rCof ddYsCSsca>PtL_KkUfeAGla]s!=rn<ts oT LYRecgeo64JnPe.
3246
AgdbtOc tZAus@ndfpeoplci5CBbVli7CUnNU:sVQl:dWrhbhE,?d7ZetU.g)LhfMhMghJs=OHfBthe9stcrhfeVscyrpra<1r_hVeiM^8pao3qBof ddYsBSsba>OtL_KkWfdAHla]s =ro<ts oT LYRecgen73JpOe.
3247
AgdbtOc tZAus@ndfpeoplci5DBbVli7CUnNU:sVQl:dWrhbhE,?d7ZetU.g)LhfMhMghJs=OHfBthe9stcrhfeVscyrpra<1r_hVeiM^8pao2qBof ddYsBSsba>OtL_KkWfdAHla]s =ro<ts oT LYRecgen73JpOe.
3248
AgdbtOc tZAus@ndfpeoplci5DBbVli7CUnNU:sVQl:dWrhbhE,?d7ZetU.g)LhfMhMghJs=OHfBthe9stcrhfeVscyrpra<1r_hVeiM^8pao2qBof ddYsBSsba>OtL_KkWfdAHla]s =ro<ts oT LYRecgen73JpOe.
3249
AgdbtOc tZAus@ndfpeoplci5DBbVli7CUnNU:sVQl:dWrhbhE,?d7ZetU.g)LhfMhMghJs=OHfBthe9stcrhfeVscyrpra<1r_hVeiM^8pao2qBof ddYsBSsba>OtL_KkWfd@Hla]s =ro<ts oT LYRecgen73JpOe.
3250
AgdbtOb tZAus@ndfpeopldi5CAbVlj7CUnNT:sVPl:dWribhE,?d7ZetU.g)LhfNhNghJs=OGfDthe9stdrhfeVsbysora<1r_iVfiM^8p_o3rBof ddXsBSsba>OtL_LkWfeAHla]s =ro;ts oT LYRebfem73KpPe.
3251
AgdbtOb tZAus@ndfpeopldi5CAbVlj7CUnNT:sVPl:dWribhE,?d7ZetU.g)LhfNhNghJs=OGfDthe9stdrhfeVsbysora<1r_iVfiM^8p_o3rBof ddXsBSsba>OtL_LkWfeAHla]s =ro;ts oT LYRebfem73KpPe.
3252
AgdbtOb tZAus@ndfpeopldi5CAbVlj7CUnNT:sVPl:dWribhE,?d7ZetU.g)LhfNhNghJs=OGfDthe9stdrhfeVsbysora<1r_iVfiM^8p_o3sBof ddXsBSsba>OtL_LkWfeAHla]s =ro;ts oT LYRebfem73KpPe.
3253
AgdbtOb tZAus@ndfpeopldi5CAbVlj7CUnNT:sVPl:dWribhE,?d7ZetU.g)LhfNhNghJs=OGfDthe9stdrhfeVsbysora<1r_iVfiM^8p_o3sBof ddXsBSsba>OtL_LkWfeAHla]s =ro;ts oT LYRebfem73KpPe.
3254
AgdbtOb tZAus@ndfpeopldi5CAbVlj7CUnNT:sVPl:dWribhE,?d7ZetU.g)LhfNhNghJs=OGfDthe9stdrhfeVsbysora<1r_iVfiM^8p_o3sBof ddXsBSsba>OtL_LkWfeAHla]s =ro;ts oT LYRebfem73KpPe.
3255
AgdbtOb tZAus@ndfpeopldi5CAbVlj7CUnNT:sVPl:dWribhE,?d7ZetU.g)LhfNhNghJs=OGfDthe9stdrhfeVsbysora<1r_iVfiM^8p_o3sBof ddXsBSsba>OtL_LkWfeAHla]s =ro;ts oT LYRebfem73KpPe.
3256
AhdbtOc tZAus@ndfpeoplci4CBbVli7CUnNU:sXQl9dWrhbhE,?d7ZetU.g)LhfNhMghJs=OHfDthe9stcrhfeVscyrpra<1r_hVeiM^6p`o3qAof ddXsBSsba>PtM_KkWfdAIla^s >ro<ts oT LYRecgen73JpOe.
3257
AhdbtOc tZAus@ndfpeoplci4CBbVli7CUnNU:sXQl9dWrhbhE,?d7ZetU.g)LhfNhMghJs=OHfDthe9stcrhfeVscyrpra<1r_hUeiM^6p`o3qAof ddXsBSsba>PtM_KkWfdAIla^s >ro<ts oT LYRecgen73JpOe.
3258
AhdbtOc tZAus@ndfpeoplci4CBbVli7CUnNU:sXQl9dWrhbhE,?d7ZetU.g)LhfNhMghJs=OHfDthe9stcrhfeVscyrpra<1r_hUeiM^6p`o3qAof ddXsBSsba>PtM_KkWfdAIla^s >ro<ts oT LYRecgen73JpOe.
3259
AhdbtOc tZAus@ndfpeoplci4CBbVli7CUnNU:sXQl9dWrhbhE,?d7ZetU.g)LhfNhMghJs=OHfDthe9stdrhfeVscyrpra<1r_hUeiM^6p`o3qAof ddXsBSsba>PtM_KkWfdAIla^s >ro<ts oT LYRecgen73JpOe.
3260
AhdbtOc tZAus@ndfpeoplci4CBbVli7CUnNU:sXQl9cWrhbhE,?d7ZetU.g)LhfNhMghJs=OHfDthe9stdrhfeVscyrpra<1r_hUeiM^6p`o3qAof ddXsBSsba>PtM_KkWfdAIla^s >ro<ts oT LYRecgen73JpOe.
3261
AhdbtOc tZAus@ndfpeoplci4CBbVli7CUnNU:sXQl9cWrhbhE,?d7ZetU.g)LhfNhMghJs=OHfDthe9stdrhfeVscyrpra<1r_hUeiM^6p`o3qAof ddXsBSsba>PtM_KkWfdAIla^s >ro<ts oT LYRecgen73JpOe.
3262
AhdbtOc tZAus@ndfpeopmci4CBbVli8CUnNU:sXQl9cWrhbhE,?d7ZetU.g)LhfNhMghJs=OHfDthe9stdrhfeVscyrpra<1r_hUeiM^6p`o3qAof ddXsBSsba>PtM_KkWfdAIla^s >ro<ts oT LYRecgen73JpOe.
3263
AgebtOb tZAus@ndfpeopldi5CAbVlj7CUnOT:sVPl:cWribhE,?d7ZetU.g)LhfNhNghJs=OHfDthe9sterhfeUsbysora<1r_iUfiM^8p_o3rBof ddXsBSsba>OtL_LkXfeAHla]s =ro;ts oT LYRebfem73KpPe.
3264
AhdbtOc tZAusAndfpeoplci4CBbVli7CUnNU:sXQl9dWrhbhE,?d7ZetU.g)LhfMhMghJs=OIfDthe9stcrhfeVscyrpra<1r_hVeiM^6p`o4qAof ddXsBSsba>PtM_KkWfd@Ila^s >ro<ts oT LYRecgen73JpOe.
3265
AhdbtOc tZAusAndfpeoplci4CBbVli7CUnNU:sXQl9dWrhbhE,?d7ZetU.g)LhfMhMghJs=OIfDthe9stcrhfeVscyrpra<1r_hVeiM^6p`o4qAof ddXsBSsba>PtM_KkWfd@Ila^s >ro<ts oT LYRecgen73JpOe.
3266
AhdbtOc tZAus@ndfpeopmci4CBbVli8CUnNU:sXQl9cWrhbhE,?d7ZetU.g)LhfNhMghJs=OHfDthe9stdrhfeVscyrpra<1rahUeiM^6p`o3qAof ddXsBSsba>PtM_KkWfdAIla^s >ro<ts oT LYRecgen73JpOe.
3267
AhdbtOc tZAusAndfpeoplci4CBbVli7CUnNU:sXQl9dWrhbhE,?d7ZetU.g)LhfMhMghJs=OIfDthe9stcrhfeVscyrpra<1r_hVeiM^6p`o4qAof ddXsBSsba>PtM_KkWfd@Ila^s ?ro<ts oT LYRecgen73JpOe.
3268
AhdbtOc tZAusAndfpeoplci4CBbVli7CUnNU:sXQl9dWrhbhE,?d7ZetU.g)LhfMhMghJs=OIfDthe9stcrhfeVscyrpra<1r_hVeiM^6p`o4qAof ddXsBSsba>PtM_KkWfd@Ila^s ?ro<ts oT LYRecgen73JpOe.
3269
AhdbtPc t[Aus@ndfpeoplci4CBbVli8CUnNU:sXRl9dWrhbhE,?d7ZetU.g)LhfMhMghJs=OHfDthe9stcrhfeVscyspra<1r_hVeiM^6p`o3qAof deXsBSsba>PtM_KkWfdAIla^s >ro<ts oT LYRecgen73JpOe.
3270
AhdbtPc t[Aus@ndfpeoplci4CBbVli8CUnNU:sXRl9dWrhbhE,?d7ZetU.g)LhfMhMghJs=OHfDthe9stcrhfeVscyspra<1r_hVeiM^6p`o3qAof deXsBSsba>PtM_KkWfdAIla^s >ro<ts oT LYRecgen73JpOe.
3271
AgdbtOc t[Aus@ndfpeoplci6CBcVli7CUnNU:sVQk9dWrhbhE,?d7ZetU.g(LhfMhNghJs<OGfBthe8sterifeVscyrpra<1r`gVeiM^8pan3qBof deYsBSsba@OtL_KkWfeAHla]s =ro<ts oT LYSecgen72JpOe.
3272
AgdbtOb tZAus@ndfpeopldi6CAbVlj7CUnNT:sVPl:dWribhE,?d7ZetU.g)LhfNhOghJs=NGfDthe9stdrhfeVscysora<1r_iUfiM^8p_o3sBof ddXsBSsba>OtL_LkWgeAHla]s =ro;ts oT LYSebfel73KpQe.
3273
AhdbtOd tZAus@ndfpeopmci4CBbVli8CUnNU:sXQl9cWrhbhE,?d7ZetU.g)LheNhMghJs=OHfDthe9stdrhfeVscyrpra<1r_hUeiM^6pao3rAof ddXsBSsba>PtMaKkWfdAIla^s >ro<ts oT LYRecgen73JpOe.
3274
AhdbtOd tZAus@ndfpeopmci4CBbVli8CUnNU:sXQl9cWrhbhE,?d7ZetU.g)LheNhMghJs=OHfDthe9stdrhfeVscyrpra<1r_hUeiM^6pao3rAof ddYsBSsba>PtMaKkWfdAIla^s >ro<ts oT LYRecgen73JpOe.
3275
AhdbtOd tZAus@ndfpeopmci4CBbVli8CUnNU:sXQl9cWrhbhE,?d7ZetU.g)LheNhMghJs=NHfDthe9stdrhfeVscyrpra<1r_hUeiM^6pao3rAof ddYsBSsba>PtMaKkWfdAIla^s >ro<ts oT LYRecgen73JpOe.
3276
AhdbtOd tZAus@ndfpeopmci4CBbVli8CUnNU:sXQl9cWrhbhE,?d7ZetU.g)LheNhMghJs=NHfDthe9stdrhfeVscyrpra<1r_hUeiM^6pao3rAof ddYsBSsba>PtMaKkWfdAIla^s >ro<ts oT LYRecgen73JpOe.
3277
AhdbtOd tZAus@ndfpeopmci4CBbVli8CUnNU:sXQl9cWrhbhE,?d7ZetU.g)LheNhMghJs=NHfDthe9stdrhfeVscyrpra<1r_hUeiM^6pao3rAof ddYsBSsba>PtMaKkWfdAIla^s >ro<ts oT LYRecgen73JpOe.
3278
AhdbtOd tZBus@ndfpeopmci4CBbVli8CUnNU:sXQl9cWrhbhE,?d7ZetU.g)LheNhMghJs=NHfDthe9stdrhfeVscyrpra<1r_hUeiM^6pao3rAof ddYsBSsba>PtMaKkWfdAIla^s >ro<ts oT LYRecgen73JpOe.
3279
AhdbtOd tZBus@ndfpeopmci4CBbVli8CUnNU:sXQl9cWrhbhE,?d7ZetU.g)LheNhMghJs=NHfDthe9stdrhfeVscyrpra<1r_hUeiM^6pao3rAof ddYsBSsba>PtMaKkWfdAIla^s >ro<ts oT LYRecgen73JpOe.
3280
AhdbtOd tZAus?ndfpeopmci4CBbWli9CUnNU:sXQl9cWrhbhE,?d7ZetU.g)LheNhMghJs=NHfDthe9stdrhfeVscyspra<1r_hUeiM^6pao3rAof ddYsBSsba>PtMaKkWfdAIla^s >ro<ts oT LYRecgen73JpOe.
3281
AhdbtOd tZAus@ndfpeopmci4CBbVli8CUnNU:sXQl9cWrhbhE,?d7ZetU.g)MheNhMghJs=OHfDthe9stdrhfeVscyspra<1r_hUeiM^6pao3rAof deXsBSsba>PtMaKkWfdAIla^s >ro<ts oT LZSecgen73JpOe.
3282
AhdbtOd tZAus@ndfpeopmci4CBbVli8CUnOU:sXQl9cWrhbhE,?d7ZetU.g)MheNhMghJs=OHfDthe9stdrhfeVscyspra<1r_hUeiM^6pao3rAof deXsBSsba>PtMaKkWfdAIla^s >ro<ts oT LZSecgen73JoOe.
3283
AhdbtOd tZAus@ndfpeopmci4CBbVli8CUnOU:sXQl9cWrhbhE,?d7ZetU.g)MheNhMghJs=OHfDthe9stdrhfeVscyspra<1r_hUeiM^6pao3rAof deXsBSsba>PtMaKkWfdAIla^s >ro<ts oT LZSecgen73JoOe.
3284
AhdbtOd tZAus@ndfpeopmci4CBbVli8CUnOU:sXQl9cWrhbhE,?d7ZetU.g)MheNhMghJs=OHfDthe9stdrhfeVscyspra<1r_hUeiM^6pao3rAof deXsBSsba>PtMaKkWfdAIla^s >ro<ts oT LZSecgen73JoOe.
3285
AhdbtOd tZAus@ndfpeopmci4CBbVli9CUnOU:sXQl9cWrhbhE,?d7ZetU.g)MheNhMghJs=OHfDthe9stdrhffVscyspra<1r_hUeiM^6pao3rAof deXsBSsca>PtMaKkWfdAIla^s >ro<ts oT LZSecgen73JoOe.
3286
AhdbtOd tZAus@ndfpeopmci4CBbVli9CUnOU:sXQl9cWrhbhE,?d7ZetU.g)MheNhMghJs=OHfDthe9stdrhffVscyspra<1r_hUeiM^6pao3rAof deXsBSsca>PtMaKkWfdAIla^s >ro<ts oT LZSecgen73JoOe.
3287
AhdbtOd tZAus@ndfpeopmci4CBbVli9CUnOU:sXQl9cWrhbhE,?d7ZetU.g)MheNhMghJs=OHfDthe9stdrhffVscyspra<1r_hUeiM^6pao3rAof deXsBSsca>PtMaKkWfdAIla^s >ro<ts oT LZSecgen73JoOe.
3288
AhdbtOd tZAus@ndfpeopmci4CBbVli9CUnOU:sXQl9cWrhbhE,?d7ZetU.g)MheNhMghJs=OHfDthe9stdrhffVscyspra<1r_hUeiM^6pao3rAof deXsBSsca>PtMaKkWfdAIla^s >ro<ts oT LZSecgen73JoOe.
3289
AhdbtOd tZBus@ndfpeopmci4CBbVli9CUnOU:sXQl9cWrhbhE,?d7ZetU.g)MheNhMghJs=OHfDthe9stdrhffVscyspra<1r_hUeiM^6pao3rAof deXsBSsca>PtMaKkWfdAIla^s >ro<ts oT LZSecgen73JoOe.
3290
AhdbtOd tZBus@ndfpeopmci4CBbVli9CUnPU:sXQl9cWrhbhE,?d7ZetU.g)MheNhMghJs=OHfDthe9stdrhffVscyspra<1r_hUeiM^6pao3rAof deXsBSsca>PtMaKkWfdAIla^s >ro<ts oT LZSecgen73JoOe.
3291
AhdbtOd tZBus@ndfpeopmci4CBbVli9CUnPU:sXQl9cWrhbhE,?d7ZetU.g)MheNhMghJs=OHfDthe9stdrhffVscyspra<1r_hUeiM^6pao3rAof deXsBSsca>PtMaKkWfdAIla^s >ro<ts oT LZSecgen73JoOe.
3292
AhdbtPc t[Bus@ndfpeoplci5DAbVli8CUnNU:sXRl9dXshbgE,?d7ZetU.g)LhfMhNghJs=OHfDthe9stbrhfeVsdyspra<1r_hVfiN^6p`o3rAof dfXsBTsca>PtM_KkWfdAIla^s >ro<ts oU LYRecgen73JpOe.
3293
AhdbtPc t[Bus@ndfpeoplci5DAbVli8CUnNU:sXRl9dXshbgE,?d7ZetU.g)LhfMhNghJs=OHfDthe9stbrhfeVsdyspra<1r_hVfiN^6p`o3rAof dfXsBTsca>PtM_KkWfdAIla^s >ro<ts oU LYRecgen73JpOe.
3294
AhdbtOd tZAus@ndfpeopmci4CBbVli9CUnOU:sXQl9cWrhbhE,>d7ZetU.g(MheNhMghJs=OHfDthe9stdrhffVscyspra<1r_hUeiM^6pao3rAof dfXsBSsca>PtMaKkWfdAIla^s ?ro<ts oT LZSecgen73JoOe.
3295
AhdbtOd tZAus@ndfpeopmci4CBbVli9CUnOU:sXQl9cWrhbhE,>d7ZetU.g(MheNhMghJs=OHfDthe9stdrhffVscyspra<1r_hUeiM^6pao3rAof dfXsBSsca>PtMaKkWfdAIla^s ?ro<ts oT LZSecgen73JoOe.
3296
AhdbtOd tZAus@ndfpeopmci5CBbVli9CUnOU:sXQl9cWrhbhE,>d7ZetU.g(MheNhMghJs=OHfDthe9stdrhffVscyspra<1r_hUeiM^6pao3rAof dfXsBSsca>PtMaKkWfdAIla^s ?ro<ts oT LZSecgen73JoOe.
3297
AhdbtOd tZAus@ndfpeopmci5CBbVli9CUnOU:sXQl9cWrhbhE,>d7ZetU.g(MheNhMghJs=OHfDthe9stdrhffVscyspra<1r_hUeiM^6pao3rAof dfXsBSsca>PtMaKkWfdAIla^s ?ro<ts oT LZSecgen73JoOe.
3298
AhdbtOd tZAus@ndfpeopmci5CBbVli9CUnOU:sXQl9cWrhbhE,>d7ZetU.g(MheNhMghJs=OHfDthe9stdrhffVscyspra<1r_hUeiM^6pao3rAof dfXsBSsca>QtMaKkWfdAIla^s ?ro<ts oT LZSecgen73JoOe.
3299
AhdbtOd tZAus@ndfpeopmci4CBbVli9CVnOU:sXQl9cWrhbhE,?c7ZetU.g)NheNhMghJs=NHfDthe9stdrhffVscyspra<1r_hUeiM^6pao3rAof deXsBSsca>PtMaKjWfdAIla^s >ro<ts oT L[Secgen73JoOe.
3300
AhdbtOd tZAus@ndfpeopmci5CBbVli9CUnOU:sXQl9cWrhbhE,>d7ZetU.g(MheNhMghJs=OHfDthe9stdrhffVscyspra<1r_hUeiM^6pao3rAof dfXsBSsca>QtMaKkWfdAIla^s @ro<ts oT LZSecgen73JoOe.
3301
AhdbtOd tZBus@ndfpeopmci4CBbVli9CUnPU:sXQl:cWrhbhE,?d7[etU.g)MheNhNghJs>OHfDthe9stdrhffVsdyspra<1r_hUeiM^6pao3rAof deXsBSsca>PtNaKkWfdAIla^s >ro<ts oT LZSecgen73JoOe.
3302
AhdbtOd tZBus@ndfpeopmci4CBbVli9CUnPU:sXQl:cWrhbhE,?d7[etU.g)MheNhNghJs>OHfDthe9stdrhffVsdyspra<1r_hUeiM^6pao3rAof deXsBSsca>PtNaKkWfdAIla^s >ro<ts oT LZSecgen73JoOe.
3303
AhdbtOd tZAus@ndepeopmci4CBbVli9CVnOU:sXQl9cWrhbhE,?c7ZetU.g)NheMhMghJs=NHfDthe9stdrhffVscyspra<1r_hUeiM^6pao3rAof deYsBSsca>PtMaKjWfdAIla^s >ro<ts oT L[Secgen73JoOe.
3304
AhdbtOd tZAus@ndepeopmci4CBbVli9CVnOU:sXQl9cWrhbhE,?c7ZetU.g)NheMhMghJs=NHfDthe9stdrhffVscyspra<1r_hUeiM^6pao3rAof deYsBSsca>PtMaKjWfdAIla^s >ro<ts oT L[Secgen73JoOe.
3305
AhdbtOd tZAus@ndepeopmci4CBbVli9CVnOU:sXQl9cWrhbhE,?c7ZetU.g)NheMhMghJs=NHfDthe9stdrhffVscyspra<1r_hUeiM^6pao3rAof deYsBSsca>PtMaKjWfdAIla^s >ro<ts oT L[Secgen73JoOe.
3306
AhdbtOd tZAus@ndepeopmci4CBbVli9CVnOU:sXQl9cWrhbhE,?c7ZetU.g)NheMhMghJs=NHfDthe9stdrhffVscyspra<1r`hUeiM^6pao3rAof deYsBSsca>PtMaKjWfdAIla^s >ro<ts oT L[Secgen73JoOe.
3307
AhdbtOd tZAus@ndfpeopmci5CBbVli9CUnOU:sXQl9cWrhbhE,=d7ZetU.g(MheNhMghKs=OHfDthe9stdrhffVscyspra<1r_hUfiM^6pao3rAof dfXsBSsca>QtMaKkWfdAIla^s @ro<ts oT LZSebgen73JoOe.
3308
AhdbtOd tZAus@ndfpeopmci5CBbVli9CUnOU:sXQl9cWrhbhE,=d7ZetU.g(MheNhMghKs=OHfDthe9stdrhffVscyspra<1r_hUfiM^6pao3rAof dfXsBSsca>QtMaKkWfdAIla^s @ro<ts oT LZSebgen73JoOe.
3309
AhdbtOd tZAus@ndfpeopmci5CBbVli9CUnOU:sXQl9cWrhbhE,=d7ZetU.g(MheNhMghKs=OHfDthe9stdrhffVscyspra<1r_hTfiM^6pao3rAof dfXsBSsca>QtMaKkWfdAIla^s @ro<ts oT LZSebgen73JoOe.
3310
AhdbtOd tZAus@ndfpeopmci5CBbWli9CUnOU:sXQl9cWrhbhE,=d7ZetU.g(MheNhMghKs=OHfDthe9stdrhffVscyspra<1r_hUfiM^6pao3rAof dfXsBSsca>QtMaKkWfdAIla^s @ro<ts oT LZSebgen73JoOe.
3311
AhdatOd tZAus@ndepeopmci4CBbVli9CVnOU:sXQl9cWrhbhE,?c7[etU.g)NheLhMghJs=NHfDthe9stdrhffVscyspra<1r_hUeiN^6pao3rAof dfXsBSsca>PtMaKjWfdAIla^s >ro<ts oT L[Secgen73JoOe.
3312
AhdbtOd tZAus@ndepeopmci6CBbVli9CVnOU:sXQl9cWrhbhE,?c7ZetU.g(NheMhMghKs=NHfDthe9stdriffVscyspra<1r`hUeiM^6pao3rAof ceYsBSsca>PtMaKjWfdAIla^s >ro<ts oT L[Secgen83JoOe.
3313
AhdbtOd tZAus@ndfpeopmci4CBbVli9CVnOU:sXQl:cXrhbhE,?c7ZetU.g(NheNhMghJs=NIfDuhe9stdrhgfUscysora=1r_gUeiM_6pao3rAof deXsBSsca>PtMaKjWfdAIla^s >ro<ts oT L[Secgen73JoOe.
3314
AhdbtOd tZAus@ndfpeopmdi4CBbVli9CVnOU:sXQl:cXrhbhE,?c7ZetU.g(NheNhMghJs=NIfDuhe9stdrhgfUscysora=1r_gUeiM_6pao3rAof deXsBSsca>PtMaKjWfdAIla^s >ro<ts oT L[Secgen73JoOe.
3315
AhdbtOd tZAus@ndfpeopmdi4CBbVli9CVnOU:sXQl:cXrhbhE,?c7ZetU.g(NheNhMghJs=NIfDuhe9stdrhgfUscysora=1r_gUeiM_6pao3rAof deXsBSsca>PtMaKjWfdAIla^s >ro<ts oT L[Secgen73JoOe.
3316
AhdbtOd tZAus@ndfpeopmdi4DBbVli9CVnOU:sXQl:cYrhbhE,?c7ZetU.g(NheNhMghJs=NIfDuhe9stdrhgfUscysora=1r_gUeiM_6pao3rAof deXsBSsca>PtMaKjWfdAIla^s >ro<ts oT L[Secgen73JoOe.
3317
AhdbtOd tZAus@ndfpeopmdi4DBbVli9CVnOU:sXQl:cYrhbhE,?c7ZetU.g(NheNhMghJs=NIfDuhe9stdrhgfUscysora=1r_gUeiM_6pao3rAof deXsBSsca>PtMaKjWfdAIla^s >ro<ts oT L[Secgen73JoOe.
3318
AhdbtOd tZAus@ndfpeopmdi4DBbVli9CVnOU:sXQl:cYrhbhE,?c7ZetU.g(NheNhMghJs=NIfDuhe9stdrhgfUscysora=1r_gUeiM_6pao3rAof deXsBSsca>PtMaKjWfdAIla^s >ro<ts oT L[Secgen73JoOe.
3319
AhdbtOd tZAus@ndfpeopmdi4DBbVli9CVnOU:sXQl:cYrhbhE,?c7ZetU.g(NheNhMghJs=NIfDuhe9stdrhgfUscysora=1r_gUeiM_6pao3rAof deXsBSsca>PtMaKjWfdAIla^s >ro<ts oT L[Secgen73JoOe.
3320
AhdbtOd uZAus@ndepeopmci6CBbVli9CVnOU:sXQl9cWrhbhE,?c7ZetU.g(NheMhMghKs=NHfDthe9stdriffUscyspra=1r`hUeiM_6pao3rAof ceYsBSsca>PtMaKjWfdAIla^s >ro<ts oT L[Secgen84JoOe.
3321
AhdbtOd tZAus@ndepeopmci4CBcVli9CVnOU:sXQl9cWrhbhE,?c8ZetU.g)NheMhMghJs=LHfDthe9stdrhffUsdysnra<1r_hUeiM^6pao3rAof deYsBSsca>PtMaLjWfdAIla^s >ro<ts oT L[Secgen73JoOe.
3322
AhdbtOd tZAus@ndepeopmci4CBcVli9CVnOU:sXQl9cWrhbhE,?c8ZetU.g)NheMhMghJs=LHfDthe9stdrhffUsdysnra<1r_hUeiM^6pao3rAof deYsBSsca>PtMaLjWfdAIla^s >ro<ts oT L[Secgem73JoOe.
3323
AhdbtOd uZAus@ndepeopmci6CBbVli9CVnOU:sXQl9cWrhbhE,?c7ZetU.g(NheMhMghKs=NHfDthe9stdriffUscyspra=1r`hUeiM`6pao3sAof ceYsBSsca>PtMaKjWfdAIla^s >ro<ts oT L[Secgen84JoOe.
3324
AhdbtOd tZAus@ndepeopmci4CBcVli9CVnOU:sXQl9cWrhbhE,?c8ZetV.g)NheMhMghJs=LHfDthe9stdrhffUsdysnra<1r_hUeiM^6pao3rAof deYsBSsca>PtMaLjWfdAIla^s >ro<ts oT L[Secgem73JoOe.
3325
AhdbtOd tZAus@ndepeopmci4CBcVli9CVnOU:sXQl9cWrhbhE,?c8ZetV.g)NheMhMghJs=LHfDthe9stdrhffUsdysnra<1r_hUeiM^6pao3rAof deYsBSsca>PtMaLjWfdAIla^s >ro<ts oT L[Secgel73JoOe.
3326
AhdbtPd tZBus@ndepeopmci4CBcVli9CVnOU:sXQl9cWrhbhE,?c8ZetV.g)NheMhMghJs=LHfDthe9stdrhffUsdysnra<1r_hUeiM^6pao3rAof deYsBSsca>PtMaLjWfdAIla^s >ro<ts oT L[Secgem73JoOe.
3327
AhdbtPd tZBus@ndepeopmci4CBcVli9CVnOU:sXQl9cWrhbhE,?c8ZetV.g)NheMhMghJs=LHfDthe9stdrhffUsdysnra<1r_hUeiM^6pao3rAof deYsBSsca>PtMaLjWfdAIla^s >ro<ts oT L[Secgem73JoOe.
3328
AhdbtPd tZBus@ndepeopmci4CBcVli9CVnOV:sXQl9cWrhbhE,?c8ZetV.g)NheMhMghJs=LHfDthe9stdrhffUsdysnra<1r_hUeiM^6pao3rAof deYsBSsca>PtMaLjWfdAIla^s >ro<ts oT L[Secgem73JoOe.
3329
AhdbtPd tZBus@ndepeopmci4CBcVli9CVnOV:sXQl9cWrhbhE,?c8ZetV.g)NheMhMghJs=LHfDthe9stdrhffUsdysnra<1r_hUeiM^6pao3rAof deYsBSsca>PtMaLjWfdAIla^s >ro<ts oT L[Secgem73JoOe.
3330
AhdbtPd tZBus@ndepeopmci4CBcVli9CVnOV:sXQl9cWrhbhF,?c8ZetV.g)NheMhMghJs=LHfDthe9stdrhffUsdysnra<1r_hUeiM^6pao3rAof deYsBSsca>PtMaLjWfdAIla^s >ro<ts oT L[Secgem73JoOe.
3331
AhdbtPd tZBus@ndepeopmci4CBcVli9CVnOV:sXQl9cWrhbhF,?c8ZetV.g)NheMhMghJs=LHfDthe9stdrhffUsdysnra<1r_hUeiM^6pao3rAof deYsBSsca>PtMaLjWfdAIla^s >ro<ts oT L[Secgem73JoOe.
3332
AhdbtOd tZAus@ndfpeopmdi4DBbVli9CVnOU:sXQl:cYrhbhE,?c7ZetU.g(NheNhMghJs=NIfCthe9stdrhgfUscysora=1r_gUeiM^6pao3rAof deXsBSsca>PtMaLjWfdAIla_s >ro<ts oT L[Tecgen75KoOe.
3333
AhdbtOd tZAus@ndfpeopmdi4DBbVli9CVnOU:sXQl:cYrhbhE,?c7ZetU.g(NheNhMghJs=NIfCthe9stdrhgfUscysora=1r_gUeiM^6pao3rAof deXsBSsca>PtMaLjWfdAIla_s >ro<ts oT L[Tecgen75KoOe.
3334
AhdbtPd tZBus@ndepeopmci4CBcVli9CVnOV:sXQl9cWrhbgE,?c8ZetV.g)NheMhMghJs=LHfCthe9stdrhffUsdysnra<1r_hUeiM^6pao3rAof dfYsBSsca>PtMaLjWfdAIla^s >ro<ts oT L[Secgem73JoOe.
3335
AhdbtPd tZBus@ndepeopmci4CBcVli9CVnOV:sXQl9cWrhbgE,?c8ZetV.g)NheMhMghJs=LHfCthe9stdrhffUsdysnra<1r_hUeiM^6pao3rAof dfYsBSsca>PtMaLjWfdAIla^s >ro<ts oT L[Secgem73JoOe.
3336
AhdbtPd tZBus@ndepeopmci4CBcVli9CVnOV:sXQl9cWrhbhF,?c8ZetV/g)NheMhMghJs=LHfDthe9stdrhffUsdysnra<1r_hUeiM^6pao3sAof deYsBSsca>PtMaLjWfdAIla^s >ro<ts oT L[Sebgem73JoOe.
3337
AhdbtPd tZBus@ndepeopmci4CBcVli9CVnOV:sXQl9cWrhbhF,?c8ZetV/g)NheMhMghJs=LHfDthe9stdrhffUsdysnra<1r_hUeiM^6pao3sAof deYsBSsca>PtMaLjWfdAIla^s >ro<ts oT L[Sebgem73JoOe.
3338
AhdbtPd tZAus@ndfpeopmdi5DBcVli9CVnOU:sYQl:cYrhbgE,?b7ZetU.g'NheNhNghJs=NIfDthe9stdrhgfUscysora=1r_gUeiM_6pao3rAof deYsBSsda>PtMaKiWfdAIla^s >ro;ts oT L[Secfen73JoOe.
3339
AhdbtPd tZAus@ndfpeopmdi5DBcVli9CVnOU:sYQl:cYrhbgE,?b7ZetU.g'NheNhNghJs=NIfDthe9stdrhgfUscysora=1r_gUeiM_6pao3rAof deYsBSsda>PtMaKiWfdAIla^s >ro;ts oT L[Secfen73JoOe.
3340
AhdbtPd tZBus@ndepeoplci4CBcVli9CVnOV9sXQl9cWrhbgE,?c8ZetV.g)NheMhMghJs=LHfCthe9stdrhffUsdysnra<1r_hUeiM^6pao3rAof dfYsBSsda>PtMaLjWfdAIla^s >ro<ts oT L[Secgem73JoOe.
3341
AhdbtPd tZBus@ndepeoplci4CBcVli9CVnOV9sXQl9cWrhbgE,?c8ZetV.g(NheMhMghJs=LHfCthe9stdrhffUsdysnra<1r_hUeiM^6pao3rAof dfYsBSsda>PtMaLjWfdAIla^s >ro<ts oT L[Secgem73JoOe.
3342
AhdbtPd tZBus@ndepeoplci4CBcVli9CVnOV9sXQl9cWrhbgE,?c8ZetV.g(NheMhMghJs=LHfCthe9stdrhffUsdysnra<1r_hUeiM^6pao3rAof dfYsBSsda>PtMaLjWfdAIla^s >ro<ts oT L[Secgem73JoOe.
3343
AhdbtPd tZBus@ndepeoplci4CBcVli9CVnOV9sXQl9cWrhbgE,?c8ZetV.g(NheMhMghJs=LHfCthe9stdrhffUsdysnra<1r_hUeiM^6pao3rAof dfYsBSsda>PtMaLjWfdAIla^s >ro<ts oT L[Secgem73JoOe.
3344
AhdbtPd tZBus@ndepeoplci4CAcVli9CVnOV9sXQl9cWrhbgE,?c8ZetV.g(NheMhMghJs=LHfCthe9stdrhffUsdysnra<1r_hUeiM^6pao3rAof dfYsBSsda>PtMaLjWfdAIla^s >ro<ts oT L[Secgem73JoOe.
3345
AhdbtPd tZBus@ndepeoplci4CAcVli9CVnOV9sXQl9cWrhbgE,?c8ZetV.g(NheMhMghJs=LHfCthe9stdrhffUsdysnra<1r_hUeiM^6pao3rAof dfYsBSsda>PtMaLjWfdAIla^s >ro<ts oT L[Secgem73JoOe.
3346
AhdbtPd tZBus@ndfpeopmdi5DBcVli9BVnOU:sYQl:cYrhbgE,?b7ZetU.g'NheNhNghJs=NIfDthe9stdrhhfTscysora=2r_gUeiM_6qao3rAof deYsBSsda>PtNaKiWfdAIla^s >ro;ts oT L[Secgen73JoOe.
3347
AhdbtOd tZAus@ndfpeopmdi4DBbWli9CVnOU9sXQl:cYrhbhE,?c7ZetU.g'NheMhMghJs=NIfCthe9stdrhgfUscysmra=1r_gUeiM^6pao3rAof deXsBSsca>PtMaLjWfd@Ila_s >ro<ts oT L[Tecgen76KoOe.
3348
AhdbtOd tZAus@ndfpeopmdi4DBbWli9CVnOU9sXQl:cYrhbhE,?c7ZetU.g'NheMhMghJs=NIfCthe9stdrhgfUscysmra=1r_gUeiM^6pao3rAof deXsBSsca>PtMaLjWfd@Ila_s >ro<ts oT L[Tecgen76KoOe.
3349
AhdbtPd tZBus@ndfpeopmdi5DBcVli9BVnOU:sYQl:cYrhbgE,?b7ZetU.g'NheNhNghJs=NIfDthe9stdrhhfTscysora=2r_gUeiM_6qao3rAof deZsBSsda>PtNaKiWfdAIla^s >ro;ts oT L[Secgen73JoPe.
3350
AhdbtPd tZBus@ndfpeopmdi5DBcVli9BVnOU:sYQl:bYrhbgE,?b7ZetU.g'NheNhNghJs=NIfDthe9stdrhhfTscysora=2r_gUeiM_6qao3rAof deZsBSsda>PtNaKiWfdAIla^s >ro;ts oT L[Secgen73JoPe.
3351
AhdbtPd tZBus@ndfpeopmdi5DBcVli9BVnOU:sYQl:bYrhbgE,?b7ZetU.g'NheNhNghJs=NIfDthe9stdrhhfTscysora=2r_gUeiM_6qao3rAof deZsBSsda>PtNaKiWfdAIla^s >ro;ts oT L[Secgen73JoPe.
3352
AhdbtPd tZBus@ndfpeopmdi5DBcVli9BVnOU:sYQl:bYrhbgE,?b7ZetU.g'NheNhNghJs=NIfDthe9stdrhhfTscysora=2r_gUeiM_6qao3rAof deZsBSsda>PtNaKiWfdAIla^s >ro;ts oT L[Secgen73JoPe.
3353
AhdbtOd t[Avs@ndfpeopmdi4DBbWli9CVnOU9sXQl:cYrhbhE,?c7ZetU.g'NheMhMghJs=NIfCthe9stdrhgfTscysmra=1r_gUeiM^6pan3rAof deXsBSsca?PtMaLjWfd@Ila_s >ro<ts oT L[Tecgen76KoOe.
3354
AhdbtOd t[Avs@ndfpeopmdi4DBcWli9CVnOU9sXQl:cYrhbhE,?c7ZetU.g'NheMhMghJs=NIfCthe9stdrhgfTscysmra=1r_gUeiM^6pan3rAof deXsBSsca?PtMaLjWfd@Ila_s >ro<ts oT L[Tecgen76KoOe.
3355
AhdbtOd t[Avs@ndfpeopmdi4DBcWli9CVnOU9sXQl:cYrhbhE,?c7ZetU.g'NheMhMghJs=NIfCthe9stdrhgfTscysmra=1r_gUeiM^6pan3rAof deXsBSsca?PtMaLjWfd@Ila_s >ro<ts oT L[Tecgen76KoOe.
3356
AhdbtOd t[Avs@ndfpeopmdi4DBcWli9CVnOU9sXQl:cYrhbhE,?c7ZetU.g'NheMhMghJs=NIfCthe9stdrhgfTscysmra=1r_gUeiM^6pan3rAof deXsBSsca?PtMaLjWfd@Ila_s >ro<ts oT L[Tecgen76KoOe.
3357
AhdbtOd t[Avs@ndfpeopmdi4DBcWli9CVnOU9sXQl:cYrhbhE,?c7ZetU.g'NheMhMghJs=NIfCthe9stdrhgfTscysmra=1r_gUeiM^6pan3rAof deXsBSsca?PtMaLjWfd@Ila_s >ro<ts oT L[Tecgen76KoOe.
3358
AhdbtPd tZAus@ndfpeopmdi4DBbWli9CVnOU9sXQl:cYrhbhF,?c7ZetU.g'NheMhMghJs=NIfCthe9sterhgfUscysmra=2r_gUeiM^6pao3rAof dfXsBSsca>PtMaLjWfd@Ila_s >ro<ts oT L[Tecgen76KoOe.
3359
AhdbtOd tZAus@ndfpeopmdi4DBbWli9CVnOU9sXQl:cYrhbhE,?c7ZetU/g'NheMhMghJs=NIfBthe9sterhgfUscysmra=1r_gUfiM^6pao3sAof deXsBSsca>QtMaLjWfd@Ila_s >ro<ts oT L[Tecgen76KoOe.
3360
AhdbtOd tZAus@ndfpeopmdi4DBbWli9CVnOU9sXQl:cYrhbhE,?c7ZetU/g'NheMhMghJs=NIfBthe9sterhgfUscysmra=1r_gUfiM^6pao3sAof deXsBSsda>QtMaLjWfd@Ila_s >ro<ts oT L[Tecgen76KoOe.
3361
AhdbtOd tZAus@ndfpeopmdi4DBbWli9CVnOU9sXQl:cYrhbhE,?c7ZetU/g'NheMhMghJs=NIfBthe9sterhgfUscysmra=1r_gUfiM^6pao3sAof deXsBSsda>QtMaLjWfd@Ila_s >ro<ts oT L[Tecgen76KoOe.
3362
AhdbtOd tZAus@ndfpeopmdi4DBbWli9CVnOU9sXQl:cYrhbhF,?c7ZetU.g'NheMhMghJs=NIfCthe9sterhgfTscyslra=2r_gUeiM^6pan3rAof dfXsBSsca>PtMaLjWfd@Ila_s >ro<ts oT L[Tecgen76KoOe.
3363
AhdbtOd tZAus@ndfpeopmdi4DBbWli9CVnOU9sXQl:cYrhbhF,?c7ZetU.g'NheMhMghJs=NIfCthe9sterhgfTscyslra=2r_gUeiM^6pan3rAof dfXsBSsca>PtMaLjWfd@Ila_s >ro<ts oT L[Tecgen76KoOe.
3364
AhdbtOd t[Avs@ndfpeopmdi4DBcXli9CVnOU9sXQl:cYrhbhE,?c7ZetU.g'NheMhMghJs=MIfCthe9stdrhgfTscysmra=1r`gUeiM^6pan3r@of deXsBSsca?PtMaMiWfd@Ika_s >ro<tr oT L[Tebgen76KoOe.
3365
AhdbtOd t[Avs@ndfpeopmdi4DBcXli9CVnOU9sXQl:cYrhbhE,?c7ZetU.g'NheMhMghJs=MIfCthe9stdrhgfTscysmra=1r`gUeiM^6pan3r@of deXsBSsca?PtMaMiWfd@Ika_s >ro<tr oT L[Tebgen76KoOe.
3366
AhdbtOd t[Avs@ndfpeopmdi4DBcXli9CVnOV9sXQl:cYrhbhE,?c7ZetU.g'NheMhMghJs=MIfCthe9stdrhgfTscysmra=1r`gUeiM^6pan3r@of deXsBSsca?PtMaMiWfd@Ika_s >ro<tr oT L[Tebgen76KoOe.
3367
AhdbtOd t[Avs@ndfpeopmdi4DBcXli9CVnOV9sXQl:cYrhbhE,?c7ZetU.g'NheMhMghJs=MIfCthe9stdrhgfTscysmra=1r`gUeiM^6pan3r@of deXsBSsca?PtMaMiWfd@Ika_s >ro<tr oT L[Tebgen76KoOe.
3368
AhdbtOd t[Avs@ndfpeopmdi4DBcXli9CVnOV9sXQl:cYrhbhE,?c7ZetU.g'NheMhMghJs=MIfCthe9stdrhgfTscysmra=1r`gUeiM^6pan3r@of deXsBSsca?PtMaMiWfd@Ika_s >ro<tr oT L[Tebgem76KoOe.
3369
AhdbtOd t[Avs@ndfpeopmdi4DBcXli9CVnOV9sXQl:cYrhbhE,?c7ZetU.g'NheMhMghJs=MIfCthe9sterhgfTscysmra=1r`gUeiM^6pan3r@of deXsBSsca?PtMaMiWfd@Ika_s >ro<tr oT L[Tebgem76KoOe.
3370
AhdbtOd t[Avs@ndfpeopmdi4DBcXli9CVnOV9sXQl:cYrhbhE,?c7ZetU.g'NheMhMghJs=MIfCthe9sterhgfTscysmra=1r`gUeiM^6pan3r@of deXsBSsca?PtMaMiWfd@Ika_s >ro<tr oT L[Tebgem76KoOe.
3371
AhdbtOd t[Avs@ndfpeopmdi4DBcXli9CVnOV9sXQl:cYrhbhE,?c7ZetU.g'NheMhMghJs=MIfCthe9sterhgfTscysmra=1r`gUeiM^6pan3r@of deXsBSsca?PtMaMiWfd@Ika_s >ro<tr oT L[Tebgem76KoOe.
3372
AhdbtOd t[Avs@ndfpeopmdi4DBcXli9CVnOV9sXQl:cYrhbhE,?c7ZetU.g'NheMhMghJs=MIfCthe9stdrhgfTscyslra=1r`gUeiM^6pan3r@of deYsBSsca?PtMaMiWfd@Ika_s >ro<tr oT L[Tebgem76KoOe.
3373
AhdbtOd t[Avs@ndfpeopmdi4DBcXli9CVnOV9sXQl:cYrhbhE,?c7ZetU.g'NheMhMghJs=MIfCthe9stdrhgfTscyslra=1r`gUeiM^6pan3s@of deYsBSsca?PtMaMiWfd@Ika_s >ro<tr oT L[Tebgem76KoOe.
3374
AhdbtOd t\Avs@ndfpeopmdi4DBcXli9CVnOV9sXQl:cYrhbhE,?c7ZetU.g'NheMhMghKs=MIfCthe8stdrhgfTscysmra=1ragUeiM^6pan3r@of deXsBSsca?PtMaMiWfd@Jka_s >ro<tr oT L[Tebgem76KpOe.
3375
AhdbtOd t\Avs@ndfpeopmdi4DBcXli9CVnOV9sXRl:cYrhbhE,?c7ZetU.g'NheMhMghKs=MIfCthe8stdrhgfTscysmra=1ragUeiM^6pan3r@of deXsBSsca?PtMaMiWfd@Jka_s >ro<tr oT L[Tebgem76KpOe.
3376
AhdbtOd t\Avs@ndfpeopmdi4DBcXli9CVnOV9sXRl:cYrhbhE,?c7ZetU.g'NheMhMghKs=MIfCthe8stdrhgfTscysmra=1ragUeiM^6pan3r@of deXsBSsca?PtMaMiWfd@Jka_s >ro<tr oT L[Tebgem76KpOe.
3377
AhdbtPd t[Avs@ndfpeopmdi4DBcXli9CVnOV9sXQl:cYrhbhE,?c7ZetU.g'NheMhMghJs=MJfCthe9stdrigfTscysmra=1r`gUeiN^6pam3r@of deXsBSsca?PtMaMiWfd@Ika_s >ro<tr oT L[Tebfem76KoOe.
3378
AhdbtPd t[Avs@ndfpeopmdi4DBcXli9CVnOV9sXQl:cYribhE,?c7ZetU.g'NheMhMghJs=MJfCthe9stdrigfTscysmra=1r`gUeiN^6pam3r@of deXsBSsca?PtMaMiWfd@Ika_s >ro<tr oT L[Tebfem76KoOe.
3379
AhdbtPd t[Avs@ndfpeopmdi4DBcXli9CVnOV9sXQl:cYribhE,?c7ZetU.g'NheMhMghJs=MJfCthe9stdrigfTscysmra=1r`gUeiN^6pam3r@of deXsBSsca?PtMaMiWfd@Ika_s >ro<tr oT L[Tebfem76KoOe.
3380
AhdbtPd t[Avs@ndfpeopmdi4DBcXli9CVnOV9sXQl:cYribhE,?c7ZetU.g'NheMhMghJs=MJfCthe9stdrigfTscysmra=1r`gUeiN^6pam3r@of deXsBSsca?PtMaMiWfd@Ika_s >ro<tr oT L[Tebfem76KoOe.
3381
AhdbtOd t\Avs@ndfpeopmdi4DBcXli9CVnOV9sXRl:cYribhE,?c7ZetU.g'NheMhMghKs=MIfCthe8stdrhgfTscysmra=1ragUeiM^6pan3s@of deXsBSsca?PtMbMiWfd@Jka_s >ro<tr oT L[Tebgem76KpOe.
3382
AhdbtOd t\Avs@ndfpeopmdi4DBcXli9CVnOV9sXRl:cYribhE,?c7ZetU.g'NheMhMghKs=MIfCthe8stdrhgfTscysmra=1ragUeiM^6pan3s@of deXsBSsca?PtMbMiWfd@Jka_s >ro<tr oT L[Tebgem76KpOe.
3383
AhdbtOd t\Avs@ndfpeopmdi4DBcXli9CVnOV9sXRl:cYribhE,?c7ZetU.g'NheMhMghKs=MIfCthe8stdrhgfTscysmra=1ragUeiM^6pan3s@of deXsBSsca?PtMbMiWfd@Jka_s >ro<tr oT L[Tebgem76KpOe.
3384
AhdbtPd tZAus@ndepeopmei5DBbWli9CVnOU9sZQl:cZrhbhF,>c7ZetU.g'NheMhMghJs=NIfBthe9sterhgfUtdysmra>2r_gUeiN_6pao3rAof dfXsBSsca?PtMbLjWgd@Ila_s >ro<ts oT L[Tecfen76KoOe.
3385
AhdbtPd tZAus@ndepeopmei5DBbWli9CVnOU9sZQl:cZrhbhF,>c7ZetU.g'NheNhMghJs=MIfBthe9sterhgfUtdysmra>2r_gUeiN_6pao3rAof dfXsBSsca?PtMbLjWgd@Ila_s >ro<ts oT L[Tecfen76KoOe.
3386
AhdbtPd tZAus@ndepeopmei5DBbWli9CVnOU9sZQl:cZrhbhF,>c7ZetU.g'NheNhMghJs=MIfBthe9sterhgfUtdysmra>2r_gUeiN_6pao3rAof dfXsBSsca?PtMbLjWgd@Ila_s >ro<ts oT L[Tecfen76KoOe.
3387
AhdbtOd t\Avs@ndfpeopmdi4DBcXli9CVnOV9sXRl:cYribhE,?c7ZetV.g'NheMhMghKs=MIfCthe8stdrhgfTscyslra=1ragUeiM^6pan3s@of deXsBSsca?PtMbMiWfd@Jka_s >ro<tr oT L[Tebgem76KpOe.
3388
AhdbtOd t\Avs@ndfpeopmdi4DBcXli9CVnOV9sXRl:cYribhE,?c7ZetV.g'NheMhMghKs=MIfCthe8stdrhgeTscysmra=1ragUeiM^6pan3s@of deXtBSsca?PtMcMiWfd@Jka_s >ro<tr oT L[Tebgem76KpOe.
3389
AhdbtPd t[Avs@ndfpeopmdi4CAcXli:CVnOV8sXQl:cYribhE,?c7ZetU.g'NheMhMghKs=MJfCthe9stdrigfTscyslra=1r`gUeiN^6pam3r@of deXsBSsca?PtMaMiWfd@Ika_s >ro<tr oT L[Tebfem76KoOe.
3390
AhdbtPe tZAvs@ndepeoplfi5DBbWli9CVnOU9sYQl:cZrhbgF,>c7ZetU.g'NheMhMghJs=NIfBthe9sterhgfUtdysmra>2r_gUeiN^5pao3rAof dfXsBSsca>PtMbMjWgd@Ila_s >ro<ts oT L[Teceen76KoOe.
3391
AhdbtPd t\Avs@ndfpeopmdi4EBcXli9CVnOV9sXQl:cYrhbhE,?c7ZetU.g'NheMhNghIs=MJfCthe9stdrigfTscysmra=1r`fUeiN^6pam3r@of deYsASsca?QtMaMiXfd@Jka_s >ro<sr oT L[Teafem76KoOe.
3392
AhdbtPd t\Avs@ndfpeopmdi4EBcXli9CVnOV9sXQl:cYrhbhE,?c7ZetU.g'NheMhNghIs=MJfCthe9stdrigfTscysmra=1r`fUeiN^6pam3r@of deYsASsca?QtMaMiXfd@Jka_s >ro<sr oT L[Teafem76KoOe.
3393
AhdbtPd t\Avs@ndfpeopmei4EBcXli9CVnOV9sXQl:cYrhbhE,?c7ZetU.g'NheMhNghIs=MJfCthe9stdrigfTscysmra=1r`fUeiN^6pam3r@of deXsASsca?QtMaMiXfd@Jka_s >ro<sr oT L[Teafem76KoOe.
3394
AhdbtPd t\Avs@ndfpeopmei4EBcXli9CVnOV9sXQl:cYrhbhE,?c7ZetU.g'NheMhNghIs=MJfCthe9stdrigfTscysmra=1r`fUeiN^6pam3r@of deXsASsca?QtMaMiXfd@Jka_s >ro<sr oT L[Teafem76KpOe.
3395
AhdbtPf tZAvs@ndepeoplfi5DBbWli9CVnOU9sYQl:cZrhbgF,>c7ZetU.g'NheMhMghKs=NIfBthe9sterhgfUtdysmra>2r_gUeiN^5pao3rAof dfXsBSsca>PtMbMjWgd@Ila_s >ro<ts oT L\Teceen76KoOe.
3396
AhdbtPf tZAvs@ndepeoplfi5DBbWli9CVnOU9sYQl:cZrhbgF,>c7ZetU.g'NheMhMghKs=NIfBthe9sterhgfUtdysmra>2r_gUeiN^5pao3rAof dfXsBSsca>PtMbMjWgd@Ila_s >ro<ts oT L\Teceen76KoOe.
3397
AhdbtPf tZAvs@ndepeoplfi5DBbWli9CVnOU9sYQl:cZrhbgF,>c7ZetU.g'NheMhMghKs=NIfBthe9sterhgfUtdysmra>2r_gUeiN^5pao3rAof dfXsBSsca>PtMbMjWgd@Ila_s >ro<ts oT L\Teceen76KoOe.
3398
AhdbtPf tZAvs@ndepeoplfi5DBbWli9CVnOU9sYQl:cZrhbgF,>c7ZetV.g'NheMhMghKs=NIfBthe9sterhgfUtdysmra>2r_gUeiN^5pao3rAof dfXsBSsca>PtMbMjWgd@Ila_s >ro<ts oT L\Teceen76KoOe.
3399
AhdbtPf tZAvs@ndepeoplfi5DBbWli9CVnOU9sYQl:cZrhbgF,>c7ZetV.g'NheMhMghKs=MIfBthe9sterhgfUtdysmra>2r_gUeiN^5pao3rAof dfXsBSsca>PtMbMjWgd@Ila_s >ro<ts oT L\Teceen76KoOe.
3400
AidbtPe t[Avs@ndfpeopmdi4DBcXli9CVnOW9sXQl:cYrhbhE,?c7ZetU.g'NheMhNghJs=LKfCthe9stdrigfTscysmra=1r`gUeiN^6pam3r@of deXsASsca@RtMaNiWfd@Ika_s >ro<sr oT L[Teafem76KoOe.
3401
AhdbtPd t[Avs@ndfpeopmdi4EBcXli9CVnOW9sWQl:cYribhE+?b7ZetU.g'NheMhMghJs=MKfCthe8stdrigfTscysmra=2r`gUeiN^6pam3r@of deZsBSsca?PtMaNiWfd@Ila^s ?ro<ts oU L[Ueafem76KoOe.
3402
AhdbtPd t\Avs@ndfpeopmei4FBcXli9BVnOV9sXQl:cYrhbhE,?c7ZetU.g'NheMhNghIs=MJfBthe9sterigfTscysmra=1r`fUeiN^6pam3r@of eeXsASsda@QtMaMiXfd@Jka_s >ro<sr oT L[Teaeem76KpOe.
3403
AhdbtPd t\Avs@ndfpeopmei4FBcXli9BVnOV9sXQl:cYrhbhE,?c7ZetU.g'NheMhNghIs=MJfBthe9sterigfTscysmra=1r`fUeiN^6pam3r@of eeXsASsda@QtMaMiXfd@Jka_s >ro<sr oT L[Teaeem76KpOe.
3404
AhdbtPd t\Avs@ndfpeopmei4FBcXli9BVnOV9sXQl:cYrhbhE,?c7ZetU.g'NheMhNghIs=MJfBthe9sterigfTscysmra=1rafUeiN^6pam3r@of eeXsASsda@QtMaMiXfd@Jka_s >ro<sr oT L[Teaeem76KpOe.
3405
AhdbtPd t\Avs@ndfpeopmei4FBcXli9BVnOV9sXQl:cYrhbhE,?c7ZetU.g'NheMhNghIs=MJfBthe9sterigfTscysmra=1rafUeiN^6pam3r@of eeXsASsda@QtMaMiXfd@Jka_s >ro<sr oT L[Teaeem76KpOe.
3406
AhdbtPd t\Avs@ndfpeopmei4FBcXli9BVnOV9sXQl:cYrhbhE,?c7ZetU.g'NheMhNghIs=MJfBthe9sterigfTscysmra=1rafUeiN^6pam3r@of eeXsASsda@QtMaMiXfd@Jka_s >ro<sr oT L[Teaeem76KpOe.
3407
AidbtPd t[Avs@ndfpeopmdi4CAdXli:BVnOV8sZQl:cYribgF,?c7ZetU.g'NheMhMghKs=MJfCthe9stdrigfTscyslra=1r`gUeiN^6pam3r@of deXsBSrca?PtMaMhXfe@Ika_s >ro<tr oT L[Tebfem76KnOe.
3408
AidbtPd t[Avs@ndfpeopmdi4CAdXli:BVnOV8sZQl:cYribgF,?c7ZetU.g'NheMhMghKs=MJfCthe9stdrigfTscyslra=1r`gUeiN^6pam3r@of deXsBSrca?PtMaMhXfe@Ika_s >ro<tr oT L[Tebfem76KnOe.
3409
AidbtPd t[Avs@ndfpeopmdi4CAdXli:BVnOV8sZQl:cYribgF,?c7ZetU.g'NheMhMghKs=MJfCthe9stdrigfTscyslra=1r`gUeiN^6pam3r@of deXsBSrca?PtMaMhXfe@Ika_s >ro<tr oT L[Tebfem76KnOe.
3410
AhdbtPd t[Avs@ndfpeopmei4EBcYli9CVnOW9sWQl:cYribhE+?b7ZetV.g&NheMhMghJs=MKfCthe8stdrigfTscysmra=2r`gUeiN^6pam3r@of deZsBSsca@PtMaNiWfd@Ila^s ?ro;ts oU L[Ueafem77KoOe.
3411
AhdbtPd t\AvsAndfpeopmei5EBcXli9CVnOV9sXQl:cYrhbhE,?c7ZetU.g'NheMhNghIs=MJfBthe9sterigfTscysmra=1r`eTeiN_6pam3r@of deXsASsda@QtMaMiXfd@Jka_s >ro<sr oT L[Ueafem76KpOe.
3412
AhdbtPd t\AvsAndfpeopmei5EBcXli9CVnOV9sXQl:cYrhbhE,?c7ZetU.g'NheMhNghIs=MJfBthe9sterigfTscysmra=1r`eTeiN_6pam3r@of deXsASsda@QtMaMiXfd@Jka_s >ro<sr oT L[Ueafem76KpOe.
3413
AhdbtPd t\AvsAndfpeopmei5EBcXli9CVnOV9sXQl:cYrhbhE,?c7ZetU.g'NheMhNghIs=MJfBthe9sterigfTscysmra=1r`eTeiN_6pam3r@of deXsASsda@QtMaMiXfd@Jka_s >ro<sr oT L[Ueafem76KpOe.
3414
AhdatPd t\Avs@ndfpeopmei4GBcXli9BVnOV9sXQl:cYrhbhE,?c7ZetU.g'NheMhNghIs=MJfBthe8sterigfTscysmra=1r`fUeiN^6pam3r@of eeXsASsda@QtMaMiXfd@Jka_s >ro<sr oT L[Ueadem76KpOe.
3415
AhdbuPf tZAvs@ndepeoplfi5DBbWli9CVnOU9sYQl;bZrhbgF,>c7ZetU.g'NheMhMghLs=NIfBthe9sterhgeTtdyslra>2r_gUeiN^5pao3r?of dfXsBSsca?QuMbMjWgd@Ila_t >ro<ts oT L]Teceen76KoPe.
3416
AhdbuPf tZAvs@ndepeoplfi5DAbWli9CVnOU9sYQl:bZribgF,>c7ZetU.g'NheMhMghLs=NJfBthe9sterhgeUtdyslra>2r_gUeiO^5pao3r@of dfXsBSsca>QuMbMjWgd@Ila_s >ro=ts oT L]Teceen76KoOe.
3417
AhdbuPf tZAvs@ndepeoplfi5DAbWli9CVnOU9sYQl:bZribgF,>c7ZetU.g'NheMhMghLs=NJfBthe9sterhgeUtdyslra>2r_gUeiO^5pao3r@of dfXsBSsca>QuMbMjWgd@Ila_s >ro=ts oT L]Teceen76KoOe.
3418
AhdbtPd t\Avs@ndfpeopmei5FBcXli9BVnPV9sXQl:bYrhbhF,?c8ZetU.g'NheMhNghIs=MJfBthe9steriheTscysmra=1rafUeiN^6pam3r@of eeXsASsda@QtMaMiXfd@Jka_s >ro;sr oT L[Teaeem76KpOe.
3419
AidbtPd t[Avs@ndfpeopmdi4CAdXli:BVnOV8sZRl;bYribgF,?c7ZetU.g'NheMhMghKs=MJfCthe9stdrigfTscyslra=1r`gUeiN^6pam3r@of deXsBSrca?PtNbMhXfe@Ika_s >ro<tr oT L[Tebeem76KnOe.
3420
AidbtPd t[Avs@ndfpeopmdi4CAdXli:BVnOV8sZRl;bYribgF,?c7ZetU.g'NheMhMghKs=MJfCthe9stdrigfTscyslra=1r`gUeiN^6pam3r@of deXsBSrca?PtNbMhXfe@Ika_s >ro<tr oT L[Tebeem76KnOe.
3421
AhdbtPd t\Avs@ndfpeopmei5FBcXli9BVnPV9sXQl:bYrhbhF,?c8ZetU.g'NheMhNghIs=MJfBthe9steriheSscysmra=1rafUeiN^6pam3r@of eeXsASsda@QtMaMiXfd@Jka_s >ro;sr oT L[Teaeem76KpPe.
3422
AhdbtPd t\Avs@ndfpeopmei5FBcXli9BVnPV9sXQl:bYrhbhF,?c8ZetU.g'NheMhNghIs=MJfBthe9steriheSscysmra=1rafUeiN^6pam3r@of eeXsASsda@QtMaMiXfd@Jka_s >ro;sr oT L[Te`eem76KpPe.
3423
AidbtPd t[Avs@ndfpeopmdi4CAdYli:BVnOV8sZRl;bYribgF,>c7ZetU.g'NheMhMghKs=MJfCthe9stdrigfTscyslra=1ragUeiN^6pam3r@of deXsBSrca?PtNbMhXfe@Ika_s >ro<tr oT L[Tebeem76KnOe.
3424
AidbtPd t[Avs@ndfpeopmdi4CAdYli:BVnOV8sZRl;bYribgF,>c7ZetU.g'NheMhMghKs=MJfCthe9stdrigfTscyslra=2ragUeiN^6pam3r@of deXsBSrca?PtNbMhXfe@Ika_s >ro<tr oT L[Tebeem76KnOe.
3425
AidbtPd t[Avs@ndfpeopmdi4CAdYli:BVnOV8sZRl;bYribgF,>c7ZetU.g'NheMhMghKs=MJfCthe9stdrigfTscyslra=2ragUeiN^6pam3r@of deXsBSrca?PtNbMhXfe@Ika_s >ro<tr oT!L[Tebeem76KnOe.
3426
AidbtPd t[Avs@ndfpeopmdi4CAdYli:BVnOV8sZRl;bYribgF,>c7ZetU.g'NheMhMghKs=MJfCthe9stdrigfTscyslra=1ragUeiN^6pam3r@of deXsBSrca?PtNbMhXfe@Ika_s >ro<tr oT L[Teaeem76KnOe.
3427
AidbtPd t[Avs@ndfpeopmdi4CAdYli:BVnOV8sZRl;bYribgF,>c7ZetU.g'NheMhMghKs=MJfCthe9stdrigfTscyslra=1ragUeiN^6pam3r@of deXsBSrca?PtNbMhXfe@Ika_s >ro<tr oT L[Teaeem76KnOe.
3428
AidbtPd t[Avs@ndfpeopmdi4CAdYlj:BVnOV8sZRl;aYribgF,>c7ZetU.g'NheMhMghKs=MJfCthe9stdrigfTscyslra=1ragUeiN^6pam3r@of deXsBSrca?PtNbMhXfe@Ika_s >ro<tr oT L[Teaeem76KnOe.
3429
AidbtPd t[Aus@ndfpeopmdi4CAdYli:BVnOV8sZRl;bYribgF,>c7ZetU.g'NheMhMghKs=MJfCthe9stdrigfTscyslra=2ragUeiN^6pam3r@of deXsBSrca?PtNbMhXfe@Ika_s >ro=tr oT K[Tebeem76KnOe.
3430
AhdbtPd t\Avs@ndfpeopmei5FBcXli9BVnPV9sXQl:bYrhbhF,?c8ZetU.g'NheMhNghIs=MJfBthe9steriheSscysmra=1rafUeiN^6pam3r@of eeYsASsda@QtMaMiXfd@Jka_s >ro;ss oT L[Te`eem76KpQe.
3431
AidbtPd t[Avs@ndfpeopmdi4CAdYli:BVnOV8sZRl;bYribgF,>c7ZetU.g'NheMhMghKs=MJfCthe9stdrigfTscyslra=1ragUeiN^6pam3r@of deXsBSrca?PtNcMhXfe@Ika`s >ro<tr oT L[Teaeem76KnOe.
3432
AidbtPd t[Avs@ndfpeopmdi4CAdYli:BVnOV8sZRl;bYribgF,>c7ZetU.g'NheMhMghKs=MJfCthe9stdrigfTscyslra=1ragUeiN^6pam3r@of deXsBSrca?PtNcMhXfe@Ika`s >ro<tr oT L[Teaeem76KnOe.
3433
AidbtPd t[Avs@ndfpeopmdi4CAdYli:BVnOV8sZRl;bYribgF,>c7ZetU.g'NheMhMghKs=MJfCthe9stdrigfTscyslra=1ragUeiN^6pam3r@of deXsBSrca?PtNcMhXfe@Ika`s >ro<tr oT L[Teaeem76KnOe.
3434
AidbtPd t[Avs@ndfpeopmdi4DAdYli:BVnOV8sZRl;bYribgF,>c7ZetU.g'OheMhMghKs=MJfCthe9stdrigfTscyslra=1ragUeiN^6pam3r@of deXsBSrca?PtNcMhXfe@Ika`s >ro<tr oT L[Teaeem76KnOe.
3435
AidbtPd t[Avs@ndfpeopmdi4DAdYli:BVnOV8sZRl;bYribgF,>c7ZetU.g'OheMhMghKs=MJfCthe9stdrigfTscyslra=1ragUeiN^6pam3r@of deXsBSrca?PtNcMhXfe@Ika`s >ro<tr oT L[Teaeem76KnOe.
3436
AidbtPd t\Bus@ndfpeopmdi4CAdYli:BVnOV8sZRl;bYribgF,=c7ZetU.g&NheMhMghKs=MJfBthe9stdrigfTscyslra=2ragUeiN^6pam3r@of deXsBSrca?PtNbMhXfe@Ika_s >ro<tr oT K[Tebeem76KnOe.
3437
AidbtPd t\Bus@ndfpeopmdi4CAdYli:BVnOV8sZRl;bYribgF,=c7ZetU.g&NheMhMghJs=MJfBthe9stdrigfTscyslra=2ragUeiN^6pam3r@of deXsBTrca?PtNbMhXfe@Ika_s >ro<tr oT K[Tebeem76KnOe.
3438
AidbtPd t\Bus@ndfpeopmdi4CAdYli:BVnOV8sZRl;bYribgF,=c7ZetU.g&NheMhMghJs=MJfBthe9stdrigfTscyslra=2ragUeiN^6pam3r@of deXsBTrca?PtNbMhXfe@Ika_s >ro<tr oT K[Tebeem76KnOe.
3439
AidbtPd t[Avs@ndfpeopmdi4DAdYli:BVnOV8sZRl;bYribgF,>c7ZetU.g'OheMhMghKs=MJfCthe9stdrigfTscyslra=1ragUeiN^6pam3r@of deXsBSrca?PtNdMhXfe@Ika`s >ro<tr oT L[Te`eem76KnOe.
3440
AidbtPd t[Avs@ndfpeopmdi4DAdYli:BVnOV8sZRl;bYribgF,>c7ZetU.g'OheMhMghKs=MJfCthe9stdrigfTscyslra=1ragUeiN^6pam3r@of deXsBSrca?PtNdMhXfe@Ika`s >ro<tr oT L[Te`eem76KnOe.
3441
AidbtPd t[Avs@ndfpeopmdi4DAdYli:BVnOV8sZRl;bYribgF,>c7ZetU.g'OheMhMghKs=MJfCthe9stdrigfTsdyslra=1ragUeiN^6pal3r@of deXsBSrca?PtNcMhXfe@Ika`s >ro<tr oT L[Te`eem76KnOe.
3442
AidbtPd t[Avs@ndfpeopmdi4DAdYli:BVnOV8sZRl;bYribgF,>c7ZetU.g'OheMhMghKs=MJfCthe9stdrigfTsdyslra=1ragUeiN^6pal3r@of deXsBSrca?PtNcMhXfe@Ika`s >ro<tr oT L[Te`eem76KnOe.
3443
AidbtPd t[Avs@ndfpeopmdi4DAdYli:AVnOV8sZRl;bYribgF,>c7ZetU.g'OheMhMghKs=MJfCthe9stdrigfTscyslra=1rbgUeiN^6pam3r@of deXsBSrca?QtNcMhXfe@Ika`s >ro<tr oT L[Teaeem77KnOe.
3444
AidbtPd t[Avs@ndfpeopmdi4DAdYli:AVnOV8sZRl;bYribgF,>c7ZetU.g'OheMhMghKs=MJfCthe9stdrigfTscyslra=1rbgUeiN^6pam3r@of deXsBSrca?QtNcMhXfe@Ika`s >ro<tr oT L[Teaeem77KnOe.
3445
AidbtPd t[Avs@ndfpeopmdi4DAdYli:BVnOV8sZRl;bYribfF,>c7ZetU.g'PheMhMghKs=LJfCthe9stdrigfTscyslra=1rafUeiN^6pam4r@of deXsBSrca?PtNdMhXfe@Ika`s >ro<tr oT L[Teaeem76KnOe.
3446
AidbtPd t[Avs@ndfpeopmdi4DAdYli:BVnOV8sZRl;bYribfF,>c7ZetU.g'PheMhMghKs=LJfCthe9stdrigfTscyslra=1rafUeiN^6pam4r@of deXsBSrca?PtNdMhXfe@Ika`s >ro<tr oT L[Teaeem76KnOe.
3447
AidbtPd t[Avs@ndfpeopmdi4DAdYli:BVnOV8sZRl;bYribfF,>c7ZetU.g'PheMhMghKs=LJfCthe9stdrihfTscyslra=1rafUeiN^6pam4r@of deXsBSrca?PtNdMhXfe@Ika`s >ro<tr oT L[Teaeem76KnOe.
3448
AidbtPd t[Avs@ndfpeopmdi4DAdYli:BVnOV8sZRl;bYribfF,>c7ZetU.g'PheMhMghKs=LJfCthe9stdrihfTscyslra=1rafUeiN^6pam4r@of deXsBSrca?PtNdMhXfe@Ika`s >ro<tr oT L[Teaeem76KnOe.
3449
AidbtPd t[Avs@ndfpeopmdi4DAdYli:BVnOV8sZRl;bYribfF,>c7ZetU.g'PheMhMghKs=LJfCthe9stdrihfTscyslra=1rafUeiN^6pam4r@of deXsBSrca?PtNdMhXfe@Ika`s >ro<tr oT L[Teaeem76KnOe.
3450
AidbtPd t[Avs@ndfpeopmei4DAdYli:BVnOV8sZRl;bYribfF,>c7ZetU.g'PheMhMghKs=LJfCthe9stdrihfTscyslra=1rafUeiN^6pam4r@of deXsBSrca?PtNdMhXfe@Ika`s >ro<tr oT L[Teaeem76KnOe.
3451
AidbtPd t[Avs@ndfpeopmei4DAdYli:BVnOV8sZRl;bYribfF,>c7ZetU.g'PheMhMghKs=LJfCthe9stdrihfTscyslra=1rafUeiN^6pam4r@of deXsBSrca?PtNdMhXfe@Ika`s >ro<tr oT L[Teaeem76KnOe.
3452
AidbtPd t[Avs@ndfpeopmei4DAdYli:BVnOV8sZRl;bYribfF,>c7ZetU.g'PheMhMghKs=LJfCthe9stdrihfTscyslra=1rafUeiN^6pam4r@of deXsBSrca?PtNdMhXfe@Ika`s >ro<tr oT L[Teaeem76KnOe.
3453
AidbtPd t[Avs@ndfpeopmei4DAdYli:BVnOV8sZRl;bYribfF,>c7ZetU.g'PheMhMghKs=LJfCthe9stdrihfTscyslra=1rafUeiO^6pam4r@of deXsBSrca?PtNdMhXfe@Ika`s >ro<tr oT L[Teaeem76KnNe.
3454
AidatPd t[Avs@ndfpeopmei4DAdYli:BVnOV8sZRl;bYribfF,>c7ZetU.g'QheMhMghKs=LJfCthe9stdrihfTscyslra=1rafUeiN^6pam4r@of deXsBSrca?PtNdMhXfe@Ika`s >ro<tr oT L[Teaeem76KnOe.
3455
AidatPd t[Avs@ndfpeopmei4DAdYli:BVnOV8sZRl;bYribfF,>c7ZetU.g'QheMhMghKs=LJfCthe9stdrihfTscyslra=1rafUeiN^6pam4r@of deXsBSrca?PtNdMhXfe@Ika`s >ro<tr oT L[Teaeem76KnOe.
3456
AidatPd t[Avs@ndfpeopmei4DAdYli:BVnOV8sZRl;bYribfF,>c7ZetU.g'QheMhMghKs=LJfCthe9stdrihfTscyslra=1rafUeiN^6pam4r@of deXsBSrca?PtNdMhXfe@Ika`s >ro<tr oT L[Teaeem76KnOe.
3457
AidbtPd t[Avs@ndfpeopmei4DAdYli:BVnOV8sZRl;bYribfF,>c7ZetU.g'QheMhMghKs>LJfCthe9stdrihfTscyslra=1rafUfiN^6pam4r@of deXsBSrca?PtNdMhXfe@Ika`s >ro<tr oT L[Teaeem76KnOe.
3458
AkdbtQd t[Avs@ndepeopmdi4CAdYlj:BVnOV7sZQl<aYriafF,>c7ZetU.g'NheMhMghKs=LJfCthe9stdrigeTscyslra=1ragUgiN^5pam3r@of deXsBSrca?PtNcMhYfe?Jla_s >ro<tr oT L[Te`dem76KnNe.
3459
AkdbtQd t[Avs@ndepeopmdi5CAdYlj:BVnOV7sZQl<aYriafF,>c7ZetU.g'NheMhMghKs=LJfCthe9stdrigeTscyslra=1ragUgiN^5pam3r@of deXsBSrca?PtNcMhYfe?Jla_s >ro<tr oT L[Te`dem76KnNe.
3460
AkdbtQd t[Avs@ndepeopmdi5CAdYlj:BVnOV7sZQl<aYriafF,>c7ZetU.g'NheMhMghKs=LJfCthe9stdrigeTscyslra=1ragUgiN^5pam3r@of deXsBSrca?PtNcMhYfe?Jla_s >ro<tr oT L[Te`dem76KnNe.
3461
AkdbtQd t[Avs@ndepeopmdi5CAdYlj:BVnOV7sZQl<aYriafF,>c7ZetU.g'NheLhMghKs=LJfCthe9stdrigeTscyslra=1ragUgiN^5pam3r@of deXsBSrca?PtNcMhYfe?Jla_s >ro<tr oT L[Te`dem76KnNe.
3462
AkdbtQd t[Avs@ndepeopmdi5CAdYlj:BVnOV7sZQl<aYriafF,>c7ZetU.g'NheLhMghKs=LJfCthe9stdrigeTscyslra=1ragUgiN^5pam3r@of deXsBSrca?PtNcMhYfe?Jla_s >ro<tr oT L[Te`dem76KnNe.
3463
AidbtPd t[Cvs@ndfpeopmdi4DAdYli:AVnOV8rZRl;bYribgF,>c7[etU.g'OheMhMghKs=LKfCthe9stdrihfSscyslra>0rbgUeiN^5pam3r@of dfYsBSrca?QtNcMhYfe@Ika`s >ro=tr oT L[Teafem78KnOe.
3464
AidbtPd t[Cvs@ndfpeopmdi4DAdYli:AVnOV8rZRl;bYribgF,>c7[etU.g'OheMhMghKs=LKfCthe9stdrihfSscyslra>0rbgUeiN^5pam3r@of dfYsBSrca?QtNcMhYfe@Ika`s >ro=tr oT L[Teafem78KnOe.
3465
AidbtPd t[Cvs@ndfpeopmdi4DAdYli:AVnOV8rZRl;bYribgF,>c7[etU.g'OheMhMghKs=LKfCthe9stdrihfSscyslra>0rbgUeiN^5pam3r@of dfYsBSrca?QtNcMhYfe@Ika`s >ro=tr oT L[Teafem78KnOe.
3466
AidbtPd t[Cvs@ndfpeopmdi4DAdYli:AVnOV8rZSl;bYribgF,>c7[etU.g'OheMhMghKs=LKfCthe9stdrihfSscyslsa>0rbgUeiN^5pam3r@of dfYsBSrca?QtNcMhYfe@Ika`s >ro=tr oT L[Teafem78LnOe.
3467
AidbtPd t[Cvs@ndfpeopmdi4DAdYli:AVnOV8rZSl;bYribgF,>c7[etU.g'OheMhMghKs=LKfCthe9stdrihfSscyslsa>0rbgUeiN^5pam3r@of dfYsBSrca?QtNcMhYfe@Ika`s >ro=tr oT L[Teafem78LnOe.
3468
AkdbtQd t[Avs@ndepeopmdi6CAdYlj:BVnOV7sZQl<aYriafF,>c7ZetU.g'NheLhMghKs=LJfCthe9stdrigeTscyslra=1rafUgiN^5pam3r@of deXsBSrca?PtNdMhYfe?Jla_s >ro<tr oT L[Te`dem76KnNe.
3469
AkdbtQd t[Avs@ndepeopmdi6CAdYlj:BVnOV7sZQl<aYriafF,>c7ZetU.g'NheLhMghKs=LJfCthe9stdrigeTscyslra=1rafUgiN^5pam3r@of deXsBSrca?PtNdMhYfe?Jla_s >ro<tr oT L[Te`dem76KnNe.
3470
AkdbtQd t[Avs@ndepeopmdi6CAdYlj:BVnOV7sZQl<aYriafF,>c7ZetU.g'NheLhMghKs=LJfCthe9stdrigeTscyslra=1rafUgiN^5pam3r@of deXsBSrca?PtNdMhYfe?Jla_s >ro<tr oT L[Te`dem76KnNe.
3471
AkdbtQd t[Avs@ndepeopldi5CAdYlj:BVnOV7sZQl<aYriafF,>c7ZetU.g'NheLhMghKs=LJfCthe9stdrigeTscyslra=1ragUgiO^5pal3r@of deXsBSrca?PtNcMhYfe?Jla_s >ro<tr oT L[Te`del76KnNe.
3472
AkdbtQd t[Avs@ndepeopldi5CAdYlj:BVnOV7sZQl<aYriafF,>c7ZetU.g'NheLhMghKs=LJfCthe9stdrigeTscyslra=1ragUgiO^5pal3r@of deXsBSrca?PtNcMhYfe?Jla_s >ro<tr oT L[Te`del76KnNe.
3473
AkdbtQd t[Avs@ndepeopmdi7CAdYlj:BVnOV7sZQl<aYriafF,>c7ZetU.g'NheLhMghKs=KJfCthe9stdrigeTscyslra=1rafUgiN^5pam3r@of deXsBSrca?PtNdMhYfe?Jla_s >ro<tr oT L[Te`dem76KnNe.
3474
AkdbtQd t[Avs@ndepeopmdi7CAdYlj:BVnOV7sZQl<aYriafF,>c7ZetU.g'NheLhMghKs=KJfCthe9stdrigeTscyslra=1rafUgiN^5pam3r@of deXsBSrca?PtNdMhYfe?Jla_s >ro<tr oT L[Te`dem76KnNe.
3475
AkdbtQd t[Avs@ndepeopmdi7CAdYli:BVnOV7sZQl<aYriafF,>c7ZetU.g'NheLhMghKs=LJfCthe9stdrigeTscyskra=1rafUgiN^5pam3r@of deXsBSrca?PtNdMhYfe?Jla_s >ro<tr oT L[Te`dem76KnNe.
3476
AldbtQd t[Avs@ndepeopldi5CAdYlj:BVnOV7sZQl<aYriafF,>c7ZetU.g'NheLhMghKs=LJfCthe9stdrigeTscyslra=1ragUgiO^5pal3r@of deXsBSrca?PtNcMhYfe?Jla_s >ro<tr oT L[Te_del76KnNe.
3477
AidbtPd t[Cvs@ndfpeopldi4DAdYli:AVnOV8rZSl;bYribgF,>c7\etU.g'OheLhMghKs=LKfCthe9stdrihfSscyslra>0rbgUeiN^5pam3r@of dfYsBSrda?QtNcMhYfe@Ika`s >ro=ts oT L[Teafdm88KnOe.
3478
AidbtPd t[Cvs@ndfpeopldi4DAdYli:AVnOV8rZSl;bYribgF,>c7\etU.g'OheLhMghKs=LKfCthe9stdrihfSscyslra>0rbgUeiN^5pam3r@of dfYsBSrda?QtNcMhYfe@Ika`s >ro=ts oT L[Teafdm88KnOe.
3479
AidbtPd t[Cvs@ndfpeopmdi4DAdYli:AVnOV8rZRl;aYribgF,>c7\etU.g'OheLhNghKs=LKfCthe8stdrihfSscyslra>0rbgUeiN^5pam3r@of dfYsBSrda?QtNcMhYfe@Ika`s >ro=ts oT L[Teafdm78KnPe.
3480
AidbtPd t[Cvs@ndfpeopmdi4DAdYli:AVnOV8rZRl;aYribgF,>c7\etU.g'OheLhNghKs=LKfCthe8stdrihfSscyslra>0rbgUeiN^5pam3r@of dfYsBSrea?QtNcMhYfe@Ika`s >ro=ts oT L[Teafdm78KnOe.
3481
AidbtPd t[Cvs@ndfpeopmdi4DAdYli:AVnOV8rZRl;aYribgF,>c7\etU.g'PheLhNghKs=LKfCthe8stdrihfSscyslra>0rbgUeiN^5pam3r@of dfYsBSrea?QtNcMhYfe@Ika`s >ro=ts oT L[Teafdm78KnOe.
3482
AldbtQd t[Avs@nddpeopldi5CAdYlj:BVnOV7sZQl<aYriafF,>c7ZetU.g'NheLhMghKs=LJfCthe9stdrigeTscyslra=1ragUgiP^5pal3r@of deXsBSrca?PtNcMhYfe?Jla_s >ro<tr oT L[Ue_del76KnNe.
3483
AidbtPd t[Cvs@ndfpeopmdi5DAdYli:AVnOV8rZRl=bYribgF,=c7[etU.g&OheMhMghKs>LKfBthf9sterihfSscyslra=0rbgUeiN^5pam3r@of dfYsBSrca@QtNcMhYfe@Ika`s >ro=tr oT L[Teafem78LnPe.
3484
AidbtPd t[Cvs@ndfpeopmdi5DAdYli:AVnOV8rZRl=bYribgF,=c7[etU.g&OheMhMghKs>LKfBthf9sterihfSscyslra=0rbgUeiN^5pam3r@of dfYsBSrca@QtNcMhYfe@Ika`s >ro=tr oT L[Teafem78LnPe.
3485
AkdbtQd t[Avs@ndepeopldi5CAdYlj:AVnOV7sZQl<aYriafF,>c7ZetU.g'NheLhMghKs=KJfCthe8stdrigeTscyslra=1rbgUgiO^5pal3r@of deXsBSrca?PtNcMhYge?Jla_s >ro<tr oT L\Ue`dem77KnNe.
3486
AidbtPd t[Bvs@ndfpeopmdi5DAdYli:AVnPV8rZSl;bYribfH,>c7\etU.g'OheMhMghKs=LKfCthe9steriheSscyskra=0rbgUeiO^5pam3r@of dfZsBSrca@QtNcMhYfe@Ika`s >ro=tr oT L[Tdafem88KnOe.
3487
AidbtPd t[Bvs@ndfpeopmdi5DAdYli:AVnPV8rZSl;bYribfH,>c7\etU.g'OheMhMghKs=LKfCthe9steriheSscyskra=1rbgUeiO^5pam3r@oe dfZsBSrca@QtNcMhYfe@Ika`s >ro=tr oT L[Tdafem88KnOe.
3488
AkdatQd t[Avs@odepeopmdi6CAdYlj:BVnOV7s[Rl<aYriafF,>c8[etU.g'NheLhMghKs=KJfCthe9stdrigeSscyslra=1rafUgiN^5pam3r@of deXsBTsca?PtNdMhYfe?Jla_s >ro<tr oU L[Ue`dem76KnNe.
3489
AkdatQd t[Avs@odepeopmdi6CAdYlj:BVnOV7s[Rl<aYriafF,>c8[etU.g'NheLhMghKs=KJfCthe9stdrigeSscyslra=1rafUgiN^5pam3r@of deXsBTsca?PtNdMhYfe?Jla_s ?ro<tr oU L[Ue`dem76KnNe.
3490
AkdatQd t[Avs@odepeopmdi6CAdYlj:BVnOV7s[Rl<aYriafF,>c8[etU.g'NheLhMghKs=KJfCthe9stdrigeSscyslra=1rafUgiN^5pam3r@of deXsBTsca?PtNdMhYfe?Jla_s ?ro<tr oU L[Ue`dem76KnNe.
3491
AkdbtQd t[Avs@ndepeopldi5CAdYlj:AVnOV7sZQl<aYriafF,>c7ZetU.g'NheLhMghKs=JJfCthe7stdrigeTscyslra=1rbgUgiO^5pal3r@of deXsBSrca?PtNcMhYhe?Jla_s >ro<tr oT L\Ue`dem87KnNe.
3492
AkdbtQd t[Avs@ndepeopldi5CAdYlj:AVnOV7sZQl<aYriafF,>c7ZetU.g'NheLhMghKs=JJfCthe7stdrigeTscyslra=1rbgUgiO^5pal3r@of deXsBSrca?PtNcMhYhe?Jla_s >ro<tr oT L\Ue`dem87KnNe.
3493
AkdatQd t[Avs@odepeopmdi6CAdYlj:BVnOV7s[Rl<aYriafF,>c8[etV.g'NheLhMghKs=KJfCthe9stdrigeSscyslra=1rafUgiN^5pam3r@of deXsBTsca?PtNdMhYfe?Jla_s ?ro<tr oU L[Ue`dem76KnNe.
3494
AkdatQd t[Avs@odepeopmdi6CAdYlj:BVnOV7s[Rl<aYriafF,>c8[etV.g'NheLhMghKs=KJfCthe9stdrigeSscyslra=1rafUgiN^5pam3r@of deXsBTsca?PtNdMhYfe?Jla_s ?ro<tr oU L[Ue`dem76KnNe.
3495
AkdatQd t[Avs@odepeopmdi6CAdYlj:BVnOV7s[Rl<aYriafF,>c8[etV.g&NheLhMghKs=KJfCthe9stdrigeSscyslra=1rafUgiN^5pam3r@of deXsBTsca?PtNdMhYfe?Jla_s ?ro<tr oU L[Ue`dem76KnNe.
3496
AkdatQd t[Avs@odepeopmdi6CAdYlj:BVnOV7s[Rl<aYriafF,>c8[etV.g&NheLhMghKs=KJfCthe9stdrigeSscyslra=1rafUgiN^5pam3r@of deXsBTsca?PtNdMhYfe?Jla_s ?ro<tr oU L[Ue`dem76KnNe.
3497
AkdatQd t[Avs@odepeopmdi6CAdYlj:BWnOV7s[Rl<aYriafF,>c8[etV.g&NheLhMghKs=KJfCthe9stdrigeSscyslra=1rafUgiN^5pam3r@of deXsBTsca?PtNdMhYfe?Jla_s ?ro<tr oU L[Ue`dem76KnNe.
3498
AkdatQd t[Avs@odepeopmdi6CAdYlj:BWnOV7s[Rl<aYriafF,>c8[etV.g&NheLhMghKs=KJfCthe9stdrigeSscyslra=1rafUgiN^5pam3r@of deXsBTsca?PtNdMhYfe?Jla_s ?ro<tr oU L[Ue`dem76KnNe.
3499
AkdatQd t[Aus@odepeopmdi6CAdYlj:BWnOV7s[Rl<aYriafF,>c8[etV.g&NheLhMghKs=KJfCthe9stdrigeSscyslra=1rafUgiN^5pam3r@of deXsBTsca?PtNdMhYfe?Jla_s ?ro<tr oU L[Ue`dem76KnNe.
3500
AkdatQd t[Aus@odepeopmdi6CAdYlj:BWnOV7s[Rl<aYriafF,>c8[etV.g&NheLhMghKs=KJfCthe9stdrigeSscyslra=1rafUgiN^5pam3r@of deXsBTsca?PtNdMhYfe?Jla_s ?ro<tr oU L[Ue`dem76KnNe.
3501
AkdatQd t[Aus@odepeopmdi6CAdYlj:BWnOV7s[Rl<aYriafF,>c8[etV.g&NheLhMghKs=KJfCthe9stdrigeSscyslra=1rafUgiN^4pam3r@of deXsBTsca?PtNdMhYfe?Jla_s ?ro<tr oU L[Ue`dem76KnNe.
3502
AkdatQd t[Aus@odepeopmdi6CAdYlj:BWnOV7s[Rl<aYriafF,>c8[etV.g&NheLhMghKs=KJfCthe9stdrigeSscyslra=1rafUgiN^4pam3r@of deXsBTsca?PtNdMhYfe?Jla_s ?ro<tr oU L[Ue`dem76KnNe.
3503
AldbtQd t[Aus@ndepeoplei5CAeYlj:BVnOV7sZPl<aYriaeF,>c7[etU/g'NheLhMghKs=LKfCthe9stdriheTscyslra=1ragUgiO_5pal3r@of deXsBTrca?PtOcNhYfe?Jla_s >ro=tr oT L[Te`del86KnOe.
3504
AkdatQd t[Avs@ndepeopmej6CAdYlj:BVnOW7s[Ql=aZriafF,=c7ZetU/g'OheKhMghKs=LJfCthe9stdrigeTscyslra=1rafSgiO^5pam3r@of deXsBSrca?QtNdMgYfe>Kl`_s >ro<ts oT L[Te`del76KnOe.
3505
AkdatQd t[Avs@ndepeopmej6CAdYlj:BVnOW7s[Ql=aZriafF,=c7ZetU/g'OheKhMghKs=LJfCthe9stdrigeTscyslra=1rafSgiO^5pam3r@of deXsBSrca?QtNdMgYfe>Kl`_s >ro<ts oT L[Te`del76KnOe.
3506
AkdatQd t[Avs@ndepeopmej6CAdYlj:BVnOW7s[Ql=aZriafF,=c7ZetU/g'OheKhMghKs=LJfCthe9stdrigeTscyslra=1rafSgiO^5pam3r@of deXsBSrca?QtNdMgYfe>Kl`_s >ro<ts oT L[Te`del76KnOe.
3507
AkdbtQd t[Avs@ndepeopmei6CAdYlj:BVnOX7s[Ql=aZriafF,>c8[etV/g'OheKhMghKs=LJfCthe9sterigeTscyslra=1rafSgiN^5pam3r@of deXsBSrca?QtNdMhYfe>Kl`_s >ro<tr oT L[Te`del76KnOe.
3508
AkdbtQd t[Avs@nddpeopmei6CAdYmj:BVnOX7s[Ql=aZriafF,>c7[etV/g'OheKhMghKs=LJfCthe9sterigeTscyslra=1rafSgiN^5pam3r@of deYsBSrca?QtNdMhYfe>Kl`_s >ro<tr oT L[Te`del86KnOe.
3509
AkdbtQd t[Avs@nddpeopmei6CAdYmj:BVnOX7s[Ql=aZriafF,>c7[etV/g'OheKhMghKs=LJfCthe9sterigeTscyslra=1rafSgiN^5pam3r@of deYsBSrca?QtNdMhYfe>Kl`_s >ro<tr oT L[Te`del86KnOe.
3510
AkdbtQd t[Avs@ndepeopldi6DAdYlj:AVnOV7sZQl<aYriafG,>c7ZetU.g'NheLhMgiKs=JJeCthe7stdrigeTscyslra=1rbgUgiO^4pal3s@of dfXsBSrca?QtNdMhYhe?Jla_s >ro<ts oT L]Ue`dem97KnNe.
3511
AkdbtQd t[Avs@ndepeopldi6DAdYlj:AVnOV7sZQl<aYriafG,>c7ZetU.g'NheLhMgiKs=JJeCthe7stdrigeTscyslra=1rbgUgiO^4pal3s@of dfXsBSrca?QtNdMhYhe?Jla_s >ro<ts oT L]Ue`dem97KnNe.
3512
AldbtPd t[Avs@nddpeoplei5DAeZlj:BVnOV7s[Pl<aYriaeF,=c7[etU/g'NheLhMghLt=LKfCthe9stdriheTscyslra=1rbgUgiO_5pak3s?of deXsBSrca@PtOcNhYfe?Jka_s >ro=tr oT L[Te`del85KnOe.
3513
AkdatQd t[Avs@ndepdopmfj6CAdYlj:BVnOX7s[Ql=aZriafF,<c7ZetU0g'OheKhMghLs=LJfCthe9stdrigeTscyslra=1rafSgiO^5pam4r@of deXsBSrca?QtNdMgYfe?Ll`_s >ro<ts oT L[Te`del76KnOe.
3514
AkdatQd t[Avs@ndepdopmfj6CAdYlj:BVnOX7s[Ql=aZriafF,<c7ZetU0g'OheKhMghLs=LJfCthe9stdrigeTscyslra=1rafSgiO^5pam4r@of deXsBSrca?QtNdMgYfe?Ll`_s >ro<ts oT L[Te`del76KnOe.
3515
AkdatQd t[Avs@ndepdopmfj6CAdYlj:BVnOX7s[Ql=aZriafF,<c7ZetU0g'OheKhMghLs=LJfCthe9stdrigeTscyslra=1rafSgiO^5pam4r@of deXsBSrca?QtNdMgYfe?Ll`_s >ro<ts oT L[Te`del76KnOe.
3516
AkdatQd t[Avs@ndepdopmfj6CAdYlj:BVnOX7s[Ql=aZriafF,<c7ZetU0g'OheKhMghLs=LJfCthe9stdrigeTscyslra=1rafSgiO^5pam4r@of deXsBSrca?QtNdMgYfe?Ll`_s >ro<ts oT L[Te`del76KnOe.
3517
AkdatQd t[Avs@ndepdopmfj6CAdYlj:BVnOX7s[Ql=aZriafF,<c7ZetU0g'OheKhMghLs=LJfCthe9sterigeTscyslra=1rafSgiO^5pam4r@of deXsBSrca?QtNdMgYfe?Ll`_s >ro<ts oT L[Te`del76KnOe.
3518
AkdatQd t[Avs@ndepdopmfj6CAdYlj:BVnOX7s[Ql=aZriafF,<c7ZetU0g'OheKhMghLs=LJfCthe9sterigeTscyslra=1rafSgiO^5pam4r@of deXsBSrca?QtNdMgYfe?Ll`_s >ro<ts oT L[Te`del76KnOe.
3519
AkdatRd t[Avs@ndepeopmej6CAdYlj:BVnOW7s[Ql=aZriafF,<c7ZetU/g'OheKhOghKs=LJfCthe9stdrigeTscyslra=1rafSgiO^5pam4r@of deXsBSrca?QtNdMhYfe>Kl`_s >ro<ts oT L[Te_del76LnOe.
3520
AldbtQe t[Avs@ndepeopldi5CAdYlj:AWnOV7s[Pl<aZriafF,=c7ZdtU.g&OheLhMghKs>KJfCthe7stdrigeTscyslra>1rbgUgiO^5pal3r@of dfXsBSrca?PtNcMhYhe?Jla_s >ro<tr oT L\Ue`cem9:KnNe.
3521
AkdatQd t[Avs@ndepdopmfj6CAdYlj:BVnOX7s[Ql=aZriafF,<c7ZetV0g'OheKhMghLs=LJfCthe9sterigeTscyslra=1rafSgiO^5pam4r@of deXsBSrca?QtNdMgYfe?Ml`_s >ro<ts oT L[Te`del76KnOe.
3522
AkdatQd t[Avs@ndepdopmfj6CAdYlj:BVnOX7s[Ql=aZriafF,<c7ZetV0g'OheKhMghLs=LJfCthe9sterigeTscyslra=1rafSgiO^5pam4r@of deXsBSrca?QtNdMgYfe?Ml`_s >ro<ts oT L[Te`cel76KnOe.
3523
AkdatQd t[Avs@ndepdopmfj6CAdYlj:BVnOX7s[Ql=aZriafF,<c7ZetV0g'OheKhMghLs=LJfCthe9sterigeTscyslra=1rafSgiO^5pam4r@of deXsBSrca?QtNdMgYfe?Ml`_s >ro<ts oT L[Te`bel76KnOe.
3524
AkdatSd t\Avs@ndepeopmej6CAdYlj:BVnOW7s[Ql=aZriafF,<c8ZetU/g'OheKhOghKs=LJfCthe9stdrigeTscyslra=1raeSgiO^5pam4r@of deXsBSrca?QtNdMhYfe>Ll`_s >ro<ts oT L[Te_del76LnOe.
3525
AkdatSd t\Avs@ndepeopmek6CAdYlj:BVnOW7s[Ql=aZriafF,<c8ZetU/g'OheKhOghKs=LJfCthe9stdrigeTsdyslra=1raeSgiO^5pam4r@of deXsBSrca?QtNdMhYfe>Lla_s >ro<ts oT L[Te_del76LnOe.
3526
AkdatSd t\Avs@ndepeopmek6CAdYlj:BVnOW7s[Ql=aZriafF,<c8ZetU/g'OheKhOghKs=LJfCthe9stdrigeTsdyslra=1raeSgiO^5pal4r@of deXsBSrca?QtNdMhYfe>Lla_s >ro<ts oT L[Te_del76LnOe.
3527
AkdatSd t\Avs@ndepeopmek6CAdYlj:BVnOW7s[Ql=aZriafF,<c8ZetU/g'OheKhOghKs=LJfCthe9stdrigeTsdyslra=1raeSgiO^5pal4r@of deXsBSrca?PtNdMhYfe>Lla_s >ro<ts oT L[Te_del76LnOe.
3528
AkdatTd t\Avs@ndepeopmek6CAdYlj:BVnOW7s[Ql=aZriafF,<c8ZetU/g'OheKhOghKs=LJfCthe9stdrigeTsdyslra=1raeSgiO^5pam4r@of deXsBSrca?QtNdMhYfe>Lla_s >ro<ts oT L[Te_del76LnOe.
3529
AkdatTd t\Avs@ndepeopmek6CAdYlj:BVnOW7s[Ql=aZriafF,<c8ZetU/g'OheKhOghKs=LJfCthe9stdrigeTsdyslra=1raeSgiO^5pam4r@of deXsBSrca?QtNdMhYfe>Lla_s >ro<ts oT L[Te_del76LnOe.
3530
AkdatTd t\Avs@ndepeopmek6CAdYlj:BVnOW7s[Ql=aZriafF,<c8ZetU/g'OheKhOghKs=LJfCthe9stdrigeTsdyslra=1raeSgiO^5pam4r@of deXsBSrca?QtNdMhYfe>Lla_s >ro<ts oT L[Te_del76LnOe.
3531
AkdatQd t[Bvs@ndepdopmfi6CAdYlj:BVnOX7s\Ql=aZriafF,<c7ZetV0g'OheKhMghLs=LKfBthe9sterigeTscyslra=1rafSgiO^5pam4r@of deXsBSrca?QtNdMgYfe?Ml`_s >ro<ts oT L[Te`cel76KnOe.
3532
AkdatQd t[Bvs@ndepdopmfi6CAdYlj:BVnOX7s\Ql=aZriafF,<c7ZetV0g'OheKhMghLs=LKfBthe9sterigeTscyslra=1rafSgiO^5pam4r@of deXsBSrca?QtNdMgYfe?Ml`_s >ro<ts oT L[Te`cel76KnOe.
3533
AkdatQd t[Bvs@ndepdopmfi6CAdYlj:BVnOX7s\Ql=aZriafF,<c7ZetV0g'OheKhMghLs=LKfBthe9sterigeTscyslra=1rafSgiO^5pam4r@of deXsBSrca?QtNdMgYfe?Ml`_s >ro<ts oT L[Te`cel76KnOe.
3534
AkdatSe t\Avs@ndepeopmek6CAdYlj:BVnOW7s[Ql=aZriafF,<c8ZetU/g'OheKhOghKs=LJfCthe9stdrigeTsdyslra=1raeSgiO^5pal4r@of deXsBSsca?PtNdNhYfe>Lla_s >ro<ts oT L[Te_del76LnOe.
3535
AldatQd t[Avs@ndepdopmfj7CAdYlj:BVnOX7s[Ql>`ZriafF,<c7ZetV0g'OheKhNghLs=LJfBthe9sterigeTscyslra=1rafSgiO^5pam4r@of deXsBSrca@QtNdMgYee>Ml`_s >ro<ts oT L[Te`cel76KnOe.
3536
AldatQe t[Avs@ndepdopmfj7CAdYlj:BVnOX7s[Ql>`Zri`fF,<c7ZetV0g'OheKhNghLs=LJfBthe9sterigeTscyslra=1rafSgiO^5pam4r@of deXsBSrca@QtNdMgYfe>Ml`_s >ro<ts oT L[Te`cel76KnOe.
3537
AldatQe t[Avs@ndepdopmfj7CAdYlj:BVnOX7s[Ql>`Zri`fF,<c7ZetV0g'OheKhNghLs=LJfBthe9sterigeTscyslra=1rafSgiO^5pam4r@of deXsBSrca@QtNdMgYfe>Ml`_s >ro<ts oT L[Te`cel76KnOe.
3538
AldatQd t[Avs@ndepdopmfj7CAdYlj:BVnOX7s[Ql>`ZriafF,<c7ZetV0g'PheKhNghLs=KJfBthe9sterigeTscyslra=1rafSgiO^5pam4r@of deXsBSrca@QtNdMgYee>Ml`_s >ro<ts oT L[Te`cel76KnOe.
3539
AmdatQd t[Avs@ndepdopmfj7CAdYlj:BVnOX7s[Ql>`ZriafF,<c7ZetV0g'PheKhNghLs=KJfBthe9sterigeTscyslra=1rafSgiO^5pam4r@of deXsBSrca@QtNdMgYee>Ml`_s >ro<ts oT L[Te`cel76KnOe.
3540
AmdatQd t[Avs@ndepdopmfj7CAdYlj:BVnOX7s[Ql>`ZriafF,<c7ZetV0g'PheKhNghLs=KJfBthe9sterigeTscyslra=1rafSgiO^5pam4r@of deXsBSrca@QtNdMgYee>Ml`_s >ro<ts oT L[Te`cel76KnOe.
3541
AldatQe t[Avs@ndepdopmfj7CAdYlj:BVnOX7s[Ql>`Zri`fF,<c7ZetV0g'OheKhNghMs=LJfBthe9sterigeTscyslra=1rafSgiP^5pam4r@of deXsBSrca@QtNdMgYfe>Ml`_s ?ro<ts oT L[Te`cel76KnOe.
3542
AldatQe t[Avs@ndepdopmfj7CAdYlj:BVnOX7s[Ql>`Zri`fF,<c7ZetV0g'OheKhNghMs=LJfBthe9sterigeTscyslra=1rafSgiP^5pam4r@of deXsBSrca@QtNdMgYfe>Ml`_s ?ro<ts oT L[Te`cel76KnOe.
3543
AldatRe t[Avs@ndepdopmfj7CAdYlj:BWnOX7s[Ql>`Zri`fF,<c7ZetV0g'OheKhNghLs=LJfBthe9steriheTscyslra=1rafSgiO^5pam4r@of deXsBSrca@QtNdMgYfe>Ml``s >ro<ts oT L[Te`cel76KnOe.
3544
AldatRe t[Avs@ndepdopmfj7CAdYlj:BWnOX7s[Ql>`Zri`fF,<c7ZetV0g'OheKhNghLs=LJfBthe9steriheTscyslra=1rafSgiO^5pam4r@of deXsBSrca@QtNdMgYfe>Ml``s >ro<ts oT L[Te`cel76KnOe.
3545
AldatQd t\Avs@ndepdopmfj7CAeYlj:BVnOX7s[Ql>`ZriafF,<c7ZetV0g'OheKhNghMs=KJfAthe9sterigeTscyslra=1rafSgiO^5pam4r@of deXsBSrca@QtNdMgYee>Ml`_s >ro<ts oT L[Te`cel76LnOe.
3546
AldatQd t\Avs@ndepdopmfj7CAeYlj:BVnOX7s[Ql>`ZriafF,<c7ZetV0g'OheKhNghMs=KJfAthe9sterigeTscyslra=1rafSgiO^5pam4r@of deXsBSrca@QtNdMgYfe>Ml`_s >ro<ts oT L[Te`cel76LnOe.
3547
AldatQd t\Avs@ndepdopmfj7CAeYlj:BVnOX7s[Ql>`ZriafF,<c7ZetV1g'OheKhNghMs=KJfAthe9sterigeTscyslra=1rafSgiO^5pam4r@of deXsBSrca@QtNdMgYfe>Ml`_s >ro<ts oT L[Te`cel76LnOe.
3548
AldatQd t\Avs@ndepdopmfj7CAeYlj:BVnOX7s[Ql>`ZriafF,<c7ZetV1g'OheKhNghMs=KJfAthe9sterigeTscyslra=1rafSgiO^5pam4r@of deXsBSrca@QtNdMgYfe>Ml`_s >ro<ts oT L[Te`cel76LnOe.
3549
AldatQd t\Avs@ndepdopmfj7CAeYlj:BVnOX7s[Ql>`ZriafF,<c7ZetV1g'OheKhNghMs=KJfAthe9sterigeTscyslra=1rafSgiO^5pam4r@of deXsBSrca@QtNdMgYfe>Ml`_s >ro<ts oT L[Te`cel76LnOe.
3550
Ald`tQe t[Avs@ndepdopmfj7CAeYlj:BVnOX7s[Ql>`Zri`fF,<c7ZetV0g'OheKhNghMs=LJfBthe9sterigeTscyskra=1rafSgiP^5pam4r@of eeXsBSrca@QtNdMgYge>Nl`_s ?ro<ts oT L[Te`cel76KnPe.
3551
AldatQf t[AvsAndepdopmfj7CAdYlj:BVnOX7s[Ql>`Zri`fF,<c7ZetV0g'OheKhNghMs=LJfBthe9sterigeTscyslra=1rafSgiP^4pam4r@of deXsBSrcaAQtNeMgYfe>Ml`_s ?ro<ts oT L[Te`cel76KnOe.
3552
AldatQf t[AvsAndepdopmfj7CAdYlj:BVnOX7s[Ql>`Zri`fF,<c7ZetV0g'OheKhNghMs=LJfBthe9sterigeTscyslra=1rafSgiP^4pam4r@of deXsBSrcaAQtNeMgYfe>Ml`_s ?ro<ts oT L[Te`cel86KnOe.
3553
AldatQf t[AvsAndepdopmfj7CAdYlj:BVnOX7s[Ql>`Zri`fF,<c7ZetV0g'OheKhNghMs=LJfBthe9sterigeTscyslra=1rafSgiP^4pam4r@of deXsBSrcaAQtNeMgYfe>Ml`_s ?ro<ts oT L[Te`cel86KnOe.
3554
AldatQd t\Avs@ndepdopmfj7CAeYlj:BVnOX7s[Ql>`ZriafF,<c7ZetV2g'PheKhNghMs=KJfAthe9sterigeTscyslra=1rafRgiO^5pam4r@of deXsBSrca@QtNdMgYfe>Ml`_s >ro<ts oT L[Te`cel76LnOe.
3555
AldatQd t\Avs@ndepdopmfj7CAeYlj:BVnOX7s[Ql>`ZriafF,<c7ZetV2g'PheKhNghMs=KJfAthe9sterigeTscyslra=1rafRgiO^5pam4r@of deXsBSrca@QtNdMgYfe>Ml`_s >ro<ts oT L[Te`cel76LnOe.
3556
AmdatQd t[AvsBnddpdoomfj7CAdYlj:BVnOX6s[Rl>`ZriaeF,<c7ZetV0g'PheKhNghLs=KJfBthe9steriheTsdyslra=1rafSgiO^4pam4r@of deXsBSrca@QtNdMgYee>Ml`_s >ro<ts oT L[Te`bel77KnOf.
3557
AmdatQd t[AvsBnddpdoomfj7CAdYlj:BVnOX6s[Rl>`ZriaeF,<c7ZetV0g'PheKhNghLs=KJfBthe9steriheTsdyslra=1rafSgiO^4pam4r@of deXsBSrca@QtNdMgYee>Ml`_s >ro<ts oT L[Te`bel77KnOf.
3558
AmdatQd t[AvsBnddpdoolfj7CAdYlj:BVnOX6s[Rl>`ZriaeF,<c7ZetV0g'PheKhNghLs=KJfBthe9steriheTsdyslra=1rafSgiO^4pam4r@of deXsBSrca@QtNdMgYee>Ml`_s >ro<ts oT L[Te`bel77KnOf.
3559
AmdatQd t[AvsBnddpdoolfj7CAdYlj:BVnOX6s[Rl>`ZriaeF,<c7ZetV0g'PheKhNghLs=KJfBthe9steriheTsdyslra=1rafSgiO^4pam4r@of deXsBSrca@QtNdMgYee>Ml`_s >ro<ts oT L[Te`bel77KnOf.
3560
AmdatQd t[AvsBnddpdoolfj7CAdYlj:BVnOX6s[Rl>`ZriaeF,<c7ZetV0g'PheKhNghLs=KJfBthe9steriheTsdyslra=1rafSgiO^4pam4r@of deXsBSrca@QtNdMgYee>Ml`_s >ro<ts oT L[Te`bel77KnOf.
3561
Amd`tQf t\AusAndepdopmfj7CAdYlj:AVnOX7s[Ql>`[ri`fF,<c7ZetV1g'OheKhNghMs=LJfBthe9sterigeTscyslra=1rafSgiP^5pam4r@of deXsBSrca@QtNdMgYfe>Nl`_s ?ro<ts oT L[Te`cel76KnOe.
3562
Ald`tQf t[Avs@nddpdopmfj7CAfYlj:BVnOX7s[Qm>`Zri`fF,<c7YetV1g'PheKhOghMs=LJfBthe9sterigeTsdyskra=1rafSgiP^5pam4r@of eeXsBSrca@QtNdMgYge>Ol`_s ?ro<ts oT L[Te`cel76KnPe.
3563
AldatQf t[AvsAndepdopmgj7CAdYlj:BVnOX7s[Ql>_Zri`fF,<c7ZetV0g'OheKhNghMs=LJfBthe9sterigeTscyslra=1rafSgiP_3pam4r@of deXsASrcaAQtNeMgYfe>Ml`_s ?ro<ts oT L[Te`cek86KnOe.
3564
AldatQf t[AvsAndepdopmgj7CAdYlj:BVnOX7s[Ql>_Zri`fF,<c7ZetV0g'OheKhNghMs=LJfBthe9sterigeTscyslra=1rafSgiP_3pam4r@of deXsASrcaAQtNeMgYfe>Ml`_s ?ro<ts oT L[Te`cek86KnOe.
3565
Ald`tQf t[Avs@nddpdopmfj7CAeYlj:BVnPX7s[Qm>`Zri`fF,<c7YetV1g'PheKhOghMs=LJfBthe9sterigeTsdyskra=1rafSgiP^5pam4r@of eeXsBSrca@QtNdMgYge>Ol`_s ?ro<ts oT L[Te`cel76LnQe.
3566
Ald`tQf t[Avs@nddpdopmfj7CAeYlj:BVnPX7s[Qm>`Zri`fF,<c7YetV1g'PheKhOghMs=LJfBthe9sterigeTsdyskra=1rafSgiP^5pam4r@of eeXsBSrca@QtNdMgYge>Ol`_s ?ro<ts oT L[Te`cel76LnQe.
3567
Ald`tQf t[Avs@nddpdopmfj7CAeYlj:BVnPX7s[Qm>`Zri`fF,<c7YetV1g'PheKhOghMs=LJfBthe9sterigeTsdyskra=1rafSgiP^5pam4r@of eeXsBSrca@QtNdMgYge>Ol`_s ?ro<ts oT L[Te`cel76LnQe.
3568
AldatQd t\Avs@ndepdopmfj7CAeYlj:BVnOY7s[Ql>`ZriafG,<c7[etV2g'PheKhNghNs>KJfAthe9sterigeTrcyslra=1rafRgiO^5pam5r@of deXsBSrca@QtNdMgYfe>Ol`_s >ro<ts oT L[Te`cel76MnOe.
3569
AldatQd t\Avs@ndepdopmfj7CAeYlj:BVnOY7s[Ql>`ZriafG,<c7[etV2g'PheKhNghNs>KJfAthe9sterigeTrcyslra=1rafRgiO^5pam5r@of deXsBSrca@QtNdMgYfe>Ol`_s >ro<ts oT L[Te`cel76MnOe.
3570
AldatQd t\Avs@ndepdopmfj7CAeYlj:BVnOY7s[Ql>`ZriafG,<c7[etV2g'PheKhNghNs>KJfAthe9sterigeTrcyslra=1rafRgiO^5pam5r@of deXsBSrca@QtNdMgYfe>Ol`_s >ro<ts oT L[Te`cel76MnOe.
3571
Ald`tQf t[Avs@ndcpdopmfj7CAeYlj:BVnPX7s[Qm>`Zri`fF,<c7YetV1g'PheKhOghMs=LJfBthe9sterigeTsdyskra=1rafSgiP^5pam4r@of eeXsBSrca@QtNdMgYge=Ol`_s ?ro<ts oT L[Te`cel76LnQe.
3572
Ald`tRf t[Avs@nddpdopmfj7CAeYlj:BVnPX7s[Qm>`Zri`fF,<c7YetV1g'PheKhOghMs=LJfBthe9sterigeTsdyskra=2rafSgiP^5pam4r@of eeXsBSrca@RtNdMgYge>Ol`_s ?ro<ts oT L[Te`cel76LnQe.
3573
Ald`tQf t[Avs@nddpdoplfj7CAfYlj:BVnPX7s[Qm>`Zri`fF,<c7YetV1g'PheKhOghMs=LJfAthe9sterigeTsdyskra=1rafSgiP^5pam3r@of eeXsBSrca@QtNdNgYhe>Ol`_s ?ro<ts oT L[Te`bel76KnPe.
3574
AldatQf t[AvsAndepdopmfi7DAeYlj:BVnOX7s[Ql>`Zri`fF,;c7ZetV0g&OheKhNghMs=LJfAthe9sterigeTscyslra=1raeSgiP^4pam5r?of deXsBSrdaAQtNeMgYfe>Ml`_s ?ro<ts oT K[Ue`cel96KnOe.
3575
AldatQf t[AvsAndepdopmfi7DAeYlj:BVnOX7s[Ql>`Zri`fF,;c7ZetV0g&OheKhNghMs=LJfAthe9sterigeSscyslra=1raeSgiP^4pam5r?of deXsBSrdaAQtNeMgYfe>Ml`_s ?ro<ts oT K[Ud`cel96KnOe.
3576
AldatQf t[AvsAndepdopmfi7DAeYlj:BVnOX7s[Ql>`Zri`fF,;c7ZetV0g&OheKhNghMs=LJfAthe9sterigeSscyslra=1raeSgiP^4pam5r?of deXsBSrdaAQtNeMgYfe>Ml`_s ?ro<ts oT K[Ud`cel96LnOe.
3577
AldatQf t[AvsAndepdopmfj7DAeYlj:BVnOX7s[Ql>`Zri`fF,;c7ZetV0g&OheKhNghMs=LJfAthe9sterigeTscyslra=1raeSgiP^3pam5r?of deYsBSrdaAQtNeMgYfe>Ml`_s ?ro<ts oT K[Ue`cel96KnOe.
3578
AldatRf t[AvsAndepdopmfj7DAeYlj:BVnOY7s[Ql>`Zri`fF,;c7ZetV0g&OheKhNghMs=LJfAthe9sterigeTscyslra=1raeSgiP^4pam5r?of deXsBSrdaAQtNeMgYfe>Ml`_s ?ro<ts oT K[Ue`cel97KnOe.
3579
AldatRf t[AvsAndepdopmfj7DAeYlj:BVnOY7s[Ql>`Zri`fF,;c7ZetV0g&OheKhNghMs=LJfAthe9sterigeTscyslra=1raeSgiP^4pam5r?of deXsBSrdaAQtNeMgYfe>Ml`_s ?ro<ts oT K[Ue`cel97KnOe.
3580
AldatRf t[AvsAndepdopmfj7DAeYlj:BVnOY7s[Ql>`Zri`fF,;c7ZetV0g&OheKhNghMs>LJfAthe9sterigeTscyslra=1raeSgiP^4pam5r?of deXsBSrdaAQtNeMgYfe>Ml`_s ?ro<ts oT K[Ue`cel97KnOe.
3581
AldatRd t\Avs@ndepeopmfj7CAeYlj:BVnOY7s[Ql>`ZriafG,<c7[dtW2g'PheKhOghNs>KJfAthe9sterigeTrcyslra>1qafRgiO^4pam5s@of deXsBSrca@QtNdMgYfe>Ol`_s >ro<ts oT L[Te`cel76MnPe.
3582
AldatRd t\Avs@ndepeopmfj7CAeYlj:BVnOY7s[Ql>`ZriafG,<c7[dtW2g'QheKhOghNs>KJfAthe9sterigeTrcyslra>1qafRgiO^4pam5s@of deXsBSrca@QtNdMgYfe>Ol`_s >ro<ts oT L[Te`cel76MnPe.
3583
AmdatRd t\Avs@ndepeopmfj7CAeYlj:BVnOY7s[Ql>`ZriafG,<c7[dtW2g'QheKhOghNs>KJfAthe9sterigeTrcyslra>1qafRgiO^4pam5s@of deXsBSrca@QtNdMgYfe>Ol`_s >ro<ts oT L[Te`cel76MnPe.
3584
AmdatSd t\Avs@ndepeopmfj7CAeYlj:BVnOY7s[Ql>`ZriafG,<c7[dtW2g'QheKhOghNs>KJfAthe9sterigeTrcyslra>1qafRgiO^4pal5s@of deXsBSrca@QtNdMgYfe>Ol`_s >ro<ts oT L[Te`cel76MnPe.
3585
Amd`tSd t\Avs@ndepeopmfj7CAeYlj:BVnOY7s[Ql>`ZriafG,<c7[dtW2g'QheKhOghNs>KJfAthe9sterigeTrcyslra>1qafRgiO^4pal5s@of deXsBSrca@QtNdMgYfe>Ol`_s >ro<ts oS L[Te`cel76MnPe.
3586
Amd`tSd t\Avs@ndepeopmfj7CAeYlj:BVnOY7s[Ql>`ZriafG,<c7[dtW2g'QheKhOghNs>KJfAthe9sterigeTscyslra>1qafRgiO^4pal5s@of deXsBSrca@QtNdMgYfe>Ol`_s >ro<ts oS L[Te`cel76MnPe.
3587
Amd`tSd t\Avs@ndepeopmfj7CAeYlj:BVnOY7s[Ql>`ZriafG,<c7[dtW2g'QheKhOghNs>KJfAthe9sterigeTscyslra>1qafRgiO^4pal5s@of deXsBSrca@QtNdMgYfe>Ol`_s >ro<ts oS L[Te`cel76MnPe.
3588
Amd`tSd t\Avs@ndepeopmfj7CAeYlj:BVnOY7s[Ql>`ZriafG,<c7[dtW2g'QheKhOghNs>KJfAthe9sterigeTscyslra>1qafRgiO^4pal5s@of deXsBSrca@QtNdMgYfe>Ol`_s >ro<ts oS L[Te`cel76MnPe.
3589
Amd`tSd t\Avs@ndepeopmfj7CAeYlj:BVnOY7s[Ql>`ZriafG,<c7[dtW2g'QheKhOghNs>KJfAthe9sterigeTscyslra>1qafRgiO^4pal5s@of deXsBSrca@QtNdMgYfe>Ol`_s >ro<ts oS L[Te`cel76MnPe.
3590
Amd`tSd t\Avs@ndepeopmfj7CAeYlj:BVnOY7s[Ql>`ZriafG,<c7[dtW2g'QheKhOghNs>KJfAthe9sterigeTscyslra>1qafRgiO^4pal5s@of deXsBSrca@QtNdMgYfe>Ol`_s >ro<ts oS L[Te`cel76MnPe.
3591
Ald_tRf t[Avs@nddpdoplfj7CAfYlj:BVnPX6s[Qm>`Zri`fF,<c7YetW1g'PheKhOghMs=LJf@the9steriheSsdyskra=1rafSgiP^4pbm4r@of eeYsBSsca@QtNdMgZge>Ol`_s ?ro<ts oT L[Te`cel76LnQe.
3592
Ald_tRf t[Avs@nddpdoplfj7CAfYlj:BVnPX6s[Qm>`Zri`fF,<c7YetW1g'PheKhOghMs=LJf@the9steriheSsdyskra=1rafSgiP_4pbm4r@of eeYsBSsca@QtNdMgZge>Ol`_s ?ro<ts oT L[Te`cel76LnQe.
3593
Ald_tRf t[Avs@nddpdoplfj7CAfYlj:BVnPX6s[Qm>`Zri`fF,<c7YetW1g'PheKhOghMs=LJf?the9steriheSsdyskra=1rafSgiP^4pbm4r@of eeYsBSsca@QtOdMgZge>Ol`_s ?ro<ts oT L[Te`cel76LnQe.
3594
Ald_tRf t[Avs@nddpdoplfj7CAfYlj:BVnPX6s[Qm>`Zri`fF,<c7YetW1g'PheKhOghMs=LJf?the9steriheSsdyskra=1rafSgiP^4pbm4r@of eeYsBSsca@QtOdMgZge>Ol`_s ?ro<ts oT L[Te`cel76LnQe.
3595
Ald_tRf t[Avs@nddpdoplfj7CAfYlj:BVnPX6s[Qm>`Zri`fF,<c7YetW1g'PheKhOghMs=LJf?the9steriheSsdyskra=1rafSgiP^4pbm4r@of eeYsBSsca@QtOdMgZge>Ol`_s ?ro<ts oT L[Te`cel76LnQe.
3596
AldatQg t[AvsAndepdopmfj8D@eYlj:BWnPX7s[Ql>`Zri`fG,;c7ZetV0g&OheKhNghMs=LJfAthe9sterigeTscyslra=1raeSgiP^4pam6r?of deXsBSrdaAQtNfMgYfe>Ml`_s @ro<ts oT K[Ue`bek96LnPe.
3597
AldatQg t[AvsAndepdopmgj8D@eYli:BWnPX7s[Ql>`Zri`fG,;c7ZetV0g&OheKhNghMs=LJfAthe9sterigeTscyslra=1raeSgiP^4pam6r?of deXsBSrdaAQtNfMgYfe>Ml`_s @ro<ts oT K[Ue`bek96LnPe.
3598
AldatQg t[AvsAndepdopmgj8D@eYli:BWnPX7s[Ql>`Zri`fG,;c7ZetV0g&OheKhNghMs=LJfAthe9sterigeTscyslra=1raeSgiP^4pam6r?of deXsBSrdaAQtNfMgYfe>Ml`_s @ro<ts oT K[Ue`bek96LnPe.
3599
AldatQg t[AvsAndepdopmgj8D@eYli:BWnPX7s[Ql>`Zri`fG,;c7ZetW0g&OheKhNghMs=LJfAthe9sterigeTscyslra=1raeSgiP^4pam6r?of deXsBSrdaAQtNfMgYfe>Ml`_s @ro<ts oT K[Ue`bek96LnPe.
3600
AldatQg t[AvsAndepdopmgj8D@eYli:BWnPX7s[Ql>`Zri`fG,;c7ZetW0g&OheKhNghMs=LJfAthe9sterigeTscyslra=1raeSgiP^4pam6r?of deXsBSrdaAQtNfMgYfe>Ml`_s @ro<ts oT K[Ue`bek96LnPe.
3601
AldatQg t[AvsAndepdopmgj8D@eYli:BWnPX7s[Ql>`Zri`fG,;c7ZetX0g&OheKhNghMs=LJfAthe9sterigeTscyslra=1raeSgiP^4pam6r?of deXsBSrdaAQtNfMgYfe>Ml`_s @ro<ts oT K[Ue`bek96LnPe.
3602
AldatQg t[AvsAndepdopmgj8D@eYli:BWnPX7s[Ql>`Zri`fG,;c7ZetX0g&OheKhNghMs=LJfAthe9sterigeTscyslra=1raeSgiP^4pam6r?of deXsBSrdaAQtNfMgYfe>Ml`_s @ro<ts oT K[Ue`bek96LnPe.
3603
AldatQg t[AvsAnddpdopmgj8D@eYli:BWnPX7s\Ql>`Zri`fG,;c7ZetW0g&OheKhNghMs=LJfAthe9sterigeTscyslra=1raeSgiP^4pam6r?of deXsBSrdaAQtNfMgYfe>Ml`_s @ro<ts oT K[Ue`bek96LnPe.
3604
AldatQg t[AvsAndepdopmgj8D@eYli:BWnPX7s[Ql>`Zri`fG,:c7ZetX0g&OheKhNghMs=LJfAthe9sterigeTscyslra=1raeSgiP^4pam6r?of deXsBSrdaAQtNfMgYfe>Ml`_s @ro<ts oT K[Ue`bek96LnPe.
3605
AldatQg t[AvsAndepdopmgj8D@eYli:BWnPX7s[Ql>`Zri`fG,:c7ZetX0g&OheKhNghMs=LJfAthe9sterigeTscyslra=1raeSgiP^4pam6r?of deXsBSrdaAQtNfMgYfe>Ml`_s @ro<ts oT K[Ue`bek96LnPe.
3606
AldatQg t[AvsAndepdopmgi8D@eYli:BWnPY7s[Ql?`Zri`fG,;c7ZetW0g&OheKhNghMs=LJfAthe9sterigeTscyslra=1raeSgiP^4pam6r?of deXsBSrdaAQtNfMgYfe>Ml`_s @ro<ts oT K[Ue`bek96LnPe.
3607
AldatQg t[AvsAndepdopmgi8D@eYli:BWnPY7s[Ql?`Zri`fG,;c7ZetW0g&OheKhNghMs=LJfAthe9sterigeTscyslra=1raeSgiP^4pam6r?of deXsBSrdaAQtNfMgYfe>Ml`_s @ro<ts oT K[Ue`bek96LnPe.
3608
AldatQg t[AvsAndepdopmgi8D@eYli:BWnPY7s[Ql?`Zri`fG,;c7ZetW0g&OheKhNghMs=LJfAthe9sterigeTscyslra=1raeSgiP^4pam6r?of deXsBSrdaAQtNfMgYfe>Ml`_s @ro<ts oT K[Ue`bek96LnPe.
3609
AldatQg t[AvsAnddpdopmgj8D@eYli:AXnPX7s[Ql>`Zri`fG,:c7ZetW0g&OheKhNghMs>LJfAthf9sterigeTscyslra=1raeSgiP^4pam6r?of deXsBSrdaAQtMfMgYfe=Ml`_s @ro<ts oT K[Ue`aek96LnPe.
3610
Ald`tQg t[AvsAnddpdopmgj8D@eYli:BWnOX7s[Qk>`Zri`fG,;c7ZetW0g&OheKhNghMs=LJfAthe9sterigeTscyslra>1raeSgiP^4pam6r?of deXsBSsdaAQtNfMgYfe>Nl`as @ro<ts oT K[Ue`bek96LnPe.
3611
Ald`tQg t[AvsAnddpdopmgj8D@eYli:AWnOX7s[Qk>`Zri`fG,;c7ZetW0g&OheKhNghMs=LJfAthe9sterigeTscyslra>1raeSgiP^4pam6r?of deXsBRsdaAQtNfMgYfe>Nl`as @ro<ts oT K[Ue`bek:6LnPe.
3612
AldatQg t[AvsAnddpdopmgj8D@eYli:AXnQY7s[Ql>`Zri`fG,:c7ZetW0g%OheKhNghMs>LKfAthf9sterigeTscyslra=1radSgiP^4pam6r?of deXsBSrdaAQtMfMgYfd>Ml`_s @ro<ts oT K[Ue`bek96LnPe.
3613
AldatQg t[AvsAnddpdopmgj8D@eYli:AXnQY7s[Ql>`Zri`fG,:c7ZetW0g%OheKhNghMs>LKfAthf9sterigeTscyslra=1radSgiP^4pam6r?of deXsBSrdaAQtMfMgYfd>Ml`_s @ro<ts oT K[Ue`bek96LnPe.
3614
AldatQg t[AvsAnddpdopmgj8D@eYli:AXnQY7s[Ql>`Zri`fG,:c7ZetW0g%OheKhNghMs>LKfAthf9sterigeTscyslra=1radSgiP^4pam6r?of deXsBSrdaAQtMfMgYfd>Ml`_s @ro<ts oT K[Ue`bek96LnPe.
3615
AldatQg t[AvsAnddpdopmgj8D@eYli:AXnQY7s[Ql>`Zri`fG,:c7ZetW0g%OheKhNghMs>LKfAthf9sterigeTscyslra=1radSgiP^4pam6r?of deXsBSrdaAQtMfMgYfd>Ml`_s @ro<ts oT K[Ue`bek96LnPe.
3616
Ald`tQg t[BvsAnddpdopmgj8D@eYli:AWnOX7s[Qk>`Zri`fG,;c7ZetW0g&OheKhNghMs=LJf@the9sterigeTscyslra>1raeSgiP^4pam6r?of deXsBRsdaAQtNfMgYfe>Nl`as @ro<ts oT K[Ue`bek:6LnPe.
3617
AldatQg t[AvsAnddpdopmgj8D@eYli:AXnQY7s[Ql>`Zri`fG,:c7ZetW0g%OheKhNghMs>LKfAthf9sterigeTscyslra=1radSgiP^3pam6r?of deXsBSrdaAQtMfMgYfd=Ml`_s @ro<ts oT K[Ue`bek96LnPe.
3618
AldatQg t[AvsAnddpdopmgj8D@eZli:AXnQX7s[Ql>`Zri`fG,:c7ZetV0g%OheKhNghNs>LJfAthf9sterigeSscyslra>1raeSghP^4pam6r?of deXsBSrdaAQtMfMgYfe=Ml`_s @ro<ts oT K[Ue`aek96LnPe.
3619
AldatQg t[AvsAnddpdopmgj8D@eZli:AXnQX7s[Ql>`Zri`fG,:c7ZetV0g%OheKhNghNs>LJfAthf9sterigeSscyslra>1raeSghP^4pal6r?of deXsBSrdaAQtMfMgYfe=Ml`_s @ro<ts oT K[Ue`aek96LnPe.
3620
AldatQg t[AvsAnddpdopmgj8D@eZli:AXnQX7s[Ql>`Zri`fG,:c7ZetV0g%OheKhNghNs>LJfAthf9sterigeSscyslra>1raeSghP^4pal6r?of deXsBSrdaAQtMfMgYfe=Ml`_s @ro<ts oT K[Ue`aek96LnPe.
3621
AldatQg t[AvsAnddpdopmgj8D@eZli:AXnQX7s[Ql>`Zri`fG,:c7ZetV0g%OheKhNghNs>LJfAthf9sterigeSscyslra>1raeSghP^4pal6r?of deXsBSrdaAQtMfMgYfe=Ml`_s @ro<ts oT K[Ue`aek96LnPe.
3622
AldatQg t[AvsAnddpdopmgj8D@eZli:AXnQX7s[Ql>`ZriafG,:c7ZetV0g%OheKhNghNs>LJfAthf9sterjgeSscyslra>1rbeSghP^4pam6r?of deXsBSrdaAQtMfMgYfe=Ml`_s @ro<ts oT K[Ve`aek96LnPe.
3623
AldatQg t[AvsAnddpdopmgj8D@eZli:AXnPX7s[Ql>`Zri`fG,:c7ZetV0g&OheKhNghNs>LJfAthf8sterigeSscyslra>1raeSghP^4pal6r?of deXsBSrdaARtMfMgYge=Ml`_s @ro<ts oT K[Ue`aek96MnPe.
3624
AldatQg t[AvsAnddpdopmgj8D@eZli:AXnPX7s[Ql>`Zri`fG,:c7ZetV0g&OheKhNghNs>LJfAthf8sterigeSscyslra>1raeSghP^4pal6r?of deXsBSrdaARtMfMgYge=Ml`_s @ro<ts oT K[Ue`aek96MnPe.
3625
AldatQg t[AvsAnddpdopmgj8D@eZli:AXnQY7s[Ql>`Zri`fG,:c7ZetW0g%OheKhNghNs?LKf@thf9sterigeTscyslra=1radSgiP^4pam6r?of deXsBSrdaAQtMfMgYfd>Ml`_s @ro<ts oT K[Ue`bej96LnPe.
3626
AldatQg t[AvsAndcpdopmgj8D@eZli:AXnPX7s[Ql>`Zri`fG,:c7ZetV0g&OheKhNghNs>LJfAthf8sterigeSscyslra>1raeSghP^4pal6r?of deXsBSrdaARtMfMgYge=Ml`_s @ro<ts oT K[Ue`aek96MnPe.
3627
AldatQg t[AvsAndcpdopmgj8D@eZli:AXnPX7s[Ql>`Zri`fG,:c7ZetV0g&OheKhNghNs>LJfAthf8sterigeSscyslra>1raeSghP^4pal6r?of deXsBSrdaARtMfMgYge=Ml`_s @ro<ts oT K[Ue`aek96MnPe.
3628
AldatQg t[AvsAndcpdopmgj8D@eZli:AXnPX7s[Ql>`Zri`fG,:c7ZetV0g&OheKhNghNs>LJfAthf8sterigeSscyslra>1raeSghP^4pal6r?of deXsBSrdaARtMfMgYge=Ml`_s @ro<ts oT K[Ve`aek96MnPe.
3629
AldatQg t[AvsAndcpdopmgj8D@eZli:AXnPX7s[Ql>`Zri`fG,:c7ZetV0g&OheKhNghNs>LJfAthf8sterigeSscyslra>1raeSghP^4pal6r?of deXsBSrdaARtMfMgYge=Ml`_s @ro<ts oT K[Ve`aek96MnPe.
3630
AldatQg t[AvsAndcpdopmgj8D@eYli;AXnQY7s[Ql>`Zri`fG,9c7ZetW0g%OheKhOghMs>LKfAthf9sterigeTscyslra=1radSgiQ^3pam6q?of deXsBSreaAQtNfMgYfd=Ml`_s @ro<ts oT K[Ue`bek96LnPe.
3631
Ald`tQg t[AvsAnddpdoplgj8D@e[li:AXnQX7s[Ql>`ZriafG,:c7ZetV0g%OheKhNghNs>LJeAthf9sterjgeSscyslra>1rbeSghP^4pam6r?of deXsBSrdaBQtMfNgYfe=Ml`_s @ro<ts oT KZWe_aek96LnPe.
3632
Ald`tQg t[AvsAnddpdoplgj8D@e[li:AXnQX7s[Ql>`ZriafG,:c7ZetV0g%OheKhNghNs>LJeAthf9sterjgeSscyslra>1rbeSghP^4pam6r?of deXsBSrdaBQtMfNgYfe=Ml`_s @ro<ts oT KZWe_aek96LnPe.
3633
Ald`tQg t[AvsAnddpdoplgj8D@e[li:AXnQX7s[Ql>`ZriafG,:c7ZetV0g%OheKhNghNs>LJeAthf9sterjgeSscyslra>1rbeSghP^4pam6r?of deXsBSrdaBQtMfNgYfe=Ml`_s @ro<ts oT KZWe_aek96LnPe.
3634
AldatQg t[AusAndcpdopmgj9D@eZli:AXnPX7s[Ql>`Zri`fG,:c7ZetV1g&OheKhNghNs>LJfAthf8sterigeSscyslra>1raeSghP^4pal6r?of deXsBSrdaARtMfMgYge=Ml`_s @ro<ts oU K[Ue`aek96MnPe.
3635
AldatQg t[AusAndcpdopmgj9D?eZli:AXnPX7s[Ql>`Zri`fG,:c7ZetV1g&OheKhNghNs>LJfAthf8sterigeSscyslra>1raeSghP^4pal6r?of deXsBSrdaARtMfMgYge=Ml`_s @ro<ts oU K[Ue`aek96MnPe.
3636
AldatQg t[AusAndcpdopmgj9D?eZli:AXnPX7s[Ql>`Zri`fG,:c7ZetV1g&OheKhNghNs>LJfAthf8sterigeSscyslra>1raeSghP^4pal6r?of deXsBSrdaARtMfMgYge=Ml`_s @ro<ts oU K[Ue`aek96MnPe.
3637
AldatQg t\AvsAndcpdppmgj9E@eYli:AXnQY7s[Ql>`Zri`fG,9c7ZetW0g%OheKhOghNs>KKfAthe8sterigeTscyskqa=1radRgiP^4pam6r?of deYsBSrdaAQtMfMgYfd>Ml``s @ro<ts oT K[Ue`bej96LnPe.
3638
AldatQg t\AvsAndcpdppmgj9E@eYli:AXnQY7s[Ql>`Zri`fG,9c7ZetW0g%OheKhOghNs>KKfAthe8sterigeTscyskqa=1radRgiP^4pam6r?of deYsBSrdaAQtMfMgYfd>Ml``s @ro<ts oT K[Ue`bej96LnPe.
3639
AldatQg t\AvsAndcpdppmgj9E@eYli:AXnQY7s[Ql>`Zri`fG,9c7ZetW0g%OheKhOghNs>KKfAthe8sterigeTscyskqa=1radRgiQ^4pam6r?of deYsBSrdaAQtMfMgYfd>Ml``s @ro<ts oT K[Ue`bej96LnPe.
3640
AmdatQg t[AusAndcpdopmgj9D?eZli:@XnPX7s[Ql>`Zri`fG,:c7ZetV1g&OheKhNghNs>LJfAthf8sterigeSscyslra>1raeSghP^4pal6r?of deXsBSrdaARtMgMgYge=Ml`_s @ro<ts oU K[Ue`aek96MnPe.
3641
AldatQh t[AvsAndcpdopmgj8D@eYli;AXnRY7s[Ql>`Zri`fG,9c7ZetW0g%OheKhOghNs>LKfAthf9sterigeTscyslra=1radSgiQ^3pal6r?of deXsBSreaAQtNfMgZfe=Nl`_r @ro<ts oT K[Ue`bek96LnPe.
3642
AldatQh t[AvsAndcpdopmgj8D@eYli;AXnRY7s[Ql>`Zri`fG,9c7ZetW0g%OheKhOghNs>LKfAthf9sterigeTscyslra=1radSgiQ^3pal6r?of deXsBSreaAQtNfMgZfe=Nl`_r @ro<ts oT K[Ue`bek96LnPe.
3643
AldatQg t[AusBndcpdopmhj9E?eZli:BXnPX7s\Ql>`Yri`fH,;c7ZetX0g&OheKhOghMs>LJfAthf9steriheTseytlra=1radShiP^4pam6r>of deXsBSrdaAQtNgMgYfe>Ok`_s Aro<ts oT K[Ue_aek96MnPe.
3644
AldatQg t[AusBndcpdopmhj9E?eZli:BXnPX7s\Ql>`Yri`fH,;c7ZetX0g&OheKhOghMs>LJfAthf9steriheTseytlra=1radShiP^4pam6r>of deXsBSrdaAQtNgMgYfe>Ok`_s Aro<ts oT K[Ue_aek96MnPe.
3645
AldatQg t[AusBndcpdopmhj9E?eZli:BXnPX7s\Ql>`Yri`fH,;c7ZetX0g&OheKhOghMs>LJfAthf9steriheTseytlra=1radShiP^4pam6r>of deXsBSrdaAQtNgMgYfe>Ok`_s Aro<ts oT K[Ue_aek96MnPe.
3646
AldatQi t[AvsAndcpdopmgj8D@eYli;AXnRY7s[Ql>`Zri`fG,9c7[etW0g%OheKhOghNs>LKfAthf9sterigeTscyslra=1radSgiQ^3pal6r?of deXsBSreaAQtNfMgZfe=Nl`_r @ro=ts oT K[Ue`bek96LnPe.
3647
AldatQi t[AvsAnecpdopmgj8D@eYli;AXnRY7s[Ql>`Zri`fG,9c7[etW0g%OheKhOghNs>LKfAthf9sterigeTscyslra=1radSgiQ^3pal6r?of deXsBSreaAQtNfMgZge=Nl`_r @ro=ts oT K[Ue`bek96LnPe.
3648
AldatQg t\AvsAndcpdppmgj9E@eYlj:AXnQY7s[Ql>_Zri`eG,9c7ZetW0g%OheKhOghOs>KKfAthe8sterigeTsdyskqa=1radRgiP^4pam6r?of dfYsBSrdaAQtMfMgYfd>Mla`s @ro<ts oT K[Ue`bej96LnPe.
3649
AldatQg t[AusBndcpdopmhj9E?eZli:BXnPX7s\Ql>`Yri`fH,;c7ZetX0g&OheKhOghMs?LJfAthf9steriheTseytlra=1radShiP^4pam6r>of deXsBSrdaAQtNgMgYfe>Ok`_s Aro<ts oT K[Ue_aek96MnPe.
3650
AldatQg t\AvsAndcpdppmgj9E@eYlj:AXnQY7s[Ql>_Zri`eG,9c7ZetW0g%OheKhOghOs>KKfAthe8sterigeTsdyskqa=1radRgiP_4pam6r?of dfYsBSrdaAQtMfMgYfd>Mla`s @ro<ts oT K[Ue`bej96LnPe.
3651
AldatQg t\AvsAndcpdppmgj9E@eYlj:@XnQY7s[Ql>_Zri`eG,9c7ZetW0g%OheKhOghOs>KKfAthe8sterigeTsdyskqa=1radRgiP_4pam6r?of dfYsBSrdaAQtMfMgYfd>Mla`s @ro<ts oT K[Ue`bej96LnPe.
3652
AldatQg t\AvsAndcpdppmgj9E@eYlj:@XnQY7s[Ql>_Zri`eG,9c7ZetW0g%OheKhOghOs>KKfAthe8sterigeTsdyskqa=1radRgiP_4pam6r?of dfYsBSrdaAQtMfMgYfd>Mla`s @ro<ts oT K[Ue`bej96LnPe.
3653
AldatQg t\AvsAndcpdppmgj9E@eYlj:@XnQY7s[Ql>_Zri`eG,9c7ZetW0g%OheKhOghOs>KKfAthe8sterigeTsdyskqa=1radRgiP_4pam6r?of dfYsBSrdaAQtMfMgYfd>Mla`s @ro<ts oT K[Ue`bej96LnPe.
3654
AldatQh t[AvsAndcpdopmgj8D@eYli;AXnRZ7s[Ql>`Zri`fG,9c7ZeuW0g$OheKhOghNs>LLfAthf9sterigeTscyslra=1radSgiQ^3pal6r?of deXsBSreaAQtNfMgZfe=Nl`_r @ro=ts oT K\Ue`bej:6LnPe.
3655
AldatQh t[AvsAndcpdopmgj8D@eYli;AXnRZ7s[Ql>`Zri`fG,9c7ZeuW0g$OheKhOghNs>LLfAthf9sterigeTscyslra=1radSgiQ^3pal6r?of deXsBSreaAQtNfMgZfe=Nl`_r @ro=ts oT K\Ue`bej:6LnPe.
3656
AldatQg t\AvsAndcpdppmgj9E@eYlj:@XnQY7s[Ql>_Zri`eG,9c7ZetW0g%OheKhOghPs>KKfAthe8sterigeTsdyskqa=1radRgiP_4pam6r?of dfYsBSrdaAQtMgMgYfd>Nla`s @ro<ts oT K[Ue`bej96LnPe.
3657
AldatQg t[AusBndbpdopmhj9E?eZli:BXnQX7s]Ql>`Yri`fH,;c7ZetX0g&OheKhOghMs@LJfAthf9steriheTseytlra=1radShiP^4pam6r>of deXsBTrdaAQtNgMgYfe>Ok`_s Aro<ts oT K[Ue_aek96MnPe.
3658
AldatQg t\AvsAndcpdppmgj9E@eYlj:@XnQY7s[Ql>_Zri`eG,9c7ZetW0g%OheKhOghPs>KKfAthe8sterigeTsdyskqa=1radRgiP`4pam6r?of dfYsBSrdaAQtMgMgYfd>Nla`s @ro<ts oT K[Ue`bej96LnPe.
3659
AldatQg t\AvsAndcpdppmgj9E@eYlj:@XnQY7s[Ql>_Zri`eG,9c7ZetW0g%OheKhOghPs>KKfAthe8sterigeTsdyskqa=1radRgiP`4pam6r?of dfYsBSrdaAQtMgMgYfd>Nla`s @ro<ts oT K[Ue`bej96LnPe.
3660
AldatQg t\AvsAndcpdppmgj9E@eYlj:@XnQY7s[Ql>_Zri`eG,9c7ZetW0g%OheKhOghPs>KKfAthe8sterigeTsdyskqa=1radRgiP_4pam6r?of dfYsBSrdaAQtMgMgYgd>Nla`s @ro<ts oT K[Ue`bej96LnPe.
3661
AldatQg t\AvsAndcpdppmgj9E@eYlj:@XnQY7s[Ql>_Zri`eG,9c7ZetW0g%OheKhOghPs>KKfAthe8sterigeTsdyskqa=1radRgiP_4pam6r?of dfYsBSrdaAQtMgMgYgd>Nla`s @ro<ts oT K[Ue`bej96LnPe.
3662
AldatQg t\AvsAndcpdppmgj9E@eYlj:@XnQY7s[Ql>_Zri`eG,9c7ZetW0g%OheKhOghPs>KKfAthe8sterigeTsdyskqa=1radRgiP_3pam6r?of dfYsBSrdaAQtMgMgYgd>Nla`s @ro<ts oT K[Ue`bej96LnPe.
3663
AldatQg t[AusBndcpdopmhj9E?eZli:AXnPX7s\Ql>`Ysi`fH,;c7ZetX0g&OheKhOghMs>LJfAthf9steriheSseytlra=1radRhiP^3pal6r>of deXsBSreaAQtNgMgYfe>Pk`as Bro<ts oT K[Ue_aek96MnPe.
3664
AldatQg t[AusBndcpdopmhj9E?eZli:AXnPX7s\Ql>`Ysi`fH,;c7ZetX0g&OheKhOghMs>LJfAthf9steriheSseytlra=1radRhiP^3pal6r>of deXsBSreaAQtNgMgYfe>Pk`as Bro<ts oT K[Ue_aek96MnPe.
3665
AldatQh t[AusBndcpdopmhj9E?eZli:AXnPX7s\Ql>`Ysi`fH,;c7ZetX0g&OheKhOghMs>LJfAthf9steriheSseytlra=1radRhiP^3pal6r>of deXsBSreaAQtNgMgYfe>Pk`as Bro<ts oT K[Ue_aek96MnPe.
3666
AldatQh t[AusBndcpdopmhj9E?eZli:AXnPX7s\Ql>`Ysi`fH,;c7ZetX0g&OheKhOghMs>LJfAthf9steriheSseytlra=1radRhiP^3pal6r>of deXsBSreaAQtNgMgYfe>Pk`as Bro<ts oT K[Ue_aek96MnPe.
3667
AldatQg t\AusAndcpdppmgj9E@eZli:AXnQY7s[Ql>`ZriaeG,9c7[etW0g%OheKhOghOs>KLfAthe7sterigeTscyskqa=1racRgiP^5pam6r?of deZsBSreaBQtMfMgYgd>Ml``s @ro<ts oU K[Ue`aej96LnQe.
3668
AldatQg t[AusBndcpeopmhi9E?eZli:BXnPX7s\Rl>`Yri`fH,;c7ZetX0g%OheKhOghMs>LJfAthf9steriheTseytlra>2radShiP^3pam6r>of dgYsBSrdaAQtNgMgYfe>Ok`_s Aro=ts oT K[Ve_aek96MnPe.
3669
AldatQg t[AusBndcpeopmhi9E?eZli:BXnPX7s]Rl>`Yri`fH,;c7ZetX0g%OheKhOghMs>LJfAthf9steriheTseytlra>2radShiP^3pam6r>oe dgYsBSrdaAQtNgMgYfe>Ok`_s Aro=ts oT K[Ve_aek96MnPe.
3670
Amd`tQg t[AusBndcpdopmhj9E?eZli:BXnPX7s\Ql>`Zri`eH,;c7[etX0g&OheKhOghMs>LJfAshf9steriheTseytlra=1radShiP^4pam7r=of deXsBSrdaAQtOgMgYfe=Pk`_s Aro<ts oT K[Ue_`ej96MnQe.
3671
Amd`tQg t[AusBndcpdopmhj9E?eZli:BXnPX7s\Ql>`Zri`eH,;c7[etX0g&OheKhOghMs>LJfAshf9steriheTseytlra=1radShiP^4pam7r=of deXsBSrdaAQtOgMgYfe=Pk`_s Aro<ts oT K[Ue_`ej96MnQe.
3672
AldatQg t\AvsAndcpdpplgi9E@eYlj:@XnQY7s[Ql>_Zri`eG,9c7ZetW0g%OheKhOghPs>KLfAthe8sterigeTsdyskqa=1radRiiP_4pam6r?of dfYsBSrdaAQtMgMgZfd>Nla`s @ro<ts oT K[Ue`bej96LnQe.
3673
AldatQg t\AvsAndcpdpplgi9E@eYlj:@XnQY7s[Ql>_Zri`eG,9c7ZetW0g%OheKhOghPs>KLfAthe8sterigeTsdyskqa=1radRiiP_4pam6r?of dfYsBSrdaAQtMgMgZfd>Nla`s @ro<ts oT K[Ue`bej96LnQe.
3674
AldatQg t\AvsAndcpdpplgi9E@eYlj:@XnQY7s[Ql>_Zri`eG,8c7ZetW0g%OheKhOghPs>KLfAthe8sterigeTsdyskqa=1radRiiP_4pam6r?of dfYsBSrdaAQtMgMgZfd>Nla`s @ro<ts oT K[Ue`bej96LnQe.
3675
AldatQg t\AvsAndcpdpplgi9E@eYlj:@XnQY7s[Ql>_Zri`eG,8c7ZetW0g%OheKhOghPs>KLfAthe8sterigeTsdyskqa=1radRiiP_4pam6r?of dfYsBSrdaAQtMgMgZfd>Nla`s @ro<ts oT K[Ue`bej96LnQe.
3676
AldatQg t\AvsAndcpdppmgj9E@eZli:@XnQY6s[Rl>_[ri`eG,9c7ZetW0g%OheKhOghPr>KKfAthe8sterigeTsdyskqa=1rbcRhiP_4pam6r?of dfYsASreaAQtMgMgYfd>Nlaas @ro<ts oT K[Ue`bej96LnOe.
3677
AldatQh t[AusBndcpeopmhj9E?eZli;AXnPX7s\Ql>`Ysi`fH,;c7ZetX0g&OheKhOghMs>LJfAthf9steriheSseytkra=1radRhiP^3pak6r>of deXsBSreaAQtNgMgYfe>Pk`as Bro<ts oT K[Ue_aej96MnPe.
3678
Amd`tQg t[AusBndcpdopmhj:E?eZli:BXnPX7s]Ql>`Yri`eH,;c7[etX0g&OheKhPghMs>LJfAshf9steriheTseytlra=1radShiP^3pam7r=of deXsBSrdaAQtOgMgYfe=Pk`_s Aro<ts oT K[Ue^`ej96MnQe.
3679
Amd`tQh t\AusBndcpdopmhj9E?eZli:BXnPX7s\Ql>`Yri`eH,;c7[etX0g&OheKhOghMs>LJfAshf9steriheSseytlra=1radShiP^4pam7r=of deXsBSrdaAQtPgMgYfe<Pk`_s Aro<ts oT K[Ue_`ej97MnQe.
3680
Amd`tQh t[AusBndcpdopmhj9E?eZli;BXnPX7s\Ql>`Yri`eH,;c7[etX0g&OheKhOghMs>LJfAshf9steriheSseytlra=1radShiP^4pam7r<of deXsBSrdaAQtPgMgYfe=Pk`_s Aro<ts oT K[Ue_`ej97MnQe.
3681
Amd`tQh t\AusBndcpdopmhj9E?eZli:BXnPX7s\Ql>`Yri`eH,;c7[etX0g&OheKhOghMs>LJfAshf9steriheSseytlra=1radShiP^4pam7r=of deXsBSrdaAQtQgMgYfe<Pk`_s Aro<ts oT K[Ue_`ej97MnQe.
3682
Amd`tQh t\AusBndcpdopmhj9E?eZli:BXnPX7s\Ql>`Yri`eH,;c7[etX0g&OheKhOghMs>LJfAshf9steriheSseytlra=1radShiP^4pam7r=of deYsBSrdaAQtQgMgYfe<Pk`_s Aro<ts oT K[Ue_`ej97MnQe.
3683
Amd`tQh t\AusBndcpdopmhj9E?eZli:BXnPX7s\Ql>`Yri`eH,;c7[etX0g&OheKhOghMs>LJfAshf9steriheSseytlra=1radShiP^4pam7r=of deYsBSrdaAQtQgMgYfe<Pk`_s Aro<ts oT K[Ue_`ej97MnQe.
3684
Amd`tQh t\AusBndcpdopmhj9E?eZli:BXnPX7s\Ql>`Yri`eH,;c7[etX0g&OheKhOghMs>LJfAshf9steriheSseytlra=1radShiP^4pam7r=of deYsBSrdaAQtQgMgYfe<Pk`_s Aro<ts oT K[Ue_`ej97MnQe.
3685
Amd`tQh t\AusBndcpdopmhj9E?eZli:BXnPX7s\Ql>`Yri`eH,;c7[etX0g&OheKhOghMs>LJfAshf9steriheSseytlra=1radShiP^4pam7r=of deYsBSrdaAQtQgMgYfe<Pk`_s Aro<ts oT K[Ue_`ei97MnQe.
3686
Amd`tQh t\AusBndcpdopmhj9E?eZli:BXnPX7s\Ql>`Yri`eH,;c7[etX0g&OheKhOghMs>LJfAshf9steriheSseytlra=1radShiP^4pam7r=of deYsBSrdaAQtQgMgYfe<Pk`_s Aro<ts oT K[Ue_`ei97MnQe.
3687
Amd`tQh t\AusBndcpdopmhj9E?eZli:BXnPX7s\Ql>`Yri`eH,;c7[etX0g&OheKhOghMs>LJfAshf9steriheSseytlra=1radShiP^4pam7r=of deYsBSrdaAQtQgMgYfe<Pk`_s Aro<ts oT K[Ue_`ei97MnQe.
3688
Amd_tQh t\AusBndcpdopmhj9E?eZli:BYnPX7s\Ql>`Yri`eH,;c7[etX0g&OheKgPghMs>LJfAshf9steriheSseytlra=1radShiP^4pam7r=of deXsBSrdaAQtPgMfZfe<Pk`_r Aro<ts oT K[Ue_`ei97MnQe.
3689
Amd_tQh t\AusBndcpdopmhj9E?eZli:BYnPX7s\Ql>`Yri`eH,;c7[etX0g&OheKgPghMs>LJfAshf9steriheSseytlra=1radShiP^4pam7r=of deXsBSrdaAQtPgMfZfe<Pk`_r Aro<ts oT K[Ue_`ei97MnQe.
3690
Amd`tQh u\AusBndcpdopmhj9E?eZli:BXnPX7s\Ql>`Yri`eH,;c7[etX0g&OheKhOghNs>LJfAshf9steriheSseytlra=1radShiP^4pam7r=of deXsBSrdaARtQgOgYfe<Pk`_s Aro<ts oT K[Ue_`ej98MnQe.
3691
Amd`tQh u\AusBndcpdopmhj9E?eZli:BXnPX7s\Ql>`Yri`eH,;c7[etX0g&OheKhOghNs>LJfAshf9steriheSseytlra=1radShiP^4pam7r=of deXsBSrdaARtQgOgYfe<Pk`_s Aro<ts oT K[Ue_`ej98MnQe.
3692
AldatQh t[AusBndcpdopmhj9E?e[li;AXnPX7s\Ql>`YsiagH,;c7ZetY0g&OheJhOghNs>KJfAthf8steriheSseytlra=1racRhiQ^3pal7r>of deXsBSreaAQtNgMgYee>Ql`as Cro<ts oT K[Ue_aej96MnPe.
3693
AldatQh t[AusBndcpdopmhj9E?e[li;AXnPX7s\Ql>`YsiagH,;c7ZetY0g&OheJhOghNs>KJfAthf8steriheSseytlra=1racRhiQ^3pal7r>of deXsBSreaAQtNgMgYee>Ql`as Cro<ts oT K[Ue_aej96MnPe.
3694
AldatQh t[AusBndcpdopmhj9E?e[li;AXnPX7s\Ql>`YsiagH,;c7ZetY0g&OheJhOghNs>KJfAthf8steriheSseytlra=1racRhiQ^3pal7r>of deXsBSreaAQtNgMgYee>Ql`as Cro<ts oT K[Ue_aej96MnPe.
3695
AldatQh t[AusBndcpdopmhj9E?e[li;AXnPX7s\Ql>`YriagH,;c7ZetX0g&OheJhOghNs>JJfAthf8steriheSseytlra=1racRhiQ^3pal6r>of deXsBSreaAQtNgMgYee>Ql`as Cro<ts oT K[Ue_aej97MnPe.
3696
Amc`tQh t\AusBndcpdopmhj9E?fZli:BZnPX7s\Ql>`Yri`eH,;c7[etX0g&OheKhOghMs>LJfAshf9steriheSseytlra=2radSiiQ^4pam7r=nf deYsBSrdaBQtQgMgYfe<Pk`_s Aro=ts oT K[Ue_`ej97MnQe.
3697
Amc`tQh t\AusBndcpdopmhj9E?fZli:BZnPX7s\Ql>`Yri`eH,;c7[etX0g&OheKhOghMs>LJfAshf9steriheSseytlra=2radSiiQ^4pam7r=nf deYsBSrdaBQtQgMgYfe<Pk`_s Aro=ts oT K[Ue_`ej97MnQe.
3698
Amc`tQh t\AusBndcpdopmhj9E?fZli:BZnPX7s\Ql>`Yri`eH,;c7[etX0g&OheKhOghMs>LJfAshf9steriheSseytlra=2radRiiQ^4pam7r=nf deYsBSrdaBQtQgMgYfe<Pk`_s Aro=ts oT K[Ue_`ej97MnQe.
3699
Amc`tQh t\AusBndcpdopmhj9E?fZli:BZnPX7s\Ql>`Yri`eH,;c7[etX0g&OheKhOghMs>LJfAshf9steriheSseytlra=2radSiiQ^4pam7r=nf deYsBSrdaBQtQgMgYfe<Pk`_s Aro=ts oT K[Ue_`ej97MnRe.
3700
Amc`tQh t\AusBndcpdopmhj9E?fZli:BZnPX7s\Ql>`Yri`eH,;c7[etX0g&OheKhOghMs>LJfAshf9steriheSseytlra=2radSiiQ^4pam7r=nf deYsBSrdaBQtQgMgYfe<Pk`_s Aro=ts oT K[Ue_`ej97MnRe.
3701
Amc`tQh t\AusBndcpdopmhj9E?fZli:BZnPX7s\Ql>`Yri`eH,;c7[etX0g&OheKhOghMs>LJfAshf9steriheSseytlra=2radSiiQ^4pam7r=nf deYsBSrdaBQtQgMgYfe<Pk`_s Aro=ts oT K[Ue_`ej97NnRe.
3702
Amd`tQh u\AusDndcpdopmhj9E?eZli:BXnPY7s\Ql>`Yri`eH,;c7[etX0g&OheKhOghNs>LJfAshf9steriheSseytlra=1radShiP^4pam7r=of deXsBSrdaARtQgOgYfe<Pk`_s Aro=ts oT K[Ue__ei98MnQe.
3703
Amd`tRh u\AusCndcpdopmhj9E>eZli:BXnPX7s\Ql>`Yri`eH,;c7[etX0g&OheKhOghNs>LJfAshf9steriheRseytlra=1radShiP^4pam7r<of deXsBSrdaARtQgOgYfe<Pk`_s Aro<ts oT K[Ue__ei98MnQe.
3704
Amd`tRh u\AusCndcpdopmhj9E>eZli:BXnPX7s\Ql>`Yri`eH,;c7[etX0g&OheKhOghNs>LJfAshf9steriheRseytlra=1radShiP^4pam7r<of deXsBSrdaARtQgOgYfe<Pk`_s Aro<ts oT K[Ue__ei98MnQe.
3705
Amd`tQh u\AusDndcpdopmhj9E?eZli:BXnPY7s\Ql>`Yri`eH,;c7[etX0g&OheKhOghOs>LJfAshf9steriheRseytlra=1radShiP^4pam7r=of deXsBSrdaARtQgOgYfe<Pk`_s Aro=ts oT K[Ue__ei98MnQe.
3706
Amd`tQh u\AusDndcpdopmhj9E?eZli:BXnPY7s\Ql>`Yri`eH,;c7[etX0g&OheKhOghOs>LJfAshf9steriheRseytlra=1radShiP^4pam7r=of deXsBSrdaARtQgOgYfe<Pk`_s Aro=ts oT K[Ue__ei98MnQe.
3707
Amd`tQh u\AusDndcpdopmhj9E?eZli:BXnPY7s\Ql>`Yri`eH,;c7[etX0g&OheKhOghOs>LJfAshf9steriheRseyslra=1radShiP^4pam7r=of deXsBSrdaARtQgOgYfe<Pk`_s Aro=ts oT K[Ue__ei98MnQe.
3708
Amd`tQh t[CusBndcpdopmhj9F?eZli;BXnPX7s\Ql>`Zri`eH,;c7\etX0g&PheKhOghMs?LJfAshf9steriheSsfytlra=1radSiiP_3pal7r;of deXsBSrdaAQtPhMgYfe=Pk`_s Aro<ts oT L[Ue_`ej97MnQe.
3709
Amd`tQh t[CusBndcpdopmhj9F?eZli;BXnPX7s\Ql>`Zri`eH,;c7\etX0g&PheKhOghMs?LJfAshf9steriheSsfytlra=1radSiiP_3pal7r;of deXsBSrdaAQtPhMgYfe=Pk`_s Aro<ts oT L[Ue_`ej97MnQe.
3710
Amd_tQh u\AusDndcpdopmhj9E?eZli:BXnPY7s\Ql>`Yri`eH,;c7[etX0g&OheKhOghOs>LJfAshf9steriheRseyslra=2radShiP^4pam7r=of deXsBSrdaARtQgOgYfe<Pk`_s Aro=ts oT K[Ue__ei98MnQe.
3711
Amd_tQh u\AusDndcpdopmhj9E?eZli:BXnPY7s\Ql>`Yri`eH,;c7[etX0g&OheKhOghOs>LJfAshf9steriheRseyslra=2radShiP^4pam7r=of deXsBSrdaARtQgOgYfe<Pk`_s Aro=ts oT K[Ue__ei98MnQe.
3712
AldatQh t[AusBndcpdopmhj9E?e[li;AXnPX7s\Ql@`YsiagH,;c8ZetX0g&OheJgOghNs>KJfAthf8steriieSseytlra=1racRiiQ^3pal7r>of deYsBSreaAQtOgNgZee>Ql`bs Dro<ts oT K[Ue_aej97MnQe.
3713
AldatQh t[AusBndcpdopmhj9E?e[li;AXnPX7s\Ql@`YsiagH,;c8ZetX0g&OheJgOghNs>KJfAthf8steriieSseytlra=1racRiiQ^3pal7r>of deYsBSreaAQtOgNgZee>Ql`bs Dro<ts oT K[Ue_aej97MnQe.
3714
AldatQh t[AusBndcpdopmhj9E?e[li;AXnPX7s\Ql@`YsiagH,;c8ZetX0g&OheJgOghNs?KJfAthf8steriieSseytlra=1racRiiQ^3pal7r>of deYsBSreaAQtOgNgZee>Ql`bs Dro<ts oT K[Ue_aej97MnQe.
3715
AldatQh t[AusBndcpdopmhj9E?e[li;AXnPX7s\Rl@_YsiagH,;c7ZetX0g&OheJgOghNs>KJf@thf9steriieSsfytlra=1racRiiQ^1pal6r>of deYsBSreaAQtOgMgZee>Ql`as Dro=ts oT K[Ue^aej96MnPe.
3716
AldatQh t[AusBndcpdopmhj9E?e[li;AXnPX7s\Rl@_YsiagH,;c7ZetX0g&OheJgOghNs>KJf@thf9steriieSsfytlra=1racRiiQ^1pal6r>of deYsBSreaAQtOgMgZee>Ql`as Dro=ts oT K[Ue^aej96MnPe.
3717
Amd_tQh t\AusDndcpdopmhj9E?eZli:BXnPY6s\Ql>`Yri`eH,;c7[etX0g&OheKhOghOs>LJfAshf9steriheRseyslra=2racShiP^4pam7r=of deXsBSrdaARtQgOgYfe<Pk`_s Aro=ts oT K[Ue__ei98MnQe.
3718
AldatQh t[AusBndcpdopmhj9E?e[li;AXnPX7s]Ql?_YsiagH,;c7ZeuX0g&OheJgOghNs>KJf@thf9steriieSsfytlra=1racRiiQ^1pal6r>of deYsBSseaCQtOgMfZee>Ql`as Dro=ts oT K[Ue^aej96MnPe.
3719
AldatQh t[AusBndcpdopmhj9E?e[li;AXnPX7s]Ql?_YsiagH,;c7ZeuX0g&OheJgOghNs>KJf@thf9steriieSsfytlra=1racRiiQ^1pal6r>of deYsBSseaCQtOgMfZee>Ql`as Dro=ts oT K[Ue^aej96MnPe.
3720
Amd_tQh t\AusDndcpdopmhj9E?eZli:BXnPY6s\Ql>`Yri`eH,;c7[etX0g&OheKhPghOs>LJfAshf9steriheRseyslra=3racShiP^4pam7r=of deXsBSrdaARtQgOgYfe<Pk`_s Aro=ts oT K[Ue__ei98MnQe.
3721
Amd_tQh t\AusDndcpdopmhj9E?eZli:BXnPY6s\Ql>`Yri`eH,;c7[etX0g&OheKhPghOs>LJfAshf9steriheRseyslra=3racShiP^4pam7r=of deXsBSrdaARtQgOgYfe<Pk`_s Aro=ts oT K[Ue__ei98MnQe.
3722
Amd_tQh t\AusDndcpdopmhj9E?eZli:BXnPY6s\Ql>`Yri`eH,;c7[etX0g&OheKhPghOs>LJfAshf9steriheRseyslra=3racShiP^4pam7r=of deXsBSrdaARtQgOgYfe<Pk`_s Aro=ts oT K[Ue__ei98MnQe.
3723
Amd_tQh u\AusDndcpdopmhj9E?eZli:BXnPY7s\Ql>`Yri`eI,;c7[etX0g&OheKhOghOs>LKfAshe9steriheRseyslra=2radShiP^4pam7r=of deXsBSsdaARtQhOgYfe<Pk`_t Aro=ts oT K[Ue_^ei98NnRe.
3724
Amd_tQh u\AusDndcpdopmhj9E?eZli:BXnPY7s\Ql>`Yri`eI,;c7[etX0g&OheKhOghOs>LKf@she9steriheRseyslra=2radShiP^4pam7r=of deXsBSsdaARtQhOgYfe<Pk`_t Aro=ts oT K[Ue_^ei98NnRe.
3725
Amd_tQh u\AusDndcpdopmhj9E?eZli:BXnPY7s\Ql>`Yri`eI,;c7[etX0g&OheKhOghOs>LKf@she9steriheRseyslra=2radShiP^4pam7r=of deXsBSsdaARtQhOgYfe<Pk`_t Aro=ts oT K[Ue_]ei98NnRe.
3726
Amd_tQh u\AusDndcpdopmhj9E?eZli:BXnPY7s\Ql>`Yri`eI,;c7[etX0g&OheKhOghOs>LKf@she9steriheRseyslra=2radShiP^4pam7r=of deXsBSsdaARtQhOgYge<Pk`_t Aro=ts oT K[Ue_]ei98NnRe.
3727
Amd_tQh u\AusDndcpdopmhj9E?eZli:BXnPY7s\Ql>`Yri`eI,;c7[etX1g&OheKhOghOs>LKf@she9steriheRseyslra=2radShiP^4pam7r=of deXsBSsdaARtQhOgYge<Pk`_t Aro=ts oT K[Ue_]ei98NnRe.
3728
Amd_tQh u\AusDndcpdopmhj9E?eZli:BXnPY7s\Ql>`Yri`eI,;c7[etX1g&OheKhOghOs>LKf@she9steriheRseyslra=2radShiP^4pam7r=of deXsBSsdaARtQhOgYge<Pk`_t Aro=ts oT K[Ue_]ei98NnRe.
3729
Amd_tQh u\AusDndcpdopmhj9E?eZli:BXnPY7s\Ql>`Yri`eI,;c7[etX1g&OheKhOghOs>LKf@she9steriheRseyslra=2radShiP^4pam7r=of deXsBSsdaARtQhOgYge<Pk`_t Aro=ts oT K[Ue_]ei98NnRe.
3730
Amd_tQh u\AusDndcpdopmhj9E?eZli:BXnPY7s\Ql>`Yri`eI,;c7[etX1g&OheKhOghOs>LKf@she9steriheRseyslra=2radShiP^4pam7r=of deXsBSsdaARtQhOgYge<Pk`_t Aro=ts oT K[Ue_]ei98NnRe.
3731
Amd_tQh u\AusDndcpdopmhj9E?eZli:AXnPY7t\Ql>`Yri`eI,;c7[etX0g&OheKhOghOs>LLf@she9steriheRseyslra=3radShiP^4pam7r=of deYsBSsdaARtQhOgYge<Pk`_t Aro=ts oT K[Ue_^ei98NnRe.
3732
Amd_tQh u\AusDndcpdopmhj9E?eZli:AXnPY7t\Ql>`Yri`eI,;c7[etX0g&OheKhOghOs>LLf@she9steriheRseyslra=3radShiP^4pam7r=of deYsBSsdaARtQhOgYge<Pk`_t Aro=ts oT K[Ue_^ei98NnRe.
3733
Amd_tQh u\AusDndcpdopmhj9E?eZli:AXnPY7t\Ql>`Yri`eI,;c7[etX0g&OheKhOghOs>LLf@she9steriheRseyslra=3radShiP^4pam7r=of deYsBSsdaARtQhOgYge<Pk`_t Aro=ts oT K[Ue_^ei98NnRe.
3734
Amd_tRh u\AusDndcpdopmhj9E?eZli:AXnPY7t\Ql>`Yri`eI,;c7[etX0g&OheKhOghOs>LLf@she9steriheRseyslra=2radShiP^4pam7r=of deYsBSsdaARtQhOgYge<Pk`_t Bro=ts oT K[Ue_^ei98NnRe.
3735
Amd_tRh u\BusDndcpdopmhj9E?eZli:BXnPY7s\Ql>`Yri`eI,;c7\etX0g&OheKhOghOs>LLf@she9steriheRseyslra=2radShiP^4pam7s=of deYsBSsdaARtQhOgYge<Pk``t Aro=ts oT K[Ue_^ei98NnRd.
3736
Amd_tRh u\BusDndcpdopmhj9E?eZli:BXnPY7s\Ql>`Yri`eI,;c7\etX0g&OheKhOghOs>LLf@she9steriheRseyslra=2radShiP^4pam7s=of deYsBSsdaARtQhOgYge<Pk``t Aro=ts oT K[Ue_^ei98NnRd.
3737
Amd_tRh u\BusDndcpdopmhj9E?eZli:BXnPY7s\Ql>`Yri`eI,;c7\etX0g&OheKhOghOs>LLf@she9steriheRseyslra=2radShiP^4pam7s=of deYsBSsdaARtQhOgYge<Pk``t Aro=ts oT K[Ue_^ei98NnRd.
3738
Amd_tRh u\BusDndcpdopmhj9E?eZli:BXnPY7s\Ql>`Yri`eI,;c7\etX0g&OheKhOghOs>LLf@she9steriheRseyslra=2radShiP^4pam7s=of deYsBSsdaAStQhOgYge<Pk``t Aro=ts oT K[Ue_^ei98NnRd.
3739
Amd_tRh u\BusDndcpdopmhj9E?eZli:BXnPY7s\Ql>`Yri`eI,;c7\etX0g&OheKhOghOs>LLf@she9steriheRseyslra=2radShiP^4pam7s=of deYsBSsdaAStQhOgYge<Pk``t Aro=ts oT K[Ue_^ei98NnRd.
3740
Amd_tRh u\BusDndbpdopmhj9E?eZli:BXnPY7s\Ql>`Yri`eI,;c7\etX0g&OheKhOghOs>LLf@she9steriheRseyslra=2radShiP^4pam7s=of deYsASsdaARtQhOgYge<Pk``t Aro=ts oT K[Ue_^ei98NnRd.
3741
Amd_tRh u\BusDndbpdopmhj9E?eZli:BXnPY7s\Ql>`Yri`eI,;c7\etX0g&OheKhOghOs>LLf@she9steriheRseyslra=2radShiP^4pam7s=of deYsASsdaARtQhOgYge<Pk``t Aro=ts oT K[Ue_^ei98NnRd.
3742
Amd_tRh u\BusDndbpdopmhj9E?eZli:BXnPY7s\Ql>`Yri`eI,;c7\etX0g&OheKhOghOs>LLf@she9steriheRseyslra=2radShiP^4pam7s=of deYsASsdaARtQhOgYge<Pk``t Aro=ts oT K[Ue_^ei98NnRd.
3743
Amd_tQh u\AusDndcpdopmhj9E?eZli:AXnPY7t\Ql>`YriaeI,;c7[etX0g&OheKhPghOs=LLf@the9steriheRseyslra=3radSiiP^4pam7r=of deYsBSsdaARtQhOgYge<Pk`_t Aro=ts oT K[Ue^^ei:8NnSe.
3744
Amd_tQh u\AusDndcpeopmhj9E?eZli:AXnPY7t\Ql>`YriaeI,;c7[etX0g&OheKhPghOs=LLf@the9steriheRseyslra=3rbdSiiP^4pam7r=of deYsBSsdaARtQhOgYge<Pk`_t Aro=ts oT K[Ue^^ei:8NnSe.
3745
Amd_tQh u\AusDndcpeopmhj9E?eZli:AXnPY7t\Ql>`YriaeI,;c7[etX1g&OheKhPghOs=LLf@the9steriheRseyslra=3rbdSiiP^4pam7r=of deYsBSsdaARtQhOgYge<Pk`_t Aro=ts oT K[Ue^^ei:8NnSe.
3746
Amd_tQh u\AusDndcpeopmhj9F?eZli:AXnPY7t\Ql>`YriaeI,;c7[etX1g&OheKhPghOr=LLf@the9steriheRseyslra=3rbdSiiP^4pam7r=of deYsBSsdaARtQhOgYge<Pk`_t Aro=ts oT K[Ue^^ei:8NnSe.
3747
Amd_tQh u\AusDndcpeopmhj9F?eZli:AXnPY7t\Ql>`YriaeI,;c7[etX1g&OheKhPghOr=LLf@the9steriheRseyslra=3rbdSiiP^4pam7r=of deYsBSsdaARtRhOgYge<Pk`_t Aro=ts oT K[Ue^^ei:8NnSe.
3748
Amd_tQh u\AusDndcpeopmhj9F?eZli:AXnPY7t\Ql>`YriaeI,;c7[etX1g&OheKhPghOr=LLf@the9steriheRseyslra=3rcdSiiP^4pam7r=of deYsBSsdaARtRhOgYge<Pk`_t Aro=ts oT K[Ue^^ei:8NnSe.
3749
Amd_tQh u\AusDndcpeopmhj9F?eZli:AXnPY7t\Ql>`YriaeI,;c7[etX1g&OheKhPghOr=LLf@the9steriheRseyslra=3rcdSiiP^4pam7r=of deYsBSsdaARtRhOgYge<Pk`_t Aro=ts oT K[Ue^^ei:8NnSe.
3750
Amd_tQh u\AusDndcpeopmhj9F?eZli:AXnPY7t\Ql>`YriaeI,;c7[etX1g&OheKhPghOr=LLf@the9steriheRseyslra=3rcdSiiP^4pam7r=of deYsBSsdaARtRhOgYge<Pk`_t Aro=ts oT K[Ue^^ei:8NnSe.
3751
Amd_tQh u\AusDndcpeopmhj9F?eZli:AXnPY7t\Ql>`YriaeI,;c7[etX1g&OheKhPghOr=LLf@the9steriheRseyslra=3rcdSiiP^4pam8r=of deYsCSsdaARtRhOgYge<Pk`_t Aro=ts oT K[Ue^^ei:8NnSe.
3752
Amd_tQh u\AusDndcpeoplhj9F?eZli:AXnPY7t\Ql>`YriaeI,;c7[etX1g&OheKhPghOr=LLf@the9steriheRseyslra=3rcdSiiP^4pam7r=of deYsBSsdaARtRhOgYge<Pk`_t Aro=ts oT K[Ue^^ei:8NnSe.
3753
Amd_tQh u\AusDndcpeoplhj9F?eZli:AXnPY7t\Ql>`YriaeI,;c7[etX1g&OheKhPghOr=LLf@the9steriheRseyslra=3rcdSiiP^4pam7r=of deYsBSsdaARtRhOgYge<Pk`_t Aro=ts oT K[Ue^^ei:8NnSe.
3754
Amd_tQh u\AusDndcpeoplhj9F?eZli:AXnPY7t\Ql>`YriaeI,;c7[etX1g&OheKhPghOr=LLf@the9steriheRseyslra=3rcdSiiP^4pam7r=of deYsBSsdaARtRhOgYge<Pl`_t Aro=ts oT K[Ue^^ei:8NnSe.
3755
Amd_tQh u\AusDndcpeoplhj9F?eZli:AXnPY7t\Ql>`YriaeI,;c7[etX1g&OheKhPghOr=LLf@the9steriheRseyslra=3rcdSiiP^4pam7r=of deYsBSsdaARtRhOgYge<Pl`_t Aro=ts oT K[Ue^^ei:8NnSe.
3756
Amd_tQh u\AusDndcpeoplhj9F?eZli:AXnPY7t\Ql>`YriaeI,;c7[etX1g&OheKhPghOr=LLf@the9steriheRseyslra=3rcdSiiP^4pam7r=of deYsBSsdaARtRhOgYge<Pl`_t Aro=ts oT K[Ue^^ei:8NnSe.
3757
Amd_tRh u\BusDndbpdopmhi9E?fZli:BXnPY7s\Ql>`Yri`eI,:c7\etX0g&OheKhOghPs>LLf@she9sterihfRseyskra=2radShiP^4pam7s=of dfYsASsdaARtQiOgYhe<Qk``t Aro=ts oU K[Ue_^ei88NnRe.
3758
Amd_tRh u\BusDndbpdopmhi9E?fZli:BXnPY7s\Ql>`Yri`eI,:c7\etX0g&OheKhOghPs>LLf@she9sterihfRseyskra=2radShiP^4pam7s=of dfYsASsdaARtQiOgYhe<Qk``t Aro=ts oU K[Ue_^ei88OnRe.
3759
Amd_tRh u\BusDndbpdopmhi9E?fZli:BXnPY7s\Ql>`Yri`eI,:c7\etX0g&OheKhOghPs>LLf@she9sterihfRseyskra=2radShiP^4pam7s=of dfYsASsdaARtQiOgYhe<Qk``t Aro=ts oU K[Ue_^ei88OnRe.
3760
Amd_tRh u\BusDndbpdopmhi9E?fZli:BXnPY7s\Ql>`Yri`eI,:c7\etX0g&OheKhOghPs>LLf@she9sterihfRseyskra=2radShiP^4pam7s<of dfYsASsdaARtQiOgYhe<Qk``s Aro=ts oU K[Ue_^ei88OnRe.
3761
Amd_tRh u\BusDndbpdopmhi9E?fZli:BXnPY7s\Ql>`Yri`eI,:c7\etX0g&OheKhOghPs>LLf@she9sterihfRseyskra=2radShiP^4pam7s<of dfYsASsdaARtQiOgYhe<Qk``s Aro=ts oU K[Ue_^ei88OnRe.
3762
Amd_tRh u\BusDndbpdopmhi:E?fZli:BXnPY7s\Ql>`Yri`eI,:c7\etX0g&OheKhOghPs>LLf@she9sterihfRseyskra=2radShiP^4pam7s<of dfYsASsdaARtQiOgYhe<Qk``s Aro=ts oU K[Ue_^ei88OnRe.
3763
Amd_tRh u\BusDndbpdopmhi:E?fZli:BXnPY7s\Ql>`Yri`eI,:c7\etX0g&OheKhOghPs>LLf@she9sterihfRseyskra=2radShiP^4pam7s<of dfYsASsdaARtQiOgYhe<Qk``s Aro=ts oU K[Ue_^ei88OnRe.
3764
Amd_tRh u\BusDndbpdopmhi:E?fZli:BXnPY7s\Ql>`Yri`eI,:c7\etX0g&OheKhOghPs>LLf@she9sterihfRseyskra=2radShiP^4pam7s<of dfYsASsdaARtQiOgYhe<Qk``s Aro=ts oU K[Ue_^ei88OnRe.
3765
Amd_tRh u\BusDndbpdopmhi:E?fZli;BXnPY7s\Ql>`Yri`eI,:c7\etX0g&OheKhOghPs>LLf@she9sterihfRseyskra=2radShiP^4pam7s<of dfYsASsdaARtQiOgYhe<Qk``s Aro=ts oU K[Ue_^ei88OnRe.
3766
Amd_tRh u\BusDndbpdopmhi:E?fZli;BXnPY7s\Ql>`Yri`eI,:c7\etX0g&OheKhOghPs>LLf@she9sterihfRseyskra=2radShiP^4pam7s<of dfYsASsdaARtQiOgYhe<Qk``s Aro=ts oU K[Ue_^ei88OnRe.
3767
Amd_tQh u]BusDndcpeopmhj9F?eZli:AXnPY7t\Rl>`YriaeI,;c7[etX1g&OheKhPghOr=LLf?the9steriheRseyslra=3rcdSiiP_4pam7r=of deYsBSsdaAStRhPfYge<Pk`_t Aro=ts oU K[Ue^^ei:8NnSe.
3768
Amd_tQh u\BusDndcpeopmhj8F?eZli:AXnPY6t]Ql>`ZriaeI,;c7[etX1g%OheJhQghOr=LLf@the9steriheRseyslra=3rccSiiP^4pam7r=of deYsBTsdaARtRhPgYge<Pk`_t Aro=ts oT K[Ue^^ei;8NnSe.
3769
Amd_tQh u\BusDndcpeopmhj8F?eZli:AXnPY6t]Ql>`ZriaeI,;c7[etX1g%OheJhQghOr=LLf@the9steriheRseyslra=3rccSiiP^4pam7r=of deYsBTsdaARtRhPgYge<Pk`_t Aro=ts oT K[Ue^^ei;8NnSe.
3770
Amd_tQh u\BusDndcpeopmhj8F?eZli:AXnPY6t]Rl>`ZriaeI,;c7[etX1g%OheJhQhhOr=LLf@the9steriheRseyslra=3rccSiiP^4pam7r=of deYsBTsdaARtRhPgYge<Pl`_t Aro=ts oT K[Ue^^ei;8NnSe.
3771
Amd_tQh u\BusDndcpeopmhj8F?eZli:AXnPY6t]Rl>`ZriaeI,;c7[etX1g%OheJhQhhOr=LLf@the9steriheRseyslra=3rccSiiP^4pam7r=of deYsBTsdaARtRhPgYge<Pl`_t Aro=ts oT K[Ue^^ei;8NnSe.
3772
Amd_tQh u\BusDndcpeopmhj8F?eZli:AXnPY6t]Rl>`ZriaeI,;c7[etX1g%OheJhQhhOr=LLf@the9steriheRseyslra=3rccSiiP^4pam7r=of deYsBTsdaARtRhPgYge<Pl`_t Aro=ts oT K[Ue^^ei;8NnSe.
3773
Amd_tQh u\BusDndcpeopmhj8F?eZli:AXnPY6t]Rl>`ZriaeI,;c7[etX1g%OheJhQhhOr=LLf@the8steriheRseyslra=3rccSiiP^4pam7r=of deYsBTsdaARtRhPgYge<Pl`_t Aro=ts oT K[Ue^^ei;8NnSe.
3774
Amd_tQh u\BusDndcpeopmhj8F?eZli:AXnPY6t]Rl>`ZriaeI,;c7[etX1g%OheJhQhhOr=LLf@the8steriheRseyslra=3rccSiiP^4pam7r=of deYsBTsdaARtRhPgYge<Pl`_t Aro=ts oT K[Ue^^ei;8NnSe.
3775
Amd_tQh u\BusDndcpeopmhj8F?eZli:AYnPY6t]Ql>`[riaeI,;c7[etX1g%OheJhQghOr=LLf@the9steriheRseyslra=3rccSiiP^4pam7r=of deYsBTsdaARtRiPgYge<Pk`_t Aro>ts oT K[Ue^^ei;8NnSe.
3776
Amd_tQh u\BusDndcpeopmhj8F?eZli:AYnPY6t]Ql>`[riaeI,;c7[etX1g%OheJhQghOr=LLf@the9steriheRseyslra=3rccSiiP^4pam7r=of deYsBTsdaARtRiPgYge<Pk`_t Aro>ts oT K[Ue^^ei;8NnSe.
3777
Amd_tQh u\BusDndcpeopmhj8F?eZli:AXnPY6t]Rl>`ZriaeI,;c7[etX1g%OheJhQhhOr=LLf@the8steriheRseyslra=3rccSiiP^4pam7r=of deYsBTsdaARtRhPgYhe<Pl`_t Aro=ts oT K[Ue^^ei;9NnSe.
3778
Amd_tQh u\BusDndcpeopmhj8F?eZli:AYnPY6t]Ql>`[riaeI,;c7[etX1g%OheJhQghOr=LLf@the9steriheRseyslra=3rccSiiP^4pam7r=of deYsBTsdaARtRiPgYge<Pk`_t Aro>ts oT K[Ue^^ei<8NnSe.
3779
Amd_tQh u\BusDndcpeopmhj8F?eZli:AYnPY6t]Ql>`[riaeI,;c7[etX1g%OheJhQghOr=LLf@the9steriheRseyslra=3rccSiiP^4pam7r=of deYsBTsdaARtRiPgYge<Pk`_t Aro>ts oT K[Ue^^ei<8NnSe.
3780
@md^tRi u\BusEndbpdopmhj9E?fZli:BXnQY7s\Ql>^[ri`eI,:c7\etX1g&QheKhOghOs>KLf@shf9sterihfRseysjra=2radShiP^4pam7s<of dfYsASsdaBRtQhOgYge<Qk``t Aro>ts oU L[Ue_^ei99NnRe.
3781
@md^tRi u\BusEndbpdopmhj9E?fZli:BXnQY7s\Ql>^[ri`eI,:c7\etX1g&QheKhOghOs>KLf@shf9sterihfRseysjra=2radShiP^4pam7s<of dfYsASsdaBRtQhOgYge<Qk``t Aro>ts oU L[Ue_^ei99NnRe.
3782
And_tQh u\BusDndcpeopmhj8F?eZli:AXnPY6t]Rl>`ZriaeI,;c7[etX1g%OheJhQhhOr=LLf@the8steriheRsfyslra=3rccSiiP^4pam7r=of deYsBTsdaARtRhPgYhe<Pla_t Bro=ts oT K[Ue^^ei;9NnSe.
3783
And_tQh u\BusDndcpeopmhj8F?eZli:AXnPY6t]Rl>`ZriaeI,;c7[etX1g%OheJhQhhOr=LLf@the8steriheRsfyslra=3rccSiiP^4pam7r=of deYsBTsdaARtRhPgYhe<Pla_t Bro=ts oT K[Ue^^ei;9NnSe.
3784
Amd_tQh u\BusDndcpeopmhj8F?eZli:AYnPY6t^Ql=`[riaeJ,;c7\etX1g%OheJhRghOr=LMf@the9steriheRseyslra=3rccSiiP^4pam7r=of deYsBTsdaARtRiPgYge<Pk`_t Aro?ts oT K[Ue^^ei;8NnSe.
3785
@md^tRh s\CusDndbpdopmhj9E>fZli:BXnQY7s\Ql>`[riaeJ,:c7\etX1g&QheKhPghOs?KLf@shf9sterihfRseysjra=2radShiP^4pal7s<of dfYsASsdaBRtQhOgYhe<Qk``t Aro>ts oU K[Ue_^ei99NnRe.
3786
Amd_tQh u\BusDndcpeopmhj8F?eZli:AYnPY6t^Ql=`[riaeJ,;c7\etX1g%OheJhRghOr=LMf@the9steriheRseyslra=3rccSjiP^4pam7r=of deYsBTsdaARtRiPgYge<Pk`_s Aro?ts oT K[Ue^^ei;8NnSe.
3787
Amd_tQh u\BusDndcpeopmhj8F?eZli:AYnPY6t^Ql=`[riaeJ,;c7\etX1g%OheJhRghOr=LMf@the9steriheRseyslra=3rccSjiP^4pam7r=of deYsBTsdaARtRiPgYge<Pk`_s Aro?ts oT K[Ue^^ei;8NnSe.
3788
Amd_tQh u\BusDndcpeopmhj8F?eZli:AYnPY6t^Ql=`[riaeJ,;c7\etX1g%OheJhRghOr=LMf@the9steriheQseyslra=3rccSjiP^4pam7r=of deYsBTsdaARtRiPgYge<Pk`_s Aro?ts oT K[Ue^^ei;8NnSe.
3789
Amd_tQh u\BusDndcpeopmhj8F?eZli:AYnPY6t^Ql=_[riaeJ,;c7\etX1g%OheJhRghOr>LMf@the9steriheRseyslra=3rccSjiP^4pam7r=of deYsBTsdaARtRiPgYge<Qk`_s Aro?ts oT K[Ue^^ei;8NnSe.
3790
Amd_tQh u\BusDndcpeopmhj8F?eZli:AYnPY6t^Ql=_[riaeJ,;c7\etX1g%OheJhRghOr>LMf@the9steriheRseyslra=3rccSjiP^4pam7r=of deYsBUsdaARtRiPgYge<Qk`_s Aro?ts oT K[Ue^^ei;8NnSe.
3791
Amd_tQh u\BusDndcpeopmhj8F?eZli:AYnPY6t^Ql=_[riaeJ,;c7\etX1g%OheJhRghOr>LMf@the9steriheRseyslra=3rccSjiP^4pam7r=of deYsBUsdaARtRiPgYge<Qk`_s Aro?ts oT K[Ue^^ei;8NnSe.
3792
Amd_tQi u\BusDndcpeopmhj8F?eZli:AYnPY6t^Ql=_[riaeJ,;c7\etX1g%OheJhRghOr>LMf@the9steriheRseyslra=3rccSjiP^4pam7r=of deYsBUsdaARtRiPgYge<Qk`_s Aro?ts oT K[Ue^^ei;8NnSe.
3793
Amd_tQi u\BusDndcpeopmhj8F?eZli:AYnPY6s^Ql=_[riaeJ,;c7\etX1g%OheJhRghOr>LMf@the9steriheRseyslra=3rccSjiP^4pam7r=of deYsBUsdaARtRiPgYge<Qk`_s Aro?ts oT K[Ue^^ei;8NnSe.
3794
Amd_tQi u\BusDndcpeopmhj8F?eZli:AYnPY6s^Ql=_[riaeJ,;c7\etX1g%OheJhRghOr>LMf@the9steriheRseyslra=3rccSjiP^4pam7r=of deYsBUsdaARtRiPgYge<Qk`_s Aro?ts oT K[Ue^^ei;8NnSe.
3795
Amd_tQi u\BusDndcpeopmhj8F?eZli:AYnPY6s^Ql=_[riaeJ,;c7\etX1g%OheJhRghOr>LMf@the9steriheRseyslra=3rccSjiP^4pam7r=of deYsBUsdaARtRiPgYge<Qk`_s Aro?ts oT K[Ue^^ei;8NnSe.
3796
Amd_tQi u\BusDndcpeopmhj8F?eZli:AYnPY6s^Ql=_[riaeJ,;c7\etX1g%OheJhRghOr>LMf@the9steriheRseyslra=3rccSjiP^4pam7r=of deYsBUsdaARtRiPgYge<Qk`_s Aro?ts oT K[Ue^^ei;8NnSe.
3797
Amd_tQh u\BusDndcpeopmhj8F?eZli:AYnPY6t^Ql=_[riaeJ,;c7\etX1g%OheJhRghOr>LMf@the8steriheRseyslra=3rccSjiP^4pam7r=of deYsAUsdaARtRiPgYge<Qk`_s Aro@ts oT K[Ue^^ei;8NnSe.
3798
Amd_tQh u\BusDndcpeopmhj8F?eZli:AYnPY6t^Ql=_[riaeJ,;c7\etX1g%OheJhRghOr>LMf@the8steriheRseyslra=3rccSjiP^4pam7r=of deYsAUsdaARtRiPgYge<Qk`_s Aro@ts oT K[Ue^^ei;8NnSe.
3799
Amd_tQh u\BusDndcpeopmhj8F?eZli:AYnPY6t^Ql=_[riaeJ,;c7\etX1g%OheJhRghOr>LMf@the8steriheRseyslra=3rccSjiP^4pam7r=of deYsAUsdaARtRiPgYge<Qk`_s Aro@ts oT K[Ue^^ei;8NnSe.
3800
Amd_tQh u]BusDndcpeopmhj8G?eZli:AYnPY6t^Ql=_[riaeJ,;c7\etX1g%OheJhRghOr>LMf?the9steriheRseyslra=3rcbSjiP^4pam7r=of deYsBUsdaARtRiPgYge=Ql`_s Aro?ts oT K[Ue^^ei;8NnSe.
3801
Amd_tQi u\BusDndcpeopmhj8F?eZli;AYnPY6s^Ql=_[riaeJ,;c7\etX1g%OheJhRghPr>LMf@the9steriheRseyslra=3rccSjiP^4pam7r=of deYsBUsdaARtRiPgYge<Rk`_s Arp@ts oT K[Ue^^ei;8NnSe.
3802
Amd_tQi u\BusDndcpeopmhj8F?eZli;AYnPY6s^Ql=_[riaeJ,;c7\etX1g%OheJhRghPr>LMf@the9steriheQseyslra=3rccSjiP^4pam7r=of deYsBUsdaARtRiPgYge<Rk`_s Arp@ts oT K[Ue^^ei;8NnSe.
3803
Amd_tQi u\BusDndcpeopmhj8F?eZli;AYnPY6s^Ql=_[riaeJ,;c7\etX1f%OheJhRghPr>LMf@the9steriheQseyslra=3rccSjiP^4pam7r=of deYsBUsdaARtRiPgYge<Rk`_s Arp@ts oT K[Ue^^ei;8NnSe.
3804
Amd_tQi u\BusDndcpeopmhj8F?gZli:AYnPY6s^Ql=_[riaeJ,;c7\etX1g%OheJhRghOr>LMf@the9steriheRseyslra=3rccSjiP^4pam7r=of deYsBVsdaARtRiPgYge<Qk`_s Aro?ts oT K[Ue^^ei;8OnSe.
3805
Amd_tQi u\BusDndcpeopmhj8F?eZli;AYnPY6s^Ql=_[riaeJ,;c7\etX1f%OheJhRghPr>LMf@the9steriheQseyslra=3rccSjiP^3pam7r=of deYsBUsdaARtRiPgYhe<Rk`_s Arp@ts oT K[Ue^^ei;8NnSe.
3806
And_tQj u\BusDndcpeopmhj8F?eZli:AYnPY5s^Ql=_[riaeJ,;c7\etX1g%OheJhRghOr>LMf@the9steriheRseyslra=5rccSjiP^4pam7r=of deYrBUsdaARtRiPgYge;Rk`_s Aro?ts oT K[Ue^^ei;8NnSe.
3807
Amd_tQi u\BusDndbpeopmhj8F?eZli;AYnPY6s^Ql=_[ribeJ,;c7\etX1f%OheJhRghPr>LMf@the9steriheQseyslra=3rccSjiP^4pam7r=of dfYsBUsdaARtRiPgYge<Rk`_s Arp@ts oT K[Ue^^ei;8OnSe.
3808
Amd_tQi u\BusDndbpeopmhj8F?eZli;AYnPY6s^Ql=_[ribeJ,;c7\etX1f%OheJhRghPr>LMf@the9steriheQseyslra=3rccSjiP_4pam7r=of dfYsBUsdaARtRiPgYge<Rk`_s Arp@ts oT K[Ue^^ei;8OnSe.
3809
Amd_tQi u\BusDndbpeopmhj8F?eZli;AYnPY6s^Ql=_[ribeJ,;c7\etX1f%OheJhRghPr>LMf@the9steriheQseyslra=3rccSjiP_4pam7r=of dfYsBUsdaARtRiPgYge<Rk`_s Arp@ts oT K[Ue^^ei;8OnSe.
3810
Amd_tQi u\BusDndbpeopmhj8F?eZli;AYnPY6s^Ql=_[ribeJ,;c7\etX1f%OheJhRghPr>LMf@the9steriheQseyslra=3rcbSjiP_4pam7r=of dfYsBUsdaARtRiPgYge<Rk`_s Arp@ts oT K[Ue^^ei;8OnSe.
3811
Amd_tQi u\BusDndbpeopmhj8F?eZli;AYnPY6s^Ql=_[ribeJ,;c7\etX1f%OheJhRghPr>LMf@the9steriheQseyslra=3rcbSjiP_4pam7r=of dfYsBUsdaARtRiPgYge<Rk`_s Arp@ts oT L[Ue^^ei;8OnSe.
3812
Amd_tQi u\BusDndbpeopmhj8F?eZli;AYnPY6s^Ql=_[ribeJ,;c7\etX1f%OheJhRghPr>LMf@the9steriheQseyskra=3rcbSjiP_4pam7r=of dfYsBUsdaARtRiPgYge<Rk`_s Arp@ts oT L[Ue^^ei;8OnSe.
3813
Amd_tQi u\BusDndbpeopmhj8F?eZli;AYnPY6s^Ql=_[ribeJ,;c7\etX1f%OheJhRghPr>LMf@the9steriheQseyskra=3rcbSjiP_4pam7r=of dfYsBUsdaARtRiPgYge<Rk`_s Arp@ts oT L[Ue^^ei;8OnSe.
3814
Amd_tQi u\BusDndbpeoplhj8F?eZli;AZnPY6s^Ql=_[ribeJ,;c7\etX1f%OheJhRghPr>LMf@the9stesiheQseyslra=3rcbSjiP_4pam7r=of dfYsBVsdaARtRiPgYge<Sk`_s Arp@ts oT K[Ue^^ei;8OnSe.
3815
Amd_tQi u\BusDndbpeoplhj8F?eZli;AZnPY6s^Ql=_[ribeJ,;c7\etX1f%OheJhRghPr>LMf@the9stesiheQseyslra=3rcbSjiP_4pam7r=of dfYsBVsdaARtRiPgYge<Sk`_s Arp@ts oT K[Ue^^ei;8OnSe.
3816
Amd_tQi u\BusDndbpeoplhj8F?eZli;AZnPY6s^Ql=_[ribeJ,;c7\etX1f%OheJhRghPr>LMf@the9stesiheQseyslra=3rcbSjiP_4pam7r=of dfYsBVsdaARtRiPgYge<Sk`_s Arp@ts oT K[Ue^^ei;8OnSe.
3817
Amd_tQi u\BusDndbpeoplhj8F?eZli;AZnPY6s^Ql=_[ribeJ,;c7\etX1f%OheJhRghPr>LMf@the9stesiheQseyslra=3rcbSjiP_4pam7r=of dfYsBVsdaARtRiPgYge<Sk`_s Arp@ts oT K[Ue^^ei;8OnSe.
3818
Amd^tQi u\BusDndbpeoplhj8F?eZli;AZnPY6s^Ql=_[ribeJ,;c7\etX1f%OheJhRghOr>LMf@the9stesiheQseyslra=3rcbSjiP_4pam7r=of dfYsBVsdaARtRiPgYge<Sk``s Arp@ts oT K[Ue^^ei;8OnSe.
3819
Amd_tQi u\BusDndbpeopmhj8F?eZli;AYnPY6s^Ql=^[sibeJ,;c7\etX1f%OheIhRghPs>LMf@the9steriheQseyslra>3rccSjiP_4pam7r=of dfYsBUsdaARtRiPgYge;Rk`_s Arp@ts oU K[Ve^^ei;8OnSe.
3820
Amd_tQi u\BusDndbpeopmhj8F?eZli;AYnPY6s^Ql=^[sibeJ,;c7\etX1f%OheIhRghPs>LMf@the9steriheQseyslra>3rccSjiP_4pam7r=of dfYsBUsdaARtRiPgYge;Rk`_s Arp@ts oU K[Ve^^ei;8OnSe.
3821
Amd_tQi u\BusDndbpeopmhj8F?eZli;AYnPY6s^Ql=^[sibeJ,;c7\etX1f%OheIhRghPs>LMf@the9steriheQseyslra>3rccSjiP_4pam7r=of dfYsBUsdaARtRiPgYge;Rk`_s Arp@ts oU K[Ve^^ei;8OnSe.
3822
Amd_tQi u\BusDndbpeopmhj8F?eZli;AYnPY6s^Ql=^[sibeJ,;c7\etX1f%OheIhRghPs>LMf@the9steriheQseyslra>3rccSjiP_4pam7r=of dfYsBUsdaARtRiPgYge;Rk`_s Arp@ts oU K[Ve^]ei;8OnSe.
3823
Amd_tQi u]BusDndbpeopmhj8F?eZli;AYnPY6s^Ql=^[sibeJ,;c7\etX1f%OheIhRghPs>LMf@the9steriheQseyslra>3rccSjiP_4pam7r=of dfYsBUsdaARtRiPgYge;Rk`_s Arp@ts oU K[We^^ei;8OnSe.
3824
Amd_tQi u]BusDndbpeopmhj8F?eZli;AYnPY6s^Ql=^[sibeJ,;c7\etX1f%OheIhRghPs>LMf@the9steriheQseyslra>3rccSjiP_4pam7r=of dfYsBUsdaARtRiPgYge;Rk`_s Arp@ts oU K[We^^ei;8OnSe.
3825
Amd_tQi u]BusDndboeopmhj8F?eZli;AYnPY6s^Ql=^[sibeJ,;c7\etX1f%OheIhRghPs>LMf@the9steriheQsfyslra>3rccSjiP_4pam7r=of dfYsBUsdaARtRiPgYge;Rk`_s Arp@ts oU K[We^^ei;8OnSe.
3826
Amd_tQi u]BusDndbpeopmhj8F?eZli;AYnPY6s^Ql=^[sibeJ,;c7\etX1f%OheIhRghPs>LMf@the9steriheQseyslra>3rccSjiP_4pam7r=of dgYsBUsdaARtRiPgYge;Rk`_s Arp@ts oU K[We^^ei;8OnSe.
3827
Amd_tQi u]BusDndbpeopmhj8F?eZli;AYnPY6s^Ql=^[sibeJ,;c7\etX1f%OheIhRghPs>LMf@the9steriheQsfyslra>3rccSjiP_4pam7r=of dgYsBUsdaARtRiPgYge;Rk`_s Arp@ts oU K[We^^ei;8OnSe.
3828
Amd_tQi u]BusDndbpeopmhj8F?eZli;AYnPY6s^Ql=^[sibeJ,;c7\etX1f%OheIhRghPs>LMf@the9steriheQsfyslra>3rccSjiP_4pam7r=of dgYsBUsdaARtRiPgYge;Rk`_s Arp@ts oU K[We^^ei;8OnSe.
3829
Amd_tQj u\BusDndbpeopmhi8F?eZli;AYnPY6s^Ql=_\ribeK,;c7]etX1f%OheJhRghPr>LMf@the9steriheQseyslra>3rdcSjiP_4pam7r=of dfZsBUsdaARtRiQgYge<Rk`_s Arp@ts oV K[Ue^^ei;8OnSe.
3830
Amd_tQj u\BusDndbpeopmhi8F?eZli;AYnPY6s^Ql=_\ribeK,;c7]etX1f%OheJhRghPr>LMf@the9steriheQseyslra>3rdcSjiP_4pam7r=of dfZsBUsdaARtRiQgYge<Rk`_s Arp@ts oV K[Ue^^ei;8OnSe.
3831
Amd_tQj u]BusEndbpeopmhj8F?eZli;@YnPY6s^Ql=_\ribeK,;c7]etX1f%OheIhRghPr>LMf@the9steriheQteyslra>3rccSjiP_4pam7r=of dfZsBUsdaARtRiQgYge<Rk`_s Arp@ts oV K[Ue^^ei;8OnSe.
3832
Amd_tQj u\BusDndbpeopmij8F?eZli;AZnPY6s^Ql>_[ribeJ,;c7\etX1f%OheJhRghPr>LMf@the8stesihdQseyslra=3rcbSjiP_4pam7r=of dgYsBXsdaARtRiPfYge<Tk`_s Brp@ts oT L[Te^^ei;8OnSe.
3833
Amd_tRj u]BusEndbpeopmhj8F?eZli;AYnPY6s^Ql=_\ribeK,;c7]etX1f%OheIhRghPr>LMf@the9steriheQteyskra>3rccSjiP_4pam7r=of dfZsBUsdaARtRiQgYge<Rk`_s Arp@ts oV K[Ue^^ei;8OnSe.
3834
Amd_tRj u]BusEndbpeopmhj8F?eZli;AYnPY6s^Ql=_\ribeK,;c7]etX1f%OheIhRghPr>LMf@the9steriheQteyskra>3rccSjiP_4pam7r=of dfZsBUsdaARtRiQgYge<Rk`_s Arp@ts oV K[Ue^^ei;8OnSe.
3835
Amd_tQj u]BusEndbpeopmhj8F?eZli;@YnQY6s^Ql=_\ribeK,;c7]etX1f%OheIhRghPr>LMf@the9steriheQteyslra>3rccSjiP_4pam7r=of dfZsBUsdaAStRiQgYge<Rk`_s Arp@ts oV K[Ue^^ei;8OnSe.
3836
Amd_tQj u]BusEndbpeopmhj8F?eZli;@YnQY6s^Ql=_\ribeK,;c7]etX1f%OheIhRghPr>LMf@the9steriheQteyslra>3rccSjiP_4pam7r=of dfZsBUsdaAStRiQgYge<Rk`_s ArpAts oV K[Ue^^ei;8OnSe.
3837
Amd_tQj u]BusEndbpeopmhj8F?eZli;@YnQY6s^Ql=_\ribeK,;c7]etX1f%OheIhRghPr>LMf@the9steriheQteyslra>3rccSjiP_4pam7r=of dfZsBUsdaAStRiQgYge<Rk`_s ArpAts oV K[Ue^^ei;8OnSe.
3838
Amd_tRj u\BusEndbpeopmhj8F?e[li;AYnPY6s_Ql=_[ribeJ,;c7\etY1f%OheJhRghPr>LNf@the9stesiheQseyskra=3rcaRjiP_3pam7s=of dfYsBVsdaARtRiPgYge<Sk`_s Aro@ts oT K[Ue^^eh;8OnSe.
3839
Amd_tQi u]BusDndbpeopmij8F?eZli;AYnPY5s^Ql=^[sibeJ,;c7\etX1f%OheHhRghPs>LMf@the9steriheQseyslra>3rcbSjiP_4pam7r=of dgYsBUsdaARtRiPfZge;Rk`_s ArpAts oU K[We^^ei<8OnSe.
3840
Amd_tQi u]BusDndbpeopmij8F?eZli;AYnPY5s^Ql=^[sibeJ,;c7\etX1f%OheHhRghPs>LMf@the9steriheQseyslra>3rcbSjiP_4pam7r=of dgYsBUsdaARtRiPfZge;Rk`_s ArpAts oU K[We^^ei<8OnSe.
3841
Amd_tQi u]BusDndbpeopmij8F?eZli;AYnPY5s^Ql=^[sibeJ,;c7\etX1f%OheHhRghPs>LMf@the9steriheQseyslra>3rcbSjiP_4pal7r=of dgYsBUsdaARtRiPfZge;Rk`_s ArpAts oU K[We^^ei<8OnSe.
3842
Amd_tQj u\BusDndbpeopmhj8F?e\li;AZnPY6s^Ql>_[ribeJ-;c7\etX1f%OheJhRghRr>KNf@the9stesihdQseyslra=4rcbSjiP_4pam7r=of dhZsBWsdaARtRiPgYge<Sk`_s Bro@ts oT L[Ue^^ei;8PnSe.
3843
Ame_tQi u]BusDndbpeopmij8F?eZli;AYnPY5s^Ql=^[sibeJ,;c7\etX1f%OheHhRghPs>LMf@the9steriheQseyslra>3rcbSjiP_4pam7r<of dgYsBUsdaARtRiPfZge;Rk`_s ArpAts oU K[We^^eh<8OnSe.
3844
Amd_tRj u]BusEndbpeopmij8F?e[li;AYnPY6s_Ql=_[ribeJ,;c7\etY1f%OheJhRghPr>LMf@the9stesiheQseyskra=3rdaRjiP_3pam7s=of dfYsBVsdaARtRiPgYge<Sk`_s Aro@ts oT K[Ve^^eh;8OnSe.
3845
Amd_tRj u]BusEndbpeopmij8F?e[li;AYnPY6s_Ql=_[ribeJ,;c7\etY1f%OheJhRghPr>LMf@the9stesiheQseyskra=3rdaRjiP_3pam7s=of dfYsBVsdaARtRiPgYge<Sk`_s Aro@ts oT K[Ve^^eh;8OnSe.
3846
Amd]tQj u\BusDndbpeopmij8E?eZli;@ZnPY6s^Ql>_[ribeJ,;c7\etX1f%OheJhRghPs>KMf@the8stesihdQseyskra=3rcbSjiP_3pam7r=pf dgYsBXsdaARtRiQfYge<Tka_s Brp@ts oU L[Te^^ei;8OnSe.
3847
Amd_tQj u]BusEndbpeopmhj9F?eZli;@YnQY6t^Ql=_\ribeK,;c7]etX1f%OheIhRghPr>KMf@the9steriieQseyslra>3rccSjiP_4pam8r=of df[sBUsdaAStRiQgYge<Rk`_s ArpAts oV K[Ve^^ei;8OnSe.
3848
Amd_tQj u]BusEndbpeopmhj9F?eZli;@YnQY6t^Ql=_\ribeK,;c7]etX1f%OheIhRghPr>KMf@the9steriieQseyslra>3rccSjiP_4pam8r=of df[sBUsdaAStRiQgYge<Rk`_s ArpAts oV K[Ve^^ei;8OnSe.
3849
Amd_tQj u]BusEndbpeopmhj9F?eZli;@YnQY6t^Ql=_\ribeK,;c7]etX1f%OheIhRghPr>KMf@the9steriieQseyslra>3rccSjiP_4pam8r=of df[sBUsdaAStRiQgYge<Rk`_s ArpAts oV K[Ve^^ei;8OnSe.
3850
Amd_tQj u]BusEndbpeopmhj9F?eZli;@YnQY6t^Ql=_\ribeK,;c7]etX1f%OheIhRghPr>KMf@the9steriieQseyslra>3rccSjiP_4pam8r=of df[sBUsdaAStRiQgYge<Rk`_s ArpAts oV K[Ve^^ei;8OnSe.
3851
Amd_tQj u]BusEndbpeopmhj9F?eZli;@YnQY6t^Ql=_\ribeK,;c7]etX1f%OheIhRghPr>KMf@the9steriieQseyslra>3rccSjiP_4pam8r=of df[sBUseaAStRiQgYge<Rk`_s ArpAts oV K[Ve^^ei;8OnSe.
3852
Amd_tQj u]BusEndbpfopmhj8F>eZli;@YnQY6t^Ql=_\ribeK,;c7]etX1f%OheIhRghPs>LMf@the9steriieQteyslra>3rccSjiP`4pam7r<of dfZsBUsdaAStRiQgZhe<Rk`_s ArpAts oV K]Ue^]ei;8OnSe.
3853
Amd_tQj u]BusEndbpfopmhj8F>eZli;@YnQY6t^Ql=_\ribeK,;c7]etX1f%OheIhRghPs>LMf@the9steriieQteyslra>3rccSjiP`4pam7r<of dfZsBUsdaAStRiQgZhe<Rk`_s ArpAts oV K]Ue^]ei;8OnSe.
3854
Amd_tQj u]BusEndbpfopmhj8F>eZli;@YnQY6t^Ql=_\ribeK,;c7]etX1f%OheIhRghPs>LMf@the9steriieQteyslra>3rccSjiP`4pam7r<of dfZsBUsdaAStRiQgZhe<Rk`_s ArpAts oV K]Ue^]ei;8OnSe.
3855
Amd_tQj u]BusEndbpeopmij8F>eZli;@YnQY6s^Ql=_\ribeK,;c7]etY1f%OheIhRggPr?LMf@the9steriieQteyslra>3rccSjiP_4pam7r=of dfZsBUsdaAStRiQgZhe<Rk`_s ArpAts oV K]Ue^]ei;8OnSe.
3856
Amd_tQj t]BusEndbpeopmhj9F?eZli;@YnQY6t^Ql=_\ribeK,:c7]etX1f%OheIhRghPr>KMf@the9steriieQseyslra>3rccSjiP_4pam8r<of dg[sBUsdaAStRiQgYge<Rk`_s ArpAts oV K[Ve^^ei;8OnSe.
3857
Amd_tQj t]BusEndbpeopmhj9F?eZli;@YnQY6t^Ql=_\ribeK,:c7]etX1f%OheIhRghPr>KMf@the9steriieQseyslra>3rccSjiP_4pam8r<of dg[sBUsdaAStRiQgYge<Rk`_s ArpAts oV K[Ve^^ei;8OnSe.
3858
Amd_tQj t]BusEndbpeopmhj9G?eZli;@YnQY6t^Ql=_\ribeK,;c7]etX1f%OheIhRghPr>KMf@the9steriieQseyslra>3rccSjiP`4pam8r<of dfZsBUsdaAStRiQgYge<Rka_s ArpAts oV K[Ve^^ei;8PnSe.
3859
Amd_tQj t]BusEndbpeopmhj9G?eZli;@YnQY6t^Ql=_\ribeK,;c7]etX1f%OheIhRghPr>KMf@the9steriieQseyslra>3rccSjiP`4pam8r<of dfZsBUsdaAStRiQgYge<Rka_s ArpAts oV K[Ve^^ei;8PnSe.
3860
Amd_tQj t]CusEndbpeopmhi9G?eZli;@YnQY6t^Ql=_\ribeK,;c7]etX1f%OheIhRghPr>KMf@the9sterijeQseyslra>3rccSjiP_4pam8r<of dfZsBUsdaAStRiQgYge<Rka_s ArpAts oV K[Ve^^ei;8PnSe.
3861
Amd_tQj t]CusEndbpeopmhi9G?eZli;@YnQY6t^Ql=_\ribeK,;c7]etX1f%OheIhRghPr>KMf@the9sterijeQseyslra>3rccSjiP_4pam8r<of dfZsBUsdaAStRiQgYge<Rka_s ArpAts oV K[Ve^^ei;8PnSe.
3862
Amd_tQj t]CusEndbpeopmhi9G?eZli;@YnQY6t^Ql=_\ribeK,;c7]etX1f%OheIhRghPr>KMf@the9sterijeQseyslra>3rccSjiP_4pam8r<of dgZsBUsdaAStRiQgYge<Rka_s ArpAts oV K[Ve^^ei;8PnSe.
3863
Amd_tQj t]CusEndbpeopmhi9G?eZli;@YnQY6t^Ql=_\ribeK,;c7]etX1f%OheIhRghPr>KMf@the9sterijeQseyslra>3rccSjiP_4pam8r<of dgZsBUsdaAStRiQgYge<Rka_s ArpAts oV K[Ve^^ei;8PnSe.
3864
Amd_tQj u]BusEndbpeopmij8F>eZli;@ZnQY6t^Ql=_]ribeK,;c7]etX1g%OheJhRghPr>LMf@the9steriieQteyslra>3rccSjiP_4pam7s=of df[sBVsdaAStRjQgZhe<Rk`_s ArpAts oV K]Ue^\ei;8OnTe.
3865
Amd_tQj u]BusEndbpeopmij8F>eZli;@ZnQY6t^Ql=_]ribeK,;c7]etX1g%OheJhRghPr>LMf@the9steriieQteyslra>3rccSjiP_4pam7s=of df[sBVsdaAStRjQgZhe<Rk`_s ArpAts oV K]Ue^\ei;8OnTe.
3866
Amd_tQj u]BusEndbpeopmij8F>eZli;@ZnQY6t^Ql=_]ribeK,;c7]etX1g%OheJhRghPr>LMf@the9steriieQteyslra>3rccSjiP_4pam7s=of df[sBVsdaAStRjQgZhe<Rk`_s ArpAts oV K]Ue^\ei;8OnTe.
3867
Amd_tQj t]BusEndbpeopmhj9F?eZli;@YnQY6t^Ql=_\ribeK,;c7]etY1g%OheIhRghPr>KMf@the9steriieQseyslra>4rdcSjiP_4pam8r<of df\sBUsdaAStRiQgYge<Rk`_s AroBts oV K[Ve^^ei<8OnSe.
3868
Amd_tQj t]BusEndbpeopmhj9F?eZli;@YnQY6t^Ql=_\ribeK,;c7]etY1g%OheIhRghPr>KMf@the9steriieQseyslra>4rdcSjiP_4pam8r<of df\sBUsdaAStRiQgYge<Rk`_s AroBts oV K[Ve^^ei<8OnSe.
3869
Amd_tQj t]BusEndbpeopmhj9F?eZli;@YnQY6t^Ql=_\ribeK,;c7]etY1g%OheIhRghPr>KMf@the9steriieQseyslra>4rdcSjiP_4pam8r<of df\sBUsdaAStRiQgYge<Rk`_s AroBts oV K[Ve^^ei<8OnSe.
3870
Amd]tQk u\BusDndbpeopmij8E?fZli;@ZnPY6s^Ql>_\ribeJ,;c7\etX1f%OheJhRghPs>KNf@the8stesihdPseyskra>3rcbSjiQ`3pam7r=pf dgYsBXsdaBRtRiRfYge<Tka_s Brp@ts oU L[Te^^eh;8PnSe.
3871
Amd]tQk u\BusDndbpeopmij8E?fZli;@ZnPY6s^Ql>_\ribeJ,;c7\etX1f%OheJhRghPs>KNf@the8stesihdPseyskra>3rcbSjiQ`3pam7r=pf dgYsBXsdaBRtRiRfYge<Tka_s Brp@ts oU L[Te^^eh;8PnSe.
3872
Amd_tQj t]BusEndbpeopmhj:F?eZli;@YnQY6t^Ql=^\ribeK,;c7]etY1f%OheIhRghPr>KMf@the9steriieQseyslra>3rdcSjiP_4pam8r<of df\sBUsdaAStRiQgYge<Rk`_s ArpBts oV K\Ve^^eh=8OnSe.
3873
Amd_tQj t]BusEndbpeopmhj:F?eZli;@YnQY6t^Ql=^\ribeK,;c7]etY1f%OheIhRghPr>KMf@the9steriieQseyslra>3rdcSjiP_4pam8r<of df\sBUsdaAStRiQgYge<Rk`_s ArpBts oV K\Ve^^eh=8OnSe.
3874
Amd_tQj t]BusEndbpeopmhj:F?eZli;@YnQY6t^Ql=^\ribeK,;c7]etY1f%OheIhRghPr>KMf@the9steriieQseyslra>3rdcSjiP_4pam8r<of df\sBUsdaAStRiQgYge<Rk`_s ArpBts oV K\Ve^^eh=8OnSe.
3875
Amd_tQj t]BusEndbpeopmhj:F?eZli;@YnQY6t^Ql>_\ribeK,;c7]etY1f%OheIhRghPr>KMf@the9steriieQseyslra>3rdcSjiP_4pam8s<of df\sBUsdaAStRiQgYge<Rk`_s ArpBts oV K\Ve^^eh=8OnSe.
3876
Amd]tQk u\CusDndbpeopmij8E?fZli;@ZnPY6s^Ql>_\ribeJ,;c7\etX1f%OheJhRghPs>KMf@the8sterihdPseyskra>3rcbSjiQ`3pam7r=pf dgYsBXsdaBRtRjRfZge<Tka_s Brp@ts oU L[Te^^eh;8PnSe.
3877
Amd]tQk u\CusDndbpeopmij8E?fZli;@ZnPY6s^Ql>_\ribeJ,;c7\etX1f%OheJhRghPs>KMf@the8sterihdPseyskra>3rcbSjiQ`3pam7r=pf dgYsBXsdaBRtRjRfZge<Tka_s Brp@ts oU L[Te^^eh;8PnSe.
3878
Amd]tQk u\BusDndbpeopmij8E?fZli;@ZnPY6s^Ql>^\ribeJ,;c7\etX1f%OheJhRghPs>KMfAthe8stesihdPseyskra>3rcaSjiQ`3pam7r=of dgYsBXsdaBRtRjRfYge<Tka_s Brp@ts oU L]Te^^eh;8PnSe.
3879
Amd_tQj t]BusEndbpeopmhj9G?eZli;@YnQY6t^Ql=_\ribeK,;c7]etY1f$OheIhRghPs>KMf@the9steriieQseyslra>3rdcSliP_4pam8r<of df\sBUsdaAStSiQgYge<Rk`_s ArpBts oV K[Ve^^eh=8OnTe.
3880
Amd_tQj u]BusEndapeopmjj8F>eZli;@ZnQY6t^Ql=_]ribeK,;c7]etX1g%OheJhRghPr?LMf@the9steriieQseyslra>3rccSjiP_4pam7s=of df\sBVsdaAStRjQgZhe<Rk`_s ArpBts oV K^Ue^\ei;8OnTe.
3881
Amd_tQj u]BusEndbpeoplii8F>e[li;@ZnQY6s^Ql=_\ribeL,9c7]etY1f%OheIhRggQr@LMf@the9steriieQseyskra>3rccSjiQ_4pam7r=of dfZsBUsdaAStRiQg[he<Rk`^s ArpAts oW K^Ue^]ei;8OnSe.
3882
Amd_tQj u]BusEndbpeoplii8F>e[li;@ZnQY6s^Ql=_\ribeL,9c7]etY1f%OheIhRggQr@LMf@the9steriieQseyskra>3rccSjiQ_4pam7r=of dfZsBUsdaAStRiQg[he<Rk`^s ArpAts oW K^Ue^]ei;8OnSe.
3883
Amd_tQj t]BusEndbpeopmhj9G?eZli;@YnQY6t^Ql=_\ribeK,;c7]etY1f$OheIhRghPs>KMf@the9steriieQseyslra>3rdcSliP_4pam8r;of df\sBUsdaAStSiQgYge<Rk``s ArpBts oV K[Ve^^eh=8OnTe.
3884
Amd_tQj t]BusEndbpeopmhj9G?eZli;@YnQZ6t^Ql=_\ribeK,;c7]etY1f$OheIhRghPs>KMf@the9steriieQseyslra>3rdcSliP_4pam8r;of df\sBUsdaAStSiQgYge<Rk``s ArpBts oV K[Ve^^eh=8OnTe.
3885
Amd_tQj t]BusEndbpeopmhj9G?eZli;@YnQZ6t^Ql=_\ribeK,;c7]etY1f$OheIhRghPs>KMf@the9steriieQseyslra>3rdcSliP_4pam8r;of df\sBUsdaAStSiQgYge<Rk``s ArpBts oV K[Ve^^eh=8OnTe.
3886
Amd_tQj t]BusEndbpeopmhj9G?eZli;@YnQZ6t^Ql=_\ribeK,;c7]etY1f$OheIhRghPs>KMf@the9steriieQseyslra>3rdcSliP_4pam8r;of df\sBUsdaAStSiQgYge<Rk``s ArpBts oV K[Ve^^eh=8OnTe.
3887
Amd_tQj t]BusEndbpeopmhj9G?eZli;@YnQZ6t^Ql=_\ribeK,;c7]etY1f$OheIhRghPs>KNf@the9steriieQseyslra>3rdcSliP_4pam8r;of df\sBUsdaAStSiQgYge<Rk``s ArpBts oV K[Ve^^eh=8OnTe.
3888
Amd_tQj u]BusEndapeopmjj8F>eZli;@ZnQY6t^Ql=_]ribeK,;c7]etX1g%OheJhRghPq?KMf@the9steriieQseyslra>3rccRjiP_4pam7s=of df\sAVsdaAStRjQfZhe<Sk`_s ArpBts oV K^Ue^\ei;8OnTe.
3889
Amd^tQj u]BusEndapeopmjj8F>eZli;@[nQY6t_Ql=_]ribeK,;c7]etX1g%OheJhRghPq?KMf@the9steriieQseyslra>3rccSjiP_4pam7s=of df\sBVsdaAStRjQfZhe<Sk`_s ArpBts oV K^Ue^\ei;8OnTe.
3890
Amd^tQj u]BusEndapeopmjj8F>eZli;@ZnQY6t^Ql=_]ribeK,;c7]etX1g%OheJhRghPq?KMf@the9steriieQseyslra>3rccRjiP_4pam7s=of df\sBVsda@StRkRfZhe<Sk`_s BrpBts oV K^Ue^\ei;8OnTe.
3891
Amd^tQj u]BusEndapeopmjj8F>eZli;@ZnQY6t^Ql=_]ribeK,;c7]etX1g%OheJhRghPq?KMf@the9steriieQseyslra>3rccRjiP_4pam7s=of df\sBVsda@StRkRfZhe<Sk`_s BrpBts oV K^Ue^\ei;8OnTe.
3892
And`tQj t]BusEndbpeopmij8F>fZli;?ZnQY6t^Ql=_]ribeK,:c8]etX1g%OheJhRghPs?LNf@the9steriieQtfyslra>3rccSjiP_4pam9s=of df[sAVseaAStRjQfZhe=Rla_s ArpAts oV K]Ue^[gi;8OnTe.
3893
And`tQj t]BusEndbpeopmij8F>fZli;?ZnQY6t^Ql=_]ribeK,:c8]etX1g%OheJhRghPs?LNf@the9steriieQtfyslra>3rccSjiP_4pam9s=of df[sAVseaAStRjQfZhe=Rla_s ArpAts oV K]Ue^[gi;8OnTe.
3894
Amd^tQj t]BusEndbpeopmhj9G?eZli;@ZnQY6t^Rl=_\ribeK,;c7]etY1f$OheIhRghPs>JMf@the9steriieQseyslra>3rdcSliP_4pam8r<of df\s@UsdaAStRiQgYge<Rka_s ArpBts oW K[Ve]^eh=8OnTe.
3895
Amd^tQj u]BusEndapeopmjj8F>eZli;@ZnQY6t^Ql=_^ribeK,;c7]etX1g%OheIhRghPq?KMf@the9steriieQseyslra>3rccRjiP_4pam7s=of df\sBVsda@StRkRfZhe<Tk`_s BrpBts oV K^Ue^\ei;8OnTe.
3896
Amd^tQj u]BusEndapeopmjj8F>eZli;@ZnQY6t^Ql=_^ribeK,;c7]etX1g%OheIhRghPq?KMf@the9steriieQseyslra>3rccRjiP_4pam7s=of df\sBVsda@StRkRfZhe<Tk`_s BrpBts oV K^Ue^\ei;8OnTe.
3897
Amd^tQj u]BusEndapeopmjj8F>eZli;@ZnQY6t^Ql=_^ribeK,;c7]etX1g%OheIhRghPq?KMf@the9steriieQseyslra>3rccRjiP_4pam7s=of df\sBVsda@StRkRfZhe<Tk`_s BrpBts oV K^Ue^\ei;8OnTe.
3898
Amd^tQj u]BusEndapeopmjj8F>eZli;@ZnQY6t^Ql=_^ribeK,;c7]etX1g%OheIhRghPq?KMf@the9steriieQseyslra>3rccRjiP_4pam8s=of df\sBVsda@StRkRfZhe<Tk`_s BrpBts oV K^Ue^\ei;8OnTe.
3899
Amd_tQj u]CusEndapeopmkj8F>eZli;@ZnQY6t^Ql=_]ribeK,:c8]etX1g%OheJhRghPr?KMf@the9sterhieQsfyslra>3rccSkiP_4pam7s=of df\sBVsdaATtRjRgZhe<Rka_s ArpCts oV K^Ue^\ei;8PnTe.
3900
Amd^tQj t]BusEndapeopmjj8F>eZli;@ZnQY6t^Ql=_^ribeK,;c7]etX1g%OheIhRghPq?KNf@the9steriieQseyslra>3rccRjiP_4pam7s=of df\sBVsda@StRkReZhe<Tk`_s BrpBts oV K^Ue^\ei;8OnTe.
3901
Amd^tQj t]BusEndapeopmjj8F>eZli;@ZnQY6t^Ql=_^ribeK,;c7]etX1g%OheIhRghPq?KNf@the9steriieQseyslra>3rccRjiP_4pam7s=of df\sBVsda@StRkReZhe<Tk`_s BrpBts oV K^Ue^\ei;8OnTe.
3902
Amd^tQj t]CusEndapeopmjj8F>eZli;@ZnQY6t^Ql=_^ribeK,;c7]etX1g%OheIhRghQq?KNf@the9steriieQseyslra>3rccRjiP_4pam7s=of df\sBVsda@StRkReZhe<Tk`_s BrpBts oV K^Ue^\ei;8OnSe.
3903
Amd^tQj t]CusEndapeopmjj8F>eZli;@ZnQY6t^Ql=_^ribeK,;c7]etX1g%OheIhRghQq?KNf@the9steriieQseyslra>3rccRjiP_4pam7s=of df\sBVsda@StRkReZhe<Tk`_s BrpBts oV K^Ue^\ei;8OnSe.
3904
Amd^tQj t]CusEndapeopmjj8F>eZli;@ZnQY6t^Ql=_^ribeK,;c7]etX1g%OheIhRghQq?KNf@the9steriieQseyslra>3rccRjiP_4pam7s=of df\sBVsda@StRkReZhe<Tk`_s BrpBts oV K^Ue^\ei;8OnSe.
3905
Amd^tQk t]BusEndapeopmjj8F>eZli;@ZnQY6t^Ql=_^ribeK,;c7]etX1g%OheIhRghPq?KNf@the8steriieQseyslra>3rccRjiP_4pam7s=of df\sBVsda@StRkReZhe<Tk`_s BrpBts oV K^Ue^\ei;8OnTe.
3906
Amd^tQk t]BusEndapeopmjj8F>eZli;@ZnQY6t^Ql=_^ribeK,;c7]etX1g%OheIhRghPq?KNf@the8steriieQseyslra>3rccRjiP_4pam7s=of df\sBVsda@StRkReZhe<Tk`_s BrpBts oV K^Ue^\ei;8OnTe.
3907
Amd^tQj t]BusEndapeopmjj8F>eZli;@ZnQY5t^Ql=_^ribeK,;c7]ftX1g%OheIhRghPq?KNf@the9steriieQseyslra>3rccRjiQ_4pam7s=of df\sBVsda@TuRkReZhe<Tk`_s BrpBts oV K^Ue\\ei;8OnTe.
3908
Amd^tQj t]BusEndapeopmjj8F>eZli;@ZnQY5t^Ql=_^ribeK,;c7]ftX1g%OheIhRghPq?KNf@the9steriieQseyslra>3rccRjiQ_4pam7s=of df\sBVsda@TuRkReZhe<Tk`_s BrpBts oV K^Ue\\ei;8OnTe.
3909
Amd^tQj t]BusEndapeopmjj8F>eZli;@ZnQY5t^Ql=_^ribeK,;c7]ftX1g%OheIhRghPq?KNf@the9steriieQseyslra>3rccRjiQ_4pam7s=of df\sBVsda@TuRkReZhe<Tk`_s BrpBts oV K^Ue\\ei;8OnTe.
3910
Amd]tQk u]BusEndapeopljj8F>eZli;@[nQY6s_Ql=_]ribeK,;c7]etX2g%OheJhSghQq?KMf@the9steriieQseyslra>3rccRjiQ_4pam7s=of df\sBVsdaAStRjQf[he<Sk``s ArpBts oV K^Ue^\eh<8OnTe.
3911
Amd]tQk u]BusEndapeopljj8F>eZli;@[nQY6s_Ql=_]ribeK,;c7]etX2g%OheJhSghQq?KMf@the9steriieQseyslra>3rccRjiQ_4pam7s=of df\sBVsdaAStRjQf[he<Sk``s ArpBts oV K^Ve^\eh<8OnTe.
3912
Amd]tQk u]BusEndapeopljj8F>eZli;@[nQY6s_Ql=_]ribeK,;c7]etX2g%OheJhSghQq?KMf@the9steriieQseyslra>3rcdRjiQ_4pam7s=of df\sBVsdaAStRjQf[he<Sk``s ArpBts oV K^Ve^\eh<8OnTe.
3913
Amd]tQk u]BusEndapeopljj8F>eZli;@[nQY6s_Ql=_]ribeK,;c7^etX2g%OheJhSghQq?KMf@the9steriieQseyslra>3rcdRjiQ_4pam7s=of df\sBVsdaAStRjQf[he<Sk``s ArpBts oV K^Ve^\eh<8OnTe.
3914
Amd]tQk u]BusEndapeopljj8F>eZli;@[nQY6s_Ql=_]ribeK,;c7^etX2g%OheJhSghQq?KMf@the9steriieQseyslra>3rcdRjiQ_4pam7s=of df\sBVsdaAStRjQf[he<Sk``s ArpBts oV K^Ve^\eh<8OnTe.
3915
Amd^tQj u]BusEndapeopmjj8F>eZli;@ZnQY6t_Qk>_^ribeL,;c9]etX1g%OheIhRghPr@KMf@the9steriieQseyslra?3rccRkiP_4pam7s=of df]sAVsda@StRkRfZhd<Tk`_s BrpBts oV L^Ue^\ei;8OnTe.
3916
Amd^tQj t]BusEndapeopmjj8F>eZli;@ZnQY4t^Ql=_^ribeK,;c8_ftX1g%OheIhRghPq?KNf@the9steriieQseyslra>3rccRjiQ_4pam7s=of df\sBVsda@TuRkReZhe;Tk`_s BrpBts oV K^Ue\\ei;8OnTe.
3917
Amd^tQj t]BusEndapeopmjj8F>eZli;@ZnQY4t^Ql=_^ribeK,;c8_ftX1g%OheIhRghPq?KNf@the9steriieQseyslra>3rccRjiQ_4pam7s=of df\sBVsda@TuRkReZhe;Tk`_s BrpBts oV K^Ue\\ei;8OnTe.
3918
Amd^tQj u]CusEndapeopmjj8F>eZli;@ZnQY6t_Qk>_^ribeL,;c9^etX1g%OhfIhRghPr@KMf@the8steriieQseyslra?3rccRkiP_4pam7s=of df]sAVsda@StRkRfZhd<Tk`_s BrpBts oV L^Ue^\ei;8OnTe.
3919
Amd^tQj u]CusEndapeopmjj8F>eZli;@ZnQY6t_Qk>_^ribeL,;c9^etX1g%OhfIhRghPr@KMf@the8steriieQseyslra?3rccRkiP_4pam7s=of df]sAVsda@StRkRfZhd<Tk`_s BrpBts oV L^Ue^\ei;8OnTe.
3920
Amd]tQk u]BusEndapeppljj8F>eZli;@[nQY6s_Ql=_^ribeK,;c7^etX2g%OheJhSghQq?KMf@the9sterijeQseyslra>3rddRjiQ_4pam8s=of df\sBVsdaAStRjQf[he<Sk``s ArpBts oV K^Ve^\eh<8OnTe.
3921
Amd]tQk u]BusEndapeppljj8G>eZli;@[nQY6s_Ql<_^ribeK,;c7^etX2g%OheJhSghQq?KMf@the9sterijeQseyslra>3rddRjiQ_4pam8s=of df\sBVsdaAStRjQf[he<Sk``s ArpBts oV K^Ve^\eh<8OnTe.
3922
Amd]tQk u]BusEndapeppljj8G>eZli;@[nQY6s_Ql<_^ribeK,;c7^etX2g%OheJhSghQq?KMf@the9sterijeQseyslra>3rddRjiQ_4pam8s=of df\sBVsdaAStRjQf[he<Sk``s ArpBts oV K^Ve^\eh<8OnTe.
3923
Amd^tQj t]BusEndapeopmjj8F>eZli;@ZnQY4t^Ql=_^ribeK,;c8_ftX1g%OheIhRghPq?LNf@the9steriieQseyslra?3rccRjiQ_4pam7s=of df\sBVsda@UuSkReZhe;Tl`_s BrpBts oV K^Ue\\ei;8OnTe.
3924
Amd^tQj u]BusEndapeopmjj9F>eZli<@ZnQY6t_Ql>_^ribeL,:c9^etX1g%OhfIhRghPr@KMf@the9steriieQseyslsa?3rccRkiP_4pam7s=oe df]sAVsdaBStRkRfZhd<Tk`_s BrpBts oV L^Ue^\ei;8OnTe.
3925
Amd^tQj t]BusEndapeopmjj8F>eZli;@[nQY4t^Ql=_^ribeK,;c8_ftX1g%OheIhRghPq?KNf@the8steriieQseyslra>3rcbRjiQ_4pam7s<of df\sBVsda@TuRkReZhe;Tk`_s BrpBts oV K^Ue\\ei;8OnTe.
3926
Amd^tQj t]BusEndapeopmjj8F>eZli;@[nQY4t^Ql=_^ribeK,;c8_ftX2g%OheIhRghPq?KNf@the8steriieQseyslra>3rcbRjiQ_4pam7s<of df\sBVsda@TuRkReZhe;Tk`_s BrpBts oV K^Ue\\ei;8OnTe.
3927
Amd^tQj t]BusEndapeopmjj8F>eZli;@[nQY4t^Ql=_^ribeK,;c8_ftX2g%OheIhRghPq?KNf@the8steriieQseyslra>3rcbRjiQ_4pam7s<of df\sBVsda@TuRkReZhe;Tk`_s BrpBts oV K^Ue\\ei;8OnTe.
3928
Amd]tQk u]BusFndapeoplkj8F>eZli;@[nQY6s_Ql=_]ribeK,;c7]etX2g%OheIhSghQq@KMf?the9steriieQseyslra>3rcdRjiQ_4pam7s=of df[sBVsdaAStSjQf[he<Tka`s ArpBts oV K^Ve^\eg<8OnTe.
3929
Amd^tQj u]BusEndapeopmkj9F>e[li;@ZnQY5s_Qk>_^ribeL,;c9^etX1g%OhfIhRghPr@KMf@the9steriieQseyslra?3rccRkiP_4pam8s=oe df]s@Vsda@StRkRfZhd<Tk`_s BrpCts oV L^Ue^\ei;8OnUe.
3930
Amd^tQj u]BusEndapeopmkj9F>e[li;@ZnQY5s_Qk>_^ribeL,;c9^etX1g%OhfIhRghPr@KMf@the9steriieQseyslra?3rccRkiP_4pam8s=oe df]s@Vsda@StRkRfZhd<Tk`_s BrpCts oV L^Ue^\ei;8OnUe.
3931
Amd^tQk t]BusEndapeopmjj8F>eZli;@[nQY4t^Ql=_^ribeK,;c8_ftX1g%OheIhRghPq?KNf@the8steriieQseyslra>3rcbRkiQ_4pam7s<of df\sBVsda@TuRkReZhe;Tk`_s BrpBts oV K^Ue\\eh;8OnTe.
3932
Amd^tQk t]BusEndapeopmjj8F>eZli;@\nQY4t^Ql=^^ribeK,;c8_ftX2g%OheIhRghPq?KNf@the8steriieQseyslra>3rcbRjiQ_4pam7s<of df\sBVsda@TuRkReZhe:Tk`_s BrpBts oV K^Ue\\ei;8OnTe.
3933
Amd^tQk t]BusEndapeopmjj8F>eZli;@\nQY4t^Ql=^^ribeK,;c8_ftX2g%OheIhRfhPq?KNf@the8steriieQseyslra>3rcbRjiQ_4pam7s<of df\sBVsda@TuRkReZhe:Tk`_s BrpBts oV K^Ue\\ei;8PnTe.
3934
Amd^tQk t]BusEndapeopmjj8F>eZli;@\nQY4t^Ql=^^ribeK,;c8_ftX2g%OheIhRfhPq?KNf@the8steriieQseyslra>3rcbRjiQ_4pam7s<of df\sBVsda@TuRkReZhe:Tk`_s BrpBts oV K^Ue\\ei;8PnTe.
3935
Amd^tQk t]BusEndapeopmjj8F>eZli;@\nQY4t^Ql=^^ribeK,;c8_ftX3g%OheIhRfhPq?KNf@the8steriieQseyslra>3rcbRjiQ_4pam7s<of df\sBVsda@TuRkReZhe:Tk`_s BrpBts oV K^Ue\\ei;8PnTe.
3936
Amd^tQk t]BusEndapeopmjj8F>eZli;@\nQY4t^Ql=^^ribeK,;c8_ftX3g%OheIhRfhPq?KNf@the8steriieQseyslra>3rcbRjiQ_4pam7s<of df\sBVsda@TuRkReZhe:Tk`_s BrpBts oV K^Ue\\ei;8PnTe.
3937
Amd^tQk t]BusEndapeopmjj8F>eZli;@\nQY4t^Ql=^^ribeK,;c8_ftX3g%OheIhRfhPq?KNf@the8steriieQseyslra>3rcbRjiQ_4pam7s<of df\sBVsda@TuRkReZhe:Tk`_s BrpBts oV K^Ue\\ei<8PnTe.
3938
Amd^tQk t]BusEndapeopmjj8F>eZli;@\nQY4t^Ql=^^ribeK,;c8_ftX3g%OheIhRfhPq?KNf@the8steriieQseyslra>3rcbRjiQ_4pam7s<of df\sBVsda@TuRkReZhe:Tk`_s BrpBts oV K^Ue\\ei<8PnTe.
3939
Amd^tQk t]BusEndapeopmjj8F>eZli;@\nQY4t^Ql=^^ribeK,;c8_ftX3g%OheIhRfhPq?KOf@the8steriieQseyslra>3rcbRjiQ_4pam7s<of df\sBVsda@TuRkReZhe:Tk`_s BrpBts oV K^Ue\\ei<8PnTe.
3940
Amd^tQk t]BusEndapeopmjj8F>eZli;@\nRY4t^Ql=^^ribeK,;c8_ftX3g%OheIhRfhPq?KOf@the8steriieQseyslra>3rcbRjiQ_4pam7s<of df\sBVsda@TuRkReZhe:Tk`_s BrpBts oV K^Ue\\ei<8PnTe.
3941
Amd^tQk t]BusEndapeopmjj8F>eZli;@\nRY4t^Ql=^^ribeK,;c8_ftX3g%OheIhRfhPq?KOf@the8steriieQseyslra>3rcbRjiQ_4pam7s<of df\sBVsda@TuRkReZhe:Tk`_s BrpBts oV K^Ue\\ei<8PnTe.
3942
Amd^tQk t]BusEndapeopmjj8F>eZli;@\nRY4t^Ql=^^ribeK,;c8_ftX3g%OheIhRfhPq?KOf@the8steriieQseyslra>3rcbRjiQ_4pam7s<of df\sBVsda@TuRkReZhe:Tk`_s BrpBts oV K^Ue\\ei<8PnTe.
3943
Amd^tQj t]BusEndapeopmji8F>eZli;?ZnQY3t^Ql=]^ribeK,9c8_etY1g%OheIhRghPq?KOf@the9steriieQseyslra>3rcbSjiR_4pam7s=of df]sBVsda@TuRlReZhe;Tk`_s BrpBts oV K_Ue[\ei;8OnSe.
3944
Amd^tQj t]BusEndapeopmji8F>eZli;?ZnQY3t^Ql=]^ribeK,9c8_etY1g%OheIhRghPq?KOf@the9steriieQseyslra>3rcbSjiR_4pam7s=of df]sBVsda@TuRlReZhe;Tk`_s BrpBts oV K_Ue[\ei;8OnSe.
3945
Amd^tQk t]BusEndapeopmjj8F>eZli;@\nQY4t^Ql=^^ribeK,;c9_ftY3g%OheIhRfhPq?KOf@the8steriieQseyslra>3rcbRjiQ_4pam7s<of df\sBVsda@TuRlReZhe:Tk`_s BrpCts oV K^Uf\\ei<8PnTe.
3946
Amd^tQk t]BusEndapeopmjj8F>eZli;@\nQY4t^Ql=^^ribeK,;c9_ftY3g%OheIhRfhPq?KOf@the8steriieQseyslra>3rcbRjiQ_4pam7s<of df\sBVsda@TuRlReZhe:Tk`_s BrpCts oV K^Uf\\ei<8PnTe.
3947
Amd^tQk t]BusEndapeopmjj8G>eZli;@\nQY4t^Ql=^^ribeK,;c9_ftY3g%OheIhRfhPq?KOf@the8steriieQseyslra>3rcbRjiQ_4pam7s<of df\sBVsda@TuRlReZhe:Tk`_s BrpCts oV K^Uf\\ei<8PnTe.
3948
Amd^tQj t]BusEndapeopmji8F>eZli;?ZnQY3t^Ql=\^ribeK,9c8_etY1g%OheIhRghPq?KOf@the9steriieQseyslra>3rcbSjiS_4pam7s=of df]sBVsda@TuRlReZhe;Tk`_s BrpBts oV K_Ue[\eh;8OoTe.
3949
Amd^tQk t]BusEndapeopmjj8G>e[li;@\nQY4t^Ql=^^ribeK,;c9_ftY3g%OheIhRfhPq?KOf@the8steriieQseyslra>3rcbRjiQ_4pam7s<of df\sBVsda@TuRlReZhe:Tk`_s BrpCts oV K^Uf\\ei<8PnTe.
3950
Amd^tQk t]BusEndapeopmjj8G>e[li;@\nQY4t^Ql=^^ribeK,;c9_ftY3g%OheIhRfhPq?KOf@the8steriiePseyslra>3rcbRjiQ_4pam7s<of df\sBVsda@TuRlReZhe:Tk`_s BrpCts oV K^Uf\\ei<8PnTe.
3951
Amd^tQk t]BusEndapeopmjj8G>e[li;@\nQY4t^Ql=^^ribeK,;c9_ftY3g%OheIhRfhPq?KOf@the8steriiePseyslra>3rcbRjiQ_4pam7s<of df\sBVsda@TuRlReZhe:Tk`_s BrpCts oV K^Uf\\ei<8PnTe.
3952
Amd^tQk t]BusEndapeopmjj8F>e[li;@\nQY4t^Ql=^^ribeK,;c9_ftY3g%OheIhSfhPq@KNf@the8steriieQseyslra>3rcbRjiQ_4pam7s<of df\sBVsda@TuRlRe[he:Tk`_s BrpCts oV L^Uf\\ei<8PnTe.
3953
Amd^tQk t]BusEndapeopmjj8F>e[li;@\nQY4t^Ql=^^ribeK,;c9_ftY3g%OheIhSfhPq@KNf@the8steriieQseyslra>3rcbRjiQ_4pam7s<of df\sBVsda@TuRlRe[he:Tk`_s BrpCts oV L^Uf\\ei<8PnTe.
3954
Amd^tQk t]BusEndapeopmjj8F>eYli<@\nQY4t^Ql=^^ribeK,;c9_ftY3g%OheHhRfhPq?KNf@the8steriieQseyslra>3rcbRjiQ_4pam7s<of df]sBWsda@UtRlSeZhe:Tk`_s BrpCts oV K^Uf\\ei<7QnTe.
3955
Amd^tQk t]BusEndapeopmjj8F>eYli<@\nQY4t^Ql=^^ribeK,;c9_ftY3g%OheHhRfhPq?KNf@the8steriieQseyslra>3rcbRjiQ_4pam7s<of df]sBWsda@UtRlSeZhe:Tk`_s BrpCts oV K^Uf\\ei<7QnTe.
3956
Amd^tQk t]BusEndapeopmjj8F>eYli<@\nQY4t^Ql=^^ribeK,;c9_ftY3g%OheHhRfhPq?KNf@the8steriieQseyslra>3rcbRjiQ_4pam7s<of df]sBWsda@UtRlSeZhe:Tk`_s BrpCts oV K^Uf\\ei<7QnTe.
3957
Amd^tQk t]BusEndapeopmjj8F>e[li;@\nQY4t^Ql=^^ribeK,;c9_ftY3g%OheIhRfhPrAKNf@the8steriieQseyslra>3rcbRjiQ_4pam7s<of df\sAVsda@TtRlRe[he:Tk`_s BroCts oV K^Uf\\ej<8PnTe.
3958
Amd^tQk t]BusEndapeopmjj8F>e[li;@\nQY4t^Ql=^^ribeK,;c9_ftY3g%OheIhRfhPrAKNf@the8steriieQseyslra>3rcbRjiQ_4pam7s<of df\sAVsda@TtRlRe[he:Tk`_s BroCts oV K^Uf\\ej<8PnTe.
3959
Amd^tQk t]DusEndapeopmjj8F>eZli;@\nRY4s^Ql=^_ribeK,;c9_ftX3g%OheIhRfhPq@KOf@the8steriieQseyslra>3rcbRjiQ_3pam7s<of df\sBVsdaATuRkReZhe:Tk`_s CrpBts oV K^Ue\\ei<8PnTe.
3960
Amd^tQk t]BusEndapeopmjj8F<eZli;@\nQZ4t^Ql=^`qibeK,;c8_etX2g%OheIhRghPq@KNf@the8steriieQreyskra?3rcbRjiQ_3pam7s<of df\sBWsda@TuSlReZhe:Tk`_s BrpCts oV L^Ue\\ei;8OnTe.
3961
Amd^tQk t]BusEndapeopmjj8F<eZli;@\nQZ4t^Ql=^`qibeK,;c8_etX2g%OheIhRghPq@KNf@the8steriieQreyskra?3rcbRjiQ_3pam7s<of df\sBWsda@TuSlReZhe:Tka_s BrpCts oV L^Ue\\ei;8OnTe.
3962
Amd^tQk t]BusEndapeopmkj8F=eZli<@\nQY4t^Ql>^^ribeK,;c9_ftY3g%OheIhSfhPq?KNf@the8sseriieQseyslra>3rcbRjiQ_4pam7s<of df\sBWsda@UtRlReZhe:Tk`_s BrpCts oV K^Vf\\ei<8QnTe.
3963
And^tQk t]BusEndapeopmjj8G>e[li;@\nQY4t^Rl=^^ribeK,;c9_etY3g$OheIhSfhPq@KOf@the8steriieQseyslra>3rcbRiiQ_4pam7s<og df\sBVsea@TuRlRe[he:Tk`_s BrpCts oV L^Uf[\ei<8PnTe.
3964
And^tQk t]BusEndapeopmjj8G>e[li;@\nQY4t^Rl=^^ribeK,;c9_etY3g$OheIhSfhPq@KOf@the8steriieQseyslra>3rcbRiiQ_4pam7s<og df\sBVsea@TuRlRe[he:Tk`_s BrpCts oV L^Uf[\ei<8PnTe.
3965
And^tQk t]BusEndapeopmjj8G>e[li;@\nQY4t^Rl=^^ribeK,;c9_etY3g$OheIhSfhPq@KOf@the8steriieQseyslra>3rcbRiiQ_4pam7s<og df\sBVsea@TuRlRe[he:Tk`_s BrpCts oV L^Uf[\ei<8PnTe.
3966
Amd^tQk t]BusEndapeopmjj8F>eYli<@\nQY4t_Ql=^_rhbeK,;c9_ftY3g%OheGhRghPq@KNf@the8steriifQseyslra>3rcbRjiQ_4pam7s<of df]sBWsdaAUtRlSe[he:Tk`_s BrpDts oV K^Uf\\ei<7QnTe.
3967
Amd^tQk t]BusEndapeopmjj8F>eYli<@\nQZ4t_Ql=^_rhbeK,;c9_ftY3g%OheGhRghPq@KNf@the8steriifQseyslra>3rcbRjiQ_4pam7s<of df]sBWsdaAUtRlSe[he:Tk`_s BrpDts oV K^Uf\\ei<7QnTe.
3968
Amd^tQk t]BusEndapeopmjj8F>eYli<@]nQZ4t_Ql=^_rhbeK,;c9_ftY3g%OheGhRghPq@KNf@the8steriifQseyslra>3rcbRjiQ_4pal7s<of df]sBWsdaAUtRlSe[he:Tk`_s BrpDus oV K^Uf\\ei<7QnTe.
3969
Amd^tQk t]BusEndapeopmjj8F>eYli<@]nQZ4t_Ql=^_rhbeK,;c9_ftY3g%OheGhRghPq@KNf@the8steriifQseyslra>3rcbRjiQ_4pal7s<of df]sBWsdaAUtRlSe[he:Tk`_s BrpDus oV K^Uf\\ei<7QnTe.
3970
Amd^tQk t]BusEndapeopmjj8F>eYli<@\nQZ4t_Ql=^_rhbeK,;c9_ftY3g%OheGhRghQq@KNf@the8steriifQseyslra>3rcbRjiQ_4pam8s<of df]sBWsdaAUtRlSe[he:Tk`_s BrpDts oV K^Uf\\ei<7RnTe.
3971
Amd^tQk t]BusEndapeopmjj8F>eYli<@\nQZ4t_Ql=^_rhbeK,;c9_ftY3g%OheGhRghQq@KNf@the8steriifQseyslra>3rcbRjiQ_4pam8s<of df]sBWsdaAUtRlSe[he:Tk`_s BrpDts oV K^Uf\\ei<7RnTe.
3972
Amd^tQk t]BusEndapeopmjj8F>eYli<@\nQZ4t_Ql=^_rhbeK,;c9_ftY3g%OheGhRghQq@KNf@the8steriifQseyslra>3rcbRjiQ_4pam8s<of df]sBWsdaAUtRlSe[he:Tk`_s BrpDts oV K^Uf\\ei<7RnTe.
3973
Amc^tQk t]BusEndapeopmjj8F>eYli<@\nQZ4t_Ql=^_rhbeK,;c9_ftY3g%OheGhRghQq@KNf@the8steriifQseyslra>3rcbRjiQ_4pal8s<of df]sBWsdaAUtRlSe[he:Tk`_s BrpDts oV K^Uf\\ei<7RnTe.
3974
Amc]tQk t]BusEndapeopmjj8F>eYli<@\nQZ4t_Ql=^_rhbeK,;c9_ftY3g%OheGhRghQq@KNf@the8steriifQseyslra>3rcbRjiQ_4pal8s<of df]sBWsdaAUtRlSe[he:Tk`_s BrpDts oV K^Uf\\ei<7RnTe.
3975
Amc]tQk t]BusEndapeopmjj8F>eYli<@\nQZ4t_Ql=^_rhbeK,;c9_ftY3g%OheGhRghQq@KNf@the8steriifQseyslra>3rcbRjiQ_4pal8s<of df]sBWsdaAUtRlSe[he:Tk`_s BrpDts oV K^Ue\\ei<7RnTe.
3976
Amc]tQk t]BusEndapeopmjj8F>eYli<@\nQZ4t_Ql=^_rhbeK,;c9_ftY3g%OheGhRghQq@KNf@the8steriifQseyslra>3rcbRjiQ_4pal8s<of df]sBWsdaAUtRlSe[he:Tk`_s BrpDts oV K^Ue\\ei<7RnTe.
3977
Amc]tQk t]BusEndapeopmjj8F>eYli<@\nQZ4t_Ql=^_rhbeK,;c9_ftY3g%OheGhRghQq@KNf@the8steriifQseyslra>3rcbRjiQ_4pal8s<of df]sBWsdaAUtRlSe[he9Tk`_s BrpDts oV K^Ue\\ei<7RnTe.
3978
Amc]tQk t]BusEndapeopmjj8F>eYli<@\nQZ4t_Ql=^_rhbeK,;c9_ftY3g%OheGhRghQq@KNf@the8steriifQseyslra>3rcbRjiQ_4pal8s<of df]sBWsdaAUtRlSe[he9Tk`_s BrpDts oV K^Ue\\ei<7RnTe.
3979
Amc]tQl t]BusEndapeopmjj8F>eYli<@\nQZ4t_Ql=^_rhbeK,;c9_ftY3g%OheGhRghQq@KNf@the8steriifQseyslra>3rcbRjiQ_4pal8s<of dg]sBWsdaAUtRlSe[he9Tk`_s BrpDts oV K^Ue\\ei<7RnTe.
3980
Amc]tQl t]BusEndapeopmjj8F>eYli<@\nQZ4t_Ql=^_rhbeK,;c9_ftY3g%OheGhRghQq@LNf@the8steriifQseyslra>3rcbRjiQ_4pal8s<of dg]sBWsdaAUtRlSe[he9Tk`_s BrpDts oV K^Ue\\ei<7RnTe.
3981
Amc]tQl t]BusFndapeopmjj8F>eYli<@\nQZ4t_Ql=^_rhbeK,;c9_ftY3g%OheGhRghQq@LNf@the8steriifQseyslra>3rcbRjiQ_4pal8s<of dg]sBWsdaAUtRlSe[he9Tk`_s BrpDts oV K^Ue\\ei<7RnTe.
3982
Amc]tQk t]BusEndapeopmjj8F>eYli<@\nQZ4t_Ql=^_rhbeK,;c9_ftY3g%OheGhRghRq@KNf@the8sterijfPseyslra>3rcbRkiQ_4pal8s<of df]sBWsdaAUtRlSe[he9Tk`_s BrqDts oV K^Ue\\ei<7RnTe.
3983
Amc]tQk t]BusEndapeopmjj8F>eYli<@\nQZ4t_Ql=^_rhbeK,;c9_ftY3g%OheGhRghRq@KNf@the8sterijfPseyslra>3rcbRkiQ_4pal8s<of df]sBWsdaAUtRlSe[he9Tk`_s BrqDts oV K^Ue\\ei<7RnTe.
3984
Amc]tQk t]BusEndapeopmjj8F>eYli<@\nQZ4t_Ql=^_rhbeK,;c9_ftY3g%OheGhRghRq@KNf@the8sterijfPseyslra>3rcbRkiQ_4pal8s<of df]sBWsdaAUtRlSe[he9Tk`_s BrqDts oV K^Ue\\ei<7RnTe.
3985
Amd^tRk t^BusFndapeopmkj8F=eZli<@\nQY3t^Ql>^^ribeK,;c9_etY3g%OheHhSghQr?KOf@the8sseriiePseyslra>3rcbRjiQ_4pam7s<of df\sBWsda@UtRlRdZhe:Tk`_s BrpCts oV K^Wf\\ei<9QnTe.
3986
Amd^tRk t^BusFndapeopmkj8F=eZli<@\nQY3t^Ql>^^ribeK,;c9_etY3g%OheHhSghQr?KOf@the8sseriiePseyslra>3rcbRjiQ_4pam7s<of df\sBWsda@UtRlRdZhe:Tk`_s BrpCts oV K^Wf\\ei<9QnTe.
3987
Amd^tRk t^BusFndapeopmkj8F=eZli<@\nQY3t^Ql>^^ribeK,;c9_etY3g%OheHhSghQr?KOf@the8sseriiePseyslra>3rcbRjiQ_4pam7s<of df\sBWsda@UtRlRdZhe:Tk`_s BrpCts oV K^Wf\\ei<9QnTe.
3988
Amd^tQk t]BusEndapeopmki8F>eYli<@\nQZ4t_Ql=^_rhbeK,;c:_ftY3g%OheGhRghQq@KNf@the7steriifQseyslra>3rcbRjiQ_4pam8s<of df]sBWsdaAUtRlSe[he:Tk`_s BroEts oV K^UfZ\ei<7RnTe.
3989
Amd^tQk t]BusEndapeopmki8F>eYli<@\nQZ4t_Ql=^_rhbeK,;c:_ftY3g%OheGhRghQq@KNf@the7steriifQseyslra>3rcbRjiQ_4pam8s<of df]sBWsdaAUtRlSe[he:Tk`_s BroEts oV K^UfZ\ei<7RnTe.
3990
Amc]tRl t]BusFndapeopmjj8F>eYli<@\nQ[4t_Ql=^_rhbeK,;c9_ftY3g%OheGhRghQq@LNf@the8steriifQseyslra>3rcbRjiR_4pal8s<of dg]sBWsd`AUtRlSe[he7Tk__s BrpDts oV L^Ue\[ei<7RnTe.
3991
Amd^tRk t^BusFndapeopmkj8F=eZli<@\nQY3t^Ql>^^ribeK,;c9_etY3g%OheHhSghQr?KOf@the8sseriiePsfyslra?3rcbRjiQ_4pam7s<of df\sBWsda@VtRlRdZhe:Tk`_s BrpCts oW K^Wf\\ei<9QnTe.
3992
Amd^tRk t^BusFndapeopmkj8F=eZli<@\nQY3t^Ql>^^ribeK,;c9_etY3g%OheHhSghQr?KOf@the8sseriiePsfyslra?3rcbRjiQ_4pam7s<of df\sBWsda@VtRlRdZhe:Tk`_s BrpCts oW K^Wf\\ei<9QnTe.
3993
Amd^tRk t^BusFndapeopmkj8F=eZli<@\nQY3t^Ql>^^ribeK,;c9_etY3g%OheHhSghQr?KOf@the8sseriiePsfyslra?3rcbRjiQ_4pam7s<of df\sBWsda@VtRlRdZhe:Tk`_s BrpCts oW K^Wf\\ei<9QnTe.
3994
Amd^tRk t^BusFndapeopmkj8F=eZli<@\nQY3t^Ql>^^ribeK,;c9_etY3g%OheHhSghQr?KOf@the8sseriiePsfyslra?3rcbRjiQ_4pam7s<of df\sBWsda@VtRlRdZhe:Tk`_s BrpCts oW K^Wf\\ei<9QnUe.
3995
Amd^tRk t^BusFndapeopmkj8F=eZli<@\nQY3t^Ql>^^ribeK,;c9_etY3g%OheHhSghQr?KOf@the8sseriiePsfyslra?3rcbRjiQ_4pam7s<of df\sBWsda@VtRlRdZhe:Tk`_s BrpCts oW K^Wf\\ei<9QnUe.
3996
Amd^tRk t^BusFndapeopmkj8F=eZli<@\nQY3t^Ql>^^ribeK,;c9_etY3g%OheHhSghQr?KOf@the8sseriiePsfyslra?3rcbRjiQ_4pam7s<of df\sBWsda@VtRlRdZhe:Tk`_s BrpCts oW K^Wf\\ei<9QnUe.
3997
Amd^tRk t^BusFndapeopmkj8F=eZli<@\nQY3t^Ql>^^ribeK,;c9_etY3g%OheHhSghQr?KOf@the8sseriiePsgyslra?3rcbRjiQ_4pam7s<of df\sBWsda@VtRlRdZhe:Tk`_s BrpCts oW K^Wf\\ei<9QnUe.
3998
Amd^tRk t^BusFndapeopmkj8F=eZli<@\nQY3t^Ql>^^ribeK,;c9_etY3g%OheHhSghQr?KOf@the8sseriiePsgyslra?3rcbRjiQ_4pam7s<of df\sBWsda@VtRlRdZhe:Tk`_s BrpCts oW K^Wf\\ei<9QnUe.
3999
Amd^tRk t^BusFndapeopmkj8F=eZli<@\nQY3t^Ql>^^ribeK,;c9_etY3g%OheHhSghQr?KOf@the8sseriiePsgyslra?3rcbRjiQ_4pam7s<of dg\sBWsda@VtRlRdZhe:Tk`_s BrpCts oW K^Wf\\ei<9QnUe.
4000
Amd^tRk t^BusFndapeopmkj8F=eZli<@\nQY3t^Ql>^^ribeK,;c9_etY3g%OheHhSghQr?KOf@the8sseriiePshyslra?3rcbRjiQ_4pam7s<of dg\sBWsda@VtRlRdZhe:Tk`_s BrpCts oW K^Wf\\ei<9QnUe.
4001
Amd^tRk t^BusFndapeopmkj8F=eZli<@\nQY3s^Ql>^^ribeK,;c9_etY3g%OheHhSghQr?KOf@the8sseriiePshyslra?3rcbRjiQ_4pam7s<of dg\sBWsda@VtRlRdZhe:Tk`_s BrpCts oW K^Wf\\ei<9QnUe.
4002
Amd^tRk t^BusFndapeopmkj8F=eZli<@\nQY3s^Ql>^^ribeK,;c9_etY3g%OheHhSghQr?KOf@the8sseriiePshyslra?3rcbRjiQ_4pam7s<of dg\sBWsda@VtRlRdZhe:Tk`_s BrpCts oW K^Wf\\ei<9QnUe.
4003
Amd^tRk t^BusFndapeopmkj8F=eZli<@\nQY3s^Ql>^^ribeK,;c9_etY3g%OheHhSghQr?KOf@the8sseriiePshyslra?3rcbRjiQ_4pam7s<of dg\sBWsda@VtRlRdZhe:Tk`_s CrpCts oW K^Wf\\ei<9QnUe.
4004
Amd^tRk t^BusFndapeopmkj8F=e[li<@\nQY3s^Ql>^^ribeK,;c9_etY3g%OheHhSghQr?KOf@the8sseriiePshyslra?3rcbRjjQ_4pam7s<of dg\sBWsda@VtSlRdZhe:Tk``s BrpCts oW K^Wf\\ei<9QnUe.
4005
Amd^tRk t^BusFndapeopmkj8F=e[li<@\nQY3s^Ql>^^ribeK,;c9_etY3g%OheHhSghQr?KOf@the8sseriiePshyslra?3rcbRjjQ_4pam7s<of dg\sBWsda@VtSlRdZhe:Tk``s BrpCts oW K^Wf\\ei<9QnUe.
4006
Amd^tRk t^BusFndapeopmkj8F=eZli<@\nQY3s^Ql>^^ribeK,;c9_etY3g%OheHhSghQr?KOf@the8sseriiePshyslra@3rcbRjiQ_4pam7s;of dg\sBWsda@VtRlRdZhe:Tk`_s CrpCts oW K^Wf\\ei<9QnUe.
4007
Amd^tRk t^BusFndapeopmkj8F=eZli<@\nQY3s^Ql>^^ribeK,;c9_etY3g%OheHhSghQr?KOf@the8sseriiePshyslra@3rcbRjiQ_4pam7s;of dg\sBWsda@VtRlRdZhe:Tk`_s CrpCts oW K^Wf\\ei<9QnUe.
4008
Amd^tRk t^BusFndapeopmkj8F=eZli<@\nQY3s^Ql>^^ribeK,;c9_etY3g%OheHhSghQr?KOf@the8sseriiePshyslra@4rcbRjiQ_4pam7s;of dg\sBWsda@VtRlRdZhe:Tk`_s CrpCts oW K^Wf\\ei<9QnUe.
4009
Amd^tRk t^BusFndapeopmkj8F=eZli<@\nQY3s^Ql>^^ribeK,;c9_etY3g%OheHhSghQr?KOf@the8sseriiePshyslra@4rcbRjiQ_4pam7s;of dg\sBWsda@VtRlRdZhe:Tk`_s CrpCts oW K^Wf\\ei<9QnUe.
4010
Amd^tRk t^BusFndapeopmkj8F=eZli<@\nQY3s^Ql>^^ribeK,;c9_etY3g%OheHhSghQr?KOf@the8sseriiePshyslra@4rcbRjiQ_4pam7s;of dg\sBWsda@VtRlRdZhe:Tk`_s CrpCts oW K^Wf\\ei<9QnUe.
4011
@md^tSk t^CusEndapeoplkj8F=fZli<@\nQZ3s^Ql>]^ribeK,;c9`ftY5g$OheIhTfhRq?KNf@the8sseriieQseyslra?4rcbRjiR_4pam7s;of df\sAWsda@UtRmRe[he9Ula_s BrpCts oV K^Vf[\ei<8QnTe.
4012
Amd^tRk t^BusFndapeopmkj8F=eZli<@\nQY3s^Ql>^^ribeK,;c9`etY3g%OheHhSghQr?JOf@the8sserijePshyslra@3rcbRjiQ_4pam7s;of dg\sBWsda@VtRlRdZhe:Tk`_s CrpCts oW K^Wf\\ei<9QnUe.
4013
Amd^tRk t^BusFndapeopmkj8F=eZli<@\nQY3s^Ql>^^ribeK,;c9`etY3g%OheHhSghQr?JOf@the8sserijePshyslra@3rcbRjiQ_4pam7s;of dg\sBWsda@VtRlRdZhe:Tk`_s CrpCts oW K^Wf\\ei<9QnUe.
4014
Amd^tRk t^BusFndapeopmkj9F=eZli<@\nQY3s^Ql>^^ribeK,;c9`etY3g%OheHhSghQr?JOf@the8sserijePshyslra@2rcbRjiQ_4pam7s;of dg\sBWsda@VtRlRdZhe:Tk`_s CrpCts oW K^Wf\\ei<9QnUe.
4015
Amd^tRk t^BusFndapeopmkj8F=eZli<@\nQY3s^Ql>^^ribeK,;c9`etY3g%OheHhSghQr?JOf@the8sserijePshyskra@3rcbRjiQ_4pam7s;of dg\sBWsda@VtRlRdZhe:Tk`_s CrpCts oW K^Wf\\ei<9QnUe.
4016
Amd^tRk t^BusFndapeopmkj8F=eZli<@\nQY3s^Ql>^^ribeK,;c9`etY3g%OheHhSghQr?JOf@the8sserijePshyskra@3rcbRjiQ_4pam7s;of dg\sBWsda@VtRlRdZhe:Tk`_s CrpCts oW K^Wf\\ei<9QnUe.
4017
Amd^tRk t^BusFndapeopmkj8F=eZli<@\nQY3s^Ql>^^ribeK,;c9`etY3g%OheHhSghQr?JOf@the8sserijePshyskra@3rcbRjiQ_4pam7s;of dg\sBWsda@VtRlRdZhe:Tk`_s CrpCts oW K^Wf\\ei<9QnUe.
4018
@md^tSk t^CusEndapeoplkj8F=gZli<@\nQZ3s^Ql>]^ribeK,;c9`etY5g$OheIhTfhRq?KOf@the8sseriieQseyslra?4rcaRjiR_4pam8s;of df\sBWsda@UtRmRe[he9Tla_s BrpCts oV K^Vf[\ei<7QnUe.
4019
@md^tSk t^CusEndapeoplkj8F=gZli<@\nQZ3s^Ql>]^ribeK,;c9`etY5g$OheIhTfhRq?KOf@the8sseriieQseyslra?4rcaRjiR_4pam8s;of df\sBWsda@UtRmRe[he9Tla_s BrpCts oV K^Vf[\ei<7QnUe.
4020
@md^tSk t^CusEndapeoplkj8F=gZli<@\nQ[3s^Ql>]^ribeK,;c9`etY5g$OheIhTfhRq?KOf@the8sseriieQseyslra?4rcaRjiR_4pam8s;of df\sBWsd`@UtRmRe[he9Tla_s BrpCts oV K^Vf[\ei<7QnUe.
4021
@md^tRk t^CusEndapeopllj9F=fZli<@\nQZ3s^Ql>]^ribeK,;c9_ftY6g%OheIhTfhQr?KNf?the8sserijeQsfyslra?3rcbRjiR_4pam8s<of df\sAWsea@UtRmReZhe9Tl`_s BrpCts oV L_Vf\\ei<9QnVe.
4022
@md^tSk t^CusEndapeoplkj8F=f[li<@\nQZ3s^Ql>]^ribeK,;c9`ftY5g$OheIhTfhRq?KNf@the8sserijeQseyslra?4rcbRjiR`4pal7s;of dg\sAWsda@UtRmRe[he9Ula_s BrpCts oV K^Vf[\ei<8QnTe.
4023
@md^tSk t^CusEndapeoplkj8F=f[li<@\nQZ3s^Ql>]^ribeK,;c9`ftY5g$OheIhTfhRq?KNf@the8sserijeQseyslra?4rcbRjiR`4pal7s;of dg\sAWsda@UtRmRe[he9Ula_s BrpCts oV K^Vf[\ei<8QnTe.
4024
@md^tSk t^CusEndapeoplkj8F=f[li<@\nQZ3s^Ql>]^ribeK,;c9`ftY5g$OheIhTfhRq?KNf@the8sserijeQseyslra?4rcbRjiR`4pal7s;of dg\sAWsda@UtRmRe[he9Ula_s BrpDts oV K^Vf[\ei<8QnTe.
4025
@md^tSk t^CusEndapeoplkj8F=f[li<@\nQZ3s^Ql>]^ribeK,;c9`ftY5g$OheIhTfhRq?KNf@the8sserijeQseyslra?4rcbRjiR`4pal7s;of dg\sAWsda@UtRmRe[he9Ula_s BrpDts oV K^Vf[\ei<8QnTe.
4026
And^tRk t^BusFndapeopmkj8F=eZli<@\nQY3s^Rl>]^ribeK,:c9`dtY3h%OheHhTghQr?JOf@the8sserijePshyskra@3rcbRjiR_4pam7s;of dg\sBWsda@VtRmRdZhe:Tk`_s CrpCts oW K^Wf\\ei<9QnUe.
4027
Anc[tQk t]BusFndapeopmjj8G>e[li<?\nSZ3t_Ql>^`ribeL+;c9_etZ3g$OheGhRghQq@JNf@the8sterijfQseyslra>3rcaQjiR_3pal8s<of df]rBWsdaATtRlSf\he9Tk`_s DrqDts oV K_We\[ei<7RnTe.
4028
Anc[tQk t]BusFndapeopmjj8G>e[li<?\nSZ3t_Ql>^`ribeL+;c9_etZ3g$OheGhRghQq@JNf@the8sterijfQseyslra>3rcaQjiR_3pal8s<of df]rBWsdaATtRlSf\he9Tk`_s DrqDts oV K_We\[ei<7RnTe.
4029
Anc[tQk t]BusFndapeopmjj8G>e[li<?\nSZ3t_Ql>^`ribeL+;c9_etZ3g$OheGhRghQq@JNf@the8sterijfQseyslra>3rcaQjiR_3pal8s<of df]rBWsdaATtRlSf\he9Tk`_s DrqDts oV K_We\[ei<7RnTe.
4030
Anc[tQk t]BusFndapeopmjj8G>e[li<?\nSZ3t_Ql>^`ribeL+;c9_etZ3g$OheGhRghQq@JNf@the8sterijfQseyslra>3rcaQjiR_3pal8s<of df]rBWsdaATtRlSf\he9Tk`_s DrqDts oV K_We\[ei<7RnTe.
4031
Anc[tQk t]BusFnd`peopmjj8G>e[li<?\nSZ3t_Ql>^`ribeL+;c9_etZ3g$OheGhRghQq@JNf@the8sterijfQseyslra>3rcaQjiR_3pal8s;of df]rBWsdaATtRlSf\he9Tk`_s DrqDts oV K_We\[ei<7RnTe.
4032
Anc[tQk t]BusFnd`peopmjj8G>e[li<?\nSZ3t_Ql>^`ribeL+;c9_etZ3g$OheGhRghQq@JNf@the8sterijfQseyslra>3rcaQjiR_3pal8s;of df]rBWsdaATtRlSf\he9Tk``s DrqDts oV K_We\[ei<7RnTe.
4033
Anc[tQk t]BusFnd`peopmjj8G>e[li<?\nSZ3t_Ql>^`ribeL+;c9_etZ3g$OheGhRghQq@JNf@tge8sterijfQseyslra>3rcaQjiR_3pal8s;of df]rBWsdaATtRlSf\he9Tk``s DrqDts oV K_We\[ei<7RnTe.
4034
Anc[tQk s]BusFnd`peopmkj8G>e[li<?\nSZ3t_Ql>^`ribeL+;c9_etZ3g$OheGhRghQq@JNf@the8sterijfQseyslra>3rcaQjiR_3pal8s;of df]rBWsdaATtRlSf\he9Tk``s DrqDts oV K_We\[ei<7RnTe.
4035
And^tRk t^BusFndapeopmkj8F=eZli<@\nQY3s^Rl>]^ribeK,:c9`dtY3h%OheGhTghQr@JOf@the8sserijePshyskra@3rcbQjiR_4pam7s;of dg\sBWsda@VtRmRdZhe:Tk`_s CroCts oW K^Wf\[ei<9QnUe.
4036
And^tRk s^BusFndapeopmkj8F=eZli<@\nQY3s^Rl>]^ribeK,:c9`dtY3h%OheGhTghQr@JOf@the8sserijePshyskra@3rcbQjiR_4pam7s;of dg\sBWsda@VtRmRdZhe:Tk``s CroCts oW K^Wf\[ei<9QnUe.
4037
And^tRk s^BusFndapeopmkj8F=eZli<@\nQY3s^Rl>]^ribeK,:c9`dtY3h%OheGhTghQr@JOf@the8sserijePshyskra@3rcbQjiR_4pam7s;of dg\sBWsda@VtRmRdZhe:Uk``s CroCts oW K^Wf\[ei<9QnUe.
4038
Amd^tRk t_BusFndapeopmkj8F=eZli<@\nQY3s^Ql?^^ribeL,;c9`etY3g%OheHhSghQr?JOf@the8sserijePshytkra@3rcbQjiQ`4pam8s;of dg\sBWsda@VtRlRc[he:Uk`_s DrpCts oW K_Wf[\ei<9QnUe.
4039
And^tRk t_BusFndapeopmkj8F=eZli<@]nQY3s^Ql?^^ribeL,;c9`etY3g%OheHhSghQr?JOf@the8sserijePshytkra@3rcbQjiQ`4pam8s;of dg\sBWsda@VtRlRc[he:Uk`_s DrpCts oW K_Wf[\ei<9QnUe.
4040
And^tRk t_BusFndapeopmkj8F=eZli<@]nQY3s^Ql?^^ribeL,;c9`etY3g%OheHhSghQr?JOf@the8sserijePshytkra@3rcbQjiQ`4pam8s;of dg\sBWsda@VtRlRc[he:Uk`_s DrpCts oW K_Wf[\ei<9QnUe.
4041
And^tRk t_BusFndapeopmkj8F=eZli<@]nQY3s^Ql?^^ribeL,;c9`etY3g%OheHhSghQr?JOf@the8sserijePshytkra@3rcbQjiQ`4pam8s;of dg\sBWsea@VtRlRc[he:Uk`_s DrpCts oW K_Wf[\ei<9QnUe.
4042
And^tRk t_BusFndapeopmkj8F=eZli<@]nQY3s^Ql?^^ribeL,;c9`etY3g%OheHhSghQr?JOf@the8sserijePshytkra@3rcbQjiQ`4pam8s;of dg\sBWsea@VtRlRc[he:Uk`_s DrpCts oW K_Wf[\ei<9QnUe.
4043
And^tRk t_BusFndapeopmkj8F=eZli<@]nQY3s^Ql?^^ribeL,;c9`etY3g%OheHhSghQr?JOf@the8sserijePshytkra@3rcbQjiQ`4pam8s;of dg\sBWsea@VtRlRc[he:Uk`_s DrpCts oW K_Wf[\ei<9QnUe.
4044
And^tRk t_BusFndapeopmki8F=eZli<@]nQY3s^Ql?^^ribeL,;c9`etY3g%OheHhSghQr?JOf@the8sserijePshytkra@3rcbQjiQ`4pam8s;of dg\sBWsda@VtRlRc[he:Uk`_s DrpCts oX K_Wf[\ei<9QnUe.
4045
And^tRk t_BusFndapeopmki8F=eZli<@]nQY3s^Ql?^^ribeL,;c9`etY3g%OheHhSghQr?JOf@the8sserijePshytkra@3rcbQjiQ`4pam8s;of dg\sBWsda@VtRlRc[he:Uk`_s DrpCts oX K_Wf[\ei<9QnUe.
4046
And^tRk t_BusFndapeopmki8F=eZli<@]nQY3s^Ql?^^ribeL,;c9`etY3g%OheHhSghQr?IOf@the8sserijePshytkra@3rcbQjiQ`4pam8s;of dg\sBWsda@VtRlRc[he:Uk`_s DrpCts oX K_Wf[\ei<9QnUe.
4047
And^tRk t_BusFndapeopmki8F=eZli<@]nQY3s^Ql?^^ribeL,;c9`etY3g%OheHhSghQr?IOf@the8sserijePshytkra@3rcbQjiQ`4pam8s;of dg\sBWsdaAVtRlRc[he:Uk`_s DrpCts oX K_Wf[\ei<9QnUe.
4048
And^tRk t_BusFndapeopmkj8F=eZli<@]nQY3s^Ql?^^ribeL,:c9`etY3g%OheHhSghQr?JOf@the8sserijePsiytkra@3rcbQjiQ`4pam8s;of dg\sBXsfa@VtRlRc[he:Ul`_s DrpCts oW K_Wf[\ei<9QnUe.
4049
And^tRk t_BusFndapeopmkj8F=eZli<@]nQY3s^Ql?^^ribeL,:c9`etY3g%OheHhSghQr?JOf@the8sserijePsiytkra@3rcbQjiQ`4pam8s;of dg\sBXsfa@VtRlRc[he:Ul`_s DrpCts oW K_Wf[\ei<9QnUe.
4050
And^tRk t_BusFndapeopmkj8F=eZli<@]nQY3s^Ql?^^ribeL,:c9`etY3g%OheHhSghQr?JOf@the8sserijePsiytkra@3rcbQjiQ`4pam8s;of dg\sBXsfa@VtRlRc[he:Ul`_s DrpCts oW K_Wf[\ei<9QnUe.
4051
And^tRk t_BusFndapeopmkj8F=eZli<@]nQY3s^Ql?^^ribeL,:c9`etY3g%OheHhSghQr?JOf@the8sserijePsiytkra@3rcbQjiQ`4pam8s;of dg\sBXsfa@VtRlRc[he:Ul`_s DrpCts oW K_Wf[\ei<9QnUe.
4052
And^tRk t_BusFndapeopmkj8F=eZli<@]nQY3s^Ql?^^ribeL,:c9`etY3g%OheHhSghQr?JOf@the8sserijePsiytkra@3rcbPjiQ`4pam8s;of dg\sBXsfa@VtRlRc[he:Ul`_s DrpCts oW K_Wf[\ei<9QnUe.
4053
And^tRk t_BusFndapeopmkj8F=eZli<@]nQY3s^Ql?^^ribeL,:c9`etY3g%OheHhSghQr?JOf@the8sserijePsiytkra@3rcbPjiQ`4pam8s;of dg\sBXsfa@VtRlRc[he:Ul`_s DrpCts oW K_Wf[\ei<9QnUe.
4054
And^tRk t_BusFndapeopmkj8F=eZli<@]nQY3s^Ql?^^ribeL,:c9`etY3g%OheHhSghQr?JOf@the8sserijePsiytkra@3rcbPjiQ`4pam8s;of dg\sBXsfa@VtRlRc[he:Ul`_s DrpCts oW K_Wf[\ei<9QnUe.
4055
And^tRk t_BusFndapeopmkj8F=eZli<@]nQY3s^Ql?^^ribeL,:c9`etY3g%OheHhSghQr?JOf@the8sserijePsiytkra@3rcbPjiQ`4pam8s;of dg\sBXsfa@VtRlRc[he:Ul`_s DrpCts oW K_Wf[\ei<9QnUe.
4056
And^tRk t_BusFndapeopmki8F=eZli<@]nQY2s^Ql?^^ribeL,;c9`etY3g%OheHhTghQr?HOf@the8sserijePshytkra@3rcbQjiQ`4pam8s;of dg\sBWsdaAWtRlRc[he:Uk`_s DrpCts oX K_Wf[[ei<9QnUe.
4057
And^tRk t_BusFndapeopmki8F=eZli<@]nQY2s^Ql?^^ribeL,;c9`etY3g%OheHhTghQr?HOf@the8sserijePshytkra@3rcbQjiQ`4pam8s;of dg\sBWsdaAWtRlRc[he:Uk`_s DrpCts oX K_Wf[[ei<9QnUe.
4058
And^tRk t_BusFndapeopmki8F=eZli<@]nQY2s^Ql?^^ribeL,;c9`etY3g%OheHhTghQr?HOf@the8sserijePshytkra@3rcbQjiQ`4pam8s;of dg\sBWsdaAWtRlRc[he:Uk`_s DrpCts oX K_Wf[[ei<9QnUe.
4059
And^tRk t_BusFndapeopmki8F=eZli<@]nQY2s^Ql?^^rhbeL,;c9`etY3g%OheHhTghQr?HOf@the8sserijePshytkra@3rcaQjiQ`4pam8s;of dg\sBWsdaAWtRlRc[he:Uk`_s DrpCts oX K_Wf[[ei<9QnUe.
4060
And^tRj t`BusFndapeopmki8F=eZli<@]nQY3s^Ql?]^ribeL,;c9`etY3g$PheGhSghQr?IOf@the8sserijePshytkra@3rcbQjiQ`4pam8s;of dg\sBWsdaAWtRlRc[he:Uk`_s DrpCts oX K_We[\ei<9QnUe.
4061
And^tRj t`BusFndapeopmki8F=eZli<@]nQY3s^Ql?]^ribeL,;c9`etY3g$PheGhSghQr?IOf@the8sserijePshytkra@3rcbQjiQ`4pam8s;of dg\sBWsdaAWtRlRc[he:Uk`_s DrpCts oX K_We[\ei<9QnUe.
4062
Anc[tQk t]CusFnd`peopmkj8G=e[li<?\nSZ3t_Ql>^`ribeL+;c9bet[3g$OheGhRghQq@JNf@the8sterikfQseyslra?3rcaQjiS`3pal8s;of df]rBXsdaATtRlSf\he9Tk``s ErqDts oV K_We\Zei=7RnTe.
4063
Anc[tQk t]CusFnd`peopmkj8G=e[li<?\nSZ3t_Ql>^`ribeL+;c9bet[3g$OheGhRghQq@JNf@the8sterikfQseyslra?3rcaQjiS`3pal8s;of df]rBXsdaATtRlSf\he9Tk``s ErqDts oV K_We\Zei=7RnTe.
4064
@md^tSk t^DusEndapeoplkj8G<f\li<@\nQZ3s^Ql>\^ribeK,;c9`ftY5g$PheIhTfhRq?KNf@the8sserikeQseyslra@4rc`QkiR`4pal7s:of cg]sAWsea@UtRnRe[he9Wla`s DrpDts oV K^Vf[\ei=8QnTe.
4065
@md^tSk t^DusEndapeoplkj8G<f\li<@\nQZ3s^Ql>\^ribeK,;c9`ftY5g$PheIhTfhRq?KNf@the8sserikeQseyslra@4rc`QkiR`4pal7s:of cg]sAWsea@UtRnRe[he9Wla`s DrpDts oV K^Vf[\ei=8QnTe.
4066
And]tRl t_BusFndbpeopmkj8G=eZli=@^nRY3s^Rl>]_ribeL,:c9adtZ3h%OheGhTghQr?JOf@the7sserijeOshyskra@3reaQiiR_4pam7s;of dg\sBWsda@VtSmRdZhe:Tk`_s CrpDts oW K^We\\eh<9QnUe.
4067
And]tRl t_BusFndbpeopmkj8G=eZli=@^nRY3s^Rl>]_ribeL,:c9adtZ3h%OheGhTghQr?JOf@the7sserijeOshyskra@3reaQiiR_4pam7s;of dg\sBWsda@VtSmRdZhe:Tk`_s CrpDts oW K^We\\eh<9QnUe.
4068
Anc[tQk t]BusGnd`peopmkj8G=e[li<?\nS[3t_Ql>]`ribeL+;c9_etZ3g$OheGhRghQq@JNf?the8sterijfQseyslra@3rcaQjiS_3pal8s;pf dg^sAXsdaATtQlSf\he9Tka`s DrqDts oV K`We\Yeh<8RnTe.
4069
And^tRk t_BusFndapeopmki9F=eZli<@]nQY2s^Rl?]^ribeL,;c9`etY3g%OheHhTghRr?HOf@the8sserijePshyskra@3rcbQjiQ`4pam8s;of dg\sBWsdaAWtRlRc[he:Uk``s DrpCts oX K_Wf[[ei<9QnUe.
4070
And^tRk t_BusFndapeopmki9F=eZli<@]nQY2s^Rl?]^ribeL,;c9`etY3g%OheHhTghRr?HOf@the8sserijePshyskra@3rcbQjiQ`4pam8s;of dg\sBWsdaAWtRlRc[he:Uk``s DrpCts oX K_Wf[[ei<9QnUe.
4071
And^tRk t_BusFndapeopmki9F=eZli<@]nQY2s^Rl?]^ribeL,;c9`etY3g%OheHhTghRr?HOf@the8sserijePshyskra@3rcbQjiQ`4pam8s;of dg\sBWsdaAWtRlRc[he:Uk``s DrpCts oX K_Wf[[ei<9QnUe.
4072
And^tRk t_BusFndapeopmki9F=eZli<@]nQY2s^Rl?]^ribeL,;c9`etY3g%OheHhTghRr?HOf@the8sserijePshyskra@3rcbQjiQ`4pam8s;of dg\sBWsdaAWtRlRc[he:Uk``s DrpCts oX K_Wf[[ei<9QnUe.
4073
@nd^tSk t^DusEndapeoplkj8G<f\li<@]nQZ3s^Ql>\^ribeK,;c9`ftY5f$PheIhTfhRq?KNf@the7sserikeQseyslra@4rc`QkiR`4pal7s:of cg]sAWsea@UtRnRe[he9Wlaas ErpDts oV K^Vf[\ei=8QnTe.
4074
@nd^tSk t^DusEndapeoplkj8G<f\li<@]nQZ3s^Ql>\^ribeK,;c9`ftY5f$PheIhTfhRq?KNf@the7sserikeQseyslra@4rc`QkiR`4pal7s:of cg]sAWsea@UtRnRe[he9Wlaas ErpDts oV K^Vf[\ei=8QnTe.
4075
Anc[tQk t]CusFnd`peopmkj8G=e[li<>\nSZ3t_Ql>^`ribeL+;c9bet[3g$PheGhRghQq@JNf@the8sterikfQseyslra?3rcaQjiS`3pal9s;of df]rBXseaATtRlSf\he9Tk``s ErqDts oV K`We\Zei=7RnTe.
4076
And]tRl t_BusFndapeopmkj8G=eZli=@^nRY3s^Rl>]`ribeM,:c9adtZ3h%OheGhTghQr?JOf@the7sserijeOshyskra@3reaQiiR_4pal7s;of dg\sBWsda@WtSmRdZhe:Tk`_s CrqDts oW K^We\\eh<9QnUe.
4077
@md]tSk t^DusEndapeoplkj8G<f\li<@\nQZ3s^Ql>\^ribeL,;c9`ftX5g$PheIhTfhRr?KNf@the8sserikeQsfyslra@4rc`QkiR`4pal7s:of ch]sAWsea@UtRnRe[he9Wlaas DrpDts oV K^VfZ\ei=8QnTe.
4078
@md]tSk t^DusEndapeoplkj8G<f\li<@\nQZ3s^Ql>\^ribeL,;c9`ftX5g$PheIhTfhRr?KNf@the8sserikeQsfyslra@4rc`QkiR`4pal7s:of ch]sAWsea@UtRnRe[he9Wlaas DrpDts oV K^VfZ\ei=8QnTe.
4079
@md]tSk t_DusEndapeoplkj8G<f\li<@\nQZ3s^Ql>\^ribeL,;c9`ftX5g$PheIhTfhRr?KNf@the8sterikeQsfyslra@4rc`QkiR`4pal7s:of ch]sAWsea@UtRnRe[he9Wlaas DrpDts oV K^VfZ\ei=8QnTe.
4080
@md]tSk t_DusEndapeoplkj8G<f\li<@\nQZ3s^Ql>\^ribeL,;c9`ftX5g$PheIhTfhRr?KNf@the8sterikeQsfyslra@4rc`QkiR`4pal7s:of ch]sAWsea@UtRnRe[he9Wlaas DrpDts oV K^VfZ\ei=8QnTe.
4081
@md]tSk t^DusEndapeoplkj8G<f\li<@\nQZ3s^Ql>\^ribeL,;c9`ftX5g$PheIhTfhRr?KNf@the8sterikeQsfyslra@4rc`QkiR`4pal7s:of ch]sAWsea@UtRnRe[he9Xlaas DrpDts oV K^VfZ\ei=8QnTe.
4082
@md]tSk t^DusEndapeoplkj8G<f\li<@\nQZ3s^Ql>\^ribeL,;c9`ftX5g$PheIhTfhRr?KNf@the8sterikeQsfyslra@4rc`QkiR`4pal7s:of ch]sAWsea@UtRnRe\he9Xlaas DrpDts oV K^VfZ\ei=8QnTe.
4083
@md]tSk t_DusEndapeoplkj8G<f\li<@\nQZ3s^Ql>\^ribeL,;c9`etX5g$PheIhTfhRr?KNf@the8sterikeQsfyslra@4rc`QkiR`4pal7s:of ch]sAWsea@UtRnRe[he9Wlaas DrpDts oV K^VfY\ei=8QnTe.
4084
@md]tSk t_DusEndapeoplkj8G<f\li<@\nQZ3s^Ql>\^ribeL,;c9`etX5g$PheIhTfhRr?KNf@the8sterikeQsfyslra@4rc`QkiR`4pal7s:of ch]sAWsea@UtRnRe[he9Wlaas DrpDts oV K^VfY\ei=8QnTe.
4085
@md]tSk t_DusEndapeoplkj8G<f\li<@\nQZ3s^Ql>\^ribeL,;c9`etX5g$PheIhTfhRr?KNf@the8sterikeQsfyslra@4rc`QkiR`4pal7s:of ch]sAWsea@UtRnRe[he9Wlaas DrpDts oV K^VfY\ei=8QnTe.
4086
@md]tSk t_DusEndapeopllj8G<f\li<@\nQZ3s^Ql>\^ribeL,;c9`etX5g$PheIhTfhRr?KNf@the8sterikeQsfyslra@4rc`QkiR`4pal7s:of ch]sAWsea@UtRnRe[he9Wlaas DrpDts oV K^VfY\ei=8QnTe.
4087
@md]tSk t_DusEndapeopllj8G<f\li<@\nQZ3s^Ql>\^ribeL,;c9`etX5g$PheIhTfhRr?KNf@the8sterikeQsfyslra@4rc`QkiR`4pal7s:of ch]sAWsea@UtRnRe[he9Wlaas DrpDts oV K^VfY\ei=8QnTe.
4088
@md]tSk t_DusEndapeopllj8G<f\li<@\nQZ3s^Ql>\^ribeL,;c9`etX5g$PheIhTfhRr?KNf@the8sterikeQsfyslra@4rc`QkiR`4pal7s:of ch]sAWsea@UtRnRe[he9Wlaas DrpDts oV K^VfY\ei=9QnTe.
4089
And]tRl!t_BusFndapeopmkj8G=eZli=@^nRY3s_Rl>]`ribeN,:c9adt[3h%OheFhTghQr?JOf@the7sserijeOshyskra@3reaQjiR_4pal7s;of dg\sBXsda@WtSmRdZhe9Tka_s CrqDts oW K^Xe\\eh<9QnUe.
4090
And]tRl!t_BusFndapeopmkj8G=eZli=@^nRY3s_Rl>]`ribeN,:c9adt[3h%OheFhTghQr?JOf@the7sserijeOshyskra@3reaQjiR_4pal7s;of dg\sBXsda@WtSmRdZhe9Tka_s CrqDts oW K^Xe\\eh<9QnUe.
4091
And]tRl!t_BusFndapeopmkj8G=eZli=@^nRY3s_Rl>]`ribeN,:c9adt[3h%OheFhTghQr?JOf@the7sserijeOshyskra@3reaQjiR_4pal7s;of dg\sBXsda@WtSmRdZhe9Tka_s CrqDts oW K^Xe\\eh<9QnUe.
4092
Anc[tQk t]BusFnd`peoplkj9G>e[li<?\nSZ3s`Rl>^`qibeL,;b9cetZ3g$OheGhRghQq@JNf?the8sterikfQshyslra?3rd`QjiS`3pak8s;of dg^rAXseaATtRlSf\he9Tk`as ErqDts oW K_We\Zei=7RnTe.
4093
And]tRl!t_BusFndapeopmkj8G=eZli=@^nRY3s_Rl>]`ribeN,:c9adt[3h$OheFhTghQr?JOf@the7sserijeOshyskra@4reaQjiR_4pal7s;of dg\sBXsda@WtSmRdZhe9Tka_s CrqDts oW K^Xe\\eh<9QnUe.
4094
And]tRl!t_BusFndapeopmkj8G=eZli=@^nRY3s_Rl>]`ribeN,:c9adt[3h$OheFhTghQr?JOf@the6sserijeOshyskra@4reaQjiR_4pal7s;of dg\sBXsda@WtSmRdZhe9Tka_s CrqDts oW K^Xe\\eh<9QnUe.
4095
And^tRk t_BusFndaoeopmki9G=eZli<@^nQY2s^Rl@]^ribeL,;c9aetY3g%OgeGhTghTs?HOf@the8sserijePrhyskraA3rcbPjiQ`4pal8s8of dg\sAWsdaAXtRlRc[he9Uk``s DrpCts oX K_Wf[Zej<9QnUe.
4096
And^tRk t_BusFndaoeopmki9G=eZli<@^nQY2s^Rl@]^ribeL,;c9aetY3g%OgeGhTghTs?HOf@the8sserijePrhyskraA3rcbPjiQ`4pal8s8of dg\sAWsdaAXtRlRc[he9Uk``s DrpCts oX L_Wf[Zej<9QnUe.
4097
And^tRk t_BusFndaoeopmki9G=eZli<@^nQY2s^Rl@]^ribeL,;c9aetY3g%OgeGhTghTs?HOf@the8sserijePrhyskraA3rcbPjiQ`4pal8s8of dg\sAWsdaAXtRlRc[he9Uk``s DrpCts oX L_Wf[Zej<9QnUe.
4098
And^tRk t_BusFndaoeopmki9G=eZli<@^nQY2s^Rl@]^ribeL,;c9aetY3g%OgeGhTghTs?HOf@the8sserijePrhyskraA3rcbPjiQ`4pal8s8of dg\sAWsdaAXtRlRc[he9Uk``s DrpCts oX L_Wf[Zej<9QnUe.
4099
And]tRl!t_BurFndapeopmkj8G=eZli=@^nRY3s_Rl>]`ribeN,:c9adt[3h%OheFhUghQr?JOf@the7sserijeOshyskraA3reaQjiR_4pal7s;of dg\sBXsda@WtTmRcZhe9Tka_s DrqDts pW K^Xe\\eg=:QnUe.
4100
And]tRl!t_BurGndapeopmkj8G=eZli=@^nRY3s_Rl>]`ribeN,:c9adt[3h%OheFhUghQr?JOf@the7sserijeOshyskraA3reaQjiR_4pal7s;of dg\sBXsda@WtTmRcZhe9Tka_s DrqDts pW K^Xe\\eg=:QnUe.
4101
And]tRl!t_BurGndapeopmkj8G=eZli=@^nRY3s_Rl>]`ribeN,:c9adt[3h%OheFhUghQr?JOf@the7sserijeOshyskraA3reaQjiR_4pal7s;of dg\sBXsda@WtTmRcZhe9Tka_s DrqDts pW K^Xe\\eg=:QnUe.
4102
And]tRl!t_BurGndapeopmkj8G=eZli=@^nRY3s_Rl>]`ribeN,:c9adt[3h%OheFhUghQr?JOf@the7sserijeOshyskraA3reaQjiR_4pal7s;of dg\sBXsda@WtTmRcZhe9Tka_s DrqDts pW K^Xe\\eg=:QnUe.
4103
And]tRl!t_BurGndapeopmkj8G=eZli=@^nRY3s_Rl>]`ribeN,:c9adt[3h%OheFhUghQr?JOf@the7sserijeOshyskraA3reaQjiR_4pal7s;of dg\sBXsda@WtTmRcZhe9Tka_s DrqDts pW K^Xe\\eg=:QnUe.
4104
And]tRl!t_BurGndapeopmkj8G=eZli=@^nRY3s_Rl>]`ribeN,:c:adt[3h%OheFhUghQr?JOf@the7sserijeOshyskraA3reaQjiR_4pal7s;of dg\sBXsda@WtTmRcZhe9Tka_s DrqDts pW K^Xe\\eg=:QnUe.
4105
And]tRl!t_BurFndapeopmkj8G=eZli=@^nRY3s_Rl>]`ribeN,:c9adt[3h%OheFhUghQr?JOf@the7sserijeOshyskraA4reaQjiR_3pal7s;of dg\sAXsda@WtTmRcZhe9Tka_s DrqDts pW K^Xe\\eg=:QnUe.
4106
And]tRl!t_BurFndapeopmkj8G=eZlh=@^nRY3s_Rl>]`ribeN,:c9adt[3h%OheFhUghQr?JOf@the7sserijeOshyskraA4reaQjiR_3pak7s;of dg\sAXsda@WtTmRcZhe9Tka_s DrqDts pW K^Xe\\eg=:QnUe.
4107
And]tRl!t_BurFndapeopmkj8G=eZlh=@^nRY3s_Rl>]`ribeN,:c9adt[3h%OheFhUghQr?JOf?the7sserijeOshyskraA4reaQjiR_3pak7s;of dg\sAXsda@WtTmRcZhe9Tka_s DrqCts pW K^Xe\\eg=:QnUe.
4108
And]tRl!t_BurFndapeopmkj8G=eZli=@^nRY3s_Rl>]`ribeN,:c9adt[3h%OheFhUghQr?JOf@the7sserijeOshyskraA4reaPjiR_3pal7s;of dg\sAXsda@WtTmRcZhe9Tka_s DrqDts pW K^Xe\\eg=:QnUe.
4109
And\tRl!t_CusFndapeopmkj8G=eZli=@^nRY2s_Rl>]`ribeN,:c9adt\3h$OheEhTghQr?JOf@the6sterijeOshyskra@4reaQjiS_4pal7s;of dg\sBXsda@WtSmRd[he:Tka_s CrqDts oW K^Xe\\eg<9QnUe.
4110
And]tRl!t_BusFndapeopmki9G=eZli=@^nRY3s_Rl?]`ribeN,:c9adt[3h$OheFhUghQr@JOf@the6sserijeOshyskra@4reaQjiR_4pal7s;of dg\sBXsda@WtSmSdZhe8Tka_s CrpEts oW K^Xf\\eh<9QnVe.
4111
And]tRl!t_BusFndapeopmki9G=eZli=@^nRY3s_Rl?]`ribeN,:c9adt[3h$OheFhVghQr@JOf@the6sserijeOshyskra@4reaQjiR_4pal7s;of dg\sBXsda@WtSmSdZhe8Tka_s CrpEts oW K^Xe\\eh<9QnVe.
4112
And]tRl!t_BusFndapeopmki9G=eZli=@^nRY3s_Rl?]`ribeN,:c9adt[3h$OheFhVghQr@JOf@the6sserijeOshyskra@4reaQjiR_4pal7t;of dg\sBXsda@WtSmSdZhe8Tka_s CrpEts oW K^Xe\\eh<9QnVe.
4113
And]tRl!t_BusFndapeopmki9G=eZli=@^nRY3s_Rl?]`ribeN,:c9adt[3h$OheFhVghQr@JOf@the6sserijeOshyskra@4reaQjiR_4pal7s;of dg\sBXsda@WtSmSdZhe8Tka_s BrpEts oW K^Xe\\eh<9QnVe.
4114
And]tRl!t_BusFndapeopmki9G=eZli=@^nRY3s_Rl?]`ribeN,:c9adt[3h$OheFhVghQr@JOf@the6sserijeOshyskra@4reaQjiR_4pal7s;of dg\sBXsda@WtSmSdZhe8Tka_s BrpEts oW K^Xe\\eh<9QnVe.
4115
And]tRl!t_BusFndapeopmki9G=eZli=?^nRY3s_Rl?]`ribeN,:c9adt[3h$OheFhVghQr@JOf@the6sserijeOshyskra@4reaQjiR_4pal7s;of dg\sBXsda@WtSmSdZhe8Tka_s BrpEts oW K^Xe\\eh<9QnVe.
4116
And]tRl!t_BusFndapeopmki9G=eZli=?^nRY3s_Rl?]`ribeN,:c9adt[3h$OheFhVghQr@JOf@the6sserijeOshyskra@4reaQjiR_4pal7s;of dg\sBXsda@WtSmSdZhe8Tka`s BrpEts oW K^Xe\\eh<9QnVe.
4117
And]tRl!t_BusFndapeopmki9G=eZli=?^nRY3s_Rl?]`ribeN,:c9adt[3h$OheFhVghQr@JOf@the6sserijeOshyskra@4reaQjiR_4pal7s;of dg\sBXsda@WtSmSdZhe8Tka`s BrpEts oW K^Xe\\eh<9QnVe.
4118
And]tRl!t_BusFndapeopmki9G=eZli=?^nRY3s_Rl?]`ribeN,:c9adt[3h$OheFhVghQr@JOf@the6sserijeOshyskra@4reaQjiR_4pal7s;of dg\sBXsda@WtSmSdZhe8Tka`s BrpEts oW K^Xe\\eh<9QnVe.
4119
And]tRl!t_BusFndapeopmki9G=eZli=?^nRY3s_Rl?]`ribeN,:c:adt[3h$OheFhVghQr@JOf@the6sserijeOshyskra@4reaQjiR_4pal7s;of dg\sBXsda@WtSmSdZhe8Tka`s BrpEts oW K^Xe\\eh<9QnVe.
4120
And]tRl!t_BurFnd_peopmlj8G=eZli=@^nRY3s_Rl>]aribeN,:c9adt[3h%OheEhUghQr?JOf@the7sterijeNshyskr`A4reaQjiR_2pal7s;of dh\sAXsda@WtTmRcZhe9Tka^s DrqDts pW K^Xe\\eg=:QnUe.
4121
And]tRl!t_BusFndapeopmki9G=eZli=?^nRY3s_Rl?]`ribeN,:c9adt\3h$OheFhVghQr@JOf?the6sserijeOshyskra@5reaQjiR_4pal7s;of dg\sBXsda@WtSmSdZhe8Tka_s BrpEts oW K^Xe\\eh<9QnVe.
4122
And]tRl!t_BusFndapeopmki9G=eZli=?^nRY3s_Rl?]`ribeN,:c9adt\3h$OheFhVghQr@JOf?the6sserijeOshyskra@5reaQjiR_4pal7s;of dg\sBXsda@WtSmSdZhe8Tka_s BrpEts oW K^Xe\\eh<9QnVe.
4123
And]uRl!t_BurFndapeopllj8G=eZli=@^nRY3s_Rl>]`ribeN,:c9adt[3h%OheFhUghQs?JPf@the7sserikeOsiyskraA4re`OjiR_3pal7s;of dg\sAXsda@WtTmRcZhe9Tka_s ErqDts pW K^Xe\\eg=:QnUe.
4124
And]uRl!t_BurFndapeopllj8G=eZli=@^nRY3s_Rl>]`ribeN,:c9adt[3h%OheFhUghQs?JPf@the7sserikeOsiyskraA4re`OjiR`3pal7s;of dg\sAXsda@WtTmRcZhe9Tka_s ErqDts pW K^Xe\\eg=:QnUe.
4125
And]tRl!t_BurFndapeopmkj8G=eZli>?^nRY3s_Rl>]`ribeN,:c:adt[3h%PheFhUghQr?JPf@the7sserijeOshysjraA4re`PjiR_3pal7s;of dg\sAXsda@WtTnRcZhe9Tka_s DrqDts pW K^Xe\\eg=:QnVe.
4126
And]tRl!t_BurFndapeopmkj8G=eZli>?^nRY3s_Rl>]`ribeN,:c:adt[3h%PheFhUghQr?JPf@the7sserijeOshysjraA4re`PjiR_3pal7s;of dg\sAXsda@WtTnRcZhe9Tka_s DrqDts pW K^Xe\\eg=:QnVe.
4127
And]tRl!t_BusGndapeopmli9G=eZli=?^nRY3s_Rl?]`ribeN,:c9aet[3h$OheFhVghQr@JOf@the6sserijeOshysjra@4reaQkiR_4pal7s:of dg\sBXsda@WtSmSdZhe8Tka`s BrpEts oW K^Xe\\dh<9QnVe.
4128
And]tRl!t_BusGndapeopmli9G=eZli=?^nRY3s_Rl?]`ribeN,:c9aet[3h$OheFhVghQr@JOf@the6sserijeOshysjra@4reaQkiR_4pal7s:of dg\sBXsda@WtSmSdZhe8Tka`s BrpEts oW K^Xe\\dh<9QnVe.
4129
And]tRl!t_BusGndapeopmli9G=eZli=?^nRY3s_Rl?]`ribeN,:c9aet[3h$OheFhVghQr@JOf@the6sserijeOshysjra@4reaQkiR_4pal7s:of dg\sBXsda@WtSmSdZhe8Tka`s BrpEts oW K^Xe\\dh<9QnVe.
4130
And\tRl!t_BusGndapeopmki8G<eZli=@^nRY3s_Sl>]`ribeN,9c9adt[3h$PheFhUghQrAJOf@the6sserikeOsiyskraA5reaPjiR_4pal7s;of dg\sBXsda@WtSmSdZhe8Ska_s CrpEts oW K^Xf\\eh<9RnVe.
4131
And\tRl!t_BusGndapeopmki8G<eZli=@^nRY3s_Sl>]`ribeN,9c9adt[3h$PheFhUghQrAJOf@the6sserikeOsiyskraA5reaPjiR_4pal7s;of dg\sBXsda@WtSmSdZhe8Ska_s CrpEts oW K^Xf\\eh<9RnVe.
4132
And\tRl!t_BusGndapeopmki8G<fZli=@^nRY3s_Sl>]`ribeN,9c9adt[3h$PheFhUghQrAJOf@the6sserikeOsiyskraA5reaPjiR_4pal7s;of dg\sBXsda@WtSmSdZhe8Ska_s CrpEts oW K^Xf\\eh<9RnVe.
4133
And[tRl!t_BusGndapeopmki8G<fZli=@^nRY3s_Sl>]`ribeN,9c9adt[3h$PheFhUghQrAJOf@the6sserikeOsiyskraA5reaPjiR_4pal7s;of dg\sBXsda@WtSmSdZhe8Ska_s CrpEts oW K^Xf\\eh<9RnVe.
4134
And[tRl!t_BusGndapeopmki8G<fZli=@^nRY3s_Sl>]`ribeN,9c9adt[3h$PheFhUghQrAJOf@the6sserikeOsiyskraA5reaPjiR_4pal7s;of dg\sBXsda@WtSmSdZhe8Ska_s CrpEts oW K^Xf\\eh<9RnVe.
4135
And[tRl!t_BusGndapeopmki8G<fZli=@^nRY3s_Sl>]`ribeN,9c9adt[3h$QheFhUghQrAJOf@the6sserikeOsiyskraA5reaPjiR_4pal7s;of dg\sBXsda@WtSmSdZhe8Ska_s CrpEts oW K^Xf\\eh<9RnVe.
4136
And[tRl!t_BusGndapeopmki8G<fZli=@^nRY3s_Sl>]`ribeN,9c9adt[3h$QheFhUghQrAJOf@the6sserikeOsiyskraA5reaPjiR_4pal7s;of dg\sBXsda@WtSmSdZhe8Ska_s CrpEts oW K^Xf\\eh<9RnVe.
4137
And[tRl!t_BusGndapeopmki8G<fZli=@^nRY3s_Sl>]`ribeN,9c9adt[3h$QheFhUghQrAJOf@the6sserikeOsiyskraA5reaPjiR_4pal7s;of dg\sBXsda@WtSmSdZhe8Ska_s CrpEts oW K^Xf\\eh<9RnVe.
4138
And[tRl!t_BusGndapeopmki8G<fZli=@^nRY3s_Sl>]`ribeN,9c9adt[3h$QheFhUghQrAJOf@the6sserikeOsiyskraA5reaPjiR_4pal7s;of dg\sBXsda@WtSmSdZhe8Ska_s CrpEts oW K^Xf\\eh<9RnVe.
4139
And]tRl!t_BurFndapdopmkj9G=eZli=>_nRY3s_Rl>]`ribeN,9c:adt[3h%PheFhUghQr?JPf@the7sserijeOshysiraA4re_OjiR_3pal7s;of dg\s?Xsda@WtTnRcZhe9Tka_s DrqDts pW K^Xe\\eg=:QnVe.
4140
And]tRl!t_BurFndapdopmkj9G=eZli=>_nRY3s_Rl>]`ribeN,9c:adt\3h%PheFhUghQr?JPf@the7sserijeOshysiraA4re_OjiR_3pal7s;of dg\s?Xsda@WtTnRcZhe9Tka_s DrqDts pW K^Xe\\eg=:QnVe.
4141
And]tRl!t_BurFndapdopmkj9G=eZli=>_nRY3s_Rl>]`ribeN,9c:adt\3h%PheFhUghQr?JPf@the7sserijeOshysiraA4re_OjiR_3pal7s;of dg\s?Xsda@WtTnRcZhe9Tka_s DrqDts pW K^Xe\\eg=:QnVe.
4142
And]tRl!t_BurFndapdopmkj9G=eZli=>_nRY3s_Rl>]`ribeN,9c:adt\3h%PheFhUghQr?JPf@the7sserijeOshysiraA4re_OjiR_3pal7s;of dg\s?Xsda@WtTnRcZhe9Tka_s DrqDts pW K^Xe\\eg=:QnVe.
4143
And\tRl!t_BurFndapdopmkj9G=eZli=>_nRY3s_Rl>]_ribeN,9c:adt\3h%PheFhUghQr?JPf@the7sserijeOshysiraB4re_OjiR_3pal7s;of dg\s?Xsda@WtTnRcZhe9Tka_s DrqDts pW K^Xe\\eg=:QnVe.
4144
And\tRl!t_BurFndapdopmkj9G=eZli=>_nRY3s_Rl>]_ribeN,9c:adt\3h%PheFhUghQr?JPf@the7sserijeOshysiraB4re_OjiR_3pal7s;of dg\s?Xsda@WtTnRcZhe9Tka_s DrqDts pW K^Xe\\eg=:QnVe.
4145
And[tRl!t`BusGndapeopmki8G<fZli=@^nRY3s_Sl>]`ribeN,9c9adt[3h#PheFhUghQrAIOf@the6sserikeOsiyskraA5rfaPjiR_4pal7s;of dg\sBYsda@WtSnScZge8Ska_s CrpEts oW K^Xf]\eh<9RnVe.
4146
And[tRm!t_BusGndapeopmki8G<fZli>@^nRY3s_Sl>]`ribeN,9c9adt[3h$QheFhUghQrAJOf@the6sterikeOsiyskraA5reaOjiR_4pal7s;of dg\sBXsda@WtSmSdZhe8Ska_s CrpEts oW K^Xe\\eh<9RnVe.
4147
And[tRm!t_BusGndapeopmki8G<fZli>@^nRY3s_Sl>]`ribeN,9c9adt[3h$QheFhUghQrAJOf@the6sterikeOsiyskraA5reaOjiR_4pal7s;of dg\sBXsda@WtSmSdZhe8Ska_s CrpEts oW K^Xe\\eh<9RnVe.
4148
And[tRm!t_BusGndapeopmki8G<fZli>@^nRY3s_Sl>]`ribeN,9c9adt[3h$QheFhUghQrAJOf@the6sterikeOsiyskraA5reaOjiR_4pal7s;of dg\sBXsda@WtSmSdZhe8Ska_s CrpEts oW K^Xe\\eh=9RnVe.
4149
And[tRm!t_BusGndapeopmki8G<fZli>@^nRY3s_Sl>]`ribeN,9c9adt[3h$QheFhUghRrAJOf@the6tterikeOsiyskraA5reaOjiR_4pal7s;of dg\sBXsda@WtSmSdZhe8Ska_s CrpEts oW K^Xe\\eh=9RnVe.
4150
And\tRl!t_BurFmd`peoplki8G=f[li>>^nRY3s_Rl>\`ribeN,9c9adt[2h%OheEhUghQr?IOf?the7sserjjeOshyskraA4re`NiiS_3pal7s;nf dg\sAXsdaAWtUnRc\he9Tka_s DrpDts pY K^Xe[\eg=9QnVe.
4151
And\tRl!t_BurFmd`peoplki8G=f[li>>^nRY3s_Rl>\`ribeN,9c9adt[2h%OheEhUghQr?IOf?the7sserjjeOshyskraA4re`NiiS_3pal7s;nf dg\sAXsdaAWtUnRc\he9Tka_s DrpDts pY K^Xe[\eg=9RnVe.
4152
And\tRl!t_BurFmd`peoplki8G=f[li>>^nRY3s_Rl>\`ribeN,9c9adt[2h%OheEhUghQr?IOf?the7sserjjeOshyskraA4re`NiiS_3pal7s;nf dg\sAXsdaAWtUnRc\he9Tka_s DrpDts pY K^Xe[\eg=9RnVe.
4153
And\tRl!t_BurFmd`peoplki8G=f[li>>^nRY3s_Rl>\aribeN,9c9adt[2h%OheEhUghQr?IOf?the7sserjjeOshyskraA4re`NiiS_3pal7s;nf dg\sAXsdaAWtUnRc\he9Tka_s DrpDts pY K^Xe[\eg=9RnVe.
4154
And\tRl!t_BurFmd`peoplki8G=f[li>>^nRY3s_Rl>\aribeN,9c9adt[2h%OheEhUghQr?IOf?the7sserjjeOshyskraA4re`NiiS_3pal7s;nf dg\sAXsdaAWtUnRc\he9Tka_s DrpDts pY K^Xe[\eg=9RnVe.
4155
And\tRl!t_BurFmd`peoplki8G=f[li>>^nRY3s_Rl>\aribeN,9c9bdt[2h%OheEhUghQr?IOf?the7sserjjeOshyskraA4re`NiiS_3pal7s;nf dg\sAXsdaAWtUnRc\he9Tka_s DrpDts pY K^Xe[\eg=9RnVe.
4156
And\tRl!t_BurFmd`peoplki8G=f[li>>^nRY3s_Rl>\aribeN,9c9bdt[2h%OheEhUghQr?IOf?the7sserjjeOshyskraA4re`NiiS_3pal7s;nf dg\sAXsdaAWtUnRc\he9Tka_s DrpDts pY K^Xe[\eg=9RnVe.
4157
And\tRl!t_BurFmd_peoplki8G=f[li>>^nRY3s_Rl>\aribeN,9c9bdt[2h%OheEhUghQr?IOf?the7sserjjeOshyskraA4re`NiiS_3pal7s;nf dg\sAXsdaAWtUnRc\he9Tka_s DrpDts pY K^Xe[\eg=9RnVe.
4158
And\tRl!t_BurFmd_peoplki8G=f[li>>^nRY3s_Rl>\aribeN,9c9bet[2h%OheEhUghQr?IOf?the7sserjjeOshyskraA4re`NiiS_3pal7s;nf dg\sAXsdaAWtUnRc\he9Tka_s DrpDts pY K^Xe[\eg=9RnVe.
4159
And\tRl!t_BurFmd_peoplki8G=f[li>>^nRY3s_Rl>\aribeN,9c9bet[2h%OheEhUghQr?IOf?the7sserjjeOshyskraA4re`NiiS_3pal7s;nf dg\sAYsdaAWtUnRc\he9Tka_s DrpDts pY K^Xe[\eg=9RnVe.
4160
And\tRl!t_BurFmd_peoplki8G=f[li>>^nRY3s_Rl>\aribeN,9c9bet[2h%OheEhUghQr?IOf?the7sserjjeOshyskraA4re`NiiS_3pal7s;nf dg\sAYsdaAWtUnRc\he9Tka_s DrpDts pY K^Xe[\eg=9RnVe.
4161
And\tRl!t_BurFmd`peoplki8G=f[li>>^nRY3s_Rl>\bribeN,9c9bdt[2h%OheEhVghQr?IOf?the7sserjjeOshyskraA4re`NiiS_3pal7s;nf dg]sAXsdaAWtUnRc\he9Tka`s DrpDts pY K^Xe[\eg=9RnVe.
4162
And\tRl!t_BurFmd`peoplki8G=f[li>>^nRY3s_Rl>\bribeN,9c9bdt[2h%OheEhVghQr?IOf?the7sserjjeOshyskraA4re`NiiS_3pal7s;nf dg]sAXsdaAWtUnRc\he9Tka`s DrpDts pY K^Xe[\eg=9RnVe.
4163
And\tRl!t_BurFmd`peoplki8G=f[li>>^nRY3s_Rl>\bribeN,9c9bdt[2h%OheEhVghQr?IOf?the7sserjjeOshyskraA4re`NiiS_3pal7s;nf dg]sAXsdaAWtUnRc\he9Tka`s DrpDts pY K^Xe[\eg=9RnVe.
4164
And\tRl!t_BurFmd_peoplki8G=f[li>>^nRY3s_Rl>\bribeN,9c9bdt[2h%OheEhVghQr?IOf?the7sserjjeOshyskraA4re`NiiS_3pal7s;nf dg]sAXsdaAWtUnRc\he9Tka`s DrpDts pY K^Xe[\eg=9RnVe.
4165
And\tRl!t_BurFmd_peoplki8G=f[li>>^nRY3s_Rl>\bribeN,9c9bdt[2h%OheEhVghQr?IOf?the7sserjjeOshyskraA4re`NiiS_3pal7s;nf dg]sAXsdaAWtUnRc\he9Tka`s DrpDts pY K^Xe[\eg=9RnVe.
4166
And\tRm!t_BurFmd_peoplki8G=f[li>>^nRY3s_Rl>\aribeN,9c9bet[2h%OheEhUghQr?IOf?the7sserjjeOshyskraA4re`NiiS_3pal7s;nf dg\sAYsdaAWtUnRc\he9Tka`s DrpDts pY K^Xe[\eg=9RnVe.
4167
And\tRm!t_BurFmd`peoplki8H=f[li>>^nRY3s_Rl>\bribeN,9c9bdt[2h%OheEhVghQr?IOf?the7sserjjeOshyskraA4re`NiiS_3pal7s;nf dg]sAXsdaAWtUnRc\he9Tka`s DrpDts pY K^Xe[\eg=9RnVe.
4168
And\tRm!t_BurFmd_peoplki8G=f[li>>^nRY3s_Rl>\aribeN,9c9bet[2h$OheEhUghQr?IOf?the7sserjjeOshyskraA4re`NiiS_3pal7s;nf dg\sAYsdaAWtUnRc\he9Uka`s DrpDts pY K^Xe[\eg=9RnVe.
4169
And\tRm!t_BurFmd_peoplli8G=f[li>>^nRY3s_Rl>\aribeN,9c9bet[2h$OheEhUghQr?IOf?the7sserjjeOshyskraA4re`NiiS_3pal7s;nf dg\sAYsdaAWtUnRc\he9Uka`s DrpDts pY K^Xe[\eg=9RnVe.
4170
And\tRm!t_BurFmd_peoplli8G=f[li>>^nRY3s_Rl>\aribeN,9c9bet[2h$OheEhUghQr?IOf?the7sserjjeOshyskraA4re`NiiS_3pal7s;nf dg\sAYsdaAWtUnRc\he9Uka`s DrpDts pY K^Xe[\eg=9RnVe.
4171
And\tRm!t_BurFmd_peoplli8G=f[li>>^nRY3s_Rl>\aribeN,9c9bet[2h$OheEhUghQr?IOf?the7sserjjeOshyskraA4re`NiiS_3pal7s;nf dg\sAYsdaAWtUnRc\he9Uka`s DrpDts pY K^Xe[\eg=9RnVe.
4172
And\tRm!t_BurFmd_peoplki9G=f[li>>^nRY3s_Rl>\aribeN,9c:bet[2h%OheEhUghQr?IOf?the7sserjkeOshyskraA4re`NiiS_3pal6s;nf dg\sAYsdaBWtUnRc\he9Uka_s DrpDts pY K^Xe[\ef=9RnVe.
4173
And\tRm!t_BurFmd_peoplki8G=f[li>>^nRY3s_Rl>\aribeN,9c;bet[2h%OheEhUghRr?IOf?the7sserjkeOshyskraA4re_NiiS_3pal6s;nf dg\sAYsdaAWtUnRc\he9Uka_s DrpDts pY K^Xe[[eg=9RnVe.
4174
And\tRm!t_BurFmd_peoplki8G=f[li>>^nRY3s_Rl>\aribeN,9c;bet[2h%OheEhUghRr?IOf?the7sserjkeOshyskraA4re_NiiS_3pal6s;nf dg\sAYsdaAWtUnRc\he9Uka_s DrpDts pY K^Xe[[eg=9RnVe.
4175
And\tRm!t_BurFmd_peoplki9G=f[li>>^nRY3s_Rl>\aribeO,9c:bet[2h%OheEhUghQr?IOf?the7sserjkeOshyskraA4re`NiiS_3pal6s;nf dg\sAYsdaBWtUnRc\he9Uka_s DrpDts oY K^Xe[\ef=9RnVe.
4176
And\tRm!t_BurFmd_peoplki9G=f[li>>^nRY3s_Rl>\aribeO,9c:bet[2h%OheEhUghQr?IOf?the7sserjkeOshyskraA4re`NiiS_3pal6s;nf dg\sAYsdaBWtUnRc\he9Uka_s DrpDts oY K^Xe[\ef=9RnVe.
4177
And\tRm!t_BurFmd_peoplki9G=f[li>>^nRY3s_Rl>\aribeO,9c:bet[2h%OheEhUghQr?IOf?the7sserjkeOshyskraA4re`NiiS_3pal6s;nf dg\sAYsdaBWtUnRc\he9Uka_s DrpDts oY K^Xe[\ef=9RnVe.
4178
And\tRm!t_BurFmd_peoplki9G=f[li>>^nRY3s_Rl>\aribeN,9c;bet[2h%OheEhUghRr?IOf?the7sterjkeOshyskraA4re_NiiS_3pal6s;nf dg\sAYsdaAWtUnRc\he9Uka_s DrpDts pY K^Xe[[eg=9RnVe.
4179
And\tRm!t_BurFmd_peoplki9G=f[li>>^nRY3s_Rl>\aribeN,9c;bet[2h%OheEhUghRr?IOf?the7sterjkeOshyskraA4re_NiiS_3pal6s;nf dg\sAYsdaAWtUnRc\he9Uka_s DrpDts pY K^Xe[[eg=9RnVe.
4180
And\tRm!t_BurFmd_peoplki9G=f[li>>^nRY3s_Rl>\aribeN,9c;bet[2h%OheEhUghRr?IOf?the7sterjkeNshyskraA4re_NiiS_3pal6s;nf dg\sAYsdaAWtUnRc\he9Uka_s DrpDts pY K^Xe[[eg=9RnVe.
4181
And\tRm!t_BurFmd_peoplki9G=f[li>>^nRY3s_Rl>\aribeN,9c;bet[2h%OheEhUghRr?IOf?the7sterjkeNshyskraA4re_NiiS_3pal6s;nf dg\sAYsdaAWtUnRc\he9Uka_s DrpDts pY K^Xe[[eg=9RnVe.
4182
And\tRm!t_BurFmd_peoplki9G=f[li>>^nRY3s_Rl>\aribeN,9c;bet[2h%OheEhUghRr?IOf?the7sterjkeOshyskraA4re_NiiS_3pal6s;nf dg\sAYsdaAWtUnRc\he9Ula_s DrpDts oY K^Ye[[eg=9RnVe.
4183
And\tRm!t_BurFnd_peoplki9G=f[li>>^nRY3s_Rl>\aribeN,9c;bet[2h%OheEhUghRr?IOf?the7sterjkeOshyskraA4re_NiiS_3pal6s;nf dg\sAYsdaAWtUnRc\he9Ula_s DrpDts oY K^Ye[[eg=9RnVe.
4184
And\tRm!t_BurFnd_peoplki9G=f[li>>^nRY3s_Rl>\aribeN,9c;bet[2h%OheEhUghRr?IOf?the7sterjkeOshyskraA4re_NiiS_3pal6s;nf dg\sAYsdaAWtUnRc\he9Ula_s DrpDts oY K^Ye[[eg=9RnVe.
4185
And\tRm!t_BurFnd_peoplki9G=f[li>>^nRY3s_Rl>\aribeN,9c;bet[2h%OheEhUghRr?IOf?the7sterjkeOshyskraA4re_NiiS_3pal6s;nf dg\sAYsdaAWtUnRc\he9Ula_s DrpDts oY K^Ye[[eg=9RnVe.
4186
And\tRm!t_BurFnd_peoplki9G=f[li>>^nRY3s_Rl>\aribeN,9c;bet[2h%OheEhUghRr?IOf?the7sterjkeOshyskraA4re_NiiS_3pal6s;nf dg\sAYsdaAWtUnRc\he9Ula_s DrpDts oY K^Ye[[eg=9RnVe.
4187
And\tRm!t_BurFnd_peoplki9G=f[li>>^nRY3s_Rl>\aribeN,9c;bet[2h%OheEhUghRr?IOf>the7sterjkeOshyskraA4re_NiiS_3pal6s;nf dg\sAYsdaAXtUnRc\he9Ula_s DrpDts oY K^Ye[[eg=9RnVe.
4188
And\tRm!t_BurFnd_peoplki9G=f[li>>^nRY3s_Rl>\aribeN,9c;bet[2h%OheEhUghRr?IOf>the6sterjkeOshyskraA4re_NiiS_3pal6s;nf dg\sAYsdaAXtUnRc\he9Ula_s DrpDts oY K^Ye[[eg=9RnVe.
4189
And\tRm!t_BurFnd_peoplki9G=f[li>>^nRY3s_Rl>\aribeN,9c;bet[2h%OheEhUghRr?IOf>the6sterjkeOshyskraA4re_NiiS_3pal6s;nf dg\sAYsdaAXtUnRc\he9Ula_s DrpDts oY K^Ye[[eg=9RnVe.
4190
And\tRm!t_BurFnd_peoplki9G=f[li>>^nRY3s_Rl>\aribeN,9c;bet[2h%OheEhUghRr?IOf>the6sterjkeOshyskraA4re_NiiS_2pal6s;nf dg\sAYsdaAXtUnRc\he9Ula_s DrpDts oY K^Ye[[eg=9RnVe.
4191
And\tRm!t_BurFnd_peoplki9G=f[li>>^nRY3s_Rl>\aribeN,9c;bet[2h%OheEhUghRr?IOf>the6sterjkeOshyskraA4re_NiiS_2pal6s;nf dg\sAYsdaAXtUnRc\he9Ula_s DrpDts oY K^Ye[[eg=9RnVe.
4192
And\tRm!t_BurFnd_peoplki9G=f[li>>^nRY3s_Rl>\aribeN,9c;bet[2h%OheEhUghRr?IOf>the6sterjkeOshyskraA4re_NiiS_2pal6s;nf dg\sAYsdaAXtUnRc\he9Ula_s DrpDts oY K^Ye[[eg=9RnVe.
4193
And\tRm!t_BurFnd_peopkki9G=f[li>>^nRY3s_Rl?\aribeN,9c;bet[2h%OheEhUghRr?IOf>the6rterjkeOshyskraA4re_NiiS_3pal6s;nf dg]sAZsdaAXtUnRc\he9Ula_s DrpDts oY K^Ye[[eg=9RnVe.
4194
And\tRm!t_BurFnd_peoplki9G=f[li?>^nRY3s_Rl>\aribeN,9c;bdtZ2h%OheEhUghRr?IOf>the7sterjkeNshyskraA4re_NiiS_3pal6s;nf dg\sAYsdaAXtUoRc\he9Ula_s ErpEts oY K_Ye[Zeg=9RnVe.
4195
And\tRm!t_BurFnd_peopkki9G=f[li>>^nRY3s_Rl?\aribeN,9c;bet[2h%OheEhUghRr?IOf>the6rterjkeOshyskraA4re_NiiS_3pal6s;nf dg]sAZsdaAXtUnRc\he9Ula_s DrpDts oY K^Ye[[eg>9RnVe.
4196
And\tRm!t_BurFnd_peopkki9G=f[li>>^nRY3s_Rl?\aribeN,9c;bet[2h%OheEhUghRr?IOf>the6rterjkeOshyskraA4re_NiiS_3pal6s;nf dg]sAZsdaAXtUnRc\he9Ula_s DrpDts oY K^Ye[[eg>9RnVe.
4197
And\tRm!t_BurFnd_peoplki9G=f[li?>^nRY3s_Rl>\aribeN,9c;bdt[2h%OheEhUghRr?IOf>the7sterjkeOshysjraA4re_NiiS`3pal6s;nf dg\sAYsdaBXtUnRc\he9Ula_s DrpDts oY K^Ye[[eg>9RnVe.
4198
And\tRm!t_BurFnd_peoplki9G=f[li?>^nRY3s_Rl>\aribeN,9c;bdt[2h%OheEhUghRr?IOf>the7sterjkeOshysjraA4re_NiiS`3pal6s;nf dg\sAYsdaBXtUnRc\he9Ula_s DrpDts oY K^Ye[[eg>9RnVe.
4199
And\tRm!t_BurFnd_peoplki9G=f[li?>^nRY3s_Rl>\aribeN,9c;bdtZ2h%OheEhUghRr?IOf>the6sterjkeNshyskraA4re_NiiS_3pal6s;nf dg]sAYsdaAXtUoRc\he9Ula_s ErpEts oY K_Ye[Zeg=9RnVe.
4200
And\tRm!t_BurFnd_peoplki9G=f[li>>^nRY3s_Rl>\aribeO,9c;bet\2h%OheEhUghRr?IOf>the6sterjkeOshyskraA4re_NiiS_2pal6s:nf dg\sAYsdaAXtUnRc\he9Ula_s DrpDts oY K^Ye[[eg=9RnVe.
4201
And\tSm!t_BurGnd_peoplki9G=f[li>>^nRY3s_Rl>\aribeN,9c;bet[2h%OheEhVghRr?IOf>the6sterjkeOshyskraA4re_NiiS_2pak6s;nf dg\sAYsdaAXtUnRc\he9Ula_s DrpDts oY K^Ye[[eg=9RnVe.
4202
And\tSm!t_BurGnd_peoplki9G=f[li>>^nRY3s_Rl>\aribeN,9c;bet[2h%OheEhVghRr?IOf>the6sterjkeOshyskraA4re_NiiS_2pak6s;nf dg\sAYsdaAXtUnRc\he9Ula_s DrpDts oY K^Ye[[eg=9RnVe.
4203
And\tRm!t_BurFnd^peopkki9G=f[li>>^nRY3s_Rl?\aribeN,9c;bet[2h%OheEhUghRr?IOf>the6rterjkeOshyskraA4re`NiiS_3pak6s;of dg]sAZsdaAXtUnRb\he9Ula_s DrpDts oY K_Ze[[eg=9RnVe.
4204
And\tRm!t_BurFnd^peopkki9G=f[li>>^nRY3s_Rl?\aribeN,9c;bet[2h%OheEhUghRr?IOf>the6rterjkeOshyskraA4re`NiiS_3pak6s;of dg]sAZsdaAXtUnRb\he9Ula_s DrpDts oY K_Ze[[eg=9RnVe.
4205
And\tRm!t_BusFnd_peoplki9G=f[li?>^nRY3s_Rl>\aribeN,9c;bdtZ2h%OheEhUghRr?IOf>the7sterjkeMsiysjraA4re_NiiS_3pal6s;nf dg\rAYsdaAXtUoRb\he9Ula_s ErpEts oY K_Ye[Zeg=:RnVe.
4206
And\tRm!t`BusFnd_peoplki9G=f[li?>^nRY3s_Rl>\aribeN,9c;bdtZ2h%OheEhUghRr?IOf>the7sterjkeMsiysjraA4re_NiiS_3pal6s;nf dg\rAYsdaAXtUoRb\he9Ula_s ErpEts oY K_Ye[Zeg=:RnVe.
4207
And\tRm!t`BusFnd_peoplki9G=f[li?>^nRY3s_Rl>\aribeN,9c;bdtZ2h%OheEhUghRr?IOf>the7sterjkeMsiysjraA4re_NiiS_3pal6s;nf dg\rAYsdaAXtUoRb\he9Ula_s ErpEts oY K_Ye[Zeg=:RnVe.
4208
And\tRm!t`BusFnd_peoplki9G=f[li?>^nRY3s_Rl>\aribeN,9c;bdtZ2h%OheEhUghRr?IOf>the7sterjkeMsiysjraA4re_NiiS_3pal6s;nf dg\rAYsdaAXtUoRb\he9Ula_s ErpEts oY K_Ye[Zeg=:RnVe.
4209
And\tRm!t`BusFnd_peoplki9G=f[li?>^nRY3s_Rl>\aribeN,9c;bdtZ2h%OheEhUghRr?IOf>the7sterjkeMsiysjraA4re_NiiS_3pal6s;nf dg\rAYsdaAXtUoRb\he9Ula_s ErpEts oY K_Ye[Zeg=:RnVe.
4210
And\tRn!t_BurFnd_peoplli9G=f[li?>^nRY3s_Rl>\aribeN,9c;bdtZ2h$OheEhUghRr?IOf>the6sterjkeNshyskraA4re_NiiS_3pal6s;nf dg]sAYsdaAXtUoRc\he8Ula_s ErpEts oY K_Ye[Zeg=9RnWe.
4211
And\tRn!t_BurFnd_peoplli9G=f[li?>^nRY3s_Rl>\aribeN,9c;bdtZ2h$OheEhUghRr?IOf>the6sterjkeNshyskraA4re_NiiS_3pal6s;nf dg]sAYsdaAXtUoRc\he8Ula_s ErpEts oY K_Ye[Zeg=9RnWe.
4212
And\tSm!t_BurFnd_peoplki9G=g[li>>^nRY3s_Sl>\aribeN,9c;bet\2h%OheEhUghRr?IOf>the5sterjkeOshyskraA5re_NiiS_2pal6s:nf dg\sAYsdaAXtVnRc\he9Vla_s DrpDts oY K^Ye[[eg=9RnVe.
4213
And\tSm!t_BusFnd_peoplki9G=g[li>>^nRY3s_Sl>\aribeN,9c;bet\2h%OheEhUghRr?IOf>the5sterjkeOshyskraA5re_NiiS_2pal6s:nf dg\sAYsdaAXtVnRc\he9Vla_s DrpDts oY K^Ye[[eg=9RnVe.
4214
And\tSm!t_BusFnd_peoplki9G=g[li>>^nRY3s_Sl>\aribeN,9c;bet\2h%OheEhUghRr?IOf>the5sterjkeOshyskraA5re_NiiS_2pal6s:nf dg\sAYsdaAXtVnRc\he9Vla_s DrpDts oY K^Ye[[eg=:RnVe.
4215
And\tSm!t_BusFnd_peoplki9G=g[li>>^nRY3s_Sl>\aribeN,9c;bet\2h%OheEhUghRr?IOf>the5sterjkeOshyskraA5re_NiiS_2pal6s:nf dg\sAYsdaAXtVnRc\he9Vla_s DrpDts oY K^Ye[[eg=:RnVe.
4216
And\tSm!t_BusFnd_peoplki9G=g[li>>^nRY3s_Sl?\aribeN,9c;bet\2h%OheEhUghRr?IOf>the5sterjkeOshyskraA5re_NiiS_2pal6s:nf dg\sAYsdaAXtVnRc\he9Vla_s DrpDts oY K^Ye[[eg=9RnVe.
4217
And\tSm!t_BusFnd_peoplki9G=g[li>>^nRY3s_Sl>\aribeN,9c;bet\2h%OheEhUghRr?IOf>the5sterikeOshyskraA5re_NiiS_2pal6s:nf dg\sAYsdaAXtVnRc\he9Ula`s DrpDts oY K_Yd[[eg=:RnVe.
4218
And\tSm!t_BusFnd_peoplki9G=g[li>>^nRY3s_Sl>\aribeN,9c;bet\2h%OheEhUghRr?IOf>the5sterikeOshyskraA5re_NiiS_2pal6s:nf dg\sAYsdaAXtVnRc\he9Ula`s DrpDts oY K_Yd[[eg=:RnVe.
4219
And\tSm!t_BusFnd_peoplki9G=g[li>>^nRY3s_Sl>\aribeN,9c;bet\2h%OheEhUghRr?IOf>the5sterikeOshyskraA5re_NiiS_2pal6s:nf dg\sAYsdaAXtVnRc\he9Ula`s DrpDts oY K_Yd[[eg=:RnVe.
4220
And\tSm!t_BusFnd_peoplki9G=g[li>>^nRY2s_Sl>\aribeN,9c<bet\2h%OheEhUghRr?IOf>the5sterikeOshyskraA5re_NiiS_2pal6s:nf dg]sAYsdaAXtVnRc\he9Ula`s DrpDts oY K_Yd[[eg=:RnVe.
4221
And\tSm!t_BusFnd_peoplki9G=g[li>>^nRY2s_Sl>\aribeN,9c<bet\2h%OheEhUghRr?IOf>the5sterikeOshyskraA5re_NiiS_2pal6s:nf dg]sAYsdaAXtVnRc\he9Ula`s DrpDts oY K_Yd[[eg=:RnVe.
4222
And\tSm!t_BusFnd_peoplki9G=g[li>>^nRY2s_Sl>\aribeN,9c<bet\2h%OheEhUghRs?IOf>the5sterikeOshyskraA5re_NiiS_2pal6s:nf dg]sAYsdaAXtVnRc\he9Ula`s DrpDts oY K_Yd[[eg=:RnVe.
4223
And\tSm!t_BusFnd_peoplki9G=g[li>>^nRY2s_Sl>\aribeN,9c<bet\2h%OheEhUghRs?IOf>the5sterikeOshyskraA5re_NiiS_2pal6s:nf dg]sAYsdaAXtVnRc\he9Ula`s DrpDts oY K_Yd[[eg=:RnVe.
4224
And\tSm!t_BusFnd_peoplki9G=g[li>>^nRY2s`Sl>\aribeN,9c<bet\2h%OheEhUghRs?IOf>the5sterikeOshyskraA5re_NiiS_2pal6s:nf dg]sAYsdaAXtVnRc\he9Ula`s DrpDts oY K_Yd[[eg=:RnVe.
4225
And\tSm!t_BusFnd_peoplki9G=g[li>>^nRY2s`Sl>\aribeN,9c<bet\2h%OheEhUghRs?IOf>the5sterikeOshyskraA5re_NiiS_2pal6s:nf dh]sAYsdaAXtVnRc\he9Ula`s DrpDts oY K_Yd[[eg=:RnVe.
4226
And\tSm!t_BusFnd_peoplki9G=g[li>>^nRY2s`Sl>\aribeN,9c<bet\2h%OheEhUghRs?IOf>the5sterikeOshyskraA5re_NiiS_2pal6s:nf dh]sAYsdaAXtVnRc\he9Ula`s DrpDts oY K_Yd[[eg=:RnVe.
4227
And\tSm!t_BusFnd_peoplki9G=g[li>>^nRY2s`Sl>\aribeN,9c<bet\2h%OheEhUghRs?IOf>the5sterikeOshyskraA5re_NiiS_2pal6s:nf dh]sAYsdaAXtVnRc\he9Ula`s DrpDts oY K_Yd[[eg=:RnVe.
4228
And\tSm!t_BusFnd_peoplki9G=g[li>>^nRY2s`Sl>\aribeN,9c<bet\2h%OheEhUghRs?IOf>the5sterileOshyskraA5re_NiiS_2pal6s:nf dh]sAYsdaAXtVnQc\he9Ula`s DrpDts oY K_Yd[[eg=:RnVe.
4229
And\tSm!t_BusFnd_peoplki9G=g[li>>^nRY2s`Sl>\aribeN,9c<bet\2h%OheEhUghRs?IOf>the5sterileOshyskraA5re_NiiS_2pal6s:nf dh]sAYsdaAXtVnQc\he9Ula`s DrpDts oY K_Yd[[eg=:RnVe.
4230
And\tSm!t_BusFnd_peoplki9G=g[li>>^nRY2s`Sl>\aribeN,9c<bdt\2h%OheEhUghRs?IOf>the5sterileOshyskraA5re_NiiS`2pal6s:nf dh]sAYsdaAXtVnQc\he9Ula`s DrpDts oY K_Yd[[eg=:RnVe.
4231
And\tSm!t_BusFnd_peoplki9G=g[li>>^nRY2s`Sl>\aribeN,9c<bet\2h%OheEhUghRs?IOf>the5sterileOshyskraA5re_NiiS_2pal6s:nf di]sAYsdaAXtVnQc\he9Ula`s DrpDts oY K_Yd[[eg=:RnVe.
4232
And\tSm!t_BusFnd_peoplki9G=h[li>>^nRY2s`Sl>\aribeN,9c<bet\2h%OheEhUghRs?IOf>the5sterileOshyskraA5re_NiiS_2pal6s:nf di]sAYsdaAXtVnQc\he9Tla`s DrpDts oY K_Yd[[eg=:RnVe.
4233
And\tRm t`BusFnd_peoplki:G=f[li?=^nRY3s_Rl>\aribeN,9c;bdtZ2h%PheEhVghRr@IOf>the7sterjkeMsiysjraA4re_NiiS_3pak6s;nf dg\rAYsdaBXtWoRa\he9Ula`s ErpEts oY L`Ye[Zeg=:RoVe.
4234
And\tSm!t_BusFnd_peoplki9G=g[li>=^nRY2saSl>\aribeN,9c<bet\2h%OheEhUghRs?IOf>the5sterikeOshyskra@5re_NiiS_2pal6s:nf dh]sAZsdaAXtVnRc\he9Ula`s DrpDts oY K_YdZ[eg=:RnVe.
4235
And\tSm!t_BusFnd_peoplki9G=g[li>=^nRY2saSl>\aribeN,9c<bet\2h%OheEhUghRs?IOf>the5sterikeOshyskra@5re_NiiS_2pal6s:nf dh]sAZsdaAXtVnRc\he9Ula`s DrpDts oY K_YdZ[eg=:RnVe.
4236
And\tRm t`BusFnd_peoplki:G=f[li?=^nRY3s_Rl>\aribeN,9c;bdtZ2h%PheEhVghRr@IPf>the7sterjleMsiysjraA4re_NiiS_3pak6s;nf dg\rAYsdaBXtWoRa\hf9Ula`s ErpEts oY L`Ye[Zeg=;RoVe.
4237
And\tRm t`BusFnd_peoplki:G=f[li?=^nRY3s_Rl>\aribeN,9c;bdtZ2h%PheEhVghRr@IPf>the7sterjleMsiysjraA4re_NiiS_3pak6s;nf dg\rAYsdaBXtWoRa\hf9Ula`s ErpEts oY L`Ye[Zeg=;RoVe.
4238
And\tRn!t`BusFnd_peoplki:G=f[li@>^nRY3s_Rl?\aribeN,9c;bdtZ2h%OheEhUghRr@HOf>the6sterjkeLsiysjraA4re_NiiS_3pal7s;nf dg]rAYsdaBXtUoRb\he9Ula`s ErpFts oZ L`Ye[Zeg=:RnVe.
4239
And\tRn!t`BusFnd_peoplki:G=f[li@>^nRY3s_Rl?\aribeN,9c;bdtZ2h%OheEhUghRr@HOf>the6sterjkeLsiysjraA4re_NiiS_3pal7s;nf dg]rAYsdaBXtUoRb\he9Ula`s ErpFts oZ L`Ye[Zeg=:RnVe.
4240
And\tRn!t`BusFnd_peoplki:G=f[li@>^nRY3s_Rl?\aribeN,9c;bdtZ2h%OheEhUghRr@HOf>the6sterjkeLsiysjraA4re_NiiS_3pal7s;nf dg]rAYsdaBXtUoRb\he9Ula`s ErpFts oZ L`Ye[Zeg=:RnVe.
4241
And\tTm t_BusFnd_peoplki:G=g[li>>^nRY2s`Sl>\aribeN,9c<bet\2h&OheEhUghRs?IOf>the5sterikeNshyskraA5re_NiiTa2pal6s:nf dh]sAYsdaAXtVnRc\he9Ula`s DrpDts oY K_Yd[[eg=:RnVe.
4242
And\tSm!t_BusFnd_peoplki9G<g[li>=^nRY2saSl>\aribeN,9c<bet\2h%OheEhUghRs?IOf>the5sterikeOshyskra@5re_NiiS_2pal6s:nf dh]s@ZseaAXtVnRc\he9Ula`s DrpDts oY K_YdY[eg=:RnVe.
4243
And\tRm t`BusFnd_peoplki:G=f[li?=^nRY3s_Rl>\aribeN,9c;bdtZ2h%PheEhVghRr@HPf>the7sterjleMsiysjraA4re_NiiT_3pak6s;nf dg\rAYsdaBXtWoRa\hf9Ula`s ErpEts oY L`Ye[Zeg=;SoVe.
4244
And\tRm t`BusFnd_peoplki:G=f[li?=^nRY3s_Rl>\aribeN,9c;bdtZ2h%PheEhVghRr@HPf>the7sterjleMsiysjraA5re_NiiT_3pak6s;nf dg\rAYsdaBXtWoRa\hf9Ula`s ErpEts oY L`Ye[Zeg=;SoVe.
4245
And\tRm t`BusFnd_peoplki:G=f[li?=^nRY3s_Rl>\aribeN,9c;bdtZ2h%PheEhVghRr@HPf>the7sterjleMsiysjraA5re_NiiU_3pak6s;nf dg\rAYsdaBXtWoRa\hf9Ula`s ErpEts oY L`Ye[Zeg=;SoVe.
4246
And\tRn!t`BusFnd_peoplli:G=f[li@>^nRY3s_Rl?\aribeN,9c<bdtZ2h%OheEhUghRr@HOf>the6sterjkeLsiysjraA4re_NiiS_3pal7s;nf dg]rAYsdaBXtUoRb\he9Ula`s ErpFts oZ L`Ye[Yeg=;RnVe.
4247
And\tRn!t`BusFnd_peoplli:G=f[li@>^nRY3s_Rl?\aribeN,9c<bdtZ2h%OheEhUghRr@HOf>the6sterjkeLsiysjraA4re_NiiS_3pal7s;nf dg]rAYsdaBXtUoRb\he9Ula`s ErpFts oZ L`Ye[Yeg=;RnVe.
4248
And\tRn!t`BusFnd_peoplli:G=f[li@>^nRY3s_Rl?\aribeM,9c<bdtZ2h%OheEhUghRr@HOf>the6sterjkeLsiysjraA4re_NiiS_3pal7s;nf dg]rAZsdaBXtUoRb\he9Ula`s ErpFts oZ L`Ye[Yeg=;RnVe.
4249
And\tRn!t`BusFnd_peoplli:G=f[li@>^nRY3s_Rl?\aribeN,9c<bdtZ2h%OheEhUghRr@HOf>the6sterjkeLsiysjraA4re_NiiS_3pal7s;nf dg]rAZsdaBXtUoRb\he9Ula`s ErpFts oZ L`Ye[Yeg=;RnVe.
4250
And\tRn!t`BusFnd_peoplli:G=f[li@>^nRY3s_Rl?[aribeM,9c<bdtZ2h%OheEhUghRr@HOf>the6sterjkeLsiysjraA4re_NiiS_3pal7s;nf dg]rAZsdaBXtUoRa\he9Ula`s ErpFts oZ L`Ye[Yeg=;RnVe.
4251
And\tRn!t`BusFnd_peoplli:G=f[li@>^nRY3s_Rl?[aribeM,9c<bdtZ2h%OheEhUghRr@HOf>the6sterjkeLsiysjraA4re_NiiS_3pal7s;nf dg]rAZsdaBXtUoRa\he9Ula`s ErpFts oZ L`Ye[Yeg=;RnVe.
4252
And\tRn!t`BusFnd^peoplli:G=f[li@>^nRY3s_Rl?\aribeN,9c<bdtZ2h%OheEhUghRr@HOf>the6sterjkeLsiysjraA4re_NiiS_2pal7s;nf dg]rAZsdaBXtUoRb\he9Ula`s ErpFts oZ L`Ye[Yeg=;RnVe.
4253
And\tRm t`CusGnd_peoplki:G=f\li?>^nSY3s_Rl>\bribeN,9c;bdtZ2h%PheEhVghRr@HOf>the7sterjkeMsiysjraA4re_NiiS`3pak6s;nf dg\sAYsdaBXtWnRa\he9Vlaas ErpEts oZ L`Ye[Zeg=:RoVe.
4254
And\tRm t`CusGnd_peoplki:G=f\li?>^nSY3s_Rl>\bribeN,9c;bdtZ2h%PheEhVghRr@HOf>the7sterjkeMsiysjraA4re_NiiS`3pak6s;nf dg\sAYsdaBXtWnRa\he9Vlaas ErpEts oZ L`Ye[Zeg=:RoVe.
4255
And\tRm t`CusGnd_peoplki:G=f\li?>^nSY3s_Rl>\bribeN,9c;bdtZ2h%PheEhVghRr@HOf>the7sterjkeMsiysjraA4re_NiiS`3pak6s;nf dg\sAYsdaBXtWnRa\he9Vlaas ErpEts oZ L`Ye[Zeg=:RoVe.
4256
And\tRm t`CusGnd_peoplki:G=f\li?>^nSY3s_Rl>\bribeN,9c;bdtZ2h%PheEhVghRr@HOf>the7sterjkeMsiysjraA4re_NiiS`3pak6s;nf dg\sAYsdaBXtWnRa\he9Vlaas ErpEts oZ L`Ye[Zeg=:RoVe.
4257
And\tSm!t_BusFnd_peoplkh9G<g\li><^nRY1saSl>\aribeN,9c<bet\2h%OheEhUghRs?IOf>the5sterikeOshyskra@5re_NiiT`2pal6s:nf di]sAZsdaAXtVnRc\he9Vla`s ErpDts oY L_YdY[eg=;RnVe.
4258
And\tSm!t_BusFnd_peoplkh9G<g\li><^nRY1saSl>\aribeN,9c<bet\2h%OheEhUghRs?IOf>the5sterikeOshyskra@5re_NiiT`2pal6s:nf di]sAZsdaAXtVnRc\he9Vla`s ErpDts oY L_YdY[eg=;RnVe.
4259
And\tSm!t_BusFnd_peoplkh9G<g\li><^nRY1saSl>\aribeN,9c<bet\2h%OheEhUghRs?IOf>the5sterikeOshyskra@5re_NiiT`2pal7s:nf di]sAZsdaAXtVnRc\he9Vla`s ErpDts oY L_YdY[eg=;RnVe.
4260
And\tSm!t_BusFnd_peoplki9G=h\li><^nRY1saSl>\aribeN,9c<bet\2h%OheEhUghRs?IOf>the5sterileOshyskra@5re_MiiS`2pal6s:nf di]sAZseaAXtVnRc\he9Vla`s DrpDts oY L_ZdY[eg=:RnVe.
4261
And\tSm!t_BusFnd_peoplki9G=h\li><^nRY1saSl>\aribeN,9c<bet\2h%OheEhUghRs?IOf>the5sterileOshyskra@5re_MiiS`2pal6s:nf di]sAZseaAXtVnRc\he9Vla`s DrpDts oY L_ZdY[eg=:RnVe.
4262
And\tRn!t`BusFnd_peoplli:H=f[li@>^nRY3s_Rl?\aribeN,9c<bdt[2g%OheEhUghSs@HOf>the6sterjkeLsjysjraA4re_NiiS_3pal7s:nf dg]rAYsdaBXtUoRb\he9Ula`s ErpFts oZ LaYe[Yeg=;RnVe.
4263
And\tRn!t`BusFnd_peoplli:H=f[li@>^nRY3s_Rl?\aribeN,9c<bdt[2g%OheEhUghSs@HOf>the6sterjkeLsjysjraA4re_NiiS_3pal7s:nf dg]rAYsdaBXtUoRb\he9Ula`s ErpFts oZ LaYe[Yeg=;RnVe.
4264
And\tSn!t_BusFnd_peoplkh9G<g\li><^nRY1saSl>\aribeN,9c<bet\2h%OheEhUghRs?IOf>the5sterikeNshyskra@5re_NiiT`2pal7s:nf di]sAZsdaAXtVnRc\he9Vla`s ErpDts oY L_YdY[eg=<RnVe.
4265
And\tSn!t_BusFnd_peoplkh9G<g\li><^nRY1saSl>\bribeN,9c<bet\2h%OheEhUghRs?IOf>the5sterikeNshyskra@5re_NiiT`2pal7s:nf di]sAZsdaAXtVnRc\he9Vla`s ErpDts oY L_YdY[eg=<RnVe.
4266
And\tSn!t_BusFnd_peoplkh9G<g\li><^nRY1saSl>\bribeN,9c<bet\2h%OheEhUghRs?IOf>the5sterikeNshyskra@5re_NiiT`2pal7s:nf di]sAZsdaAXtVnRc\he9Vla`s ErpDts oY L_YdY[eg=<RnVe.
4267
And[tSm!t_BusFnd_peoplki9G<g\li>=^nRY1saSl>\aribeO,9c=cet\2h%OheEhUghSs?JOf>the5sterikeOshysjra@5re_NiiT_2pal6s:nf di]sAZsdaAYtWnRc\he9Wla`s DrpDts oY K_YdYZeg=:RnVe.
4268
And[tSm!t_BusFnd_peoplki9G<g\li>=^nRY1saSl>\aribeO,9c=cet\2h%OheEhUghSs?JOf>the5sterikeNshysjra@5re_NiiT_2pal6s:nf di]sAZsdaAYtWnRc\he9Wla`s DrpDts oY K_YdYZeg=:RnVe.
4269
And[tSm!t_BusFnd_peoplki9G<g\li>=^nRY1saSl>\aribeO,9c=cet\2h%OheEhUghSs?JOf>the5sterikeNshysjra@5re_NiiT_2pal6s:nf di]sAZsdaAYtWnRc\he9Wla`s DrpDts oY K_YdYZeg=:RnVe.
4270
And[tSm!t_BusFnd_peoplki9G<g\li>=^nRY1saSl>\aribeO,9c=cet\2h%OheEhUghSs?JOf>the5sterikeNshysjra@5re_NiiT_2pal6s:nf di]sAZsdaAYtWnRc\he9Wla`s DrpDts oY K_YdYZeg=:RnVe.
4271
And[tSm!t_BusFnd_peoplki9G<g\li>=^nRY1saSl>\aribeO,9c=cet\2h%PheEhUghSs?JOf>the5sterikeNshysjra@5re_NiiT_2pal6s:nf di]sAZsdaAYtWnRc\he9Wla`s DrpDts oY K_YdYZeg=:RnVe.
4272
And[tSm!t_BusFnd_peoplki9G<g\li>=^nRY1saSl>\aribeO,9c=cet\2h%PheEhUghSs?JOf>the5sterikeNshysjra@5re_NiiT_2pal6s:nf di]sAZsdaAYtWnRc\he9Wla`s DrpDts oY K_YdYZeg=:RnVe.
4273
And[tSm!t_BusFnd_peoplki9G<g\li>=^nRY1saSl>\aribeO,9c=cet\2h%PheEhUghSs?JOf>the5sterikeNshysjra@5re_NiiT_2pal6s:nf di]sAZsdaAYtWnRc\he9Wla`s DrpDts oY K_YdYZeg=:RnVe.
4274
And\tRn!t`BusFnd_peoplmi:H=f[li@>^nRY3s_Rl?\brhbeN,9c<bdt[2g%OheEhUghSsAGOf>the6sterjkeLsjysjraA4re_LiiS_3pal7s:nf dg\rAZsdaBXtToRb\he9Ula`s FrpFts oZ LaYe[Yeg=;RnVe.
4275
And[tSm!t_BusFnd_peoplki9G<g\li>=^nRY1saSl>\aribeO,9c=cet\2h%PheEhUghSs?JOf>the5sterileNshysjra@5re_NiiT_2pal6s:nf di]sAZsdaAYtWnRc\he9Wla`s DrpDts oY K_ZdYZeg=:RnVe.
4276
And[tSm!t_BusFnd_peoplki9G<g\li>=^nRY1saSl>\aribeO,9c=cet\2h%PheEhUghSs?JOf>the5sterileNshysjra@5re_NiiT_2pal6s:nf di]sAZsdaAYtWnRc\he9Wla`s DrpDts oY K_ZdYZeg=:RnVe.
4277
And\tRm t`CusGnd_peoplli:H=f\li?>^nSY3s_Rm?\bribeN,8c;betZ2h$PheDhVghRrAHOg>the7sterjkeMsjysjraA4re_NjiS`2pak6s;mf dg\rAYsdaCXtWnR`\he9Vlabs ErpEts oZ LaYd[Zeg=:RoVe.
4278
And[tSm!t_BusFnd_peoplki9G<g\li>=_nRY1saSl>\aribeO,9c=cet\2h%PheEhUghSs?JOf>the5sterileNshysjra@5re_NiiT_2pal6s:nf di]sAZsdaAYtWnRc\he9Wla`s DrpDts oY K_ZdYZeg=:RnVe.
4279
And[tSm!t_BusFnd_peoplki9G<g\li>=_nRY1saSl>\aribeO,9c=cet\2h%PheEhUghSs?JOf>the5sterileNshysjra@5re_NiiT_2pal6s:nf di]sAZsdaAYtWnRc\he9Wla`s DrpDts oY K_ZdYZeg=:RnVe.
4280
And\tSm t`CusGnd_peoplli:H=f\li?>^nSY3s_Rm>\cribeN,8c;bet[2h$PheDhVghRr@HOg>the7sterjkeMsjysjraA4re_NjiSa3pak6s;mf dg\r@ZsdaCXtWnRa\he9Vlabs ErpEts oZ LaYd[Zeg>:RoVe.
4281
And\tSm t`CusGnd_peoplli:I=f\li?>^nSY3s_Rm>\cribeN,8c;bet[2h$PheDhVghRr@HOg>the7sterjkeMsjysjraA4re_NjiSa3pak6s;mf dg\r@ZsdaCXtWnRa\he9Vlabs ErpEts oZ LaYd[Zeg>:RoVe.
4282
And\tSm t`CusGnd_peoplli:I=f\li?>^nSY3s_Rm>\cribeN,8c;bet[2h$PheDhVghRr@HOg>the7sterjkeMsjysjraA4re_NjiSa3pak6s;mf dg\r@ZsdaCXtWnRa\he9Vlabs ErpEts oZ LaYd[Zeg>:RoVe.
4283
And\tSm t`CusGnd_peoplli:I=f\li?>^nSY3s_Rm>\cribeN,8c;bet[2h$PheDhVghRr@HOg>the7sterjkeMsjysjraA4re_NjiSa3pak6s;mf dg\r@ZsdaCXtWnRa\he9Vlabs ErpEts oZ LaYd[Zeg>:RoVe.
4284
And[tSn!u_BusFnd_peoplki9G<g\li>=^nRY1saSl>\aribeO,9c=cet]2g%PheEhUghSs?JOf>the5sterileNshysira@5re_NiiT_2pal5s:nf di]sAZsdaAZtWnRc\he9Wla`s DrpDts oZ K_ZdYZeg>:RnVe.
4285
And[tSn!u_BusFnd_peoplki9G<g\li>=^nRY1saSl>\aribeO,9c=cet]2g%PheEhUghSs?JOf>the5sterileNshysira@5re_NiiT_2pal5s:nf di]sAZsdaAZtWnRc\he9Wla`s DrpDts oZ K_ZdYZeg>:RnVe.
4286
And\tSm t`CusGnd_peoplli:H<f\lj?>_nSY3s_Rm>\cribeN,8c;bet[2h$PheDhVghSr@HOg>the6sterjkeMsjysjraA4re_NjiSa3pak6s;mf dg\r@ZsdaCXtWnRa\he9Vlabs ErpEts oZ LaYd[Zeg>:RoVe.
4287
And\tSm t`CusGnd_peoplli:H<f\lj?>_nSY3s_Rm>\cribeN,8c;bet[2h$PheDhVghSr@HOg>the6sterjkeMsjysjraA4re_NjiSa3pak6s;mf dg\r@ZsdaCXtWnRa\he9Vlabs ErpEts oZ LaYd[Zeg>:RoVe.
4288
And\tSm t`CusGnd_peoplli:H<f\lj?>_nSY3s_Rm>\cribeN,8c;bet[2h$PheDhVghSr@HOg>the6sterjkeMsjysjraA4re_NjiSa3pak6s;mf dh\r@ZsdaCXtWnRa\he9Vlabs ErpEts oZ LaYd[Zeg>:RoVe.
4289
And\tSm t`CusGnd_peoplli:H<f\lj?>_nSY3s_Rm>\cribeN,8c;bet[2h$PheDhVghSr@HOg>the6sterjkeMsjysjraA4re_NjiSa3pak6s;mf dh\r@ZsdaCXtWnRa\he9Vlabs ErpEts oZ LaYd[Zeg>:RoVe.
4290
And\tSm t`CusGnd_peoplli:H<f\lj?>_nSY3s_Rm>\cribeN,8c;bet[2h$PheDhVghSr@HOg>the6sterjkeMsjysjraA4re_NjiSa3pak6s;mf dh\r@ZsdaCXtWnRa\he9Vlabs ErpEts oZ LaYd[Zeg>:RoVe.
4291
And[tSm t`CusHnd_peoplmi:H<f\lj?>^nSY3s_Rm>\cribeN+8c;bet[2h$PheDhVghSr@HOf>the7sterjkeMsjysjraA4re_NjiSa3pak6s;mf dg\r@ZsdaCXtWnRa\he9Vlabs ErpEts o[ LaYd[Zeg>:RoVe.
4292
And\tTm t`CusGnd_peoplli:H=f\lj?>^nSY3s_Rm>\cribeN,8c;bet[2h$PheDhVghRr@HOg>the7sterjkeMsjysjraB5re_NjiSa3pak6s:mf dg\r@ZsdaCXtYnR`\he9Vlabs ErpEts oZ LaYd[Zeg>:RoVe.
4293
And\tTm t`CusGnd_peoplli:H=f\lj?>^nSY3s_Rm>\cribeN,8c;bet[2h$PheDhVghRr@HOg>the7sterjkeMsjysjraB5re_NjiSa3pak6s:mf dg\r@ZsdaCXtYnR`\he9Vlabs ErpEts oZ LaYd[Zeg>:RoVe.
4294
And[tSm t`CusHnd_peoplni:H<f\lj?>^nSZ3s_Rm>\cribeN+8c;bet[2h$PheDhVghSr@HOf>the7sterjkeMsjysjraA4re_NjiSa3pak6s;mf dg\r@ZsdaCXtWnRa\he9Vlabs ErpEts o[ LaYd[Zeg>:RoVe.
4295
And[tSm t`CusHnd_peoplni:H<f\lj?>^nSZ3s_Rm>\cribeN+8c;bet[2h$PheDhVghSr@HOf>the7sterjkeMsjysjraA4re_NjiSa3pak6s;mf dg\r@ZsdaCXtWnRa\he9Vlabs ErpEts o[ LaYd[Zeg>:RoVe.
4296
And[tSm t`CusHnd_peoplni:H<f\lj?>^nSZ3s_Rm>\cribeN+8c;bet[2h$PheDhVghSr@HOf>the7sterjkeMsjysjraA4re_NjiSa3pak6s;mf dh\r@ZsdaCXtWnRa\he9Vlabs ErpEts o[ LaYd[Zeg>:RoVe.
4297
And[tSm t`CusHnd_peoplni:H<f\lj?>^nSZ3s_Rm>\cribeN+8c;bet[2h$PheDhVghSr@HOf>the7sterjkeMsjysjraA4re_NjiSa3pak6s;mf dh\r@ZsdaCXtWnRa\he9Vlabs ErpEts o[ LaYd[Zeg>:RoVe.
4298
And[tSm t`CusHnd_peoplni:H<f]lj?>^nSZ3s_Rm>\cribeN+7c;bet[2h$PheDhVghSr@HOf>the7sterjkeMsjysjraA4re_NjiSa3pak6s;mf dg\r@ZsdaCXtWnRa\he9Vlabs ErpEts o[ LaYd[Zeg>:RoVe.
4299
And[tSm t`CusHnd_peoplni:H<f]lj?>^nSZ3s_Rm>\cribeN+7c;bet\2h$PheDhVghSr@HOf>the7sterjkeMsjysjraA4re_NjiSa3pak6s;mf dg\r@ZsdaCXtWnRa\he9Vlabs ErpEts o[ LaYd[Zeg>:RoVe.
4300
And[tSm t`CusHnd_peoplni:H<f\lj?>^nSZ3s_Rm>\cribeN+8c;bet[2h$PheDhVghSr@HOf>the7sterjkeMsjysjraA4re_NjiTa3pak6s;mf dh\r@ZsdaCYtWnRa\he9Vlabs ErpFts o[ LaYd[Zeg>:RoVe.
4301
And[tSm t`CusHnd_peoplni9H<f\lj?>^nSZ3s_Rm>\cribeN+8c;bet[2h$PheDhVghSr@HOf>the7sterjkeMsjysjraA4re_NjiTa3pak6s;mf dh\r@ZsdaCYtWnRa\he9Vlabs ErpFts o[ LaYd[Zeg>:RoVe.
4302
And[tSm t`CusHnd_peoplni9H<f\lj?>^nSZ3s_Rm>\cribeN+8c;bet[2h$PheDhVghSr@HOf>the7sterjkeMsjysjraA4re_NjiTa3pak6s;mf dh\r@ZsdaCYtWnRa\he9Vlabs ErpFts o[ LaYd[Zeg>:RoVe.
4303
And[tSm t`CusHnd_peoplni:H<f]lj?>^nSZ3s_Rm>\cribeN+7c;bet\2h$PheDhVghSr@HOf>the7sterjkeMsjysjraA4re_NjiSa3pak6s:mf dg\r@ZsdaCXtWnRa\he9Wlabs DrpEts o[ LaYd[Zeg>:RoVe.
4304
And\tSm taCusGnd^peoplli:I<f\lj?>_nTY3s_Rm>\cribeN,7c;des[2h$PheDhWghSr@HOg>the6steqjkeMsjysjraA5re_NjiSa3p`k6s;mf dh\s@ZsdaCXtWnRa\he9Vlabs ErpEts oZ LbYd[Zeg>:RoVe.
4305
And\tTm t`CusGnd_peoplli:H=f\lk@>^nSY3s_Rm>[cribeO,8c;bet[2h$PheDhVghRr@HOg=the7sterjkfMsjysjraB5re_NjiSa3pak6s9nf dg\r@ZsdaCXtYnR`\he9Vlabs FroEts oZ LaYe[Zeg>:RoVe.
4306
And\tTm t`CusGnd_peoplli:H=f\lk@>^nSY3s_Rm>[cribeO,8c;bet[2h$PheDhVghRr@HOg=the7sterjkfMsjysjraB5re_NjiSa3pak6s9nf dg\r@ZsdaCXtYnR`\he9Vlabs FroEts oZ LaYe[Zeg>:RoVe.
4307
And\tTm t`CusGnd_peoplli:H=f\lk@>^nSY3s_Rm>[cribeO,8c;cet[2h$PheDhVghRr@HOg=the7sterjkfMsjysjraB5re_NjiSa3pak6s9nf dg\r@ZsdaCXtYnR`\he9Vlabs FroEts oZ LaYe[Zeg>:RoVe.
4308
And\tTm t`CusGnd_peoplli:H=f\lk@>^nSY3s_Rm>[cribeO,8c;cet[2h$PheDhWghRr@HOg=the7sterjkfMsjysjraB5re_NjiSa3pak6s9nf dg\r@ZsdaCXtYnR`\he9Vlabs FroEts oZ LaYe[Zeg>:RoVe.
4309
And\tTm t`CusGnd_peoplli:H=f\lk@>^nSY3s_Rm>[cribeO,8c;cet[2h$PheDhWghRr@HOg=the7sterjkfMsjysjraB5re_NjiSa3pak6s9nf dg\r@ZsdaCXtYnR`\he9Vlabs FroEts oZ LaYe[Zeg>:RoVe.
4310
And\tTm t`CusGnd_peoplli:H=f\lk@>^nSY3s_Rm>[cribeO,8c;cet[2h$PheDhWghRr@HOg=the7sterjkfMsjysjraB5re_NjiSa3pak6s9nf dg\r@ZsdaCXtYnR`\he9Vlabs FroEts oZ LaYe[Zeg>:RoVe.
4311
And\tSn taCusHnd^peoplli;H<f\lj?>`nSY3s`Sm?\cribeN,8c<bet[2h$PheDhVghSr@GOg>the6sterjkeMsjysjraA4re^NjiSa3pak6s;mf dh\r@YsdaCXtWnRa\he9Vlabs ErpEts oZ LaYd[Yeg>:RpWe.
4312
And\tTm t`CusGnd_peoplli:I=f\lk@>^nSY3s_Rm>[cribeO,8c;cet[2h$PheDhWghRr@HOg=the7sterjkfMsjysjraB5re_NjiSa3pak6s9nf dg\r?ZsdaCXtYnR`\he9Vlabs FroEts oZ LaYe[Zeg>:RoVf.
4313
And\tTm t`CusGnd_peoplli:I=f\lk@>^nSY3s_Rm>[cribeO,8c;cet[2h$PheDhWghRr@HOg=the7sterjkfMsjysjraB5re_NjiSa3pak6s9nf dg]r?ZsdaCXtYnR`\he9Vlabs FroEts oZ LaYe[Zeg>:RoVf.
4314
And\tTm t`CusGnd_peoplli:I=f\lk@>^nSY3s_Rm>[cribeO,8c;cet[2h$PheDhWghRr@HOg=the7sterjkfMsjysjraB5re_NjiSa3pak6s9nf dg]r?ZsdaCXtYnR`\he9Vlabs FroEts oZ LaYe[Zeg>:RoVf.
4315
And\tTm t`CusGnd_peoplli:I=f\lk@>^nSY3s_Rm>[cribeO,8c;cet[2h$PheDhWghRr@HOg=the7sterjkfMsjysjraB5re_NjiSa3pak6s9nf dg]r?ZsdaCXtYnR`\he9Vlabs FroEts oZ LaYe[Zeg>:RoVf.
4316
And\tSm taCusHnd^peoplli;H<f\lj?>`nSY3s`Sm?\cribeN,7c<bet[2h$PheDhVghSr@GOg>the6sterikeMsjysjraA4re^NjiSb3pak6s;mf dh\r@YsdaCXtWnRa\he9Vlabs ErpEus oZ LaYd[Yeg>;RpWe.
4317
And\tSm taCusHnd^peoplli;H<f\lj?>`nSY3s`Sm?\cribeN,7c<bet[2h$PheDhVghSr@GOg>the6sterikeMsjysjraA4re^NjiSb3pak6s;mf dh\r@YsdaCXtWnRa\he9Vlabs ErpEus oZ LaYd[Yeg>;RpWe.
4318
And[tSn t`CusHnd_peoplni:H<f^lj?>^nSZ3s_Rm>ZcribeN+7c;bet\2h$PheDhVghSr@HPf>the7sserjkeMsjysjraA4re_NjiSa3paj6s9mf dg\r@[sdaCXtXnRa\he9Vlabs DrpEts o[ LaYd[Zeg>:RnVe.
4319
And[tSn t`DusHnd_peoplni:H<f^lj?>^nSZ3s_Rm>ZcribeN+7c;bet\2h$PheDhVghSr@HPf>the7sserjkeMsjysjraA4re_NjiSa3paj6s9mf dg\r@[sdaCXtXnRa\he9Vlabs DrpEts o[ LaYd[Zeg>:RnVe.
4320
And[tSn t`DusHnd_peoplni:H<f^lj?>^nSZ3s_Rm>ZcribeN+7c;bet\2h$PheDhVghSr@HPf>the7sserjkeMsjysjraA4re_NjiSa3paj6s9mf dg\r@[sdaCXtXnRa]he9Vlabs DrpEts o[ LaYd[Zeg>:RnVe.
4321
And[tSn t`DusHnd_peoplni:H<f^lj?>^nSZ3s_Rm>ZcribeN+7c;bet\2h$PheDhVghSr@HPf>the7sserjkeMsjysjraA4re_NjiSa3paj6s9mf dg\r@[sdaCXtXnRa]he9Vlabs DrpEts o[ LaYd[Zeg>:RnVe.
4322
And[tSn t`DusHnd_peoplni:H<f^lj?>^nSZ3s_Rm>ZcriaeN+7c;bet\2h$PheDhVghSr@HPf>the7sserjkeMsjysjraB4re_NjiSa3paj6s9mf dg\r@[sdaCXtXnRa]he9Vlabs DrpEts o[ LaYd[Zeg>:RnVe.
4323
And\tSm taCusGnd^peoplli:I;f\lj?>_nTY3s_Rl>\cribeN,7c;des\2h$PhdDhWghTr@GOg>the5steqjkeMsjysjraA5re_NkiSa3p`k6s;mf dh\s?ZsdaCXtWnRa\he9Vlabs ErpEts o[ LcYdZZeg?:RoVe.
4324
And[tSn t`DusHnd_peoplni:H<f^lj?>^nSZ3s_Rm>ZcribeN+7c;bet\2h$PheDhVghSr@HPf>the7sserjleMsjysjraA4re_NjiSa3paj6s9mf dg\r@[sdaCXtYnRa]he8Vlabs DrpEts o[ LaYd[Zeg>:RnVe.
4325
And[tSn t`DusHnd_peoplni:H<f^lj?>^nSZ3s_Rm>ZcribeN+7c;bet\2h$PheDhVghSr@HPf>the7sserjleMsjysjraA4re_NjiSa3paj6s9mf dg\r@[sdaCXtYnRa]he8Vlabs DrpEts o\ LaYd[Zeg>:RnVe.
4326
And[tSn t`DusHnd_peoplni:H<f^lj?>^nSZ3s_Rm>ZcribeN+7c;bet\2h$PheDhVghSr@HPf>the7sserjleMsjysjraA4re_NjiSa3paj6s9mf dg\r@[sdaCXtYnRa]he8Vlabs DrpEts o\ LaYd[Zeg>:RnVe.
4327
And\tSm taCusGnd^peoplli:I;f\lj@>_nTY3s_Rl>\cribeN,7c;des\2h$PhdDhWghTr@GOg>the5steqjkeMsjysjraA5re_NkiSa3p`k6s;mf dh\s?ZseaCXtWnRa\he9Vlabs ErpEts o[ LcZdZZeg?:RoVe.
4328
And\tSm taCusGnd^peoplli:I;f\lj@>_nTY3s_Rl>\cribeN,7c;des\2h$PhdDhXghTr@GOg>the5steqjkeMskysjraA5re_NkiSa3p`k6s;mf dh\s?ZseaCXtWnRa\he9Vlabs ErpEts o[ LcZdZZeg?:RoVe.
4329
And\tSm taCusGnd^peoplli:I;f\lj@>_nTY3s_Rl>\cribeN,7c;des\2h$PhdDhXghTr@GOg>the5steqjkeMskysjraA5re_NkiSa3p`k6s;mf dh\s?ZseaCXtWnRa\he9Vlabs ErpEts o[ LcZdZZeg?:RoVe.
4330
And\tSm taCusGnd^peoplli:I;f\lj@>_nTY3s_Rl>\cribeN,7c;des\2h$PhdChXghTr@GOg>the5steqjkeMskysjraA5re_NkiSa3p`k6s;mf dh\s?ZseaCXtWnRa\he9Vlabs ErpEts o[ LcZdZZeg?:RoVe.
4331
And\tSm taCusGnd^peoplli:I;f\lj@>_nTY3s_Rl>\cribeN,7c;des\2h$PhdChXghTr@GOg>the5steqjkeMskysjraA5re_NkiSa3p`k6s;mf dh\s?ZseaCXtWnRa\he9Vlabs ErpEts o[ LcZdZZeg?:RoVe.
4332
And\tSm taCusGnd^peoplli:I;f\lj@>_nTY3s_Rl>\cribeN,7c;des\2h$PhdChXghTr@GOg>the5steqjkeMskysjraA5re_NkiSa3p`k6s;mf dh\s?ZseaCXtXnRa\he9Vlabs ErpEts o[ LcZdZZeg?:RoVe.
4333
And\tSm taCusGnd^peoplli:I;f\lj@>_nTY3s_Rl>\cribeN,7c;des\2h$PhdChXghTr@GOg>the5steqjkeMskysjraA5re_NkiSa3p`k6s;mf dh\s?ZseaCXtXnRa\he9Vlabs ErpEts o[ LcZdZZeg?:RoVe.
4334
And\tSm taCusGnd^peoplli:I;f\lj@>_nTY3s_Rl>\cribeN,7c;des\2h$PhdChXghTr@GOg>the5steqjkeMskysjraB5re_NkiSa3p`k6s;mf dh\s?ZseaCXtXnRa\he9Vlabs ErpFts o[ LcZdZZeg?:RoVe.
4335
And\tSm taCusGnd^peoplli:I;f\lj@>_nTY3s_Rl>\cribeN,7c;des\2h$PhdChXghTr@GOg>the5steqjkeMskysjraB5re_NkiSa3p`k6s;mf dh\s?ZseaCXtXnRa\he9Vlabs ErpFts o[ LcZdZZeg?:RoVe.
4336
And\tSm taCusGnd^peoplli:I;f\lj@>_nTY3s`Rl>\cribeN,7c;des\2h$PhdChXghTr@GOg>the5steqjkeMskysjraB5re_NkiSa3p`k6s;mf dh\s?ZseaCXtXnRa\he9Vlabs ErpFts o[ LcZdZZeg?:RoVe.
4337
And\tSm taCusGnd^peoplli:I;f\lj@>_nTY3s`Rl>\cribeN,7c;des]2h$PhdChXghTr@GOg>the5steqjkeMskysjraB5re_NkiSa3p`k6s;mf dh\s?ZseaCXtXnRa\he9Vlabs ErpFts o[ LcZdZZeg?:RoVe.
4338
And\tSm taCusGnd^peoplli:I;f\lj@>_nTY3s`Rl>\cribeN,7c;des]2h$PhdChXghTr@GPg>the5steqjkeMskysjraB5re_NkiSa3p`k6s;mf dh\s?ZseaCXtXnRa\he9Vlabs ErpFts o[ LcZdZZeg?:RoVe.
4339
And\tSm taCusGnd^peoplki:I;f\lj@>_nTY3s`Rl>\cribeN,7c;des]2h$PhdChXghTr@GPg>the5steqjkeMskysjraB5re_NkiSa3p`k6s;mf dh\s?ZseaCXtXnRa\he9Vlabs ErpFts o[ LcZdZZeg?:RoVe.
4340
And\tSm taCusGnd^peoplli:I;f\lj@>_nTY3s`Rl>\cribeN,7c;des]2h$PhdChXghTr@GPg>the5steqjkeMskysjraB5re_NkiSa3p`k6s;mf dh\s?ZseaCXtXnRa\he9Vlabs ErpFts o[ LcZdZZeg>:RoVe.
4341
And\tSm taCusHnd^peoplli:I;f\lj@>_nTY3s`Rl>\cribeN,7c;des]2h$PhdChXghTr@GOg>the5steqjkeMskysjraB5re_NkiSa3p`k6s;mf dh\s?ZseaCXtXnRa\he9Vlabs ErpFts o[ LcZdZZeg?:RoVe.
4342
And\tSm taCusGnd^peoplki:I;f]lj@>`nTY3s`Rl>\cribeN,7c;des]2h$PhdChXghTq@GPg>the5steqjkeLskysjraB5re_NkiSa3p`k6s;mf dh\s?ZseaCXtXnRa\he9Vlabs ErpFts o[ LcZdZZeg?:RoVe.
4343
And\tSm taCusGnd^peoplki:I;f]lj@>`nTY3s`Rl>\cribeN,7c;des]2h$PhdChXghTq@GPg>the5steqjkeLskysjraB5re_NkiSa3p`k6s;mf dh\s?ZseaCXtXnRa\he9Vlabs ErpFts o[ LcZdZZeg?:RoVe.
4344
And\tSm taCusGnd^peoplki:I;f]lj@>`nTY3s`Rl>\cribeN,7c;des]2h$PhdChXghTq@GPg>the5steqjkeLskysjraB5re_NkiSa3p`k6s;mf dh\s?ZseaCXtXnRa\he9Vlabs ErpFts o[ LcZdZZeg?:RoVe.
4345
And\tSm taCusGnd^peoplki:I;f]lj@>`nTY3s`Rl>\cribeN,7c;des]2h$PhdChXghTq@GPg>the5steqjkeLskysjraB5re_NkiSa3p`k6s;mf dh\s?ZseaCXtXnRa\he9Vlabs ErpFts o[ LcZeZZeg?:RoVe.
4346
And\tSm taCusGnd^peoplki:I;f]lj@>`nTY3s`Rl>\cribeN,7c;des]2h$PhdChXghTq@GPg>the5steqjkeLskysjraB5re_NkiSa3p`k6s;mf dh\s?ZseaCXtXnRa\he9Vlabs ErpFts o[ LcZeZZeg?:RoVe.
4347
Ane\tTm taCusGnd^peoplki:I;f]lj@>`nTY3s`Sl>\cribeN,7c;des]2h$PhdChXghTq@GPg>the5sueqjkeLskysjraB5re_NkiSa3p`k7s;mf dh\s?ZseaCXtXnRa\he9Vlabs ErpFts o\ LcZdZZeg@:RoVe.
4348
Ane\tTm taCusGnd^peoplki:I;f]lj@>`nTY3s`Sl>\cribeN,7c;des]2h$PhdChXghTq@GPg>the5sueqjkeLskysjraB5re_NkiSa3p`k7s;mf dh\s?ZseaCXtXnRa\he9Vlabs ErpFts o\ LcZdZZeg@:RoVe.
4349
Ane\tTm taCusGnd^peoplki:I;f]lj@>`nTY3s`Sl>\cribeN,7c;des]2h$PhdChXghTq@GPg>the5sueqjkeLskysjraB5re_NkiSa3p`k7s;mf dh\s?ZseaCXtXnRa\he9Vlabs ErpFts o\ LcZdZZeg@:RoVe.
4350
Ane\tTm taCusGnd^peoplki:I;f]lj@>`nTY3s`Sl>\cribeN,7c;des]2h$PhdChXghTq@GPg>the5sueqjkeLskysjraB5re_NkiSa3p`k7s;mf dh\s?ZseaCXtXnRa\he9Vlabs ErpFts o\ LcZdZZeg@:RoVe.
4351
Ane\tTm taCusGnd^peoplki:I;g]lj@>`nTY3s`Sl>\cribeN,7c;des]2h$PhdChXghTq@GPg>the5sueqjkeLskysjraB5re_NkiSa3p`k7s;mf dh\s?ZseaCXtXnRa\he9Vlabs ErpFts o\ LcZdZZeg@:RoVe.
4352
Ane\tTm taCusGnd^peoplki:I;g]lj@>`nTY3s`Sl>\cribeN,7c;des]3h$PhdChXghTq@GPg>the5sueqjkeLskysjraB5re_NkiSa3p`k7s;mf dh\s?ZseaCXtXnRa\he9Vlabs ErpFts o\ LcZdZZeg@:RoVe.
4353
Ane\tTm taCusGnd^peoplki:I;g]lj@>`nTY3s`Sl>\cribeN,7c;des]3h$PhdChXghTq@GPg>the5sueqjkeLskysjraB5re_NkiSa3p`k7s;mf dh\s?ZseaCXtXnRa\he9Vlabs ErpFts o\ LcZdZZeg@:RoVe.
4354
Ane\tTm taCusGnd^peoplki:I;g]lj@>`nTY3s`Sl>\cribeN,7c;des]2h$PhdChXghTq@GPg>the5sueqjkeLskysjraB5re_NliSb3p`k7s;mf dh\s?ZseaCXtXnRa\he9Vlabs ErpFts o\ LcZdZZeg@:RoVe.
4355
Ane\tTm taCusGnd^peoplki:I;g]lj@>`nTY3s`Sl>\cribeN,7c;des]2h$PhdChXghTq@GPg>the5sueqjkeLskysjraB5re_NliSb3p`k7s;mf dh\s?ZseaCXtXnRa\he9Vlabs ErpFts o\ LcZdZZeg@:RoVe.
4356
Ane\tTm taCusGnd^peoplki:I;g]lj@>`nTY3s`Sl>\cribeN,7c;des]2h$PhdChXghTq@GPg>the5sueqjkeLskysjraB5re_NliSb3p`k7s;mf dh\s?ZseaCXtXnRa\he9Vlabs ErpFts o\ LcZdZZeg@:RoVe.
4357
Ane\tTm taCusGnd^peoplki:I;g]lj@>`nTY3s`Sl>\cribeN,7c;des]2h$PhdChXghTq@GPg>the5sueqjkeLskysjraB5re_NliSb3p`k7s;mf dh\s?ZseaCXtXnRa\he9Vlabs ErpFts o\ LcZdZZeg@:RoVe.
4358
Ane\tTm taCusGnd^peoplki:I;g]lj@>`nTY3s`Sl>\cribeN,6c;des]2h$PhdChXghTq@GPg>the5sueqjkeLskysjraB5re_NliSb2p`k7s;mf dh\s?ZseaCXtXnRa\he9Vlabs ErpFus o\ LcZdZZeg@:RoVe.
4359
Ane\tTm taCusGnd^peoplki:I;h]lj@>`nTY3s`Sl>\cribeN,6c;des]2h$PhdChXghTq@GPg>the5sueqjkeLskysjraB5re_NliSb2p`k7s;mf dh\s?ZseaCXtXnRa\he9Vlabs ErpFus o\ LcZdZZeg@:RoVe.
4360
Ane\tTm taCusGnd^peoplki:I;g]lj@>`nTY3s`Sl>\cribeN,7c;des^2h$PhdChXghTq@GPg=the5sueqjkeLskysjraB5re_NliSb2p`k7s;mf dh\s?ZseaCXtXnSa\he9Vlabs ErpFus o\ LcZdZZeg@:RoVe.
4361
Ane\tTm taCusGnd^peoplki:I;g]lj@>`nTY3s`Sl>\cribeN,7c;des^2h$PhdChXghTq@GPg=tge5sueqjkeLskysjraB5re_NliSb2p`k7s;mf dh\s?ZseaCXtXnSa\he9Vlabs ErpFus o\ LcZdZZeg@:RoVe.
4362
Ane\tTm taCusGnd^peoplki:I;g]lj@>`nTY3s`Sl>\cribeN,7c;des^2h$PhdChXghTq@GPg=the5sueqjkeLskysjraB5re_NliSb2p`k7s;mf dh\s?[seaCXtXnRa\he9Vlabs ErpFus o\ LcZdZZeg@:RoVe.
4363
Ane\tTm taCusGnd^peoplli:I:f]lj@>`nTY3s`Sl>\cribeN,7c;ees]2h$PhdChXghTrAGPg>the5sueqjkeLskysjraB5re_NkiSa3p`k7s;mf di\s?ZteaCXtXnRa\he9Vlabs ErpFts o\ LcZdZZef@:RoVe.
4364
Ane\tTm taCusGnd^peoplki:I;g]lj@>`nTY3s`Sl>\cribeO,7c;des^2h$PhdChXghTq@GPg=the5sueqjkeLskysjraB5re_NliSb2p`k7s;mf dh\s?[seaCXtXnRa\he9Vlabs ErpFus o\ LcZdZZeg@:RoVe.
4365
Ane\uTm taCusGnd^peoplki:I;g]lj@>anTY3s`Sl>\cribeN,7c;des^2h$PhdChXghTq@GPg=tge5sueqjkeLskysjraB5re^NliSb2p`k7s:mf dh\s?ZseaCXtXnSa\he9Vlabs ErpFus o] LcZdZZeg@:RoVe.
4366
Ane\uTm taCusGnd^peoplki:I;g]lj@>anTY3s`Sl>\cribeN,7c;des^2h$PhdChXghTq@GPg=tge5sueqjkeLskysjraB5re^NliSb2p`k7s:mf dh\s?ZseaCXtXnSa\he9Vlabs ErpFus o] Lc[dZZeg@:RoVe.
4367
Ane\uTm taCusGnd^peoplki:I;g]lj@>anTY3s`Sl>\cribeN,7c;des^2h$PhdChXghTq@GPg=tge5sueqjkeLskysjraB5re^NliSb2p`k7s:mf dh\s?ZseaCXtXnSa\he9Vlabs ErpFus o] Lc[dZZeg@:RoVe.
4368
Ane\tTm taCusHnd^peoplki:I;g]lj@>`nTY3s`Sl>\dribeN,7c;des^2h$PheChXghTr@EPg>the5sueqjkeLskysiraB5se_NkiTa3p`k7s;mf dh\s?ZseaCXtXnRa\he9Vlabs FrpFts o\ LcZdZZeg@:RoVe.
4369
Ane\tTm taCusHnd^peoplki9I;f]lj@>`nTY3s`Sl>\dribeN,6c;des^2h$PhdChXghTr@FPg>the5suerjkeLskysiraC5se_NkiSa3p`k8s;mf dh\s?[seaCXtXnRa\he8Vlabs ErpFts o\ LcZdZZeg@:RoVe.
4370
Ane\tTm taCusHnd^peoplki9I;f]lj@>`nTY3s`Sl>\dribeN,6c;des^2h$PhdChXghTr@FPg>the5suerjkeLskysiraC5se_NkiSa3p`k8s;mf dh\s?[seaCXtXnRa\he8Vlabs ErpFts o\ LcZdZZeg@:RoVe.
4371
Ane\tTm taCusHnd^peoplki:I;g]lj@>anTY3s`Sl>\dribeN,7c;des^2h$PheChXghTr@EPg>the5sueqjkeLskysiraB5se_NkiTa3p`k7s;mf dh\s?ZseaCXtXnRa\he9Vlabs FrpFts o\ LcZdZZeg@:RoVe.
4372
Ane\tTm taCusHnd^peoplki:I;g]lj@>anTY3s`Sl>\dribeN,7c;des^2h$PheChXghTr@EPg>the5sueqjkeLskysiraB5se_NkiTa3p`k7s;mf dh\s?ZseaCXtXnRa\he9Vlabs FrpFts o\ LcZdZZeg@:RoVe.
4373
Ane\tTm taCusHnd^peoplki9I;f]lj@>`nTY3s`Sl>\dribeN,6c;des^2h$PhdChXghTr@FPg>the5suerjkeLskysiraC5se_NkiSa3p`k8s;mf dh\s?\seaCXtXnRa\he8Vlabs ErpFts o\ LdZdZZef@:RoVe.
4374
Ane\tTm taCusHnd^peoplki9I;f]lj@>`nTY3s`Sl>\dribeN,6c;des^2h$PhdChXghTr@FPg>the5suerjkeLskysiraC5se_NkiSa3p`k8s;mf dh\s?\seaCXtXnRa\he8Vlabs ErpFts o\ LdZdZZef@:RoVe.
4375
Ane\tTm taCusGnd^peoplli:I;g]lj@>`nTY2s`Sl>\cribeO,8c;des^2h$PhdBhXghTq@GPg=the5sueqikeLskysjraB5re_MliTc2pak7s;mf dh\s?[seaCXtXnRa\he8Vlabs ErpFus o\ LcZdZZeg@:RoVe.
4376
Ane\tTm taCusGnd^peoplli:I;g]lj@>`nTY2s`Sl>\cribeO,8c;des^2h$PhdBhXghTq@GPg=the5sueqikeLskysjraB5re_MliTc2pak7s;mf dh\s?[seaCXtXnRa\he8Vlabs ErpFus o\ LcZdZZeg@:RoVe.
4377
Ane\tTm taCusGnd^peoplli:I;g]lj@>`nTY2s`Sl>\cribeO,8c;des^2h$PhdBhXghTq@GPg=the5sueqikeLskysjraB5re_MliTc2pak7s;mf dh\s?[seaCXtXnRa\he8Vlabs ErpFus o\ LcZdZZeg@:RoVe.
4378
Ane\tTm taCusGnd^peoplli:I;g]lj@=`nTY2s`Sl>\cribeO,8c;des^2h$PhdBhXghTq@GPg=the5sueqikeLskysjraB5re_MliTc2pak7s;mf dh\s?[seaCXtXnRa\he8Vlabs ErpFus o\ LcZdZZeg@:RoVe.
4379
Ane\tTm taCusGnd^peoplli:I;g]lj@=`nTY2s`Sl>\cribeO,8c;des^2h$PhdBhXghTq@GPg=the5sueqikeLskysjraB5re_MliTc2pak7s;mf dh\s?[seaCXtXnRa\he8Vlabs ErpFus o\ LcZdZZeg@:RoVe.
4380
Ane\tTm taCusGnd^peoplli:I;g]lj@=`nTY2s`Sl>\cribeO,8c;des^2h$PhdBhXghTq@GPg=the5sueqikeLskysjraB5re_MliTc2pak7s;mf dh\s?[seaCXtXnRa\he8Vlabs ErpFus o\ LcZdZZeg@:RoVe.
4381
Ane\tTm taCusGnd^peoplli:I;g]lj@=`nTY2s`Sl>\cribeO,8c;des^2g$PhdAhXghTq@GPg=the5sueqikeLskysjraB5re_MliTc2pak7s;mf dh\s?[seaCXtXnRa\he8Vlabs ErpFus o\ LcZdZZeg@:SoVe.
4382
Ane\tTm taCusGnd^peoplli:I;g]lj@=`nTY2s`Sl>\cribeO,8c;des^2g$PhdAhXghTq@GPg=the5sueqikeLskysjraB5re_MliTc2pak7s;mf dh\s?[seaCXtXnRa\he8Vlabs ErpFus o\ LcZdZZeg@:SoVe.
4383
Ane\tTm taCusGnd^peoplli:I;g]lj@=`nTY2s`Sl>\cribeO,8c;des^2g$PhdAhXghTq@GPg=the5sueqikeLskysjraB5re_MliTc2pak7s;mf dh\s?[seaCXtXnRa\he8Vlabs ErpFus o\ LcZdZZeg@:SoVe.
4384
Ane\tTm taCusGnd^peoplli:I;g]lj@=`nTY2s`Sl>\cribeO,8c;des^2g$PhdAhXghTq@GPg=the5sueqikeLskysjraB5re_MliTc2pak7s;mf dh\s?[seaCXtXnRa\he8Vlabs ErpFus o\ LcZdZZeg@:SoVe.
4385
Ane\tTm taCusGnd^peoplli:I;g]lj@=`nTY2s`Sl>\cribeO,8c;des^2g$PhdAhXghTq@GPg=the5sueqikeLskysjraB5re_MliTc2pak7s;mf dh\s?[seaCXtXnRa\he8Vlabs ErpFus o\ LcZdZZeg@:SoVe.
4386
Ane\tTm taCusGnd^peoplli:I;g]lj@=`nTY2s`Sl>\cribeO,8c;des^2g$PhdAhXghTq@GPg=the5sueqikeLskysjraB5re_MliTc2pak7s;mf dh\s?[seaCXtXnRa\he8Vlabs ErpFus o\ LcZdZZeg@:SoWe.
4387
Ane\tTm taCusGnd^peoplli:I;g]lj@=`nTY2s`Sl>\cribeO,8c;des^2g$PhdAhXghTq@GPg=the5sueqikeLskysjraB5re_MliUc2pak7s;mf dh\s?[seaCXtXnRa\he8Wlabs ErpFus o\ LcZdZZeg@:SoVe.
4388
Ane\tTm taCusGnd^peoplli:I;g]lj@=`nTY2s`Sl>\dribeO,8c;des^3g$PhdAhXghTq@GPg=the5sueqikeLskysjraB5re_MliTc2pak7s;mf dh\s?[seaCXtXnRa\he8Vlabs ErpFus o\ LcZdZZeg@:SoWe.
4389
Ane\tTm taCusGne^peoplli:I;g]lj@=`nTY2s`Sl>\dribeO,8c;des^3g$PhdAhXghTq@GPg=the5sueqikeLskysjraB5re_MliTc2pak7s;mf dh\s?[seaCXtXnRa\he8Vlabs ErpFus o\ LcZdZZeg@:SoWe.
4390
Ane\tTm tbCusGne^peoplli:I;g]lj@=`nTY2s`Sl>\dribeO,8c;des^3g$PhdAhXghTq@GPg=the5sueqikeLskysjraB5re_MliTc2pak7s;mf dh\s?[seaCXtXnRa\he8Vlabs ErpFus o\ LcZdZZeg@:SoWe.
4391
Ame\tTm taCusGnd^peoplli:I;g]lj@=`nTY2s`Sl>\cribeO,8c;des^2g$PhdAhXghTq@GPg=the5sueqikeLskysjraB6re_MliTc2pak7s;mf dh\s?[seaCXtXnRa\he8Vlabs ErpGus o] LcZdYYeg@:SoVe.
4392
Ame\tUm taCusGnd^peoplli:I;g]lj@=`nTY2s`Sl>\cribeO,8c;des^2g$PhdAhXghTq@GPg=the5sueqikeLskysjraB6re_MliTc2pak7s;mf dh\s?[seaCXtXnRa\he8Vlabs ErpGus o] LcZdYYeg@:SoVe.
4393
Ame\tUm taCusGnd^peoplli:I;g]lj@=`nTY2s`Sl>\cribeO,8c;des^2g$PhdAhXghTq@GPg=the5sueqikeLskysjraB6re_MliTc2pak7s;mf dh\s?[seaCXtXnRa\he8Vlabs ErpGus o] LcZdYYeg@:SoVe.
4394
Ame\tUm saCusGnd^peoplli:I;g]lj@<`nTY2s`Sl>\cribeO,8c;des^2g$PhdAhXghTq@GPg=the5sueqikeLskysjraB6re_MliTc2pak7s;mf dh\s?[seaCXtXnRa\he8Vlabs FrpGus o] LcZdYYeg@:SoWe.
4395
Ame\tUm saCusGnd^peoplli:I;g]lj@<`nTY2s`Sl>\cribeO,8c;des^2g$PhdAhXghTq@GPg=the5sueqikeLskysjraB6re_MliTc2pak7s;mf dh[s?[seaCXtXnRa\he8Vlabs FrpGus o] LcZdYYeg@;SoWe.
4396
Ame\tUm saCusGnd^peoplli:I;g]lj@<`nTY2s`Sl>\cribeO,8c;des^2g$PhdAhXghTq@GPg=the5sueqikeLskysjraB6re_MliTc2pak7s;mf dh[s?[seaCXtXnRa\he8Vlabs FrpGus o] LcZdYYeg@;SoWe.
4397
Ame\tUm saCusGnd^peoplli:I;g]lj@<`nTY2s`Sl>\cribeO,8c;des^2g$PhdAhXghTq@GPg=the5sueqikeLskysjraB6re_MliTc2pak7s;mf dh[s?[seaCXtXnRa\he8Vlabs FrpGus o] LcZdYYeg@;SoWe.
4398
Ame\tUm saCusGnd^peoplli:I:g^lj@<`nTY2s`Sl>\cribeO,8c;des^2g$PhdAhXghTq@GPg=the5sueqikeLskysjraB7re_MliTc2pak7s;mf dh\s?[sebCXtXnR`\hf8Vlabs FrpGts o] LcZdYYeg@:SoWe.
4399
Ame\tUm saCusGnd^peoplli:I:g^lj@<`nTY2s`Sl>\cribeO,8c;des^2g$PhdAhXghTq@GPg=the5sueqikeLskysjraB7re_MliTc2pak7s;mf dh\s?[sebCXtXnR`\hf8Vlabs FrpGts o] LcZdYYeg@:SoWe.
4400
Ame\tUm saCusGnd^peoplli:I:g^lj@<`nTY2s`Sl>\cribeO,8c;des^2g$PhdAhXghTq@GPg=the5sueqikeLskysjraB7re_MliTc2pak7s;mf dh\s?[sebCXtXnR`\hf8Vlabs FrpGts o] LcZdYYeg@:SoWe.
4401
And[tTm taCusGnd^peoplli:I;g^lj@=`nTY2s`Sl?[cribeO,8c;des^2h$PhdBhYghTs@GPg=the5sueqileLskysjraB5re_MliUc2paj7s;nf dh\s?[seaCXtXnRa\he8Vlabs ErpFus o\ LcZdZZegA:RoWe.
4402
And[tTm taCusGnd^peoplli:I;g^lj@=`nTY2s`Sl?[cribeO,8c;des^2h$PhdBhYghTs@GPg=the5sueqileLskysjraB5re_MliUc2paj7s;nf dh\s?[seaCXtXnRa\he8Vlabs ErpFus o\ LcZdZZegA:RoWe.
4403
And[tTm taCusGnd^peoplli;I;g^lj@=`nTY2s`Sl?[cribeO,8c;des^2h$PhdBhYghTs@GPg=the5sueqileLskysjraB5re_MliUc2paj7s;nf dh\s?[seaCXtXnRa\he8Vlabs ErpFus o\ LcZdZZegA:RoWe.
4404
And[tTm taCusGnd^peoplli;I;g^lj@=`nTY2s`Sl?[cribeO,8c;des^2h$PhdBhYghTs@GPg=the5sueqileLskysjraB5re_MliUc2paj7s;nf dh\s?[seaCXtXnRa\he8Vlabs ErpFus o\ LcZdZZegA:RoWe.
4405
And[tTm taCusGnd^peoplli;I;g^lj@=`nTY2s`Sl?[cribeO,8c;des^2h$PhdBhYghTs@GPg=the5sueqileLskysjraB5re_MliUc2paj7s;nf dh\s?[seaCXtXnRa\he8Vlabs ErpFus o\ LcZdZZegA:RoWe.
4406
And[tTm taCusGnd^peoplli;I;g^lj@=`nTY2s`Sl?[cribeO,8c;des^2h$PhdBhYghTs@GPg=the5sueqileLskysjraB5re_MliUc2paj7s;nf dh\s?[seaCXtXnRa\he8Vlabs ErpFus o\ LcZdZZefA:RoWe.
4407
And[tTm taCusGnd^peoplli:I;h]lj@=`nTY2s`Sl?[cribeO,8c;des^2h$PhdBhYghUs@GPg=the5sueqikeLskysjraB5re_MliUc2paj7s;nf dh\s>[seaCXtXnRa\he6Vlabs ErpFus o\ LcZeZZegA:RoVe.
4408
And[tTm taCusGnd^peoplli:I;h]lj@=`nTY2s`Sl?[cribeO,8c;des^2h$PhdBhYghUs@GPg=the5sueqikeLskysjraB5re_MliUc2paj7s;nf dh\s>[seaCXtXnRa\he6Vlabs ErpFus o\ LcZeZZegA:RoVe.
4409
Ame\tUm saCusGnd^peoplli:I;g]lj@<`nUY2s`Sl>\cribeO,7c;des^2g$PhdAhXghTq@GPf=the5sueqikeLskysiraB7re^MliTc2pak7s;nf dh[s?[seaCXtXnRa\he8Vlabs FrpGus o] LcZdYYeg@;SoWe.
4410
Ame\tUm saCusGnd^peoplli:I;g]lj@<`nUY2s`Sl>\cribeO,7c;des_2g$PhdAhYghTq@GPf=the5sueqikeLskysiraB7re^MliTc2pak7s;nf dh[s?[seaCXtXnRa\he8Vlabs FrpGts o] LcZdYYeg@;SoWe.
4411
Ame\tUm saCusGnd^peoplli:I;g]lj@<`nUY2s`Sl>\cribeO,7c;des_2g$PhdAhYghTq@GPf=the5sueqikeLskysiraB7re^MliTc2pak7s;nf dh[s?[seaCXtXnRa\he8Vlabs FrpGts o] LcZdYYeg@;SoWe.
4412
Ame\tUm saCusGnd^peoplli:I;g]lj@<`nUY2s`Sl>\cribeO,7c;des_2g$PhdAhYghTq@GPf=the5sueqikeLskysiraB7re^MliTc2pak7s;nf dh[s?[seaCXtXnRa\he8Vlabs FrpGts o] LcZdYYeg@;SoWe.
4413
Ame\tUm saCusGnd^peoplli:I;g]lj@<`nUY2s`Sl>\cribeO,7c;des_2g$PhdAhYghTq@GPf=the5sueqikeLskysiraB7re^MliTc2pak7s;nf dh[s?[seaCXtXnRa\he8Vlabs FrpGts o] LcZdYYeg@;SoWe.
4414
Ame\tUm saCusGnd^peoplli:I;g]lj@<`nUY2s`Sl>\cribeO,7c;des_2g$PhdAhYghTq@GPf=the5sueqikeLskysiraB7re^MliTc2pak7s;nf di[s?[seaCXtXnRa\he8Vlabs FrpGts o] LcZdYYeg@;SoWe.
4415
Ame\tUm saCusGnd^peoplli:I;g]lj@<`nUY2s`Sl>\cribeO,7c;des_2g$PhdAhYghTq@GPf=the5sueqikeLskysiraB7re^MliTc2pak7s;nf di[s?[seaCXtXnRa\he8Vlabs FrpGts o] LcZdYYeg@;SoWe.
4416
Ame\tUm saCusGnd^peoplli:I;g]lj@<`nUY2s`Sl>\cribeO,7c;des_2g$PhdAhYghTq@GPf=the5sueqikeLskysiraB7re^MliTc2pak7s;nf di[s?[seaCXtXnRa\he8Vlabs FrpGts o] LcZdYYeg@;SoWe.
4417
Ame\tUm saCusGnd^peoplli:I;g]lj@<`nUY2s`Sl>\cribeO,7c;des`2g$PhdAhYghTq@GPf=the5sueqikeLskysiraB7re^MliTc2pak7s;nf di[s?[seaCXtXnRa\he8Vlabs FrpGts o] LcZdYYeg@;SoWe.
4418
Ame\tUm saDusGnd^peoplli:I;g]lj@<`nUZ2s`Sl>\cribeO,7c;des_2g$PhdAhYghTq@GPf=the5sueqikeLskysiraB7re^MliTd2pak7s;nf dh[s?[seaCXtXnRa\he8Vlabs FrpGts o] LcZdYYeg@;SoWe.
4419
Ame\tUm saDusGnd^peoplli:I;g]lj@<`nUZ2s`Sl>\cribeO,6c;des_2g$PhdAhYghTq@GPf=the5sueqikeLskysiraB7re^MliTd2pak7s;nf dh[s?[seaCXtXnRa\he8Vlabs FrpGts o] LcZdYYeg@;SoWe.
4420
Ame\tUm saCusGnd^peoplli:I;g]lj@<`nUY1s`Sl>\dribeO,7c;des_2g$Phd@hYghTq@GPf=the5sveqikeLskysiraB8rf^MliTc2pak7s;nf dh[s?[seaCXtXnRa\he8Vlacs FrpGts o] LcZdYYeg@;SoWe.
4421
Ame\tUm saCusGnd^peoplli:I;g]lj@<`nVY1s`Sl>\dribeO,7c;des_2g$Phd@hYghTq@GPf=the5sveqikeLskysiraB8rf^MliTc2pak7s;nf dh[s?[seaCXtXnRa\he8Vlabs FrpGts o] LcZdYYeg@;SoWe.
4422
Ame\tVm saCusGnd^peoplli:I;g]lj@<`nVY1s`Sl>\dribeO,7c;des_2g$Phd@hYghTq@GPf=the5sveqikeLskysiraB8rf^MliTc2pak7s;nf dh[s?[seaCXtXnRa\he8Vlabs FrpGts o] LcZdYYeg@;SoWe.
4423
Ame\tVm saCusGnd^peoplli:I;g]lj@<`nVY1s`Sl>\dribeO,7c;des_2g$Phd@hYghTq@GPf=the5sveqikeLskysiraB8rf^MliTc2pak7s;nf dh[s?[seaCXtXnRa\he8Vlabs FrpGts o] LcZdYYeg@;SoWe.
4424
Ame\tVm saCusGnd^peoplli:I;g]lj@<`nVY1s`Sl>\dribeO,7c;des_2g$Phd@hYghTq@GPf=the5sveqileLskysiraB8rf^MliTc2pak7s;nf dh[s?[seaCXtXnRa\he8Vlabs FrpGts o] LcZdYYeg@;SoWe.
4425
Ame\tVm saCusGnd^peoplli:I;g]lj@<`nVY1s`Sl>\dribeO,7c;des_2g$Phd@hYghTq@GPf=the5sveqileLskysiraB8rf^MliTc2pak7s;nf dh[s?[seaCXtXnRa\he8Vlabs FrpGts o] LcZdYYeg@;SoWe.
4426
Ame\tVm saCusGnd^peoplli:I;g]lj@<`nVY1s`Sl>\dribeO,7c;des_2g$Phd@hYghTq@GPf=the5sveqileLskysiraB8rf^MliTc2pak7s;nf dh[s?[seaCXtXnRa\he8Vlabs FrpGts o] LcZdYYeg@;SoWe.
4427
Ame\tVm saCusGnd^peoplli:I;g]lj@<`nVY1s`Sl>\dribeO,7c;des_2g$Phd@hYghTq@GPf=the5sveqileLskysiraB8rf^MliTc2pak7s;nf dh[s?[seaCXtXnRa\he8Vlabs FrpGts o] LcZdYYeg@;SoWe.
4428
Ame\tUm saDusGnd^peoplmi:I;g]lj@<`nUZ2s`Sl>\cribeO,6c;des_2g$PhdAhYghTqBGPf=the5sueqikeLskysiraB7re^MliTd2pak7s;nf dh[s?[seaCXtXnRa\he8Vlabs FrpGts o] LcZdYYeg@<SoWe.
4429
Ame\tUm saDusGnd^peoplmi:I;g]lj@<`nUZ2s`Sl>\cribeO,6c;des_2g$PhdAhYghTqAGQf=the5sueqikeLskysiraB7re^MliTd2pak7s;nf dh[s?[seaCXtXnRa\he8Vlabs FrpGts o] LcZdYYegA<SoWe.
4430
Ame\tUm saDusGnd^peoplmi:I;g]lj@<`nUZ2s`Sl>\cribeO,6c;des_2g$PhdAhYghTqAGQf=the5sueqikeLskysiraB7re^MliTd2pak7s;nf dh[s?[seaCXtXnRa\he8Vlabs FrpGts o] LcZdYYegA<SoWe.
4431
Ame\tUm saDusGnd^peoplmi:I;g]lj@<`nUZ2s`Sl>\cribeO,6c;des_2g$PhdAhYghTqAGQf=the5sueqikeLskysiraB7re^MliTe2pak7s;nf dh[s?[seaCXtXnRa\he8Vlabs FrpGts o] LcZdYYegA<SoWe.
4432
Ame\uVm saCusGnd^peoplli:I;h]liB<`nUY2s`Sl>\cribeO,7c<des_2g$PhdAhYghTq@GPf=the5sueqikeKskysiraB7re^LliTc2pak8s;pf dh[s?[seaCXtXnRa\he8Vlabs FrpGts o^ LcZeYYeg@;SoWe.
4433
Ame\uVm saCusGnd^peoplli:I;h]liB<`nUY2s`Sl>\cribeO,7c<des_2g$PhdAhYghTq@GPf=the5sueqikeKskysiraB7re^LliTc2pak8s;pf dh[s?[seaCXtXnRa\he8Vlabs FrpGts o^ LcZeYYeg@;SoWe.
4434
Ame\tVm saCusGnd^peoplli:I;g]li@<`nVY1s`Sl>\eribeO,7c;des_2g$Phd@hYghTq@FPf=the5sveqileLskxsiraB8rf^MliTc2pak7s:nf dh[s?[seaCYtXnRa\he8Vlabs FrpGts o] LcZdYYeg@;SoWe.
4435
Ame\tVm saCusGnd^peoplli:I;g]li@<`nVY1s`Sl>\eribeO,7c;des_2g$Phd@hYghTq@FPf=the5sveqileLskxsiraB8rf^MliTc2pak7s:nf dh[s?[seaCYtXnRa\he8Vlabs FrpGts o] LcZdYYeg@;SoWe.
4436
Ame\tVm saCusGnd^peoplmi:I;g]li@<`nVY1s`Sl>\eribeO,7c;des_2g$Phd@hYghTq@FPf=the5sveqileLskxsiraB8rf^MliTc2pak7s:nf dh[s?[seaCYtXnRa\he8Vlabs FrpGts o] LcZdYYeg@;SoWe.
4437
Ame\uVm saCusGnd^peoplli:I;h]liB<`nUY2s`Sl?\cribeO,7c<des_2g$PhdAhYghTq@GPf=the5sueqikeKskysiraB7re^LliTc2paj8s:pf dh[s?[seaCXtXnRa\he8Vlabs FrpGts o^ LcZeYYeg@;SoWe.
4438
Ame\tUm saDusGnd^peoplmi;I;g]lj@<`nUZ2s`Sl>\cribeO,6c;des_2g$PhdAhYghTqAGQf=the5sueqikeLskysiraB7re^MliUd1pak7s;nf dh[s?[seaCXtXnRa\he8Vlabs GrpGts o] LdZdYYegA<SoWe.
4439
Ame\tUm saDusGnd^peoplmi;I;g]lj@<`nUZ2s`Sl>\cribeO,6c;des_2g$PhdAhYghTqAGQf=the5sueqikeLskysiraB7re^MliUd1pak7s;nf dh[s?[seaCXtXnRa\he8Vlabs GrpGts o] LdZdYYegA<SoWe.
4440
Amd\tVm saCusGnd^peoplli:I;g]li@;`nVY1s`Sl>\eribeO,7c;des_2g$Phd@hYghTq@FPf=the5sveqileLskxsiraB8rg^MliTc2pak7s:nf dh[s?[seaCYtXnR`\he8Vlabs FrpGts o] LcZdYYeg@;SoWe.
4441
Amd\tVm saCusGnd^peoplli:I;g]li@;`nVY1s`Sl>\eribeO,7c;des_2g$Phd@hYghTq@FPf=the5sveqileLskxsiraB8rg^MliTc2pak7s:nf dh[s?[seaCYtXnR`\he8Vlabs FrpGts o] LcZdYYeg@;SoWe.
4442
Amd\tVm saCusGnd^peoplli:I;g]li@;`nVY1s`Sl>\eribeO,7c;des_2g$Phd@hYghTq@FPf=the5sveqileLskxsiraB8rg^MliTc2pak7s:nf dh[s?[seaCYtXnR`\he8Vlabs FrpGts o] LcZdYYeg@;SoWe.
4443
Amd\tVm saCusGnd^peoplli:I;g]li@;`nVY1s`Sl>\eribeO,7c;des_2g$Phd@hYghTq@FPf=the5sveqileLskxsiraB8rg^MliTc2pak7s:nf dh[s?[seaCYtXnR`\he8Vlabs FrpGts o] LcZdYYeg@;SoWe.
4444
Ame\tUm saDusGnd^peoplni;I;g]lj@<`nU[2s`Sl>\cribeO,6c;des_2g$PhdAhYghTqAGQf=the5sueqikeLskysiraB7re^MliUd1pak7s;nf dh[s?[seaCXtXnRa\he8Vlabs GrpGts o] LdZdYYegA<SoWe.
4445
Ame\tUm saDusGnd^peoplni;I;g]lj@<`nV[2s`Sl>\cribeO,6c;des_2g$PhdAhYghTqAGQf=the5sueqikeLskysiraB7re^MliUd1pak7s;nf dh[s?[seaCXtXnRa\he8Vlabs GrpGts o] LdZdYYegA<SoWe.
4446
Ame\tUm saDusGnd^peoplni;I;g]lj@<`nV[2s`Sl>\cribeO,6c;des_2g$PhdAhYghTqAGQf=the5sueqikeLskysiraB7re^MliUd1pak7s;nf dh[s?[seaCXtXnRa\he8Vlabs GrpGts o] LdZdYYegA<SoWe.
4447
Ame\tUm saDusGnd^peoplni;I;g]lj@<`nV[2s`Sl>\cribeO,6c;des_2g$PheAhYghTqAGQf=the5sueqikeLskysiraB7re^MliUd1pak7s;nf dh[s?[seaCXtXnRa\he8Vlabs GrpGts o] LdZdYYegA<SoWe.
4448
Ame\tUm saDusGnd^peoplni;I;g]lj@<`nV[2s`Sl>\cribeO,6c;des_2g$PheAhYghTqAGQf=the5sueqikeLskysiraB7re^MliUd1pak7s;nf dh[s?[seaCXtXnRa\he8Vlabs GrpGts o] LdZdYYegA<SoWe.
4449
Ame\tUm sbDusGnd^peoplni;I;g]lj@<`nV[2s`Sl>\cribeO,6c;des_2g$PhdAhYghTqAGQf=the5sueqikeLskysiraB7re^MliUd1pak7s;nf dh[s?[seaCXtXnRa\he8Vlacs GrpGts o] LdZdYYegA<SoWe.
4450
Ame\tUm sbDusGnd^peoplni;I;g]lj@<`nV[2s`Sl?\cribeO,6c;des`2g$PhdAhYghTqAGQf=the5sueqikeLskysiraB7re^MliUd1pak7s;nf dh[s?[seaCXtXnRa\he8Vlacs GrpGts o] LdZdYYegA<SoWe.
4451
Ame\tUm sbDusGnd^peoplni;I;g]lj@<`nV[2s`Sl?\cribeO,6c;des`2g$PhdAhYghTqAGQf=the5sueqikeLskysiraB7re^MliUd1pak7s;nf dh[s?[seaCXtXnRa\he8Vlacs GrpGts o] LdZdYYegA<SoWe.
4452
Ame\tUm sbDusGnd^peoplni;I;g]lj@<`nV[2s`Sl?\cribeO,6c;des`2g$PhdAhYghTqAGQf=the5sueqikeLskysiraB7re^MliUd1pak7s;nf dh[s?[seaCXtXnRa\he8Vlacs GrpGts o] LdZdYYegA<SoWe.
4453
Ame\tUm sbDusGnd^peoplni;I;g]lj@<`nV[2s`Sl?\cribeO,6c;des`2g$PhdAhYghTqAGQf=the5sueqikeLskysiraB7re^MliUd1pak7s;nf dh[s?[seaCXtXnRa\he8Vlacs GrpGts o] LdZdYYegA<SoWe.
4454
Ame\tUm sbDusGnd^peoplni;I;g]lj@<`nV[2s`Sl?\cribeO,6c;des`2g$PidAhYghTqAGQf=the5sueqikeLskysiraB7re^MliUd1pak7s;nf di[s?[seaCXtYnRa\he8Vlacs GrpGts o] LdZdYYegA<SoWe.
4455
Ame\tUm sbDusGnd^peoplni;I;g]lj@<`nV[2s`Sl?\cribeO,6c;des`2g$PidAhYghTqAGQf=the5sueqikeLskysiraB7re^MliUd1pak7s;nf di[s?[seaCXtYnRa\he8Vlacs GrpGts o] LdZdYYegA<SoWe.
4456
Ame\tUm sbDusGnd^peoplni;I;g]lj@<`nV[2s`Sl?\cribeO,6c;des`2g$PidAhYghTqAGQf=the4sueqikeLskysiraB7re^MliUd1pak7s;nf di[s?[seaCXtYnRa\he8Vlacs GrpGts o] LdZdYYegA<SoWe.
4457
Ame\tUm sbDusGnd^peoplni;I;g]lj@<`nV[2s`Sl?\cribeO,6c;des`2g$PhdAhYghTqAGQf=the5sueqikeLskysiraB7re^MliUd1pak7s:nf dh[s?[seaCYtXnRa\he8Vlacs GrpGts o] LdZdYXegA<SoWe.
4458
Ame\tUm sbDusGnd^peoplni;I;g]lj@<`nV[2s`Sl?\cribeO,6c;des`2g$PhdAhYghTqAGQf=the5sueqikeLskysiraB7re^MliUd1pak7s:nf dh[s?[seaCYtXnRa\he8Vlacs GrpGts o] LdZdYXegA<SoWe.
4459
Ame\tUm sbDusGnd^peoplni;I;g]lj@<`nV[2s`Sl?\cribeO,6c;des`2g$PhdAhYghTqAGQf=the5sueqikeLskysiraB7re^MliUd1pak7s:nf dh[s?[seaCYtXnRa\he8Vlacs GrpGts o] LdZdYXegA<SoWe.
4460
Ame\tUm sbDusGnd^peoplni;I;g]lj@<`nV[2s`Sl?\cribeO,6c;des`2g$PhdAhYghTqAGQf=the5sueqikeLskysiraB7re^MliUd1pak7s:nf dh[s?[seaCYtXnRa\he8Vlacs GrpGts o] LdZdYXegA<SoWe.
4461
Ame\tUm sbEusGnd^peoplni;I;g^lj@<`nV[2s`Sl?\cribeO,6c;desb2g$PhdAhYghTqAGQf=the5sueqikeLskysiraB7re^MliUd1pak7s;nf dh[s?[seaCXtXnRa\ie8Vlacs GrpGts o] LdZdXYegA<SoWe.
4462
Ame\tUm sbEusGnd^peoplni;I;g^lj@<`nV[2s`Sl?\cribeO,6c;desb2g$PhdAhYghTqAGQf=the5sueqikeLskysiraB7re^MliUd1pak7s;nf dh[s?[seaCXtXnRa\ie8Vlacs GrpGts o] LdZdXYegA<SoWe.
4463
Ame\tUm sbEusGnd^peoplni;I;g^lj@<`nV[2s`Sl?\cribeO,6c;desc2g$PhdAhYghTqAGQf=the5sueqikeLskysiraB7re^MliUd1pak7s;nf dh[s?[seaCXtXnRa\ie8Vlacs GrpGts o] LdZdXYegA<SoWe.
4464
Ame\tUm sbDusGnd^peoplni;I;g]lj@<`nV[2s`Sl?[cribeO,5c;des`2g$PhdAhYghTqAGQf<the5sueqikeLskysiraB7re^MliUd1pak7s:nf dh[s?[seaCYtXnRa\he8Vlacs GrpGts o] LdZdYXegA<SoWe.
4465
Ame\tUm sbDusGnd^peoplni;I;g]lj@<`nV[2s`Sl?\cribeP,6c;ees`2g$PidAhZghTqAGQf=the5sufrileLskysiraB7re^MliVd1pak7s;of dh[s?[seaDXtYnRa\he8Vlacs GrpGts o] LdZdYYegA<SoWe.
4466
Ame\tVn saCusGnd^peoplli:I;h^ljA<`nUY1saSl>\cribeO,7c<ees_2g$Phd?hYghTq@GPf<the5suerikeKskysiraB8rf^LliTd1paj6s;of dh\s?[seaCXtYoSa]he7Vlacs FrpGts o] Ld[dYYeg@;ToWe.
4467
Ame\tVm sbEusGnd^peoplni;I;g^lj@<`nV[2s`Sl@\cribeO,7c;des`2f$PhdAhYghTrAGQf=the5sueqikeLskysiraB7re^MliUe1pak7s;nf di[s?[seaCXtXnRa\ie8Vlacs GrpGts o] LeZdXYefA=SoWe.
4468
@me[tUm sbEusGnd^peoplni;I;g^lj@<`nV\2s`Sl@\dribeO,6c<des`2g$PhdAhYghTqAGQf=the5sueqikeLskysiraB8re^MliUd1pak7s;nf dh[s?[seaCYtXnRa\ie8Vlacs GrpGts o] LdZdXYegA<SoWe.
4469
@me[tUm sbEusGnd^peoplni;I;g^lj@<`nV\2s`Sl@\dribeO,6c<des`2g$PhdAhYghTqAGQf=the5sueqikeLskysiraB8re^MliUd1pak7s;nf dh[s?[seaCYtXnRa\ie8Vlacs GrpGts o] LdZdXYegA<SoWe.
4470
@me[tUm sbEusGnd^peoplni;I;g^lj@<`nV\2s`Sl@\dribeO,6c<des`2g$PhdAhYghTqAGQf=the5sueqikeLskysiraB8re^MliUd1pak7s;nf dh[s?[seaCYtXnRa\ie8Vlacs GrpGts o] LdZdXYegA<SoWe.
4471
Ame\tUm sbEusGnd^peoploi;I;g^lj@<`nV[2s`Sl@\cribeO,7c;des`2g$PhdAhYghTrAGQf=the5sueqikeLskysiraB8re^MliUe1pak7s;nf di[s?[seaCXtXnRa\ie8Vlacs GroGts o] LdZdXYegA=ToWe.
4472
Ame\tUm sbEusGnd^peoploi;I;g^lj@<`nV[2s`Sl@\cribeO,7c;des`2g$PhdAhYghTrAGQf=the5sueqikeLskysiraB8re^MliUe1pak7s;nf di[s?[seaCXtXnRa\ie8Vlacs GroGts o] LdZdXYegA=ToWe.
4473
Ame\tUm sbEusGnd^peoploi;I;g^lj@<`nV[2s`Sl@\cribeO,7c;des`2g$PhdAhYghTrAGQf=the5sueqikeLskysiraB8re^MliUe1pak7s;nf di[s?[seaCXtXnRa\ie8Vlacs GroGts o] LeZdXYegA=ToWe.
4474
Ame\tUm sbEusGnd^peoploi;I;g^lj@<`nV[2s`Sl@\cribeO,7c;des`2g$PhdAhYghTrAGQf=the5sueqikeLskysiraB8re^MliUe1pak7s;nf di[s?[seaCXtXnRa\ie8Vlacs GroGts o] LeZdXYegA=ToWe.
4475
Ame\tUm sbEusGnd^peoploi;I;g^lj@<`nV[2s`Sl@\cribeO,7c;des`2g$PhdAhYghTrAGQf=the5suerikeLskysiraB8re^MliUe1pak7s;nf di[s?[seaCXtXnRa\ie8Vlacs GroGts o] LeZdXYegA=ToWe.
4476
Ame\tUm sbEusGnd^peoploi;I;g^lj@<`nV[2s`Sl@\cribeO,7c;des`2g$PhdAhYghTrAGQf=the5suerikeLskysiraB8re^MliUe1pak7s;nf di[s?[seaCXtXnRa\ie8Vlacs GroGts o] LeZdXYegA=ToWe.
4477
Ame\tWn saCusGnd^peoplli:I;h_ljA;`nUY0saSl>\cribeO,7c<ees_2g#Phd?hYghTq@GPf<the5suerikeKskysiraB8rf^LliSd1pai6s;of dh\s?[seaCXtYnRa^he8Vlacs FrpGts o] Ld[dYYeg@;UoWe.
4478
Ame\tWn saCusGnd]peoplli:I;h_ljA;`nUY0saSl>\cribeO,7c<ees_2g$Phd?hYghTq@GPf<the5suerikeKskysiraB8rf^LliSd1pai7s;of dh\s?[seaCXtYnRa^he8Vlacs FrpGts o] Ld[dYYeg@;UoWe.
4479
Ame\tWn saCusGnd]peoplli:I;h_ljA;`nUY0saSl>\cribeO,7c<ees_2g$Phd?hYghTq@GPf<the5suerikeKskysiraB8rf^LliSd1pai7s;of dh\s?[seaCXtYnRa^he8Vlacs FrpGts o] Ld[dYYeg@;UoWe.
4480
Amd\tUn sbDusGnd^peoploi;I;g]lj@<anV]2s`Tl@\cribeO,6c;des`2g$PhdAhZghTrAGQf=the5sueqikeLskyshraB7re^LliUd1pak7s:nf dh\s?[seaCXtYnRa\he8Vlacs GrpGtr o] LdZdYYegA<ToWe.
4481
Amd\tUn sbDusGnd^peoploi;I;g]lj@<anV]2s`Tl@\cribeO,6c;des`2g$PhdAhZghTrAGQf=the5sueqikeLskyshraB7re^LliUd1pak7s:nf dh\s?[seaCXtYnRa\he8Vlacs GrpGtr o] LdZdYYegA<ToWe.
4482
Amd\tUn sbDusGnd^peoploi;I;g]lj@<anV]2s`Tl@\cribeO,6c;des`2g$PhdAhZghTrAGQf=the5sueqikeLskyshraB7re^LliUd1pak7s:nf dh\s?[seaCXtYnRa\he8Vlacs GrpGtr o] LdZdYYegA<ToWe.
4483
Ame\tWn saCusGnd^peoplli:J;h_ljB:`nUY0saSl>\cribeO,7c<ees_2g$Phd?hYghUq@GPf<the5suerikeKskysiraB8rf^LliSd1pai7s;of dh\s?[sdaCXtYnRa^he8Vlacs FrpGts o] Ld[dYYeg@;UoWe.
4484
Ame\tWn saCusGnd^peoplli:J;h_ljB:`nUY0saSl>\cribeO,7c<ees_2g$Phd?hYghUq@GPf<the5suerikeKskysiraB8rf^LliSd1pai7s;of dh\s?[sdaCXtYnRa^he8Vlacs FrpGts o] Ld[dYYeg@;UoWe.
4485
Ame\tWn saCusGnd^peoplli:J;h_ljB:`nUY0saSl>\cribeO,7c<ees_2g$Phd?hYghUq@GPf<the5suerikeKskysiraB8rf^LliSd1pai7s;of dh\s?[sdaCXtYnRa^he8Vlacs FrpGts o] Ld[dYYeg@;UoWe.
4486
@me[tUm sbEusGnd^peoplni;I;h^lj@<`nV\2s`Sl@\dribeP,6c<des`3g$Phd@hYghTqAGQf=the5sueqikeLskysiraB8re^MliUe1paj7s;nf dh[s?\seaCYtXnRa]ie8Vlacs GrpGts o] LeZdXYegA<SoWe.
4487
@me[tVm sbEusGnd^peoplni;I;h^lj@<`nV\2s`Sl@\dribeP,6c<des`3g$Phd@hYghTqAGQf=the5sueqikeLskysiraB8re^MliUe1paj7s;nf dh[s?]seaCYtXnRa]ie8Vlacs GrpGts o] LeZdXYegA<SoWe.
4488
@me[tVm sbEusGnd^peoplni;I;h^lj@<`nV\2s`Sl@[dribeP,6c<des`3g$Phd@hYghTqAGQf=the5sueqikeLskysiraB8re^MliUe1paj7s;nf dh[s?]seaCYtXnRa]ie8Vlacs GrpGts o] LeZdXYegA<SoWe.
4489
@me[tVm sbEusGnd^peoplni;I;h^lj@<`nV\2s`Sl@[driaeP,6c<des`3g$Phd@hYghTqAGQf=the5sueqikeLskysiraB8re^MliUe1paj7s;nf dh[s?]seaCYtXnRa]ie8Vlacs GrpGts o] LeZdXYegA<SoWe.
4490
@me[tUm sbEusGnd^peoplni;I;h^lj@<`nV\0s`Sl@\dribeQ,6c<des`2g$Phd@hYghTqAGQf=the5sueqikeLskysiraC8re^MliUd1paj7s;nf!dh[s?\seaCYtXnRa]ie7Vlacs GroGts o] LeZeXYegA<SoWe.
4491
@md[tUm sbEusGnd^peoplni;I;h^lj@<`nV\0s`Sl@\dribeQ,6c<des`2g$Phd@hYghTqAGQf=the5sueqikeLskysiraC8re^MliUd1paj7s;nf!dh[s?\seaCYtXnRa]ie7Vlacs GroGts o] LeZeXYegA<SoWe.
4492
@md[tUm sbEusGnd^peoplni;I;h^lj@<`nV\0s`Sl@\dribeQ,6c<des`2g$Phd@hYghTqAGQf=the5sueqikeLskysiraC8re^MliUd1paj7s;nf!dh[s?\seaCYtXnRa]ie7Vlacs GroGts o] LeZeXYegA<SoWe.
4493
@md[tUm sbEusGnd^peoplni;I;h^lj@<`nV\0s`Sl@\dribeQ,6c<des`2g$Phd@hYghTqAGQf=the5sueqikeLskysiraC8re^MliUd1paj7s;nf!dh[s?\seaCYtXnRa]ie7Vlacs GroGts o] LeZeXYegA<SoWe.
4494
@md[tUm sbEusGnd^peoplni;I;h^lj@<`nV\0s`Sl@\dribeQ,6c<des`2g$Phd@hYghTqAGQf=the5sueqikeLskysiraC8re^MliUd1paj7s;nf!dh[s?\seaCYtXnRa]ie7Vlacs GroGts o] LeZeXYegA<SoWe.
4495
@md[tUm sbEusGnd^peoplni;I;h^lj@<`nV\0saSl@\dribeQ,6c<des`2g$Phd@hYghTqAGQf=the5sueqikeLskysiraC8re^MliUd1paj7s;nf!dh[s?\seaCYtXnRa]ie7Vlacs GroGts o] LeZeXYegA<SoWe.
4496
@md[tUm sbEusGnd^peoplni;I;h^lj@<`nV\0s`Sl@\dribeQ,6c<desa3g$Phd@hYghTqAGQf=the5sueqikeLskysiraC8re^MliUd1paj7s;nf!dh[s?\seaCYtXnRa]ie7Vlacs GroGts o] LeZeXYegA<SoWe.
4497
@md[tUm sbEusGnd^peoplni;I;h^lj@<`nV\0s`Sl@\dribeQ,6c<desa3g$Phd@hYghTqAGQf=the5sueqikeLskysiraC8re^MliUd1paj7s;nf!dh[r?\seaCYtXnRa]ie7Vlacs GroGts o] LeZeXYegA<SoWe.
4498
@md[tUm sbEusGnd^peoplni;I;h^lj@<`nV\0s`Sl@\dribeP,6c<desa3g$Phe@hYghTqAGQf=the5sueqikeLskysiraC8re^MliUd1paj7s;nf!dh[s?\seaCYtXnRa]he7Vlacs GroGts o] LeZeXYegA<SoWe.
4499
@md[tUm sbEusGnd^peoplni;I;h^lj@<`nV\0s`Sl@\dribeP,6c<desa3g$Phe@hYghTqAGQf=the5sueqikeLskysiraC8re^MliUd1paj7s;nf!dh[s?\seaCYtXnRa]he7Vlacs GroGts o] LeZeXYegA<SoWe.
4500
@md[tUm sbEusGnd^peoplni;J;h^lj@<`nV\0s`Sk@\dribeP,6c<desa3g$Phe@hYghTqAGQf=the5sueqikeLskysiraC8re^MliUd1paj7s;nf!dh[s?\seaCYtXnRa]he7Vlacs GroGts o] LeZeXYegA<SoWe.
4501
@md[tUm sbEusGnd]pepplni;J;h^lj@<`nV\0s`Sk@\dribeP,6c<desa3g$Phe@hYghTqAGQf=the5sueqikeLskysiraC8re^MliUd1paj7s;nf!dh[s?\seaCYtXnRa]he7Vlacs GroGts o] LeZeXYegA<SoWe.
4502
@me[tUm scEusGnd^peoplni;I;h^lj@<`nV\/s`Sl@\dribeQ,6c<des`1g$Phd@hYghTqAGQf=the4sueqikeLskysiraC8re^MliUd1paj7s;nf!dh[s?\seaCYtXnRa]ie6Vlacs HroGts o] LfZeXXegA<SoWe.
4503
@me[tUm scEusGnd^peoplni<I;h^lj@<`nV\/s`Sl@\dribeQ,6c<des`1g$Phd@hYghTqAGQf=the4sueqikeLskysiraC8re^MliUd1paj7s;nf!dh[s?\seaCYtXnRa]ie6Vlacs HroGts o] LfZeXXegA<SoWe.
4504
@me[tUm scEusGnd^peoplni<I;h^lj@<`nV\/s`Sl@\dribeQ,6c<des`1g$Phd@hYghTqAGQf=the4sueqikeLskysiraC8re^MliUd1paj7s;nf!dh[s?\seaCYtXnRa]ie6Vlacs HroGts o] LfZeXXegA<SoWe.
4505
@me[tUm scEusGnd^peoplni<I;h^lj@<`nV\/s`Sl@\dribeQ,6c<des`1g$Phd@hYghTqAGQf=the4sueqikeLskysiraC8re^MliUd1paj7s;nf!dh[s?\seaCYtXnRa]ie6Vlacs HroGts o] LfZeXXegA<SoWe.
4506
@md[tUm sbEusGnd^peoplni;I;h^ljA;anV\/s`Sl@\dribeQ,6c<des`2g$Phd@hYghTqAGQf=the4sueqikeLskysiraC8re^MliUd1paj7r;nf dh[s?\seaCYsXnR`^ie6Vlacs GroGts o] LeZeXYegA<SoWe.
4507
@md[tUm sbEusGnd^peoplni;I;h^ljA;anV\/s`Sl@\dribeQ,6c<des`2g$Phd@hYghTqAGQf=the4sueqikeLskysiraC8re^MliUd1paj7r;nf dh[s?\seaCYsXnR`^ie6Vlacs GroGts o] LeZeXYegA<SoWe.
4508
@md[tUm sbEusGnd^peoplni;I;h^ljA;anV\/s`Sl@\dribeQ,6c<des`2g$Phd@hYghTqAGQf=the4sueqikeLskysiraC8re^MliUd1paj7r;nf dh[s?\seaCYsXnR`^ie6Vlacs GroGts o] LeZeXYegA<SoWe.
4509
@me[tUm scEusGnd^peoplni<I;h^lj@<`nV\/s`Sl@\dribeQ,6c<des`1g$Phd@hZghTqAGQf=the4sueqikeLskysiraC8re^MliUd1paj7s;nf!dh[s?\seaCYtXnRa^ie6Vlacs HroGts o] LfZeXXegA<SoWe.
4510
@me[tUm scEusGnd^peoplni<I;h^lj@<`nV\/s`Sl@\dribeQ,6c<des`1g$Phd@hZghTqAGQf=the4sueqikeLskysiraC8re^MliUd1paj7s;nf!dh[s?\seaCYtXnRa^ie6Vlacs HroGts o] LfZeXXegA<SoWe.
4511
@me[tUm scEusGnd^peoplni<I;h^lj@<`nV\/s`Sl@\dribeQ,6c<des`1g$Phd@hZghTqAGQf=the4sueqikeLskysiraC8re^MliUd1paj7s;nf!dh[s?\seaCYtXnRa^ie6Vlacs HroHts o] LfZeXXegA<SoWe.
4512
@md[tVm sbEusHnd^peoplni;I;h^lj@<`nV\0s`Sl@\dribeQ,6c<des`1g$Phd@hYghUrAGQf=the5sueqikeLskysiraC8re^KliVd1pai7s;nf!di[s?\seaCYtXnRa]ie7Vlacs GroGts o] LeZeXXegA=SoWe.
4513
@md[tVm sbEusHnd^peoplni;I;h^lj@<`nV\0s`Sl@\dribeQ,6c<des`1g$Phd@hYghUrAGQf=the5sueqikeLskysiraC8re^KliVd1pai7s;nf!di[s?\seaCYtXnRa]ie7Vlacs GroGts o] LeZeXXegA=SoWe.
4514
@md[tVm sbEusHnd^peoplni;I;h^lj@<`nV\0s`Sl@\dribeQ,6c<des`1g$Phd@hYghUrAGQf=the5sueqikeLskysiraC8re^KliVd1pai7s;nf!di[s?\seaCYtXnRa]ie7Vlacs GroGts o] LeZeXXegA=SnWe.
4515
@md[tVm sbEusHnd^peoplni;I;h^lj@<`nV\0s`Sl@\dribeQ,6c<des`1g$Phd@hYghUrAGQf=the5sueqikeLskzsiraC9re^KliVd1pai7s;nf!di[s?\seaCYtXnRa]ie7Vlacs GroGts o] LeZeXXegA=SnWe.
4516
@md[tVm sbEusHnd^peoplni;I;h^lj@<`nV\0s`Sl@\dribeQ,6c<des`1g$Phd@hYghUrAGQf=the5sueqikeLskzsiraC9re^KliVd1pai7s;nf!di[s?\seaCYtXnRa]ie7Vlacs GroGts o] LeZeXXegA=SnWe.
4517
@md[tUm sbEusGnd^peoplni;I;h^ljA;anV\/s`Sl@\dribeQ,6c<des`2g#Phd@hYghTqBGQf<the4sueqikeLskysiraC8re^MliUd1paj7s;nf dh[s?\seaCYsXnR`^ie6Vlacs GroGts o] LeZeXYefA<SoWe.
4518
@md[tVm sbEusHnd^peoplni;I;h^lj@<`nV\0s`SlA\dribeQ,6c<des`2g$Phd@hYghUrAGQf=the5sueqikeLskysiraC8re^KliVd1pah7s;nf!di[s?\seaCXtXnRa]ie7Vlacs GroGts o] LeZeXXegA=SoWe.
4519
Amd[tUm sbEusGnd^peoplni<I;h^ljA;anV\/s`Sl@\dribeR,6c<des`2g$Phd@hYghTqBGQf<the4sueqikeLskysiraC8re^MliUd1paj7s;nf dh[s?\seaCYsXnR`^ie6Vlacs GroGts o] LeZeXYefA<SpWe.
4520
@md[tVm sbEusHnd^peoplni;I;h^lj@<`nV\0s`Sl@\dribeQ,6c<des`1g$Phd@hYghUrAGQf=the5sueqikeLskzsiraC9re^KliVd1pai8s:nf!di[s?\sfaCYtXnRa]ie7Vlacs GroGts o] LeZeXXegA=SnWe.
4521
Amd[tUm sbEusGnd^peoplni<I;h^ljA;anV\/s`Sl@\dribeR,6c<des`2g$Phd@hYghTqBGQf<the4steqikeLskysiraC8re^MliUd1paj7s;nf dh[s?\seaCYsXnR`^ie6Vlacs GroGts o] LeZeXYefA<SpWe.
4522
Amd[tUm sbEusGnd^peoplni<I;h^ljA;anV\/s`Sl@\dribeR,6c<des`2g$Phd?hYghTqBGQf<the4steqikeLskysiraC8re^MliUd1paj7s;nf dh[s?\seaCYsXnR`^ie6Vlacs GroGts o] LeZeXYefA<SpWe.
4523
@md[tVm sbEusHnd^peoplni;I;h^lj@<`nV\0s`Sl@\dribeQ,6c<des`1g$Phd@hYghUrAGQf=the5sueqikeLskysiraD8rf^JliVd1pai7s;nf!di[s?\seaCYtXnRa]ie7Vlacs HroGts o] LeZeWXegA=SoWe.
4524
@md[tVm sbEusHnd^peoplni;I;h^lj@<`nV\0s`Sl@\dribeQ,6c<des`1g$Phd@hYghUrAGQf=the5sueqikeLskysiraD8rf^JliVd1pai7s;nf!di[s?\seaCYtXnRa]ie7Vlacs HroGts o] LeZeWXegA=SoWe.
4525
@md[tVm sbEusGnd^peoplni;I;h^lj@;`nV\0saSl@\dribeQ,6c=des`1g$Phd@hZghUqAGQf=the4suerikeLskysiraC8re^KliVd1paj7s;of!di[s?\seaCYtYnRa]ie7Vlacs GroGts o^ LeZeXXegA=SoWe.
4526
@md[tVm sbEusGnd^peoplni;I;h^lj@;`nV\0saSlA\dribeQ,6c=des`1g$Phd@hZghUqAGQf=the4suerikeLskysiraC8re^KliVd1paj7s;of!di[s?\seaCYtYnRa]ie7Vlacs GroGts o^ LeZeXXegA=SoWe.
4527
@md[tVm sbEusGnd^peoplni;I;h^lj@;`nV\0saSlA\dribeQ,6c=des`1g$Phd@hZghUqAGQf=the4suerikeLskysiraC8re^KliVd1paj7s;of!di[s?\seaCYtYnRa]ie7Vlacs GroGts o^ LeZeXXegA=SoWe.
4528
@md[tVm sbEusGnd^peoplni;I;h^lj@;`nV\0saSlA\dribeQ,6c=des`1g$Phd@hZghUqAGQf=the4suerikeLskysiraC8re^KliVd1paj7s;of!di[s?\seaCYtYnRa]ie7Vlacs GroGts o^ LeZeXXegA=SoWe.
4529
@nd[tUm sbEusHnd^peoploi;I;h_lj@=anW\0s`Sl@\dribeQ,5c<des`1g#Phd@hYghTqAFQf=the5sueqikeLskysisaC8rf^KliVd1pai7s:of!di[s?\seaCYtYnRa]ie6Vlacs GroGts o] LeZeXXegA=SoWe.
4530
@nd[tUm sbEusHnd^peoploi;I;h_lj@=anW\0s`Sl@\dribeQ,5c<des`1g#Phd@hYghTqAFQf=the5sueqikeLskysisaC8rf^KliVd1pai7s:of!dj[s?\seaCYtYnRa]ie6Vlacs GroGts o] LeZeXXegA=SoWe.
4531
@nd[tUm sbEusHnd^peoploi;I;h_lj@=anW\0s`Sl@\dribeQ,5c<des`1g#Phd@hYghTqAFQf=the5sueqikeLskysisaC8rf^KliVd1pai7s:of!dj[s?\seaCYtYnRa]ie6Vlacs GroGts o] LeZeXXegA=SoWe.
4532
@nd[tUm sbEusHnd^peoploi;I;h_lj@=anW\0s`Sl@\dribeQ,5c<des`1g#Phd@hYghTqAFQf=the5sueqikeLskysisaC8rf^KliVd1pai7s:of!dj[s?\seaCYtYnRa]ie6Vlacs GroGts o] LeZeXXegA=SoWe.
4533
@nd[tUm tbEusHnd^peoploi;I;h_lj@=anW\0s`Sl@\dribeQ,5c<des`1g#Phd@hYghTqAFQf=the5sueqikeLskysisaC8rf^KliVd1pai7s:of!dj[s?\seaCYtYnRa]ie6Vlacs GroGts o] LeZeXXegA=SoWe.
4534
@nd[tUm tbEusHnd^peoploi;I;h_lj@=anW\0s`Sl@\dribeQ,5c<des`1g#Phd@hYghTqAFQf=the5sueqikeLskysisaC8rf^KliVd1pah7s:of!dj[s?\seaCYtYnRa]ie6Vlacs GroGts o] LeZeXXegA=SoWe.
4535
@ndZtUm tbEusHnd^peoploi;I;h_lj@=anW\0s`Sl@\dribeQ,5c<des`1g#Phd@hYghTqAFQf=uhe5sueqikeLskysisaC8rf^KliVd1pah7s:of!dj[s?\seaCYtYnRa]ie6Vlacs GroGts o] LeZeXXegA=SoWe.
4536
@ndZtUm tbEusHnd^peoploi;I;h_lj@=anW\0s`Sl@\dribeQ,5c<des`1g#Phd@hYghTqAFQf=uhe5sueqikeLskysisaC8rf^KliVd1pah7s:of!dj[s?\seaCYtYnRa]ie6Vlacs GroGts o] LeZeXXegA=SoWe.
4537
@ndZtUm tbEusHnd^peoploi;I;h_lj@=anW\0s`Sl@\dribeQ,5c<des`1g#Phd@hYghTqAFQf=uhe5sueqikeLskysisaC8rf^KliVd1pah7s:of!dj[s?\seaCYtYnRa]ie6Vlacs GroGts o] LeZeXXegA=SoWe.
4538
@ndZtUm tbEusHnd^peoploi;I;h_lj@=anW\0s`Sl@\dribeQ,5c<des`1g#Phd@hYghTqAFQf=uhe5sueqikeLskysisaC8rf^KliVd1pah7s:of!dj[s?\seaCYtYnRa]ie6Vlacs GroGts o^ LeZeXXegA=SoWe.
4539
@ndZtUm tbEusHnd^peoploi;I;h_lj@=anW\0s`Sl@\dribeQ,5c<des`1g#Phd@hYghTqAFQf=uhe5sueqikeLskysisaC8rf^KliVd1pah7s:of!dj[s?\seaCYtYnRa]ie6Vlacs GroGts o^ LeZeXXegA=SoWe.
4540
@ndZtUm tbEusHnd^peoploi;I;h_lj@=anW\0s`Sl@\dribeQ,5c<des`1g#Phd@hYghTqAFQf=uhe5sueqikeLskysisaC8rf^KliVd1pah7s:of!dj[s?\seaCYtYnRa]ie6Vlacs GroGts o^ LeZeXXefA=SoWe.
4541
@md[tVm sbGusGnd^peoplni;I:h^lj@;`nV]0saSl@\dribeQ,6c=desa1g$Phd@h[ghUqBFQf=the5suerikeLskysiraC8re^KliVd1paj7s;of!dj[s?\seaCYtXnRa]ie7Vlacs GroGts o^ LeZeXXegA>SoWe.
4542
@md[tVm sbGusGnd^peoplni;I:h^lj@;`nV]0saSl@\dribeQ,6c=desa1g$Phd@h[ghUqBFQf=the5suerikeLskysiraC8re^KliVd1paj7s;of!dj[s?\seaCYtXnRa]ie7Vlacs GroGts o^ LeZeWXegA>SoWe.
4543
@md[tVm sbGusGnd^peoplni;I:h^ljA;`nV]0saSl@\dribeQ,6c=desa1g$Phd@h[ghUqBFQf=the5suerikeLskysiraC8re^KliVd1paj7s;of!dj[s?\seaCYtXnRa]ie7Vlacs GroGts o^ LeZeWXegA>SoWe.
4544
@ndZtUm tbEusHnd^peoploi;I;h_lj@=anW]0s`Sl@\dribeQ,5c<des`1g#Ohd@hYghTqAEQf=uhe5sueqikeLskysisaC8rf^KliVd1pah8s:of!dj[s?\seaCZtYnRa]ie5Vlacs GroGts o^ LeZeXXegA=SoXe.
4545
@ndZtUm tbEusHnd^peoploi;I;h_lj@=anW]0s`Sl@\dribeQ,5c<des`1g#Ohd@hYghTqAEQf=uhe5sueqikeLskysisaC8rf^KliVd1pah8s:of!dj[s?\seaCZtYnRa]ie5Vlacs GroGts o^ LeZeXXegA=SoXe.
4546
@ndZtUm tbEusHnd^peoploi;I;h_lj@=anW]0s`Sl@\dribeQ,5c<des`1g#Ohd@hYghTqAEQf=uhe5sueqikeLskysisaC8rf^KliVd1pah8s:of!dj[s?\seaCZtYnRa]ie5Vlacs GroGts o^ LeZeXXegA=SoXe.
4547
@ndZtUm tbEusHnd^peoploi;I;h_lj@=anW]0s`Sl@\dribeQ,5c<des`1g#Ohd@hYghTqAEQf=uhe5sueqikeLskysisaC8rf^KliVd1pah8s:of!dj[s?\seaCZtYnRa]ie5Vlads GroGts o^ LeZeXXegA=SoXe.
4548
@ndZtUm tbEusHnd^peoploi;I;h_lj@=anW]0s`Sl@\dribeQ,5c<des`1g#Ohd@hYghTqAEQf=uhe5sueqikeLskysisaC8rf^KliVd1pah8s:of!dj[s?\seaCZtYnRa]ie5Vlads GroGts o^ LeZeXXegA=SoXe.
4549
AndZtUm tbEusHnd^peoploi;I;h_lj@=anW\0s`Sl@[dribeQ,5c<ees`1g#Phd@hYghTqAFQf=uhe5sueqikeLskyshsaC9rf^KliVd1pah7s:of dj[s?\seaCYtYnRa]ie6Vlacs GroGts o^ LeZeXXefA=SoWe.
4550
AndZtUm tbEusHnd^peoploi;I;h_lj@=anW\0s`Sl@[dribeQ,5c<ees`1g#Phd@hYghTqAFQf=uhe5sueqikeLskyshsaC9rf^KliVd1pah7s:of dj[s?\seaCYtYnRa]ie6Vlacs GroGts o^ LeZeXXefA=SoWe.
4551
@ndZtUm tbEusHnd^peoploi;I;h_lj@=anX]0s`Sl@\dribeQ,5c<des`1g#Ohd@hZghTqAEQf=uhe5sueqikeLskysisaC8rf^KliVd1pah8s:of!dj[s?\seaCZtYnRa]ie5Vlads GroGts o^ LeZeXXegA=SoXe.
4552
@ndZtUm tbEusHnd^peoploi;I;h`lj@=anX]0s`Sl@\dribeQ,5c<des`1g"Ohd@hZghTqAEQf=uhe5sueqikeLskysisaC8rf^KliVd1pah8s:of!dj[s?\seaCZtYnRa]ie5Vlads GroGts o^ LeZeXXegA=SoXe.
4553
@ndZtUm tbEusHnd^peoploi;I;h`lj@=anX]0s`Sl@\dribeQ,5c<des`1g"Ohd@hZghTqAEQf=uhe5sueqikeLskysisaC8rf^KliVd1pah8s:of!dj[s?\seaCZtYnRa]ie5Vlads GroGts o^ LeZeXXegA=SoXe.
4554
@ndZtUm tbEusHnd^peoploi;I;h`lj@=anX^0s`Sl@\dribeQ,5c<des`1g"Ohd@hZghTqAEQf=uhe5sueqikeLskysisaC8rf^KliVd1pah8s:of!dj[s?\seaCZtYnRa]ie5Vlads GroGts o^ LeZeXXegA=SoXe.
4555
@ndZtUm tcEusHnd^peoploi;I;h`lj@=anX^0s`Sl@\dribeQ,5c<des`1g"Ohd@hZghTqAEQf=uhe5sueqikeLskysisaC8rf^KliVd1pah8s:of!dj[s?\seaCZtYnRa]ie5Vlads GroGts o^ LeZeXXegA=SoXe.
4556
@ndZtUm tcEusHnd^peoploi;I;h`lj@=anX^0s`Sl@\dribeQ,5c<des`1g"Ohd@hZghTqAEQf=uhe5sueqikeLskysisaC8rf^KliVd1pah8s:of!dj[s?\seaCZtYnRa]ie5Vlads GroGts o^ LeZeXXegA=SoXe.
4557
@ndZtUm tcEusHnd^peoploi;I;h`lj@=anX^0s`Sl@\dribeQ,5c<des`1g"Ohd@hZghTqAEQf=uhe5sueqikeLskysisaC8rf^KliVd1pah8s:of!dj[s?\seaCZtYnRa]ie5Vlads GroGts o^ LeZeXXegA=SoXe.
4558
@ndZtUm tcEusHnd^peoploi;I;h`lj@=anX^0s`Sl@\dribeQ,5c<des`1g"Ohd@hZghTqAEQf=uhe5sueqikeLskysisaC8rf^KliVd1pah8s:of!dj[s?\seaCZtYnRa]ie5Vlads GroHts o^ LeZeXXegA=SoXe.
4559
@ndZtUm tcEusHnd^peoploi;I;h`lj@=anX^0s`Sl@\dribeQ,5c<des`1g"Ohd@hZghTqAEQf=uhe5sueqikeLskysisaC8rf^KliVd1pah8s:of!dj[s?\seaCZtYnRa]ie5Vlads GroHts o^ LeZeXXegA=SoXe.
4560
@ndZtUm tcEusHnd^peoploi;I;h`lj@=anX^0s`Sl@\dribeQ,5c<des`1g"Ohd@hZghTqAEQf=uhe5sueqikeLskysisaC8rf^KliVd1pah8s:of!dj[s?\seaCZtYnRa]ie5Vlads GroHts o^ LeZeXXegA=SoXe.
4561
@ndZtUm tcEusHnd^peoploi;I;h`lj@=anX^0s`Sl@\dribeQ,5c<des`1g"Ohd@hZghTqAEQf=uhe5sueqikeLskysisaC8rf^JliVd1pah8s:of!dj[s?\seaCZtYnRa]ie5Vlads GroHts o^ LeZeXXegA=SoXe.
4562
@ndZtUm tcEusHnd^peoploi;I;h`lj@=anX^0s`Sl@\dribeQ,5c<des`1g!Ohd@hZghTqAEQf=uhe5sueqikeLskysisaC8rf^KliVd1pah8s:of!dj[s?\seaCZtYnRa]ie5Vlads GroHts o^ Le[eXXegA=SoXe.
4563
@ndZtUm tbEusHnd^peoploi;I;h`lj@=anX]0s`Sl@[dribeQ,5c<des`1g"Ohd@hZghTqAEQf=uhe5sueqikeLskysiraC8rf^KliVd1pah9s:of!dj[s?\seaC[tYnRa]ie5Vlads GroGts o^ Le[eXXegA=ToXe.
4564
@ndZtUm tbEusHnd^peoploi;I;h`lj@=anX]0s`Sl@[dribeQ,5c<des`1g"Ohd@hZghTqAEQf=uhe5sueqikeLskysiraC8rf^KliVd1pah9s:of!dj[s?\seaC[tYnRa]ie5Vlads GroGts o^ Le[eXXegA=ToXe.
4565
@ndZtUm tbEusHnd^peoploi;I;h`lj@=anX]0s`Sl@[dribeQ,5c<des`1g"Ohd@hZghTqAEQf=uhe5sueqikeLskysiraC8rf^KliVd1pah9s:of!dj[s?\seaC[tYnRa]ie5Vlads GroGts o^ Le[eXXegA=ToXe.
4566
@ndZtUm tbEusHnd^peoploi;I;h`lj@=anX]0s`Sl@[dribeQ,5c<des`1g"Ohd@hZghTqAEQf=uhe5sueqikeLskysiraC8rf^KliVd1pah9s:of!dj[s?\seaC[tYnRa]ie5Vlads GroGts o^ Le\eXXegA=ToXe.
4567
@ndZtUm tbEusHnd^peoploi;I;h`lj@=anX]0s`Sl@[dribeQ,5c<des`1g"Ohd@hZghTqAEQf=uhe5sueqikeLskysiraC8rf^KliVd1pah9s:of!dj[s?\seaC[tYnRa]ie5Vlads GroGts o^ Le\eXXegA=ToXe.
4568
@ndZtUm tbEusHnd^peoploi;I;h`lj@=anX]0s`Sl@[dribeQ,5c<des`1g"Ohd@hZghTqAEQf=uhe5sueqikeLskysiraC8rf^KliVd1pah9s:of!dj[s?\seaC[tYnRa]ie5Vlads GroGts o^ Le\eXXegA=ToXe.
4569
@ndZtUm tcFusHnd^peoploi;I;h`li@=anX^0s`Sl@\dribeQ-5c<des`1g!Ohd@hZghTqAEQf=uhe5sueqikeLskysisaC8rf^KliVd1pah8s:of!dj[s?\seaCZtYnRa]ie5Vlads GroHts o^ Le\eWXegA=SoXe.
4570
@ndZtUm tcFusHnd^peoploi;I;h`li@=anX^0s`Sl@\dribeQ-5c<des`1g!Ohd@hZghTqAEQf=uhe5sueqikeLskysisaC8rf^KliVd1pah8s:of!dj[s?\seaCZtYnRa]ie5Vlads GroHts o^ Le\eWXegA=SoXe.
4571
@ndZtUm tdFusHnd^peoploi;I;h`li@=anX^0s`SlA\dribeQ-5c<des`1g!Ohd@hZghTqAEQf=uhe5sueqikeLskysisaC8rf^KliVd1pah8s:of!dj[s?\seaCZtYnRa]ie5Vlads GroHts o^ Le\eWXegA=SoXe.
4572
@ndZtUm tdFusHnd^peoploi;I;h`li@=anX^0s`SlA\dribeQ-5c<ces`1g!Ohd@hZghTqAEQf=uhe5sueqikeLskysisaC8rf^KliVd1pah8s:of!dj[s?\seaCZtZnRa]ie5Vlads GroHts o^ Le\eWXegA=SoXe.
4573
@ndZtUm tdFusHnc^peoploi;I;h`li@=anX^0s`SlA\dribeQ,5c<des`1g!Ohd@hZghTqAEQf=uhe5sueqikeLskysisaC8rf^KliVd1pah8s:of!dj[s?\seaCZtYnRa]ie5Vlads GroHts o^ Le\eVXegA=SoXe.
4574
@ndZtUm tdFusHnc^peoploi;I;h`li@=anX^0s`SlA\dribeQ,5c<des`1g!Ohd@hZghTqAEQf=uhe5sueqikeLskysisaC8rf^KliVd1pah8s:of!dj[s?\seaCZtYnRa]ie5Vlads GroHts o^ Le\eVXegA=SoXe.
4575
@ndZtUm tdFusHnc^peoploi;I;h`li@=anX^0s`SlA\dribeQ,5c<des`1g!Ohd@hZghTqAEQf=uhe5sueqikeLskysisaC8rf^KliVd1pah8s:of!dj[s?\seaCZtYnRa]ie5Vlads GroHts o^ Le\eVXegA=SoXe.
4576
@ndZtUm tdFusHnc^peoploi;I;i`li@=anX^0s`SlA\dribeQ,5c<des`1g!Ohd@hZghTqAEQf=uhe5sueqikeLskysisaC8rf^KliVd1pah8s:of!dj[s?\seaCZtYnRa]ie5Vlads GroHts o^ Le\eVXegA=SoXe.
4577
@ndZtUm tdFusHnc^peoploi;I;i`li@=anX^0s`SlA\dribeQ,5c<des`1g!Ohd@hZghTqAEQf=uhe5sueqikeLskysisaC8rf^KliVd1pah8s:of!dj[s?\seaCZtYnRa]ie5Vlads GroHts o^ Le\eVXegA=SoXe.
4578
@ndZtUm tdFusInc^peoploi;I;i`li@=anX^0s`SlA\dribeQ,5c<des`1g!Ohd@hZghTqAEQf=uhe5sueqikeLskysisaC8rf^KliVd1pah8s:of!dj[s?\seaCZtYnRa]ie5Vlads GroHts o^ Le\eVXegA=SoXe.
4579
@ndZtUm tdFusInc^peoploi;I;i`li@=anX^0s`SlA\dribeQ,5c<des`1g!Ohd@hZghTqAEQf=uhe5sueqikeLskysisaC8rf^KliVd1pah8s:of!dj[s?\seaCZtYnRa]ie5Vlads GroHts o^ Le\eVXegA=SoXe.
4580
@ndZtUm tcEusHnd^peoploi;I:h`lj@=anX_0s`SlA\dribeQ,5c<des`1g!Ohd>hZghTqAEQf<uhe5sueqileLskysisaC8rf^KliVd0pag8s:of!dj[s?\sfaCZtYnRa]ie5Vlads HroGts o^ MeZeXXegA>SoXe.
4581
@ndZtUm tbEusHnd^peoploi;I;h`lj@=anX]0s`Sl@[dribeQ,5c=ces`1g"OhdAh[ghTqBEQf=uhe5sueqikeLskyshraD8rf^KliVd0pah9s:of!dk[s?\seaC\tYnRa]id4Vlads HroGts o^ Le[eWXegA=ToXe.
4582
@ndZtUm tbEusHnd^peoploi;I;h`lj@=anX]0s`Sl@[dribeQ,5c=ces`1g"OhdAh[ghTqCEQf=uhe5sueqikeLskyshraD8rf^KliVd0pah9s:of!dk[s?\seaC\tYnRa]id4Vlads HroGts o^ Le[eWXegA=ToXe.
4583
@ndZtUm tbEusHnd^peoploi;I;h`lj@=anX]0s`Sl@[dribeQ,5c=ces`1g"OhdAh[ghTqCEQf=uhe5sueqikeLskyshraD8rf^KliVd0pah9s:of!dk[s?\seaC\tYnRa]id4Vlads HroGts o^ Le[eWXegA=ToXe.
4584
@ndZtUm tbEusHnd^peoploi;I;h`lj@=anX]0s`Sl@[dribeQ,5c=ces`1g"OhdAh[ghTqCEQf=uhe5sueqikeLskyshraD8rf^JliVd0pah9s:of!dk[s?\seaC\tYnRa]id4Vlads HroGts o^ Le[eWXegA=ToXe.
4585
@ndZtUm tbEusHnd^peoploi;I;h`lj@=anX]0s`Sl@[dribeQ,5c=ces`1g"OhdAh[ghTqCEQf=uhe5sueqikeLskyshraD8rf^JliVd0pah9s:of!dk[s?\seaC\tYnRa]id4Vlads HroGts o^ Le[eWXegA=ToXe.
4586
AndZtVm tdFusHnc^peoploi;I;h`li@=anX^/saSlA\dribeQ,5c<des`1g!Ohd@hZghTqAEQf=uhe5sueqikeKskysisaC8rf^KliVd1pah8r:of!dj[s?\seaCZtYnRa]ie5Vlads GroHts o^ Le\eUXefA=SoXe.
4587
AndZtUm tdFusHnc^peoploi;I;h`li@=anX^0s`SlA\dribeQ,5c<des`1g!Ohd@hZghTqAEQf<uhe5sueqileKskysisaC8rf^KliVd1pah8r:of!dj[s?]seaC[tYnRa]ie5Vlads HroHts o^ Le\eUXegA=SoXe.
4588
@ndZtUm tbEusHnd^peoploi;I;h`lj@=anX]0s`Tl@[dribeQ,5c=ces`1g"OhdAh[ghTqCEQf=uhe5sueqileLskyshraD8rf^KliVd0pah9s:of!dk[s?\sgaC\tYnRa]id4Vlads HroGts o^ Le[eWXegA=ToXe.
4589
@ndZtUm tbEusHnd^peoploi;I;h`lj@=anX]0s`Tl@[dribeQ,5c=ces`1g"OhdAhZghTqCEQf=uhe5sueqileLskyshraD8rf^KliVd0pah9s:of dk[s?\sgaC\tYnRa]id4Vlads HroGts o^ Le[eWXegA=ToXe.
4590
AndZtVm tdFusHnc^peoploi;I;h`li@=anX^/saSlA\dribeQ,5c<des`1g!Ohd@hZghTqAEQf=uhe5suerikeKskysiraC8rf^KliVd1pah8r:of!dj[s?\seaCZtYnRa^ie5Vlads GroHts o^ Le\eUXefA=SoXe.
4591
AndZtVm tdFusHnc^peoploi;I;h`li@=anX^/saSlA\dribeQ,4c<des`1g!Ohd@hZghTqAEQf=uhe5suerikeKskysiraC8rf^KliVd1pah8r:of!dj[s?\seaCZtYnRa^ie5Vlads GroHts o^ Le\eUXefA=SoXe.
4592
AndZtVm tdFusHnc^peoploi;I;h`li@=anX^/saSlA\dribeQ,4c<des`1g!Ohd@hZghTqAEQf=uhe5suerileKskysiraC8rf^KliVd1pah8r:of!dj[s?\seaDZtYnRa^ie5Vlads GroHts o^ Le\eUXefA=SoXe.
4593
AndZtVm tdFusHnc^peoploi;I;h`li@=anX^/saSlA\dribeQ,4c<des`1g!Ohd@hZghTqAEQf=uhe5suerileKskysiraC8rf^KliVd1pah8r:of!dj[s?\seaDZtYnRa^ie5Vlads GroHts o^ Le\eUXefA=SoXe.
4594
AndZtVm tdFusHnc^peoploi;I;h`li@=anX^/saSlA\dribeQ,4c<des`1g!Ohd@hZghTqAEQf=uhe5suerileKskysiraC8rf^KliVd1pah8r:of!dj[s?\seaDZtYnRa^ie5Vlads GroHts o^ Le\eUXefA=SoXe.
4595
AndZtVm tdFusHnc^peoploi;I;h`li@=anX^/saSlA\dribeQ,4c<des`1g!Ohd@hZghTqAEQf=uhe5suerileKskysiraC8rf^KliVd1pah8r:of!dj[s?\seaDZtYnRa_ie5Vlads GroHts o^ Le\eUXefA=SoXe.
4596
AndZtVm tdFusHnc^peoploi;I;h`li@=anX^/saSlA\dribeQ,4c<des`1g!Ohd@hZghTqAEQf=uhe5suerileKskysiraC8rf^KliVd1pah8r:of!dj[s?\seaDZtYnRa_ie5Vlads GroHts o^ Le\eUXefA=SoXe.
4597
AndZtVm tdFusHnc^peoploi;I;h`li@=anX^/saSlA\dribeQ,4c<des`1g!Ohd@hZghTqAEQf=uhe5suerileKskysiraC8rf^KliVd1pah8r:of!dj[s?\seaDZtYnRa_ie5Vlads GroHts o^ Le\eUXefA=SoXe.
4598
AndZtVm tdFusHnc^peoploi;I;h`li@=anX^/saSlA\dribeQ,4c<des`1g!Ohd@hZghTqAEQf=uhe5suerileKskysiraC8rf^KliVd1pah8r:of!dj[s?\seaDZtYnRa_ie5Vlads GroHts o^ Le\eUXefA=SoXe.
4599
AndZtVm tdFusHnc]peoploi;I;h`li@=anX^/saSlA\dribeQ,4c<des`1g!Ohd@hZghTqAEQf=uhe5suerileKskysiraC8rf^KliVd0pah8r:of!dj[s?\seaDZtYnRa^ie5Vlads GroHts o^ Le\eUXefA=SoXe.
4600
AndZtVm tdFusHnc]peoploi;I;h`li@=anX^/saSlA\dribeQ,4c<des`1g!Ohd@hZghTqAEQf=uhe5suerileKskysiraC8rf^KliVd0pah8r:of!dj[s?\seaDZtYnRa^ie5Vlads GroHts o^ Le\eUXefA=SoXe.
4601
AndZtVm tdFusHnc]peoploi;I;h`li@=anX^/saSlA\dribeQ,4c<des`1g!Ohd@hZghTqAEQf=uhe5suerileKskysiraC8rf^KliVd0pah8r:of!dj[s?\seaDZtYnRa^ie5Vlads GroHts o^ Le\eUXefA=SoXe.
4602
AndZtVn tdFusHnc^peoploi<I;h`li@=anX^/saSlA\dribeQ,4c<des`1g!Ohd@hZghTqAEQf=uhe5suerileKskysiraC8rf^KliVd1pah8r:of!dj[s?\seaDZtYnRa^ie5Wlads GroHts o^ Le\eUXefA=SoXe.
4603
AndZtVm tdFusHnc^peoploi;I;h`li@=anX^0saSlB\dribeQ,4c<des`1g!Ohe@hZghTqAEPf=uhe5suesileKskysiraD8rf^KliVd1pag8r9of dj[s?\seaDZtYnR`_ie5Vlads GroHts o^ Le\eUXefA=SoXe.
4604
AndZtVm tdFusHnc^peoploi;I;h`li@=anX^0saSlB\dribeQ,4c<des`1g!Ohe@hZghTqAEPf=uhe5suesileKskysiraD8rf^KliVd1pag8r9of dj[s?\seaDZtYnR`_ie5Vlads GroHts o^ Le\eUXefA=SoXe.
4605
AndZtVm tdFusHnc^peoploi;I;h`li@=anX^0saSlB\dribeQ,4c<des`1g!Ohe@hZghTqAEPf=uhe5suesileKskysiraD8rf^KliVd1pag8r9of dj[s?\seaDZtYnR`_ie5Vlads GroHts o^ Le\eUXefA=SoXe.
4606
AndZtVm tdFusHnc^peoploi;I;h`li@=anX^0saSlB\dribeQ,4c<des`1g!Ohe@hZghTqAEPf=uhe5stesileKskysiraD8rf^KliVd1pag8r9of dj[s?\seaDZtYnR`_ie5Vlads GroHts o^ Le\eTXefA=SoXe.
4607
AndZtVm tdFusHnc^peoploi;I;h`li@=anX^0saSlB\dribeQ,4c<des`1g!Ohe@hZghTqAEPf=uhe5stesileKskysiraD8rf^KliVd1pag8r9of dj[s?\seaDZtYnR`_ie5Vlads GroHts o^ Le\eTXefA>SoXe.
4608
AndZtVm tdFusHnc^peoploi;I;h`li@=anX^0saSlB\dribeQ,4c<des`1g!Ohe@hZghTqAEPf=uhe5stesileKskyshraD8rf^KliVd1pag8r9of dj[s?\seaDZtYnR`_ie5Vlads GroHts o^ Le\eTXeeA=SoXe.
4609
AndZtVm tdFusHnc^peoploi;I;h`li@=anX^0saSlB[dribeQ,4c<des`1g!Ohe@hZghTqAEPf=uhe5stesileKskysiraD8rf^KliVd1pag8r9of dj[s?\seaDZtYnR`_ie5Vlads GroHts o^ Le\eTXefA>SoXe.
4610
AndZtVm tdFusHnc^peoploi;I;h`li@=anX^0saSlB[dribeQ,4c<des`1g!Ohe@hZghTqAEPf=uhe5stesileKskysiraD8rf^KliVd1pag8r9of dj[s?\seaDZtYnR`_ie5Vlads GroHts o^ Le\eTXefA>SoXe.
4611
AndZtVm tdFusHnc^peoploi;I;h`li@=anX^0saSlB[dribeQ,4c<des`1g!Ohe@hZghTqAEPf=uhe5stesileKskysiraD8rf^KliVd1pag8r9of dj[s?\seaDZtYnR`_ie5Vlads GroIts o^ Le\eTXefA>SoXe.
4612
AndZtVm tdFusHnc^peoploi;I;h`li@=anX^0saSlB[dribeQ,4c<des`1g!Ohe@hZghTqAEPf=uhe5stesileKskysiraD8rf^KliVd1pag8r9of dj[s?\seaDZtYnR`_ie5Vlads GroIts o^ Le\eTXefA>SoXe.
4613
AndZtVm tdFusHnc^peoploi;I;h`li@=anX^0sbSlB\dribeQ,4c<des`1g!Ohe@hZghTqAEPf=uhe5stesileKskyshraD8rf^KliVd1pag8r9of dj[s?]seaDZtYnR`_ie5Vlads GroHts o^ Le\eTXeeA=SoXe.
4614
AndZtVm tdFusHnc^peoploi;I;h`li@=anX^0sbSlB\dribeQ,4c<des`1g!Ohe@hZghTqAEPf=uhe5stesileKskyshraD8rf^KliVd1pag8r9of dj[s?]seaDZtYnR`_ie5Vlads GroHts o^ Le\eTXeeA=SoXe.
4615
AndZtVm tdFusHnc^peoploi;I;h`li@=anX_0sbSlB\dribeQ,4c<det`1g!Ohe@hZghTqAEPf=uhe5stesileKskyshraD8rf^KliVd1pag8r9of dj[s?\seaDZtYnR`_ie5Vlads GroHts o^ Le\eTXeeA=SoXe.
4616
AndZtVm tdFusHnc^peoploi;I:h`li@=anX^0saSlB\dribeQ,4c<des`1g!Ohe@hZghTqAEPf=vhe5stesileKskyshraD8rf^KliVd1paf8r9of dj\s?\seaDZtYnR`_ie4Vlads GroHts o^ Le\eTWeeA=SoXe.
4617
AndZtVm tdFusHnc^peoploi;I:h`li@=anX^0saSlB\dribeQ,4c<des`1g!Ohe@hZghTqAEPf=vhe5stesileKskyshraD8rf^KliVd1paf8r9of dj\s?\seaDZtYnR`_ie4Vlads GroHts o^ Le\eTWeeA=SoXe.
4618
AndZtVm tdFusHnc^peoploi;I:h`li@=anX_0sbSlC\dribeQ,4c<det`1g!Ohe@hZghTqAEPf=uhe5stesileKskyshraD8rf^KliVd1pag8r9of dj[s?\seaDZtYnR`_ie5Vlads GroHts o^ Le\eTXeeA=SoXe.
4619
AndZtVm tdFusHnc^peoploi;I:h`li@=anX_0sbSlC\dribeQ,4c<det`1g!Ohe@hZghTqAEPf=uhe5stesileKskyshraD8rf^KliVd1pag8r9of dj[s?\seaDZtYnR`_ie5Vlads GroHts o^ Le\eTXeeA=SoXe.
4620
AndZtVm tdFusHnc^peoploi;I:h`li@=anX_0sbSlC\dribeQ,4c<det`1g!Ohe@hZghTqAEPf=uhe5stesileKskyshraD8rf]KliVd1pag8r9of dj[s?\seaDZtYnR`_ie5Vlads GroHts o^ Le\eTXeeA=SoXe.
4621
AndZtVm tdFusHnc^peoploi;I:h`li@=anX_0sbSlC\dribeQ,4c<det`1g!Ohe@hZghTqAEPf=uhe5stesileKskyshraD8rf]KliVd1pag8r9of dj[s?\seaDZtYnR`_ie5Vlads GroHts o^ Le\eTXeeA=SoXe.
4622
AndZtVm tdFusHnc^peoploi;I:h`li@=anX_0sbSlC\dribeQ,4c<det`1g!Ohe@hZghTqAEPf=uhe5stesileKskyshraD8rf]KliVd1pag8r9of dj[s?\seaDZtYnR``ie5Vlads GroHts o^ Le\eTXeeA=SoXe.
4623
AndZtVm tdFusHnc^peoploi;I:h`li@=anX_0sbSlC\dribeQ,4c<det`1g!Ohe@hZghTqAEPf=uhe5stesileKskyshraD8rf]KliVd1pag8r9of dj[s?\seaDZtYnR``ie5Vlads GroHts o^ Le\eTXeeA=SoXe.
4624
AndZtVm tdFusHnc^peoploi;I:h`li@=anX_0sbSlC\dribeQ,4c<det`1g!Ohe@hZghTqAEPf=uhe4stesileKskyshraD8rf^JliVd1pag8r9of dj[s?]seaDZtYnR`_ie5Vlads GroHts o^ Le\eTXeeA=SoXe.
4625
AndZtVm tdFusHnc^peoploi;I:h`li@=anX_0sbSlC\dribeQ,4c<det`1g!Ohe@hZghTqAEPf=uhe4stesileKskyshraD8rf^JliVd1pag8r9of dj[s?]seaDZtYnR``ie5Vlads GroHts o^ Le\eTXeeA=SoXe.
4626
AndZtVm tdFusHnc^peoploi;I:h`li@>anX_0sbSlC\dribeQ,4c<det`1g!Ohe@hZghTqAEPf=uhe4stesileKskyshraD8rf^JliVd1pag8r9of dj[s?]seaDZtYnR``ie4Vlads GroHts o^ Le\eTXeeA=SoXe.
4627
AndZtVm tdFusHnc^peoploi;I:h`li@=anX_0sbSlC\dribeQ,4c<det`1g!Ohe@hZghTqAEPf=uhe4suesileKskyshraD8rf^JliWd1pag8r9of dj[s?]seaDZtYnR``ie5Vlads GroHts o^ Le\eTXeeA=SoXe.
4628
AndZtVm tdFusHnc^peoploi;I:h`li@=anX_0sbSlC\dribeQ,4c<det`1g!Ohe@hZghTqAEPf=uhe4suesileKskyshraD8rf^JliWd1pag8r9of dj[s?]seaDZtYnR``ie5Vlads GroHts o^ Le\eTXeeA=SoXe.
4629
AndYtVm tdFusHnd]peoploi;I;h`li@=anX`0saSlC[dribeQ,4c<des`1g Ohe@hZghTqAEPf=uhe5stesileKskysiraD8rf^KliVe1pag8r9of dj[s?\seaDZtYnR`_ie4Vlads GroIts o^ Le\eTXefA>SoXe.
4630
AndZtVm tdFusHnd]peoploi;I;h`li@=anX`0saSlC[dribeQ,4c<desa1g Ohe@hZghTqAEPf=uhe5stesileKskysiraD8rf^KliVe1pag8r9of dj[s?]seaDZtYnR`_ie4Vlads GroIts o^ Le\eTXefA>SoXe.
4631
AndZtVm tdFusHnd]peoploi;I;h`li@=anX`0saSlC[dribeQ,4c<desa1g Ohe@hZghTqAEPf=uhe5stesileKskysiraD8rf^KliVe1pag8r9of dj[s?]seaDZtYnR`_ie4Vlads GroIts o^ Le\eTXefA>SoXe.
4632
AndZtVm tdFusHnd]peoploi;I;h`li@=anX`0saSlC[dribeQ,4c<desa1g Ohe@hZghTqAEPf=uhe5stesileKskysiraD8rf^KliVe1pag8r9of dj[s?]seaDZtYnR`_ie4Vlads GroIts o^ Le\eTXefA>SoXe.
4633
AndZtVm tdFusHnd]peoploi;I;h`li@<anX`0saSlD[dribeQ,3c<des`1g Ohe@hZghTqAEPf=uhe5stesileKskysiraD8rf^KliVd1paf8r9of dj[s?\seaDZtYnR`_ie4Vlads GroIts o^ Le\eTXefA>SoXe.
4634
AndZtVm teFusHnc^peoploi;I:h`li@=anX^/sbSlC\dribeQ,4c<det`2g!Qhe@h[ghTqAEPf=uhe5stesileKsjyshraD9rf]KliVd1pag8r9of dj[s>\seaDZtYmR``ie5Vlacs GroHts o^ Le\eTXeeA=ToXe.
4635
AndZtVm teFusHnc^peoploi;I:h`li@=anX^/sbSlC\dribeQ,4c<det`2g!Qhe@h[ghTqAEPf=uhe5stesileKsjyshraD9rf]KliVd1pag8r9of dj[s>\seaDZtYmR``ie5Vlacs GroHts o^ Le\eTXeeA=ToXe.
4636
AndZtVm teFusHnc^peoploi;I:h`li@=anX^/scSlC\dribeQ,4c<det`2g!Qhe@h[ghTqAEPf=uhe5stesileKsjyshraD9rf]KliVd1pag8r9of dj[s>\seaDZtYmR``ie5Vlacs GroHts o^ Le\eTXeeA=ToXe.
4637
AndYtVm tdFusInd]peoploi;I;h`li@=anX`0saTlC[dribeQ,4c<des`1g Ohe@hZghTqAEPf=uhe5stesileKskysiraD8rf^JliVe1pag8r9of dj[s?\seaDZtYnR`_ie4Vlads GroIts o^ Le]eTXefA>SoXe.
4638
AndYtVm tdFusInd]peoploi;I;h`li@=anX`0saTlC[dribeQ,4c<des`1g Ohe@hZghTqAEPf=uhe5stesileKskysiraD8rf^JliVe1pag8r9of dj[s?\seaDZtYnR`_ie4Vlads GroIts o^ Le^eTXefA>SoXe.
4639
AndYtVm tdFusInd]peoploi;I;h`li@=anX`0saTlC[dribeQ,4c<des`1g Ohe@hZghTqAEPf=uhe5stesileKskysiraD8rf^JliVe1pag8r9of dj[s?\seaDZtYnR`_ie4Vlads GroIts o^ Le^eTXefA>SoXe.
4640
AndYtVm tdGusInd]peoploi;I;h`li@=anX`0saTlC[dribeQ,4c<des`1g Ohe@hZghTqAEPf=uhe5stesileKskysiraD8rf^JliVe1pag8r9of dj[s?\seaDZtYnR`_ie4Vlads GroIts o^ Le^eTXefA>SoXe.
4641
AndYtVm tdGusInd]peoploi;I;h`li@=anX`0saTlC[dribeQ,4c<des`1g Ohe@hZghTqAEPf=uhe5stesileKskysiraD8rf^JliVe1pag8r9of dj[s?\seaDZtYnR`_ie4Vlads GroIts o^ Le^eTXefA>SoXe.
4642
AndYtVm tdGusInd]peoploi;I;h`li@=anX`0s`TlC[dribeQ,4c<des`1g Ohe@hZghTqAEPf=uhe5stesileKskysiraD8rf^JliVe1pag8r9of dj[s?\seaDZtYnR`_ie4Wlads GroIts o^ Le^eTXefA>SoXe.
4643
AndYtVm tdGusInd]peoploi;I;h`li@=anX`0s`TlC[dribeQ,4c<des`1g Ohe@hZghTqAEPf=uhe5stesileKskysiraD8rf^JliVe1pag8r9of dj[s?\seaDZtYnR`_ie4Wlads GroIts o^ Le^eTXefA>SoXe.
4644
AndYtVm tdHusInd]peoploi;I;h`li@=anX`0s`TlC[dribeQ,4c<des`1g Ohe@hZghTqAEPf=uhe5stesileKskysiraD8rf^JliVe1pag8r9of dj[s?\seaDZtYnR`_ie4Wlads GroIts o^ Le^eTXefA>SoXe.
4645
AndYtVm tdHusInd]peoploi;I;h`li@=anX`0s`TlC[dribeQ,4c<des`1g Ohe@hZghTqAEPf=uhe5stesileKskysiraD8rf^JliVe1pag8r9of dj[s?\seaDZtYnR`_ie4Wlads GroIts o^ Le^eTXefA>SoXe.
4646
AndZtVm tfFusHnc^peoploi;I:h`li@=anX_/scSlC\dribeQ,3c<det`2g!Qhe@h[ghTqAEPf=uhe5stesileKsjyshraD9rf]JliVd1pag8r9of dj[s=\seaDZtYmR``ie5Vlacs GroHts o^ Le\eTXeeA=ToXe.
4647
AndZtVm tfFusHnc^peoploi;I:h`li@=anX_/scSlC\dribeQ,3c<det`2g!Qhe@h[ghTqAEPf=uhe5stesileKsjyshraD9rf]JliVd1pag8r9of dj[s=\seaDZtYmR``ie5Vlacs GroHts o^ Le\eTXeeA=ToXe.
4648
AndZtVm teFusHnc^peoploi;I9h`li@=anX^/sbSlC\dribeQ,4c=det`2g!Qhe@h[ghTqCEQf=uhe5stesileKsjysgraD9rf]KliVd1pag8r9of dj[s>\seaDZtYmR``ie5Vlacs GroHts o^ Le\eTXeeA=UoXe.
4649
AndZtVm tfFusHnc^peoploi;I:h`li@=anX_/scSlC\dribeQ,3c<det`2g!Qhe@h[ghTrAEPf=uhe5stesileKsjyshraD9rf]JliVd1pag8r9of dj[s=\seaDZtYmR``ie5Vlacs GroHts o^ Le\eTXeeA=ToXe.
4650
AndZtVm teFusHnc^peoploi;I9h`li@=anX^/scSlC\dribeR,4c<det`2g!Qhe@h[ghTqAEQf<uhe5stesileKsjyshraD9rf]KliVd0pag8r9of dj[s>\seaDZtYmS_`ie5Vlads GroHts o^ Le\eTXeeA=ToXe.
4651
AndZtVm teFusHnc^peoploi;I9h`li@=anX^/scSlC\dribeR,4c<det`2g!Qhe@h[ghTqAEQf<uhe5stesileKsjyshraD9rf]KliVd0pag8r9of dj[s>\seaDZtYmS_`ie5Vlads GroHts o^ Le\eTXeeA=ToXe.
4652
AndZtVm teFusHnc^peoploi;I9h`li@=anX^/scSlC\dribeR,4c<det`2g!Qhe@h[ghTqAEQf<uhe5stesileJsjyshraD9rf]KliVd0pag8r9of dj[s>\seaDZtYmS_`ie5Vlads GroHts o^ Le\eTXeeA=ToXe.
4653
AndZtVm teFusHnc^peoploi;I9h`li@=anX^/scSlC\dribeR,4c<det`2g!Qhe@h[ghTqAEQf<uhe5stesileJsjyshraD9rf]KliVd0pag8r9of dj[s>\seaDZtYmS_`ie5Vlads GroHts o^ Le\eTXeeA=ToXe.
4654
AndZtVm teFusHnc^peoploi;I9h`li@=anX^/scSlC\dribeR,4c<det`2g!Qhe@h[ghTqAEQf<uhe5stesileJsjyshraD9rf]KliVd0pag8r9of dj[s>\seaDZtYmS_`ie5Vlads GroHts o^ Le\eTXeeA=ToXe.
4655
AndZtVm teFusHnc^peoploi;I9h`li@=anX^/scSlC\dribeR,4c<det`2g!Qhe@h[ghTqAEQf<uhe5stesileIsjyshraD9rf]KliVd0pag8r9of dj[s>\seaDZtYmS_`ie5Vlads GroHts o^ Le\eTXeeA=ToXe.
4656
AndZtVm teFusHnc^peoploi;I9h`li@=anX^/scSlC\dribeR,4c<det`2g!Qhe@h[ghTqAEQf<uhe5stesileIsjyshraD9rf]KliVd0pag8r9of dj[s>\seaDZtYmS_`ie5Vlads GroHts o^ Le\eTXeeA=ToXe.
4657
AndZtVm teFusHnc^peoploi;I9h`li@=anX^/scSlC\dribeR,4c<det`2g!Qhe@h[ghTqAEQf<uhe4stesileIsjyshraD9rf]KliVd0pag8r9of dj[s>\seaDZtYmS_`ie5Vlads GroHts o^ Le\eTXeeA=ToXe.
4658
AndZtVm teFusHnc^peoploi;I9h`li@=anX^/scSlC\dribeR,4c<det`2g!Qhe@h[ghTqAEQf<uhe4stesileIsjyshraD9rf]KliVd0pag8r9of dj[s>\seaDZtYmS_`ie5Vlads GroHts o^ Le\eTXeeA=ToXe.
4659
AndZtVm teFusHnc^peoploi;I9h`li@=anX^/scSlC\dribeR,4c<det`2g!Qhe@h[ghTqAEQf<uhe4stesileIsjyshraD9rf]KliVd0pag8r9of dj[s>\seaDZtYmS_`ie5Vlads GroHts o^ Le\eTXeeA=ToXe.
4660
AndZtVm teFusHnc^peoploi;I9h`li@=anX^/scSlC\dribeR,4c<det`2g!Qhe@h[ghTqAEQf<uhe5stesileJsjyshraD:rf]KliVd0pag8r9of dj[s>\seaDZtYmS_`ie5Wlaes GroHts o^ Le\eTXeeA=ToXe.
4661
AndZtVn tfFusHnc^peoploi;I:h`li@=anX_/sdSlD\eribeR,3c=det`2g!Qhe@h[ghTrAEPf=uhe5stesileKsjyshraD9rf]JliVd1pag8r9of dj[s=\seaDZtYmR``ie5Vlacs GroHts o^ Le\eTXeeA>ToXe.
4662
AndZtVn tfFusHnc^peoploi;I:h`li@=anX_/sdSlD\eribeR,3c=det`2g!Qhe@h[ghTrAEPf=uhe5stesileKsjyshraD9rf]JliVd1pag8r9of dj[s=\seaDZtYmR``ie5Vlacs GroHts o^ Le\eTXeeA>ToXe.
4663
AndZtVn tfFusHnc^peoploi;I:h`li@=anX_/sdSlD\eribeQ,3c=det`2g!Qhe@h[ghTrBEPf=the5stesileKsjyshraD9rf]JliVd1pag8r9of dj[s=\seaDZtYmR``ie5Vlacs GroHts o^ Le\eTXeeA>ToXe.
4664
AndZtVn tfFusHnc^peoploi;I:h`li@=anX_/sdSlD\eribeQ,3c=det`2g!Qhe@h[ghTrBEPf=the5stesileKsjyshraD9rf]JliVd1pag8r9of dj[s=\seaDZtYmR``ie5Vlacs GroHts o^ Le\eTXeeA>ToXe.
4665
AndZtVn tfFusHnc^peoploi;I:h`li@=anX_/sdSlD\eribeQ,3c=det`2g!Qhe@h[ghTrBEPf=the5stesileKsjyshraD9rf]JliVd1pag8r9of dj[s=\seaDZtYmR``ie5Vlacs GroHts o^ Le\eTXeeA>ToXe.
4666
AndZtVm teGusHnc^peoploi;J9h`li@=anX^/scTlC[dribeR,4c<det`2g!Qhe@h[ghTqAEQf<uhe5stesileJsjyshraD:rf]KliVd0pag8r9of dj[s>\seaDZtYmS_`ie5Wlads GroHts o^ Le\eTXeeA=ToXe.
4667
AndZtVm teGusHnc^peoploi;J9h`li@=anX^/scTlC[dribeR,4c<det`2g!Qhe@h[ghTqAEQf<uhe5stesileJsjyshraD:rf]KliVd0pag8r9of dj[s>\seaDZtYmS_`ie5Wlads GroHts o^ Le\eTXeeA=ToXe.
4668
AndZtVn tfFusHnd^peoploi;I:h`li@=anX_/sdSlD[eribeR,3c=det`2g!Qhe@h[ghTsAEPf=uhe5stesileKsjyshraD9rf]JliVd1pag8r9of dj[s=\seaDZtYmR``ie5Vlacs GroHts o^ Le\eTXeeA>ToXe.
4669
AndZtVn tfFusHnc^peoploi;I:h`li@=anX_/sdSlD\eribeQ,3c=det`2g!Qhe@h[ghTrBEPf=the5stesileKsjyshraD9rf]JliVd1pag8r9of dj[s=\seaDZtZmS``ie5Vlacs GroHts o^ Le\eTXeeA>ToXe.
4670
AndZtVm teFusInc^peoploi;I9h`li@=anX_/scTlC\dribeR,4c<det`2g!Qhe@h[ghTqAEQf<uhe4stesileIsjyshraD9rf]KliVd0pag9r9of dj[s>]seaDZtYmS_`ie5Vlaes GroHts o^ Le\eTXeeA=ToXe.
4671
AndZtVm teFusInc^peoploi;I9h`li@=anX_/scTlC\dribeR,4c<det`2g!Qhe@h[ghTqAEQf<uhe4stesileIsjyshraD9rf]KliVd0pag9r9of dj[s>]seaDZtYmS_`ie5Vlaes GroHts o^ Le\eTXeeA=ToXe.
4672
AndZtVm teFusInc^peoploi;I9h`li@=anX_/scTlC\dribeR,4c<det`2g!Qhe@h[ghTqAEQf<uhe4stesileIsjyshraD9rf]KliVd0pag9r9of dj[s>]seaDZtYmS_`ie5Vlaes GroHts o^ Le\eTWeeA=ToXe.
4673
AndZtVm teFusInc^peoploi;I9h`li@=anX_/scTlC\dribeR,4c<det`2g!Qhe@h[ghTqAEQf<uhe4stesileIsjyshraD9rf]KliVd0pag9r9of dj[s>]seaDZtYmS_`ie5Vlaes GroHts o^ Le\eTWeeA=ToXe.
4674
AndZtVm teFusInc^peoploi;I9h`li@=anX_/scUlC\dribeR,4c<det`2g!Qhe@h[ghTqAEQf<uhe4stesileIsjyshraD9rf]KliVd0pag9r9of dj[s>]seaDZtYmS_`ie5Vlaes GroHts o^ Le\eTWeeA=UoXe.
4675
AndZtVm teFusInc^peoploi;I9h`li@=anX_/scUlC\dribeR,4c<det`2g!Qhe@h[ghTqAEQf<uhe4stesileIsjyshraD9rf]KliVd0pag9r9of dj[s>]seaDZtYmS_`ie5Vlaes GroHts o^ Le\eTWeeA=UoXe.
4676
AndZtVm teFusInc^peoploi;I9h`li@=anX_/scUlC\dribeR,4c<det`2g!Qhe@h[ghTqAEQf<uhe4stesileIsjyshraD9rf]KliVd0pag9r9of dj[s>]seaDZtYnS_`ie5Vlaes GroHts o^ Le\eTWeeA=UoXe.
4677
AndZtVm teFusInc^peoploi;I9h`li@=anX_/scUlC\dribeR,4c<det`2g!Qhe@h[ghTqAEQf<uhe4stesileIsjyshraD9rf]KliVd0pag9r9of dj[s>]seaDZtYnS_`ie5Vlaes GroHts o^ Le\eTWeeA=UoXe.
4678
AndZtVm teFusInc^peoploi;I9h`li@=anX_/scUlC\dribeR,4c<det`2g!Qhe@h[ghTqAEQf<uhe4stesileIsjyshraD9rf]KliVd0pag9r9of dj[s>]seaDZtYnS_`ie5Vlaes GroHts o^ Le\eTWeeA=UoXe.
4679
AndZtVm teFusInc^peoploi;I9h`li@=anX_/scUlC\dribeR,4c=det`2g!Qhe@h[ghTqAEQf<uhe4stesileIsjyshraD9rf]KliVd0pag9r9of dj[s>]seaDZtYnS_`ie5Vlaes GroHts o^ Le\eTWeeA=UoXe.
4680
AndZtVm teFusInc^peoploi;I9h`li@=anX_/scUlC\dribeR,4c=det`2g!Qhe@h[ghTqAEQf<uhe4stesileIsjyshraD9rf]KliVd0pag9r9of dj[s>]seaDZtYnS_`ie5Vlaes GroHts o^ Le\eTWeeA=UoXe.
4681
AndZtVm teFusInc^peoploi;I9h`li@=bnX_/scUlC\dribeR,4c<det`2g Qhe@h[ghTqAEQf<uhe4stesileIsjyshraD9rf]KliVd0pag9r9of dj[s>]seaDZtYnS_`ie5Vlaes GroHts o^ Le\eTWeeA=UoXe.
4682
AndZtVm teFusInc^peoploi;I9h`li@=bnX_/scUlC\dribeR,4c<det`2g Qhe@h[ghTqAEQf<uhe4stesileIsjyshraD9rf]KliVd0pag9r9of dj[s>]seaDZtYnS_`ie5Vlaes GroHts o^ Le\eTWeeA=UoXe.
4683
AndZtVm teFusInc^peoploi;I9h`li@=bnX_/scUlC\dribeR,4c<det`2g Qhe@h[ghTqAEQf<uhe4stesileIsjyshraD9rf]KliVd0pag9r9of dj[s>]seaDZtYnS_`ie5Vlaes GroHts o^ Le\eTWeeA=UoXe.
4684
AndZtVm teFusInc]peoploi;I9h`li@=anX_/scSlC\dribeR,4c<det`2g!Qhe@h[ghTqAEQf<uhe4stesileIsjyshraD9rf]JliVe0pag9r9of dj[s>]sfaDZtYmS^`ie5Vlads GroHts o` Le\eTXeeA>TnXe.
4685
AndZtVm teFusInc^peoploi<I9h`li@=anZ^/scSlE\dribeR,4c<det`2g!Qhe?h[ghTqAEQf<uhe4sserilfJskyshraD;rf]KliVd0paf9r9of dk[s>\seaDZtYnS_`ie4Wlads GroGts o^ Le\eTXeeA=ToYe.
4686
AndZuVm teFusInc^peoploi<I9h`li@=anZ^/scSlE\dribeR,4c<det`2g!Qhe?h[ghTqAEQf<uhe4sserilfJskyshraD;rf]KliVd0paf9r9of dk[s>\seaDZtYnS_aie4Wlads GroGts o^ Le\eTXeeA=ToYe.
4687
AndZuVm teFusInc^peoploi<I9h`li@=anZ^/scSlE\dribeR,4c<det`2g!Qhe?h[ghTqAEQf<uhe4sserilfJskyshraD;rf]KliVd0paf9r9of dk[s>\seaDZtYnS_aie4Wlads GroGts o^ Le\eTXeeA=ToYe.
4688
AndZuVm teFusInc^peoploi<I9h`li@=anZ^/scSlE\dribeR,4c<det`2g!Qhe?h[ghTqAEQf<uhe4sserilfJskyshraD;rf]KliVd0paf9r9of dk[s>\seaDZtYnS_aie4Wlads GroGts o^ Le\eTXeeA=ToZe.
4689
AndZtVm teFusInc]peoploi;I9h`li@=anX_/scSlC\dribeR,4c<det`2g!Qhe@h[ghTrAEQf<uhe4stesileIsjyshraD9rf]JliVe0pag9r8of dj[s>]sfaDZtYmS^`ie4Vlads GroHts o` Le\eTXeeA>TnXe.
4690
AndZtVm teFusInc]peoploi;I9h`li@=anX_/scSlC\dribeR,4c<det`2g!Qhe@h[ghTrAEQf<uhe4stesileIsjyshraD9rf]JliVe0pag9r8of dj[s>]sfaDZtYmS^`ie4Vlads GroHts o` Le\eTXeeA>TnXe.
4691
AndZtVm teFusInc]peoploi;I9h`li@=anX_/scSlC\dribeR,4c<det`2g!Qhe@h[ghTrAEQf<uhe4stesileIsjyshraD9rf]JliVe0pag9r8of dj[s>]sfaDZtYmS^`ie4Vlads GroHts o` Le\eTXeeA>TnXe.
4692
AndZtVm teFusInc]peoploi;I9h`li@=anX_/scSlC\dribeR,4c<det`2g!Qhe@h[ghTrAEQf<uhe4stesileIsjyshraD9rf]JliVe0pag9r8of dj[s>]sfaDZtYmS^`ie4Vlads GroHts o` Le\eTXeeA>TnXe.
4693
AndZtVm teFusInc]peoploi;I9h`li@=anY_/scSlC\dribeR,4c<det`2g!Qhe@h[ghTrAEQf<uhe4stesileIsjyshraD9rf]JliVe0pag9r8of dj[s>]sfaDZtYmS^`ie4Vlads GroHts o` Le\eTXeeA>TnXe.
4694
AndZuVn teFusInc^peoploi<I9h`li@=anZ_/scSlE\dribeR,4c<det`2g!Qhe>h[ghTqAEQf<uhe4sserilfJskyshraD;rf]KliVd0paf9r9of dk[s>\seaDZtYnS_aie4Wlads GroGts o^ Le\eTXeeA=ToZe.
4695
AndZuVn teFusInc^peoploi<I9h`li@=anZ_/scSlE\dribeR,4c<det`2g!Qhe>h[ghTqAEQf<uhe4sserilfJskyshraD;rf]KliVd0paf9r9of dk[s>\seaDZtYnS_aie4Wlads GroGts o^ Le\eTXeeA=ToZe.
4696
AndZtVm teFusInc]peoploi;I9i`li@=anX_/scSlC\dribeR,4c<det`2g!Qhe@h[ghTrAEQf<uhe4stesileIsjyshraD9rf]JliVe0pag9r8of dj[s>]sfaDZtYmS^`ie4Vlads GroHts oa Le\eTXeeA>TnXe.
4697
AndZtVm teFusInc]peoploi;I9i`li@=anX_/scSlC\dribeR,4c<det`2g!Qhe@h[ghTrAEQf<uhe4stesileIsjyshraD9rf]JliVe0pag9r8of dj[s>]sfaDZtZmS^`ie4Vlads GroHts oa Le\eTXeeA>TnXe.
4698
AndZuVm teFusInc^peoploi<I9h`li@=anZ_/scSlE\dribeR,4c<det`2g!Qhe?h[ghTqAEQf<uhe3sserilfJskyshraE;rf]KliVd0paf9r9of dk[s>\seaDZtYnS_aie4Wlads GroGts o^ Le]eTXeeA=ToZe.
4699
AndZuVm teFusInc^peoploi<I8h`li@=anZ_/scSlE\dribeR,4c<det`2g!Qhe?h[ghUqAEQf<uhe4sserilfJskyshraD;rg]KliVd0paf9r9of dk[s>\seaDZtYnS_aie4Wlads GroGts o^ Le\eTXeeA=To[e.
4700
AndZuVn teGusInc^peoploi<I9h`li@=anZ_.scSlE\dribeR,4c<det`2g!Qhe>h[ghTqAEQf<uhe4sserilfJskyshraD;rf]KliVd0paf:r9of dk[s>\seaDZtYnS_aie4Wlads GroGts o^ Le\eTXeeA=ToZe.
4701
AndZuVn teGusInc^peoploi<I9h`li@=anZ_.scSlE\dribeR,4c<det`2g!Qhe>h[ghTqAEQf<uhe4sserilfJskyshraD;rf]KliVd0paf:r9of dk[s>\seaDZtYnS_aie4Wlads GroGts o^ Le\eTXeeA=ToZe.
4702
AndZuVn teGusInc^peoploi<I9h`li@=anZ_.scSlE\dribeR,4c<det`2g!Qhe>h[ghTqAEQf<uhe4sserilfJskyshraD;rf]KliVd0paf:r9of dk[s>\seaDZtYnS_aie4Wlads GroGts o^ Le\eTXeeA=ToZe.
4703
AndZuVm teGusInc^peoploi<I8h`li@=anZ_/scSlE\dribeR,4c<det`2g!Qhe?h[ghUqAEQf<uhe4sserilfJskyshraD;rg]KliWd0paf9r9of dk[s>\seaDZtYnS_bie4Wlads GroGts o^ Le\eTXeeA<To[e.
4704
AndZuVm teGusInc^peoploi<I8h`li@=anZ_/scSlE\dribeR,4c<det`2g!Qhe?h[ghUqAEQf<uhe4sserilfJskyshraD;rg]KliWd0paf9r9of dk[s>\seaDZtYnS_bie4Wlads GroGts o^ Le\eTXeeA<To[e.
4705
AndZuVl teFusInc^peoploi<I9hali@=bnZ_/scSlE\dribeR,4c<det`2g!Qhe?h[ghTqAEQf<uhe2sserilfJskyshraE;rf]KliWd0paf9r9of dl[s>\seaDZtYnS_aie4Wlads GroGts o^ Le^eTXeeA=ToZe.
4706
AndZuVl teFusInc^peoploi<I9hali@=bnZ_/scSlE\dribeR,4c<det`2g!Qhe?h[ghTqAEQf<uhe2sserilfJskyshraE;rf]KliWd0paf9r9of dl[s>\seaDZtYnS_aie4Wlads GroGts o^ Le^eTXeeA=ToZe.
4707
AndZuVl teFusInc^peoploi<I9hali@=bnZ_/scSlE\dribeR,4c<det`2g!Qhe?h[ghTqAEQf<uhe2sserilfJskyshraE;rf]KliWd0paf9r9of dl[s>\seaDZtZnS_aie4Wlads GroGts o^ Le^eTXeeA=ToZe.
4708
AndZuVl teFusInc^peoploi<I9hali@=bnZ_/scSlE\dribeR,4c<det`2g!Qhe?h[ghTqAEQf<uhe2sserilfJskyshraE;rf]KliWd0paf9r9of dl[s>\seaDZtZnS_aie4Wlads GroGts o^ Le^eTXeeA=ToZe.
4709
AndZuVl teFusInc^peoploi<I9hali@=bnZ_/scSlE\dribeR,4c=det`2g!Qhe?h[ghTqAEQf<uhe2sserilfJskyshraE;rf]KliWd0paf9r9of dl[s>\seaDZtZnS_aie4Wlads GroGts o^ Le^eTXeeA=ToZe.
4710
AndZuVl teFusInc^peoploi<I9hali@=bnZ_/scSlE\dribeR,4c=det`2g!Qhe?h[ghTqAEQf<uhe2sserilfJskyshraE;rf]KliWd0paf9r9of dl[s>\seaDZtZnS_aie4Wlads GroGts o^ Le^eTXeeA=ToZe.
4711
AndZuVl teFusInc^peoploi<I9hali@=bnZ_/scSlE\dribeR,4c=det`2g!Qhe?h[ghTqAEQf<uhe2sserilfJskyshraE;rf]KliWd0paf9r9of dl[s>\seaDZtZnS_aie4Wlads GroGts o^ Le^eTXeeA=ToZe.
4712
AndZuVl teFusInc^peoploi<I9hali@=bnZ_/scSlE\dribeR,4c=det`2g!Qhe?h[ghTqAEQf<uhe1sserilfJskyshraE;rf]KliWd0paf9r9of dl[s>\seaDZtZnS_aie4Wlads GroGts o^ Le^eTXeeA=ToZe.
4713
AndZuVl teFusInc^peoploi<I9hali@=bnZ_/scSlE\dribeR,4c=det`2g!Qhe?h[ghTqAEQf<uhe1sserilfJskyshraE;rf]KliWd0paf9r9of dl[s>\seaDZtZnS_aie4Wlads GroGts o^ Le^eTXeeA=ToZe.
4714
AndZuVl teFusInc]peoploi<I9hali@=bnZ_/scSlE\dribeR,4c=det`2g!Qhe?h[ghTqAEQf<uhe1sserilfJskyshraE;rf]KliWd0paf9r9of dl[s>\seaDZtZnS_aie4Wlads GroGts o^ Le^eTXeeA=ToZe.
4715
AndZuVl teFusInc^peoploi<I9hali@=bnZ_/scSlE\dribeR,4c=det`2g!Qhe>h[ghTqAEQf<uhe2sserilfJskyshraE;rf]KliXd0paf9r9of dl[s>\seaDZtZnS_aie4Wlads GroGts o^ Le^eTXeeA=ToZe.
4716
AndZuVl teFusInc^peoploi<I9hali@=bnZ_/scSlE\dribeR,4c=det`2g!Qhe>h[ghTqAEQf<uhe2sserilfJskyshraE;rf]KliXd0paf9r9of dl[s>\seaDZtZnS_aie4Wlads GroGts o^ Le^eTXeeA=ToZe.
4717
AndZuVl teFusInc^peoploi<I9hali@=bnZ_/scSlE\dribeR,4c=det`2g!Qhe>h[ghTqAEQf<uhe2sserilfJskyshraE;rf]KliXd0paf9r9of dl[s>\seaDZtZnS_aie4Wlads GroGts o^ Le^eTXeeA=ToZe.
4718
AndZuVl teFusInc]peoploi<I9haliA=bnZ_/scSlE\dribeR,4c<det`2f!Qhe?h[ghTqAEQf<uhe2sserilfJskyshraE;rf]KliWd0paf9r9of dl[s>\sfaDZtYnS_aie4Wlads GroGts o^ Le^eTXeeA>Tn[e.
4719
AndZuVl teFusInc^peoploi<I9hali@=bnZ_/tcSlFZdribeR,4c<det`2g!Qhe?h[ghTqBEQf;the2sserilfJskyshraE;rf]KliWd0paf9r9of dl[s=\seaDZtYnS^aie4Wlads GroGts o^ Le^eTXeeA=ToZe.
4720
AndZuVl teFusInc^peoploi<I9hali@=bnZ_/scSlEZdribeR,4c<det`2g!Qhe?h[ghTrAEQf<the2sserilfJskyshraE;rf]KliWd/paf9r9of dl\s>\seaDZtYnS_aie4Wlads GroGts o^ Le^eTXeeA=UoZe.
4721
AndZuVl teFusInc^peoploi<I9hali@=bnZ_/scSlEZdribeR,4c<det`2g!Qhe?h[ghTrAEQf<the2sserilfJskyshraE;rf]KliWd/paf9r9of dl\s>\seaDZtYnS_aie4Wlads GroGts o^ Le^eTXeeA=UoZe.
4722
AndZuVl teFusInc^peoploi<I9hali@=bnZ_/scSlEZdribeR,4c<det`2g!Qhe?h[ghTrAEQf<the2sserilfJskyshraE;rf]KliWd/paf9r9of dl\s>\seaDZtYnS_aie4Wlads GroGts o^ Le^eTXeeA=UoZe.
4723
AndZuVl teFusInc^peoploi<I9hali@=bnZ_/scSlE\dribeR,4c=det`2g!Qhe?h[ghTqAERf<the2sserilfJskyshraE;rf]KliWd0pae9r9of dl[s=\seaDZtZnS_aie4Wlads GroGts o_ Le^eTXedA=ToZe.
4724
AndZuVl teFusInc^peoploi<I9hali@=bnZ_/scSlE\dribeR,4c=det`2g!Qhe?h[ghTqAERf<the2sserilfJskyshraE;rf]KliWd0pae9r9of dl[s=\seaDZtZnS_aie4Wlads GroGts o_ Le^eTXedA=ToZe.
4725
AndZuVl tfFusInc^peoplni<J8hali@=bnZ_/scSlE\eribeR,4c<det`3g!Qhe?h[ghUqBEQf<uhe2sserilfJskysgraE;rf]KliWd0paf9r9of dl[s>\sfaDZtYnS_aie4Wlads GroHts o^ Le^eTXfeA=UoZe.
4726
AndZuVl tfFusInc^peoplni<J8hali@=bnZ_/scSlE\eribeR,4c<det`3g!Qhe?h[ghUqBEQf<uhe2sserilfJskysgraE;rf]KliWd0paf9r9of dl[s>\sfaDZtYnS_aie4Wlads GroHts o^ Le^eTXfeA=UoZe.
4727
AndZuVl tfFusInc^peoplni<J8hali@=bnZ_/scSlE\eribeR,4c<det`3g!Qhe?h[ghUqBEQf<uhe2sserilfJskysgraE;rf]KliWd0paf9r9of dl[s>]sfaDZtYnS_aie4Wlads GroHts o^ Le^eTXfeA=UoZe.
4728
AndZuVl tfFusInc^peoplni<J8hali@=bnZ_/scSlE\eribeR,4c<det`3g!Qhe?h[ghUqBEQf<uhe2sserilfJskysgraE;rf]KliWd0paf9r9of dl[s>]sfaDZtYnS_aie4Wlads GroHts o^ Le^eTXfeA=UoZe.
4729
AndZuVl tfFusInc^peoplni<J8hali@=bnZ_/scSlE\eribeR,4c<det`3g!Qhe?h[ghUqBEQf<uhe2sserilfJskysgraE;rf]KliWd0paf9r9of dl[s>]sfaDZtYnS_aie4Wlads GroHts o^ Le^eTXfeA=UoZe.
4730
AndZuVl tfFusInc^peoplni<J8hali@=bnZ_/scSlF\eribeR,4c<det`3g!Qhe?h[ghUqBEQf<uhe2sserilfJskysgraE;rf]KliWd0paf9r9of dl[s>]sfaDZtYnS_aie4Wlads GroHts o^ Le^eTXfeA=UoZe.
4731
AndZuVl tfFusInc^peoplni<J8hali@=bnZ_/scSlE\eribeR,4c<det`3g!Qhe?h[ghUqCEQf<uhe2sserilfJskysgraE;rf]KliWe0paf9r9of dl[s>\sfaDZtZnS_aie4Wlads GroHts o^ Le^eTXfeA=UoZe.
4732
AndZuVl tfFusInc^peoplni<J8hali@=bnZ_/scSlE\eribeR,4c<det`3g!Qhe?h[ghUqCEQf<uhe2sserilfJskysgraE;rf]KliWe0paf9r9of dl[s>\sfaDZtZnS_aie4Wlads GroHts o^ Le^eTXfeA=UoZe.
4733
AndZuVl tfFusInc^peoplni<J8hali@=bnZ_/scSlE\eribeR,4c<det`3g!Qhe?h[ghUqCEQf<uhe2sserilfJskysgraE;rf]KliWe0paf9r9of dl[s>\sfaDZtZnS_aie4Wlads GroHts o^ Le^eTXfeA=UoZe.
4734
AndZuVl teFusInc^peoploi<I9hali@=bnZ_/tcSlFZdribeR,4c<det`2g"Qhe?h[ghUqBEQf;the2sserilfJskyshraE;rf\KliWd0pbe9r9of dm[s<\sfaDZtYnT^aie4Wlads GroGts o^ Le^eTXedA=ToZe.
4735
AndZuVl teFusInc^peoploi<I9hali@=bnZ_/tcSlFZdribeR,4c<det`2g"Qhe?h[ghUqBEQf;the2sserilfJskyshraE;rf\KliWd0pbe9r9of dm[s<\sfaDZtYnT^aie4Wlads GroGts o^ Le^eTXedA=ToZe.
4736
AndZuVl tfFusInc^peoplni<J8hali@=bnZ_/scSlE\eribeS,4c<det`3g!Qhe?h\ghUqCEQf<uhe2sserilfJskysgraE;rf]KliWe0paf9r9of dl[s>\sfaDZtZnS_aie4Wlads GroHts o^ Le^eTXfeA=UoZe.
4737
AndZuVl tfFusInc^peoplni<J8hali@=bnZ_/scSlE\eribeR,4c<det`3g!Qhe?h[ggUqCERf<uhe2sterilfJskysgraE;rg]KliWe0paf9r9of dl\s>\sfaDZtZnS_aie4Wlads GroHts o^ Le^eTXfeA=UoZe.
4738
AndYtVl teFusInc^peoploi<I9haliA=bnZ_/scSlE[dribeR,4c<det`2g!Qhe?h[ghTqCERf<uhe2sserilfJskysgraE;rf]KliWd0paf9r9of dl\s>\sfaDZtYnS_aie4Wlaes GroGts o_ Le^eSWedA=UoZe.
4739
AndYtVl teFusInc^peoploi<I9haliA=bnZ_/scSlE[dribeR,4c<det`2g!Qhe?h[ghTqCERf<uhe2sserilfJskysgraE;rf]KliWd0paf9r9of dl\s>\sfaDZtYnS_aie4Wlaes GroGts o_ Le^eSWedA=UoZe.
4740
AndYtVl teFusInc^peoploi<I9haliA=bnZ_/scSlE[dribeR,4c<det`2g!Qhe?h[ghTqCERf<uhe2sserilfJskysgraE;rf]KliWd0paf9r9of dl\s>\sfaDZtYnS_aie4Wlaes GroGts o_ Le^eSWedA=UoZe.
4741
AndYtVl teFusInc^peoploi<I9haliA=bnZ_/scSlE[dribeR,4c<det`2g!Qhe?h[ghUqCERf<uhe2sserilfJskysgraE;rf]KliWd0paf9r9of dl\s>\sfaDZtYnS_aie4Wlaes GroGts o_ Le^eSWedA=UoZe.
4742
AndYtVl teFusInc^peoploi<I9haliA=bnZ_/scSlE[dribeR,4c<det`2g!Qhe?h[ghTqCESf<uhe2sserilfJskysgraE;rf]KliWd0paf9r9of dl\s>\sfaDZtYnT_aie4Wlaes GroGts o_ Le^eSWedA=UoZe.
4743
AndYtVl teFusInc^peoploi<I9haliA=bnZ_/scSlE[dribeR,4c<det`2g!Qhe?h[ghTqCESf<uhe2sserilfJskysgraE;rf]KliWd0paf9r9of dl\s>\sfaDZtYnT_aie4Wlaes GroGts o_ Le^eSWedA=UoZe.
4744
AndZuVl tfGusInd^peoploi<J8hali@=bnZ_/scSlE\eribeR,4c<det`3g!Qhe?h[ghTsBEQf<uhe2sserileJskysgraE;rf]KliWd0paf9r8of dl[s>\sfaDZtYnS_aie3Wlads GroHts o^ Le^eSXfeA=UnZe.
4745
AndZuVl tfFusInc^peoploi=I7hali@=bnZ_/sdSlE\fribeR,4c<det`3g!Qhe?h[ghTqBEQf<uhe1sterileJskysgraE<rf]KliWd0pae9r8of dl[s>\sfaDZtYnS_aie4Wlads GroGts o^ Le^eTXfeA>UnZe.
4746
AndZuVl tfFusInc^peoploi=I7hali@=bnZ_/sdSlE\fribeR,4c<det`3g!Qhe?h[ghTqBEQf<uhe1sterileJskysgraE<rf]KliWd0pae9r8of dl[s>\sfaDZtYnS_aie4Wlads GroGts o^ Le^eTXfeA>UnZe.
4747
AndZuVl tfFusInc^peoploi=I7hali@=bnZ_/sdSlE\fribeR,4c<det`3g!Qhe?h[ghTqBEQf<uhe1sterileJskysgraE<rf]KliWd0pae9r8of dl[s>\sfaDZtYnS_aie4Wlads GroGts o^ Le^eTXfeA>UnZe.
4748
AndZuXl tfGusInc^peoploi<J8ibli@=bnZ_/sdTlE\eribeR,5c<eet`3g!Qhe?h[ghTrBDQf<uhe0sserileJskysgraE;rf]KliWd/paf9r9of dl\s>\sfaDZtYnS_aie4Vlads GroGts o^ Le^eTXeeA=UoZe.
4749
AndZuXl tfGusInc^peoploi<J8ibli@=bnZ_/sdTlE\eribeR,5c<eet`3g!Qhe?h[ghTrBDQf<uhe0sserileJskysgraE;rf]KliWd/paf9r9of dl\s>\sfaDZtYnS_aie4Vlads GroGts o^ Le^eTXeeA=UoZe.
4750
AndZuXl tfGusInc^peoploi<J8ibli@=bnZ_/sdTlE\eribeR,5c<eet`3g!Qhe?h[ghTrBDQf<uhe0sserileJskysgraE;rf]KliWd/paf9r9of dl\s>\sfaDZtYnS_aie4Wlads GroGts o^ Le^eTXeeA=UoZe.
4751
AndZuXl tfGusInc^peoploi<J8ibli@=bnZ_/sdTlE\eribeR,5c<eet`3g!Qhe?h[ghTrBDQf<uhe0sserileJskysgraE;rf]KliWd/paf9r9of dl\s>\sfaDZtYnS_aie4Wlads GroGts o^ Le^eTXeeA=UoZe.
4752
AndZuXl tfGusInc^peoploi<J8ibli@=bnZ_/sdTlE\eribeR,5c<eet`3g!Qhe?h[ghTrBDQf<uhe0sserileJskysgraE;rf]KliWd/paf9r9of dl\s>\sfaDZtYnS_aie4Wlads GroGts o^ Le^eTXeeA=UoZe.
4753
AndZuXl tfGusInc^peoploi<J8ibli@=bnZ_/sdTlE\eribeR,5c<eet`3g!Qhe?h[ghTrBDQf<uhe0sserileJskysgraE;rf]KliWd/paf9r9of dl\s>\sfaDZtYnS_aie4Wlads GroGts o^ Le^eTXeeA=UoZe.
4754
AndZuXl tfGusInc^peoploi<K8ibli@=bnZ_/sdTlE\eribeR,5c<eet`3g!Qhe?h[ghTrBDQf<uhe0sserikeJskysfraE;rf]KliWd/paf9r9of dl\s>\sfaDZtYnS_aie4Wlads GroGts o^ Le^eTXeeA=UoZe.
4755
AndZuXl tfGusInc^peoploi<K8ibli@=bnZ_/sdTlE\eribeR,5c<eet`3g!Qhe?h[ghTrBDQf<uhe0sserikeJskysfraE;rf]KliWd/paf9r9of dl\s>\sfaDZtYnS_aie4Wlads GroGts o^ Le^eTXeeA=UoZe.
4756
AndZuXl tfGusInc^peoploi<J8ibli@=bnZ_/sdTlE\eribeR,5c<eet`3g!Qhe?h[ghTrBDQf<uhe/sserileJskysgraE;rf]KliWd/paf9r9of dl\s>\sfaDZtYnS_bie4Vlads GroGts o^ Le^eTXeeA=VoZe.
4757
AndZuXl tfGusInc^peoploi<J8ibli@=bn[_/sdTlE\eribeR,5c<eet`3g Qhe?h[ghTrBDQf<uhe0sserileJskysgraE;rf]KliWd/paf9r9of dl\s>\sfaD[tYnS_aie4Wlads GroGts o^ Le^eTXeeA=UoZe.
4758
AndZuXl tfGusInc^peoploi<J8ibli@=bn[_/sdTlE\eribeR,5c<eet`3g Qhe?h[ghTrBDQf<uhe0sserileJskysgraE;rf]KliWd/paf9r9of dl\s>\sfaD[tYnS_aie4Wlads GroGts o^ Le^eTXeeA=UoZe.
4759
AndZuXl tfGusInc^peoploi<J8ibli@=bn[_/sdTlE\eribeR,5c<eet`3g Qhe?h[ghTrBDQf<uhe0sserileJskysgraE;rf]KliWd/paf9r9of dl\s>\sfaD[tYnS_aie4Wlads GroGts o^ Le^eTXeeA=UoZe.
4760
AndZuXl tfGusInc^peoploi<J8ibli@=bnZ_/sdTlE\eribeR,5c<eet`3g!Qhe?h[ghTrBDQf<uhe/sserileJskysgraE;rf]KliWd/paf9r9of dl\s>\sfaDZtYnS^bie4Vlads GroGts o^ Le^eTXeeA=VoZe.
4761
AndZuXl teGusKnc^peoploi<J7ibli@=bnZ_/sdTlE\eribeR,5c<eet`3g!Qhe?h\ghTrBDQf<uhe/sserileJskysgraE;rf]KliWd/paf9r9of dl\s>\sfaDZtYnS_bie4Vlads GroGts o^ Le^eTXeeA=UoZe.
4762
AndZuXl tfGusInc^peoploi<J8ibli@=bn[_/sdTlE[eribeR,5c<eet`3g Qhe?h[ghTrBDQf<uhe0sserileJskysgraE;rg]KliWd/paf9r9of dl\s>\sfaDZtYnS_aie4Wlads GroGts o^ Le^eTXeeA=VoZe.
4763
AndZuXl tfGusInc^peoploi<J8ibli@=bn[_/sdTlE[eribeR,5c<eet`3g Qhe?h[ghTrBDQf<uhe0sserileJskysgraE;rg]KliWd/paf9r9of dl\s>\sfaDZtYnS_aie4Wlads GroGts o^ Le^eTXeeA=VoZe.
4764
AndZuXl tfGusInc^peoploi<J8ibli@=bn[_/sdTlE[eribeR,5c<eet`3g Qhe?h[ghTrBDQf<uhe0sserileJskysgraE;rg]KliWd/paf9r9of dl\s>\sfaDZtYnS_aie4Wlads GroGts o^ Le^eTXeeA=VoZe.
4765
AndZuXl teGusKnc^peoploi<J8ibli@=bnZ_/sdTlE\eribeR,5c<eet`4g!Qhe?h[ghTrBDQf<uhe/sserileJskysgraF;rf]KliWd/paf9r9of dl\s>\sfaDZtYnS_cie4Vlads GroGts o^ Lf^eTXeeA=UoZe.
4766
AndZuXl teGusKnc^peoploi<J8ibli@=bnZ_/sdTlE\eribeR,5c<eet`4g!Qhe?h[ghTrBDQf<uhe/sserileJskysgraF;rf]KliWd/paf9r9of dl\s>\sfaDZtYnS_cie4Vlads GroGts o^ Lf^eTXeeA=UoZe.
4767
AndZuVl tgFusInc]peoploi=I7haliA=bnZ_/scSlE\gribeR,3c=det`3g!Qhe?h[ghTqBEQf<uhe2sserileJskysgraE<rf]JliWd0paf9r7of dl]s>\sfaEZtZnS_aie4Wlaes GroGts o^ Le^eRXfeA>UnZe.
4768
AndZuVl tgFusInc]peoploi=I7haliA=bnZ_/scSlE\gribeR,3c=det`3g!Qhe?h[ghTqBEQf<uhe2sserileJskysgraE<rf]JliWe0paf9r7of dl]s>\sfaEZtZnS_aie4Wlaes GroGts o^ Le^eRXfeA>UnZe.
4769
AndZuVl tgFusInc]peoploi=I7haliA=bnZ_/scSlE\gribeR,3c=det`3g!Qhe?h[ghTqBEQf<uhe2sserileJskysgraE<rf]JliWe0paf9r7of dl]s>\sfaEZtZnS_aie4Wlaes GroGts o^ Le^eRXfeA>UnZe.
4770
AndZuVl tgFusInc]peoploi=I7haliA=bnZ_/scSlE\gribeR,3c=det`3g!Qhe?h[ghTqBEQf<uhe2sserileJskysgraE<rf]JliWe0paf9r7of dl]s>\sfaEZtZnS_aie4Wlaes HroGts o^ Le^eRXfeA>UnZe.
4771
AndZuVl tgFusInc]peoploi=I7haliA=bnZ_/scSlE\gribeR,3c=det`3g!Qhe?h[ghTqBEQf<uhe2sserileJskysgraE<rf]JliWe0paf9r7of dl]s>\sfaEZtZnS_aie4Wlaes HroGts o^ Le^eRXfeA>UnZe.
4772
AndZuVl tgFusInc]peoploi=I7haliA=bnZ_/scSlE\gribeR,3c=det`3g!Qhe?h[ghTqBEQf<uhe2sserileJskysgraE<rf]JliWe0paf9r7of dl]s>\sfaFZtZnS_aie4Wlaes GroGts o^ Le^eRXeeA>UnZe.
4773
AndZuVl tgFusInc]peoploi=I7haliA=bnZ_/sdSlE\gribeR,3c=det`3g!Qhe?h[ghTqBEQf<uhe2sserileJskysgraE<rf]JliWe0paf9r7of dl]s>\sfaEZtZnS_aie4Wlaes HroGts o^ Le^eRXfeA>UnZe.
4774
AndZuVl tgFusInc]peoploi=I7haliA=bnZ_/sdSlE\gribeR,3c=det`3g!Qhe?h[ghTqBEQf<uhe2sserileJskysgraE<rf]JliWe0paf9r7of dl]s>\sfaEZtZnS_aie4Wlaes HroGts o^ Le^eRXfeA>UnZe.
4775
AndZuVl tgFusInc]peoploi=I7haliA=bnZ`/sdSlE\gribeR,3c=det`3g!Qhe?h[ghTqBEQf<uhe2sserileJskysgraE<rf]JliWe0paf9r7of dl]s>\sfaEZtZnS_aie4Wlaes HroGts o^ Le^eRXfeA>UnZe.
4776
AndZuVl tgFusInc]peoploi=I7haliA=bnZ`/sdSlE\gribeR,3c=det`3g!Qhe?h[ghTqBEQf<uhe2sserileJskysgraE<rf]JliWe0paf9r7of dl]s>\sfaEZtZnS_aie4Wlaes HroGts o^ Le^eRXfeA>UnZe.
4777
AodZuXm teGusKnc^peoploi<J7icli@=bnZ_/sdTlE\eribeR,5c<get`3g!Qhe?h\ghUrBDQf<uhe/sserileJskysfraE;rf]KliWd/paf9r9of dl]s>\seaDZtYnS_bhe4Vlads HroGts o^ Le^eTXeeA=UoZe.
4778
AodZuXm teGusKnc^peoploi<J7icli@=bnZ_/sdTlE\eribeR,5c<get`3g!Qhe?h\ghUrBDQf<uhe/sserileJskysfraE;rg]KliWd/paf9r9of dl]s>\seaDZtYnS_bhe4Vlads HroGts o^ Le^eTXeeA=UoZe.
4779
AodZuXm teGusKnc^peoploi<J7icli@=bnZ_/sdTlE\eribeR,5c<get`3g!Qhe?h\ghUrBDQf<the/sserileJskysfraE;rf]KliWd/paf9r9of dl]s>\seaDZtZnS_bhe4Vlads HroGts o^ Le^eTXeeA=UoZe.
4780
AodZuXm teGusKnc^peoploi<J7icli@=bnZ_/sdTlE\eribeR,5c<get`3g!Qhe?h\ghUrBDQf<the/sserileJskysfraE;rf]KliWd/paf9r9of dl]s>\seaDZtZnS_bhe4Vlads HroGts o^ Le^eTXeeA=UoZe.
4781
AndZuVl tgFusInc]peoploi=I7haliB=bnZ`/scSlE[gribeR,3c=det`3g!Qhe?h[ghTqBEPf<uhe2sserileJskysgraE<rf]JliXe0paf9r7of dl]s>\sfaGZtZnS_aie4Wlaes GroGts o^ Le^eRXeeA>UnZe.
4782
AndZuVl tgFusInc]peoploi=I7haliB=bnZ`/scSlE[gribeR,3c=det`3g!Qhe?h[ghTqBEPf<uhe2sserileJskysgraE<rf]JliXe0paf9r7of dl]s>\sfaGZtZnS_bie4Wlaes GroGts o^ Le^eRXeeA>UnZe.
4783
AndZuVl tgFusInc]peoploi=I7haliB=bnZ`/scSlE[gribeR,3c=det`3g!Qhe?h[ghTqBEPf<uhe2sserileJskysgraE<rf]JliXe0paf9r7of dl]s>\sfaGZtZnS_bie4Wlaes GroGts o^ Le^eRXeeA>UnZe.
4784
AndZuVl tgFusInc]peoploi=I7haliB=bnZ`/scSlE[gribeR,3c=det`3g!Qhe?h[ghTqBEPf<uhe2sserileJskysgraE<rf]JliXe0paf9r7of dl]s>\sfaGZtZnS_bie4Wlaes GroGts o^ Le^eRXeeA>UnZe.
4785
AndZuVl tgFusInc]peoploi=I7haliB=bnZ`/scSlE[gribeR,3c=det`3g!Qhe?h[ghTqBEPf<uhe2sserileJskysgraE<rf]JliXe0paf9r7of dl]s>\sfaGZtZnS_bie4Wlaes GroGts o^ Le^eRXeeA>UnZe.
4786
AndZuVl tgFusInc]peoploi=I7haliB=bnZ_/scSlE[gribeR,3c=det`3g!Qhe?h[ghTqBEQf<uhe2sserileJskysgraE<rf\JliXe0paf9r7of dl]s>\sfaGZtZnS^aie4Wlaes GroGts o^ Le^eRXeeA>UnZe.
4787
AndZuVl tgFusInc]peoploi=I7haliB=bnZ_/scSlE[gribeR,3c=det`3g!Qhe?h[ghTqBEQf<uhe2sserileJskysgraE<rf\JliXe0paf9r7of dl]s>\sfaGZtZnS^aie4Wlaes GroGts o^ Le^eRXeeA>UnZe.
4788
AndZuVl tgFusInc]peoploi=I7haliB=bnZ_/scSlE[gribeR,3c=det`3g!Qhe?h[ghTqBEQf<uhe2sserileJskysgraE<rf\JliXe/paf9r7of dl]s>\sfaGZtZnS^aie4Wlaes GroGts o^ Le^eRXeeA>UnZe.
4789
AndYuVl tgFusInc]peoploi=I7haliC=bnZ`/scSlE[gribeR,3c=det`4g!Qhe?h[ghTqBEPf<uhe2sserileJskysgraE<rf]JliXe0paf9r7of dl^s>\sfaGZtZnS_bie4Wlaes GroGts o^ Le^eRXdeA>UnZe.
4790
AndYuVl tgFusInc]peoploi=I7haliC=bnZ`/scSlE[gribeR,3c=det`4g!Qhe?h[ghTqBEPf<uhe2sserileJskysgraE<rf]JliXe0paf9r7of dl^s>\sfaGZtZnS_bie4Wlaes GroGts o^ Le^eRXdeA>UnZe.
4791
AndZuVl tgFusInc]peoploi=I7haliB=bnZ`/scSlE[gribeQ,3c=det`3g!Qhe?h[ghTrBDPf<uhe2sserileJskysgraF<rf]JliXe0paf9r7of dl^s>\sfaGZt[nS_bie4Wlaes GroGts o^ Le^eRXeeA>UnZe.
4792
AndZuVl tgFusInc]peoploi=I7ialiB=bnZ`/scSlE[gribeQ,3c=det`3g!Qhe?h[ghTrBDPf<uhe2sserileJskysgraF<rf]JliXe0paf9r7of dl^s>\sfaGZt[nS_bie4Wlaes GroGts o^ Le^eRXfeA>UnZe.
4793
AndZuVm tgFusInc]peoploi=I7haliB=bnZ_/scSlE[gribeR,3c=det`3g!Qhe?h[ghTqBEQf<uhe2sserileJskysgraE<rf\JliXe/paf9r7of dl]s>\sfaGZtZnS]aie4Wlaes GroGts o^ Le^eRXeeA>UnZe.
4794
AndZuVl tgFusInc]peoploi=I7haliB=bnZ_/sdSlE[gribeR,3c=det`3g!Qhe?h[ghTqBEQf<uhe2sserileJskysgraE<rf\JliXe/paf9r7of dm]s>\sfaGZtZnS]aie4Wlaes GroGts o^ Le^eRXeeA>UnZe.
4795
AndZuVl tgFusInc]peoploi=I7haliB=bnZ_/sdSlE[gribeR,3c=det`3g!Qhe?h[ghTqBEQf<uhe2sserileJskysgraE<rf\JliXe/paf9r7of dm]s>\sfaGZtZnS]aie4Wlaes GroGts o^ Le^eRXeeA>UnZe.
4796
AndZuVl tgFusInc]peoploi=I7haliB=bnZ_/sdSlE[gribeR,3c=det`3g!Qhe?h[ghTqBEQf<uhe2sserileJskysfraE<rf\JliXe/paf9r7of dm]s>\sfaGZtZnS]aie4Wlaes GroGts o^ Le^eRXeeA>UnZe.
4797
AndZuVl tgFusInc]peoploi=I7haliB=bnZ_/sdSlE[gribeR,3c=det`3g!Qhe?h[ghTqBEQf<uhe2sserileJskysfraE<rf\JliYe/paf9r7of dm]s>\sfaGZtZnS]aie4Wlaes GroGts o^ Le^eRXeeA>UnZe.
4798
AndZuVl tgFusInc]peoploi=I7haliB=bnZ_/sdSlE[gribeR,3c=det`3g!Qhe?h[ghTqBEQf<uhe2sserileJskysfraE<rf\JliYe/paf9r7of dm]s>\sfaGZtZnS]aie4Wlaes GroGts o^ Le^eRXeeA>UnZe.
4799
AndZuVl tgFusInc]peoploi=I7haliB=bnZ_/sdSlE[gribeR,3c=det`3g!Qhe?h[ghTqBEQf<uhe2sserileJskysfraE<rf\JliYe/paf9r7of dm]s>\sfaGZtZnS]aie4Wlaes GroGts o^ Le^eRXeeA>UnZe.
4800
AndZuVm tgFusInc]peoploi>J7hbliA=cnZ_/scSlE\gribeR,3c>det`4g!Qhe?h[ghUqCEQf<uhe2sserileJskysgraE<rf^JliWe0paf9s7of dl^s>\sfaFZt[nS_aie4Wlaes HroGts o^ Lf^eRWfeA>UnZe.
4801
AndZuVm tgFusInc]peoploi>J7hbliA=cnZ_/scSlE\gribeR,3c>det`4g!Qhe?h[ghUqCEQf<uhe2sserileJskysgraE<rf^JliWe0paf9s7of dl^s>\sfaFZt[nS_aie4Wlaes HroGts o^ Lf^eRWfeA>UnZe.
4802
AndZuVm tgFusInc]peoploi>J7hbliA=cnZ_/scSlE\gribeR,3c>det`5g!Qhe?h[ghUqCEQf<uhe2sserileJskysgraE<rf^JliWe0paf9s7of dl^s>\sfaFZt[nS_aie4Wlaes HroGts o^ Le^eRWfeA>UnZe.
4803
AndZuVm tgFusInc]peoploi>J6hbliA=cn[_/scSlE\gribeR,3c>det`4g!Qhe?h[ghUqCEQf<uhe2sserileJskysgraE<rf^JliWe0paf9s7of dl^s>\sfaFZt[nS_aie4Wlaes!HroGts o^ Lg^eRWfeA>UnZe.
4804
AndZuVm tgFusInc]peoploi>J6hbliA=cn[_/scSlE\gribeR,3c>det`4g!Qhe?h[ghUqCEQf<uhe2sserileJskysgraE<rf^JliWe0paf9s7of dl^s>\sfaFZt[nS_aie4Wlaes!HroGts o^ Lg^eRWfeA>UnZe.
4805
AndZuVm tgFusInc]peoploi>J6hbliA=cn[_/scSlE\gribeR,3c>det`4g!Qhe?h[ghUqCEQf<uhe2sserileJskysgraE<rf^JliWe0paf9s7of dl^s>\sfaFZt[nS_aie4Wlaes!HroGts o^ Lg^eRWfeA>UnZe.
4806
AndYuXl teGusInc^pepploi<J7icliA=bn[_/seUlF\fribeT,5c=fet`3g Qhe>h[ghTrBDQf;uhe0sterileJskysgraE;rg]JliWe/paf9r8of cl\s>\sfaD[tYnT_aie4Wlads HroHts o` Le^eSXeeA>UoZe.
4807
AndYuXl teGusInd^pepploi<J7icliA=bn[_/seUlF\fribeT,5c=fet`3g Qhe>h[ghTrBDQf;uhe0sterileJskysgraE;rg]JliWe/paf9r8of cl\s>\sfaD[tYnT_aie4Wlads HroHts o` Le^eSXeeA>UoZe.
4808
AndYuXl teGusInd^pepploi<J7icliA=bn[_/seUlF\fribeT,5c=fet`3g Qhe>h[ghTrBDQf;uhe0sterileJskysgraE;rg]JliWe/paf9r8of cl\s>\sfaD[tYnT_aie4Wlads HroHts o` Le^eSXeeA>UoZe.
4809
AndYuWl tgFusInc]peoploi?J7hbliA=cnZ_/scSlE\gribeR,3c>deta4g!Rhe?h[ghUqCEQf<uhe2sserileJskysgraE<rf]JliWe0paf9s7of dl^s>\sgaEZt[nT_aie4Wmaes HroGts o^ Le^ePXfeA>UnZe.
4810
AndYuWl tgFusInc]peoploi?J7hbliA=cnZ_/scSlE\gribeR,3c>deta4g!Rhe?h[ghUqCEQf<uhe2sserileJskysgraE<rf]JliWe0paf9s7of dl^s>\sgaEZt[nT_aie4Wmaes HroGts o^ Le^ePXfeA>UnZe.
4811
AndYuWl tgFusInc]peoploi?J7hbliA=cnZ_/scSlE\gribeR,3c>deta4g!Rhe?h[ghUqCEQf<uhe2sserileJskysgraE<rf]JliWe0paf9s7of dl^s>\sgaEZt[nT_aie4Wmaes HroGts o^ Le^ePXfeA>UnZe.
4812
AndZuVl tgFusInc]peoploi=I7haliB=bnZ_/sdSlEZhribeR,3c=det`3g!Qhe?h[ghTqBDQf<uhe2sterileJskysfraE<rf\JliYe/paf9r7of dn]s>\sfaG[tZnS]aie4Wlaes GroGts o_ Le^eRXeeA>UnZe.
4813
AndYuWl tgFusInc]peoploi?J7hbliA=cnZ_/scSlE\gribeR,3c>deta4g!She?h\ghUqCEQf<uhe2sserileJskysgsaE<rf]JliWe0paf9s7of dl_s>\sgaEZt[nT_aie4Wmaes HroGts o^ Le^ePXfeA>UnZe.
4814
AndYuWl tgFusInc]peoploi?J7hbliA=cnZ_/scSlE\gribeR,3c>deta4g!She?h\ghUqCEQf<uhe2sserileJskysgsaE<rf]JliWe0paf9s7of dl_s>\sgaEZt[nT_aie4Wmaes HroGts o^ Le^ePXfeA>UnZe.
4815
AndYuWl tgFusInc]peoploi?J7hbliA=cnZ_/scSlE\gribeR,3c?deta4g!She?h\ghUqCEQf<uhe2sserileJskysgsaE<rf]JliWe0paf9s7of dl_s>\sgaEZt[nT_aie4Wmaes HroGts o^ Le^ePXfeA>UnZe.
4816
AndYuVm tgFusInc]peoploi>J5hbliA=cn[_/scSlE\gribeR,3c>det`4g!Qhe?h[ghUrCEQf<uhe2sserileIskysfraE<rf^JliWe0paf9s7of dl^s>\sfaFZt[nS_aie4Wlaes!HroGts o^ Lg_eRWfeA>Un[e.
4817
AndYuVm tgFusInc]peoploi>J5hbliA=cn[_/scSlE\gribeR,3c>det`4g!Qhe?h[ghUrCEQf<uhe2sserileIskysfraE<rf^JliWe0paf9s7of dl^s>\sfaFZt[nS_aie4Wlaes!HroGts o^ Lg_eRWfeA>Un[e.
4818
AndYuVm tgFusInc]peoploi>J5hbliA=cn[_/scSlE\hribeR,3c>det`4g!Qhe?h[ghUrCEQf;uhe2sserileJskysfraE<rf^JliWe0paf9s7of dl^s>\sfaFZt[nS_aie4Wlaes!HroGts o^ Lg_eRWfeA>Un[e.
4819
AndYuVm tgFusInc]peoploi>J5hbliA=cn[_/scSlE\hribeR,3c>det`4g!Qhe?h[ghUrCEQf;uhe2sserileJskysfraE<rf^JliWe0paf9s7of dl^s>\sfaFZt[nS_aie4Wlaes!HroGts o^ Lg_eRWfeA>Un[e.
4820
AndYuWl tgGusInc]peoploi?J7hbliA=cnZ_/scSlE\gribeS,3c=deta4g!Rhe?h[ghUqCEQf<uhe2sserileJskysgraE=rf]JliWe0paf9s7of dl^s=]sgaFZt[nT_bie4Wmaes HroGts o^ Le^ePXfeA>UnZe.
4821
AndYuWl tgGusInc]peoploi?J7hbliA=cnZ_/scSlE\gribeS,3c=deta4g!Rhe?h[ghUqCEQf<uhe2sserileJskysgraE=rf]JliWe0paf9s7of dl^s=]sgaFZt[nT_bie4Wmaes HroGts o^ Le^ePXfeA>UnZe.
4822
AndYuVm tgFusInc]peoploi>J5hbliA=cn[_/scSlE\hribeS,3c>det`4g!Qhe?h[ghUrCEQf<uhe2sterileJskysfraE<rf^JliWe0paf9s7of dl^s>\sfaFZt[nS_aie4Wlaes!HroGts o^ Lg`eRWfeA>Un[e.
4823
AndYuVm tgFusInc]peoploi>J5hbliA=cn[_/scSlE\hribeS,3c>det`4g!Qhe?h[ghUrCEQf<uhe2sterileJskysfraE<rf^JliWe0paf9s7of dl^s>\sfaFZt[nS_aie4Wlaes!HroGts o^ Lg`eRWfeA>Un[e.
4824
AndYuVm tgFusInc]peoploi>J5hbliA=cn[_/scSlE\hribeS,3c>det`4g!Qhe?h[ghUrCEQf<uhe2sterileJskysfraE<rf^JliWe0paf9s7of dl^s>\sfaFZt[nS_aie4Wlaes!HroGts o^ Lg`eRWfeA>Un[e.
4825
AndYuVm tgFusInc]peoploi>J5hbliA=cn[_/scSlE\hribeS,3c>det`4g!Qhe?h[ghUrCEQf<uhe2sterileJskysfraE<rf^JliWe0paf9s7of dl^s>\sfaFZt[nS_aie4Wlaes!HroGts o^ Lg`eRWfeA>Un[e.
4826
AndXuVm tgFusInc]peoploi>J5hbliA=cn[_/scSlE\hribeS,3c>det`4g!Qhe?h\ghUrCEQf<uhe2sterileJskysfraE<rf^JliWe0paf9s7of dl^s>\sfaFZt[nS_aie4Wlaes!HroGts o^ Lg`eRWfeA>Un[e.
4827
AndXuVm tgFusInc]peoploi>J5hbliA=cn[_/scSlE\hribeS,3c>det`4g!Qhe?h\ghUrCEQf<uhe2sterileJskysfraE<rf^JliWe0paf9s7of dl^s>\sfaFZt[nS_aie4Xlaes!HroGts o^ Lg`eRWfeA>Un[e.
4828
AndXuVm tgFusInc]peoploi>J5hbliA=cn[_/scSlE\hribeS,3c>det`4g!Qhe?h\ghUrCEQf<uhe2sterileJskysfraE<rf^JliWe0paf9s7of dl^s>\sfaFZt[nS_aie4Xlaes!HroGts o^ Lg`eRWfeA>Un[e.
4829
AndYuVm tgFusInd]peoploi>J5hbliA=cn[_/scSlE\hribeS,3c>det`4g!Rhe?h[ghUrCEQf<uhe2sterileJskyseraE<rf^JliWe0paf9s7of dl^s>\sfaFZt[nS_aie4Wlaes!HroGts o_ Lg_eRWfeA>Un[e.
4830
AndXuWl tgGusInc\peoploi?J7hbliA=cnZ_/scSlE\gribeS,3c>deta5g!Rhe?h[ghUqCEQf<uhe2sserileJskysgraE=rf]JlhWe0paf9s7of dl^s=]sgaFZt[nT_bhe4Wmafs HroGts o^ Le^ePXfeA>UnZe.
4831
AndXuWl tgGusInc\peoploi?J7hbliA=cnZ_/scSlE\gribeS,3c>deta5g!Rhe?h[ghUqCEQf<uhe2sserileJskysfraE=rf]JlhWe0paf9s7of dl^s=]sgaFZt[nT_bhe4Wmafs HroGts o^ Le^ePXfeA>UnZe.
4832
AndXuWl tgGusInc\peoploi?J7hbliA=cnZ_/scSlE\gribeS,3c>deta5g!Rhe?h[ghUqCEQf<uhe2sserileJskysfraE=rf]JlhWe0paf9s7of dl^s=]sgaFZt[nT_bhe4Wmafs HroGts o^ Le^ePXfeA>UnZe.
4833
AndXuWl tgGusInc\peoploi?J7hbliA=cnZ_/scSlE\gribeS,3c>deta5g!Rhe?h\ghUqCEQf<uhe2sserileJskysfraE=rf]JlhWe0paf9s7of dl^s=]sgaFZt[nT_ahe4Wmafs HroGts o^ Le^ePXfeA>UnZe.
4834
AndXuWl tgGusInc\peoploi?J7hbliA=cnZ_/scSlE\gribeS,3c>deta5g!Rhe?h\ghUqCEQf<uhe2sserileJskysfraE=rf]JlhWe0paf9s7of dl^s=]sgaFZt[nT_ahe4Wmafs HroGts o^ Le^ePXfeA>UnZe.
4835
AndXuWl tgGusInc\peoploi?J7hbliA=cnZ_/scSlE\gribeS,3c>deta5g!Rhe?h[ghUqCEQf<uhe2sserileJskysfraE=rf]JlhWe0paf9s7of dl^s=]sgaFZt[nT_bhe4Wmafs HroGts o^ Le^ePXfeA>UnZe.
4836
AndXuVm tgFusInd]peoploi>J5hbliA=cn[_/scSlE\hribeS,3b>det`4g!Rhe?h[ghUrCEQf<uhe2sterileJskyseraE<rf^JliWe0paf9s7of dm_s>\sfaFZt[nS_ahe4Xlaes!HroGts o_ Lg_eRWfeA>Un[e.
4837
AndXuVm tgFusInd]peoploi>J5hbliA=cn[_/scSlE\hribeS,3b>det`4g!Rhe?h[ghUrCEQf<uhe2sterileJskyseraE<rf^JliWe0paf9s7of dm_s>\sfaFZt[nS_ahe4Xlaes!HroGts o_ Lg_eRWfeA>Un[e.
4838
AndXuVm tgFusInd]peoploi>J5hbliA=cn[_/scSlE\hribeS,3b>det`4g!Rhe?h[ghUrCEQf<uhe2sterileJskyseraE<rf^JliWe0paf9s7of dm_s>\sfaFZt[nS_ahe4Xlaes!HroGts o_ Lg_eRWfeA>Un[e.
4839
AndXuVm tgFusInd]peoploi>J5hbliA=cn[_/scSlE\hribeS,3b>eet`4g!Rhe?h[ghUrCEQf<uhe2sterileJskyseraE<rf^JmiWe0paf9s7of dm_s>\sfaFZt[nS_ahe4Xlaes!HroGts o_ Lg_eRWfeA>Un[e.
4840
AncXuVm tgFusInd]peoploi>J5hbliA=cn[_/scSlE\hribeS,3b?det`4g!Rhe?h[ghUrCEQf<uhe2sterileJskyseraE<rf^JliWe0paf9s7of dm_s=\sfaFZt[nS_ahe4Xlaes!HroGts o_ Lg_eRWfeA>Un[e.
4841
AndYuVm tgFusInc]peoploi>J5hbliA=cn[_/sdSlG\iribeR,3c>deta4g!Qhe?h\ghUrCEQf;uhe2sserileJskysfraE<rf]JliWe0paf:s7of dm^s=\sfaFZt[nS_aie3Wlaes!HroGts o^ Lg_eRWfeA>Un[e.
4842
AndYuVm tgFusInc]peoploi>J5hbliA=cn[_/sdSlG\iribeR,3c>deta4g!Qhe?h\ghUrCEQf;uhe2sserileJskysfraE<rf]JliWe0paf:s7of dm^s=\sfaFZt[nS_aie3Wlaes!HroGts o^ Lg_eRWfeA>Un[e.
4843
AndXuWl tgGusInc\peoploi?J7hbliA=cnZ_/scSlE\gribeS,3c?deta5g!Rhe?h[ghUqCEQf;uhe2sserileIskysgraE=rf]JlhWe0paf9s7of dm^s=]sgaF[t[nT_bie4Wmags HroGts o^ Le^ePXfeA>UnZe.
4844
AndXuWl tgGusInc\peoploi?J7hbliA=cnZ_/scSlE\gribeS,3c?deta5g!Rhe?h[ghUqCEQf;uhe2sserileIskysgraE=rf]JlhWe0paf9s7of dm^s=]sgaF[t[nT_bie4Wmags HroGts o^ Le^ePXfeA>UnZe.
4845
AndYtVn tgFusJnc]peoploi>J5hbliA=cn[_/sdSlE\hrhbeT,3c>det`4g!Qhe?h[ghTrCEQf<uhe2sterileJskyseraE<rg]JliWe0paf9s6of dl^s=\sfaFZt[nR_aie4Wlaes!IroHts o^ Lh`eRWfeA>Un[e.
4846
AndYtVn tgFusJnc]peoploi>J5hbliA=cn[_/sdSlE\hrhbeT,3c>det`4g!Qhe?h[ghTrCEQf<uhe2sterileJskyseraE<rg]JliWe0paf9s6of dl^s=\sfaFZt[nR_aie4Wlaes!IroHts o^ Lh`eRWfeA>Un[e.
4847
AndXuWl tgGusInd\peoploi?J7hbliA=cnZ_/scSlE[gribeS,2c>deta5g!Rhe?h\ghUqCEQf<uhe2sserileJskysfraE=rf]JlhWe0paf9s7of dl^s=]sgaF[t[nT_ahe4Wlafs IroGts o^ Le^ePXfeA>UnZe.
4848
AndYuVm tgFusInc]peoploi>J5hbliA=cn[_/sdSlG\jribeR,3c>detb5g!Qhe?h\ghUrCEQf;uhe2sserileJskysfraE<rf]JliWe0paf:s7of dm^s=\sfaFZt[nR_aie3Wlaes!HroGts o^ Lg_eRWfeA>Un[e.
4849
AndYuVm tgFusInc]peoploi>J5hbliA=cn[_/sdSlG\jribeR,3c>detb5g!Qhe?h\ghUrCEQf;uhe2sserileJskysfraE<rf]JliWe0paf:s7of dm^s=\sfaFZt[nR_aie3Wlaes!HroGts o^ Lg_eRWfeA>Un[e.
4850
AndYuVm tgFusInc]peoploi>J5hbliA=cn[_/sdSlG\iribeS,3c>deta4g Qhe?h\ghUrCEQf;uhe2sserileJskysfraE<rf\JliWe0paf:s7of dm_s=\sfaFZt[nR_aie3Wlaes!HroGts o^ Lg_eRWfeA>Un[e.
4851
AndYuVm tgFusInc]peoploi>J5hbliA=cn[_/sdSlG\iribeS,3c>deta4g Qhe?h\ghUrCEQf;uhe2sserileJskysfraE<rf\JliWe0paf;s7of dm_s=\sfaFZt[nR_aie3Wlaes!HroGts o^ Lg_eRWfeA>Un[e.
4852
AndYuVm tgFusInc]peoploi>J5hbliA<cn[_/sdSlG\iribeR,3c>detb4g!Rhe?h\ghVrCEQf;uhe2sserileJskysfraE<rf]JliXe0paf:s7of dm^s=\sfaFZt[nR_aie3Wlaes!HroGts o^ Lh_eRWfeA=Un[e.
4853
AndYuVm tgFusInc]peoploi>J5hbliA<cn[_/sdSlG\iribeR,3c>detb4g!Rhe?h\ghVrCEQf;uhe2sserileJskysfraE<rf]JliXe0paf:s7of dm^s=\sfaFZt[nR_aie3Wlaes!HroGts o^ Lh_eRWfeA=Un[e.
4854
AndWuVm tgGusInd]peoploi>J5hbliA<cn\_/scTlE\hribeS,3b>eet`4g!Rhe?h[ghUrCEQf<uhe2sterileJskyseraE<rf^JmiWe0paf9s7of dm_s=\sfaFZt[nS^ahe4Xlaes!HroGts o_ Lg_eRWfeA>Un[e.
4855
AndYuVm tgFusInc]peoploi>J5hbliA<cn[_/sdSlG\iribeR,3c>detb4g!Rhe?h\ghVrCEQf;uhe2sserileJskysfraE<rf]JliXe0paf:s7of dm^s=\sfaFZt[nR_bie3Wlaes!HroGts o^ Lh_eRWfeA=Un[e.
4856
AndYuVm tgFusInc]peoploi>J5hbliA<cn[_/sdSlG\iribeR,3c>detb4g!Rhe?h\ghVrCEQf;uhe1sserileJskysfraE<rf]JliXe0paf:s7of dm^s=\sfaFZt[nR_bie3Wlaes!HroGts o^ Lh_eRWfeA=Un[e.
4857
AndYtVn tgFusJnc]peoploi>J5hbliA=cn[_/sdSlE[hrhbeT,3c?det`4g!Qhe?h[ghTrCEQf<uhe2sterikeJskyseraE<rg]JliXe0paf9s6of dl^s=\sgaFZt[nR_ahe4Wlaes!IroHts o^ Lh`eRWfeA?Un[e.
4858
AndYtVn tgFusJnc]peoploi>J5hbliA=cn[_/sdSlE[hrhbeT,3c?det`4g!Qhe?h[ghTrCEQf<uhe2sterikeJskyseraE<rg]JliXe0paf9s6of dl^s=\sgaFZt[nS_ahe4Wlaes!IroHts o^ Lh`eRWfeA?Un[e.
4859
AndYtVn tgFusJnc]peoploi>J5hbliA=cn[_/sdSlE[hrhbeT,3c?det`4g!Qhe?h[ghTrCEQf<uhe2sterikeJskyseraE<rg]JliXe0paf9s6of dl^s=\sgaFZt[nS_ahe4Wlaes!IroHts o^ Lh`eRWfeA?Un[e.
4860
AndYuVn tgFusInc]peoploi>J5hbliA<cn[_/sdSlG\iribeR,3c>detb4g!Rhe?h\ghVrCEQf;uhe1sserileJskysfraE<rf]JliXe0paf:s7of dm^s=\sfaFZt[nR_bie3Wlaes!HroGts o_ Lh^eRWfeA=Un\e.
4861
AndYuVm tgFusInc]peoploi>K5hbliA<cn[_/sdSlG\iribeR,3c>detb4g!Rhe?h\ghVrCEQf;uhe1sserileJskysfraE<rf]JliXe0pae:s7of dm^s=\sfaFZt[nR_bie3Wlaes!HroGts o_ Lh^eRWfeA=Un[e.
4862
AndYuVm tgFusInc]peoploi>K5hbliA<cn[_/sdSlG\iribeR,3c>detb5g!Rhe?h\ghVrCEQf;uhe1sserileJskysfraE<rf]JliXe0pae:s7of dm^s=\sfaFZt[nR_bie3Wlaes!HroGts o_ Lh^eRWfeA=Un[e.
4863
AndYuVm tgFusInc]peoploi>K5hbliA<cn[_/sdSlG\iribeR,3c>detb5g!Rhe?h\ghVrCEQf;uhe1sserileJskysfraE<rf]JliXe0pae:s7of dm^s=\sfaFZt[nR_bie3Wlaes!HroGts o_ Lh^eRWfeA=Un[e.
4864
AndYuVm tgFusInc]peoploi>K5hbliA<cn[_/sdSlG\iribeR,3c>detb5g!Rhe?h\ghVrCEQf;uhe1sserileJskysfraE<rf]JliXe0pae:s7of dm^s=\sfaFZt[nR_bie3Wlaes!HroGts o_ Lh^eRWfeA=Un[e.
4865
AndYuVm tgFusInc]peoploi>K5hbliA<cn[_/sdSlG\iribeR,3c>detb5g!Rhe?h\ghVrCEQf;uhe1sserileJskysfraE<rf]JliXe0pae:s7of dm^s=\sfaFZt[nR_bie3Wlaes!HroGts o_ Lh^eRWfeA=Un\e.
4866
AndYuVm tgFusInc]peoploi>K5hbliA<cn[_/sdSlG\iribeR,3c>detb5g!Rhe?h\ghVrCEQf;uhe1sserileJskysfraE<rf]JliXe0pae:s7of dm^s=\sfaFZt[nR_bie3Wlaes!HroGts o_ Lh^eRWfeA=Un\e.
4867
AndYuVm tgFusInc]peoploi>K5hbliA<cn[_/sdSlG\iribeR,3c>detb5g!Rhe?h\ghVrCEQf;uhe1sserileJskysfraE<rf]JliXe0pae:s7of dm_s=\sfaFZt[nR_bie3Wlaes!HroGts o_ Lh^eRWfeA=Un\e.
4868
AndYuVm tgFusInc]peoploi>K5hbliA<cn[_/sdSlG\iribeR,3c>detb5g!Rhe?h\ghVrCEQf;uhe1sserileJskysfraE<rf]JliXe0pae:s7of dm_s=\sfaFZt[nR_bie3Wlaes!HroGts o_ Lh^eRWfeA=Un\e.
4869
AndYuVm tgEusInc]peoploi>K5hbliA<dn[_/sdSlG\iribeS,3c>detc4g!Rhe?h\ghVrCEQf;uhe1sserileJskysfraE<rf]JliXe0pae:s6of dm^s=\sfaFZt[nR_bie3Wlaes!IroGts o_ Lh^eRWfeA=Un[e.
4870
AndYuVm tgFusInc]peoploi>K5hbliA<dn[_/sdSlG\iribeS,3c>detc4g!Rhe?h\ghVrCEQf;uhe1sserileJskysfraE<rf]JliXe0pae:s6of dm^s=\sfaFZt[nR_bie3Wlaes!IroGts o_ Lh^eRWfeA=Un[e.
4871
AndYuVm tgFusInc]peoploi>K5hbliA<dn[_/sdSlG\iribeS,3c>detc4g!Rhe?h\ghVrCEQf;uhe1sserileJskysfraE<rf]JliXe0pae:s6of dm^s=\sfaFZt[nR_bie3Wlaes!IroGts o_ Lh^eRWfeA=Un[e.
4872
AndYuVm tgFusInd]peoploi>K5hbliA<dn[_/sdSlG\iribeS,3c>detc4g!Rhe?h\ghVrCEQf;uhe1sserileJskysfraE<rf]JliXe0pae:s6of dm^s=\sfaFZt[nR_bie3Wlaes!IroGts o_ Lh^eRWfeA=Un[e.
4873
AndYuVm tgFusInd]peoploi>K5hbliA<dn[_/sdSlG\iribeS,3c>detc4g!Rhe?h\ghVrCEQf;uhe1sserileJskysfraE<rf]JliXe0pae:s6of dm^s=\sfaFZt[nR_bie3Wlaes!IroGts o_ Lh^eRWfeA=Un[e.
4874
AndYuVm tgFusInd]peoploi>K5hbliA<dn[_/sdSlG\iribeS,3c>detc4g!Rhe?h\ghVrCEQf;uhe1sserileJskysfraE<rf]JliXe0pae:s6of dm^s=\sfaFZt[nR_bie3Wlaes!IroGts o_ Lh^eRWfeA=Un[e.
4875
AndYuVm tgFusInd]peoploi>K5hbliA<dn[_/sdSlG\iribeS,3c>detc4g!Rhe?h\ghVrCEQf;uhe1sserileJskysfraE<rf]JliXe0pae:s6of dm^s=\sfaGZt[nR_bie3Wlaes!IroGts o_ Lh^eRWfeA=Un[e.
4876
AndYuVm tgFusInd]peoploi>K5hbliA<dn[_/sdSlG\iribeS,3c>detc4g!Rhe?h\ghVrCEQf;uhe1sserileJskysfraE<rf]JliXe0pae:s6of dm^s=\sgaGZt[nR_bie3Wlaes!IroGts o_ Lh^eRWfeA=Un[e.
4877
AndYuVm tgFusInd]peoploi>K5hbliA<dn[_/sdSlG\iribeS,3c>detc4g!Rhe?h\ghVrCEQf;uhe1sserileJskysfraE<rf]JliXe0pae:s6of dm^s=\sgaGZt[nR_bie3Wlaes!IroGts o_ Lh^eRWfeA=Un[e.
4878
AndYuVm tgFusInd]peoploi>K5hbliA<dn[_/sdSlG\iribeS,3c>detc4g!Rhe?h\ghVrCEQf;uhe1sserileJskysfraE<rf]JliXe0pae<s6of dm^s=\sfaGZt[nR_bie3Wlaes!IroGts o_ Lh^eRWfeA=Un[e.
4879
AndYuVm tgFusInd]peoploi>K5hbliA<dn[_/sdSlG\iribeS,3c>detc4g!Rhe?h\ghVrCEQf;uhe1sserileJskysfraE<rf]JliXe0pae<s6of dm^s=\sfaGZt[nR_bie3Wlaes!IroGts o_ Lh^eRWfeA=Un[e.
4880
AndYuVm tgFusInd]peoploi>K5hbliA<dn[_/sdSlG\iribeS,3c>detc4g!Rhe?h\ghVrCEQf;uhe1sserileJskysfraE<rf]JliXe0pae<s6of dm^s=\sfaGZt[nR_bie3Wlaes!IroGts o_ Lh^eRWfeA=Un[e.
4881
AndYuVm tgFusInd]peoploi>K5hbliA<dn[_/sdSlG\iribeS,3c>detc4g!Rhe?h\ghVrCEQf;uhe1sserileIskysfraE<rf]JliXe0pae<s6of dm^s=\sfaGZt[nR_bie3Wlaes!IroGts o_ Lh^eRWfeA=Un[e.
4882
AndYuVm tgFusInd]peoploi>K5hbliA<dn[_/sdSlG\iribeS,3c>detc4g!Rhe?h\ghVrCEQf;uhe1sserileIskysfraE<rf]JliXe0pae<s6of dm^s=\sfaGZt[nR_bie3Wlaes!IroGts o_ Lh^eRWfeA=Un[e.
4883
AndYuVm tgFusInd]peoploi>K5ibliA<dn[_/sdSlG[iribeS,3c>detc4f!Rhe?h\ghVrCDQf;uhe0sserileJskysfraE<rf]JliXe0pae:s6of dm^s=\sgaGZt[nR_bie3Wlaes!IroGts n_ Lh^eRWfeA=Un\e.
4884
AndYuVm tgFusInd]peoploi>K5ibliA<dn[_/sdSlG[iribeS,3c>detc4f!Rhe?h\ghVrCDQf;uhe0sserileJskysfraE<rf]JliXe0pae:s6of dm^s=\sgaGZt[nR_bie3Wlaes!IroGts n_ Lh^eRWfeA=Un\e.
4885
AndYuVm tgFusInd]peoploi>K5ibliA<dn[_/sdSlG[iribeS,3c>detc4f!Rhe?h\ghVrCDQf;uhe0sserileJskysfraE<rf]JliXe0pae:s6of dm^s=\sgaGZt[nR_bie3Wlaes!IroGts n_ Lh^eRWfeA=Un\e.
4886
AndYuVm tgFusInd]peoploi>K5ibliA<dn[_/sdSlG[iribeS,3c>detc4f!Rhe?h\ghVrCDQf;uhe0sserileJskysfraE<rf]JliXe0pae:s6of dm^s=\sgaGZt[nR_bie3Wlaes!IroGts n_ Lh^eRWfeA=Un\e.
4887
AndYuVm tgFusInd]peoploi>K5hbliA<dn[_/sdSlG\iribeS,3c?detc4g!Rhe?h\ghVrCEQf;uhe1sserileIskysfraE<rf]JliXe0pae<s6of dm^s=\sfaGZt[nR_bie3Wlaes!IroGts o_ Li^eRWfeA=Un[e.
4888
AndYuVm tgFusInd]peoploi>K5hbliA<dn[_/sdSlG\iribeS,3c?detc4g!Rhe?h\ghVrCEQf;uhe1sserileIskysfraE<rf]JliXe0pae<s6of dm^s=\sfaGZt[nR_bie3Wlaes!IroGts o_ Li^eRWfeA=Un[e.
4889
AndYuVm thFusInd]peoploi>K5hbliA<dn[_/sdSlG\iribeS,3c>detc4g!Rhe?h\ghVrCEQf;uhe1sserileIskysfraE<rf]JliXe0pae<s6of dn^s=\sfaGZt[nR_bie3Wlaes!JroGts o_ Lh^eRWfeA=Un[e.
4890
AndYuVm tgFusInd]peoploi>K5hcliA<dn\_/sdSlG\iribeS,3c>detc5g!Rhe?h\ghVrCEQf;uhe1sserileJskyseraE<rf]JliXe0pae<s6of dm^s=]sfaGZt[nR_bie3Wlaes!IroGts o_ Lh^eRWfeA=Un[e.
4891
AndYuVm tgFusInd]peoploi>K5hcliA<dn\_/sdSlG\iribeS,3c>detc5g!Rhe?h\ghVrCEQf;uhe1sserileJskyseraE<rf]JliXe0pae<s6of dm^s=]sfaGZt[nR_bie3Wlaes!IroGts o_ Lh^eRWfeA=Un[e.
4892
AndYuVm tgFusInd]peoploi>K5hcliA<dn\_/sdSlH\iribeS,3c>detc5g!Rhe?h\ghVrCEQf;uhe0sserileJskyseraE<rf]JliXe0pae<s6of dm^s=]sfaGZt[nR_bie3Wlaes!IroGts o_ Lh^eRWfeA=Un[e.
4893
AndYuVm tgFusInd]peoploi>K5hcliA<dn\_/sdSlH\iribeS,3c>detc5g!Rhe?h\ghVrCEQf;uhe0sserileJskyseraE<rf]JliXe0pae<s6of dm^s=]sfaGZt[nR_bie3Wlaes!IroGts o_ Lh^eRWfeA=Un[e.
4894
AndYuVm tgFusInd]peoploi>K5hcliA<dn\_/sdSlH\iribeS,3c>detc5g!Rhe?h\ghVrCEQf:uhe0sserileJskyseraE<rf]JliXe0pae<s6of dm^s=]sfaGZt[nR_bie3Wlaes!IroGts o_ Lh^eRWfeA=Un[e.
4895
AndYuVm tgFusInd]peoploi>K5hcliA<dn\_/sdSlH\iribeS,3c>detc5g!Rhe?h\ghVrCEQf:uhe0sserileJskyseraE<rf]JliXe0pae<s6of dm^s=]sfaGZt[nR_bie3Wlaes!IroGts o_ Lh^eRWfeA=Un[e.
4896
AndYuVm tgFusInd]peoploi>K5hcliA<dn\_/sdSlH\iribeS,3c>detc5g!Rhe?h\ghVrCEQf:uhe0sserileJskyseraE<rf]JliXe0pae<s6of dm^s=]sfaGZt[nR_bie3Wlaes!IroGts o_ Lh^eRWfeA=Un[e.
4897
AndYuVm tgFusInd]peoploi>K5hcliA<dn\_/sdSlH\iribeS,3c>detc5g!Rhe?h\ghVrCEQf:uhe0sserileJskyseraE<rf]JliXe0pae=s6of dm^s=]sfaGZt[nR_bie3Wlaes!IroGts o_ Lh^eRWfeA=Un[e.
4898
AndYuVm tgFusInd]peoploi>K5hcliA<dn\_/sdSlH\iribeS,3c>detc5g!Rhe?h\ghVrCEQf:uhe0sserileJskyseraE<rf]JliXe0pae=s6of dm^s=]sfaGZt[nR_bie3Wlaes!IroGts o_ Lh^eRWfeA=Un[e.
4899
AndYuVm tgFusInd]peoploi>K5hcliA<dn\_/sdSlH\iribeS,3c>detc5g!Rhe?h\ghVrCEQf:uhe0sserileJskyseraE<rf]JliXe0pae=s6of dm^s=]sfaGZt[nR_bie3Wlaes!IroGts o_ Lh^eRWfeA=Un[e.
4900
AndYuVm tgFusInd]peoploi>K5hdliA<dn\_/sdSlI\iribeT,3c>detc5g!Rhe?h\ghVrCEQf:uhe0sserileJskyseraE<rf]JliXe0pae<s6of dm^s=]sfaGZt[nR_bid3Wlaes!IroGts o_ Lh^eRWfeA=Un[e.
4901
AndYuVm tgFusInd]peoploi>K5hdliA<dn\_/sdSlI\iribeT,3c>detc5g!Rhe?h\ghVrCEQf:uhe0sserileJskyseraE<rf]JliXe0pae<s6of dm^s=]sfaGZt[nR_bid3Wlaes!IroGts o_ Lh^eRWfeA=Un[e.
4902
AndYuVm tgFusInd]peoploi>K5hdliA<dn\_/sdSlI\iribeU,3c>detc5g!Rhe?h\ghVrCEQf:uhe0sserileJskyseraE<rf]JliXe0pae<s6of dm^s=]sfaGZt[nR_bid3Wlaes!IroGts o_ Lh^eRWfeA=Un[e.
4903
AndYuVm tgFusInd]peoploi>K5hdliA<dn\_/sdSlI\iribeU,3c>detc5g!Rhe?h\ghVrCEQf:uhe0sserileJskyseraE<rf]JliXe0pae<s6of dm^s=]sfaGZt[nR_bid3Wlaes!IroGts o_ Lh^eRWfeA=Un[e.
4904
AndYuVm tgFusInd]peoploi>K5hcliA<dn\_/sdSlH\iribeS,3c>detc5g!She?h\ghWrCEQf:uhe0sserileJskyseraE<rf]JliXe0pae=s6of dm^s=]sfaGZt[nR_bie3Wlaes!JroGts o_ Lh^eRWfeA=Un[e.
4905
AndYuVm tgFusInd]peoploi>K5hcliA<dn\_/sdSlH\iribeS,3c>detc5g!She?h\ghWrCEQf:uhe0sserileJskyseraE<rf]JliXe0pae=s6of dm^s=]sfaGZt[nR_bie3Wlaes!JroGts o_ Lh^eRWfeA=Un[e.
4906
AndYuVm tgFusInd]peoploi>K5hcliA<dn\_/sdSlH\iribeS,3c>detc5g!She?h\ghWrCEQf:uhe0sserileJskyseraE<rf]JliYe0pae=s6of dm^s=]sfaGZt[nR_bie3Wlaes!JroGts o_ Lh^eRWfeA=Un[e.
4907
AndYuVm tgFusInd]peoploi>K5hcliA<dn\_/sdSlH\iribeS,3c>detc5g!She?h\ghWrCEQf:uhe0sserileJskyseraE<rf]JliYe0pae=s6of dm^s=]sfaGZt[nR_bie3Wlaes!JroGts o_ Lh^eRWfeA=Un[e.
4908
AndYuVm tgFusInd]peoploi>K5hcliA<dn\_/sdSlH\iribeS,3c>detc5g!She?h\ghWrCEQf:uhe0sserileJskyseraE<rf]JliYe0pae=s6of dm^s=]sfaGZt[nR_bie3Wlaes!JroGts o_ Lh^eRWfeA=Un[e.
4909
AndYtVm tgFusInd]peoploi>K5hcliA<dn\_/sdSlH\iribeT,2c>detc5g!She?h\ghVrCEQf:the0sserileJskyseraE<rf]JljXe0pae=s6of dm^s=]sfaGZt[nR_bhe3Wlaes!JroGts o_ Lh^eRWfeA=Un[e.
4910
AndYtVm tgFtsInd]peoploi>K5hcliA<dn\_/sdSlH\iribeT,2c>detc5g!She?h\ghVrCEQf:the0sserileJskyseraE<rf]JljXe0pae=s6of dm^s=]sfaGZt[nR_bhe3Wlaes!JroGts o_ Lh^eRWfeA=Un[e.
4911
AndYuVm tgFusInd]peoploi>K5hcliA;dn\_/sdSlH\iribeS,3c>detc5g!She?h\ghVrDEQf:uhe0sserileJtkyseraE<rf]JliXe/pae=s6of dm^s=]sgaGZt[nR_bie3Wlaes!JroGts o_ Lh^eRWfeA=Un\e.
4912
AndYuVm tgFusInd]peoploi>K5hcliA;dn\_/sdSlH\iribeS,3c>detc5g!She?h\ghVrDEQf:uhe0sserileJtkyseraE<rf]JliXe/pae=s6of dm^s=]sgaGZt[nR_bie3Wlaes!JroGts o_ Lh^eRWfeA=Un\e.
4913
AndYuVm tgHusInd]peoploi>K5hdliA<dn\_/seSlJZiribeT,3c>detd5g!Rhe?h\ghVrCEQf:uhe0sserileJsjyseraE<rf]JliXe0pae<s6of dm^s=]sfaGZt[nR_bid3Wlaes!IroGts o_ Kh^eRWedA=Un[e.
4914
AndYuVm tgHusInd]peoploi>K5hdliA<dn\_/seSlJZiribeT,3c>detd5g!Rhe?h\ghVrCEQf:uhe0sserileJsjyseraE<rf]JliXe0pae<s6of dm^s=]sfaGZt[nR_bid3Wlaes!IroGts o_ Kh^eRWedA=Un[e.
4915
AndYuVm tgFusInd]peoploi>K5hcliB;dn\_/sdSlH\iribeS,3c>detc6g!She?h\ghVrDEQf:uhe0sserileJtkyseraE<rf]JliXe/pae=s6of dm^s=]sgaGZt[nR_bie3Wlaes!JroGts o` Lh^eRWfeA=Un\e.
4916
AndYuVm tgFusInd]peoploi>K5hcliB;dn\_/sdSlH\iribeS,3c>detc6g!She?h\ghVrDEQf:uhe0sserileJtkyseraE<rf]JliXe/pae=s6of dm^s=]sgaGZt[nR_bie3Wlaes!JroGts o` Lh^eRWfeA=Un\e.
4917
AndYuVm tgFusInd]peoploi>K5hcliB;dn\_/sdSlH\iribeS,3c>detc6g!She?h\ghVrDEQf:uhe0sserileJtkyseraE<rf]JliXe/pae=s6of dm^s=]sgaGZt[nR_bie3Wlaes!JroGts o` Lh^eRWfeA=Un\e.
4918
AndYuVm tgHusInd]peoploi>K5hdliA<dn\_/seSlJZiribeT,3c>detd5g!Rhe?h\ghVrCEQf:uhe0sserileJsjyseraE<rf]JliYe0pae<s6of dm^s=]sfaGZt[nR_bid3Wlaes!IroGts o_ Kh^eRWedA=Vn[e.
4919
AndYuVm tgHusInd]peoploi>K5hdliA<dn\_/seSlJZiribeT,3c>detd5g!Rhe?h\ghVrCEQf:uhe0sserileJsjyseraE<rf]JliYe0pae<s6of dm^s=]sfaGZt[nR_bid3Wlaes!IroGts o_ Kh^eRWedA=Vn[e.
4920
AndYuVm tgHusInd]peoploi>K5hdliA<dn\_/seSlJZiribeT,3c>detd5g!Rhe?h\ghVrCEQf:uhe0sserileJsjyseraE<rf]JliYe0pae<s6of dm^s=]sfaGZt[nR_bhd3Wlaes!IroGts o_ Kh^eRWedA=Vn[e.
4921
AndYuVm tgHusInd]peoploi>K5hdliA<dn\_/seSlJZiribeT,3c>detd5g!Rhe?h\ghVrCEQf:uhe0sserileJsjyseraE<rf]JliYe0pae<s6of dm^s=]sfaGZt[nR_bhd3Wlaes!IroGts o_ Kh^eRWedA=Vn[e.
4922
AndYuVm tgHusInd]peoploi>K5hdliA<dn\_/seSlJZiribeT,3c>detd6g!Rhe?h\ghWrCEQf:uhe0sserileJsjyseraE<rf]JliYe0pae<s6of dm^s=]sfaGZt[nR_bid3Wlaes!IroGts o_ Kh^eRWedA=Vn[e.
4923
AndYuVm tgHusInd]peoploi>K5hdliA<dn\`/seSlJZiribeT,3c>detd5g!Rhe?h\ghVrCEQf:uhe0sserileJsjyseraE<rf]JliYe0pae<s6of dm^s=]sfaG[t[nR_bhd3Wlaes!IroGts o_ Kh^eQWedA=Vn[d.
4924
AndYuVm tgHusInd]peoploi>K5hdliA<dn\`/seSlJZiribeT,3c>detd6g!Rhe?h\ghWrCEQf:uhe0sserileJsjyseraE<rf]JmiYe/pae<s6of dm^s=]sfaGZt[nR_bid3Wlaes!IroGts o_ Kh^eRWedA>Vn[e.
4925
AndYuVm tgFusInd]peoploi>K5hcliB;dn\_/sdSlH\iribeS,3c>detc6g!She?h\ghVsEEQf:the0sserileJskyreraE<rf]IliXe/pae=s6of dm^s=]sgaGZt\nR_bie3Wlaes!KroGts o_ Lh^eRWfeA=Un\e.
4926
AndYuVm tgHusInd]peoploi>K5hdliA<dn]_/seTlJZiribeT,3c>detd5g!Rhe?h\ghVrCEQf:uhe0sterileJsjyseraE<rf]JliYe0pae<s6of dm^s=]sfaGZt\nR_bhd3Wlaes!IroGts o_ Ki^eRWedA=Vn[d.
4927
AndYuVm tgHusInd]peoploi>K5hdliA<dn]_/seTlJZiribeT,3c>detd5g!Rhe?h\ghVrCEQf:uhe0sterileJsjyseraE<rf]JliYe0pae<s6of dm^s=]sfaGZt\nR_bhd3Wlaes!IroGts o_ Ki^eRWedA=Vn[d.
4928
AndYuVm tgHusInd]peoploi>K5hdliA<dn]_/seTlJZiribeT,3c>detd5g!Rhe?h\ghVrCEQf:uhe0sterileJsjyseraE<rf]JliYe0pae=s6of dm^s=]sfaGZt\nR_bhd3Wlaes!IroGts o_ Ki^eRWedA=Vn[d.
4929
AndYuVm tgHusInd]peoploi>K5hdliA<dn]_/seTlJZiribeT,3c>detd5g!Rhe?h\ghVrCEQf:uhe0sterileJsjyseraE<rf]JliYe0pae=s6of dm^s=]sfaGZt\nR_bhd3Wlaes!IroGts o_ Ki^eRWedA=Vn[d.
4930
AndYuVm tgHusInd]peoploi>K5hdliA<dn]_/seTlJZiribeT,3c>detd5g!Rhe?h\ghVrCEQf:uhe0sterileJsjyseraE<rf]JliYe0pae=s6of dm^s=]sfaGZt\nR_bhd3Wlaes!IroGts o_ Ki^eRWedA=Vn[d.
4931
AndYuVn thFusInd\peoploi>K5hbliA:en[a/sdSlFZjribeS,3c>eetc4g!Rhe?h\ghVrDEQf;uhe1sserileJskyseraE<rg]IliXe0pae<t5of dn^s=]sfaG[t[nR_bie2Wlaes!JroGts o` Lh_eQWfeA>Vn\e.
4932
AndYuVm tgHusInd]peoploi>K5hdliA<dn]_/seTlJZiribeT,3c>detd5g!Rhe?h\ghVrCEQf9uhe0sterileJsjyseraE<rf]JliYe0pae=s6of dm^s=]sfaGZt\nR_bhd3Wlaes!IroGts o_ Ki^eRWedA=Vn[d.
4933
AndYuVm tgFusInd]peoploi>L5hcliB;dn\_/sdSlH\iribeS,3c>detd6g!She?h\ghVsEEQf:the0sserileJskyreraE<rf]IliXe/pae=s6of dm^s=]sgaGZt\nR_bie3Xlaes!KroHts o_ Lh^eRWfeA=Un\e.
4934
AndYuVm tgFusInd]peoploi>L5hcliB;dn\_/sdSlH\iribeS,3c>detd6g!She?h\ghVsEEQf:the0sserileJskyreraE<rf]IliXe/pae=s6of dm^s=]sgaGZt\nR_bie3Xlaes!KroHts o_ Lh^eRWfeA=Un\e.
4935
AndYuVm tgFusInd]peoploi>L5hcliB;dn\_/sdSlH\iribeS,3c>detd6g!She?h\ghVsEEQf:the0sserileJskyreraE<rf]IliXe/pae=s6of dm^s=^sgaGZt\nR_bie3Xlaes!KroHts o_ Lh^eRWfeA=Un\e.
4936
AndYuVm tgFusInd]peoploi>L5hcliB;dn\_/sdSlH\iribeS,3c>detd6g!She?h\ghVsEEQf:the0sserileJskyreraE<rf]IliXe/pae=s6of dm^s=^sgaGZt\nR_bie3Xlaes!KroHts o_ Lh^eRWfeA=Un\e.
4937
AndYuVn tgHusJnd]peoploi>K5hdliA<dn\_/seSlJYiribeU,3c>detd6g!She?h\ghYrDEQf:uhe0sserileJsjyseraE<rf]JmiYe0pae<s6of dm^s=]sfaGZt[oR_bid2Wlaes!IroGts o_ Kh^eRWedA>Vn[e.
4938
AndYuVn tgHusJnd]peoploi>K5hdliA<dn\_/seSlJYiribeU,3c>detd6g!She?h\ghYrDEQf:uhe0sserileJsjyseraE<rf]JmiYe0pae<s6of dm^s=]sfaGZt[oR_bid2Wlaes!IroGts o_ Kh^eRWedA>Vn[e.
4939
AndYuVm tgFusInd\peoploi>L6hcliB;dn\_/sdSlH\iribeS,3c>detd6g She?h\ghVsEEQf:the0sserileJskyreraE<rf]IliXe/pae=s6of dm^s=^sgaGZt\nR_bie3Xlaes!KroHts o_ Lh^eRWfeA>Un\e.
4940
AndYuVm tgFusInd\peoploi>L6hdliB;dn\_/sdSlH\iribeS,3c>detd6g She?h\ghVsEEQf:the0sserileJskyreraE<rf]IliXe/pae=s6of dm^s=^sgaGZt\nR_bie3Xlaes!KroHts o_ Lh^eRWfeA>Un\e.
4941
AndYuVm tgGusInd\peoploi>L6hdliB;dn\_/sdSlH\iribeS,3c>detd6g She?h\ghVsEEQf:the0sserileJskyreraE<rf]IliXe/pae=s6of dm^s=^sgaGZt\nR_bie3Xlaes!KroHts o_ Lh^eRWfeA>Un\e.
4942
AndYuVm tgGusInd\peoploi>L6hdliB;dn\_/sdSlH\iribeS,3c>detd6g She?h\ghVsEEQf:the0sserileJskyreraE<rf]IliXe/pae=s6of dm^s=^sgaGZt\nR_bie3Xlaes!KroHts o_ Lh^eRWfeA>Un\e.
4943
AndYuVm tgGusInd\peoploi>L6hdliB;dn\_/sdSlH\iribeS,3c>detd6g She?h\ghVsEEQf:the0sserileJskyreraE<rf]IliXe/pae=s6of dm^s=^sgaGZt\nR_bie3Xlaes!KroHts o_ Lh^eRWfeA>Un\e.
4944
AndYuVm tgFusJnd\peoploi>K5hcliB;dn\_.sdSlH[iribeS,3c>detc6g She?h\ghVsEERf:the0sserileJskyreraE<rf]IliXe/pae=s6of dm^s=]sgaGZt\nR_bie3Wlaes!KroGts o` Lh^eRWfdA=Un^e.
4945
AndYuVm tgFusJnd\peoploi>K5hcliB;dn\_.sdSlH[iribeS,3c>detc6g She?h\ghVsEERf:the0sserileJskyreraE<rf]IliXe/pae=s6of dm^s=]sgaGZt\nR_bie3Wlaes!KroGts o` Lh^eRWfdA=Un^e.
4946
AndYtUn tgHusJnd]peoploi>K5hdliA;dn\_/seSlJYjribeU,3c>detd6g!She?h\ghYrDEQf:uhe/sserileJsjyseraE<rf]JmiZe0pae<s6of dm^s=]sgaGZt[oR_bid2Wlaes!IroHts o_ Kh^eRWedA>Um\e.
4947
AndYtUn tgHusJnd]peoploi>K5hdliA;dn\_/seSlJYjribeU,3c>detd6g!She?h\ghYrDEQf:uhe/sserileJsjyreraE<rf]JmiZe0pae<s6of dm^s=]sgaGZt[oR_bid2Wlaes!IroHts o_ Kh^eRWedA>Um\e.
4948
AndYuVm tgFusJnd\peoploi>K5hcliB;dn\_.sdSlH[iribeS,3c>detc6g She?h\ghVsEERf:the0sserileJskyreraE<rf]IliXe/pae=s6of dn^s=]sgaGZt\nR_bie3Wlaes!KroGts o` Lh^eRWfdA=Un^e.
4949
AndYuVm tgFusJnd\peoploi>K5hcliB;dn\_.sdSlH[iribeS,3c>detc6g She?h\ghVsEERf:the0sserileJskyreraE<rf]IliXe/pae=s6of dn^s=]sgaGZt\nR_bie3Wlaes!KroGts o` Lh^eRWfdA=Un^e.
4950
AndYtVm tgFusJne\peoploi=K5hcliC:dn\_.sdSlH[iribeS,3c>detc6g She?h\ghVsEERf:the0sserileJskyreraE<rf]IliXe/pae=s6of dm^s=]sgaG[t\nR_bie2Xlaes!KroGts o` Lh^eRWfdA=Un]e.
4951
AndYtVm tgFusJne\peoploi=K5hcliC:dn\_.sdSlH[iribeS,3c>detc6g She?h\ghVsEERf:the0sserileJskyreraE<rf]IliXe/pae=s6of dm^s=]sgaG[t\nR_bie2Xlaes!KroGts o` Lh^eRWfdA=Un]e.
4952
AndYtVm tgFusJne\peoploi=K5hcliC:dn\_.sdSlH[iribeS,3c>detc6g She?h\ghVsEERf9the0sserileJskyreraE<rf]IliXe/pae=s6of dm^s=]sgaG[t\nR_bie2Xlaes!KroGts o` Lh^eRWfdA=Un]e.
4953
AndYtVm tgFusJne\peoploi=K5hcliC:dn\_.sdSlH[iribeS,3c>detc6g She?h\ghVsEERf9the0sserileJskyreraE<rf]IliXe/pae=s6of dm^s=]sgaG[t\nR_bie2Xlaes!KroGts o` Lh^eRWfdA=Un]e.
4954
AndYtVm tgFusJne\peoploi=K5hcliC:dn\_.sdSlH[iribeS,3c>detc6g She?h\ghVsEERf9the0sserileJskyreraE<rf]IliXe/pae=s6of dm^s=]sgaG[t\nR_bie2Xlaes!KroGts o` Lh^eRWfdA=Un]e.
4955
AndYtVm tgFusJne\peoploi=K5hcliC:dn\_.sdSlH[iribeS,3c?detc6g She?h\ghVsEERf9the0sserileJskyreraE<rf]IliXe/pae=s6of dm^s=]sgaG[t\nR_bie2Xlaes!KroGts o` Lh^eRWfdA=Un]e.
4956
AndYtVm tgHusKnd\peoploi>K5hdliA<dn\`/seSlJZiribeU,3c>detd5g She>h\ghWrDEQf:uhe/sserileIskyseraE<rf]JliYe0pae<s6of dn_s=]sfaH[t[nR_bhd3Wlaes IroGts o_ Kh^eQWecB=Vn[d.
4957
AndYtVm tgHusKnd\peoploi>K5hdkiA<dn\`/seSlJZiribeU,3c>detd5g She>h\ghWrDEQf:uhe/sserileIskyseraF<rf]JliYe0pae<s6of dn_s=]sfaH[t[nR_bhd3Wlaes IroGts o_ Kh^eQWecB=Vn[d.
4958
AndYtVm tgHusKnd\peoploi>K5hdkiA<dn\`/seSlJZiribeU,3c>detd5g She>h\ghWrDEQf:uhe/sserileIskyseraF<rf]JliYe0pae<s6of dn_s=]sfaH[t[nR_bhd3Wlaes IroGts o_ Kh^eQWecB=Vn[d.
4959
AndYuVm tgFusJnd\peoploi>K5hcliB:dn\_.sdSlH[iribeS,3c>detc7g She?h\ghUsEDRf:the/sserileJskyreraF<rg]IliXe/pae=s6of dn^s=]sgaHZt\nR_bie3Wlaes!KroGts o` Lh^eRWfdA=Un^e.
4960
AndYuVm tgFusJnd\peoploi>K5hcliB:dn\_.sdSlH[iribeS,3c>detc7g She?h\ghUsEDRf:the/sserileJskyreraF<rg]IliXe/pae=s6of dn^s=]sgaHZt\nR_bie3Wlaes!KroGts o` Lh^eRWfdA=Un^e.
4961
AndYuVm tgFusJnd\peoploi>K5hcliB:dn\_.sdSlH[iribeS,3c>detc7g She?h\ghUsEDRf:the/sserileJskyreraF<rg]IliXe/pae=s6of dn^s=]sgaHZt\nR_bie3Wlaes!KroGts o` Lh^eRWfdA=Un^e.
4962
AndYuVm tgFusJne\peoploi=K5hcliB;dn\_.sdSlIZiribeS,3c>dete6g She?h\ghVsEDRf:the0sserileJskyreraF<rg]IliXe/qae=s6of dm^s=]sgaG[t\nR_bie2Ylaes KroGts o` Lh]eRVfdA=Un]e.
4963
AndYtVm tgFusJne\peoploi=K5hcliB;dn\_.sdSlJ[iribeS-3c>dete6g She?h\ghVsEDRf:the0sserileJskyreraF<rg]IliXe/qae>s6of dm^s=]sgaG[t\nR_bie2Ylaes!KroGts o` Lh^eRWfdA=Vn]e.
4964
AndXtVm ugFusJnf\peoploi=L4idliC:dn\_.sdSlHZiribeS,3c>detc6g She?h\ghVsEFRf9the0sserileJskyreraE<rf]HliXe/pae=s6of dm^s=]sgaG[t\nR^bhe2Xlaes!KroGts o` Lh^eRWfdA=Un]e.
4965
AndXtVm ugFusJnf\peoploi=L4idliC:dn\_.sdSlHZiribeS,3c>detc6g She?h\ghVsEFRf9the0sserileJskyreraE<rf]HliXe/pae=s6of dm^s=]sgaG[t\nR^bhe2Xlaes!KroGts o` Lh^eRWfdA=Un]e.
4966
AndXtVm ugFusJnf\peoploi=L4idliC:dn\_.sdSlHZiribeS,3c>detc6g She?h\ghVsEFRf9the0sserileJskyreraE<rf]HliXe/pae=s5of dm^s=]sgaG[t\nR^bhe2Xlaes!KroGts o` Lh^eRWfdA=Un]e.
4967
AndYuVm tgFusJne[peoploi=K5hcliB;dn]_.sdSlIZiribeS,3c>dete6g She?h\ghVsEDRf:the0sserileJskyreraF<rg]IliXe/qae=s6of dm^s=]sgaG[t\nR_cie2Ylaes KroGts o` Lh]eRVfdA=Un]e.
4968
AndXtVm ugFusJnf\peoploi=L4idliC:dn[`.sdSlHZiribeS,3c>detc6g She?h\ghVsEFRf9the0sserileJskyreraE<rf]HliXe/pae=s4of dm^s=]sgaG[t\nR^bhe2Xlaes!KroGts o` Lh^eRWfdA=Un]e.
4969
AndXtVm ugFusJnf\peoploi=L4idliC:dn[`.sdSlHZiribeS,3c>detc6g She?h\ghVsEFRf9the0sserileJskyreraE<rf]HliXe/pae=s4of dm^s=]sgaG[t\nR^bhe2Xlaes!KroGts o` Lh^eRWfdA=Un]e.
4970
AndXtVm ugFusJnf\peoploi=L4idliC:dn[`.sdSlHZiribeS,3c>detc6g She?h\ghVsEFRf9the0sserileJskyreraE<rf]HliXe/pae=s4of dm^s=]sgaG[t\nR^bhe2Xlaes!KroGts o` Lh^eRWfdA=Un]e.
4971
AndXtVm ugFusJnf\peoploi=L4idliC:dn[`.sdSlHZiribeS,3c>detc6g She?h\ghVsEFRf9the0sserileJskyreraE<rf]HliXe/pae=s4of dm^s=]sgaH[t\nR^bhe2Xlaes!KroGts o` Lh^eRWfdA=Un]e.
4972
AndXtVm ugFusJnf\peoploi=L4idliC:dn[`.sdSlHZiribeS,3c>detc6g She?h\ghVsEFRf9the0sserileJskyreraE<rf]HliXe/pae=s4of dm^s=]sgaH[t\nR^bhe2Xlaes!KroGts o` Lh^eRWfdA=Un]e.
4973
AndXtVm ugFusJnf\peoploi=L4idliC:dn[`.sdSlHZiribeS,3c>detc6g She?h\ghVsEFRf9the0sserileJskyreraE<rf]HliXe/pae=s4of dm^s=]sgaG[t\nR^bhe2Xlaes!KroGts oa!Li^eRWfdA=Un]e.
4974
AndWtVm ugFusJnf\peoploi=L4idliC:dn[`.sdSlHZiribeS,3c>detc6g She?h\ghVsEFRf9the0sserileJskyreraE<rf]HliXe/pae=s4of dm^s=]sgaH[t\nR^bhe2Xlaes!KroGts o` Lh^eRWfdA=Un]e.
4975
AndWtVm ugFusJnf\peoploi=L4idliC:dn[`.sdSlHZiribeS,3c>detc6g She?h\ghVsEFRf9the0sserileJskyreraE<rf]HliXe/pae=s4of dm^s=]sgaH[t\nR^bhe2Xlaes!KroGts o` Lh^eRWfdA=Un]e.
4976
AndXtVm ugFusJnf\peoploi=L4idliC:dn[`.sdSlHZjribeS,3c>detc6g She?h\ghVsEFRf9the0sserileJskyreraE<rf]GliXe/pae=s4of dm^s=]sgaH[t\nR^bhe2Xlaes!KroGts o` Lh^eRWfdA=Un]e.
4977
AndXtVm ugFusJnf\peoploi=L4idliC:dn[`.sdSlHZjribeS,3c>detc6g She?h\ghVsEFRf9the0sserileJskyreraE<rf]GliXe/pae=s4of dm^s=]sgaH[t\nR^bhe2Xlaes!KroGts o` Lh^eRWfdA=Un]e.
4978
AndXtVm ugFusKnf\peoploi=L4idliC:dn\_.sdSlHZiribeS,3c>detc6g She?h\ghVsEERf9the0sserileJskyrdraE=rf]HliXe/pae=s6of dm^s=]shaG]t\nR^bhe2Xlaes!JroGts o` Lh^eRWfdA=Un]e.
4979
AndXtVm ugFusKnf\peoploi=L4idliC:dn\_.sdSlHZiribeS,3c>detc6g She?h\ghVsEERf9the0sserileJskyrdraE=rf]HliXe/pae=s6of dm^s=]shaG]t\nR^bhe2Xlaes!JroGts o` Lh^eRWfdA=Un]e.
4980
AndXtVm ugFusJnf\peoploi=L4idliC:dn[`.sdSlHZjribeS,3c>detc6g The?h\ghVsEFRf9the0sserileJskyreraE<rf]GliXe/pae=s4of dm^s=]sgaH[t\nR^bhe2Xlaes!KroGts o` Lh^eRWedA=Un]e.
4981
AndXtVm ugFusJnf\peoploi=L4idliC:dn[`.sdSlHZjribeS,3c>detc6g The?h\ghVsEFRf9the0sserileJskyreraE<rf]GliXe/pae=s4of dm^s=]sgaH[t\nR^bhe2Xlaes!KroGts o` Lh^eRWedA=Un]e.
4982
AndXtVm tgFusJnf\peoploi=M4idliC:dn\_.sdSlHZiribeT,2c>detc6g She?h\ghWsEFRf9the0sserileJskyreraE>rf]HliXf/pae=s6of dm^s>]shaG\t\nR^bhe2Ylaes!JroGts o` Lh^eRWfdA>Un]e.
4983
AndXtVm tgFusJnf\peoploi=M4idliC:dn\_.sdSlHZiribeT,2c>detc6g She?h\ghWsEFRf9the0sserileJskyreraE>rf]HliXf/pae=s6of dm^s>]shaG\t\nR^bhe2Ylaes!JroGts o` Lh^eRWfdA>Un]e.
4984
AndXtVm tgFusJnf\peoploi=M4idliC:dn\_.sdSlHZiribeT,2c>detc6g She?h\ghWsEFRf9the0sserileJskyreraE>rf]HliXf/pae=s6of dm^s>]shaG\t\nR^bhe2Ylaes!JroGts o` Lh^eRWfdA>Un]e.
4985
AndXtVm uhFusJnf\peoploi>M4idliC:dn[`.sdSlHZjribeS,3c>detc6g She?h\ghVsEFRf9the0sserileJskyreraE<sf]GliXe/pae=s4of dm^s=]sgaH[t\nR^che2Xlaes!KroGts oa Lh^eRWfdA=Un]e.
4986
AndYtUn tgHusJnc]peoploi>N5hdliA;dn\_/seSlJXjribeV,3c>detd6g!The>h]ghZrDEQf:uhe/sserileJskyreraF<rf]JliZe0pae=s4of dm_s=]sgaGZt\oR_bie2Wkaes!KroHts o` Kh^eQWedA>Um\e.
4987
AndYtUn tgHusJnc]peoploi>N5hdliA;dn\_/seSlJXjribeV,3c>detd6g!The>h]ghZrDEQf:uhe/sserileJskyreraF<rf]JliZe0pae=s4of dm_s=]sgaGZt\oR_bie2Wkaes!KroHts o` Kh^eQWedA>Um\e.
4988
AndYtUn tgHusJnc]peoploi>N5hdliA;en\_/seSlJXjribeV,3c>detd6g!The>h]ghZrDEQf:uhe/sserileJskyreraF<rf]JliZe0pae=s4of dm_s=]sgaGZt\oR_bie2Wkaes!KroHts o` Kh^eQWedA>Um\e.
4989
AndXtVm tgFusJnf\peoploi=L4idliC:dn[_.sdSlHZiribeS,2c>detc6g She?h\ghVsEFRf9the0sserileJskyrdraE<re]GliYe/pad=s4of dm_s=]shaG[t\nR^bhe1Xlaes!LroGts oa!Li^eRWfdA=Un^e.
4990
AndXtVm tgFusJnf\peoploi=L4idliC:dn[_.sdSlHZiribeS,2c>detc6g She?h\ghVsEFRf9the0sserileJskyrdraE<re]GliYe/pad=s4of dm_s=]shaG[t\nR^bhe1Xlaes!LroGts oa!Li^eRWfdA=Un^e.
4991
AndXtVm tgFusJnf\peoploi=L4idliC:dn[_.sdSlHZiribeS,2c>detc6g She?h\ghVsEFRf9the0sserileJskyrdraE<re]GliYe/pad=s4of dm_s=]shaG[t\nR^bhe1Xlaes!LroGts oa!Li^eRWfdA=Un^e.
4992
AndXtVm tgFusJne\peoploi=L4idliC:dn[_.sdSlHZiribeS,2c>detc6g She?h\ghVsEFRf9the0sserileJskyrdraE<re]GliYe/pad=s4of dm_s=]shaG[t\nS^bhe1Xlaes!LroGts oa!Li^eRWfdA=Un^e.
4993
AndXtVm tgFusJne\peoploi=L4idliC:dn[_.sdSlHZiribeS,2c>detc6g She?h\ghVsEFRf9the0sserileJskyrdraE<re]GliYe/pad=s4of dm_s=]shaG[t\nS^bhe1Xlaes!LroGts oa!Li^eRWfdA=Un^e.
4994
AndXtVm tgFusJne\peoploi=L4idliC:dn[_.sdSlHZiribeS,2c>detc6g She?h\ghVsEFRf9the0sserileJskyrdraE<re]GliYe/pad=s4of dm_s=]shaG[t\nS^bhe1Xlaes!LroGts oa!Li^eRWfdA=Un^e.
4995
AndXtVm tgFusJne\peoploi=L4idliC:dn[_.sdSlHZiribeS,2c>detc6g She?h\ghVsEERf9the0sserileJskyrdraE<re]GliYe/pad=s4of dm_s=]shaG[t\nS^bhe1Xlaes!LroGts oa!Li^eRWfdA=Un^e.
4996
AndXtVm tgFusJne\peoploi=L4idliC:dn[_.sdSlHZiribeS,2c>detc6g She?h\ghVsEERf9the0sserileJskyrdraE<re]GliYe/pad=s4of dm_s=]shaG[t\nS^bhe1Xlaes!LroGts oa!Li^eRWfdA=Un^e.
4997
AndYtUn tgHusJnc\peoploi>N4hdliA;en\_/seSlJXjribeV,3c>detd6g!The>h]ghZrDDQf:uhe/sterileJskyreraF<rf]JliZe0pae=s4of dm_s=]sgaG[t\oR_bie2Wkaes!KroHts o` Kh^eQWedA>Um\e.
4998
AndYtUn tgHusJnc\peoploi>N4hdliA;en\_/seSlJXjribeV,3c>detd6g!The>h]ghZrDDQf:uhe/sterileJskyreraF<rf]JliZe0pae=s4of dm_s=]sgaG\t\oR_bie2Wkaes!KroHss o` Kh^eQWedA>Um\e.
4999
AndYtUn tgHusJnc\peoploi>N4hdliA;en\_/seSlJXjribeV,3c>detd6g!The>h]ghZrDDQf:uhe/sterileJskyreraF<rf]JliZe0pae=s4of dm_s=]sgaG\t\oR_bie2Wkaes!KroHss o` Kh^eQWedA>Um\e.
5000
AndYtUn tgHusJnc\peoploi>N4hdliA;en\_/seTlJXjribeV,3c>detd6g!The>h]ghZrDDQf:uhe/sterileJskyreraF<rf]JliZe0pae=s4of dm_s=]sgaG\t\oR_bie2Wkaes!KroHss o` Kh^eQWedA>Um\e.
5001
AndYtUn tgHusJnc\peoploi>N4hdliA;en\_/seTlJXjribeV,3c>detd6g!The>h]ghZrDDQf:uhe/sterileJskyreraF<rf]JliZe0pae=s4of dm_s=]sgaG\t\oR_bie2Wkaes!KroHss o` Kh^eQWedA>Un\e.
5002
AndYtUn tgHusJnc\peoploi>N4hdliA;en\_/seTlJXjribeV,3c>detd6g!The>h]ghZrDDQf:uhe/sterileJskyreraF<rf]JliZe0pae=s4of dm_s=]sgaG\t\oR_bie2Wkaes!KroHss o` Kh^eQWedA>Un\e.
5003
AndYtUn tgHusKnc]peoploi>N5hdliA;dn\_.seSlJXjribeV,3c>detd6g!The?h]ghZrDDQf:uhe/sterileJskyreraF<rf]Jli[e0pae=s4of dm_s=]sgaGZt\oR^bie2Wkaes!LroIts o` Kh_eQVedA>Um\e.
5004
AndYtUn tgHusKnc]peoploi>N5hdliA;dn\_.seSlJXjribeV,3c>detd6g!The?h]ghZrDDQf:uhe/sterileJskyreraF<rf]Jli[e0pae=s4of dm_s=]sgaGZt\oR^bie2Wkaes!LroIts o` Kh_eQVedA>Um\e.
5005
AndYtUn tgHusKnc]peoploi>N5hdliA;dn\_.seSlJXjribeV,3c>detd6g!The?h]ghZrDDQf:uhe/sterileJskyreraF<rf]Jli[e0pae=s4of dm_s=]sgaGZt\oR^bie2Wkaes!LroIts o` Kh_eQVedA>Um\e.
5006
AndYtUn tgHusKnc]peoploi>N5hdliA;dn\_.seSlJXjribeV,3c>detd6g!The?h]ghZrDDQf:uhe/sterileJskyreraF<rf]Jli[e0pae=s4of dm_s=]sgaGZt\oR^bie2Wkaes!LroIts o` Kh_eQVedA>Um\e.
5007
AndYtUn tgHusKnc]peoploi>N5hdliA;dn\_.seSlJXjribeV,3c>detd6g!The?h]ghZrDDQf:uhe/sterileJskyreraF<rf]Jli[e0pae=s4of dm_s=]sgaGZt\oR^bie2Wkaes!LroIts o` Kh_eQVedA>Um\e.
5008
AndYtUn tgHusKnc]peoploi>N5hdliA;dn\_.seSlJXjribeV,3c>detd6g!Uhe?h]ghZrDDQf:uhe/sterileJskyreraF<rf]Jli[e0pae=s4of dm_s=]sgaGZt\oR^bie2Wkaes!LroIts o` Kh_eQVedA>Um\e.
5009
AndYtUn tgHusKnc]peoploi>N5hdliA;dn\_.seSlJXjribeV,3c>detd6g!Uhe?h]ghZrDDQf:uhe/sterileJskyreraF<rf]Jli[e0pae=s4of dm_s=]sgaGZt\oR^bie2Wkaes!LroIts o` Kh_eQVedA>Um\e.
5010
AndXtVm tgFusJne\peoploi=L4idliC:fn[_.seSlH[iribeS,2c>detc6g She?h\ghVsEERf9the/sserileJskyrdraE<re]GliYe.pad=s4of dm_s=]shaG[t]nS^bhe1Xlaes!LroGts oa!Li^eRWfdA=Un_e.
5011
AndXtVm tgFusJne\peoploi=L4idliC:fn[_.seSlH[iribeS,2c>detc6g She?h\ghVsEERf9the/sserileJskyrdraE<re]GliYe.pad=s4of dm_s=]shaG[t]nS^bhe1Xlaes!LroGts oa!Li^eRWfdA=Un_e.
5012
AodYtUn tgHusJnc\peoploi>N4hdliA;en\_/seTlJXjribeV,3c>detd6g!The>h^ghZrDCQf:uhe/sterileJskyreraG<rf]JliZe0pae=s4of dm_s=^sgaG\t\oR_bie2Wkaes!KroHss oa Kh^eQWedA>Un\e.
5013
AndXtVm tgFusJne\peoploi=L4idliC:gn[_.seSlH[iribeS,2c>detc6g She?h\ghVsEERf9the/sserileJskyrdraE<re]GliYe.pad=s4of dm_s=]shaH[t]nS^bhe1Xlaes!LroGts oa!Li^eRWfdA=Un_e.
5014
AndXtVm tgFusJne\peoploi=L4idliC:gn[_.seSlH[iribeS,2c>detc6g She?h\ghVsEERf9the/sserileJskyrdraE<re]GliYe.pad=s4of dm_s=]shaH[t]nS^bhe1Xlaes!LroGts oa!Li^eRWfdA=Un_e.
5015
AndYtUn tgJusKnc\oeoqloi>N5heliA:en\_/seSlJXjribeV,3c>desd6f!The>h]ghZrEDQf:uhe/sterileJskyreraF<rf]JliZe0pae=s4of dm_s=`sgaG\t]oR_bie2Wkaes!KroHts oa Ki^eQWedA>Um\e.
5016
AndYtUn tgJusKnc\neoqloi>N5heliA:en\_/seSlJXjribeV,3c>desd6f!The>h]ghZrEDQf:uhe.sterileJskyreraF<rf]JliZe0pae=s4of dm_s=`sgaG\t]oR_bie2Wkaes!KroHts oa Ki^eQWedA>Um\e.
5017
AndYtUn tgJusKnc\oeoqloi>N5heliA:en\_/seSlJXjribeV,3c>desd6f!The>h]ghZrEDQf:uhe/sterileJskyreraF<rf]JliZe0pae=s4of dm_s=`sgaG\t]oR_bie2Wkaes!KroHts oa Ki^eQWedA>Um\e.
5018
AndYtUn tgJusKnc\neoqloi>N5heliA:en\_/seTlJXjribeV,3c>desd6f!The>h]ghZrEDQf:uhe.sterileJskyreraF<rf]JliZe0pae=s4of dm_s=`sgaG\t]oR_bie2Wkaes!KroHts oa Ki^eQWedA>Um\e.
5019
AndYtUn tgJusKnc\neoqloi>N5heliA:en\_/seTlJXjribeV,3c>desd6f!The>h]ghZrEDQf:uhe.sterileJskyreraF<rf]JliZe0pae=s4of dm_s=asgaG\t]oR_bie2Wkaes!KroHts oa Ki^eQWedA>Um\e.
5020
AndYtUn tgJusKnc\neoqloi>N5heliB:en\_/seTlJXkribeV,3c>desd6f!The>h]ghZrEDPf:uhe.sterileJskyreraF<rf]JliZe0pae=s4of dm_s=`sgaG\t]pR_bie2Wkafs!KroHts oa Ki^eQWedA>Um\e.
5021
AndYtUn tgJusKnc\neoqloi>N5heliB:en\_/seTlJXkribeV,3c>dese6f!The>h]ghZrEDPf:uhe.sterileJskyreraF<rf]JliZe0pae=s4of dm_s=`sgaG\t]pR_bie2Wkafs!KroHts oa Ji^eQWedA>Um\e.
5022
AndYtUn thHusJnc[oeoqloi>N5heliA9en\_/seSlJXjribeW,3c>desd6f!The>h]ghZrEDQf:uhe/sterileJskyreraF<rf\JliZe0pae=s4of dm_s=_sgaG\t]oR_bie2Wkaes!KroHts oa Ki^eQVecA>Um\e.
5023
AndYtUn tgJusKnc\neoqloi>N5ieliB:en\_/seTlJXkribeV,3c>dese6f!The>h]ghZsEDPf:uhe.sterileJskyreraF<rf]JliZe0pae=s4of dm_s=`sgaG\t]oR_bie2Wkafs!KroHts oa Ji^eQWedA>Um\e.
5024
AndYtUn tgJusKnc\neoqloi>N5ieliB:en\_/seTlJXkribeV,3c>dese6f!The>h]ghZsEDPf:uhe.sterileJskyreraF<rf]JliZe0pae=s4of dm_s=`sgaG\t]oR_bie2Wkafs!KroHts oa Ji^eQWedA>Um\e.
5025
AndYtUn tgJusKnc\neoqloi>N5ieliB:en\_/seTlJXkribeV,3c>dese6f!The>h]gh[sEDPf:uhe.sterileJskyreraF<rf]JliZe0pae=s4of dm_s=`sgaG\t]oR_bie2Wkafs!KroHts oa Ji^eQWedA>Um\e.
5026
AndYtUn tgJusKnc\neoqloi>N5ieliB:en\_.seTlJXkribeV,3c>dese6f!The>h]gh[sEDPf:uhe.sterileJskyreraF<rf]JliZe0pae=s4of dm_s=`sgaG\t]oR_bie2Wkafs!KroHts oa Ji^eQWedA>Um\e.
5027
AndYtUn tgJusKnc\neoqloi>N5ieliB:en\_.seTlJXkribeV,3c>dese6f!The>h]gh[sEDPf:uhe.sterileJskyreraF<rf]JliZe0pae=s4of dm_s=`sgaG\t]oR_bie2Wkafs!KroHts oa Ji^eQWedA>Um\e.
5028
AndYtUn tgJusKnc\neoqloi>N5ieliB:en\_.seTlJXkribeV,3c>dese6f!The>h]gh[sEDPf:uhe.sterileJskyreraF<rf]JliZe0pae=s4of dm_s=`sgaG\t]oR_bie2Wkafs!KroHts oa Ji^eQWedA>Um\e.
5029
AndYtUn tgJusKnc\neoqloi>N5ieliB:en\_.seTlJXkribeV,3c>dese6f!The>h]gh[sEDPf:uhe.sterileJskyreraF<rf]JliZe0pae=s4of dm_s=`sgaG\t]oR_bie2Wkafs!KroHts oa Ji^eQWedA>Um\e.
5030
AndYtUn tgJusKnc\neoqloi>N5ieliB:en\_.seTlJXkribeV,3c>dese6f!The>h]gh[sEDPf:uhe.sterileJskyreraF<rf\JliZe0pae=s4of dm_s=`sgaG\t]oR_bie2Wkafs!KroHts oa Ji^eQWedA>Um\e.
5031
AndYtUn tgJusKnc\neoqloi>N5ieliB:en\_.seTlJXkribeV,3c>dese6f!The>h]gh[sEDPf:uhe.sterileJskyreraF<rf\JliZe0pae=s4of dm_s=`sgaG\t]oR_bie2Wkafs!KroHts oa Ji^eQWedA>Um\e.
5032
AndYtUn tgJusKnc\neoqloi>N5ieliB:en\_.seTlJXkribeV,3c>dese6f!The>h]gh[sEDPf:uhe.sterileJskyreraF<rf]JliZe/pae=s4of dm_s=`sgaG\t]oR_bie2Wkafs!KroHts ob Ji^eQWedA>Um\e.
5033
AndYtUn tgJusKnc\neoqloi>N5ieliB:en\_.seTlJXkribeV,3c>dese6f!The>h]gh[sEDPf:uhe.sterileJskyreraF<rf]JliZe/pae=s4of dm_s=`sgaG\t]oR_bie2Wkags!KroHts ob Ji^eQWedA>Um\e.
5034
AndYtUn tgJusKnc\neoqloi>N5ieliB:en\_.seTlJXkribeV,3c>dese6f!The>h]gh[sEDPf:uhe.sterileJskyreraF<rf]JliZe/pae=s4of dm_s=`sgaG\t]oR_bie2Wkags!KroHts ob Ji^eQWedA>Um\e.
5035
AndYtVn tgHusKnc]peoploi>N5hdliA;dn]_.rgSlJWjribeV,2c>detd6g!The?h]ghZsDDQf:uhe/stdrileIskyseraF<rf[Jli[e/pae=s4of dm_s=^shaGZt\oR^dhe1Wkaes"LroIts o` Kh_eQUedA>Um\e.
5036
AndYtVn tgHusKnc]peoploi>N5hdliA;dn]_.rgSlJWjribeV,2c>detd6g!The?h]ghZsDDQf:uhe/stdrileIskyseraF<rf[Jli[e/pae=s4of dm_s=^siaGZt\oR^dhe1Wkaes"LroIts o` Kh_eQUedA>Um\e.
5037
AndYtVn tgHusKnc]peoploi>N5hdliA;dn]_.rgSlJWjribeV,2c>detd6g!The?h]ghZsDDQf:uhe/stdrileIskyseraF<rf[Jli[e/pae=s4of dm_s=^siaGZt\oR^dhe1Wkaes"LroIts o` Kh_eQUedA>Um\e.
5038
AndYtVn tgHusKnc]peoploi>N5hdliA;dn]_.rgSlJWjribeV,2c>detd6g!The?h]ghZsDDQf:uhe/stdrileIskyseraF<rf[Jli[e/pae=s4of dm_s=^siaGZt\oR^dhe1Wkaes"LroIts o` Kh_eQUedA>Um\e.
5039
AndYtVn tgHusKnc]peoploi>N5hdliA;dn]_.rgSlJWjribeV,2c>detd6g!The?h]ghZsDDQf:uhe/stdrileIskyseraG<rf[Jli[e.pae=s4of dm_s=^siaGZt\oR^dhe1Wkaes"LroIts o` Kh_eQUedA>Um\e.
5040
AndYtVn tgHusKnc]peoploi>N5hdliA;dn]_.rgSlJWjribeV,2c>detd6g!The?h]ghZsDDQf:uhe/stdrileIskyseraG<rf[Jli[e.pae=s4of dm_s=^siaGZt\oR^dhe1Wkaes"LroIts o` Kh_eQUedA>Um\e.
5041
AndYtVn tgHusKnc]peoploi>N5hdliA;dn]^.rgSlJWjribeV,2c>detd6g!The>h]ghZsDDQf:uhe/stdrileIskysdraF<rf[Jli[e/pae>s4of dm_s=^siaGZt\oR^dhe1Wkaes"LroIts o` Kh_eQUedA>Un\e.
5042
AndYtVn tgHusKnc]peoploi>N5hdliA;dn]^.rgSlJWjribeV,2c>detd6g!The>h]ghZsDDQf:uhe/stdrileIskysdraF<rf[Jli[e/pae>s4of dm_s=^siaGZt\oR^dhe1Wkaes"LroIts o` Kh_eQUedA>Un\e.
5043
AndYtVn tgHusKnc]peoploi>N5hdliA;dn]^.rgSlJWjribeV,2c>detd6g!The>h]ghZsDDQf:uhe/stdrileIskysdraF<rf[Jli[e/pae>s4of dm_s=^siaGZt\oR^dhe1Wkaes"LroIts o` Kh_eQUedA>Un\e.
5044
AndYtVn tgHusKnc]peoploi>N5hdliA;dn]^.rgSlJWjribeV,2c>detd6g!The>h]ghZsDDQf:uhe/stdrileIskysdraF<rf[Jli[e/pae>s4of dm_s=^siaGZt\oR^dhe1Wkaes"LroIts o` Kh_eQUedA>Un\e.
5045
AndYtVn tgHusKnc]peoploi>N5hdliA;dn]_.rgSlJWjribeW,2c>detd6g The>h]ghZsDDQf:uhe/stdrileIskysdraF<rf[Jli[e/pae=s4of dm_s=^siaGZt\oR^dge1Wkaes"LroIts o` Kh_eQUedA>Um]e.
5046
AndXtUn tgKusKnc\neoqloi>N5ieliB:en]`.seTlJXkribeV,3c>dete6f!The>h^gh[sEDPf:uhe.sterileJskyseraF<rf]JliZe0pae=s4of dm_s=asgaG\t]oR^bie1Wlafs"KroHts oa Ji^eQWedA>Um\e.
5047
AndXtUn tgKusKnc\neoqloi>N5ieliB:en]`.seTlJXkribeV,3c>dete6f!The>h^gh[sEDPf:uhe.sterileJskyseraF<rf]JliZe0pae=s4of dm_s=asgaG\t]oR^bie1Wlafs"KroHts oa Ji^eQWedA>Um\e.
5048
AndYtVn tgHusKnc]peoploi>N5hdliA;dn]^-rgSlJWjribeV,2c>detd6g!The>h]ghZsDDQf:uhe/stdrileIskysdraF<rf[Jli[e/pae>s4of dm_s=^siaGZt\oS^dhe1Wkaes"LroIts o` Kh_eQUedA>Un\e.
5049
AndYuVn tgHusKnc]peoploi>N5hdliA;dn]_.rhSlJWjribeV,2c>detd6g!The?h]ghZsEDQf:uhe/stdrileIskyseraG<rf[Jli[e.pae=s4of dm_s=^siaGZt\oS^ehe1Wkaes"LroIts o` Kh_eQUedA>Um\e.
5050
AndXtUn tgKusKnc\nepqloi>N5ieliB:en]`.seTlJXkribeV,3c>dete6f!The>h^gh[sEDPf:uhe.sterileJskyseraF<rf]JliZe0pae=s4of dm_s=asgaG]t^oR^bie1Wlafs"KroHts oa Ji^eQWedA>Um\e.
5051
AndYtVn tgHusKnc]peoploi>N5hdliA;dn]_.rgSlJWjribeV,2c>detd6g!The?h]ghZsDEQf9uhe/stdrileIskyseraG<rf[Jli[e.pae=s4of dm_s=^siaG[t\nR]dhe1Wkaes"MroIts o` Kh_eQTedA>Um\e.
5052
AndYtVn tgHusKnc]peoploi>N5hdliA;dn]_.rgSlJWjribeV,2c>detd6g!The?h]ghZsDEQf9uhe/stdrileIskyseraG<rf[Jli[e.pae=s4of dm_s=^siaG[t\nR]dhe1Wkaes"MroIts o` Kh_eQTedA>Um\e.
5053
AndYtVn tgHusKnc]peoploi>N5hdliA;dn]_.rgSlJWjribeV,2c>detd6g!The?h]ghZsDEQf9uhe/stdrileIskyseraG<rf[Jli[e.pae=s4of dm_s=^siaG[t\nR]dhe1Wkaes"MroIts o` Kh_eQTedA>Um\e.
5054
AndYtVn tgHusKnc]peoploi>N5hdliA;dn]_.rgSlJWjribeV,2c>detd6g!The?h]ghZsDEQf9uhe/stdrileIskyseraG<rf[Jli[e.pae=s4of dm_s=^siaG[t\nR]dhe1Wkaes"MroIts o` Kh_eQTedA>Vm\e.
5055
AndYtVn tgHusKnc]peoploi>N5heliA;dn]_.rgSlJWjribeV,2c>detd6g!The?h]ghZsDEQf9uhe/stdrileIskyseraG<rf[Jli[e.pae=s4of dm_s=^siaG[t\nR]dhe1Wkaes"MroIts o` Kh_eQTedA>Um\e.
5056
AndYtWn thHusKnc]peoploi?N5hdliA;dn]^.rgSlJVjribeV,2c>dete6h!Uhe>h]ghZsDDQf:uhe/sudrileIskysdraF<rf[Ili[e/pae=s4of dm_s=_siaGZu\oS^dhe1Wkaes"LroIts o` Kh_eQUecA>Un\e.
5057
AndYtWn thHusKnc]peoploi?N5hdliA;dn]^.rgSlJVjribeV,2c>dete6h!Uhe>h]ghZsDDQf:uhe/sudrileIskysdraF<rf[Ili[e/pae=s4of dm_s=_siaGZu\oS^dhe1Wkaes"LroIts o` Kh_eQUecA>Un\e.
5058
AndYtWn thHusKnc]peoploi?N5hdliA;dn]^.rgSlJVjribeV,2c>dete6h!Uhe>h]ghZsDDQf:uhe/sudrileIskysdraF<rf[Ili[e/pae=s4of dm_s=_siaGZu\oS^dhe1Wkaes"LroIts o` Kh_eQUecA>Un\e.
5059
AndYtWn thHusKnc]peoploi?N5hdliA;dn]^.rgSlJVjribeV,2c>dete6h!Uhe>h]ghZsDDQf:uhe/sudrileIskysdraF<rf[Ili[e/pae=s4of dm_s=_siaGZu\oS]dhe1Wkaes"LroIts o` Kh_eQUecA>Un\e.
5060
AndYtWn thHusKnc]peoploi?N5hdliA;dn]^.rgSlJVjribeV,2c>dete6h!Uhe>h]ghZsDDQf:uhe/sudrileIskysdraF<rf[Ili[e/pae=s4of dm_s=_siaGZu\oS]dhe1Wkaes"LroIts o` Kh_eQUecA>Un\e.
5061
AndYuVn tgHusKnc]peoploi>N5heliC;en]_.rhSlJWjribeV,2c?detd6g!The?h]ghZsEDQf:uhe/stdrileIskyseraG<rf[Jli[e.pae=s4of dm_s=^siaGZt\oT^ehe1Wkaes"LroIts o` Kh_eQUedA>Um\e.
5062
AndYuVn tgHusKnc]peoploi>N5heliC;en]_.rhSlJWjribeV,2c?detd6g!The?h]ghZsEDQf:uhe/stdrileIskyseraG<rf[Jli[e.pae=s4of dm_s=^siaGZt\oT^ehe1Wkaes"LroIts o` Kh_eQUedA>Um\e.
5063
AndYuVn tgHusKnc]peoploi>N5hfliC;en]_.rhSlJWjribeV,2c>eetd6g!The?h]ghZsEDQf:uhe/stdrileIskyseraG<rf[Jli[e.pae=s4of dm_s=^siaGZt\oT^ehe1Wkaes"LroIts o` Kh_eQUedA>Um\e.
5064
AndYtVn tgHusKnc]peoploi>N5heliA;dn]_.rgSlJWjribeV,1c>detd6g!The?h]ghZsDDQf9uhe/stdrileIskyseraG<rf[Jli[e.pae=s4of dm_s=^siaG[t\nR]dhe1Xkaes!MroIts o` Kh_eQTedA>Um\e.
5065
AndYtVn tgHusKnc]peoploi>N5heliA;dn]_.rgSlJWjribeV,1c>detd6g!The?h]ghZsDDQf9uhe/stdrileIskyseraG<rf[Jli[e.pae=s4of dm_s=^siaG[t\nR]dhe1Xkaes!MroIts o` Kh_eQTedA>Um\e.
5066
AndYtVn tgHusKnc]peoploi>O5heliA;dn]_.rfSlJWjribeV,2c>detd6g!The>h]ghZsDEQf9uhe/stdrileIskyseraG<rf[Jli[e.pae=s4of dm_s=^sjaG[t\nR]dhe1Xkaes!MroIts o` Ki_eQTedA>Um\e.
5067
AndYtWn thIusKnc]peoploi?N5hdliA;dn]^.rgSlJVjribeV,2c>dete6h!Uhe>h]ghZsDDQf:uhe/sudrileIskysdraF<rf[Ili[e/pad=s4of dm_s=_siaGZu\oS]dhe1Wkaes"MroIts o` Kh_eQUebA>Un\e.
5068
AndYtWn thIusKnc]peoploi?N5hdliA;dn]^.rgSlJVjribeV,2c>dete6h!Uhe>h]ghZsDDQf:uhe/suerileIskysdraF<rf[Ili[e/pad=s4of dm_s=_siaGZu\oS]dhe1Wkaes"MroIts o` Kh_eQUebA>Un\e.
5069
AndYtWn thIusKnc]peoploi?N5hdliA;dn]^.rgSlJVjribeV,2c>dete6h!Uhe>h]ghZsDDQf:uhe/suerileIskysdraF<rf[Ili[e/pad=s4of dm_s=_siaGZu\oS]dhe1Wkaes"MroIts o` Kh_eQUebA>Un\e.
5070
AndYuVn thHusKnc]peoploi>N4heliC;en^_.rhSlJWjribeV,2c?detd6g!The?h]ghZsEDQf:uhe/stdrileHskyseraG<rf[Jli[e-pae=s4of dm_s=^siaGZt\oT^ehe1Wkaes"LroIts o` Kh_eQUedA>Um\e.
5071
AndYuVn tgHusKnc]peoploi>N5hfliC;en]`.riSlJWjribeV,2c>detd6g!The?h]gh[sECQf:uhe/stdrileHskyseraG<rf[Jli[e.pae=s4of dm_s=^sjaGZt\oT^ehe1Wkaes"LroIts o` Kh_eQUedA>Um\e.
5072
AndYuVn tgHusKnc]peoploi>N5hfliC;en]`.riSlJWjribeV,2c>detd6g!The?h]gh[sECQf:uhe/stdrileHskyseraG<rf[Jli[e.pae=s4of dm_s=^sjaGZt\oT^ehe1Wkaes"LroIts o` Kh_eQUedA>Um\e.
5073
AndYuVn tgHusKnc]peoploi>N5hfliC;en]`.riSlJWjribeV,2c>detd6g!The?h]gh[sECQf:uhe/stdrileHskyseraG<rg[Jli[e.pae=s4of dm_s=^sjaGZt\oT^ehe1Wkaes"LroIts o` Kh_eQUedA>Um\e.
5074
AndYuVn tgHusKnc]peoploi>N5hfliC;en]`.riSlJWjribeV,2c>detd6g!The?h]gh[sECQf:uhe/stdrileHskyseraG<rg[Jli[e.pae=s4of dm_s=^sjaGZt\oT^ehe1Wkaes"LroIts o` Kh_eQUedA>Um\e.
5075
AndYuVn tgHusKnc]peoploi>N5hfliC;en]`.riSlJWjribeV,2c>detd6g!The?h]gh[sECQf:uhe/stdrileHskyseraG<rg[Ili[e.pae=s4of dm_s=^sjaGZt\oT^ehe1Wkafs"LroIts o` Kh_eQUedA>Um\e.
5076
AndYuVn tgHusKnc]peoploi>N5hfliC;en]`.riSlJWjribeV,2c>detd6g!The?h]gh[sECQf:uhe/stdrileHskyseraG<rg[Ili[e.pae=s4of dm_s=^sjaGZt\oT^ehe1Wkafs"LroIts o` Kh_eQUedA>Um\e.
5077
AndYuVn tgHusKnc]peoploi>N5hfliC;en]`.riSlJWjribeV,2c>detd6g!The?h]gh[sECQf:uhe/stdrileHskyseraG<rg[Ili[e.pae=s4of dm_s=^sjaGZt\oT^ehe1Wkafs"LroIts o` Kh_eQUedA>Um\e.
5078
AndYuVn tgHusKnc]peoploi>N5hfliC;en]`.riSlJWjribeV,2c>detd6g!The?h]gh[sECQf:uhe/stdrileHskyseraG<rg[Ili[e.pae=s4of dm_s=^sjaGZt\oT^ehe1Wkafs"LroIts o` Kh_eQUedA>Um\e.
5079
AndYuWn tgHusKnc]peoploi>N5hfliC;en]`.riSlJWjribeV,2c>detd6g!The?h]gh[sECQf:uhe/stdrileHskyseraG<rg[Ili[e.pae=s4of dm_s=^sjaGZt\oT^ehe1Wkafs"LroIts o` Kh_eQUedA>Um\e.
5080
AndYuWn tgHusKnc]peoploi>N5hfliC;en]`.riSlJWjribeV,2c>detd6g!The?h]gh[sECQf:uhe/stdrileHskyseraG<rg[Ili[e.pae=s4of dm_s=^sjaGZt\oT^ehe1Wkafs"LroIts o` Kh_eQUedA>Um\e.
5081
AndYuVn tgHusKnc]peoploi>N5hgliC;en]`.riSlJWjribeV,2c>desd6g!The?h]gh[sFCQf:uhe/stdrileHskyseraG<rg[Ili[e-pae=s4of dm_s=^sjaGZt\oT^ehe1Wkafs"LroIts o` Kh_eQUedA>Um\e.
5082
AndYuVn tgHusKnc]peoploi>N5hgliC;en]`.riSlJWjribeV,2c>desd6g!The?h]gh[sFCQf:uhe/stdrileHskyseraG<rg[Ili[e-pae=s4of dm_s=^sjaGZt\oT^ehe1Wkafs"LroIts o` Kh_eQUedA>Um\e.
5083
AndYuVn tgHusKnc]peoploi>N5hgliC;en]`.riSlJWjribeV,2c>desd6g!The?h]gh[sFCQf:uhe/stdrileHskyseraG<rg[Ili[e-pae=s4of dm_s=^sjaGZt\oT^ehe1Wkafs"LroIts o` Kh_eQUedA>Um\e.
5084
AndYuVn tgHusKnc]peoploi>N5hgliC;en]`.riSlJWjribeV,2c>desd6g!The?h]gh[sFCQf:uhe/stdrileHskyseraG<rg[Ili[e-pae=s4of dm_s=^sjaGZt\oT^ehe1Wkafs"MroIts o` Kh_eQUedA>Um\e.
5085
AndYuVn tgHusKnc]peoploi>N5hgliC;en]`.riSlJWjribeV,2c>desd6g!The?h]gh[sFCQf:uhe/stdrileHskyseraG<rg[Ili[e-pae=s4of dm_s=^sjaGZt\oT^ehe1Wkafs"MroIts o` Kh_eQUedA>Um\e.
5086
AndYuVn tgHusKnc]peoploi>N5hfliD;en]`.riSlJWjribeV,2c>eetd6g!The?h]gh[sECQf:uhe/stdrileHskyseraG<rg[Ili[e.pae>s4of dm`s=^sjaGZt\oT^ehe1Wkafs"LroIts o` Kh_eQUedA>Um\e.
5087
AndYuVn tgHusLnc]peoploi>N5hgliC:en]`.riSlJWjribeV,2c>desd6g!The?h]gh[sFCQf:uhe/stdrileHskyseraG<rg[Ili[e-pae=s4of dm_s=^sjaGZt\oU^ehe1Wkafs"LroIts o` Kh_eQUedA>Um\e.
5088
AndYuVn tgHusLnc]peoploi>N5hgliC:en]`.riSlJWjribeV,2c>desd6g!The?h]gh[sFCQf:uhe/stdrileHskyseraG<rg[Ili[e-pae=s4of dm_s<^sjaGZt\oU^ehe1Wkafs"LroIts o` Kh_eQUedA>Um\e.
5089
AndYuVn tgHusLnc]peoploi>N5hgliC:en]`.riSlJWjribeV,2c>desd6g!The>h]gh[sFCQf:uhe/stdrileHskyseraG<rg[Ili[e-pae=s4of dm_s<^sjaGZt\oU^ehe1Wkafs"LroIts o` Kh_eQUedA>Um\e.
5090
AndYuVn tgHusLnc]peoploi>N5hgliC:en]`.riSlJWjribeV,2c>desd6g!The>h]gh[sFCQf:uhe/stdrileHskyseraG<rg[Ili[e-pae=s4of dm_s<^sjaGZt\oU^ehe1Wkafs"LroIts o` Kh_eQUedA>Um\e.
5091
AndYuVn tgHusLnc]peoploi>N5hgliC:en]`.riSlJWjribeV,2c>desd6g!The>h]gh[sFCQf:uhe/stdrileHskyseraG<rg[Ili[e-pae=s4of dm_s<^sjaGZt\oU^ehe1Wkafs"LroIts o` Kh_eQUedA>Um\e.
5092
AndYuVn tgHusLnc]peoploi>N5hgliC:en]`.riSlJWjribeV,2c>desd6g!The?h]gh[sFCQf:uhe/stdrileHskyseraG=rg[Ili[e-pae=s4of dm_s<^sjaGZt\oU^ehe1Wkafs"LroIts o` Kh_eQUedA>Um\e.
5093
AndYuWn tgHusKnc]peoploi>N5hfliC:en]`.riTlJWjribeV,2c>detd6g!The?h]gh[sECSf:uhe/sterileHskyseraG<rg[Ili[e.pae=s4of dm_s=_sjaGZt\oT^ehe1Wlafs"LroIts o` Kh_eQUedA>Um\e.
5094
AndYuWn tgHusKnc]peoploi>N5ifkiC:en]`.riTlJWjribeV,2c>detd6g!The?h]gh[sECTf:uhe/stdrileHskyseraG<rg[Ili[e.pae=s4of dm_s=_sjaGZt\oT]ehe1Wlafs"LroIts o` Kh_eQUedA>Um\e.
5095
AndYuVn tgHusLnc]peoploi>N5hgliC:en]`.siSlJWjribeV,2c>desd6g!The>h]gh[sFCQf:uhe/stdrileHskysdraG<rg[Ili[e-pae=s4of dm_s<^sjaGZt\oU^ehe1Wkafs"LroJts o` Kh_eQUedA>Um\e.
5096
AndYuWn tgHusKnc]peoploi>N5ifkiC:en]`.riTlJWjribeV,2c>detd6g The?h]gh[sECTf:uhe/stdrileHskyseraG<rg[Ili[e.pae=s4of dm_s=_sjaGZt\oT]ehe1Wlafs"LroIts o` Kh_eQUedA>Um\e.
5097
AndYuWn tgHusKnc]peoploi>N5ifkiC:en]`.siTlJWjribeV,2c>detd6g The?h]gh[sECTf:uhe/stdrileHskyseraG<rg[Ili[e.pae=s4of dm_s=_sjaGZt\oT]ehe1Wlafs"LroIts o` Kh_eQUedA>Um\e.
5098
AndYuWn tgHusKnc]peoploi>N5ifkiC:en]`.siTlJWjribeV,2c>detd6g The?h]gh[sECTf:uhe/stdrileHskyseraG<rg[Ili[e.pae=s4of dm_s=_sjaGZt\oT]ehe1Wlafs"LroIts o` Kh_eQUedA>Um\e.
5099
AndYuWn tgHusKnc]peoploi>N5ifkiC:en]`.siTlJWjribeV,2c>detd6g The?h]gh[sECTf:uhe/stdrileHskyseraG<rg\Ili[e.pae=s4of dm_s=_sjaGZt\oT]ehe1Wlafs"LroIts oa Kh_eQUedA>Um\e.
5100
AndYuWn tgHusKnc]peoploi>N5ifkiC:en]`.siTlJWjribeV,2c>detd6g The?h]gh[sECTf:uhe/stdrileHskyseraG=rg\Ili[e.pae=s4of dm_s=_sjaGZt\oT]ehe1Wlafs"LroIts oa Kh_eQUedA>Um\e.
5101
AndYuWn tgHusKnc]peoploi>N5ifkiC:en]`.siTlJWjribeV,2c>detd6g The?h]gh[sECTf:uhe/stdrileGskyseraG=rg\Ili[e.pae=s4of dm_s=_sjaGZt\oT]ehe1Wlafs"LroIts oa Kh_eQUedA>Um\e.
5102
AndYuWn tgHusKnc]peoploi>N5ifkiC:en]`.siTlJWjribeV,2c>detd6g The?h]gh[sECTf:uhe/stdrileGskyseraG=rg\Ili[e.pae=s4of dm_s=_sjaGZt\oT]ehe1Wlafs"LroIts oa Ki_eQUedA>Um\e.
5103
AndYuWn tgHusKnc]peoploi>N5ifkiC:en]`.siTlJWjribeV,2c>detd6g The?h]gh[sECTf:uhe/stdrileGskyseraG=rg\Ili[e.pae=s4of dm_s=_sjaGZt\oT]ehe1Wlafs"LroIts oa Ki_eQUedA>Um\e.
5104
AndYuWn tgHusKnc]peoploi>N5ifkiC:en]`.siTlJWjribeV,2c>detd6g The?h]gh[sECTf:uhe/stdrileGskyseraG=rg\Ili[e.pae=s4of dm_s=_sjaGZt\oT]ehe1Wlafs"LroIts oa Ki_eQUedA>Um\e.
5105
AndYuWn tgHutKnc]peoploi>N5ifkiC:en]`.siTlJWjribeV,2c>detd6g The?h]gh[sECTf:uhe/stdrileGskyseraG=rg\Ili[e.pae=s4of dm_s=_sjaGZt\oT]ehe0Wlafs"LroIts oa Ki_eQUedA>Vm\e.
5106
AndYuWn tgHutKnc]peoploi>N5ifkiC:en]`.siTlJWjribeV,2c>detd6g The?h]gh[sECTf:uhe/stdrileGskyseraG=rg\Ili[e.pae=s4of dm_s=_sjaGZt\oT]ehe0Wlafs"MroIts oa Ki_eQUedA>Vm\e.
5107
AndYuWn tgHutKnc]peoploi>N5ifkiC:en]`.siTlJWjribeV,2c>detd6g The?h]gh[sECTf:uhe/stdrileGskyseraG=rg\Ili[e.pae=s4of dm_s=_sjaGZt\oT]ehe0Wlafs"MroIts oa Ki_eQUedA>Vm\e.
5108
AndYuWn tgHutKnc\peoploi>N5ifkiC:en]`.siTlJWjribeV,2c>detd6g The?h]gh[sECTf:uhe/stdrileGskyseraG=rg\Ili[e.pae=s4of dm_s=_sjaGZt\oT]ehe0Wlafs"MroIts oa Ki_eQUedA>Vm\e.
5109
AndYuWn tgHutKnc\peoploi>N5ifkiC:en]`.siTlJWjribeV,2c>detd6g The?h]gh[sECTf:uhe/stdrileGskyseraG=rg\Ili[e.pae=s4of dm_s=_sjaGZt\oT]ehe0Wlafs"MroIts oa Ki_eQUedA>Vm\e.
5110
AndYuWn tgHutKnc\peoploi>N5ifkiC:en]`.siTlJWjribeV,2c>detd6g The?h]gh[sECTf:uhe/stdrileGskyseraG=rg\Ili[e.pae=s4of dm_s=_sjaGZt\oT]ehe0Wlafs"MroIts oa Ki_eQUedA>Vm\e.
5111
AndYuWn tgHutKnc\peoploi>N5ifkiC:en]`.siTlJWjribeV,2c>detd6g The?h]gh[sECTf:uhe/stdrileGskyseraG=rg\Ili[e.pae=s4of dm_s=_sjaGZt\oT]ehe0Wlafs"MroIts oa Ki_eQUedA>Vm\e.
5112
AndYuWn tgHutKnc\peoploi>N5ifkiD:en]`.siTlJWjribeV,2c>detd6g The?h]gh[sECTf:uhe/stdrileGskyseraG=rg\Ili[e.pae=s4of dm_s=_sjaGZt\oT]ehe0Wlafs"MroIts oa Ki_eQUedA>Vm\e.
5113
AndYuWn tgHutKnc\peoploi>N5ifkiC:en]`.siTlJWjrjbeV,2c>detd6g The?h]gh[sECTf:uhe/stdrileGskyseraG=rg\Ili[e.pae=s4of dn_s=_sjaGZt\oT]ehe0Wlafs"MroIts oa Kj_eQUedA>Vm\e.
5114
AndYuWn tgHutKnc\peoploi>N5ifkiC:en]`.siTlJWjrjbeV,2c>detd6g The?h]gh[sECTf:uhe/stdrileGskyseraG=rg\Ili[e.pae=s4of dn_s=_sjaGZt\oT]ehe0Wlafs"MroIts oa Kj`eQUedA>Vm\e.
5115
AndYuWn tgHutKnc\peoploi>N5ifkiC:en]`.siTlJWjrjbeV,2c>detd6g The?h]gh[sECTf:uhe/stdrileGskyseraG=rg\Ili[e.pae=s4of dn_s=_sjaGZt\oT]ehe0Wlafs"MroIts ob Kj`eQUedA>Vm\e.
5116
AndYuWn tgHutKnc\peoploi>N5ifkiC:en]`.siTlJWjrjbeV,2c>detd6g The?h]gh[sECTf:uhe/stdrileGskyseraG=rg\Ili[e.pae=s4of dn_s=_sjaGZt\oT]ehe0Wlafs"MroIts ob Kj`eQUedA>Vm\e.
5117
AndYuWn tgHutKnc\peoploi>N5ifkiC:en]`.siTlJWjrjbeV,2c>detd6g The?h]gh[sECTf:uhe/stdrileGskyseraG=rg\Ili[e.pae=s4of dn_s=_sjaGZt\oT]ehe0Wlafs"MroIts ob Kj`eQUedA>Vm\e.
5118
AndYuWn tgHutKnc\peoploi>N5ifkiC:en]`.siTlJWjrjbeV,2c>detd6g The?h]gh[sECTf:uhe/stdrileGskyseraG=rg\Ili[e.pae=s4of dn_s=_sjaGZt\oT]ehe0Wlafs"MroIts ob Kj`eQUedA>Vm\e.
5119
AndYuWn tgHutKnc\peoploi>N5ifkiC:fn]`.siTlJWjrjbeV,2c>detd6g The?h]gh[sECTf:uhe/stdrileGskyseraG=rg\Ili[e.pae=s4of dn_s=_sjaGZt\oT]ehe0Wlafs"MroIts ob Kj`eQUedA>Vm\e.
5120
AndYuWn tgHutKnc\peoploi>N5ifkiC:fn]`.siTlJWjrjbeV,2c>detd6g The?h]gh[sECTf:uhe/stdrileGskyseraG=rg\Ili[e.pae=s4of dn_s=_sjaGZt\oT]ehe0Wlafs"MroIts ob Kj`eQUedA>Vm\e.
5121
AndYuWn tgHutKnc\peoploi>N5jfkiC:fn]`.siTlJWjrjbeV,2c>detd6g The?h]gh[sECTf:uhe/stdrileGskyseraG=rg\Ili[e.pae=s4of dn_s=_sjaGZt\oT]ehe0Wlafs"MroIts ob Kj`eQUedA>Vm\e.
5122
AndYuWn tgHutKnc\peoploi>N5jfkiC:fn]`.siTlJWjrjbeV,2c>detd6g The?h]gh[sECTf:uhe/stdrileGskyseraG=rg\Ili[e.pae>s4of dn_s=_sjaGZt\oT]ehe0Wlafs"MroIts ob Kj`eQUedA>Vm\e.
5123
AndYuWn tgHutKnc\peoploi>N5jfkiC:fn]`.siTlJWjrjbeV,2c>detd6g The?h]gh[sECTf:uhe/stdrileGskyseraG=rg\Ili[e.pae>s4of dn_s=_sjaGZt\oT]ehe0Wlafs"MroIts ob Kj`eQUedA>Vm\e.
5124
AndYuWn tgHutKnc\peoploi>N5jfkiC:fn]`.siTlJWjrjbeV,2c>detd6g The?h]gh[sECTf:uhe/stdrileGskyseraG=rg\Ili[e.pae>s4of dn_s=_sjaGZt\oT]ehe0Wlafs"MroIts ob Kj`eQUedA>Vm\e.
5125
AndYuWn tgHutKnc\peoploi>N5jfkiC:fn]`.siTlJWjrjbeV,2c>detd6g The?h]gh[sECTf:uhe/stdrileGskyseraG=rg\Ili[e.pae>s4of dn_s=_sjaGZt\oT]ehe0Wlafs"MroIts ob Kj`eQUedA>Vm\e.
5126
AndYuWn tgHutKnc\peoploi>N5jfkiC:fn]`-siTlJWjrjbeV,2c>detd6g The?h]gh[sECTf:uhe/stdrileGskyseraG=rg\Ili[e.pae=s4of dn_s=_sj`GZt\oT]ehe0Wlafs"MroIts ob Lj`eQUedA?Vn\e.
5127
AndYuWn tgHutKnc\peoploi>N5jfkiC:fn]`-siTlJWjrjbeV,2c>detd6g The?h]gh[sECTf:uhe/sterileGskyseraG=rg\Ili[e.pae=s4og dn_s=_sj`GZt\oT]ehe0Wlafs"MroIts ob Lj`eQUedA?Vn\e.
5128
AndYuWn tgHutKnc\peoploi>N5jfkiC:fn]`-siTlJWjrjbeV,2c>detd6g The?h]gh[sECTf:uhe/sterileGskyseraG=rg\Ili[e.pae=s4og dn_s=_sj`GZt\oT]ehe0Xlafs"MroIts ob Lj`eQUedA?Vn\e.
5129
AndYuWn tgHutKnc\peoploi>N5jfkiC:fn]`-siTlJWjrjbeV,2c>detd6g The?h]gh[sECTf:uhe/sterileGskyseraG=rg\Ili[e.pae=s4og dn_s=_sj`GZt\oT]ehe0Xlafs"MroIts ob Lj`eQUedA?Vn\e.
5130
AndYuWn tgHutKnc\peoploi>N5jfkiC:fn]`-siTlJWjrjbeV,2c>detd6g The?h]gh[sECTf:uhe/sterileGskyseraG=rg\Ili[e.pae=s4og dn_s=_sj`GZt\oT]ehe0Xlafs"MroIts ob Lj`eQUedA?Vn\e.
5131
AndYtWn shHusKnc]peooloj>O5ifliC9en\`.siTlJWkribeV,2c>detd6g The?h]gh]sECSf:tie/stdrileGskyseraG=rg\Hli[e.pae?s4of dn`s=_sjaG[t\oT]ehe1Wlafs"LroJts oa Ki`ePUecA>Un\e.
5132
AndYtWn shHusKnc]peooloj>O5ifliC9en\`.siTlJWkribeV,2c>detd6g The?h]gh]sECSf:tie/stdrileGskyseraG=rg\Hli[e.pae?s4of dn`s=_sjaG[t\oT]ehe1Wlafs"LroJts oa Ki`ePUecA>Un\e.
5133
AndYtWn shHusKnc]peooloj>O5ifliC9en\`.siTlJWkribeV,2c>detd6g The?h]gh]sECSf:tie/stdrileGskyseraG=rg\Hli[e.pae?s4of dn`s=_sjaG[t\oT]ehe1Wlafs"LroJts oa Ki`ePUecA>Un\e.
5134
AndXuWm tgHutKnc\peoploi>N5igliC:en]`.siTlJVjribeV,2c>detd6g Uhe?h]gh[sEBTf:uhe/stdrileFskyseraG=rg\Ili[e.pae=s4of dn_s=_sjaG[t\oT\ehe0Wlafs!MroIts oa Kj_eQUecA>Vm\e.
5135
AndXuWm tgHutKnc\peoploi>N5igliC:en]`.siTlJVjribeV,2c>detd6g Uhe?h]gh[sEBTf:uhe/stdrileFskyseraG=rg\Ili[e.pae=s4of dn_s=_sjaG[t\oT\ehe0Wlafs!MroIts oa Kj_eQUecA>Vm\e.
5136
AndYtXn shHusKnc]peooloj>N5ieliC9en\`.siTlJWjribeV,2c>dete6g Uhe?h]gh]sECSf:tie/stdrileGskyseraG=rg\Hli\e.pae?s4of dn`s=_sjaG[t\oT]ehe1Wlafs"LroJts oa Ki`ePUecA>Un\e.
5137
AncYuWn tgHusKnc\oeoploi>N5jgkiC:fn]`-siTlJWjrjbeW,2c>detd6g The?h]gh\sECTf:uhe/stdrileGskyseraH=rg\Ili[e.pae=s4of dn_s=_sk`GZt\oU]ehe0Wlafs"MroIts ob Lj`eQUedA@Vn\e.
5138
AncYuWn tgHusKnc\oeoploi>N5jgkiC:fn]`-siTlJWjrjbeW,2c>detd6g The?h]gh\sECTf:uhe/stdrileGskyseraH=rg\Ili[e.pae=s4of dn_s=_sk`GZt\oU]ehe0Wlafs"MroIts ob Lj`eQUedA@Vn\e.
5139
AncYuWn tgHusKnc\oeoploi>N5jgkiC:fn]`-siTlJWjrjbeW,2c>detd6g The?h]gh\sECTf:uhe/stdrileGskyseraH=rg\Ili[e.pae=s4of dn_s=_sk`GZt\oU]ehe0Wlafs"MroIts ob Lj`eQUedA@Vn\e.
5140
AncYuWn tgHusKnc\oeoploi>N5jgkiC:fn]`-siTlJWjrjbeW,2c>detd6g The?h]gh\sECTf:uhe/stdrileGskyseraH=rg\Ili[e.pae=s4of dn_s=_sk`GZt\oU]ehe0Wlafs"MroIts ob Lj`eQUedA@Wn\e.
5141
AndYuWn tgHusKnc]peoplpi>N5jfliC:fn]`.sjVlJWjribeV,2c>detd7g The?h]gh\sGAUf:uhe/sterileHskysesaG=rg[Ili]e.pae>s4of em_s=_sjaGZt]oU]ehe1Xlafs!LroJts o` Ki_eQUedA>Um\e.
5142
AncYuWn tgHusKnc\oeoploi>N5jgkiC:fn]`,siTlJWjrjbeW,2c>detd6g The?h]gh\sECTf:uhe/stdrileGskyseraH=rg\Ili[e.pae=s4of dn_s=_sk`GZt\oU]ehe0Wlafs"MroIts ob Lj`eQUedA@Wn\e.
5143
AncYuWn tgHusKnc\oeoploi>N5jgkiC:fn]`,siTlJWjrjbeW,2c>detd6g The?h]gh\sECTf:uhe/stdrileGskyseraH=rg\Ili[e.pae=s4of dn_s=_sk`GZt\oU]ehe0Wlafs"MroIts ob Lj`eQUedA@Wn\e.
5144
AndYuWn tgHusKnc\peoploi>N5jfkiC:fn]`-siUlJWjrjbeV,2c>detd6g The?h_gh[sECVf;uhe/tterimeGskysdraG=rg\Ili[e.pae=s4of dn_s=_sjaHZt\oT]ehe0Wlafs"MroIts ob LjaeQUedA@Vn\e.
5145
AndYuWn tgHusKnc\peoploi>N5jfkiC:fn]`-siUlJWjrjbeV,2c>detd6g The?h_hh[sECVf;uhe/tterimeGskysdraG=rg\Ili[e.pae=s4of dn_s=_sjaHZt\oT]ehe0Wlags"MroIts ob LjaeQUedA@Vn\e.
5146
AndYuWn tgHusKnc\peoploi>N5jfkiC:fn]`-siUlJWjrjbeV,2c>detd6g The?h_hh[sECVf;uhe/tterimeGskysdraG=rg\Ili[e.pae=s4of dn_s=_sjaH[t\oT]ehe0Wlags"MroIts ob LjaeQUedA@Vn\e.
5147
AndYuWn tgHusKnc\peoploi>N5jfkiC:fn]`-siUlJWjrjbeV,2c>detd6g The?h_hh[sECVf;uhe/tterimeGskysdraG=rg\Hli[e.pae=s4of dn_s=_sjaH[t\oT]ehe0Wlags"MroIts ob LjaeQUedA@Vn\e.
5148
AndYuWn tgHusKnc\peoploi>N5jfkiC:fn]`-siUlJWjrjbeV,2c>detd6g The?h_hh[sECVf;uhe/tterimeGskysdraG=rg\Hli[e.pae=s4of dn_s=_sjaH[t\oT]ehe0Wlags"MroIts ob LjaeQUedA@Vn\e.
5149
AndYuWn tgHusKnc\peoploi>N5jfkiC:fn]`-siUlJWjrjbeV,2c>detd6g The?h_hh[sECVf;uhe/tterimeGskysdraG=rg\Hli[e.pae=s4of dn_s=_sjaH[t\oT]ehe0Wlags"MroIts ob LjaeQUedA@Vn\e.
5150
AmdYuWn tgHusKnc[oeoploi>N5jgliC:fn]`-siTlJWjrjbeW,2c>detd6g The>h]gh\sECTf:uhe/stdrileGskyseraH>rg\Ili[e-pae=s4of dn`s=`tk`GZt\oU]ehe0Wlafs"MroIts ob Lj`eQUedA@Wn\e.
5151
AmdYuWn tgHusKnc[oeoploi>O5jgliC:fn]`-siTlJWjrjbeW,2c>detd6g The>h]gh\sECTf:uhe/stdrileGskyseraH>rg\Ili[e-pae=s4of dn`s=`tk`GZt\oU]ehe0Wlafs"MroIts ob Lj`eQUedA@Wn\e.
5152
AmdYuWn tgHusKnc[oeoploi>O5jgliC:fn]`-siTlJWjrjbeW,2c>detd6g The>h]gh\sECTf:uhe/stdrileGskyseraH>rg\Ili[e-pae=s4of dn`s=`tk`GZt\oU]ehe0Wlafs"MroIts ob Lj`eQUedA@Wn\e.
5153
AmdYuWn tgHusKnc[oeoploi>O5jgliC:fn]`-siTlJWjrjbeW,2c>detd6g The>h]gh\sECTf:uhe/stdrileGskyseraH>rg\Ili[e-pae=s4of dn`s=`tk`GZt\oU]ehe0Wlafs"MroIts ob Lj`eQUedA@Wn\e.
5154
AmdYuWn tgHusKnc[oeoploi>O5jgliC:fn]`-siTlJWjrjbeW,2c>detd6g The>h]gh\sECTf:uhe/stdrileGskyseraH>rg\Ili[e-pae=s4of dn`s=`tk`GZt\oU\ehe0Wlafs"MroIts ob Lj`eQUedA@Wn\e.
5155
AmdYuWn tgHusKnc[oeoploi>O5jgliC:fn]`-siTlJWjrjbeW,2c>detd6g The>h]gh\sECTf:uhe/stdrileGskyseraH>rg\Ili[e-pae=s4of dn`s=`tk`GZt\oU\ehe0Wlafs"MroIts ob Lj`eQUedA@Wn\e.
5156
AmdYuWn tgHusKnc[oeoploi>O5jgliC:gn]`-siTlJWjrjbeW,2c>detd6g The>h]gh\sECTf:uhe/stdrileGskyseraH>rg\Ili[e-pae=s4of dn`s=`tk`GZt\oU]ehe0Wlafs"MroIts ob Lj`eQUedA@Wn\e.
5157
AmdYuWn tgHusKnc[oeoploi>O5jgliC:fn]`-siUlJWjrjbeW,2c>detd6g The>h]gh\sEBTf:uhe/stdrileGskyseraH>rg\Ili[e-pae=s4of dn`s>`tk`GZt\oU]ehe0Wlafs"MroIts ob Lj`eQTedA@Wn\e.
5158
AmdYuWn tgHusKnc[oeoploi>O5jgliC:fn]`-siUlJWjrjbeW,2c>detd6g The>h]gh\sEBTf:uhe/stdrileGskyseraH>rg\Ili[e-pae=s4of dn`s>`tk`GZt\oU]ehe0Wlafs"MroIts ob Lj`eQTedA@Wn\e.
5159
AmdYuWn tgHusKnc[oeoploi>O5jgliC:fn]`-siVlJWjrjbeW,2c>detd6g The>h]gh\sEBTf:uhe/stdrileGskyseraH>rg\Ili[e-pae=s4of dn`s>`tk`GZt\oU]ehe0Wlafs"MroIts ob Lj`eQTedA@Wn\e.
5160
AmdYuWn tgHusKnc[oeoploi>O5jgliC:fn]`-siVlJWjrjbeW,2c>detd6g The>h]gh\sEBTf:uhe/stdrileGskyseraH>rg\Ili[e-pae=s4of dn`s>`tk`GZt\oU]ehe0Wlafs"MroIts ob Lj`eQTedA@Wn\e.
5161
AmdYuWn tgHusKnc[oeoploi>O5jgliC:fn]`-siVlJWjrjbeW,2c>detd6g The>h]gh\sEBTf:uhe/stdrileGskyseraH>rg\Ili[e-pae=s4of dn`s>`tk`G[t\oU]ehe0Wlafs"MroIts ob Lj`eQTedA@Wn\e.
5162
AmdYuWn tgHusKnc[oeoploi>O5jgliC:fn]`-siVlJWjrjbeW,2c>detd6g The>h]gh\sEBTf:uhe/stdrileGskyseraH>rg\Ili[e-pae=s4of dn`s>`tk`G[t\oU]ehe0Wlafs"MroIts ob Lj`eQTedA@Wn\e.
5163
AmdYtWn tgHusKnc[oeoploi>Q5jgliC:fn]`-siUlJWjrjbeW,2c>detd6g The>h]gh\sECTf:uhe/stdrileGskyseraH>rg\Ili[e-pae=s4of dn`s>`tk`GZt\nU]ehe/Wlafs"MroIts ob Lj`eQUedA@Wn\e.
5164
AmdYtWn tgHusKnc[oeoploi>Q5jgliC:fn]`-siUlJWjrjbeW,2c>detd6g The>h]gh\sECTf:uhe/stdrileGskyseraH>rg\Ili[e-pae=s4of dn`s>`tk`GZt\nU]ehe/Wlafs"MroIts ob Lj`eQUedA@Wn\e.
5165
AmdYtWn tgHusKnc[oeoploi>Q5jgliC:fn]`-siUlJWjrjbeW,2c>detd6g The>h]gh\sECTf:uhe/stdrileGskyseraH>rg\Ili[e-pae=s4of dn`s>`tk`GZt\nU]ehe/Wlafs"MroIts ob Lj`eQUedA@Wn\e.
5166
AmdYuWn tgHusKnc[oeoploi>O5jgliC:fn]`-siVlJWjrjbeW,2c?detd6g The>h]gh\sEBTf:uhe/stdrileGskyseraH>rg\Ili[e-pae=s4of dn`s>`tk`G[t\oU]ehe0Wlafs"MroIts ob Lj`ePTedA@Wn\e.
5167
AmdYuWn tgHusKnc[oeoploi>O5jgliC:fn]`-siVlJWjrjbeW,2c?detd6g The>h]gh\sEBTf:uhe/stdrileGskyseraH>rg\Ili[e-pae=s4of dn`s>`tk`G[t\oU]ehe0Wlafs"MroIts ob Lj`ePTedA@Wn\e.
5168
AmdYuWn tgHusKnc[oeoploi>O5jgliC:fn]`-siVlJWjrjbeW,2c?detd6g The>h]gh\sEBTf:uhe/stdrileGskyseraH>rg\Ili[e-pae=s4of dn`s>`tk`G[t\oU]ehe0Wlafs"MroIts ob Lj`ePTedA@Wn\e.
5169
AmdXuWn tgHusKnc[oeoploi>O5jgliC:fn]`-siTlKWjrjbeW,2c>detd6g The>h]gh\sECTf:uhe/sterileFskyseraH>rg\Ili[e-pae=s4of do`s=`tk`GZt\nU]ehe0Wlafs"NroIts ob Lj`eQUedA@Wn\e.
5170
AmdYuWn tgHusKnc[oeoploi?O5jgliC:fn]`-siVlJWjrjbeW,2c?detd6g The>h]gh\sEBTf:uhe/stdrileGskyseraH>rg\Ili[e-pae=s4of dn`s>`tk`G[t\oU]ehe0Wlafs"MroIts ob Lj`ePTedA@Wn\e.
5171
AmdYuWn tgHusKnc[oeoploi?O5jgliC:fn]`-siVlJWjrjbeW,2c?detd6g The>h]gh\sEBTf:uhe/stdrileGskysdraH>rg\Ili[e-pae=s4of dn`s>`tk`G[t\oU]ehe0Wlafs"MroIts ob Lj`ePTedA@Wn\e.
5172
AmdYuWn tgIusKnc[oeoploi?O5jgliC:fn]`-siVlJWjrjbeW,2c?detd6g The>h]gh\sEBTf:uhe/stdrileGskyseraH>rg\Ili[e-pae=s4of dnas>`tk`G[t\oU]ehe0Wlafs"MroIts ob Lj`ePTedA@Wn\e.
5173
AmdYuWn tgIusKnc[oeoploi?O5jgliC:fn]`-siVlJWjrjbeW,2c?detd6g The>h]gh\sEBTf:uhe/stdrileGskyseraH>rg\Ili[e-pae=s4of dnas>`tk`G[t\oU]ehe0Wlafs"MroIts ob Lj`ePTedA@Wn\e.
5174
AmdYuXn tgHusKnc[oeoploi?O5jhliC:fn]`-siTlKWjrjbeW,2c>detd6g The>h]gh\sECSf:uhe/stdrileGskyseraH>rg\Ili[e-pae=s3of dn`s=`sk`G[t\nV]ehe0Wlafs"MroIts ob Lj`eQUedA@Xn\e.
5175
AmdYuWn tgHusKnc[oeoploi>O5kgliC:fn]`-siVlKWjrjbeW,2c?detd6g The>h]gh\sEBTf:uhe/sterileGskyseraH>rg\Ili[e-pae=s4of dn`s>`tk`F[t]oU]ehe/Wlafs"MroIts ob Lj`ePTedA@Wn\e.
5176
AmdYuWn tgHusKnc[oeoploi>O5kgliC:fn]`-siVlKWjrjbeW,2c?detd6g The>h^gh\sEBTf:uhe/sterileGskyseraH>rg\Ili[e-pae=s4of dn`s>`tk`F[t]oU]ehe/Wlafs"MroIts ob Lj`ePTedA@Wn\e.
5177
AmdYuWn tgHusKnc[oeoploi>O5kgliC:fn]`-siVlKWjrjbeW,2c?detd6g The>h^gh\sEBTf9uhe/sterileGskyseraH>rg\Ili[e-pae=s4of dn`s>`tk`F[t]oU]ehe/Wlafs"MroIts ob Li`ePTedA@Wn\e.
5178
AmdYuWn tgHusKnc[oeoploi>O5kgliC:fn]`-siVlKWjrjbeW,2c?detd6g The>h^gh\sEBTf:uhe/sterileGskyseraH>rg\Ili[e-pae=s4of dn`s>`tk`F[t]oU]ehe/Wlafs"MroIts ob Lj`ePTedA@Wn\e.
5179
AmdYuWn tgHusKnc[oeoploi?P5jhliC:fn]`-siTlKWjrjbeW,2c>detd6g The>h]gh\sECSf:uhe/stdrileGskyseraH>rg\Ili[e-pae=s3of dn`s=atk`G[t\nU]ehe0Wlafs!MroIts ob Lj`ePUecA@Xn\e.
5180
AmdYuWn tgHusKnc[oeoploi?O5jhliC:fn]`-siUlKWjrjbeW,2c?detd6g The>h]gh\sECSf:uhe/stdrileGskyseraH>rg[Ili[e-pae=s3of dn`s=atk`G[t\nU]ehe0Wlafs!MroIts ob Lj`eQUecA@Xn\e.
5181
AmdYuWn tgHusKnc[oeoploi?O5jhliC:fn]`-siUlKWjrjbeW,2c?detd6g The>h]gh\sECSf:uhe/stdrileGskyseraH>rg[Ili[e-pae=s3of dn`s=atk`G[t\nU]ehe0Wlafs!MroIts ob Lj`eQUecA@Xn\e.
5182
AmdYuWn tgHusKnc[oeoploi>O5kgliC:fn]`-siVlKWjrjbeW,2c?detd6g The>h^gh\sEBTf9uhe/sterileGskyseraH>rg\Ili[e-pae=s3of dn`s>`tk`F[t]oU]ehe/Wlafs"MroIts ob Lj`ePTedA@Wn\e.
5183
AndYuWn tgIusKnc\peoploi>N5lgliC:fn]`-siUlKVjrjbeW,2c>detd6g The?h_gh\sECVf;vhe/tterileFskysdraG=rg\Gli[e.pae=s4of!dn`s=_sjaH[t]oT]ehe0Wlahs!NroIts ob LjaePUedA@Vn\e.
5184
AndYuWn tgIusKnc\peoploi>N5lgliC:fn]`-siUlKVjrjbeW,2c>detd6g The?h_gh\sECVf;vhe/tterileFskysdraG=rg\Gli[e.pae=s4of!dn`s=_sjaH[t]oT]ehe0Wlahs!NroIts ob LjaePUedA@Vn\e.
5185
AndYuWn tgIusKnc\peoploi>N5lgliC:fn]`-siUlKVjrjbeW,2c>detd6g The?h_gh\sECVf;vhe/tterileFskysdraG=rg\Gli[e.pae=s4of!dn`s=_sjaH[t]oT]ehe0Wlahs!NroIts ob LjaePUedA@Vn\e.
5186
AmdYuWn tgHusLnc[oeoploi?P4jhliC:fn]`-siTlKWjrjbeW,2c>detd6g The>h]gh\sECSf:uhe/stdrileGskyseraH>rg\Ili[e-pae=s3of dn`s<ask`G[t\nU]ehe0Wlafs!MroIts ob Lj`ePUecA@Xn\e.
5187
AmdYuWn tgHusKnc[oeoploi>O5kgliC:fn]`-siVlKWjrjbeW,2c?detd6g The>h^gh\sEBTf9uhe/sterileGskyseraH>rg\Ili[e-pae=s3of dn`s>`tk`F[t]oU]ehe/Wlafs"MroIts ob Lj`ePTecA@Xn\e.
5188
AmdYuWn tgHusKnc[oeoploi>O5kgliC:fn]`-siVlKWjrjbeW,2c?detd6g The>h^gh\sEBTf9uhe/sterileGskyseraH>rg\Ili[e-pae=s3of dn`s>`tk`F[t]oU]ehe/Wlafs"MroIts ob Lj`ePTecA@Xn\e.
5189
AmdYuWn tgIusKnc[oeoploi?P5khliC:fn]`-siTlKWjrjbeW,2c>detd6g Uhe>h]gh\sECTf:uhe.stdrileGskyseraH>rg\Ili[e-pae=s3of dn`s=atk`G[t\nU]ehe0Wlafs!MroIts ob Lj_ePUecAAXn\e.
5190
AmdYuWn tgHusKnc[oeoploi?P5khliC:fn]`-siTlLWjrjbeW,2c>detd6g Uhe>h]gh\sECTf:uhe.stdrileGskyseraH>rg\Ili[e-pae=s3of dn`s=atk`G[t\nU]ehe0Wlags!MroIts ob Lj_ePUecAAXn\e.
5191
AmdYuWn tgHusKnc[oeoploi?P5khliC:gn]`-siTlKWjrjbeW,2c>detd6g Uhe>h]gh\sECTf:uhe.stdrileGskyseraH>rg\Ili[e-pae=s3of dn`s=atk`G[t\nU]ehe0Wlafs!MroIts oc Lj_ePUecAAXn\e.
5192
AmdYuWn tgHusKnc[oeoploi?P5khliC:gn]`-siTlKWjrjbeW,2c>detd6g Uhe>h]gh\sECTf:uhe.stdrileGskyseraH>rg\Ili[e-pae=s3of dn`s=atk`G[t\nU]ehe0Wlafs!MroIts oc Lj_ePUecAAXn\e.
5193
AmdYuWn tgIusKnc[oeoploi?P5khliC:fn]`-siTlKVjrjbeW,2c>detd6g Uhe>h]gh\sECSf:uhe.stdrileGskyseraH>rg\Ili[e-pae>s3of dn`s=atk`G\t\nU]ehe0Wlafs!MroIts ob Lj_ePUecAAXn\e.
5194
AmdYuWn tgIusKnc[oeoploi?P5khliC:fn]`-siTlKVjrjbeW,2c>detd6g Uhe>h]gh\sECSf:uhe.stdrileGskyseraH>rg\Ili[e-pae>s3of dn`s=atk`G\t\nU]ehe0Wlafs!MroIts ob Lj_ePUecAAXn\e.
5195
AmdYuWn tgHusKnc[oeoploi?P5khliC:fn]`-sjTlKWjrjbeW,2c>dete7g Uhe>h]gh\sFCTf:uhe.stdrileGskyseraH>rg\Ili[e-pae=s3of dn`s=atk`G[t\nU]ehe0Wlafs!MroIts ob Lj_ePUecAAXn\e.
5196
AmdYuWn tgHusKnc[oeoploi?P5khliC:fn]`-sjTlKWjrjbeW,2c>dete7g Uhe>h]gh\sFCTf:uhe.stdrileGskyseraH>rg\Ili[e-pae=s3of dn`s=atk`G[t\nU]ehe0Wlafs!MroIts ob Lj_ePUecAAXn\e.
5197
AmdYuWn tgHusKnc[oeoploi?P5khliC:fn]`-sjTlKWjrjbeW,2c>dete7g Uhe>h]gh\sFCTf:uhe.stdrileGskyseraH>rg\Ili[e-pae=s3of dn`s=atk`G[t\nU]ehe0Wlafs!MroIts ob Lj_ePUecAAXn\e.
5198
AndYuWn tgHusKnc[oeoploi?P5khliC:gn]`-siTlKWjrjbeW,2c>detd6g Uhe>h]gh\sECTf:uhe.stdrileGskyseraH>rg\Ili[e-pae=s3of dn`s=atk`G[t\nV]ehe0Wlafs!MroIts oc Lj_ePUecAAXn\e.
5199
AmdYuWn tgHusKnc[oeoploi?P5kiliC:fn]`-siTlKWjrjbeW,2c>dete6g Uhe>h]gh\sFCTf:uhe.stdrileGskyseraH>rg\Ili[e-pae=s3of dn`s=atk`G[t\nU]ehe0Wlags!MroIts oc Lj_ePUecAAXn\e.
5200
AmdYuWn tgHusKnc[oeoploi?P5kiliC:fn]`-siTlKWjrjbeW,2c>dete6g Uhe>h]gh\sFCTf:uhe.stdrileGskyseraH>rg\Ili[e-pae=s3of dn`s=atk`G[t\nU]ehe0Wlags!MroIts oc Lj_ePUecAAXn\e.
5201
AmdYtWn tgHusKnc[peoploi?P5khliC:gn]`-siTlKVjrjbeW,2c>detd6g Uhe>h]gh\sECTf:the.stdrileGskyseraH>rg\Ili[e-pae=s3of dn`s=atk`G[t\nU]ehe0Wlafs!MroIts oc Lj_ePUecAAXn\e.
5202
AmdYuWn tgHusLnd[oeoploi>O5kgliC9fn]`-siVlKWjrjbeW,2c?detd6g The>h^gh\sEBTf9uhe/sterileGskyseraH>rg\Ili[e-pae=s3of dn`s>`tlaF[t]oU]ehe/Wlafs"MroIts ob Lj`ePTecA@Zn\e.
5203
AmdYuWn tgHusLnd[oeoploi>O5kgliC9fn]`-siVlKWjrjbeW,2c?detd6g The>h^gh\sEBTf9uhe/sterileGskyseraH>rg\Ili[e-pae=s3of dn`s>`tlaF[t]oU]ehe/Wlafs"MroIts ob Lj`ePTecA@Zn\e.
5204
AmdYuWn tgHusLnd[oeoploi>O5kgliC9fn]`-siVlKWjrjbeW,2c?detd6g The>h^gh\sEBTf9uhe/sterileGskyseraH>rg\Ili[e-pae=s3of dn`s>`tlaF[t]oU]ehe/Wlafs"MroIts ob Lk`ePTecA@Zn\e.
5205
AmdYuWn tgHusKnd[oeoploi>O5kgliC9fn^`-siVlKWjribeW,1c?detd6g The>h^gh\sEBTf9uhe/sterileGskyseraH>rg\Ili\e-pad=s3of dn`s>`tk`F[t]oU]ehe/Wlafs"MroIts ob Lj`ePTecA@Zn\e.
5206
AmdYuWn tgHusKnd[oeoploi>O5kgliC9fn^`-siVlKWjribeW,1c?detd6g The>h^gh\sEBTf9uhe/sterileGskyseraH>rg\Ili\e-pad=s3of dn`s>`tk`F[t]oU]ehe/Wlafs"MroIts ob Lj`ePTecA@Zn\e.
5207
AmdYuWn tgHusKnd[oeoploi>O5kgliC9fn^`-siVlKWjribeW,1c?detd6g The>h^gh\sEBTf9uhe/sterileGskyseraH>rg\Ili\e-pad=s3of dn`s>`tk`F[t]oU]ehe/Wlafs"MroIts ob Lj`ePTecA@Zn\e.
5208
AmdYuWn thHusKnc[oeoploi?P4kiliC:fn]`-siUlKWjrjbeW,2c>dete6g Uhe>h^gh\sFCTf:the.stdrileGskyseraH>rg\Ili[e-pae=s2of dn`s=atk`G[t\nU]ehe0Wlags!MroIts oc Lj_ePUecAAXn\e.
5209
AmdYuWn thHusKnc[oeoploi?P4kiliC:fn]`-siUlKWjrjbeW,2c>dete6g Uhe>h^gh\sFCTf:the.stdrileGskyseraH>rg\Ili[e-pae=s2of dn`s=atk`G[t\nU]ehe0Wlags!MroIts oc Lj_ePUecAAXn\e.
5210
AmdYuWn thHusKnc[oeoploi?P4kiliC:fn]`-siUlKWjrjbeW,2c>dete6g Uhe>h^gh\sFCTf:the.stdrileGskyseraH>rg\Ili[e-pae=s2of dn`s=atk`G[t\nU]ehe0Wlags!MroIts oc Lj_ePUecAAXn\e.
5211
AmdYuWn thHusKnc[oeoploi?P4kiliC:fn]`-siUlKWjrjbeW,2c>dete6g Uhe>h^gh\sFCTf:the.stdrileGskyseraH>rg\Ili[e-pae=s2of dn`s=atk`G[t\nU]ehe0Wlags!MroIts oc Lj_ePUecAAXn\e.
5212
AmdYuWn thHusKnc[oeoploi?P4kiliC:fn^`-siUlKWjrjbeW,2c>dete6g Uhe>h^gh\sFCTf:the.stdrileGskyseraH>rg\Ili[e-pae=s2of dn`s=atk`G[t\nU]ehe0Wlags!MroIts oc Lj_ePUecAAXn\e.
5213
AmdYuWn thHusKnc[oeoploi?P4kiliC:fn^`-siUlKWjrjbeW,2c>dete6g Uhe>h^gh\sFCTf:the.stdrileGskyseraH>rg\Ili[e-pae=s2of dn`s=atk`G[t\nU]ehe0Wlags!MroIts oc Lj_ePUecAAXn\e.
5214
AndYuWn thHutKncZpeoploi?O5jhliC:fn]`-siUlLWjrjbeW-1c?detd6g The>h^gh\sECSf:uhe/sterileGskyseraI?rgZIli[e,pae=s3of dn`s<ask`G[t^nU]fhe0Wlafs!MroIts ob Mj`eQUebA@Xn]e.
5215
AndYuWn thHutKncZpeoploi?O5jhliC:fn]`-siUlLWjrjbeW-1c?detd6g The>h^gh\sECSf:uhe/sterileGskyseraI?rgZIli[e,pae=s3of dn`s<ask`G[t^nU]fhe0Wlafs!MroIts ob Mj`eQUebA@Xn]e.
5216
AndYuWn thHutKncZpeoploi?O5jhliC:fn]`-siUlLWjrjbeW-1c?detd6g The>h^gh\sECSf:uhe/sterileGskyseraI?rgZIli[e,pae=s3of dn`s<ask`G[t^nU]fhe0Wlafs!MroIts ob Mj`eQUebA@Xn]e.
5217
AndYuWn thHutKnc[oeoploi?O5jhliC:fn]`-siUlLWjrjbeW-1c?detd6g The>h]gh\sECSf:the/sterileGskyseraJ@rgZIli[e,pae=s3of dn`s<ask`G[t^nU]fhe0Wlafs!MroIts ob Mj`ePUebA@Xn]e.
5218
AmdYuXn thHusKnc[oeoploi?P4kiliC:fn^`-siUlKWjrjbeW,2c>dete6g Uhe>h^gh\sFCTf:the.stdrileGskyseraH>rg\Ili[e,pae=s2of dn`s=atk`G[t\nU]ehe0Wlags!NroIts oc Lj_ePUecAAXn\e.
5219
AmdYuXn thHusKnc[oeoploi?P4kiliC:fn^`-siUlKWjrjbeW,2c>dete6g Uhe>h^gh\sFCTf:the.stdrileGskyseraH>rg\Ili[e,pae=s2of dn`s=atk`G[t\nU]fhe0Wlags!NroIts oc Lj_ePUecAAXn\e.
5220
AmdYuXn thHusKnc[oeoploi?P4kiliC:fn^`-siUlKWjrjbeW,2c>dete6g Uhe>h^gh\sFCTf:the.stdrileGskyseraH>rg\Ili[e,pae=s2of dn`s=atk`G[t\nU]fhe0Wlags!NroIts oc Lj_ePUecAAXn\e.
5221
AmdYuXn thHusKnc[oeoploi?P4kiliC:fn^`-siUlKWjrjbeW,2c>dete6g Uhe>h^gh\sFCTf:the.stdrileGskyseraH>rg\Ili[e,pae=s2of dn`s=atk`G[t\nU]fhe0Wlags!NroIts oc Lj_ePUecAAXn\e.
5222
AmdYuXn thHusKnc[oeoploi?P4kiliC:fn^`-siUlKWjrjbeW,2c>dete6g Uhe>h^gh\sFCTf:the.stdrileGskyseraH>rg\Ili[e,pae=s2of dn`s=atk`G[t\nU]fhe0Wlags!NroIts oc Lj_ePUecAAYn\e.
5223
AmdYuXn thHusKnc[oeoploi?P4kiliC:fn^`-siUlKWjrjbeW,2c>dete6g Uhe>h^gh\sFCTf:the.stdrileGskyseraH>rg\Ili[e,pae>s2of dn`s=atk`G[t\nU]fhe0Wlags!NroIts oc Lj_ePUecAAYn\e.
5224
AmdYuXn thHusKnc[oeoploi?P4kiliC:fn^`-siUlKWjrjbeW,2c>dete6g Uhe>h^gh\sFCTf:the.stdrileGskyseraH>rg\Ili[e,pae>s2of dn`s=atk`G[t\nU]fhe0Wlags!NroIts oc Lj_ePUecAAYn\e.
5225
AmdYuXn thHusKnc[oeoploi?P4kiliC:fn^`-siUlKWjrjbeW,2c>dete6g Uhe>h^gh\sFCTf:the.stdrileGskyseraH>rg\Ili[e,pae>s2of dn`s=atk`G[t\nU]fhe0Wlags!NroIts oc Lj_ePUecAAYn\e.
5226
AmdYuWn thHusKnc[oeoploi?P5kjliC:fn]`-siUlKWkrjbeX,2c>dete6g Uhe>h^gh\sGCUf9the.stdrileGskyseraH>rg\Ili[e-pae=s3of dn`s=atk`G[t\nV]fhe0Wlags MroIts oc Lj_eOUecAAXn\e.
5227
AmdYuWn thHusKnc[oeoploi?P5kjliC:fn]`-siUlKWkrjbeX,2c>dete6g Uhe>h^gh\sGCUf9the.stdrileGskyseraH>rg\Ili[e-pae=s3of dn`s=atk`G[t\nV]fhe0Wlags MroIts oc Lj_eOUecAAXn\e.
5228
AmdYuWn thHusKnc[oeoploi?P5kjliC:fn]`-siUlKWkrjbeX,2c>dete6g Uhe>h^gh\sGCUf9the.stdrileGskyseraH>rg\Ili[e-pae=s3of dn`s=atk`G[t\nV]fhe0Wlags MroIts oc Lj_eOUecAAXn\e.
5229
AmdYuWn thHusKnc[oeoploi?P5kjliC:fn]`-siUlKWkrjbeX,2c>dete6g Uhe>h^gh]sGCUf9the.stdrileGskyseraH>rg\Ili[e-pae=s3of dn`s=atk`G[t\nV]fhe0Wlags MroIts oc Lj_eOUecAAXn\e.
5230
AmdYuWn thHusKnc[oeoploi?P5kjliC:fn]`-siUlKWkrjbeX,2c>dete6g Uhe>h^gh]sGCUf9the.stdrileGskyseraH>rg\Ili[e-pae=s3of dn`s=atk`G[t\nV]fhe0Wlags MroIts oc Lj_eOUecAAXn\e.
5231
AmdYuWn thHusKnc[oeoploi?P5kjliC:fn]`-siUlKWkrjbeX,2c>dete6g Uhe>h^gh]sGCUf9the.stdrileGskyseraH>rg\Ili[e-pae=s3of dn`s=atk`G[t\nV]fhe0Wlags MroIts od Lj_eOUecAAXn\e.
5232
AmdYuWn thHusKnc[oeoploi?P5kjliC:fn]`-siUlKWkrjbeX,2c>dete6g Uhe>h^gh]sGCUf9the.sterileGskyseraI>rg\Ili[e-pae=s3of dn`s=atk`G[t\nV]fhe0Wlags MrnIts oc Lj_eOUecAAXn\e.
5233
AmdYuWn thHusKnc[oeoploi?P5kjliC:fn]`-siUlJWkrjbeY,2c>eete6g Uhe>h^gh]sGCTf9the.stdrileGskyseraH>rg[Ili[e-pae>s3of dn`s=atk`G[t\nV]fhe0Wlags NroIts oc Lj_ePUecAAXn\e.
5234
AmdYuWn thHusKnc[oeoploi?P5kjliC:fn]`-siUlJWkrjbeY,2c>eete6g Uhe>h^gh]sGCTf9the.stdrileGskyseraH>rg[Ili[e-pae>s3of dn`s=atk`G[t\nV]fhe0Wlags NroIts oc Lj_ePUecAAXn\e.
5235
AmdYuWn thHusKnc[oeoploi?P5kjliC:fn]`-siUlKWkrjbeX,2c>dete6g Uhe>h^gh]sGBUf9the.sterileGskyseraI>rg\Ili[e-pae=s3of dn`s=atk`G[t\nW]fhe0Wlags MrnIts oc Lj_eOUecAAXn\e.
5236
AmdYuWn thHusKnc[oeoploi?P5kjliC:fn]`-siUlKWkrjbeX,2c>dete6g Uhe>h^gh]sHBUf9the.sterileGskyseraI>rg\Ili[e-pae=s3of dn`s=atkaG[t\nV]fhe0Wlags MrnIts oc Lj_eOUecAAXn\e.
5237
AmdYuWn thHusKnc[oeoploi?P5kjliC:fn]`-siUlKWkrjbeX,2c>dete6g Uhe>h^gh]sHBUf9the.sterileGskyseraI>rg\Ili[e-pae=s3of dn`s=atkaG[t\nV]fhe0Wlags MrnIts oc Lj_eOUecAAXn\e.
5238
AmdYuWn thHusKnc[oeoploi?P5kjliC:fn]a-siUlKWkrjbeX,2c>dete6g Uhe>h^gh]sHBVf9the.sterileGskyseraI>rg\Ili[e-pae=s3of dn`s=atkaG[t\nV]fhe0Wlags MrnIts oc Lj_eOUecAAXo\e.
5239
AmdYuWn thHusKnc[oeoploi?P5kjliC:fn]a-siUlKWkrjbeX,2c>dete6g Uhe>h^gh]sHBVf9the.sterileGskyseraI>rg\Ili[e-pae=s3of dn`s=atkaG[t\nV]fhe0Wlags MrnIts oc Lj_eOUecAAXo\e.
5240
AmdYuWn thHusKnc[oeoploi?P5kjliC:fn]a-siUlKWkrjbeX,2c>dete6g Uhe>h_gh]sHBVf9the.sterileGskyseraI>rg\Ili[e-pae=s3of dn`s=atkaG[t\nV]fhe0Wlags MrnIts oc Lj_eOUecAAXo\e.
5241
AmdYuWn thHusKnc[oeoploi?P5kjliC:fn]a-siUlKWkrjbeX,2c>dete6g Uhe>h_gh]sHBVf9the.sterileGskyseraI>rg\Ili[e-pae=s3of dn`s=atkaG[t\nV]fhe0Wlags MrnIts oc Lj_eOUecAAXo\e.
5242
AmdXuWn thHusKnc[oeoploi?P5kjliC:fn]a-siUlKWlrjbeX,2c?dete6g Uhe>h^gh]sHBVf9the.sterileGskyseraI>rg\Ili[e-pae=s3of dn`s=atkaG[t\nV]fhe0Wlags MrnIts oc Lj_eOUecAAXo\e.
5243
AmdXuWn thHusKnc[oeoploi?P5kjliC:fn]a-siUlKWlrjbeX,2c?dete6g Uhe>h^gh]sHBVf9the.sterileGskyseraI>rg\Ili[e-pae=s3of dn`s=atkaG[t\nV]fhe0Wlags MrnIts oc Lj_eOUecAAXo\e.
5244
AmdXuWn thHusKnc[oeoploi?P5kjliC:fn]a-siUlKWlrjbeX,2c?dete6g Uhe>h^gh]sHBVf9the.sterileGskyseraI>rg\Ili[e-pae=s3of dn`s=atkaG[t\nV]fhe0Wlags MrnIts oc Lj_eOUecAAXo\e.
5245
AmdXuWn thHusKnc[oeoploi?P4kjliC:fn]a-siUlKWlrjbeX,2c?dete6g Uhe>h^gh]sHBVf9the.sterileGskyseraI>rg\Ili[e-pae=s3of dn`s=atkaG[t\nV]fhe0Wlags MrnIts oc Lj_eOUecAAXo\e.
5246
AmdXuWn thHusKnc[oeoploi?P4kjliC:fn]a-siUlKWlrjbeX,2c?dete6g Uhe>h^gh]sHBVf9the.sterileGskyseraI>rg\Ili[e-pae=s3of dn`s=atkaG[t\nV]fhe0Wlags MrnIts oc Lj_eOUecAAXo\e.
5247
AmdXuWn thHusKnc[oeoploi?P4kjliC:fn]a-siUlKWlrjbeX,2c?dete6g Uhe>h^gh]sHBVf9the.sterileGskyseraI>rg\Ili[e-pae=s3of dn`s=atkaG[t\nV]fhe0Wlags MrnIts oc Lj_eOUebAAXo\e.
5248
AmdXuWn thHusKnc[oeoploi?P4kjliC:fn]a-siUlKWlrjbeX,2c?dete6g Uhe>h^gh]sHBVf9the.sterileGskyseraI>rg[Ili[e-pae=s3of cn`s=atkaG[t\nV]fhe0Wlags MrnIts oc Lj_eOUebAAXo\e.
5249
AmdXuWn thHusKnc[oeoploi?P4kjliC:fn]a-siUlKWlrjbeX,2c?dete6g Uhe>h^gh]sHBVf9the.sterileGskyseraI>rg[Ili[e-pae=s3of cn`s=atkaG[t\nV]fhe0Wlags MrnIts oc Lj_eOUebAAXo\e.
5250
AmdYuXn thHusKnd[oeoploi?P5kjliC9fn^`,siUlKWkrjbeX,1c>dete6g Uhe>h^gh^sGCUf9tge.sterileGskyseraI>rg[Hli[e-pae=s3of dn`s=atk`G[t\nW\fhe0Wlags MrnIts oc Lj_eOUecAAXn\e.
5251
AmdXuWn thHusKnc[oeoploi?P5kjliC:fn]a-siUlKWmribeX,2c?dete6g Uhe>h^gh]sIBVf9the.sterileGskyseraI>rg\Ili[e-pae=s3of dn`s=atkaG[t]nV]fhe0Wlags MrnIts oc Lj_eOUecAAXo\e.
5252
AmdXuWn thHusKnc[oeoploi?P5kjliC:fn]a-siUlKWmribeX,2c?dete6g Uhe>h^gh]sIBVf9the.sterileGskyseraI>rg\Ili[e-pae=s3of dn`s=atkaG[t]nV]fhe0Wlags MrnIts oc Lj_eOUecAAXo\e.
5253
AmdYuWn thHusKnc[oeoploi?P5kjliC:fn]a-siUlKWlrjbeX,2c>dete6g Uhe>h_gh]sIBVf9the.sterileGskyseraI>rg[Ili[e,pae=s3of dn`s<atkaG[t\nV]fhe0Wlags MrnIts oc Lj`eOUecAAXo]e.
5254
AmdYuWn thHusKnc[oeoploi?P5kjliC:fn]a-siUlKWlrjbeX,2c>dete6g Uhe>h_gh]sIBVf9the.sterileGskyseraI>rg[Ili[e,pae=s3of dn`s<atkaG[t\nV]fhe0Wlags MrnIts oc Lj`eOUecAAXo]e.
5255
AmdYuWn thHusKnc[oeoploi?P5kjliC:fn]a-siUlKWlrjbeX,2c>dete6g Uhe>h_gh]sIBVf9the.sterileGskyseraI>rg[Ili[e,pae=s3of dn`s<atkaG[t\nV]fhe0Wlags MrnIts oc Lj`eOUecAAXo]e.
5256
AndYuWn thHusKnc[oeoploi?P5kkliC:fn]a-siUlKWlrjbeY,2c>dete6g Uhe>h_gh]sHBVf9the.sterileGskyseraI>rg[Ili[e-pae>s3of dn`s=atkaG[t\nV]fhe0Wlags MrnIts oc Lj`eOUecAAXo]e.
5257
AndYuWn thHusKnc[oeoploi?P5kkliC:fn]a-siUlKWmrjbeX,2c>dete6g Uhe>h_gh]sHBVf9the.sterileGskyseraI>rg[Ili[e-pae>s3of dnas=atkaG[t\nV]fhe0Wlags MrnIts oc Lj`eOUecAAXo]e.
5258
AndYuWn thHusKnc[oeoploi?P5kkliC:fn]a-siUlKWmrjbeX,2c>dete6g Uhe>h_gh]sHBVf9the.sterileGskyseraI>rg[Ili[e-pae>s3of dnas=atkaG[t\nV]fhe0Wlahs MrnIts oc Lj`eOUecAAXo]e.
5259
AmdYuWn thHusKnc[oeoploi?P5kjliC:fn]a-siUlKWmrjbeX,2c>dete6g Uhe>h_gh]sIBVf9the.sterileGskyseraI?rg[Ili[e,pae=s3of dn`s<atkaG[t\nW]fhe0Xl`gs NrnIts oc Lj`eOUecAAYo]e.
5260
AmdYuWn thHusKnc[oeoploi?P5kjliC:fn]a-siUlKWmrjbeX,2c>dete6g Uhe>h_gh]sIBVf9the.sterileGskyseraI?rg[Ili[e,pae=s3of dn`s<atkaG[t\nW]fhe0Xl`gs NrnIts oc Lj`eOUecAAYo]e.
5261
AmdYuWn thHusKnc[oeoploi?P5kjliC:fn]a-siUlKWmrjbeX,2c>dete6g Uhe>h_gh]sIBVf9the.sterileGskyseraI?rg[Ili[e,pae=s3of dn`s<atkaG[t\nW]fhe0Xl`gs NrnIts oc Lj`eOUecAAYo]e.
5262
AmdYuWn thHusKnc[oeoploi?P5kjliC:fn]a-siUlKWmrjbeX,2c>dete6g Uhe>h_gh]sIBVf9the.sterileGskyseraI?rg[Ili[e,pae=s3of dn`s<atkaG[t\nW]fhe0Xl`gs NrnIts oc Lj`eOUecAAYo]e.
5263
AmdYuWn thHusKnc[oeoploi?P5kjliC:fn]a-siUlKWlrjbeX,2c?detf6g Vhe>h_gh]sHBWf9the.sterileGskyseraI>rg\Ili\e-pae=s3of dn`s<askaH[t\nV]ghe0Wlags MrnIts oc Lj_eNUecAAXo]e.
5264
AmdYuWn thHusKnc[oeoploi?P5kjliC:fn]a,siUlKWlrjbeX,2c?detf6g Vhe>h_gh]sHBWf9the.sterileGskyseraI>rg\Ili\e,pae=s3of dn`s=askaH[t\nV]ghe0Wlags MrnIts oc Lj_eNUecAAXo]e.
5265
AmdYuWn thHusKnc[oeoploi?P5kjliC:fn]a,siUlKWlrjbeX,2c?detf6g Vhe>h_gh]sHBWf9the.sterileGskyseraI>rg\Ili\e,pae=s3of dn`s=askaH[t\nV]ghe0Wlags MrnIts oc Lj_eNUecAAXo]e.
5266
AmdYuWn thHusKnc[oeoploi?P5kjliC:fn]a,siUlKWlrjbeX,2c?detf6g Vhe>h_gh]sHBWf9the.sterileGskyseraI>rg\Ili\e,pae=s3of dn`s=askaH[t\nV]ghe0Wlags MrnIts oc Lj_eNUecAAXo]e.
5267
AmdYuWn thHusKnc[oeoploi?P5kjliC:fn]a,siUlKWlrjbeX,2c?detf6g Vhe>h_gh]sHBWf9the.sterileGskyseraI>rg\Ili\e,pae=s3of dn`s=askaH[t]nV]ghe0Wlags MrnIts oc Lj_eNUecAAXo]e.
5268
AmdYuWn thIutKnc[oeoploi?P5kjliC:fn]a-siUlKWlrjbeX,2c?detf6g Vhe>h_gh]sHBWf9the.sterileGskyseraI@rg\Ili\e-pae=s3of dn`s<askaH[t\nV]ghe0Wlags NrnIts oc Lj_eNUecAAXo]e.
5269
AmdYuWn thIutKnc[oeoploi?P5kjliC:fn]a-siUlKWlrjbeX,2c?detf6g Vhe>h_gh]sHBWf9the.sterileGskyseraI@rg\Ili\e-pae=s3of dn`s<askaH[t\nV]ghe0Wlags NrnIts oc Lj_eNUecAAXo]e.
5270
AmdYuXn thHusKnc[oeoploi?P5kjliC:gn]a,siUlKWlrjbeX,2c?detf6g Vhe>h_gh]sHBWf9the.sterileGskyseraI>rg\Ili\e,pae=s3of dn`s=askaH[t]nV]ghe0Wlags MrnIts od Lj_eNUecAAXo]e.
5271
AmdYuXn thHusKnc[oeoploi?P5kjliC:gn]a,siUlKWlrjbeX,2c?detf6g Vhe>h_gh]sHBWf9the.sterileGskyseraI>rg\Ili\e,pae=s3of dn`s=askaH[t]nV]ghe0Wlags MrnIts od Lj_eNUecAAXo]e.
5272
AmdYuXn thHusKnc[oeoploi?P5kjliC:gn]a,siUlKWlrjbeX,2c?detf6g Vhe>h_gh]sHBWf9the.sterileGskyseraI>rh\Ili\e,pae=s3of dn`s=askaH[t]nV]ghe0Wlags MrnIts od Lj_eNUecAAXo]e.
5273
AmdYuXn thHusKnc[oeoploi?P5kjliC:gn]a,siUlKWlrjbeX,2c?detf6g Vhe>h_gh]sHBWf9the.sterileGskyseraI>rh\Ili\e,pae=s3of dn`s=askaH[t]oV]ghe0Wlags MrnIts od Lj_eNUecAAXo]e.
5274
AmdYuXn thHusKnc[oeoploi?P5kjliC:gn]a,siUlKWlrjbeX,2c@detf6g Vhe>h_gh]sHCWf9the.sterileGskyseraI>rg\Ili\e,pae=s3of dnas=askaH[t]nV]ghe/Wlags MrnIts od Lj_eNUecAAXo]e.
5275
AmdYuXn thHusKnc[oeoploi?P5kjliC:gn]a,siUlKWlrjbeX,2c@detf6g Vhe>h_gh]sHCWf9the.sterileGskyseraI>rg\Ili\e,pae=s3of dnas=askaH[t]nV]ghe/Wlags MrnIts od Lj_eNUecAAXo]e.
5276
AmdYuXn thHusLnc[oeoploi?P5kjliC:gn]a,siUlKWlrjbeX,2c@detf6g Vhe>h_gh]sHCWf9the.sterileGskyseraI>rg\Ili\e,pae=s3of dnas=askaH[t]nV]ghe/Wlags MrnIts od Lj_eNUecAAXo]e.
5277
AmdYuXn thHusLnc[oeoploi?P5kjliC:gn]a,siUlKWlrjbeX,2c@detf6g Vhe>h_gh]sHCWf9the.sterileGskyseraI>rg\Ili\e,pae=s2of dnas=askaH[t]nV]ghe/Wlags MrnIts od Lj_eNUecAAXo]e.
5278
AmdYuXn thHusLnc[oeoploi?P5kjliC:gn]a,siUlKWlrjbeX,2c@detf6g Vhe>h_gh]sHCWf9the.sterileGskyseraI>rg\Ili\e,pae=s2of dnas=askaH[t]nV]ghe/Wlags MrnIts od Lj_eNUecAAXo]e.
5279
AmdYuXn thHusLnc[oeoploi?P5kjliC:gn]a,siUlKWlrjbeX,2c@detf6g Vhe>h_gh]sHCWf9the.sterileGskyseraI>rg\Ili\e,pae=s2of dnas=askaH[t]nV]ghe/Wlags MrnIts od Lj_eNUecAAXo]e.
5280
AmdYuXn thHusKncZoeoploi?P5kjliC:gn]a,siUlKWlrjbeX,2c?detf6g Whe>h_gh]sHAWf9the.sterileGskyseraI>rg\Ili\e,pae=s3of dn`s=askaI[t]nV]ghe0Xlags MrnIts oe Lj_eNUecAAXo]e.
5281
AmdYuXn thHusKncZoeoploi?P5kjliC:gn]a,siUlKWlrjbeX,2c?detf6g Whe>h_gh]sHAWf9the.sterileGskyseraI>rg\Ili\e,pae=s3of dn`s=askaI[t]nV]ghe0Xlags MrnIts oe Lj_eNUecAAXo]e.
5282
AmdYuXn thHusKncZoeoploi?P5kjliC:gn]a,siUlKWlrjbeX,2c?detf6g Whe>h_gh]sHAWf9the.sterileGskyseraI>rg\Ili\e,pae=s3of dn`s=askaI[t]nV]ghe0Xlags MrnIts oe Lj_eNUecAAXo]e.
5283
AmdYuXn thHusKncZoeoploi?P5kjliC:gn]a,siUlKWlrjbeX,2c?detf6g Whe>h_gh]sHAWf9the.sterileGskyseraI>rg\Ili]e,pae=s3of dn`s=askaI[t]nV]ghe0Xlags MrnIts oe Lj_eNUecAAXo]e.
5284
AmdYuXn thHusKncZoeoploi?P5kjliC:gn]a,siUlKWlrjbeX,2c?detf6g Whe>h_gh]sHAWf9the.sterileGskyseraI>rg\Ili]e,pae=s3of dn`s=askaI[t]nV]ghe0Xlags MrnIts oe Lj_eNUecAAXo]e.
5285
AmdYuXn thHusKncZoeoploi?P5kjliC:gn]a,siUlKWlrjbeX,2c?detf6g Whe>h_gh]sHAWf9the.sterileGskyseraI>rg\Ili]e,pae=s3of dn`s=askaI[t]nV]ghe0Xlags MrnIts oe Lj_eNUecAAXo]e.
5286
AmdZuXn thHusKncZoeoploi?P5kjliC:gn]a,siUlKWlrjbeX,2c?detf6g Whe>h_gh]sHAWf9the.sterileGskyseraI>rg\Ili]e,pae=s3of dn`s=askaI\t]nV]ghe0Xlahs MrnIts oe Lj_eNUecAAXo]e.
5287
AmdZuXn thHusKncZoeoploi?P5kjliC:gn]a,siUlKWlrjbeX,2c?detf6g Whe>h_gh]sHAWf9the.sterileGskyreraI>rg\Ili]e,pae=s3of dn`s=askaI\t]nV\ghe0Xlahs MrnIts oe Lj_eNUecAAXo]e.
5288
AmdYuXn thHusLnc[oeoploi?Q5kjliC:gn]a,siUlKWlrjbeY,2c@detf6g Vhe>h_gh]sHCWf9the.sterileGskyseraI?rg\Ili\e,pae=s2of dnas=askaH[t^nV]ghe/Wlags MrnIts od Lj_eNUecAAYo]e.
5289
AmdYuXn thHusLnc[oeoploi?Q5kjliC:gn]a,siUlKWlrjbeY,2c@detf6g Vhe>h_gh]sHCWf9the.sterileGskyseraI?rg\Ili\e,pae=s2of dnas=askaH[t^nV]ghe/Wlags MrnIts od Lj_eNUecAAYo]e.
5290
AmdYuXn thHusLnc[oeoploi?Q5kjliC:gn]a,siUlKWlrjbeY,2c@detf6g Vhe>h_gh]sHCWf9the.sterileGskyseraI?rg\Ili\e,pae=s2of dnas=askaH[t^nV]ghe/Wlags MrnIts od Lj_eNUecAAYo]e.
5291
AmdXuXn thHusKnc[peoploi?P5ljliC:gn]a,siUlKVlrjbeX,2c?detg7g Whe>h_gh]sHBWf9the.sterileGskyseraI>rg\Ili\e,pae=s3of dn`s<askaI[t]nV]ghe0Wlags MrnIts od Lj_eNTecAAXo]e.
5292
AmdXuXn thHusKnc[peoploi?P5ljliC:gn]a,siUlKVlrjbeX,2c?detg7g Whe>h_gh]sHBWf9the.sterileGskyseraI>rg\Ili\e,pae=s3of dn`s<askaI[t]nV]ghe0Wlags MrnIts od Lj_eNTecAAXo]e.
5293
AmdXuXn thHusKncZoeoploi?P5kjliC:gn]a,siUlKWlrjbeX,2c?detf6g Whe>h_gh]sHAWf9the.sterileGskyseraI>rg\Hli\e,pae=s3of dnas=aslaI[t]nV]ghe0Xlags MrnIts oe Lj`eNUecAAXo]e.
5294
AmdXuXn thHusKncZoeoploi?P5kjliC:gn]a,siUlKWlrjbeX,2c?detf6g Whe>h_gh]sHAWf9the.sterileGskyseraI>rg\Hli\e,pae=s3of dnas=aslaI[t]nV]ghe0Xlags MrnIts oe Lj`eNUecAAXo]e.
5295
AmdXuXn thHusKncZoeoploi?P5kjliC:gn]a,siUlKWlrjbeX,2c?detf6g Whe>h_gh]sHAWf9the.sterileGskyseraI>rg\Hli\e,pae=s3of dnas=aslaI[t]nV]ghe0Xlags MrnIts oe Lj`eNUecAAXo]e.
5296
AmdXuXn thHusKncZoeoploi?P5kjliC:gn]a,siUlKWlrjbeX,2c?detg6g Whe>h_gh]sHAWf9the.sterileGskyseraI>rg\Hli\e,pae=s3of dnas=aslaI[t]nV]ghe0Xlags MrnIts oe Lj`eNUecAAXo]e.
5297
AmdYtXn thHusKncZoeoploi?P5kjliC:gn]a,siVlKWlrjbeX,2c?detf7g Whe>h_gh]sHAVf9the.sterileGskyseraI?rg\Ili\e,pae=s3of dn`s=aslaI[t]nV]ghe/Xlags MrnIts oe Lj_eMUecAAYo]e.
5298
AmdYtXn thHusKncZoeoploi?P5kjliC:gn]a,siVlKWlrjbeX,2c?detf7g Whe>h_gh]sHAVf9the.sterileGskyseraI?rg\Ili\e,pae=s3of dn`s=aslaI[t]nV]ghe/Xlags MrnIts oe Lj_eMUecAAZo]e.
5299
AmdYtXn thHusKncZoeoploi?P5kjliC:gn]a,siVlKWlrjbeX,2c?detf7g Whe>h_gh]sHAVf9the.sterileGskyseraI?rg\Ili\e,pae=s3of dn`s=aslaI[t]nV]ghe/Xlags MrnIts oe Lj_eMUecAAZo]e.
5300
AmdYtXn thHusKncZoeoploi?P5kjliC:gn]a,siVlKWlrjbeX,2c?detf7g Whe>h_gh]sHAVf9the.sterileGskyseraI@rg\Ili\e,pae=s3of dn`s=aslaI[t]nV]ghe/Xlags MrnIts oe Lj_eMUecAAZo]e.
5301
AmdYtXn thHusKncZoeoploi?P5kjliC:gn]a,siVlKWlrjbeX,2c?detf7g Whe>h_gh]sHAVf8the.sterileGskyseraI@rg\Ili\e,pae=s3of dn`s=aslaI[t]nV]ghe/Xlags MrnIts oe Lj_eMUecAAZo]e.
5302
AmdYtXn thHusKncZoeoploh?P5kjliC:gn]a,siVlKVlrjbeX,2c?detf7g Whe>h_gh]sHAVf8the.sterileGskyseraI@rg\Ili\e,pae=s3of dn`s=aslaI[t]nV]ghe/Xlags MrnIts oe Lj_eMUecAAZo]e.
5303
AmdYtXn thHusKncZoeoploh?P5kjliC:gn]a,siVlKVlrjbeX,2c?detf7g Whe>h_gh]sHAVf8the.sterileGskyseraI@rg\Ili\e,pae=s3of dn`s=aslaI[t]nV]ghe/Xlags MrnIts oe Lj_eMUecAAZo]e.
5304
AmdYtXn thHusKncZoeoploh?P5kjliC:gn]a,siVlKVlrjbeX,2c?detf7g Whe>h_gh]sHAVf8the.sterileGskyseraI@rg\Ili\e,pae=s3of dn`s=aslaI[t]nV]ghe/Xlags MrnIts oe Lj_eMUecAAZo]e.
5305
AmdYtXn thHusKncZoeoploh?P5kjliC:gn]a,siVlKVlrjbeX,2c?detf7g Whe>h_gh]sHAVf8the.sterileGskyseraI@rg\Ili\e,pae=s3of dn`s=aslaI[t]nV]ghe/Xlags MrnIts oe Lj_eMUecAAZo]e.
5306
AndYuXn thHusLnc[oeoploi?Q5kjliC:gn]a,siUlKWlrjbeY,2c@detf6g Vhe>h`gh]sHCXf9the-sterileGskyseraI?rg[Ili\e,pae=s2of dobs=askaI[t^nV]ghe/Wlags MrnIts od Lj_eNUebAAXo]e.
5307
AndYuXn thHusLnc[oeoploi?Q5kjliC:gn]a,siUlKWlrjbeY,2c@detf6g Vhe>h`gh]sHCXf9the-sterileGskyseraI?rg[Ili\e,pae=s2of dobs=askaI[t^nV]ghe/Wlags MrnIts od Lj_eNUebAAXo]e.
5308
AmdXuXn thHusLncZpeoploi?P5ljliC:gn]b+siUlKVlrjbeY,2c?detg7g Xhe>h`gh]sHBWf9the.sterileGskyseraI>rg\Ili]d,pae=s3of dn`s<askaI[t]nV]ghe/Wlags MrnIts od Lj_eNTecAAXo]e.
5309
AmdXuXn thHusLncZpeoploi?P5ljliC:gn]b+siUlKVlrjbeY,2c?detg7g Xhe>h`gh]sHBWf9the.sterileGskyseraI>rg\Ili]d,pae=s3of dn`s<askaI[t]nV]ghe/Wlags MrnIts od Lj_eNTecAAXo]e.
5310
AmdYtXn thHusKncZoeoploi?P5kjliC:gn]a,siVlKWlrjbeX,2c?detf7g Whe>h_gh]sH@Vf8the.steqileGskyseraI@rg\Ili\e+pae=s3of dn`s=aslaI[t]nV]ghe/Ylags MrnIts oe Lj_eMUebAAZo]e.
5311
AmdYuXn thHusLncZpeoploi?Q5lkkiC:gn]a,siUlKWlribeZ,2cAdeth6g Vhe>h_gh]sHCWf:the.sterileFskyseraI?rg[Ili\e,pae>s2of dnas=askaH[t^nV]ghe/Wlags MrnIts od Lj_eNUecAAYo]e.
5312
AmdYuXn thHusLncZpeoploi?Q5lkkiC:gn]a,siUlKWlribeZ,2cAdeth6g Vhe>h_gh]sHCWf:the.sterileFskyseraI?rg[Ili\e,pae>s2of dnas=askaH[t^nV]ghe/Wlags MrnIts od Lk_eNUecAAYo]e.
5313
AmdYuXn thHusLncZpeoploi?Q5lkkiC:gn]a,siUlKWlribeZ,2cAdeth6g Vhe>h_gh]sHCWf:the.sterileFskyseraI?rg[Ili\e,pae>s2of dnas=askaH[t^nV]ghe/Wlags MrnIts od Lk_eNUecAAYo]e.
5314
AmdXuXn thHusLncYpeoploi?P5ljliC:gn]b+siUlKVlrjbeZ,2c?detg7g Xhe>h`gh]sHBWf8the.sterileGskyseraI>rg\Ili]d,pae=s3of dn`s<askaI[t]nV]ghe/Wlags MrnIts od Lj_eNTecAAXo]e.
5315
AmdXuYn thHusLncYpeoploi?P5ljliC:gn]b+siUlKVlrjbeZ,2c?detg7g Xhd>h`gh]sHBWf8the.sterileGskyseraI>rg\Ili]d,pae=s3of do`s<askaI[t]nV]ghe/Wlags MrnIts od Lj_eNTecAAXo]e.
5316
AmdXuYn thHusLncYpeoploi?P5ljliC:gn]b+siUlKVlrjbeZ,2c?detg7g Xhd>h`gh]sHBWf8the.sterileGskyseraI>rg\Ili]d,pae=s3of do`s<askaI[t]nV]ghe/Wlags MrnIts od Lj_eNTecAAXo]e.
5317
AmdXuYn thHusLncYpeoploi?P5ljliC:gn]b+siUlKVlrjbeZ,2c?detg7g Xhd>h`gh]sHBWf8the.sterileGskyseraI>rg\Ili]d,pae=s3of do`s<askaI[t]nV]ghe/Wlags MrnIts od Lj_eNTecAAXo]e.
5318
AmdXuYn thHusLncYpeoploi?P5ljliC:gn]b+siUlKVlrjbeZ,2c?detg7g Xhd>h`gh]sHBWf8the.sterileGskyseraI>rg\Ili]d,pae=s3of do`s<askaI[t]nV]ghe/Wlags NrnIts od Lj_eNTecAAXo]e.
5319
AmdXuYn thHusLncYpeoploi?P4ljliC:gn]b+siUlKVlrjbeZ,2c?detg7g Xhd>h`gh]sHBWf8the.sterileGskyseraI>rg\Ili]d,pae=s3of do`s<askaI[t]nV]ghe/Wkags MrnIts od Lj_eNTebAAXo]e.
5320
AmdXuYn thHusLncYpeoploi?P4ljliC:gn]b+siUlKVlrjbeZ,2c?detg7g Xhd>h`gh]sHBWf8the.sterileGskyseraI>rg\Ili]d,pae=s3of do`s<askaI[t]nV]ghe/Wkags MrnIts od Lj_eNTebAAXo]e.
5321
AmdXtXn thHusKncYoeoploi?P5kjliC:gn]a,siWlKWmrjbeX,2c?detf7g Whe>h`gh]sHAVf8the.steqileGskyseraI@rg\Ili\e,pae=s3of dn`s=asmaI[t]nV]ghe/Ylags MrnIts oe Lj_eMUecAA[n]e.
5322
AmdYtXn thHusKncZoeoploi@P5kjliC:gn^a,siVlKWmrjbeX,2c?detf7g Whe>h`gh]sH@Vf8the.steqileGskyseraI@rg\Ili\e+pad=s3of dn`s=aslaI[u]nV]ghe/Ylahr MrnIts oe Lj_eMTebAA[o]e.
5323
AmdYtXn thHusKncZoeoploi@P5kjliC:gn^a,siVlKWmrjbeX,2c?detf7g Whe>h`gh]sH@Vf8the.steqileGskyseraI@rg\Ili\e+pad=s3of dn`s=aslaI[u]nV]ghe/Ylahr MrnIts oe Lj_eMTebAA[o]e.
5324
AmdYtXn thHusKncZoeoploi@P5kjliC:gn^a,siVlKWmrjbeX,2c?detf7g Whe>h`gh]sH@Vf8the.steqileGskyseraI@rg\Ili\e+pad=s3of dn`s=aslaJ[u]nV]ghe/Ylahr MrnIts oe Lj_eMTebAA[o]e.
5325
AmdYtXn thHusKncZoeoploi@P5kjliC:gn^a,siVlKWmrjbeX,2c?detf7g Whe>h`gh]sH@Vf8the.steqileGskyseraI@rg\Ili\e+pad=s3of dn`s=aslaJ[u]nV]ghe/Ylahr MrnIts oe Lj_eMTebAA[o]e.
5326
AmdYtXn thHusKncZpeoploi@P5kjliC:gn^a,siVlKWmrjbeX,2c?detf7g Whe>h`gh]sH@Vf8the.steqileFskyseraI@rg\Ili\e*pad=s3of dn`s=aslaI[u]nV]ghe/Ylahr MrnIts oe Lj_eMUebAA[o]e.
5327
AmdYtXn thHusKncZoeoploi@P5kjliC:gn^a,siVlKWmrjbeX,2c?detf7g Whe>h`gh]sH@Vf8the.sseqileGskyseraI@rh\Ili\e+pad=s2of dnas=aslaJ[u^nV]ghe/Ylahr MrnIts oe Lj_eMTebAA[o]e.
5328
AmdYtXn thHusKncZoeoploi@P5kjliC:gn^a,siVlKWmrjbeX,2c?detf7g Whe>h`gh]sH@Vf8the-sseqileGskyseraI@rh\Ili\e+pad=s2of dnas=aslaJ[u^nV]ghe/Ylahr MrnIts oe Lj_eMTebAA[o]e.
5329
AmdYtXn thHusKncZoeoploi@P5kjliC:gn^a,siVlKWmrjbeX,2c?detf7g Whe>h`gh]sH@Vf8the-sseqileGskyseraI@rh\Ili\e+pad=s2of dnas=aslaJ[u^nV]ghe/Ylahr MrnIts oe Lj_eMTebAA[o]e.
5330
AmdYtXn thHusKncZoeoploi@P5kjliC:gn^a,siVlKWmrjbeX,2c?detf7g Whe>h`gh]sH@Vf8the-sseqileGskyseraI@rh\Ili\e+pad=s2of dnas=aslaJ[u^nV]ghe/Ylahr MrnIts oe Lj_eMTebAA[o]e.
5331
AmdYtXn thHusKncZoeoploi@P5kjliC:gn^a,siVlKWmrjbeX,2c?detf7g Whe>h`gh]sH@Vf8the-sseqileGskyseraI@rh\Ili\e+pad=s2of dnas=aslaJ[u^nV]ghe/Ylahr MrnIts oe Lj_eMTebAA[o]e.
5332
AmdYtXn thHusKncZoeoploi@P5kjliC:gn^a,siVlKWmrjbeY,2c?detf8g Whe>h`gh]sH@Vf8the.steqileGskyseraI@rg\Ili\e*pad=s3of dn`s=asmaJ[u]nV]ghe/Ylair MrnIts oe Lj_eMTebAA[o]e.
5333
AmdYtXn thHusKncZoeoploi@P5kjliC:gn^a,siVlKWmrjbeY,2c?detf8g Whe>h`gh]sH@Vf8the.steqileGskyseraI@rg\Ili\e*pad=s3of dn`s=asmaJ[u]nV]ghe/Ylair MrnIts oe Lj_eMTebAA[o]e.
5334
AmdYtXn thHusKncZoeoploi@P5kjliC:gn^a,siVlKWmrjbeY,2c?detf8g Whe>h`gh]sH@Vf8the.steqileGskyseraI@rg\Ili\e*pad=s3of dn`s=asmaJ[u]nV]ghe.Ylair MrnIts oe Lj_eMTebAA[o]e.
5335
AmdYtXn thHusKncZoeoploi@P5kjliC:gn^a,siVlKWmrjbeY,2c?detf8g Whe>h`gh]sH@Vf8the.steqileGskyseraI@rg\Ili\e*pad=s3of dn`s=asmaJ[u]nV]ghe.Ylair MrnIts oe Lj_eMTebAA[o]e.
5336
AmdYtXn thHusKncZoeoploi@P5kjliC:gn_a,siVlKWmrjbeY,2c?detf8g Whe>h`gh]sH@Vf8the.steqileGskyseraI@rg\Ili\e*pad=s3of dn`s=asmaJ[u]nV]ghe/Ylajr MrnIts oe Lj_eMTebAA[o]e.
5337
AmdYtXn thHusLncZoeoploi@P5kjliC:gn^a,siVlKWmrjbeX,2c?detf7g Whe>h`gh^sH@Vf8the-sseqileGskyseraI@rh\Ili\e+pad=s2of dnas=aslaK[u^nV]ghe/Ylahr MrnIts oe Lj_eMTeaAA[o]e.
5338
AmdYtXn thHusLncZoeoploi@P5kjliC:gn^a,siVlKWmrjbeX,2c?detf7g Whe>h`gh^sH@Vf8the-sseqileGskyseraI@rh\Ili\e+pad=s2of dnas=aslaK[u^nV]ghe/Ylahr MrnIts oe Lj_eMTeaAA[o]e.
5339
AmdYtXn thHusLncZoeoploi@P5kjliC:gn^a,siVlKWmrjbeX,2c?detf7g Whe>h`gh^sH@Vf8the-sseqileGskyseraI@rh\Ili\e+pad=s2of dnas=aslaK[u^nV]ghe/Ylahr MrnIts oe Lj_eMTeaAA[o]e.
5340
AmdYtXn thHusLncZoeoploi@P5kjliC:gn^a,siVlKWmrjbeX,2c?detf7g Whe>h`gh^sH@Vf8the-sseqileGskyseraI@rh\Ili\e+pad=s2of dnas=aslaK[u^nV]ghe/Ylahr MrnIts oe Lj_eMTeaAA[o]e.
5341
AmdYtXn thHusLncZoeoploi@P5kjliC:gn^a,siVlKWmribeX,2c?detf7g Whe>h`gh^sH@Vf8the-sseqileGskyseraI@rh\Ili\e+pad=s2of dnas=aslaK[u^nV]ghe/Ylahr MrnIts oe Lj_eMTeaAA[o]e.
5342
AmdYtXn thHusKncZpeoploi@P4kjliC:gn^a,siVlKWorjbeX,2c?detg7g Whe<h`gh]sH@Vf8the.steqileFskyseraI@rg\Hli\e*pad=s3of dn`s=aslaI[u]nW]ghe/Ylahr MrnIts oe Lj_eMUebAC[p]e.
5343
AmdYtXn thHusKncZpeoploi@P4kkliC:gn^a,siVlKWnrjbeX,2c?detg7g Whe=h`gh]sH@Vf8the.steqileFskyseraI@rg\Hli\e*pac=s3of dn`s=aslaJ[u]nW]ghe/Ylahr MrnIts oe Lj_eMUebAB[p]e.
5344
AmdYtXn thHusKncZpeoploi@P4kkliC:gn^a,siVlKWnrjbeX,2c?detg7g Whe=h`gh]sH@Vf8the.steqileFskyseraI@rg\Hli\e*pac=s3of dn`s=aslaJ[u]nW]ghe/Ylahr MrnIts oe Lj_eMUebAB[p]e.
5345
AmdYtXn thHusKncZpeoploi@P3kkliC:gn^a,siVlKWnrjbeX,2c?detg7g Whe=h`gh]sH@Vf8the.steqileFskyseraI@rg\Hli\e*pac=s3of dn`s=aslaJ[u]nW]ghe/Ylahr MrnIts oe Lj_eMUebAB[p]e.
5346
AmdYtXn thHusKncZpeoploi@P3kkliC:gn^a,siVlKWnrjbeX,2c?detg7g Whe=h`gh]sH@Vf8the.steqileFskyseraI@rg\Hli\e*pac=s3of dn`s=aslaJ[u]nW]ghe/Ylahr MrnIts oe Lj_eMUebAB[p]e.
5347
AmdYtXn thHusKncZpeoploi@P3kkliC:gn^a,siVlKWnrjbeX,2c?detg7g Whe=h`gh]sH@Vf8the.steqileFskyseraI@rg\Hli\e*pac=s3of dn`s=aslaJ[u]nW]ghe/Ylahr MrnIts oe Lj_eMUebAB[p]e.
5348
AmdYtXn thHusLncZpeoploi@P4kkliC:gn^a,siVlKWnrjbeX,2c?detg7g Whe=h`gh]sH@Vf8the.steqileFskyseraI@rg\Hli\e*pac=s3of dn`s=aslaJ\u]nW]ghe/Ylahr MrnIts oe Lj_eMUebAB[p]e.
5349
AmdYtXn thHusLncZpeoploi@P4kkliC:gn^a,siVlKWnrjbeX,2c?deth7g Whe=h`gh]sH@Vf8the.steqileFskyseraI@rg\Hli\e*pac=s3of dn`s=aslaJ\u]nW]ghe/Ylahr MrnIts oe Lj_eMUebAB[p]e.
5350
AmdYtXn thHusLncZpeoploi@P4kkliC:gn^a,siVlKWnrjbeX,2c?deth7g Whe=h`gh]sH@Vf8the.steqileFskyseraI@rg\Hli\e*pac=s3of dn`s=aslaJ\u]nW]ghe/Ylahr MrnIts oe Lj_eMUebAB[p]e.
5351
AmdYtXn thHusLncZpeoploi@P4kkliC:gn^a,siVlKWnrjbeX,2c?deth7g Whe=h`gh]sH@Vf8the.steqileFskyseraI@rg\Hli\e*pac=s3of dn`s=aslaJ\u]nW]ghe/Ylahr MrnIts oe Lj_eMUebAB[p]e.
5352
AmdYtXn thHusLncZpeoploi@P4kkliC9gn^a,siVlKWnrjbeX,2c?deth7g Whe=h`gh]sH@Vf8the.steqileFskyseraI@rg\Hli\e*pac=s3of dn`s=aslaJ\u]nW]ghe/Ylahr MrnIts oe Lj_eMUebAB[p]e.
5353
AmdYtXn thHusLncZpeoploi@P4kkliC9gn^a,siVlKWnrjbeX,2c?deth7g Whe=h`gh]sH@Vf8the.steqileFskyseraI@rg\Hli\e*pac=s3of dn`s=aslaJ\u]nW]ghe/Ylahr MrnIts oe Lj_eMUebAB[p]e.
5354
AmdYtXn thHusLncZpeoploi@P4kkliC9gn^a,siVlKWnrjbeX,2c?deth7g Whe=h`gh]sH@Vf8the.steqileFskyseraI@rg\Hli\e*pac=s3of dn`s=aslaJ\u]nW]ghe/Ylahr MrnIts oe Lj_eMUebAB[p]e.
5355
AmdYtXn thHusLncZpeoploi@P4kkliC9gn^a,siVlKWorjbeX,2c?deth7g Whe=h`gh]sH@Vf8the.steqileFskyseraI@rg\Hli\e*pac=s3of dn`s=aslaJ\u]nX]ghe/Ylahr MrnIts oe Lj_eMUebAB[q]e.
5356
AmdYtXn thHusLncZpeoploi@P4kkliC9gn^a,siVlKWorjbeX,2c?deth7g Whe=h`gh]sH@Vf8the.steqileFskyseraI@rg\Hli\e*pac=s3of dn`s=aslaJ\t]mX]ghe/Ylahr MrnIts oe Lj_eMUebAB[q]e.
5357
AmdYtXn thHusLncZpeoploi@P4kkliC9gn^a,siVlKWorjbeX,2c?deth7g Whe=h`gh]sH@Vf8the.steqileFskyseraI@rg\Hli\e*pac=s3of dn`s=aslaJ]t]mX]ghe/Ylahr MrnIts oe Lj_eMUebAB[q]e.
5358
AmdYtXn thHusLncZpeoploi@P4kkliC9gn^a,siVlKWorjbeX,2c?deth7g Whe=h`gh]sH@Vf8the.steqileFskyseraI@rg\Hli\e*pac=s3of dn`s=aslaJ]t]mX]ghe/Ylahr MrnIts oe Lj_eMUebAB[q]e.
5359
AmdYtXn thHusKncZoeoploi@P5kjliC:hn^a,sjVlKWmrjbeY,2c?detf8g Xhe=h`gh]sH@Vf7the.stfqileGskyseraI@rg\Hli]e*pad=s3of do`s=asmaJ\u]nV]hhe.Ylajr MrnIts oe Lj_eMTebAA\o]e.
5360
AmdYtXn thHusLncZoeoploi@P5kjliC:hn^a,sjVlKWmrjbeY,2c?detf8g Xhe=h`gh]sH@Vf7the.stfqileGskyseraI@rg\Hli]e*pad=s3of do`s=asmaJ\u]nV]hhe.Ylajr MrnIts oe Lj_eMTebAA\o]e.
5361
AmdYtXn thHusLncZoeoploi@P5kjliC:hn^a,sjVlKWmrjbeY,2c?detf8h Xhe=hagh]sH@Vf7the.stfqileGskyseraI@rg\Hli]e*pad=s3of do`s=asmaJ\u]nV]hhe.Ylajr MrnIts oe Lj_eMTebAA\o]e.
5362
AmdYtXn thHusLncZoeoploi@P5kjliC:hn^a,sjVlKWmrjbeY,2c?detf8h Xhe=hagh]sH@Vf7the.stfqileGskyseraI@rg\Hli]e*pad=s3of do`s=asmaJ\u]nV]hhe.Ylajr MrnIts oe Lj_eMTebAA\o]e.
5363
AmdYtXn thHusLncZoeoploi@P5kjliC:hn^a,sjVlKWmrjbeY,2c?detf8h Xhe=hagh]sH@Vf7the.stfqileGskyseraI@rg\Hli]e*pad=s3of do`s=asmaJ\u]nV]hhe.Ylajr MrnIts oe Lj_eMTebAA\o]e.
5364
AmdYtXn thHusLncZoeoploi@P5kjliC:hn^a,sjVlKWmrjbeY,2c?detf8g Xhe=h`gh]sH@Vf7the.stfqileGskyseraI@rg\Hli]e*pad=s3of do`s=asmaJ\u]nV]hhe.Ylajr MrnIts oe Lj_eMTebAA\o]e.
5365
AmdYtXn thHusLncZoeoploi@P5kjliC:hn^a,sjVlKWmrjbeY,2c?detf8g Xhe=h`gh]sH@Vf7the.stfqileGskyseraI@rg\Hli]e*pad=s3of do`s=asmaJ\u]nV]hhe.Ylajr MrnIts oe Lj_eMTeaAA\o]e.
5366
AmdYtXn thHusLncZpeoploi@P4kkliC9gn^a,siVlKWorjbeX,2c?deth7g Whe=h`gh]sI@Vf8the-steqileFskyseraI@rgZHli\e*pac=s3of dnas=aslaJ\u]nX]ghe/Ylahr LrnIts oe Lj_eLUebAB[q]e.
5367
AmdYtXn thHusLndZpeoploi@P4kkliC9gn^a,siVlKWorjbeX,2c?deth7g Whe=h`gh]sI@Vf8the-steqileFskyseraI@rgZHli\e*pac=s3of dnas=aslaJ\u]nX]ghe/Ylahr LrnIts oe Lj_eLUebAB[q]e.
5368
AmdYtXn thHusLndZpeoploi@P4kkliC9gn^a,siVlKWorjbeX,2c?deth7g Whe=h`gh]sI@Vf8the-steqileFskyseraI@rgZHli\e*pac=s3of dnas=aslaJ\u]nX]ghe/Ylahr LrnIts oe Lj_eLUebAB[q]e.
5369
AmdZtYn thHusLndZpeoploi@P4lkliC9gn^a,siWlKWprjbeX,2c@deth7g Whe=h`gh]sI@Vf8the-steqileFskyseraI@rg[Hli\e*pac=s3of dn`s=aslaJ\u]nX]ghe/Ylahr LrnIts oe Lj_eMUebAB[q]e.
5370
AmdZtYn thHusLndZpeoploi@P4lkliC9gn^a,siWlKWprjbeX,2c@deth7g Whe=h`gh]sI@Vf8the-steqileFskyseraI@rg[Hli\e*pac=s3of dn`s=aslaJ\u]nX]ghe/Ylahr LrnIts oe Lj_eMUebAB[q]e.
5371
AmdZtYn thHusLndZpeoploi@P4lkliC9gn^a,siWlKWprjbeX,2c@deth7g Whe=h`gh]sI@Vf8the-steqileFskyseraI@rg[Hli\e*pac=s3of dn`s=aslaJ\u]nX]ghe/Ylahr LrnIts oe Lj_eMUebAB[q]e.
5372
AmdZtYn thHusLndZpeoploi@P4lkliC9gn^a,siWlKWprjbeX,2c@deth7g Whe=h`gh]sI@Vf8the-steqileFskyseraI@rg[Hli\e*pac=s3of dn`s=aslaJ\u]nX]ghe/Ylahr LrnIts oe Lj_eMUebAB[q]e.
5373
AmdYtXn thHusMncZoeoploi@P5kjliC:hn^a,sjVlKWmrjbeY,1c?eetf8g Xhe=h`gh]sH@Wf7the.stfqileGskyseraI@rg[Hli]e*pad=s3of do`s=asmaJ\u]nV]hhe.Ylajr MrnIts oe Lj_eMTebAA\o]e.
5374
AmdYtXn thHusMncZoeoploi@P5kjliC:hn^a,sjVlKWmrjbeY,1c?eetf8g Xhe=h`gh]sH@Wf7the.stfqileGskyseraI@rg[Hli]e*pad=s3of do`s=asmaJ\u]nV]hhe.Ylajr MrnIts oe Lj_eMTebAA\o]e.
5375
AmdZtXn thIutLncZpeoploi@P4lkliC9gn^a,siWlKWprjbeX,2c@eeth7g Whe=h`gh]sI@Vf7the-steqileFskyseraH@rg[Hli]e*pab=s3of dn`s<aslaJ]u]nX]ghe/Ylahr LrnIts oe Lj_eMUebAB[p]e.
5376
AmdZtXn thHusLncZpeoploi@P4lkliC9gn^a,sjWlKWqrjbeX,2c@eeth7g Whe=h`gh]sI@Vf8the-steqileFskyseraH@rg[Hli]e*pab=s3of dn`s=aslaJ]u]nX]ghe/Ylahr LrnIts oe Lj_eMUebAB[p]e.
5377
AmdZtXn thIutLncZpeoploi@P4mjliC9gn^a,siWlKWprjbeX,2c@eeth7g Whe=h`gh]sI@Vf7the-steqileFskyseraH@rg[Hli]e*pab=s3of dn`s<aslaJ]u]nX]ghe/Ylahr LrnJts oe Lj_eMUebAB[p]e.
5378
AmdZtXn thIutLncZpeoploi@P4mjliC9gn^a,siWlKWprjbeX,2c@eeth7g Whe=h`gh]sI@Vf7the-steqileFskyseraH@rg[Hli]e*pab=s3of dn`s<aslaJ]u]nX]ghe/Ylahr LrnJts oe Lj_eMUebAB[p]e.
5379
AmdZtXn thHusLncZpeoploi@P4lkliC9gn^a,sjWlKWqrjbeY,2c@eeth7g Whe=h`gh]sI@Vf8the-steqileFskyseraH@rg[Hli]e)pab=s3of dn`s=aslaJ]u]nX]ghe/Ylahr LrnIts oe Lj_eMUebAB[p]e.
5380
AmdZtXn thHusLncZpeoploi@P4lkliC9gn^a,sjWlKWqrjbeY,2c@eeth7g Whe=h`gh]sI@Vf8the-steqileFskyseraH@rg[Hli]e)pab=s3of dn`s=aslaJ]u]nX]ghe/Ylahr LrnIts oe Lk_eMUebAB[p]e.
5381
AmdZtXn thHusLncZpeoploi@P4lkliC9gn^a,sjWlKWqrjbeY,2c@eeth7g Whe=h`gh]sI@Vf8the-steqileFskyseraH@rg[Hli]e)pab=s3of dn`s=aslaJ]u]nX]ghe/Ylahr LrnIts oe Lk_eMUebAB[p]e.
5382
AmdYtXn thIusLncZoeoploi@P5kkliD:hn^a,sjVlKWmrjbeY,2c?detf8g Xhe=hagh]sI@Vf7the,steqileGskyseraI@rg\Hli]e*pad=s3of do`s=asmaJ\u]nV]hhe.Ylajr MrnIts oe Kj_eMTebAB\o^e.
5383
AmdZtWn thHusLncZpeoploi@P4lkliC9gn^a,sjWlKWqrjbeY,2c@eeth7g Whe=h`gh]sI@Vf8the-steqileFskyseraH@rg[Gli]e)pab=s3of dnas=askaK]u]nX]ghe/Ylahr LrnIts oe Lk_eMUebAB[p]e.
5384
AmdZtWn thHusLncZpeoploi@P4lkliC9gn^a,sjWlKWqrjbeY,2c@eeth7g Whe=h`gh]sI@Vf8the-steqileFskyseraH@rg[Gli]e)pab=s3of dnas=askaK]u]nX]ghe/Ylahr LrnIts oe Lk_eMUebAB[p]e.
5385
AmdZtWn thHusLncZpeoploi@P4lkliC9gn^a,sjWlKWqrjbeY,2c@eeth7g Whe=h`gh]sI@Vf8the-steqileFskyseraH@rg[Gli]e)pab=s3of dnas=askaK]u]nX]ghe/Ylahr LrnIts oe Lk_eMUebAB[p]e.
5386
AmdZtWn thHusLncZpeoploi@P4lkliC9gn^a,sjWlKWqrjbeY,2c@eeth7g Whe=h`gh]sI@Vf8the-steqileFskyseraH@rg[Gli]e)pab=s3of dnas=askaK]u]nX]ghe/Ylahr LrnIts oe Lk_eMUebAB[p]e.
5387
AndZtXn thHusLncZpdoploi@P4lkliC9gn^b,sjWlKWqrjbeY,1c@eeth7g Whe=h`gh]sI@Vf8the-steqileEskyseraH@rg[Hli]e*pab=s2of dn`s=aslaJ]u]nX]ghe/Ylahr LrnIts oe Lj_eMUeaABZp]e.
5388
AndZtXn thHusLncZpdoploi@P4lkliC9gn^b,sjWlKWqrjbeY,1c@eeth7g Whe=h`gh]sI@Vf8the-steqileEskyseraH@rg[Hli]e*pab=s2of dn`s=aslaJ]u]nX]ghe/Ylahr LrnIts oe Lj_eMUeaABZp]e.
5389
AmdZtXn thHusLncZpeoploi@P4lkliC9gn^a,sjWlKWqrjbeY,2c@eeth7g Whe=h`gh]sJ@Vf8the-steqileFskyseraH@rg[Hli]e)pab=s3of dn`s=aslaK]u]nX]ghe/Ylahr LrnIts oe Lk_eMUebAB[p^e.
5390
AmdZtXn thHusLncZpeoploi@P4lkliC9gn^a,sjWlKWqrjbeY,2c@eeth7g Whe=h`gh]sJ@Vf8the-steqileFskyseraH@rg[Gli]e)pab=s3of dn`s=aslaK]u]nX]ghe/Ylahr LrnIts oe Lk_eMUebAB[p^e.
5391
AmdZtXn thHusLncZpeoploi@P4lkliC9gn^a,sjWlKWqrjbeY,2c@eeth7g Whe=h`gh]sJ@Vf8the-steqileFskyseraH@rg[Gli]e)pab=s3of dn`s=aslaK]u]nX]ghe/Ylahr LrnIts oe Lk_eMUebAB[p^e.
5392
AmdZtXn thHusLncZpeoploi@P4lkliC9gn^a,sjWlKWqrjbeY,2c@eeth7g Whe=h`gh]sJ@Vf8the-steqileFskyseraH@rg[Gli]e)pac=s3oe dn`s=aslaK]u]nX]ghe/Ylahr LrnIts oe Lk_eMUebAB[p^e.
5393
AndZtXn thHusLncYpdoploi@P4lkliD9gn^b,sjWlKWqrjbeY,1c@eeti7g Whe=h`gh]sI@Vf8thd-steqileEskyseraH@rg[Hli]e*pab=s2of dn`s=aslaJ]u]nX]ghe/Ylahr LrnIts oe Lj_eMUe`ABZp^e.
5394
AndZtXn thHusLncYpdoploi@P4lkliD9gn^b,sjWlKWqrjbeY,1c@eeti7g Whe=h`gh]sI@Vf8thd-steqileEskyseraH@rg[Hli]e*pab=s2of dn`s=aslaJ]u]nX]ghe/Ylahr LrnIts oe Lj_eMUe`ABZp^e.
5395
AndZtXn thHusLncYpdoploi@P4lkliD9gn^b,sjWlKWqrjbeY,1c@eeti7g Whe=h`gh]sI@Vf8thd-steqileEskyseraH@rg[Hli]e*pab=s2of dn`s=aslaJ]u]nX]ghe/Ylahr LrnIts oe Lj_eMUe`ABZp^e.
5396
AndZtXn thHutLncYpdoploi@P4lkliD9gn^b,sjWlKWqrjbeY,1c@eeti7g Whe=h`gh]sI@Vf8thd-steqileEskyseraH@rg[Hli]e*pab=s2of dn`s=aslaJ]u]nX]ghe.Ylahr LrnIts oe Lj_eMUe`ABZp_e.
5397
AndZtXn thHutLncYpdoploi@P4lkliD9gn^b,sjWlKWqrjbeY,1c@eeti7g Whe=h`gh]sI@Vf8thd-steqileEskyseraH@rg[Hli]e*pab=s2of dn`s=aslaJ]u]nX]ghe.Ylahr LrnIts oe Lj_eMUe`ABZp_e.
5398
AndZtXn thHutLncYpdoploiAP4lkliD9gn^b,sjWlKWqrjbeY,1c@eeti7g Whe=h`gh]sI@Vf8thd-steqileEskyseraH@rg[Hli]e*pab=s2of dn`s<aslaJ]u]nX]ghe.Ylahr LrnIts oe Lj_eMUe`ABZp^e.
5399
AndZtXn thHutLncYpdoploiAP4lkliD9gn^b,sjWlKWqrjbeY,1c@eeti7g Whe=h`gh]sI@Vf8thd-steqileEskyseraH@rg[Hli]e*pab=s2of dn`s<aslaJ]u]nX]ghe.Ylahr LrnIts oe Lj_eMUe`ABZp^e.
5400
AndZtXn thHutLncYpdoploiAP4lkliD9gn^b,sjWlKWqrjbeY,1c@eeti7g Whe=h`gh]sI@Vf8thd-steqileEskyseraH@rg[Hli]e*pab=s2of dn`s<aslaJ]u]nX]ghe.Ylahr LrnIts oe Lj`eMUe`ABZp^e.
5401
AndZtXn thHutLncYpdoploiAP4lkliD9gn^b,sjWlKWqrjbeY,1c@eeti7g Whe=h`gh]sI@Vf8thd-steqileEskyseraH@rg[Hli]e*pab=s2of dn`s<aslaJ]u]nX]ghe.Ylahr LrnIts oe Lj`eMUe`ABZp^e.
5402
AndZtXn thHutLncYpdoploiAP4lkliD9gn^b,sjWlKWqrjbeY,1c@eeti7g Whe=h`gh]sI@Vf8thd-steqileEskyseraH@rg[Hli]e*pab=s2of dn`s<aslaJ]u]nX]ghe.Ylahr LrnIts oe Lj`eMUe`ABZp^e.
5403
AndZtXn thHutLncYpdoploiAP4lkliD9hn^b,sjWlKWqrjbeY,1c@eeti7g Whe=h`gh]sI@Vf8thd-steqileEskyseraH@rg[Hli]e*pab=s2of dn`s<aslaJ]u]nX]ghe.Ylahr LrnIts oe Lj`eMUe`ABZp^e.
5404
AndZtXn thHutLncYpdoploiAP4lkliD9hn^b,sjWlKWqrjbeY,1c@eeti7g Whe=h`gh]sI@Vf8thd-steqileEskyseraH@rg[Hli]e*pab=s2of dn`s<aslaJ]u]nX]ghe.Ylahr LrnIts oe Lj`eMUe`ABZp^e.
5405
AndZtXn thHutLncYpdoploiAP4lkliD9hn^b,sjWlKWqrjbeY,1c@eeti7g Whe=h`gh]sI@Vf8thd-steqileEskyseraH@rg[Hli]e*pab=s2of dn`s<aslaJ]u]nX]ghe.Ylahs LrnIts oe Lj`eMUe`ABZp^e.
5406
AndZtXn thHutLncYpdoploiAP4lkliD9hn^b,sjWlKWqrjbeY,1c@eeti7g Whe=h`gh]sI@Vf8thd-steqileEskyseraH@rg[Hli]e*pab=s2of dn`s<aslaJ]u]nX]ghe.Ylahs LrnIts oe Lj`eMUe`ABZp^e.
5407
AndZtXn thHutLncYpdoploi@P4lkliD8gn^b,sjWlMWqrjbeY,1c@feti7g Whe=h`gh]sI@Wf8thd-steqileErkyseraH@rg[Hli]e*pab=s2of dn`s<asmaJ]u]nX]hhe.Ylahr LrnIts pe Lj_eMUe`ABZp^e.
5408
AndZtXn thHutLncYpdoploiAP4lkliD9gn^b,sjWlKWqrjbeZ,1c@eeti7g Whe=h`gh]sI@Vf8thd-steqileEskyseraH@rg[Hli]e*pac=s2of dnas<aslaJ]u]nX]ghe.Ylahr LrnIts oe Lk`eMUe`ABZp^e.
5409
AndZtXn thHutLncYpdoploiAP4lkliD9gn^b,sjWlKWqrjbeZ,1c@eeti7g Whe=h`gh]sI@Vf8thd-steqileEskyseraH@rg[Hli]e*pac=s2of dnas<aslaJ]u]nX]ghe.Ylahr LrnIts oe Lk`eMUe`ABZp^e.
5410
AndZtXn thHutLncYpdoploiAP4lkliD9gn^b,sjWlKWqrjbeZ,1c@eeti7g Whe=h`gh]sI@Vf8thd-steqileEskyseraH@rg[Hli]e*pac=s2of dnas<aslaJ]u]nX]ghe.Ylahr LrnIts oe Lk`eMUf`ABZp^e.
5411
AndZtXn thHutLncYpdoploiAP4lkliD9gn^b,sjWlKWqrjbeZ,1c@eeti7g Whe=h`gh]sI@Vf8thd-steqileEskyseraH@rg[Hli]e*pac=s2of dnas<aslaJ]u]nX]ghe.Ylahr LroIts oe Lk`eMUf`ABZp^e.
5412
AndZtXn thHutLncYpdoploi@P4lkliD8gn^b,sjWlMWqrjbeY,1c@feti7g Whe=h`gh]sJ@Wf8thd-steqileErkyseraH@rgZHli]e*pab=s2of dn`s<asmaJ]u^nX]hhe.Ylahr LqnIts pe Lj_eMUe`ABZp^e.
5413
AndZtXn thHutLncYpdoploi@P4lkliD8gn^b,sjWlMWqrjbeY,1c@feti7g Whe=h`gh]sJ@Wf8thd-steqileErkyseraH@rgZHli]e*pab=s2of dn`s<asmaJ]u^nX]hhe.Ylahr LqnIts pe Lj_eMUe`ABZp^e.
5414
AndZtXn thHutLncYpdoploi@P4lkliD8gn^b,sjWlMWqrjbeY,1c@feti7g Whe=h`gh]sJ@Wf8thd-steqileErkyseraH@rgZHli]e*pab=s2of dn`s<asmaJ]u^nX]hhe.Ylahr LqnIts pe Lj_eMUe`ABZp^e.
5415
AndZtXn thHutLncYpdoploi@P4lkliD8gn^b+sjWlMWqrjbeY,1c@feti7g Whe=h`gh^sI@Wf8thd,steqileErkyseraH@rg[Hli]e*pab=s2of dn`s<asmaJ]u]nX]hhe.Ylahr LrnIts pe Lk_eMUe`ABZp^e.
5416
AndZtXn thHutLncYpdoploi@P4lkliD8gn^b+sjWlMWqrjbeY,1c@feti7g Whe=h`gh^sI@Wf8thd,steqileEskyseraH@rg[Hli]e*pab=s2of dn`s<asmaJ]u]nX]hhe.Ylahr LrnIts pe Lk_eMUe`ABZp^e.
5417
AndZtXn thHutLncYpdoploi@P4lkliD8gn^b+sjWlMWqrjbeY,1c@feti7g Whe=h`gh^sI@Wf8thd,steqileEskyseraH@rg[Hli]e*pab=s2of dn`s<asmaJ]u]nX]hhe.Ylahr LrnIts pe Ll_eMUe`ABZp^e.
5418
AndZtXn thHutLncYpdoploi@P4lkliD8gn^b+sjWlMWqrjbeY,1c@feti7g Whe=h`gh^sI@Wf8thd,steqileEskyseraH@rg[Hli]e*pab=s2of dn`s<asmaJ]u]nX]hhe.Ylahr LrnIts pe Ll_eMUe`ABZp^e.
5419
AndZtXn thHutLncYpdoploi@P4lkliD8gn^b+sjWlMWqrjbeY,1c@feti7g Whe=h`gh^sI@Wf8thd,steqileEskyseraH@rg[Hli]e*pab=s2of dn`s<asmaJ]u]nX]hhe.Ylahr LrnIts pe Ll_eMUe`ABZp^e.
5420
AndZtXn thHutLncYpdoploi@P4lkliD8gn^b+sjWlMWqrjbeY,1c@feti7g Whe=h`gh^sI@Wf8thd,steqileEskyseraH@rg[Hli]e*pab=s2of dn`s<asmaJ]u]nX]hhe.Ylahr LrnIts pe Ll_eMUe`ABZp^e.
5421
AndZtXn thHutLncYpdoploi@P4lkliD8gn^b+sjWlMWqrjbeY,1c@feti7g Whe=h`gh^sI@Wf8thd,steqileEskyseraH@rg[Hli]e*pab=s2of dn`s<asmaJ]u]nX]hhe.Ylahr LrnIts pe Ll`eMUe`ABZp^e.
5422
AndZtXn thHutLncXpdoploi@P4lkliD8gn^b+sjWlNWqrjbeY,1c@feti7g Whe=h`gh^sI@Wf8thd,steqileEskyseraH@rg[Hli]e*pab=s2of dn`s<asmaJ]u]nX]hhe.Ylahr LrnIts pe Ll_eMUe`ABZp^e.
5423
AndZtXn thHutLncXpdoploi@P4lkliD8gn^b+sjWlNWqrjbeY,1c@feti7g Whe=h`gh^sI@Wf8thd,steqileEskyseraH@rg[Hli]e*pab=s2of dn`s<asmaJ]u]nX]hhe.Ylahr LrnIts pe Ll_eMUe`ABZp^e.
5424
AndZtXn thHutLncXpdoploi@P4lkliD8gn^b+sjWlNWqrjbeY,1c@feti7g Whe=h`gh^sI@Wf8thd,steqileEskyseraH@rg[Hli]e*pab=s2of dn`s<asmaJ]u]nX]hhe.Ylahr LrnIts pe Ll_eMUe`ABZp^e.
5425
AndZtXn thHutMncYpdoploiAP4llliD9gn_b,sjWlKWqrjbeZ,0c@eeti7g Whe=h`gh]tI@Vf8thd-steqileEskyseraHArg[Hli]e*pac>s2of doas;aslaJ]u]nX\ghe.Ylahr LrnIts oe Lk`eMUe`ABZp^e.
5426
AndZtXn thHutLncYpdoploi@P4lkliD8gn^b+skXlMWqrjbeY,0c@feti7g Whe=h`gh^sI@Wf8thd,steqileErkyseraH@rg[Hli]e)pab=s2of dn`s<asmaJ]u]nX\hhe.Ylahr LrnIts pe Lk_eMUe`ABZp^e.
5427
AndZtXn thHutLncYpdoploi@P4lkliD8gn^b+skXlMWqrjbeY,0c@feti7g Whe=h`gh^sI@Wf8thd,steqileErkyseraG@rgZHli]e)pab=s2of dn`s<asmaJ]u]nX\hhe.Ylahr LrnIts pe Lk_eMUe`ABZp^e.
5428
AndZtXn thHutLncYpdoploi@P4lkliD8gn^b+skWlMWqrjbeZ,0c@feti7g Whe=h`gh^sI@Wf8thd,steqileErkyseraH@rg[Hli]e)pab=s2of do`s<asmaJ]u]nX\hhe.Ylahr LrnIts pe Lk_eMUe`ABZp^e.
5429
AndZtXn thHutLncYpdoploi@P4lkliD8gn^b+skWlMWqrjbeZ,0c@feti7g Whe=h`gh^sI@Wf8thd,steqileErkyseraH@rg[Hli]e)pab=s2of do`s<asmaJ]u]nX\hhe.Ylahr LrnIts pe Lk_eMUe`ABZp^e.
5430
AndZtXn thHutLncYpdoploj@P4lkliD8gn^b*skWlMWqrjbeY,/c@feti7g Whe=h`gh^sI@Wf8thd,steqileErkyseraH@rg[Hli]e)pab=s2of do`s<asmaJ]u]nX\hhe.Ylahr LrnIts oe Lk_eMUe`ABZp^e.
5431
AndZtXn thHutLncYpdoploi@P4lkliD8gn^b+skWlMWqrjbeZ,0c@feti7g Whe=h`gh^sI@Wf7thd,steqileDrkyseraH@rg[Hli]e)pab=s2of do`s<asmaJ]u]nX\hhe.Ylahr LrnIts pe Lk_eMUe`ABZp^e.
5432
AndYtXn thHutLncYpdoploi@P3lkliD8gn^b+sjWlMWqrjbeY,0c@feti7g Whe<hagh^sI@Wf6thd,steqileErkzseraH@rg[Hli]e*pab=s2of dn`s<asmaJ]t]nX\hhe.Ylahr LrnJts pe Lk_eMUe`ABZp^e.
5433
AndZtXn thHutLncYpdoploi@P4lkliD8gn^b+skWlMWqrjbeZ,0c@feti7g Whe=h`gh^sI@Wf7thd,steqileDrkyseraH@rg[Hli^e)pab=s2of do`s<asmaJ]u]nX\hhe.Ylair LrnIts pe Lk_eMUe`ABZp^e.
5434
AndZtXn thHutLncYpdoploi@P4lkliD8gn^b+skWlMWqrjbeZ,0c@feti7g Whe=h`gh^sI@Wf7thd,steqileDrkyseraH@rg[Hli^e)pab=s2of do`s<asmaJ]u]nX\hhe.Ylair LrnIts pe Lk_eMUe`ABZp^e.
5435
AndZtXn thHutLncYpdoploi@P4lkliD8gn^b+skWlMWqrjbeZ,0c@feti7g Whe=h`gh^sI@Wf7thd,steqileDrkyseraH@rg[Hli^e)pab=s2of do`s<asmaJ]u]nX\hhe.Ylair LrnIts pe Lk_eMUe`ABZp^e.
5436
AndYtXn thHutLncYpdoploi@P3lkliD8gn^b*sjWlMWqrjbeY,0c@feti7g Whe;hagh^sI@Wf6thd,steqileErkzseraH@rg[Hli]e*pab=s2of dn`s<asmaJ]t]nX\hhe.Ylahr LrnJts pe Lk_eMUe`ABZp^e.
5437
AndZtXn thHutLncYpdoploi@P4lkliD8gn^b+skWlMWqrjbeZ,/c@feti7g Whe=h`gh^sI@Wf7thd,steqileDrkyseraH@rg[Hli^e)pab=s2of do`s<asmaJ]u]nX\hhe.Ylair LrnIts pe Lk_eMTe`ABZp^e.
5438
AndZtXn thHutLncYpdoploi@P4lkliD8gn^b+skWlMWqrjbeZ,/c@feti7g Whe=h`gh^sI@Wf7thd,steqileDrkyseraH@rg[Hli^e)pab=s2of do`s<asmaJ]u]nX\hhe.Ylair LrnIts pe Lk_eMTe`ABZp^e.
5439
AndZtXn thHutLncYpdoploi@P4lkliD8gn^b+skWlMWqrjbeZ,/c@feti7g Whe=h`gh^sI@Wf7thd,steqileDrkyseraH@rg[Hli^e)pab=s2of do`s<asmaJ]u]nX\hhe.Ylair LrnIts pe Lk_eMTe`ABZp^e.
5440
AndZtXn thHutLncYpdoploi@P4lkliD8gn^b+skWlMWqrjbeZ,/c@feti7g Whe=h`gh^sI@Wf7thd,steqileDrkyseraH@rg[Hli^e)pab=s2of do`s<asmaJ]u]nX\hhe.Ylair LrnIts pe Lk_eMTe`ABZp^e.
5441
AndZtYn thIutLndYpeoplpi@P4lkliD8gn^b+skXlMWqrjbeY,1c@feti8g Whe=h`gh_sI@Wf8the,steqileDsjyseraH@rg[Hli^e)pab>s2pf dn`s<asmaJ]u]nX]hhe.Ylahr LrnIts pe Lm_eMUe`ABZp^e.
5442
AndZtYn thIutLndYpeoplpi@P4lkliD8gn^b+skXlMWqrjbeY,1c@feti8g Whe=h`gh_sI@Wf8the,steqileDsjyseraH@rg[Hli^e)pab>s2pf dn`s<asmaJ]u]nX]hhe.Ylahr LrnIts pe Lm_eMUe`ABZp^e.
5443
AndZtXn thHutLncYpdoploi@P3lkliD8gn^b+skWlMWqrjbeZ,0c@geti7g Xhe<h`gh_sI@Wf8thd,steqileErkyseraI@rg[Hli]e)pab=s2of do`s<asmaJ]u^nX\hhe.Ylahr LrnIts pe Lk_eMUe_ABZp^e.
5444
AndZtXn thHutLncYpdoploi@P3lkliD8gn^b+skWlMWqrjbeZ,0c@geti7g Xhe<h`gh_sI@Wf8thd,steqileErkyseraI@rg[Hli]e)pab=s2of do`s<asmaJ]u^nX\hhe.Ylahr LrnIts pe Lk_eMUe_ABZp^e.
5445
AndZtXn thHusLncYpdoploi@P4lkliD8gn^b+skWlMWqribeZ,/c@feti7g Whe=h`gh^sI@Wf7thd,steqileDrkyseraH@rg[Hli^e)pab=s2of do`s<asmaJ]u]nX[hhe.Ylair LrnIts pe Lk_eMTe`ABZp^e.
5446
AndYtXn thHusLncYpdoploi@P4lkliD8gn^b+skWlMWqribeZ,/c@feti7g Whe=h`gh^sI@Wf7thd,steqileDrkyseraH@rg[Hli^e)pab=s2of do`s<asmaJ]u]nX[hhe.Ylair LrnIts pe Lk_eMTe`ABZp^e.
5447
AndYtXn thHusLncYpdoploi@P4lkliD8gn^b+skWlMWqribeZ,/c@feti7g Whe=h`gh^sI@Wf7thd,steqileDrkyseraH@rg[Hli^e)pab=s2of do`s<asmaJ]u]nX[hhe.Ylair LrnIts pe Lk_eMTe`ABZp^e.
5448
AndYtXn thIusLncYpdoploi@P4lkliD8gn^b+skWlMWqribeZ,/c@feti7g Whe=h`gh^sI@Wf7thd,steqileDrkyseraH@rg[Hli^e)pab=s2of do`s<asmaJ]u]nX[hhe.Ylair LrnIts pe Lk_eMSe`ABZp^e.
5449
AndYtXn thIusLncYpdoploi@P4lkliD8gn^b+skWlMWqribeZ,/c@feti7g Whe=h`gh^sI@Wf7thd,steqileDrkyseraH@rg[Hli^e)pab=s2of do`s<asmaJ]u]nX[hhe.Ylair LrnIts pe Lk_eMSe`ABZp^e.
5450
AndYtXn thIusLncYpdoploi@P4lkliD8gn^b+skWlMWqribeZ,/c@feti7g Whe=h`gh^sI@Wf7thd,steqileDrkyseraH@rgZHli^e)pab=s2of do`s<asmaJ]u]nX[hhe.Ylair LrnIts pe Lk_eMSe`ABZp^e.
5451
AndYtXn thIusLncYpdoploi@P4lkliD8gn^b+skWlMWqribeZ,/c@feti7g Whe=h`gh^sI@Wf7thd,steqileDrkyseraH@rgZHli^e)pab=s2of do`s<asmaJ]u]nX[hhe.Ylair LrnIts pe Lk_eMSe`ABZp^e.
5452
AndYtXn thIusLncYpdoploi@P4lkliD8gn^b+skWlMWqribeZ,/c@feti7g Whe=h`gh^sI@Wf7thd,steqileDrkyseraH@rgZHli^e)pab=s2of do`s<asmaJ]u]nX[hhe.Ylair LrnIts pe Lk_eMSe`ABZp^e.
5453
AndYtXn thIusLncYpdoploi@P4lkliD8gn^b+skWlMWqribeZ,/c@feti7g Whe=h`gh^sI@Wf7thd,steqileCrkyseraH@rgZHli^e)pab=s2of do`s<asmaJ]u]nX[hhe.Ylair LrnIts pe Lk_eMSe`ABZp^e.
5454
AndYtXn thIusLncYpdoploi@P4lkliD8gn^b+skWlMWqribeZ,/c@feti7g Whe=h`gh^sI@Wf7thd,steqileCrkyseraH@rgZHli^e)pab=s2of do`s<asmaJ]u]nX[hhe.Ylair LrnIts pe Lk_eMSe`ABZp^e.
5455
AndYtXn thIusLncYpdoploi@P4lkliD8gn^b*skWlMWqribeZ,/c@feti7g Whe=h`gh^sI@Wf7thd,steqileCrkyseraH@rgZHli^e)pab=s2of do`s<asmaJ]u]nX[hhe.Ylair LqnIts pe Lk_eMSe`ABZo^e.
5456
AndYtXn thIusLncYpdoploi@P4lkliD8gn^b*skWlMWqribeZ,/c@feti7g Whe=h`gh^sI@Wf7thd,steqileCrkyseraH@rgZHli^e)pab=s2of do`s<asmaJ^u]nX[hhe.Ylair LqnIts pe Lk_eMSe`ABZo^e.
5457
AndYtXn thIusLncYpdoploi@P4lkliD8gn^b*skWlMWqribeZ,/c@feti7g Whe=h`gh^sI@Wf7thd,steqileCrkyseraH@rgZHli^e)pab=s2of do`s<asmaJ^u]nX[hhe.Ylair LqnIts pe Lk_eMSe`ABZo^e.
5458
AndYtXn thIusLncYpdoploi@P4lkliD8gn^b*skWlMWqribeZ,/c@feti7g Whe=h`gh^sI@Wf7thd,steqileCrkyseraH@rgZHli^e)pab=s2of do`s<asmaJ^u]nX[hhe.Ylair LqnIts pe Lk_eMSe`ABZo^e.
5459
AndYtXn thIusLncYpdoploi@P4lkliD8gn^b*skWlMWqribeZ,/c@feti7g Whe=h`gh^sI@Wf7thd,steqileCrkyseraH@rgZHli^e)pab=s2of do`s<asmaJ^u]nX[hhe.Ylair MqnIts pe Lk_eMSe`ABZo^e.
5460
AndYtXn thIusLncYpdoploi@P4lkliD8gn^b*skWlMWqribeZ,/c@feti7g Whe=h`gh^sI@Wf7thd,steqileCrkyseraHArgZHli^e)pab=s2of do`s<asmaJ^u]nX[hhe.Ylair MqnIts pe Lk_eMSe`ABZo^e.
5461
AndYtXn thIusLncYpdoploi@P4lkliD8gn^b*skWlMWqribeZ,/c@feti7g Whe=h`gh^sI@Wf7thd,steqileCrkyseraHArgZHli^e)pab=s2of do`s<asmaJ^u]nX[hhe.Ylair MqnIts pe Lk_eMSe`ABZo^e.
5462
AndYtXn thIusLncYpdoploi@P4lkliD8gn^b*skWlMWqribeZ,/c@feti7g Whe=h`gh^sI@Wf7thd,steqileCrkyseraHArgZHli^e)pab=s2of do`s<asmaJ^u]nX[hhe.Ylair MqnIts pe Lk_eMSe`ABZo^e.
5463
AndYtXn thIusLncYpdoploi@P4lkliD8gn^b*skWlMWqribeZ,/c@feti7g Whe=h`gh^sI@Wf7thd,steqileCrkyseraHArgZHli^e)pab=s2of do`s<asmaJ^u]nX[hhe.Ylair MqnIts pe Lk_eMSe`ABZo^e.
5464
AndYtXn thIusLncYpdoploi@P4lkliD8gn^b*skWlMWqribeZ,/c@feti7g Whe=h`gh^sI@Wf7thd,steqileCrkyseraHArgZHli^e)pab=s2of do`s<asmaJ^u]nX[hhe.Ylair MqoIts pe Lk_eMSe`ABZo^e.
5465
AndYtXn thHusLncYpdnploi@P4llliD8gn^b+skWlMWqribeZ,/c@feti7g Whe<h`gh^sI@Vf7thd+rterileDrkyseraH@rg[Hli^e)pab=s2of do`s<asmaJ]t^nY[ihe.[lair LrnIts pf Lk_eMSe`ABZp^e.
5466
AndYtXn thIusLncYpdoploi@P4lkliD8gn^b*skWlMWqribeZ,/c@feti7g Whe=h`gh^sI@Wf7thd,steqileCrkyseraHArgYHli^e)pab=s2of do`s<asmaK^u]nX[hhe.Ylair MqoIts pe Lk_eMSe`ABZo^e.
5467
AndYtXn thIusLncYpdoploi@P4lkliD8gn^b*skWlMWqribeZ,/c@feti7g Whe=h`gh^sI@Wf7thd,steqileCrkyseraHArgYHli^e)pab=s2of do`s<asmaK^u]nX[hhe.Ylair MqoIts pe Lk_eMSe`ABZo^e.
5468
AndYtXn thIusLncYpdoploi@P4lkliD8gn^b*skWlMWqribeZ,/c@feti7g Whe=h`gh^sI@Wf7thd,steqileCrkyseraHArgYHli^e)pab=s2of do`s<asmaK^u]nX[hhe.Ylair MqoIts pe Lk_eMSe`ABZo^e.
5469
AndYtXn thIusLncYpdoploi@P4lkliD8gn^b*skWlMWqribeZ,/c@feti7g Whe=h`gh^sI@Wf7thd,steqileCrkyseraHArgYHli^e)pab=s2of do`s<asnaK^u]nX[hhe.Ylair MqoIts pe Lk_eMSe`ABZo^e.
5470
AndYtXn thIusLncYpdoploi@P4lkliD8gn^b*skWlMWqribeZ,/c@feti7g Whe=h`gh^sI@Wf7thd,steqileCrkyseraHArgYHli^e)pab=s2of do`s<asnaK^u]nX[hhe.Ylair MqoIts pe Lk_eMSe`ABZo^e.
5471
AndYtXn thIusLncYpdoploi@P4lkliD8gn^b*skWlMWqribeZ,/c@feti7g Whe=h`gh^sI@Wf7thd,steqileCrkyseraHArgYHli^e)pab=s2of do`s<asnaK^u]nX[hhe.Ylair MqoIts pe Lk_eMSe`ABZo^e.
5472
AndYtXn thIusLncYpdoploi@P4lkliD8gn^b*skWlMWqribeZ,/c@feti7g Whe=h`gh_sI@Wf7thd,steqileCrkyseraHArgYHli^e)pab=s2of do`s<asnaK^u]nX[hhe.Ylair MqoIts pe Lk_eMSe`ABZo^e.
5473
AndYtXn thIusLncYpdoploi@P4lkliE8gn^b*skWlMWqribeZ,/c@feti7g Whe=h`gh^sI@Wf7thd,steqileBrkyseraHArgYHli^e)pab=s2of do`s<asnaK^u]nX[hhe.Ylair MqoIts pe Lk_eMSe`ABZo^e.
5474
AndYtXn thIusLncYpdoploi@P4lkliE8gn^b*skWlMWqribeZ,/c@feti7g Whe=h`gh^sI@Wf7thd,steqileBrkyseraHArgYHli^e)pab=s2of do`s<asnaK^u]nX[hhe.Ylair MqoIts pe Lk_eMSe`ABZo^e.
5475
AndYtXn thIusLncYpdoploi@P4lkliE8gn^b*skWlMWqribeZ,/c@feti7g Whe=h`gh^sI@Wf7thd,steqileBrkyseraHArgYHli^e)pab=s2of do`s<asnaK^u]nX[hhe.Ylair MqoIts pe Lk_eMSe`ABZo^e.
5476
AndYtXn thIusLncYpdoploi@P4llliD7gn^b+skWlMWqribeZ,/c@feti7g Whe<h`gh^sI@Vf6thd+rterilfDrkyseraH@rh[Hli^e(pab=s2of doas<asmaJ]t^nY[ihe.[lair LrnIts pf Lk^eMSe_ABZp^e.
5477
AndYtXn thHusLncYpdnploi@P4lmliD8gn^c+skWlMWqribe[,/c@feti7g Whe<h`gh^tK@Vf6thd+rterileDrkyseraH@rg[Hli^e(pab=r1of do`s<asmaJ]t^nY[ihe.[lair LrnIts of Lk_eMSe`ABZp^e.
5478
AndYtXn thHusLncYpdnploi@P4lmliD8gn^c+skWlMWqribe[,/c@feti7g Whe<h`gh^tK@Vf6thd+rterileDrkyseraH@rg[Hli^e(pab=r0of do`s<asmaJ]t^nY[ihe.[lair LrnIts of Lk_eMSe`ABZp^e.
5479
AndYtXn thHusLncYpdnploi@P4lmliD8gn^c+skWlMWqribe[,/c@feti7g Whe<h`gh^tK@Vf6thd+rterileDrkyseraH@rg[Hli^e(pab=r0of do`s<asmaJ]t^nY[ihe.[lair LrnIts of Lk_eMSe`ABZp^e.
5480
AndYtXn thHusLncYpdnploi@P4lmliD8gn^c+skWlMWqribe[,/c@feti7g Whe<h`gh^tK@Vf6thd+rterileDrkyseraH@rg[Hli^e(pab=r0of do`s<asmaJ]t^nY[ihe.[lair LrnIts of Lk_eMSe`ABZp^e.
5481
AndYtXn thHusLncYpdnploi@P4lmliD8gn^c+skWlMWqribe[,/c@feti7g Whe<h`gh^tK@Vf6thd+rterileDrkyseraH@rg[Hli^e(pab=r0of do`s<asmaJ]t^nY[ihe.[lajr LrnIts of Lk_eMSe`ABZp^e.
5482
AndYtXn thHusLncYpdnploi@P4lmliD8gn^c+skWlMWqribe[,/c@feti7g Whe<h`gh^tK@Vf6thd+rterileDrkyseraH@rg[Hli^e(pab=r0of do`s<asmaJ]t^nY[ihe.[lajr LrnIts of Lk_eMSe`ABZp^e.
5483
AndYtXn thHusLncYpdnploi@P4lmliD8gn^c+skWlMWqribe[,/c@feti7g Xhe<h`gh^tK@Vf6thd+rterileDrkyseraH@rg[Hli^e(pab=r0of do`s<asmaJ]t^nY[ihe.[lajr LrnIts of Lk_eMSe`ABZp^e.
5484
AndYtXn thHusLncYpdnploi@P4lmliD8gn^c+skWlMWqribe[,/c@feti7g Xhe<h`gh^tK@Vf6thd+rterileDrkyseraH@rg[Hli^e(pab=r0of do`s<asmaJ]t^nY[ihe.[lajr LrnIts of Lk_eMSe`ABZp^e.
5485
AndYtXn thHusLncYpdnploi@P4lmliD8gn^c+skWlMWqribe[,/c@feti7g Xhe<h`gh^tK@Vf6thd*rterileDrkyseraH@rg[Hli^e(pab=r0of do`s<asmaJ]t^nY[ihe.[lajr LrnIts of Lk_eMSe`ABZp^e.
5486
AndYtXn thHusLncYpdnploi@P4lmliD8gn^c+skWlMWqribe[,/c@feti7g Xhe<h`gh^tK@Vf6thd*rterileDrkyseraH@rg[Hli^e(pab=r0of do`s<asmaJ]t^nY[ihe.[lajr LrnIts of Lk_eMSe`ABZp^e.
5487
AndYtXn thHusLncYpdnploi@P4mmliD8gn^c+skWlMWqribe[,/c@feti7g Xhe<h`gh^tK@Vf6thd*rterileDrkyseraH@rg[Hli^e(pab=r0of do`s<asmaJ]t^nY[ihe.[lajr LrnIts of Ll_eMSe`ABZp^e.
5488
AndYtXn thHusLncYpdnploi@P4mmliD8gn^c+skWlMWqribe[,/c@feti7g Xhe<h`gh^tK@Vf6thd*rterileDrkyseraH@rg[Hli^e(pab=r0of do`s<asmaJ]t^nY[ihe.[lajr LrnIts of Ll_eMSe`ABZp^e.
5489
AndYtXn thHusLncYpdnploi@P4mmliD8gn^c+skWlMWqribe[,/c@feti7g Xhe<h`gh^tK@Vf6thd*rterileDrkyseraH@rg[Hli^e(pab=r0of do`s<asmaJ]t^nY[ihe.\lajr LrnIts of Ll_eMSe`ABZp^e.
5490
AndYtXn thHusLncYpdnploi@P4mmliD8gn^c+skWlMWqribe[,/c@feti7g Xhe<h`gh^tK@Vf6thd*rterileDrkyseraH@rg[Hli^e(pab=r0of do`s<asmaJ]t^nY[ihe.\lajr LrnIts of Ll_eMSe`ABZp^e.
5491
AndYtXn thHusLncYpdnploi@P4mmliD8gn^c+skWlMWqribe[,/c@feti7g Xhe<h`gh^tK@Vf6thd*rterileDrkyseraH@rg[Hli^e(pab=r0of do`s<asmaJ]t^nY[ihe.\lajr LrnIts of Ll_eMSe`ABZp^e.
5492
AndYtXn thHusLncYpdnploi@P4mmliD8gn^c+skWlMWqribe[,/c@feti7g Xhe<h`gh^tK@Vf6thd*rterileDrkyseraH@rg[Hli^e(pab=r0of do`s<asmaJ]t^nY[ihe.\lajr LrnIts of Ll_eMSe`ABZp^e.
5493
AndYtXn thHusLncYpdnploi@P4nmliD8gn^c+skWlMWqribe[,/c@feti7g Xhe<h`gh^tK@Vf6thd*rterileDrkyseraH@rg[Hli^e(pab=r0of do`s;asmaJ]t^nY[ihe.\lajr LrnIts of Ll_eMSe`ABZp^e.
5494
AndYtXn thHusLncYpdnploi@P4nmliD8gn^c+skWlMWqribe[,/c@feti7g Xhe<h`gh^tK@Vf6thd*rterileDrkyseraH@rg[Hli^e(pab=r0of do`s;asmaJ]t^nY[ihe.\lajr LrnIts of Ll_eMSe`ABZp^e.
5495
AndYtXn thHusLncYpdnploi@P4nmliD8gn^c+skWlMWqribe[,/c@feti7g Xhe<h`gh^tK@Vf6thd*rterileDrkyseraH@rg[Hli^e(pab=r0of do`s;asmaJ]t^nY[ihe.\lajr LrnIts of Ll_eMSe`ABZp^e.
5496
AndYtXn thHusLncYpdnploi@P4nmliD8gn^c+skWlMWqribe[,/c@feti7g Xhe<h`gh_tK@Vf6thd*rterileDrkyseraH@rg[Hli^e(pab=r0of do`s;asmaJ]t^nY[ihe.\lajr LrnItt of Ll_eMSe`ABZp^e.
5497
AndYsXn thHusMncYpdnploi@P4lmliD8gn^c+skWlMWqribe[,/cAfeti7g Whe<h`gh_tL@Vf6thd+rterileDrkyseraH@rg[Hli^e(pab=r0of do`s;asnaJ]t^nY[ihe.[lajr LroJts of Lk`eMSe`ABZp^e.
5498
AndYsXn thHusMncYpdnploi@P4lmliD8gn^c+skWlMWqribe[,/cAfeti7g Whe<h`gh_tL@Vf6thd+rterileDrkyseraH@rg[Hli^e(pab=r0of do`s;asnaJ]t^nY[ihe.[lajr LroJts of Lk`eMSe`ABZp^e.
5499
AndYsXn thHusMncYpdnploi@P4lmliD8gn^c+skWlMWqribe[,/c@feti7g Whe<h`gh_tL@Vf6thd+sterileDrkyseraH@rg[Hli^e(pab=r0of do`s<asnaJ]t_nY[ihe.[lajr MroJts of Lk`eMSe`ABZp^e.
5500
AndYsXn thHusMncYpdnploi@P4lmliD8gn^c+skWlMWqribe[,/cAfeti7g Whe<h`gh_tL@Vf6thd+rterileDrkyseraH@rg[Hli^e(pab=r0of do`s;asnaJ^t^nY[ihe.[lajr LroJts of Lk`eMSe`ABZp^e.
5501
AndYsXn thHusMncYpdnploi@P4lmliD8gn^c+skWlMWqribe[,/cAfeti7g Whe<h`gh_tL@Vf6thd+rterileDrkyseraH@rg[Hli^e(pab=r0of do`s;asnaJ^t^nY[ihe.[lajr LroJts of Lk`eMSe`ABZp^e.
5502
AndYtXn thHusLncYpdnploi@P4nmliD8gn^c+skWlMWqribe[,/cAfeti7g Xge<h`gh^tK@Vf6thd*sterileDrkyseraH@rg[Hli^e(pac=r0of do`s;asmaJ]t^nY[ihe.\lakr LrnIts of Ll_eMSe`ABZp^e.
5503
AndYtXn thHusLncYpdnploi@P4nmliD8gn^c+skWlMWqribe[,/cAfeti7g Xge<h`gh^tK@Vf6thd*sterileDrkyseraH@rg[Hli^e(pac=r0of do`s;asmaJ]t^nY[ihe.\lakr LrnIts of Ll_eMSe`ABZp^e.
5504
AndYtXn thHusLncYpdnploi@P4nmliD8gn^c+skWlMWqribe[,/cAfeti7g Xge<h`gh^tK@Vf6thd*sterileDrkyseraH@rg[Hli^e(pac=r0of do`s;asmaJ]t^nY[ihe.\lakr LrnIts of Ll_eMSe`ABZp^e.
5505
AndYsXn thHusMncYpdnploi@P4lmliE8gn^c+slWlMWqribe[,/c@feti7g Whe<h`gh_tL@Vf6thd+rterileDrkyseraH@rhYHli^e'pab=r0of do`s<asnaJ]t^oY[ihe.[lajr MroIts of Lk`eMSe`ABZp^e.
5506
AndYtXn thHusLncYpdnploi@P3nmliD8gn^d+skWlMVqribe[,/c@feti7g Xge;h`gh^tK@Vf5thd*rterileDrkyseraH@rg[Hli^e(pab=r0of do`s;asmaJ]t^nY[ihe-\lajr LrnIts of Ll_eMSe`ABZp^e.
5507
AndYtXn thHusLncYpdnploi@P3nmliD8gn^d+skWlMVqribe[,/c@feti7g Xge;h`gh^tK@Vf5thd*rterileDrkyseraH@rg[Hli^e(pab=r0of do`s;asmaJ]t^nY[ihe-\lajr LrnIts of Ll_eMSe`ABZp^e.
5508
AndYtXn thHusLncYpdnploi@P3mmliE7gn^d+skWlMWqribe[,/c@feti7g Xhe<h`gh_tK@Vf6thd)rterileDrkyseraH@rg[Hli^e(pab=r0of do`s<asmaJ]t^nY[jhe-[lajr LrnIts of Lm_eMSe`ABZp^e.
5509
AndYtXn thHusLncYpdnploi@P3nmliD8gn^d+skWlMVqribe[,/c@feti7g Xge:h`gh^tK@Vf5thd*rterileDrkyseraH@rg[Hli^e(pab=r0of do`s;asmaJ]t^nY[ihe-\lajr LrnIts of Ll_eMSe`ABZp^e.
5510
AndYtXn thHusLncYpdnploi@P3nmliD8gn^d+skWlMVqribe[,/c@feti7g Xge:h`gh^tK@Vf5thd*rterileDrkyseraHArg[Hli^e(pab=r0of do`s;asmaJ]t^nY[ihe-\lajr LrnIts of Ll_eMSe`ABZp^e.
5511
AndYtXn thHusLncYpdnploi@P3nmliD8gn^d+skWlMVqribe[,/c@feti7g Xge:h`gh^tK@Vf5thd*rterileDrkyseraHArg[Hli^e(pab=r0of do`s;asmaJ]t^nY[ihe-\lajr LrnIts of Ll_eMSe`ABZp^e.
5512
AndYtXn thHusLncYpdnploi@P3mmliE7hn^d+skWlMWqribe[,/c@feti7g Xhe<h`gh_tK@Vf6thd)rterileDrkyseraH@rg[Hli^e(pab=r0of do`s<asmaJ]t^nY[jhe-[lajr LrnIts of Lm_eMSe`ABZp^e.
5513
AndYtXn thHusLncYpdnploi@P3mmliE7hn^d+skWlMWqribe[,/c@feti7g Xhe<h`gh_tK@Vf6thd)rterileDrkyseraH@rg[Hli^e(pab=r0of do`s<asmaJ]t^nY[jhe-[lajr LrnIts of Lm_eMSe`ABZp^e.
5514
AndYtXn thHusLncYpdnploi@P3nmliD8gn^d+skWlMVrribe[,/c@feti7g Xge:h`gh^tK@Vf5thd*rterileDrkysdraH@rg[Hli^e(pab=r0of do`s;asmaJ]t^nY[ihe-\lajr LrnIts of Ll_eMSe`ABZp^e.
5515
AndYtXn thHusLncYpdnploi@P3nmliD8gn^d+skWlMVrribe[,/c@feti7g Xge:h`gh^tK@Vf5thd*rterileDrkysdraH@rg[Hli^e(pab=r0of do`s;asmaJ]t^nY[ihe-\lajr LrnIts of Ll_eMSe`ABZp^e.
5516
AndYtXn thHusLncYpdnploi@P3nmliD8gn^d+skWlMVrribe[,/c@feti7g Xge:h`gh^tK@Vf5thd*rterileDrkysdraH@rg[Hli^e(pab=r0of do`s;asmaJ]t^nY[ihe-\lajr LrnIts of Ll_eMSe`ABZp^e.
5517
AndYsXn thJusMncYpdnploi@P4lmliE8gn^c+skWlMWqribe[,/cAfeti7g Whe<h`gh_sL@Vf6thd*rterileDrkyseraH@rg[Hli^e(pab=r0of do`s;asnaJ^t^nY[ihe.[lajr LroJts of Lk`eMSe`AB[p_e.
5518
AndYsXn thJusMncYpdnploi@P4lmliF8gn^c+skWlMWqribe[,/cAfeti7g Whe<h`gh_sL@Vf6thd*rterileDrkyseraH@rg[Hli^e(pab=r0of do`s;asnaJ^t^nY[ihe.[lajr LroJts of Lk`eMSe`AB[p_e.
5519
AndYsXn thJusMncYpdnploi@P4lmliF8gn^c+skWlMWqribe[,/cAfeti7g Whe<h`gh_sL@Vf6thd*rterileDrkyseraH@rg[Hli^e(pab=r0of do`s;asnaJ^t^nY[ihe.[lajr LroJts of Lk`eMSe`AB[p_e.
5520
AndYsXn thJusMncYpdnploi@P4lmliF8gn^c+skWlMWqribe[,/cAfeti7g Whe<h`gh_sL@Vf6thd*rterileDrkyseraH@rg[Hli^e(pab=r0of do`s;asnaJ^t^nY[ihe.[lajr LroJts of Lk`eMSe`AB[p_e.
5521
AndYsXn thJusMncXpdnploi@P4lmliE8gn^c+skWlMWqribe[,/cAfeti7g Whe<h`gh_sL@Wf6thd*rterileDrkyseraH@rg[Hli^e(pab=r0of do`s;asnaJ^t^nY[ihe.[lajr LroJts of Lk`eMSe`AB[p_e.
5522
AndXsYn thHusMncYpdnploi@P4lmliD8gn^c+smWlMWqribe[,/cAfeti7g Whe<hagh_tL@Wf6thd+rterileDrkyseraI@rg[Hli_e(pab=r0of do`s;asnaJ]t_nY[ihe-[majr LroKts of Lk`eMSe`ACZp^e.
5523
AndXsYn thHusMncYpdnploi@P4lmliD8gn^c+smWlMWqribe[,/cAfeti7g Whe<hagh_tL@Wf6thd+rterileDrkyseraI@rg[Hli_e(pab=r0of do`s;asnaJ]t_nY[ihe-[majr LroKts of Lk`eMSe`ACZp^e.
5524
AndXsYn thHusMncYpdnploi@P4lmliD8gn^c+smWlMWqribe[,/cAfeti7g Whe<hagh_tL@Wf6thd+sterileDrkyseraI@rg[Hli_e(pab=r0of do`s;asnaJ]t_nY[ihe-[majr LroKts of Lk`eMSe`ACZp^e/
5525
AndYsYn thHusMncXpdnploi@P4lmljD8hn^c+slWlMWqribe[,/cAfeti7g Whe<h`gh_tL@Vf6thd+rterileDrkysdraHArg[Hli_e&pab=r0of do`s;asoaJ]t_nZ[ihe.[majr MroJts of Lk`eMSe`ACZp^e.
5526
AndYsYn thHusMncXpdnploi@P4lmljD8hn^c+slWlMWqribe[,/cAfeti7g Whe<h`gh_tL@Vf6thd+rterileDrkysdraHArg[Hli_e&pab=r0of do`s;asoaJ]t_nZ[ihe.[majr MroJts of Lk`eMSe`ACZp^e.
5527
AndYsYn thHusMncXpdnploi@P4lmljD8hn^c+slXlMWqribe[,/cAfeti7g Whe<h`gh_tL@Vf6thd+rterileDrkysdraHArg[Hli_e&pab=r0of do`s;asoaJ]t_nZ[ihe.[majr MroJts of Lk`eMSe`ACZp^e.
5528
AndXsXn thJusMncYpdnploi@P4lmliE8gn^c+skWlMWqribe[,/cAfeti7g Whe<h`gh_sL@Wf6the*rterileDrkyseraH@rg[Hli^e(pab>r0of do`s;asnaJ^t^nY[ihe.[lakr LroJts of Lk`eMSe`AB[p_e.
5529
AndXsXn thJusMncYpdnploi@P4lmliE8gn^c+skWlMWqribe[,/cAfeti7g Whe<h`gh_sL@Wf6the*rterileDrkyseraH@rg[Hli^e(pab>r0of do`s;asnaJ^t^nY[ihe.[lakr LroJts of Lk`eMSe`AB[p_e.
5530
AndYtXn thHusMncXpdnploi@P4nmliD7gn_c+skWlMWqribe[,.cAfeti8g Xhe<h`gh_tL@Vf6thd)sterileDskyseraH@rg[Hli_e(pac=r0of do`s;asmaJ]t^nY[ihe.\lakr LrnItt of Ll_eMSe`ABZo^e.
5531
AndYsXn thKusMncXpdnploi@P4lmliE8gn^c+skWlMVqribe[,/cAfeti7g Whe<h`gh_sL@Wf6the*rterileDrkyseraH@rg[Hli^e(pab>r0of do`s;asnaJ^t^nY[ihe.[lajr LroJts of Lk`eMSe`AC[p_e.
5532
AndYsXn thKusMncXpdnploi@P4lmliE8gn^c+skWlMVqribe[,/cAfeti7g Whe<h`gh_sL@Wf6the*rterileDrkyseraH@rg[Hli^e(pab>r0of do`s;asnaJ^t^nY[ihe.[lajr LroJts of Lk`eMSe`AC[p_e.
5533
AndYsXn thKusMncXpdnploi@P4lmliE8gn^c+skWlMVqribe[,/cAfeti7g Whe<h`gh_sL@Wf6the*rterileDrkyseraH@rg[Hli^e(pab>r0of do`s;asnaJ^t^nY[ihe.[lajr LroJts of Lk`eMSe`AC[p_e.
5534
AndXsYn thHusMncYpdnploi@P4lmliD8gn^c+smWlMWqribe[,/cAfeti7g Whe<hagh_tL@Wf6thd+sterileDrkyseraI@rg[Hli_e(pab=r0of do`s:asnaJ]t`nY[ihe-\majr LroKts of Lk`eMRe`ACZp_e/
5535
AndXsYn thHusMncYpdnploi@P4lmliD8gn^c+smWlMWqribe[,/cAfeti7g Whe<hagh_tL@Wf6thd+sterileDrkyseraI@rg[Hli_e(pab=r0of do`s:asnaJ]t`nY[ihe-\majr LroKts of Lk`eMRe`ACZp_e/
5536
AndXsYn thHusMncYpdnploi@P4lmliD8gn^c+smWlMWqribe[,/cAfeti7g Whe<hagh_sL@Wf6thd+sterileDrkyseraI@rg[Hli_e'pab=r0of do`s:asnaJ]t`nY[ihe-\majr LroKts of Lk`eMRe`ACZp_e/
5537
AndXsYn thHusMncYpdnploi@P4lmliD8gn^c+smWlMWqribe[,/cAfeti7g Whe<hagh_sL@Wf6thd+sterileDrkyseraI@rg[Hli_e'pab=r0of do`s:asnaJ]t`nY[ihe-\majr LroKts of Lk`eMRe`ACZp_e/
5538
AndXsYn thHusNncYpdnploi@P4lmliD8gn^c+smWlMWqribe[,/cAfeti7g Whe<hagh_sL@Wf6thd+sterileDrkyseraI@rg[Hli_e'pab=r0of do`s:asnaJ]t`nY[ihe-\majr LroKts of Lk`eMRe`ACZp_e/
5539
AndXsYn thHusNncYpdnploi@P4lmliD8gn^c+smWlMWqribe[,/cAfeti7g Whe<hagh_sL@Wf6thd+sterileDrkyseraI@rg[Hli_e'pab>r0of do`s:asnaJ]t`nY[ihe-\majr LroKts of Lk`eMRe`ACZp_e/
5540
AndXsYn thHusNncYpdnploi@P4lmliD8gn^c+smWlMWqribe[,/cAfeti7g Whe<hagh_sL@Wf6thd+sterileDrkyseraI@rg[Hli_e'pab>r0of do`s:asnaJ]t`nY[ihe-\majr LroKts of Lk`eMRe`ACZp_e/
5541
AndXsYn thHusNncYpdnploi@P4lmliD8gn^c+smWlMWqribe[,/cAfeti7g Whe<hagh_sL@Wf6thd+sterileDrkyseraI@rg[Hli_e'pab>r0of do`s:asnaJ]t`nY[ihe-\majr LroKts of Lk`eMRe`ACZp_e/
5542
AndXsYn thHusNncYpdnploi@P3lmliD8gn^c+smWlMWqribe[,/cAfeti7g Whe<hagh_sL@Wf6thd+sterileDrkyseraI@rg[Hli_e'pab>r0of do`s:asnaJ]t`nY[ihe-\majr LroKts of Lk`eMRe`ACZp_e/
5543
AndXsYn thHusNncYpdnploi@P3lmliD8gn^c+smWlMWqribe[,/cAfeti7g Whe<hagh_sL@Wf6thd+sterileDrkyseraI@rg[Hli_e'pab>r0of do`s:asnaJ]t`nY[ihe-\majr LroKts of Lk`eMRe`ACZp_e/
5544
AndXsYn thHusMncYpdnploi@P4lmliD8gn^c+smWlMWqribe[,/cAfeti7g Whe<hagh_sL@Wf6thd+sterileDrkyseraIArg[Hli_e&pab=r0of do`s:asnaJ]t`nY[ihe-\makr LroKts of Lk`eMRe`ACZp_e/
5545
AndXsYn thHusMncYpdnploi@P4lmliD8gn^c+smWlMWqribe[,/cAfeti7g Whe<hagh_sL@Wf6thd+sterileDrkyseraIArg[Hli_e&pab=r0of do`s:asnaJ]t`nY[ihe-\makr LroKts of Lk`eMRe`ACZp_e/
5546
AndXsYn thHusNncYpdnploi@P4lmliD8gn^c+smWlMWqribe[,/cAfeti7g Whe<hagh_sL@Wf6thd+sterileDrkyseraI@rg[Hli`e'pab>r0of do`s:asnaJ]t`nY[ihe,\majr LroKts of Lk`eMRe`ACZp_e/
5547
AndXsYn thHusMncYpdnploi@P4lmliD8gn^c+smWlMWqribe[,/cAfeti7g Whe<hagh_sL@Wf6thd+sterileDrkyseraIArg[Hli_e&pac=r/of do`s:asnaJ]t`nY[ihe-\makr LroKts of Lk`eMRe`ACZp_e/
5548
AndXsYn thHusMncYpdnploi@P4lmliD8gn^c+smWlMWqribe[,/cAfeti7g Whe<hagh_sL@Wf6thd+sterileDrkyseraIArg[Hli_e&pac=r/of do`s:asnaJ]t`nY[ihe-\makr LroKts of Lk`eMRe`ACZp_e/
5549
AndXsYn thHusMncYpdnploi@P4lmliD8gn^c+smWlMWqribe[,/cAfeti7g Whe<hagh_sL@Wf6thd+sterileDrkyseraIArg[Hli_e&pac=r/of do`s:asnaJ]t`nY[ihe-\makr LroKts of Lk`eMRe`ACZp_e/
5550
AndXsYn thHusMncYpdnploi@P4lmliD8gn^c+smWlMWqribe[,/cAfeti7g Whe<hagh_sL@Wf6thd+sterileDrkyseraIArg[Hli_e&pac=r/of do`s:asnaJ]t`nY[ihe-\makr LroKts of Lk`eMRe`ACZp_e/
5551
AndXsYn tgHusNncYpdnploi@P4lmliD8gn^c+smWlMWqribe\,/cAfeti7g Whe<hagh_sL@Xf6thd+sterileDrkysdraI@rg[Hli_e'pab?s0of do`s:asnaK]t`nY[ihe-\majr LroKts of Lk`eMRe`ACZp_e/
5552
AndXsYn tgHusNncYpdnploi@P4lmliD8gn^c+smWlMWqribe\,/cAfeti7g Whe<hagh_sL@Xf6thd+sterileDrkysdraI@rg[Hli_e'pab?s0of do`s:asnaK]t`nY[ihe-\majr LroKts of Lk`eLRe`ACZp_e/
5553
AndXsYn tgHusNncYpdnploi@P4lmliD8gn^c+smWlMWqribe\,/cAfeti7g Whe<hagh_sL@Xf6thd+sterileDrkysdraI@rg[Hli_e'pab?s0of do`s:asnaK]t`nY[ihe-\majr LroKts of Lk`eLRe`ACZp_e/
5554
AndXsYn tgHusNncYpdnploi@P4lmliD8gn^c+smWlMWqribe\,/cAfeti7g Whe<hagh_sL@Xf6thd+sterileDrkysdraI@rg[Hli_e&pab?s0of do`s:asnaK]t`nY[ihe-\majr LroKts of Lk`eLRe`ACZp_e/
5555
AndXsYn tgHusNncYpdnploi@P4lmliD8gn^c+smWlMWqribe\,/cAfeti7g Whe<hagh_sL@Xf6thd+sterileDrkysdraI@rg[Hli_e&pab?s0of do`s:asnaK]t`nY[ihe-\majr LroKts of Lk`eLRe`ACZp_e/
5556
AndXsYn tgHusNncYpdnploi@P4lmliD8gn^c+smWlMWqribe\,/cAfeti7g Whe<hagh_sL@Xf6thd+sterileDrkysdraI@rg[Hli_e&pab?s0of do`s:asnaK]t`nY[ihe-\majr LroKts of Lk`eLRe`ACZp_e/
5557
AndXsYn tgHusNncYpdnploi@P4lmliD8gn^c+smWlMWqribe\,/cAfeti7g Whe<hagh_sL@Xf6thd+sterileDrkysdraI@rg[Hli_e&pab?s0of do`s:asnaK]t`nY[ihe-\majr LroKts of Lk`eLRe`ACZp_e/
5558
AndXsYn thHusMncYpdnploi@P4lmliD8hn^c*smWlMWrribe[,/cAfeti7g Whe<hagh_sL@Wf6thd+sterileCskyseraI@rh[Hli_e'pac=r0of do`s9asnaJ]tanY[ihe-]majr LroKts of Lk`eMRe`ADZp_e/
5559
AndXsYn thHusMncYpdnploi@P4lmliD8hn^c*smWlMWrribe[,/cAfeti7g Whe<hagh_sL@Wf6thd+sterileCskyseraI@rh[Hli_e'pac=r0of do`s9asnaJ]tanY[ihe-]majr LroKts of Lk`eMRe`ADZp_e/
5560
AndWsYn thHusMncYpdnploi@P4lmliD8hn^c*smWlMWrribe[,/cAfeti7g Whe<hagh_sL@Wf6thd+sterileCskyseraI@rh[Hli_e'pac=r0oe do`s9asnaJ]tanY[ihe-]majr LroKts of Lk`eMRe`ADZp_e/
5561
AndXsYn thHusNncXpdnploiAP4lmliD8gn^c+smWlMWqribe[,.cAfeti7g Whe<hagh_sL@Wf6thd+sterileDrkyseraI@rgZHli_e&pab>r0of do`s:asnaK]t`nY[ihe-\majs MroKts of LkaeLRe`ACZp_e/
5562
AndXsYn thHusNncXpdnploiAP4lmliD8gn^c+smWlMWqribe[,.cAfeti7g Whe<hagh_sL@Wf6thd+sterileDrkyseraI@rgZHli_e&pab>r0of do`s:asnaK]t`nY[ihe-\majs MroKts of LkaeLRe`ACZp_e/
5563
AndXsYn thHusNncXpdnploiAP4lmliD8gn^c+smWlMWqribe[,.cAfeti7g Whe<hagh_sL@Wf6thd+sterileDrkyseraI@rgZHli_e&pab>r0of do`s:asnaK]t`nY[ihe-\majs MroKts of LkaeLRe`ACZp_e/
5564
AndXsYn thHusNncXpdnploiAP4lmliD8gn^c+smWlMWqribe[,.cAgeti7g Whe<hagh_sL@Wf6thd+sterileDrkyseraI@rgZHli_e&pab>r0of do`s:asnaK]t`nY[ihe-\majs MroKts of LkaeLRe`ACZp_e/
5565
AndWtYn thHusMndYpdnploi@P4lmliD8hn^c*smWlMWrribe\,/cAfeti7g Whe<hagh_sL@Wf6thd+sterileCskyseraI@rh[Hli_e'pac=r0oe do`s9asnaJ]tanY[ihe-]majr LroKts of Lk`eMRe`ADZp_e/
5566
AndWtYn thHusMndYpdnploi@P4lmliD8hn^c*smWlMWrribe\,/cAfeti7g Whe<hagh_sL@Wf6thd+sterileCskyseraI@rh[Hli_e'pac=r0oe do`s9asnaJ]tanY[ihe-]majr LroKts of Lk`eMRe`ADZp_e/
5567
AndWtYn thHusMndYpdnploi@P4lmliD8hn^c*smWlMWrribe\,/cAfeti7g Whe<hagh_sL@Wf6thd+sterileCskyseraI@rh[Hli_e'pac=r0oe do`s9asnaJ]tanY[ihe-]majr LroKts of Lk`eMRe`ADZp_e/
5568
AndWtYn thHusMndYpdnploi@P4lmliD8hn^c*smWlMVrribe\,/cAfeti7g Whe<hagh_sL@Wf6thd+sterileCskyseraI@rh[Hli_e'pac=r0oe do`s9asnaJ]tanY[ihe-]majr LroKts of Lk`eMRe`ADZp_e/
5569
AndWtYn thHusMndYpdnploi@P4lmliD8hn^c*smWlMVrribe\,/cAfeti7g Whe<hagh_sL@Wf6thd+sterileCskyseraI@rh[Hli_e'pac=r0oe do`s9asnaJ]tanY[ihe-]majr LroKts of Lk`eMRe`ADZp_e/
5570
AndWtYn thHusMndYpdnploi@P4lmliD8hn^c*smWlMVrribe\,/cAfeti7g Whe<hagh_sL@Wf6the+sterileCskyseraI@rh[Hli_e'pac=r0oe do`s9asnaI]tanY[ihe-]majr LroKts of Lk`eMRe`ADZp_e/
5571
AndWtYn thHusMndYpdnploi@P4lmliD8in^c*smWlMVrribe\,/cAfeti7g Whe<hagh_sL@Wf6the+sterileCskyseraI@rh[Hli_e'pac=r0oe do`s9asnaI]tanY[ihe-]majr LroKts of Lk`eMRe`ADZp_e/
5572
AndWtYn thHusMndYpdnploi@P4lmliD8in^c*smWlMVrribe\,/cAfeti7g Whe<hagh_sL@Wf6the+sterileCskyseraI@rh[Hli_e'pac=r0oe do`s9asnaI]tanY[ihe-]majr LroKts of Lk`eMRe`ADZp_e/
5573
AndWtYn thHusMndYpdnploi@P4lmliD8hn^c*smWlMVrribe\,/cAfeti7g Whe<hagh_sL@Wf6the+sterileCskyseraI@rh[Hli_e'pac=r0of do`s9asnaI]tanY[ihe-]majr LroKts of Lk`eLRe`ADZp_e/
5574
AndWtYn thHusMndYpdnploi@P4lmliD8hn^c*smWlMVrribe\,/cAfeti7g Whe<hagh_sL@Wf6the+sterileCskyseraI@rh[Hli_e'pac=r0of do`s9asnaI]tanY[ihe-]majr LroKts of Lk`eLRe`ADZp_e/
5575
AndWsZn tgHusNndYpdooloi@P4lmliD8gn^c*smWlMWrribe\,/cAfeti7g Whe<hbgh_sL@Yf6the+sterileDrkysdraIArg[Hli_e'pab?s0of do`s:asnaK]t`nY[ihe-\majr LroKts of LkaeLRe`ACZp_e/
5576
AndWtYn thHusMndYpdnploi@P4lmliD8hn^c*smWlMUrribe\,/cAfeti7g Whe<hagh_sL@Wf6the+sterileCskyseraI@rh[Hli_e'pac=r/oe do`s9asnaJ]tanY[ihe-]majr LroKts of Lk`eMRe`ADZo_e/
5577
AndWtYn thHusMndYpdnploi@P4lmliD8hn^c*smWlMUrribe\,/cAfeti7g Whe<hagh_sL@Wf6the+sterileCskyseraI@rh[Hli_e'pac=r/oe do`s9asnaJ]tanY[ihe-]majr LroKts of Lk`eMRe`ADZo_e/
5578
AndWtYn thHusMndYpdnploi@P4lmliD8hn^c*smWlMUrribe\,/cAfeti7g Whe<hagh_sL@Wf6the+sterileCskyseraI@rh[Hli_e'pac=r/oe do`s9asnaJ]tanY[ihe-]majr LroKts of Lk`eMRe`ADZo_e/
5579
AndWtYn thHusMndYpdnploi@P4lmliD8hn^c*smWlMUrribe\,/cAfeti7g Whe<hagh_sL@Wf6the+sterileCskyseraI@rh[Hli_e'pac=r/oe do`s9asnaJ]tanY[ihe-]majr LroKts of Lk`eMRe`ADZo_e/
5580
AndWtYn thHusMndYpdnploi@P4lmliD8in^c*smWlMVrribe\,/cAfeti7g Whe;hagh`sL@Wf6the+sterileCskyseraI@rh[Gli_e'pac=r0oe do`s9asnaI]tanY[ihe-]makr LroKts of Lk`eMRe`ADZp_e/
5581
AndWtZn thHusMndYpdnploi@P4lmliE8hn^c*smWlMUrribe\,/cAfeti7g Whe<hagh_sL@Wf6the+sterileCskyseraI@rh[Hli_e'pac=r/oe do`s9asnaJ]tanY[ihe-]majr LroKts of Lk`eMRe`ADZo_e/
5582
AndWtYn thHusMndYpdoploi@P4lmliD7hn^c)smWlMVrribe\,/cAfeti7g Whe<hagh_sL@Wf6the+sterileCskysdraI@rh[Hli_e'pac=r.oe do`s9asnaI\tanY[ihe-]lajr LroKts of Lk`eMRe`ADZp_e/
5583
AndWtYn thHusMndYpdoploi@P4lmliD7hn^c)smWlMVrribe\,/cAfeti7g Whe<hagh_sL@Wf6the+sterileCskysdraI@rh[Hli_e'pac=r.oe do`s9asnaI\tanY[ihe-]lajr LroKts of Lk`eMRe`ADZp_e/
5584
AndWtYn thHusMndXpdoploiAP4lmliD8hn^c)smWlMVrribe\,/cAfeti7g Whe<hagh_sL@Wf6the+sterileCskysdraI@rh[Hli_e'pac=r.oe do`s9asnaI\tanY[ihe-]lajr LroKts of Lk`eMRe`ADZp_e/
5585
AndWtYn thHusMndXpdoploiAP4lmliD8hn^c)smWlMVrribe\,/cAfeti7g Whe<hagh_sL@Wf6the+sterileCskysdraI@rh[Hli_e'pac=r.oe do`s9asnaI\tanY[ihe-]lajr LroKts of Lk`eMRe`ADZp_e/
5586
AndWtYn thHusMndXpdoploiAP4lmliD8hn^c)smWlMVrribe\,/cAfeti7g Whe<hagh_sL@Wf6the+sterileCskysdraI@rh[Hli_e'pac=r.oe do`s9asnaI\tanY[ihe-]lajr LroKts of Lk`eMRe`ADZp_e/
5587
AndWsYn thIusMncYpdnploi@P4lmliD8in^c)smXlMWrribe[,/cAfeti7g Whe;hagh_sL@Wf6thd+sterileCskyseraI@ri[Hli_e'pac>s0oe do`s9asoaJ]tanY[jhe-]majr LroKts of Lk`eMRe`AEZp`e/
5588
AndWtZn thHusMndYpdnploi@O4lmlhD8hn_d*smXlMVrribe\,/cAfeti7g Whe<hagh_sL@Wf6the+sterileCskyseraI@ri[Gli_e'pac=r0of do`s9asnaI]tanY[jhe-]makr MroKts of Lk`eLRe`ADZp_e/
5589
AndWtZn thHusMndYpdnploi@O4lmlhD8hn_d*smXlMVrribe\,/cAfeti7g Whe<hagh_sL@Wf6the+sterileCskyseraI@ri[Gli_e'pac=r0of do`s9asnaI]tanY[jhe-]makr MroKts of Lk`eLRe`ADZp_e/
5590
AndWtYn thHusMndYpdnploi@P4lmliE8jn^d*smWlNVrribe\,/cAgeti7g Whe;hagh`sL>Wf6the+sterileCskyseraI@rh[Fli_e'pac=r0oe do`s9asnaI]tanY[ihe-]majr LroKts of Lk`eMRe`ADZp_e/
5591
AndWtYn thHusMndYpdnploi@P4lmliE8jn^d*smWlNVrribe\,/cAgeti7g Whe;hagh`sL>Wf6the+sterileCskyseraI@rh[Fli_e'pac=r0oe do`s9asnaI]tanY[ihe-]majr LroKts of Lk`eMRe`ADZp_e/
5592
AndWtYn thHusMndYpdnploi@P4lmliE8jn^d*smWlNVrribe\,/cAgeti7g Whe;hagh`sL>Wf6the+sterileCskyseraI@rh[Fli_e'pac=r0oe do`s9asnaI]tanY[ihe-]majr LroKts of Lk`eMRe`ADZp_e/
5593
AndWt[n thHusMndYpdnpmoiAP4lmliE8hn^c*smWlNUrribe\,/cAfeti7g Whe<hagh_sL@Wf6the+sterileCskyseraI@rh[Hli_e'pac=r/oe do`s9asoaJ]tanZ[ihe-]majr LroKts of Lk`eMRe`ADZn_e/
5594
AndWt[n thHusMndYpdnpmoiAP4lmliE8hn^c*smWlNUrribe\,/cAfeti7g Whe<hagh_sL@Wf6the+sterileCskyseraI@rh[Hli_e'pac=r/oe do`s9asoaJ]tanZ[ihe-]majr LroKts of Lk`eMRe`ADZn_e/
5595
AndWtZn thHusMndYpdnploi@O4lmlhD8hn_d*smXlMVrribe\,/cBfeti7g Whe<hagh`sL@Wf6the+sterileCskyseraI@ri[Gli_e'pac>r0of do`s9asnaI]tanY[jhe-]makr MroKts of Lk`eLRe`ADZp_e/
5596
AndWtZn thHusMndYpdnploi@O4lmlhD8hn_d*smXlMVrribe\,/cBfeti7g Whe<hagh`sL@Wf6the+sterileCskyseraI@ri[Gli_e'pac>r0of do`s9asnaI]tanY[jhe-]makr MroKts of Lk`eLRe`ADZp_e/
5597
AndWtZn thHusMndYpdnploi@O4lmlhD8hn_d*smXlMVrribe\,/cBfeti7g Whe<hagh_sL@Wf6the+sterileCskyseraI@ri[Gli_e'pac>r0of do`s9asnaI]tanY[jhe-]lalr MroKts of Lk`eLRe`ADZp_e/
5598
AndWtZn thHusMndYpdnploi@O4lmlhD8hn_d*smXlMVrribe\,/cBfeti7g Whe<hagh_sL@Wf6the+sterileCskyseraI@ri[Gli_e'pac>r0of do`s9asnaI]tanY[jhe-]lalr MroKts of Lk`eLRe`ADZp_e/
5599
AndWtZn thHusMndYpdnploi@O4lmlhD8hn_d*smXlMVrribe\,/cBfeti7g Whe<hagh_sL@Wf6the+sterileCskyseraI@ri[Gli_e'pac>r0of do`s9asnaI]tanY[jhe-]lalr MroKts of Lk`eLRe`ADZp_e/
5600
AndWtZn thHusMndYpdnploi@O4lmlhD8hn_d*smXlMVrribe\,/cBfeti7g Whe<hagh_sM@Wf6the+sterileCskyseraI@ri[Gli_e'pac>r0of do`s9asnaI]tanY[jhe-]lalr MroKts of Lk`eLRe`ADZp_e/
5601
AndWtZn thHusMndYpdnploi@O4lmlhD8hn_d*smXlMVrribe\,/cBfeti7g Whe<hagh_sM@Wf6the+sterileCskyseraI@ri[Gli_e'pac>r0of do`s9asnaI]tanY[jhe-]lalr MroKts of Lk`eLRe`ADZp_e/
5602
AndVtZn thJusMndYpdnploi@O4lmlhC8hn_d)smXlMUrribe\,/cBfeti7g Whe<hagh_sL@Wf6the+sterileCskyseraIAri[Gli_e'pac=r0of do`s9asnaI]tanY[jhe-]makr MroKts of Lk`eLRe`ADZp_e/
5603
AndVtZn thJusMndYpdnploi@O4lmlhC8hn_d)smXlMUrribe\,/cBfeti7g Whe<hagh_sL@Wf6the+sterileCskyseraIAri[Gli_e'pac=r0of do`s9asnaI]tanY[jhe-]makr MroKts of Lk`eLRe`ADZp_e/
5604
AndWtYn thHusMndYpdnploi@P4lmliD7gn_c*smWlNVrriae\,/cAfeti7g Xhe<hagh_sM@Wf5tie+sterileCskyseraIArh[Gli_e&pac=r0of do`s7asoaI^tbnY[ihe,]majr LroKts of Lk`eLRe`AEZp`e/
5605
AndWtYn thHusMndYpdnploi@P4lmliD7gn_c*smWlNVsriae\,/cAfeti7g Xhe<hagh_sM@Wf5tie+sterileCskyseraIArh[Gli_e&pac=r0of do`s7asoaI^tbnY[ihe,]majr LroKts of Lk`eLRe`AEZp`e/
5606
AndWtYn thHusMndYpdnploi@P4lmliD7gn_c*smWlNVsriae\,/cAfeti7g Xhe<hagh_sM@Wf5tie+sterileCskyseraIArh[Gli_e&pac=r0of do`s7asoaI^tbnY[ihe,]majr LroKts of Lk`eLRe`AEZp`e/
5607
AndWtYn thHusMndYpdnploi@P4lmliD7gn_c*smWlNVsriae\,/cAfeti7g Xhe<hagh_sM@Wf5tie+sterileCskyseraIArh[Gli_e&pac=r0of do`s7asoaI^tbnY[ihe,]majr LroKts of Lk`eLRe`AEZp`e/
5608
AndWtYn thHusMndYpdnploi@P4lmliD7gn_c*smWlNVsriae\,/cAfeti7g Xhe<hagh_sM@Wf5tie+sterileCskyseraIArh[Gli_e&pac=r0of do`s7asoaI^tbnY[ihe,]majr LroKts of Lk`eLRe`AEZp`e/
5609
AndWsYn thIusNncYpdoploi@P4lmliD8in^b)smWlMWrribe[,/cAfeti7g Whe:hagh_sL?Wf6the+sterileCskysdraI@riZGli_e'pac>s0oe do`s9aspaJ]tanY[jhe-]majr LroKts of Lk`eLRe_AE[p`e/
5610
AndWsYn thIusNncYpdoploi@P4lmliD8in^b)smWlMWrribe[,/cAfeti7g Whe:hagh_sL?Wf6the+sterileCskysdraI@riZGli_e'pac>s0oe do`s9aspaJ]tanY[jhe,]majr LroKts of Lk`eLRe_AE[p`e/
5611
AndWsYn thIusNncYpdoploi@P4lmliD8in^b)smWlMWrribe[,/cAfeti7g Whe:hagh_sL?Wf6the+sterileCskysdraI@riZGli_e'pac>s0oe do`s9aspaJ]tanY[jhe,]majr LroKts of Lk`eLRe_AE[p`e/
5612
AndWsYn thIusNncYpdoploi@P4lmliD8in^b)smWlMWrribe[,/cAfeti7g Whe:hagh_sL?Wf6the+sterileCskysdraI@riZGli_e'pac>s0oe do`s9aspaJ]tanY[jhe,]majr LroKts of Lk`eLRe_AE[p`e/
5613
AndWsYn thIusNncYpdoploi@P4lmliD8in^b)smWlMWrribe[,/cAfeti7g Whe:hagh_sL?Wf6the+sterileCskysdraI@riZGli_e'pac>s0oe do`s9aspaJ]tanY[jhe,]majr LroKts of Lk`eKRe_AE[p`e/
5614
AndWsYm thIusNncYpdoploi@P4lmliD8in^b)smWlMWrribe[,/cAfeti7g Whe:hagh_sL?Wf6the+sterileCskysdraI@riZGli_e'pac>s0oe do`s9aspaJ]tanY[jhe,]majr LroKts of Lk`eJRe_AE[p`e/
5615
AndWsYm thIusNncYpdoploi@P4lmliD8in^b)smWlMWrribe[,/cAfeti7g Xhe:hagh_sL?Wf6the+sterileCskysdraI@riZGli_e'pac>s0oe do`s9aspaJ]tanY[jhe,]majr LroKts of Lk`eJRe_AE[p`e/
5616
AndWsYn thIusNncYpdoploi@P4lmliD8in^b)smWlMWsribe[,/cAfeti7g Whe:hagh_sL?Wf6the+sterileCskysdraI@riYGli_e'pac>s0oe do`s9aspaJ]tanY[jhe,^majr LroKts of Lk`eLRe_AE[p`e/
5617
AndWsYn thIusNncYpdoploi@P4lmliD8in^b)smWlMWsribe[,/cAfeti7g Whe:hagh_sL?Wf6the+sterileCskysdraI@riYGli_e'pac>s0oe do`s9aspaJ]tanY[jhe,^majr LroKts of Lk`eLRe_AE[p`e/
5618
AndWsYn thIusNncYpdoploi@P4lmliD8in^b)smWlMWsribe[,/cAfeti7g Whe:hagh_sL?Wf6the*sterileCskysdraI@riYGli_e'pac>s0oe do`s9aspaJ]tanY[jhe,^majr LroKts of Lk`eLRe_AE[p`e/
5619
AndWsYn thIusNncYpdoploi@P4lmliD8in^b)smWlMWsribe[,/cAfeti7g Whe:hagh_sL?Wf6the*sterileCskysdraI@riYGli_e'pac>s0oe do`s9aspaJ]tanY[jhe,^majr LroKts of Lk`eLRe_AE[p`e/
5620
AndWsYn thIusNncYpdoploi@P4lmliD8in^b)smWlMWsribe[,/cAfeti7g Whe:hagh_sL?Wf6the*sterileCskysdraI@riYGli_e'pac>s0oe do`s9aspaJ]tanY[jhe,^majr LroKts of Lk`eLRe_AE[p`e/
5621
AndWsYn thIusNncYpdoploi@P4lmliD8in^b)smWlMWsribe[,/cAfeti7g Whe:hagh_sL?Wf6the*sterileCskysdraI@rjYGli_e'pac>s0oe do`s9aspaJ]tanY[jhe,^majr LroKts of Lk`eLRe_AE[p`e/
5622
AndWsYn thIusNncYpdoploi@P4lmliD8in^b)smWlMWsribe[,/cAfeti7g Whe:hagh_sL?Wf6the*sterileCskysdraI@rjYGli_e'pac>s0oe do`s9aspaJ]tanY[jhe,^majr LroKts of Lk`eLRe_AE[p`e/
5623
AndWsYn thIusNncYpdoploi@P4lmliD8in^b)smWlMWsribe[,/cAfeti7g Whe:hagh_sL?Wf6the*sterileCskysdraI@rjYGli_e'pac>s0oe do`s9aspaJ]tanY[jhe,^makr LroKts of Lk`eLRe_AE[p`e/
5624
AndWsYn thIusNncYpdoploi@P4lmliD8in^b)smWlMWsribe[,/cAfeti7g Whe:hagh_sL?Wf6the*sterileCskysdraI@rjYGli_e'pac>s0oe do`s9aspaJ]tanY[jhe,^makr LroKts of Lk`eLRe_AE[p`e/
5625
AndWsZn thIusNncYpdoploi@P4mmliD8in^b)smWlMWtribe[,/cBfeti7g Whe:hagh_sL?Wf6the+sterileCskysdraIAriZGli_e'pac>s0oe do`s9aspaJ]sanY[jhe,^majr LroKts of Lk`eLRe^AE[p`e/
5626
AndWsZn thIusNncYpdoploi@P4mmliD8in^b)smWlMWtribe[,/cBfeti7g Whe:hagh_sL?Wf6the+sterileCskysdraIAriZGli_e'pac>s0oe do`s9aspaJ]sanY[jhe,^majr LroKts of Lk`eLRe^AE[p`e/
5627
AndWsZn thIusNncYpdoploi@P4mmliD8in^b)smWlMWtribe[,/cBfeti7g Whe:hagh_sL?Wf6the+sterileCskyscraIAriZGli_e'pac>s0oe do`s9aspaJ]sanY[jhe,^majr LroKts of Lk`eLRe^AE[p`e/
5628
AndWsZn thIusNncYpdoploi@P4mmliD8in^b)smWlMWtribe[,/cBfeti7g Whe:hagh_sL?Wf6the+sterileCskyscraIAriZGli_e'pac>s0oe do`s9aspaJ]sanY[jhe,^majr LroKts of Lk`eLRe^AE[p`e/
5629
AndWsZn thIusNncYpdoploi@P4mmliD8in^b)smWlMWtribe[,/cBfeti7g Whe:hagh_sL?Wf6the+sterileCskyscraIAriZGli_e'pac>s0oe do`s9aspaJ]sanY[jhe,^majr LroKts of Lk`eLRe^AE[p`e/
5630
AndWsZn thIusNncYpdoploi@P4mmliD8in^b)smWlMWtribe[,/cBfeti7g Whe:hagh_sL?Wf6the+sterileCskyscraIAriZGli_e'pac>s0oe do`s9aspaJ]sanY[jhe,^majr LroKts of Lk`eLRe^AE[p`e/
5631
AndWtYn thIusNncYpdoploi@P4lmliD7in^b)smWlMWsribe[,/cAfeti7g Whe:hagh_sL?Wf6the+sterileCskysdraI@riYGli_e'pac>s0of do`s8aspaJ^tanY[jhe,^majr LroKts of Lk`eLRe_AE[p`e/
5632
AndWtYn thHusMndYpdnploi@P4lmliD6gn`c*smXlNVtriae\,/cAfeti7g Xhe<hagh`sM@Wf5tie+sterileCskyseraIAri[Gli`e&pac=r/of do`s7asoaI_tbnY[ihe,]majr MroKts of Ll`eLRd`AEZpae/
5633
AndWsZn thIusNncYpdoploi@P4mmliD8in^b(smWlMWtribe[,/cBfeti7g Whe:hagh_sL?Wf6the+sterileCskyscraIAriZGli_e'pac>s0oe do`s9aspaJ^sanY[jhe,^majr LroKts of Lk`eLRe^AE[p`e/
5634
AndWsZn thIusNncYpdoploi@P4mmliD8in^b(smWlMWtribe[,/cBfeti7g Whe:hagh_sL?Wf6the+sterileCskyscraIAriZGli_e'pac>s0oe do`s9aspaJ^sanY[jhe,^majr LroKts of Lk`eLRe^AE[p`e/
5635
AndWsYn thIusNncYpdoploi@P4nmliD8in^b)smWlMWtribe[,/cBfeti7g Whe:hagh_sL?Wf6the+sterileCskysdraIAriZGli_e'pac>s0oe do`s9aspaJ_sanY[jhe,]majr LroKts of Ll`eLPe_AE[p`e/
5636
AndWsYn thIusNncYpdoploi@P4nmliD8in^b)smWlMWtribe[,/cBfeti7g Whe:hagh_sL?Wf6the+sterileCskysdraIAriZGli_e'pac>s0oe do`s9aspaJ_sanY[jhe,]majr LroKts of Ll`eLPe_AE[p`e/
5637
AndWsYn thIusNncYpdoploi@P4nmliD8in^b)smXlMWtribe[,/cBfeti7g Whe:hagh_sL?Wf6the+sterileCskysdraIAriZGli_e'pac>s0oe do`s9aspaJ_sanY[jhe,]majr LroKts of Ll`eLPe_AE[p`e/
5638
AndWsYn thIusOncYpdoploiAP4mmliD8in^b)smWlMWtribe[,/cBfeti7g Whe9hagh_sL?Wf6the+sterileCskysdraIBriZGli_e'pac>s0oe do`s9aspaJ^tanY[jhe,]majs LroKts of Ll`eLRe_AE[p`e/
5639
AndWtZn thHusNndYpdnploi@P4lmliD6gn_d*smXlNVtriae\,.cBfeti8g Xhe<hagh`sM@Wf5tie+stesileCskyseraIAri[Gli`e&pac=r/of do`s7asoaI_tbnY[ihe,]majr MroKts of Ll`eLRd`AEZpae/
5640
AndWtZn thHusNndYpdnploi@P4lmliD6gn_d*smXlNVtriae\,.cBfeti8g Xhe<haghasM@Wf5tie+stesileCskyseraIAri[Gli`e&pac=r/of do`s7asoaI`tbnY[ihe,]majr MroKts of Ll`eLRd`AEZpae/
5641
AndWtZn thHusNndYpdnploi@P4lmliD6gn_d*smXlNVtriae\,.cBfeti8g Xhe<haghasM@Wf5tie+stesileCskyseraIAri[Gli`e&pac=r/of do`s7asoaI`tbnY[ihe,]majr MroKts of Ll`eLRd`AEZpae/
5642
AndWtZn thHusNndYpdnploi@P4lmliD6gn_d*smXlNVtriae\,.cBfeti8g Xhe<haghasM@Wf5tie+stesileCskyseraIAri[Gli`e&pac=r/of do`s7asoaI`tbnY[ihe,]majr MroKts of Ll`eLRd`AEZpae/
5643
AndWtZn thHusNndYpdnploi@P4lmliD6gn_d*smXlNVtriae\,.cBfeti8g Xhe<haghbsM@Wf5tie+stesileCskyseraIAri[Gli`e&pac=r/of do`s7asoaI`tbnY[ihe,]majr MroKts of Ll`eLSd`AEZpae/
5644
AndWtZn thHusNndYpdnploi@P4lmliD6gn_d*smXlNVtriae\,.cBfeti8g Xhe<haghbsM@Wf5tie+stesileCskyseraIAri[Gli`e&pac=r/of do`s7asoaI`tbnY[ihe,]majr MroKts of Ll`eLSd`AEZpae/
5645
AndWtZn thHusNndYpdnploi@P3lmliE6gn_d*smXlNVtriae\,.cBfeti8g Xhe<hagh`sM@Wf5tie+stesileCskyseraIAri[Gli`e&pac=r/of do`s7asoaI_tbnYZihe,]majr MroKts of Ll`eLRd`AEZpae/
5646
AndWtZn thHusNndYpdnploi@P3lmliE6gn_d*smXlNVtriae\,.cBfeti8g Xhe<hagh`sM@Wf5tie+stesileCskyseraIAri[Gli`e&pac=r/of do`s7asoaI_tbnYZihe,]majr MroKts of Ll`eLRd`AEZpae/
5647
AndWtZn thHusNndYpdnploi@P3lmliE6gn_d*smXlNVtriae\,.cBfeti8g Xhe<hagh`sM@Wf5tie+stesileCskyseraIAri[Gli`e&pac=r/of do`s7asoaI_tbnYZihe,]majr MroKts of Ll`eLRd`AEZpae/
5648
AndWtZn thHusNndYpdnploi@P3lmliE6gn_d*smXlNVtriae\,.cBfeti8g Xhe<hagh`sM@Wf5tie+stesileCskyseraIAri[Gli`e&pac=r/of do`s7asoaI_tbnYZihe,]majr MroKts of Ll`eLRd`AE[pae/
5649
AndWtZn thHusNndYpdnploi@P2lmliE6gn_d*smXlNVtriae\,.cBfeti8g Xhe<hagh`sM@Wf5tie+stesileCskyseraIAri[Gli`e&pac=r/of do`s7asoaI_tbnYZihe,]majr MroKts of Ll`eLRd`AE[pae/
5650
AndWtZn thHusNndYpdnploi@P2lmliE6gn_d*smXlNVtriae\,.cBfeti8g Xhe<hagh`sM@Wf5tie+stesileCskyseraIAri[Gli`e&pac=r/of do`s7asoaI_tbnYZihe,]majr MroKts of Ll`eLRd`AE[pae/
5651
AndWtZn thHusNndYpdnploi@P2lmliE6gn_d*smXlNVtriae\,.cBfeti8g Xhe<hagh`sM@Wf5tie+stesileCskyseraIAri[Gli`e&pac=r/of do`s7asoaI_tbnYZihe,]majr MroKts of Ll`eLRd`AE[pae/
5652
AndWtZn thHusNndYpdnploi@P4lmliE6gn_d*smXlNVtriae\,.cBfeti8g Xhe<hagh`sM@Wf5tie+stesileBskyseraIAri[Gli`e%pac=r/of do`s7asoaI_tbnYZihe,]lajr MroKts of Ll`eLQd`AEZpae/
5653
AndWtZn thHusNndYpdnploi@P2lmliE6gn_d*smXlNVtriae\,.cBgeti8g Xhe<hagh`sM@Wf5tie+stesileCskyseraIAri[Gli`e&pac=r/of do`s7asoaI_tbnYZihe,]majr MroKts of Ll`eLRd`AE[pae/
5654
AndWtZn thHusNndYpdnploi@P3lmliE6gn_d*smXlNVtriae\,.cBfeti8g Xhe<hagh`sM@Wf5tie+stesileCskyseraIAri[Gli`e&pac=r/of do`s7aspaI_tbnYZjhe,]majr MroKts of Ll`eLQd`AE[pae/
5655
AndWtZn thHusNndYpdnploi@P4lmliE6gn_d)smXlNVtriae\,.cBfeti8g Xhe<hbgh`sM@Wf5tie+stesileBskyseraIAri[Gli`e%pac=r/of do`s7asoaI_tbnYZihe,]lajr MroKts of Ll`eLRd`AEZpae/
5656
AndWtZn thHusNndYpdnploi@P4lmliE6gn_d)smXlNVtriae\,.cBfeti8g Xhe<hbgh`sM@Wf5tie+stesileBskyseraIAri[Gli`e%pac=r/of do`s7asoaI_tbnYZihe,]lajr MroKts of Ll`eLRd`AEZpae/
5657
AndWtZn thHusNndYpdnploi@P4lmliE6gn_d(smXlNVtriae\,.cBfeti8g Xhe<hbgh`sM@Wf5tie+stesileBskyseraIAri[Gli`e%pac=r/of do`s7asoaI_tbnYZihe,]lajr MroKts of Ll`eLRd`AEZpae/
5658
AndWtZn thHusNndYpdnploi@P4lmliE6gn_d(smXlNVtriae\,.cBfeti8g Xhe<hbghasM@Wf5tie+stesileBskyseraIAri[Gli`e%pac=r/of do`s7asoaI_tbnYZihe,]lajr MroKts of Ll`eLRd`AEZpae/
5659
AndWtZn thHusNndYpdnploi@P4lmliE6gn`d(smXlNVtriae\,.cBfeti8g Xhe<hbghasM@Xf5tie+stesileBskyseraIAri[Gli`e%pac=r/of do`s7asoaI_tbnYZihe,]lajr MroKts of Ll`eLRd`AEZpae/
5660
AndWtZn thHusNndYpdnploi@P4lmliE6gn`d(smXlNVtriae\,.cBfeti8g Xhe<hbghasM@Xf5tie+stesileBskyseraIAri[Gli`e%pac=r/of do`s7asoaI_tbnYZihe,]lajr MroKts of Ll`eLRd`AEZpae/
5661
AndWtZn thHusNndYpdnploi@P4lmliE6gn`d(smXlNVtriae\,.cBfeti8g Xhe<hbghasM@Xf5tie+stesileBskyseraIAri[Gli`e%pac=r/of do`s7asoaI_tbnYZihe,]lajr MroKts of Ll`eLRd`AEZpae/
5662
AndWtZn thHusNndYpdnploi@P4lmliE6gn`d(smXlNVtriae\,.cBfeti8g Xhe<hbghasM@Xf5tie+stesileBskyseraIAri[Gli`e%pac=r/of do`s7asoaI_tbnYZihe,]lajr MroKts of Ll`eLRd`AEZpae/
5663
AndWtZn thHusNndYpdnploi@P4lmliE6gn`d(smXlNVtriae\,.cBfeti8g Xhe<hbghasM@Xf5tie+stesileBskyseraJAri[Gli`e%pac=r/of do`s7asoaI_tbnYZihe,]lajr MroKts of Ll`eLRd`AEZpae/
5664
AndWt[n thHusNndYpdnploi@P4lmliE6gn`d(smXlNVtriae\,.cBgeti8g Xhe<hbggasM@Xf5tie+stesileBskyseraIAri[Gli`e%pac=s/of do`s7asoaI_tbnYZihe,]lajr MroKts of Ll`eLRd`AEZpae/
5665
AndWt[n thHusNndYpdnploi@P4lmliE6gn`d(smXlNVtriae\,.cBgeti8g Xhe<hbggasM@Xf5tie+stesileBskyseraIAri[Gli`e%pac=s/of do`s7asoaI_tbnYZihe,]lajr MroKts of Ll`eLRd`AEZpae/
5666
AndWt[n thHusNndYpdnploi@P4lmliE6gn`d'smXlNVtriae\,.cBgeti8g Xhe<hbggasM@Xf5tie+stesileBskyseraIAri[Gli`e%pac=s/of do`s7asoaI_tbnYZihe,]lajr MroKts of Ll`eLRd`AEZpae/
5667
AndWt[n thHusNndYpdnploi@P4lmliE6gn`d'smXlNVtriae\,.cBgeti8g Xhe<hbggasM@Xf5tie+stesileBskyseraIAri[Gli`e%pac=s/of do`s7asoaI_tbnYZihe,]lajr MroKts of Ll`eLRd`AEZpae/
5668
AndWt[n thHusNndYpdnploi@P4lmliE6gn`d'smXlNVtriae\,.cBgeti8g Xhe<hbggasM@Xf5tie+stesileBskyseraIAri[Gli`e%pac=s/of do`s7asoaI_tbnYZihe,]lajr MroKts of Ll`eLRd`AEZpae/
5669
AndWt[n thHusNndYpdnploi@P4lmliE6gn`d'smXlNVtriae\,.cBgeti8g Xhe<hbggasM@Xf5tie+stesileBskyseraIAri[Gli`e%pac=s/of do`s7asoaI_tbnYZihe,]lajr MroKts of Ll`eLRd`AEZpae/
5670
AndWt[n thHusNndYpdnploi@P4lmliE6gn`d'smXlNVtriae\,.cBgeti8g Xhe<hbggasM@Xf5tie+stesileBskyseraIAri[Gli`e%pac=s/of do`s7asoaI_tbnYZihe,]lajr MroKts of Ll`eLRd`AEZpae/
5671
AndWt[n thHusNndYpdnploi@P4lmliE6gn`d'smXlNVtriae\,.cBgeti8g Xhe;hbggasM@Xf5tie+stesileBskyseraIAri[Gli`e%pac=s/of do`s7asoaI_tbnYZihe,]lajr MroKts of Ll`eLRd`AEZpae/
5672
AndWt[n thHusNndYpdnploi@P4lmliE6gn`d'smXlNVtriae\,.cBgeti8g Xhe;hbggasM@Xf5tie+stesileBskyseraIAri[Gli`e%pac=s/of do`s7asoaI_tbnYZihe,]lajr MroKts of Ll`eLRd`AEZpae/
5673
AndWtZn thHusNndYpdnploi@P4lmliE6gn`d(smXlNVtriae\,-cBfeti8g Xhe<hbghasM@Xf5tie+stesileBslyseraIAri[Gli`e%pac=r/of do`s6asoaI_tbnYZjhe,]lakr MroKts of Ll`eLQe`AEZpae/
5674
AndVt[n thHusNndYpdnploi@P4lmliE6gn`d'smXlNVtriae\,.cBgeti8g Xhe<hbggasM@Xf5tie+stesileBskyseraIAri[Gki`e%pac=s/of do`s7asoaI_tbnYZihe,^lajr MroKts of Ll`eLRd`AE[oae/
5675
AndVt[n thHusNndYpdnploi@P4lmliE6gn`d'smXlNVtriae\,.cBgeti8g Xhe<hbggasM@Xf5tie+stesileBskyseraIAri[Gki`e%pac=s/of do`s7asoaI_tbnYZihe,^lajr MroKts of Ll`eLRd`AE[oae/
5676
AndVt[n thHusNndYpdnploi@P4lmliE6gn`d'smXlNVtriae\,.cBgeti8g Xhe<hbggasM@Xf5tie+stesileBskyseraIAri[Gki`e%pac=s/of do`s7asoaI_tbnYZihe,^lajr MroKts of Ll`eLRd`AE[oae/
5677
AndVt[n thHusNndYpdnploi@P4lmliE6gn`d'smXlNVtriae\,.cBgeti8g Xhe<hbggasM@Xf5tie+stesileBskyseraIAri[Gki`e%pac=s/of do`s7asoaI_tbnZZihe,^lajr MroKts of Ll`eLRd`AE[oae/
5678
AndVt[o thHusNndYpdnploi@P4lmliE6gn`d'smXlPVtriae\,.cBgeti8g Xhe<hbggasM@Xf5tie*stesileBskysdraIAri[Gki`e%pac=s/of do`s7asoaI_tbnYZihe,]lajr MroKts of Ll`eKRd`AEZoae/
5679
AndVt[o thHusNndYpdnploi@P4lmliE6gn`d'smXlPVtriae\,.cBgeti8g Xhe<hbggasM@Xf5tie*stesileBskysdraIAri[Gki`e%pac=s/of do`s7asoaI_tbnYZihe,]lajr MroKts of Ll`eKRd`AEZoae/
5680
AndVt[o thHusNndYpdnploi@P4lmliE6gn`d'smXlPVtriae\,.cBgeti8g Xhe<hbggasM@Xf5tie*stesileBskysdraIAri[Gki`e%pac=s/of do`s7asoaI_tbnYZihe,]lajr MroKts of Ll`eKRd`AEZoae/
5681
AndVt[o thHusNndYpdnploi@P4lmliE6gn`d'smXlPVtriae\,.cBgeti8g Xhe<hbggasM@Xf5tie*stesileBskysdraIAri[Gki`e%pac=s/of do`s7asoaI_tbnZZihe,]lajr MroKts of Ll`eKRd`AEZoae/
5682
AndVt[o thHusNndYpenploi@P4lmliE6gn`d'smXlPVtriae\,.cBgeti8g Xhe<hbggasM@Xf5tie*stesileBskysdraIAri[Gki`e%pac=s/of do`s7asoaI_tbnZZihe,]lajr MroKts of Ll`eKRd`AEZoae/
5683
AndVt[o thHusNndYpdnploi@P4lnliE6gn`d'smXlPUtriae\,.cBgeti8g Xhe<hbggasM@Xf5tie*stesileBskysdraIAri[Gki`e%pac=s/of do`s7asoaI_tbnYZihe,]lajr MroKts of Ll`eKRd`AEZoae/
5684
AndVt[o thHusNndYpdnploi@P4lnliE6gn`d'smXlPUtriae\,.cBgeti8g Xhe<hbggasM@Xf5tie*stesileBskysdraIAri[Gki`e%pac=s/of do`s7asoaI_tbnYZihe,]lajr MroKts of Ll`eKRd`AEZoae/
5685
AndVt[o thHusNndXpdnploi@P4lnliE6gn`d'smXlPUtriae\,.cBgeti8g Xhe<hbggasM@Xf5tie*stesileBskysdraIAri[Gki`e%pac=s/of do`s7asoaI_tbnYZihe,]lajr MroKts of Ll`eKRd`AEZoae/
5686
AndVt[n thHusNndXpdnploi@P4lnliE6gn`d'smXlPUtriae\,.cBgeti8g Xhe<hbggasM@Xf5tie*stesileBskysdraIAri[Gki`e%pac=s/of do`s7asoaI_tbnYZihe,]lajr MroKts of Ll`eKRd`AEZoae/
5687
AndVt[n thHusNndXpdnploi@P4lnliE6gn`d'smXlPUtriae\,.dBgeti8g Xhe<hbggasM@Xf5tie*stesileBskysdraIAri[Gki`e%pac=s/of do`s7asoaI_tbnYZihe,]lajs MroKts of Ll`eKRd`AEZoae/
5688
AndVt[n thHusNndXpdnploi@P4lnliE6gn`d&smXlPUtriae\,.cBgeti8g Xhe<hbggasM@Xf5tie*stesileBskysdraIAri[Gki`e%pac=s/of do`s7asoaI_tbnYZihe,]lajr MroKts of Ll`eKRd`AEZoae/
5689
AndVt[n thHusNndXpdnploi@P4lnliE6gn`d&smXlPUtriae\,.cBgeti8g Xhe<hbggasM@Xg5tie*stesileBskysdraIAri[Gki`e%pac=s/of do`s7asoaI_tbnYZihe,]lajr MroKts of Ll`eKRd`AEZoae/
5690
AndVt[n thHusNndXpdnploi@P4lnliE6gn`d&smXlPUtriae\,.cBgeti8g Xhe<hbfgasM@Xf5tie*stesileBskysdraIAri[Gki`e%pac=s/of do`s7asoaJ_tbnYZihe,]lajr MroKts of Ll`eKRd`AEZoae/
5691
AndVt[n thHusNndXpdnploi@P4lnliE6gn`d&smXlPUtriae\,.cBgeti8g Xhe<hbggasM@Xg5tie*stesileBskysdraIAri[Gkiae%pac=s/of do`s7asoaI_tbnYZihe,]lajr MroKts of Ll`eKRe`AEZoae/
5692
AndVt[n thHusNndXpdnploi@P4lnliE6gn`d&smXlPUtriae\,.cBgeti8g Xhe<hbggasM@Xg5tie*stesileBskysdraIAri[Gkiae%pac=s/of do`s7atoaI_tbnYZihe,]lajr MroKts of Ll`eKRe`AEZoae/
5693
AndWt[n thHusNndYpdnploi@Q4mmliE6gnad'smXlNUsriae\,.cCgeti8g Xhe<hbghasM@Yf5tie+stesileBskyseraIAri[Gli`e%pac=s/of do`s6asoaI`tbnYZihe,]lajr MroKts of Ll`eLRe`AE[pae.
5694
AndWt[n thHusNndYpdnploi@Q4mmliE6gnad'smXlOUsriae\,.cCgeti8g Xhe<hbghasM@Yf5tie+stesikeBskyseraIAri[Gli`e%pac=s/of do`s6asoaI`tbnYZihe,]lajr MroKts of Ll`eLRe`AE[pae.
5695
AndWt[n thHusNndYpdnploi@Q4mmliE6gnad'smXlOUsriae\,.cCgeti8g Xhe<hbghasM@Yf5tie+stesikeBskyseraIAri[Gli`e%pac=s/of do`s6asoaI`tbnYZihe,]lajs MroKts of Ll`eLRe`AE[pae.
5696
AndWt[n thHusNndYpdnploi@Q4mmliE6gnad'smXlOUsriae\,.cCgeti8g Xhe<hbghasM@Yf5tie+stesikeBskyseraIAri[Gli`e%pac=s/of do`s6asoaI`tbnYZihe,]lajs MroKts of Ll`eLRe`AE[pae.
5697
AndWt[n thHusNndYpdnploi@Q4mmliE6gnad'smXlOUsriae\,.cCgeti8g Xhe<hbghasM@Yf5tie+stesikeBskyseraIAri[Gli`e%pac=s/of do`s6asoaI`tbnYZihe,]lajs MroKts of Ll`eLRe`AE[pae.
5698
AndVt[o thHusNndYpdnploi@P4lnliE6gn`d'smXlPUsriae\,.cCgeti9g Xhe<hbggasM@Xf5tie*stesileBskysdraIAri[Gki`e%pac=s/of do`s7asoaI_tbnYZihe+^lajr MroMts of Ll`eKRd`AEZnae/
5699
AndWt[n thHusNndYpdnploi@Q4mmliE6gnad'smXlOTsriae\,.cCgeti8g Xhe<hbghasM@Yf5tie+stesikeBskyseraIAri[Fli`e%pac=s/of do`s6asoaI`tbnYZihe,]lajs MroKts of Ll`eLRe`AE[pae.
5700
AndWt[n thHusNndYpdnploi@Q4mmliE6gnad'smXlOTsriae\,.cCgeti8g Xhe<hbghasM@Yf5tie+stesikeBskyseraIAri[Fli`e%pac=s/of do`s6asoaI`tbnYZihe,]lajs MroKts of Ll`eLRe`AE[pae.
5701
AndWt[n thHusNndYpdnploi@Q4mmliE6gnad'smXlOTsriae\,.cCgeti8g Xhe<hbghasM@Yf5tie+stesikeBskyseraIAri[Fli`e%pac=s/of do`s6asoaI`tbnYZihe,]lajs MroKts of Ll`eLRe`AE[pae.
5702
AndVt[o thHusNndYpdnploi@Q4lmliE6gn`d'smYlPVtriae\,.cBgeti8g Xhe<hbggasM@Xf5tie)stesileBskysdraIArj[Fki`e%pac=s/of do`s7asoaJ_tbnZYjhe,^lajr MroKts of Ll`eKRd`AEZoae/
5703
AndVt[o thHusNndYpdnploi@Q4lmliE6gn`d'smYlPVtriae\,.cBgeti8g Xhe<hbggasM@Xf5tie)stesileBskysdraIArj[Fki`e%pac=s/of do`s7asoaJ_tbnZYjhe,^lajr MroKts of Ll`eKRd`AEZoae/
5704
AndVt[n thHusNndZpenploi?P3lnliE6fn`d*smXlNTtriae\,,cBfeti8g Xhe<haghasN@Xf5tie*stesileCskysdraJArj[Gli`e%pac>r/of eo`s7aspaJatcnYXihe,]majs MroKts of LlaeJQd_AEZpae.
5705
AndVt[n thHusNndZpenploi?P3lnliE6fn`d*smXlNTtriae\,,cBfeti8g Xhe<haghasN@Xf5tie*stesileCskysdraJArj[Gli`e%pac>r/of eo`s7aspaJatcnYXihe,]majs MroKts of LlaeJQd_AEZpae.
5706
AndVt[n thHusNndZpenploi?P3lnliE6fn`d*smXlNTtriae\,,cBfeti8g Xhe<haghasN@Xf5tie*stesileCskysdraJArj[Gli`e%pac>r/of eo`s7aspaJatcnYXihe,]majs MroKts of LlaeJQd_AEZpae.
5707
AndVt[n thHusNndZpenploi?P3lnliE6fn`d*smXlNTtriae\,,cBfeti8g Xhe<haghasN@Xf5tie*stesileCskysdraJArj[Gli`e%pac>r/of eo`s7aspaJbtcnYXihe,]majs MroKts of LlaeJQd_AEZpae.
5708
AndVt[n thHusNndZpenploi?P3lnliE6fn`d*smXlNTtriae\,,cBfeti8g Xhe<haghasN@Xf5tie*stesileCskysdraJArj[Gli`e%pac>r/of eo`s7aspaJbtcnYXihe,]majs MroKts of LlaeJQd_AEZpae.
5709
AndVt[n thHusNndZpenploi?P3lnliE6fn`d*smXlNTtriae\,,cBgeti8g Xhe<haghasN@Xf5tie*stesileCskysdraJArj[Gli`e%pac>r/of eo`s7aspaJatcnYXihe,]maks MroKts of LlaeJQd_AEZpae.
5710
AndVt[n thHusNndZpenploi?P3lnliE6fn`d*smXlNTtriae\,,cBgeti8g Xhe<haghasN@Xf5tie*stesileCskysdraJArj[Gli`e%pac>r/of eo`s7aspaJatcnYXihe,]maks MroKts of LlaeJQd_AEZpae.
5711
AndVt[n thHusNndZpenploi?P3lnliE6fn`d*smXlNTtriae\,,cBgeti8g Xhe<haghasN@Xf5tie*stesileCskysdraJArj[Gli`e%pac>r/of eo`s7aspaJatcnYXihe,]maks MroKts of LlaeJQd_AEZpae.
5712
AndVt[n thHusNndZpenploi?P3lnliE6fn`d*smXlNTtriae\,,cBgeti8g Xhe<haghasN@Xf5tie*stesileCskysdraJArj[Gli`e%pac>r/of eo`s7aspaJatcnYXihe,]maks MroKts of LlaeJQd_AEZpae.
5713
AndVt[n thHusNndZpenploi?Q3lnliE6fn`d*smXlNTtriae\,,cBgeti8g Xhe<haghasN@Xf5tie*stesileCskysdraJArj[Gli`e%pac>r/of eo`s7aspaJatcnYXihe,]maks MroKts of LlaeJQd_AEZpae.
5714
AndVt[n thHusNndZpenploi?Q3lnliE6fn`d*smXlNTtriae\,,cBgeti8g Xhe<haghasN@Xf5tie*stesileCskysdraJArj[Gli`e%pac>r/of eo`s7aspaJatcnYXihe,]maks MroKts of LlaeJQd_AEZpae.
5715
AndVt[o thHusNndYpeoploi@Q4mmliE6hn`d'smYlPVtriae],.cBgeti8g Xhe<hbggasM@Xf5tie)stesileBskysdraIArj[Fki`e%pac=s/of doas7asoaJ_tbnZYjhe,^lajq MroKts of Ll`eKRd`AEZobe/
5716
AndVt[o thHusNndYpeoploi@Q4mmliE6hn`d'smYlPVtriae],.cBgeti8g Xhe<hbggasM@Xf5tie)stesileBskysdraIArj[Fki`e%pac=s/of doas7asoaJ_tbnZYjhe,^lajq MroKts of Ll`eKRd`AEZobe/
5717
AndVt[o thHusNndYpeoploi@Q4mmliE6hn`d'smYlPVtriae],.cBgeti8g Xhe<hbggasM@Xf5tie)stesileBskysdraIArj[Fkiae%pac=s/of doas7asoaJ_tbnZYjhe,^lajq MroKts of Ll`eKRd`AEZobe/
5718
AndVt[o thHusNndYpdnploi@Q4lmliE5gn`d&smYlPVtriae\,-cCgeti8g Xhe<hbggbsN@Xf5tie)stesileBskysdqaIArk[Fki`e%pac=s.of do`s7asoaJ_tbnZYjhe,^lajr MroKts of Ll`eKRd_AEZoae/
5719
AndVt[o thHusNndYpdnploi@Q4lmliE5gn`d&smYlPVtriae\,-cCgeti8g Xhe<hbggbsN@Xf5tie)stesileBskysdqaIArk[Fki`e%pac=s.of do`s7asoaJ_tbnZYjhe,^lajr MroKts of Ll`eKRd_AEZoae/
5720
AndVt[o thHusNndYpdnploi@Q4lmliE5gn`d&smYlPVtriae\,-cCgeti8g Xhe<hbggbsN@Xf5tie)stesileBskysdqaIArk[Fki`e%pac=s.of do`s7asoaJ_tbnZYjhe,^lajr MroKts of Ll`eKRd_AEZoae/
5721
AndVt[o thHusNndYpdnploi@Q4lmliE5gn`d&smYlPVtriae\,-cCgeti8g Xhe<hbggbsN@Xf5tie)stesileBskysdqaIArk[Fki`e%pac=s.of do`s7asoaJ_tbnZYjhe,^lajr MroKts of Ll`eKRd_AEZoae/
5722
AndVt[o thHusNndYpdnploi@Q4lmliE5gn`d&smYlPVtriae\,-cCgeti8g Xhe<hbggbsN@Xf5tie)stesileBskysdqaJArk[Fki`e%pac=s.of do`s7asoaJ_tbnZYjhe,^lajr MroKts of Ll`eKRd_AEZoae/
5723
AndVt[o thHusNndYpdnploi@Q4lmliE5gn`d&smYlPVtriae\,-cCgeti8g Xhe<hbggbsN@Xf5tie)stesileBskysdqaIArkZFki`e%pac=s.of do`s7asoaJ_tbnZYjhe,^lajr MroKts of Ll`eKRd_AEZoae/
5724
AndVt[n thHusNndZpenploi?Q3lnliE6fn`d*smXlNRtriae\,,cBgeti8g Xhe<haghasO@Xf5tie*stesileBskysdraJArj[Gli`e%pac>r/of eo`s7asqaJatcnYXihe,]maks MroKts of LlaeJQd_AEZpae.
5725
AndVt[o thHusNndYqdnploi@Q3lmliE6gn`d%smYlPVtriae],-cCgeti8g Xhe<hbggbsN@Xf5tie)stesileBskysdqaIArk[Fki`e%pac=s.of do`s7asoaK_tbnZYjhe,^lajr MroKts of Ll`eKRd_AEZoae/
5726
AndVt[o thHusNndYqdnploi@Q3lmliE6gn`d%smYlPVtriae],-cCgeti8g Xhe<hbggbsN@Xf5tie)stesileBskysdqaIArk[Fki`e%pac=s.of do`s7asoaK_tbnZYjhe,^lajr MroKts of Ll`eKRd_AEZoae/
5727
AndVt[n thHusNndZpeoploi?Q3lnliD6fn`d*smXlNRtriae\,,cBgeti8g Xhe<haghasO@Xf5tie*stesileBskysdraJArj[Gli`e%pac>r/of eo`s7asqaJatcnYXihe,]maks MroKts of LlaeJQd_AEZpbe.
5728
AndVt[n thHusNndZpeoploi?Q3lnliD6fn`d*smXlNRtriae\,,cBgeti8g Xhe<haghasO@Xf5tie*stesileBskysdraJArj[Gli`e%pac>r/of eo`s7asqaJatcnYXihe,]maks MroKts of LlaeJQd_AEZpbe.
5729
AndVt[n thIusNndZpenploi?Q3loliE6fn`d*slXlNQtriae\,,cBgeti8g Xhe<ibghasO@Xf5tie*stesileCskysdraJArj[Gli`e%pac>r/of eo`s7asqaJatcnYXihe,]maks MroKts of LlaeJQd_AEZoae.
5730
AndVt[n thIusNndZpenploi?Q3loliE6fn`d*slXlNQtriae\,,cBgeti8g Xhe<ibghasO@Xf5tie*stesileCskysdraJArj[Gli`e%pac>r/of eo`s7asqaJatcnYXihe,]maks MroKts of LlaeJQd_AEZoae.
5731
AndVt[n thHusNndZpdoploi?Q3lnliD6fn`d*smXlNRtriae\,,cBgeti8g Xhe;haghasO@Xf5tie*stesileAskysdraJArj[Gli`e%pac>s/of eo`s7asqaJatcnYXihe,]maks MroKts of LlaeJQd_AEZpbe.
5732
AndVt[n thHusNndZpdoploi?R3lnliD6fn`d*smXlNRtriae\,,cBgeti8g Xhe;haghasO@Xf5tie*stesileAskysdraJArj[Gli`e%pac>s/of eo`s7asqaJatcnYXihe,]maks MroKts of LlaeJQd_AEZpbe.
5733
AndWt[n thIusOndXpdnploiAQ4mmliE6hnad'smYlOTsriae\,.cCgeti8g Xhe<hbghbsM@Yf5tie+stesikeBskyscraIAri[Fli`e%pac=s-of doas5asoaI`tcnYZihe,]lajs MroLtr of Ll`eLRe^AE[pae.
5734
AndWt[n thIusOndXpdnploiAQ4mmliE6hnad'smYlOSsriae\,.cCgeti8g Xhe<hbghbsM@Yf5tie+stesikeBskyscraIAri[Fli`e%pac=s-of doas5asoaI`tcnYZihe,]lajs MroLtr of Ll`eLRe^AE[pae.
5735
AndWt[n thIusOndXpdnploiAQ4mmliE6hnad'smYlOSsriae\,.cCgeti8g Xhe<hbghbsM@Yf5tie+stesikeBskyscraIAri[Fli`e%pac=s-of doas5asoaI`tcnYZihe,]lajs MroLtr of Ll`eLRe^AE[pae.
5736
AndWt[n thIusOndXpdnploiAQ4mmliE6hnad'smYlOSsriae\,.cCgeti8g Xhe<hbghbsM@Yf5tie+stesikeBskyscraIAri[Fli`e%pac=s-of doas5asoaI`tcnYZihe,]lajs MroLtr of Ll`eLRe^AE[pae.
5737
AndWt[n thIusOndXpdnploiAQ4mmliE6hnad'smYlOSsriae\,.cCgeti8g Xhe<hbghbsM@Yf5tie+stesikeBskyscraIAri[Fli`e%pac=s-of doas5asoaI`tcnYZihe,]lajs MroLtr of Ll`eLRe^AE[pae.
5738
AndWt[n thIusOndXpdnploiAQ4mmliE6hnad'smYlOSsriae\,.cCgeti8g Xhe<hbghbsM@Yf5tie+stesikeBskyscraIAri[Fli`e%pac=s-of doas5asoaI`tcnYZihe,]lajs MroLtr of Ll`eLRe^AE[pae.
5739
AndWt[n thIusOndXpdnploiAQ4mmliE6hnad'smYlOSsriae\,.cCgeti8g Xhe<hbghbsM@Yf5tie+sterikeBskyscraIArj[Fli`e%pac=s-of doas5asoaI`tcnYZihe,]lajs MroLtr of Ml`eLRe^AE[pae.
5740
AndWt[n thIusOndXpdnploiAQ4mmliE6hnad'smYlOSsriae\,.cCgeti8g Xhe<hbghbsM@Yf5tie+sterikeBskyscraIArj[Fli`e%pac=s,of doas5asoaI`tcnYZihe,]lajs MroLtr of Ml`eLRe^AE[pae.
5741
AndWt[n thIusOndXpdnploiAQ4mmliE6hnad'smYlOSsriae\,.cCgeti8g Xhe<hbghbsM@Yf5tie+sterikeBskyscraIArj[Fli`e%pac=s,of doas5asoaI`tcnYZihe,]lajs MroLtr of Ml`eLRe^AE[pae.
5742
AndWt[n thIusOndXpdnploiAQ4mmliF6hnad'smYlOTsribe\,.cCgeti9g Xhe<hbghcsM@Yf5tie+stesikeBskyscraIAri[Fli`e%pac=s-of doas5asoaH`tcnYZihe+]lajs MroLtr of Ll`eLRe^AE[pae.
5743
AndWt[n thIusOndXpdnploiAQ4mmliF6hnad'smYlOTsribe\,.cCgeti9g Xhe<hbghcsM@Yf5tie+stesikeBskyscraIAri[Fli`e%pac=s-of doas5asoaH`tcnYZihe+]lajs MroLtr of Ll`eLRe^AE[pae.
5744
AndWt[n thIusOndXpdnploiAQ4mmliF6hnad'smYlOTsribe\,.cCgeti9g Xhe<hbghcsM@Yf5tie+stesikeBskyscraIAri[Fli`e%pac=s-of doas5asoaH`tcnYZihe+]lajs MroLtr of Ll`eLRe^AE[pae.
5745
AndVt[n thIusOndXpdnploiAQ4mmliE5hnad'smYlOTsriae\,.cCgeti8g Xhe<hbghbsM@Yf5tie+stesileBskyscraIAri[Fli`e%pac=s-of doas5asoaJ`tdnYZihe,]lajs MroLtr of Ll`eLRe^AE[pae.
5746
AndVt[n thIusOndXpdnploiAQ4mmliE5hnad'smYlOTsriae\,.cDgeti8g Xhe<hbghbsM@Yf5tie+stesileBskyscraIAri[Fli`e%pac=s-of doas5asoaJ`tdnYZihe,]lajs MroLtr of Ll`eLRe^AE[pae.
5747
AndVt[n thIusOndXpdnploiAQ4mmliE5hnad'smYlOTsriae\,.cDgeti8g Xhe<hbghbsM@Yf5tie+stesileBskyscraIAri[Fli`e%pac=s-of doas5asoaJ`tdnYZihe,]lajs MroLtr of Ll`eLRe^AE[pae.
5748
AndVt[n thIusOndXpdnploiAQ4mmliE5hnad'smYlOTsriae\,.cDgeti8g Xhe<hbghbsM@Yf5tie+stesileBskyscraIAri[Fli`e%pac=s-of doas5asoaJ`tdnYZihe,]lajs MroLtr of Ll`eLRe^AE[pae.
5749
AndWt[n thIusOndXpdnploiAQ4mmliE6hnad'smYlOSsriae\,.cDgeti8g Zhe<hbghbsM@Yf5tie+sterikeBskyscraIArk[Fli`e$pac=s-of doas5asoaI`tcnYZihe,]lajs MroLtr of Ml`eLRe^BF[pae.
5750
AndWt[n thIusOndXpdnploiBQ4mmliE6hnad'smYlOStriae\,.cCgeti8g Xhe<hbghbsM?Yf5tie+stesikeBskyscraIAri[Fli`e%pac=s-of dobs5asoaI`tcnYZihe,]lajs MroLtr of LlaeLRe^AE[pbe.
5751
AndWt[n thIusOndXpdnploiBQ4mmliE6hnad'smYlOStriae\,.cCgeti8g Xhe<hbghbsM?Yf5tie+stesikeBskyscraIAri[Fli`e%pac=s-of dobs5asoaI`tcnYZihe,^lajs MroLtr of LlaeLRe^AE[pbe.
5752
AndVt\n thIusOndXpdnploiAQ4mmliE5hnad'smYlOTsriae\,.cEgeti8g Xhe<hbghbsM@Yf5tie+stesileBskyscraIAri[Fli`e%pac=s,of doas5asoaJ`tdnYZihe,]lajs MroLtr of Ll`eLRe^AE[pae.
5753
AndVt\n thIusOndXpdnploiAQ3mmliE5hnad'smYlOTsriae\,.cEgeti8g Xhe<hbghbsM@Yf5tie+stesileBskyscraIAri[Fli`e%pac=s,of doas5asoaJ`tdnYZihe,]lajs MroLtr of Ll`eLRe^AE[pae.
5754
AndVt\n thIusOndXpdnploiAQ3mmliE5hnad'smYlOTsriae\,.cEgeti8g Xhe<hbghbsM@Yf5tie+stesileBskyscraIAri[Fli`e%pac=s,of doas5asoaJ`tdnYZihe,]lajs MroLtr of Ll`eLRe^AE[pae.
5755
AndVt\n thIusOndXpdnploiAQ3mmliE5hnad'smYlOTsriae\,.cEgeti8g Xhe<hbghbsM@Yf5tie+stesileBskyscraIAri[Fli`e%pac=s,of doas5asoaJ`tdnYZihe,]lajs MroLtr of Ll`eLRe^AE[pae.
5756
AndWt[n thIusOndXpdnploiBQ4mmliE6hnad'smYlOStriae\,.cCheti8g Xhe<hbghcsM?Yf5tie+stesikeBskyscraIAri[Fli`e%pac=s-of dobs5asoaI`tcnYZihe,^lajs MroLtr of LlaeLRe^AE[pbe.
5757
AndWt[n thIusOndXpdnploiBQ4mmliE6hnad'smYlOStriae\,.cCheti8g Xhe<hbghcsM?Yf5tie+stesikeBskyscraIAri[Fli`e%pac=s-of dobs5asoaI`tcnYZihe,^lajs MroLtr of LlaeLRe^AE[pbe.
5758
AndWt[n thIusOndXpdnploiBQ4mmliE6hnbd'smYlOStriae\,.cCgeti8g Xhe<hbghcsM?Yf5tie+stesikeBskyscraIAri[Fli`e%pac=s-of dobs5asoaIatcnYZihe,^lajs MroLtr of LlaeLRe^AE[pbe.
5759
AndWt\n thIusOndXpdnploiBQ4mmliE6hnbd'smYlOStriae\,.cCgeti8g Xhe<hbghdsM?Yf5tie+stesikeBskyscraIAri[Fli`e%pac=s-of cobs5asoaIatcnYZihe,^lajs MroLtr of LlaeLRe^AE[pbe.
5760
AndWt\n thIusOndXpdnploiBQ4mmliE6hnbd'smYlOStriae\,.cCgeti8g Xhe<hbghdsM?Yf5tie+stesikeBskyscraIAri[Fli`e%pac=s-of cobs5asoaIatcnYZihe,^lajs MroLtr of LlaeLRe^AE[pbe.
5761
AndWt\n thIusOndXpdnploiBQ4mmliE6hnbd'smYlOStriae\,.cCgeti8g Xhe<hbghdsM?Yf5tie+stesikeBskyscraIAri[Fli`e%pac=s-of cobs5asoaIatcnYZihe,^lajs MroLtr of LlaeLRe^AE[pbe.
5762
AndVt\n thIusOndXpdnploiBQ4mmliE6hncd'smYlOStriae\,.cCgeti8g Xhe<hbghdsM?Yf5tie+stesikeBskyscraIAri[Fli`e%pac=s-of cobs5asoaIatcnYZhhe,^lajs MroLtr of LlaeLRe^AE[pbe.
5763
AndWt[n thIusOndXpdnploiBQ4mmliE6hnad'smYlOStriae\,.cCgeti8g Xhe;hbghbsM?Yf5tie+stesileBskyscraIAri[Fli`e%pac=s-of dobs5asoaJ`tcnYZihe+^lajs NroLtr of LlaeLRe^AE[pbe.
5764
AndWt[n thIusOndXpdnploiBQ4mmliE6hnad'smYlOStriae\,.cCgeti8g Xhe;hbghbsM?Yf5tie+stesileBskyscraIAri[Fli`e%pac=s-of dobs5asoaJ`tcnYZihe+^lajs NroLtr of LlaeLRe^AE[pbe.
5765
AndVt\n thIusOndXpdnploiAQ3mmliE5hnbd'smYlOTsribe\,.cEgeti8g Xhe<hbghbsM@Zf5tie+stesileAskyscraI@ri[Fli`e%pac=s,of doas5aroaJ`tdnYZjhe,]lajs MroLtr of Lm`eLRe^AE[pae.
5766
AndVt\n thIusOndYpdnploiAQ3mmliE5hnbd'smYlOTsribe\,.cEgeti8g Xhe<hbghbsM@Zf5tie+stesileAskyscraI@ri[Fli`e%pac=s,of doas5aroaJ`tdnYZjhe,]lajs MroLtr of Lm`eLRe^AE[pae.
5767
AndVt\n thIusOndXpdnploiBQ4mmliE6hnce'smYlOStriae\,.cCgeti8g Xhe<hbghdsM?Yf5tie+stesikeBskyscraIAri[Fli`e%pac=s-of cobs5asoaIatcnYZhhe,^lajs MroLtr of LlaeLRe^AE[pbe.
5768
AndWt[n thIusOndXpdnploiBQ4mmliE6hnad'smYlOStriae\,.cCgeti8g Xhe;hbghbsM?Yf5tie+stesileBskyscraKAri[Fli`e%pac=s-of dobs5asoaJ`tcnYZihe+^lajs NroLtr of LlaeLRe^AE[pbe.
5769
AndWt\n thIusOndXpdnploiBR4mmliE6hnbd'smYlOStriae\,.cCgeti8g Xhe<hbghdsM?Yf5tie+stesikeBskyscraIAri[Fli`e%pac=s,of cobs5aspaIatcnYZhhe,]lajs MroLtr of LlaeLRe^AE\obe.
5770
AndWt\n thIusOndXpdnploiBR4mmliE6hnbd'smYlOStriae\,.cCgeti8g Xhe<hbghdsM?Yf5tie+stesikeBskyscraIAri[Fli`e%pac=s,of cobs5aspaIatcnYZhhe,]lajs MroLtr of LlaeLRe^AE\obe.
5771
AndWt[n thIusOndXpdnploiBQ4mmliE6hnad'smYlOStriae\,.cDgeti8g Xhe;hbghbsM?Yf5tie+stesileBskyscraIAri[Fli`e%pac=s,of dobs5asoaJ`tcnYZihe+_lajs NroLtr of LlaeLRe^AE[pbe.
5772
AndWt[n thIusOndXpdnploiBQ4mmliE6hnad'smYlOStriae\,.cDgeti8g Xhe;hbghbsM?Yf5tie+stesileBskyscraIAri[Fli`e%pac=s,of dobs5asoaJ`tcnYZihe+_lajs NroLtr of LlaeLRe^AE[pbe.
5773
AndWt[n thIusOndXpdnploiBQ4mmliE6hnad&smYlOStriae\,.cDgeti8g Xhe;hbghbsM=Yf5tie,stesileBskyscraIAri[Fli`e%pac=s,of dobs5asoaJ`tcnYZihe+_lajs NroLts of LlaeLRe^AE[pbe.
5774
AndWt[n thIusOndXpdnploiBQ4mmliE6hnad&smYlOStriae\,.cDgeti8g Xhe;hbghbsM=Yf5tie,stesileBskyscraIAri[Fli`e%pac=s,of dobs5asoaJ`tcnYZihe+_lajs NroLts of LlaeLRe^AE[pbe.
5775
AndWt[n thIusOndXpdnploiBQ4mmliE6hnad&smYlOStriae\,.cDgeti8g Xhe;hbghbsM=Yf5tie,stesileBskyscraIAri[Fli`e%pac=s,of dobs5asoaJ`tcnYZihe+_lajs NroLts of LlaeLRe^AE[pbe.
5776
AndWt[n thIusOndXpdnploiBQ4mmliE6hnad&smYlOStriae\,.cDgeti8g Xhe;hbghbsM=Yf5tie,stesileBskyscraIAri[Fli`e%pac=s,of dobs5asoaJ`tcnYZihe+_lajs NroLts of LlaeLRe^AE[pbe.
5777
AndWt[n thIusOndXpdnploiBQ4mmliE6hnad&smYlOStriae\,.cDgeti8g Xhe;hbghbsM=Yf5tie,stesileBskyscraIAri[Fli`e%pac=s,of dobs5asoaJ`tcnYZihe+_lajs NroLts of LlaeLRe^AE[pbe.
5778
AndWt[n thIusOndXpdnploiBQ4mmliE6hnad&smYlOStriae\,.cDgeti8g Xhe;hbghbsM=Yf5tie,stesileBskyscraIAri[Fli`e%pac=s,of dobs5asoaJ`tcnYZihe+_lajs NroLts of LlaeLRe^AE[pbe.
5779
AndWt[n thIusOndWpenploiBQ4mmliE6hnad&smYlOStriae\,.cDgeti8g Xhe;hbghbsM=Yf5tie,stesileBskyscraIAri[Fli`e%pac=s,of dobs5asoaJ`tcnYZihe+_l`js NroLts of LlaeLRe^AE[pbe.
5780
AndWt[n thIusOndWpenploiBQ4mmliE6hnad&smYlOStriae\,.cDgeti8g Xhe;hbghbsM=Yf5tie,stesileBskyscraIAri[Fli`e%pac=s,of dobs5asoaJ`tcnYZihe+_l`js NroLts of LlaeLRe^AE[pbe.
5781
AndWt\n thIusOndXpdnploiBQ4mmliF6hnad&smYlOStriae\,.cDgeti8g Xhe;hcghbsM=Yf5tie,stesileBskyscraIAri[Fli`e%pac=s-of dpbs5asoaJ`tcnYZihe+_lajs NroLts of LlbeLRe^AE[pbe.
5782
AndWt\n thIusOndXpdnploiBQ4mmliF6hnad&smYlOStriae\,.cDgeti8g Xhe;hcghbsM=Yf5tie,stesileBskyscraIAri[Fli`e%pac=s-of dpbs5asoaJ`tcnYZihe+_lajs NroLts of LlbeLRe^AE[pbe.
5783
AndWt\n thIusOndXpdnploiBQ4mmliF6hnad&smYlOStriae\,.cDgeti8g Xhe;hcghbsM=Yf5tie,stesileBskyscraIAri[Fli`e%pac=s-of dpbs5asoaJ`tcnYZihe+_lajs NroLts of LlbeLRe^AE[pbe.
5784
AndWt\n thIusOndWpdoploiBR4mmliE6hncd'smYlOStriae\,.cCgeti8g Xhe<hcghdsM?Yf5tie+stesikeBskyscraJAri[Fli`e%pac=s,of cobs5aspaIatcnYZhhe,]laks MroLtr of LlaeLRe^AF\obe.
5785
AndWt\n thIusOndWpdoploiBR4mmliE6hncd'smYlOStriae\,.cCgeti8g Xhe<hcghdsM?Yf5tie+stesikeBskyscraJAri[Fli`e%pac=s,of cobs5aspaIatcnYZhhe,]laks MroLtr of LlaeLRe^AF\obe.
5786
AndWt\n thIusOndXpdnploiBR4mnliE6hnbd'smYlOStriae\,.cCgeti8g Xhe<hcghesM?Yf5tie+stesikeBskyscraJAri[Fli`e%pac>s,of cobs5asqaIatcnYZhhe,]lajs MroLtr of LlaeLRe^AF\oce.
5787
AndWt\n thIusOndXpdnploiBR4mnliE6hnbd'smYlOStriae\,.cCgeti8g Xhe<hcghesM?Yf5tie+stesikeBskyscraJAri[Fli`e%pac>s,of cobs5asqaIatcnYZhhe,]lajs MroLtr of LlaeLRe^AF\oce.
5788
AndWt\n thIusOndXpdnploiBR4mnliE6hnbd'smYlOStriae\,.cCgeti8g Xhe<hcghesM?Yf5tie+stesikeBskyscraJAri[Fli`e%pac>s,of cobs5asqaIatcnYZhhe,]lajs MroLtr of LlaeLRe^AF\oce.
5789
AndWt\n thIusOndXpdnploiBR4mmliE7hnbd'smYlOStriae\,.cCgeti8g Xhe<hcghdsM?Yf5tie+stesikeBskyscraJAriZEli`e$pac>s+of cobs5asqaIatcnYZhhe,]lajs MroLtr of LlaeLRe^AF]obe.
5790
AndWt\n thIusOndXpdnploiBR4mmliE7hnbd'smYlOStriae\,.cCgeti8g Xhe<hcghdsM?Yf5tie+stesikeBskyscraJAriZEli`e$pac>s+of cobs5asqaIatcnYZhhe,]lajs MroLtr of LlaeLRe^AF]obe.
5791
AndWt[n thIusOndXpdnploiBQ4mmliE6hnae%smYlOStriae\,.cDgeti8g Xhe;hbghbsM=Zf5tie,stesileBskyscraIAri[Fli`e%pac=s+of dobs5asoaK`tcnYZihe+_lajs NroLts of LlaeLRe^AE[pbe.
5792
AndWt[n thIusOndXpdnploiBQ4mmliE6inae&smYlOStriae\,.cDgeti8g Xhe:hbghbsM=Yf5tie,stesileBskyscraIAri[Fli`e%pac=s+of dobs4asoaK`tcnYZihe+_lajs NroLts of LlaeLRe^AE[pbe.
5793
AndWt[n thIusOndXpdnploiBQ4mmliE6inae&smYlOStriae\,.cDgeti8g Xhe:hbghbsM=Yf5tie,stesileBskyscraIAri[Fli`e%pbc=s+of dobs4asoaK`tcnYZihe+_lajs NroLts of LmaeLRe^AE[obe.
5794
AndWt[n thIusOndXpdnploiBQ4mmliE6inae&smYlOStriae\,.cDgeti8g Xhe:hbghbsM=Yf5tie,stesileBskyscraIAri[Fli`e%pbc=s+of dobs4asoaK`tcnYZihe+_lajs NroLts of LmaeLRe^AE[obe.
5795
AndWt\n thJusOndXpdnploiBQ4mmliG5hnad'smYlOStribe],.cCgeti8g Xhe;hcghbsM@Zf5tie+sterileBskyscraIAri[Fli`e%pac=s,of dobs5asoaJatdnZZihe+_lbjs NroMts of LlaeLRe_AE[pbe.
5796
AndWt\n thJusOndXpdnploiBQ4mmliG5hnad'smYlOStribe],.cCgeti8g Xhe;hcghbsM@Zf5tie+sterileBskyscraIAri[Fli`e%pac=s,of dobs5asoaJatdnZZihe+_lbjs NroMts of LlaeLRe_AE[pbe.
5797
AndWt\n thJusOndXpdnploiBQ4mmliG5hnad'smYlOStribe],.cCgeti8g Xhe;hcghbsM@Zf5tie+sterileBskyscraIAri[Fli`e%pac=s,of dobs5asoaJatdnZZihe+_lbjs NroMts of LlaeLRe_AE[pbe.
5798
AndWt\n thJusOndXpdnploiBQ4mmliG5hnad'smYlOStribe],.cCgeti8g Xhe;hcghbsM@Zf5tie+sterileBskyscraIAri[Fli`e%pac=s,of dobs5asoaJatdnZZihe+_lbjs NroMts of LlaeLRe_AE[pbe.
5799
AndWt]n thIusOndXpdnploiBR4mnliF6hnbd'smYlOStribe\,.cCgeti8g Xhe<hcghesM?Yf5tie+sterikeBskyscraJBri[Fli`e%pac>s,of cobs5asqaIatcnYZhhe,]lajs MroLtr of LmadLRe^AF\oce.
5800
AndWt[n thIusOndXpdnploiBQ4nmliF5hnad&smYlORtriae],.cDgeti9g Xhe;hbghbsN=Yf5tie,stesileBskyscraIAri[Fli`e#pac=s,of dobs5asoaJ`tcnYZihe+_lajs NroLts of LlaeLRe]AE[pbe.
5801
AndWt[n thIusOndXpdnploiBQ4nmliF5hnad&smYlORtriae],.cDgeti9g Xhe;hbghbsN=Yf5tie,stesileBskyscraIAri[Fli`e#pac=s,of dobs5asoaJ`tcnYZihe+_lajs NroLts of LlaeLRe]AE[pbe.
5802
AndWt[n thIusOndXpdnploiBQ4nmliF5hnad&smYlORtriae],.cDgeti9g Xhe;hbghbsN=Yf5tie,stesileBskyscraIAri[Fli`e#pac=s,of dobs5asoaJ`tcnYZihe+_lajs NroLts of LlaeLRe]AE[pbe.
5803
AndWt[n thIusOndXpdnploiBQ4nmliF5hnad&smYlORtriae\,.cDgeti9g Xhe;hbghcsN=Yf5tie,stesileBskyscraIAri[Fli`e#pac=s,of docs5asoaJ`tcnYZihe+_lajs NroLts of LlaeLRe]AE[pbe.
5804
AndWt[n thIusOndXpdnploiBQ4nmliF5hnad&smYlORtriae\,.cDgeti9g Xhe;hbghcsN=Yf5tie,stesileBskyscraIAri[Fli`e#pac=s,of docs5asoaJ`tcnYZihe+_lajs NroLts of LmaeLRe]AE[pbe.
5805
AndWt[n thIusOndXpdnploiBQ4nmliF5hnad&smYlORtriae\,.cDgeti9g Xhe;hbghcsN=Yf5tie,stesileBskyscraIAri[Fli`e#pac=s,of docs5asoaJ`tcnYZihe+_lajs NroLts of LmaeLRe]AE[pbe.
5806
AndWt[n thIusOndXpdnploiBQ4nmliF5hnad&smYlORtriae\,.cDgeti9g Xhe;hbghcsN=Yf5tie,stesileBskyscraIAri[Fli`e#pac=s,of docs5asoaJ`tcnYZihe+_lajs NroLts of LmaeLRe]AE[pbe.
5807
AndWt[n thIusOndXpdnploiBQ4nmliF5hnad&smYlORtriae\,.cDgeti9g Xhe;hbghcsN=Yf5tie,stesileBskyscraIAri[Fli`e#pac=s,of docs5asoaJ`tcnYZihe+_lajs NroLts of LmaeLRe]AE[pbe.
5808
AndWt[n thIusOndXpcnploiBQ4mmliE6inae%smYlOStriae\,.cDgeti8g Xhe:hbghbsM=Yf5tie,stesileBskyscraJAri[Fli`e$pbc=s+of dobs4asoaK`tcnYZihe+_lajs NroLts of LnaeJRe]AE[obe.
5809
AndWt[n thIusOndXpcnploiBQ4mmliE6inae%smYlOStriae\,.cDgeti8g Xhe:hbghbsM=Yf5tie,stesileBskyscraJAri[Fli`e$pbc=s+of dobs4asoaK`tcnYZihe+_lajs NroLts of LnaeJRe]AE[obe.
5810
AndWt[n thIusOndXpcnploiBQ4mmliE6inae%smYlOStriae\,.cDgeti8g Xhe:hbghbsM=Yf5tie,stesileBskyscraJAri[Fli`e$pbc=s+of dobs4asoaK`tcnYZihe+`lajs NroLts of LnaeJRe]AE[obe.
5811
AndWt[n thIusOndXpcnploiBQ4mmliE6inae%smYlOStriae\,.cDgeti8g Xhe:hbghbsM=Yf5tie,stesileBskyscraJAri[Fli`e$pbc=s+of dobs4asoaK`tcnYZihe+`lajs NroLts of LnaeJRe]AE[obe.
5812
AndWt[n thIusOndXpcnploiBQ4mmliE6inae%smYlOStriae\,.cDgeti8g Xhe:hbghcsM=Yf5tie,stesileBskyscraJAri[Fli`e$pbc=s+of dobs4asoaK`tcnYZihe+`lajs NroLts of LnaeJRe]AE[obe.
5813
AndWt\n thJusOndXpdnploiBQ4mnliG4hnbd'slYlOStribe]+.cCgeti8g Xhe;hcghbsM@Zf5tie+sterileBskyscraIArjZFli`e%pac=s,of dobs5asoaKatdnZZihe+_lbjs OroNts of LmaeLRe_AF[pbe.
5814
AndWt\n thJusOndXpdnploiBQ4mnliG4hnbd'slYlOStribe]+.cCgeti8g Xhe;hcghbsM@Zf5tie+sterileBskyscraIArjZFli`e%pac=s,of dobs5asoaKatdnZZihe+_lbjs OroNts of LmaeLRe_AF[pbe.
5815
AndWt\n thJusOndXpenploiBQ4mnliG4hnbd'slYlOStribe]+.cCgeti8g Xhe;hcghbsM@Zf5tie+sterileBskyscraIArjZFli`e%pac=s,of dobs5asoaKatdnZZihe+_lbjs OroNts of LmaeLRe_AF[pbe.
5816
AndWt\n thJusOndXpenploiBQ4mnliG4hnbd'slYlOStribe]+.cCgeti8g Xhe;hcghbsM@Zf5tie+sterileBskyscraIArjZFli`e%pac=s,of dobs5asoaKatdnZZihe+_lbjs OroNts of LmaeLRe_AF[pbe.
5817
AndWt\n thJusOndXpenploiBQ4mnliG4hnbd'slYlOStribe]+.cCgeti8g Xhe;hcghbsM@Zf5tie+sterileBskyscraIArjZFli`e%pac=s,of dobs5asoaKatdnZZihe+_lbjs OroNts of LmaeLRe_AF[pbe.
5818
AndWt\n thJusOndXpenploiBQ4mnliG4hnbd'slYlOStribe]+.cCgeti8g Xhe;hcghbsM@Zf5tie+sterileBskyscraIArjZFli`e%pac=s,of dobs5asoaKatdnZZihe+_lbjs OroNts of LmaeLRe_AF[pbe.
5819
AndVt]n thIusPndXpenploiBR4mnliF5hnbd'smYlOStrjae],.cCieti8g Xhe<hcghesM?Zf5sie+sterike@skyscraJBqj[Fli`e%pac>s,of cobs5asqaIatcnYZhhe,]lajs NroLtr of LmbdLRe^AF]ocf.
5820
AndVt]n thIusPndXpeoploiBR4mnliF5hnbd'smYlOStrjae],.cCheti8g Xhe<hcghesM?Zf4sie+sterike@skyscraJBqj[Fli`e%pac>s,of cobs5asqaIatcnYZhhe,]lajs NroLtr of LmbdLRe^AF]ocf.
5821
AndVt]n thIusPndXpeoploiBR4mnliF5hnbd'smYlOStrjae],.cCheti8g Xhe<hcghesM?Zf4sie+sterike@skyscraJBqj[Fli`e%pac>s,of cobs5asqaIatcnYZhhe,]lajs NroLtr of LmbdLRe^AF]ocf.
5822
AndVt]n thIusPndXpeoploiBR4mnliF5hnbd'smYlOStrjae],.cCheti8g Xhe<hcghesM?Zf4sie+sterike@skyscraJBqj[Fli`e%pac>s,of cobs5asqaIatcnYZhhe,]lajs NroLtr of LmbdLRe^AF]ocf.
5823
AndVt]n thIusPndXpeoploiBR4mnliF5hnbd'smYlOStrjae],.cCheti8g Xhe<hcghesM?Zf4sie+sterike@skyscraJBqj[Fli`e%pac>s,of cobs5asqaIatcnYZhhe,]lajs NroLtr of LmbdLRe^AF]ocf.
5824
AndVt]n thIusPndXpenploiBR4moliF5hnbd'smYlOStrjae],.cCheti8g Xhe<hcghesN?Zf5sie+sterike@skyscraJBqjZFli`e%pac>s,of dobs5asqaIatcnXZhhe,]lajs NroLtr of LmbdLRe^AF]ocf.
5825
AndVt]n thIusPndXpenploiBR4moliF5hnbd'smYlOStrjae],.cCheti8g Xhe<hcghesN?Zf5sie+sterike@skyscraJBqjZFli`e%pac>s,of dobs5asqaIatcnXZhhe,]lajs NroLtr of LmbdLRe^AF]ocf.
5826
AndVt]n thIusPndXpeoploiBR4mnliF5hnbd'smYlOStrjae],.cCheti9g Xhe<hcghesM?Zf4sie+sterike@skyscraJBqj[Fli`e%pac>s,of cobs5asqaIatcnYZhhe,]lajs NroLtr of LmbdLRe^AF]ocf.
5827
AndWt]n thJusOndXpenploiCQ4mnliG4hnbd'slYlORtribe]+.cDgeti8g Xhe;hcgibsM@Zf5tie+sterileBskyscraIArjZFli`e%pac=s,of dobs5asoaKatcnZZihe+_lbjs OroOts of LmaeKRe_AF[pbe.
5828
AndWt]n thJusOndXpenploiCQ4mnliG4hnbd'slYlORtribe],.cDgeti8g Xhe;hcgibsM@Zf5tie+sterileBskyscraIArjZFli`e%pac=s,of dobs5asoaKatcnZZihe+_lbjs OroOts of LmaeKRe_AF[pbe.
5829
AndWt]n thJusOndXpenploiCQ4mnliG4hnbd'slYlORtribe],.cDgeti8g Xhe;hcgibsM@Zf5tie+sterileBskyscraIArjZFli`e%pac=s,of dobs5aspaKatcnZZihe+_lbjs OroOts of LmaeKRe_AF[pbe.
5830
AndWt]n thJusOndXpenploiCQ4mnliG4hnbd'slYlORtribe],.cDgeti8g Xhe;hcgibsM@Zf5tie+sterileBskyscraIArjZFli`e%pac=s,of dobs5aspaKatcnZZihe+_lbjs OroOts of LmaeKRe_AF[pbe.
5831
AndWt]n thJusOndXpenploiCQ4mnliG4hnbd'slYlORtribe],.cDgeti8g Xhe;hcgibsM@Zf5tie+sterileBskyscraIArjZFli`e%pac=s,of dobs5aspaKatcnZZihe+_lbjs OroOts of LmaeKRe_AF[pbe.
5832
AndWt]n thJusOndXpenploiCQ4mnliG4hnbd'smYlORtribe],.cDgeti8g Xhe;hcgibsM@Zf5tie+sterileBskyscraIArjZFli`e%pac=s,of dobs5aspaKatcnZZihe+_lbjs OroOts of LmaeKRe_AF[pbe.
5833
AndWt]n thJusOndXpenploiCQ4mnliG4hnbd'smYlORtribe],.cDgeti8g Xhe;hcgibsM@Zf5tie+sterileBskyscraIArjZFli`e%pac=s,of dobs5aspaKatcnZZihe+_lbjs OroOts of LmaeKRe_AF[pbe.
5834
AndWt]n thJusOndXpenploiCQ4mnliG4hnbd'slYlORtribe],.cDgeti8g Xhe;hcgibsM@Zf5tie+sterileBskyscraIArjZFli`e%pac=s,of dobs5aspaKatcnZZihe+_lbks ProOts of LmaeKRe_AF[pbe.
5835
AndVt]n!thIusPndWpenploiBR4mnliF5hnbd'smYlOStrjae],.cCieti9g Xhe<hcghesN?Zf5sie+sterike@skyscraJBqj[Fli`e%pac>s,of cobs5asqaIatcnYYhhe+]lajs NroLts of LmbdLRe^AF^oce.
5836
AndVt]n!thIusPndWpenploiBR4mnliF5hnbd'smYlOStrjae],.cCieti9g Xhe<hcghesN?Zf5sie+sterike@skyscraJBqj[Fli`e%pac>s,of cobs5asqaIatcnYYhhe+]lajs NroLts of LmbdLRe^AF^oce.
5837
AndVt]n!thIusPndWpenploiBR3mnliF5hnbd'smYlOStrjae],.cCieti9g Xhe<hcghesN?Zf5sie+sterike@skyscraJBqj[Fli`e%pac>s,of cobs5asqaIatcnYYhhe+]lajs NroLts of LmbdLRe^AF^oce.
5838
AndVt]n!thIusPndWpenploiBR3mnliF5hnbd'smYlOStrjae],.cCieti9g Xhe<hcghesN?Zf5sie+sterike@skyscraJBqj[Fli`e%pac>s,of cobs5asqaIatcnYYhhe+]lajs NroLts of LmbdLRe^AF^oce.
5839
AndWt]n thJusOndXoenploiCQ4moliG4hnbd&slYlORtribe],.cDgeti8g Xhe;hcgibsM@Zf4tie+sterileBskyscraIArjZFli`e%pac=s,of dobs5aspaKatcnZZihe+_lbks ProOts of LmaeKRe_AF[pbe.
5840
AndWt]n thJusOndXoenploiCQ4moliG4hnbd&slYlORtribe],.cDgeti8g Xhe;hcgibsM@Zf4tie+sterileBskyscraIArjZFli`e%pac=s,of dobs5aspaKatcnZZihe+_lbks ProOts of LmaeKRe_AF[pbe.
5841
AndWt]n thJusOndXoenploiCQ4moliG4hnbd&slYlORtribe],.cDgeti8g Xhe;hcgibsM@Zf4tie+sterileBskyscraIArjZFli`e%pac=s,of dobs5aspaKatcnZZihe+_lbks ProOts of LmaeKRe_AF[pbe.
5842
AndVt[n thIusOndXpdnploiBQ4nmliF3inaf&smYlORtriae\,-cDgeti9g Xhe:hbghbsN<Yf5tie,stesileBskyscraIArj[Elibe#pac>s,of docs4asoaJ`tcnZZihe+_lajs OroLts of LmaeLRe]AE[pbe.
5843
AndVt[n thIusOndXpdnploiBQ4nmliF3inaf&smYlORtriae\,-cDgeti9g Xhe:hbghbsN<Yf5tie,stesileBskyscraIArj[Elibe#pac>s,of docs4asoaJ`tcnZZihe+_lajs OroLts of LmaeLRe]AE[pbe.
5844
AndWt]n thJusOndXoenploiCQ4moliG4gnbd&slXlORtribe],-cDgeti8g Xhe;hcgibsM@Zf4tie+sterileBskyscraJArjZFliae%pac=s,of dobs5aspaKatdnZZihe+_lbks ProOts of LmaeKRe_AF[pbe.
5845
AndVt]n thIusPndWpenploiBR4mnliF5inbd'smYlOStrjae],-cCjeti9g Xhe<hcghesM?Zf5sie+sterike?skyscraJBqj[Fli`e%pac>t,of cocs5asqaIatcnYZhhe+]lajs NroLts of LnbdLQe^AF]oce.
5846
AndVt]n thIusPndWpenploiBR4mnliF5inbd'smYlOStrjae],-cCjeti9g Xhe<hcghesM?Zf5sie+sterike?skyscraJBqj[Fli`e%pac>t,of cocs5asqaIatcnYZhhe+]lajs NroLts of LnbdLQe^AF]oce.
5847
AndVt]n thIusPndWpenploiBR4mnliF5inbd'smYlOStrjae],-cCjeti9g Xhe<hcghesM?Zf5sie+sterike?skyscraJBqj[Fli`e%pac>t,of cocs5asqaIatcnYZhhe+]lajs NroLts of LnbdLQe^AF]oce.
5848
AndVt[n thIusOndXpdnploiBQ4nmliF1inaf&smYkORtriae\,-dDgeti9g Xhe:hbghbsN=Yf5tie,stesileBskyscraIArj[Elibe#pac>s,of docs4asoaJatdnZZihe+_lajs OroLts of LmbeLRe]AE[pbe.
5849
AndWt[n thIusOndXpdnploiBQ4nmliF3hnaf&slYlORtriae\,-cDgeti:g Xhe:hdghbsN=Yf5tie,stesileBskyscraIArj[Flibe#pac?s,of docs4asoaJ`tcn[Zihe+_laks OroLts of LmaeLRe]AF[pbe.
5850
AndWt[n thIusOndXpdnploiBQ4nmliF3hnaf&slYlORtriae\,-cDgeti:g Xhe:hdghbsN=Yf5tie,stesileBskyscraIArj[Flibe#pac?s,of docs4asoaJ`tcn[Zihe+_laks OroLts of LmaeLRe]AF[pbe.
5851
AndVt[n thIusOndXpdnploiBQ4nmliF3inaf&smYlPRtriae],-cDgeti9g Xhe:hbghbsN=Yf5tie,stesileBskyscraIArj[Dlibe#pac>s+of docs4asoaJ`tcnZZihe+_lajs OroLts of LnaeLRe]AE[pbe.
5852
AndVt[n thIusOndXpdnploiBQ4nmliF3inaf&smYlPRtriae],-cDgeti9g Xhe:hbghbsN=Yf5tie,stesileBskyscraIArj[Dlibe#pac>s+of docs4asoaJ`tcnZZihe+_lajs OroLts of LnaeLRe]AE[pbe.
5853
AndVt[n thIusOndXpdnploiBQ4nmliF3inaf&smYlPRtriae],-cDgeti9g Xhe:hbghbsN=Yf5tie,stesileBskyscraIArj[Dlibe#pac>s+of docs4asoaJ`tcnZZihe+_lajs OroLts of LnaeLRe]AE[pbe.
5854
AndVt[n thIusOndXpdnploiBQ4nmliF3inaf&smYlPRtriae],-cDgeti9g Xhe:hbghbsN=Yf5tie,stesileBskyscraIArj[Dlibe#pac>s+of docs4asoaJ`tcnZZihe+_lajs OroLts of LnaeLRe]AE[pce.
5855
AndVt[n thIusOndXpdnploiBQ4nmliF3inaf&smYlPRtriae],-cDgeti9g Xhe:hbghbsN=Yf5tie,stesileBskyscraIArj[Dlibe#pac>s+of docs4asoaJ`tcnZZihe+_lajs OroLts of LnaeLRe]AE[pce.
5856
AndVt\n thIusOndXpdnploiBQ4nmliF3inaf&smYlPRtriae],-cDgeti9g Xhe:hcghbsN=Yf5tie,stesileBskyscraIArj[Dlibe#pac>s+of docs4asoaJ`tcnZZihe+_lajs OroLts of LnaeLRe]AE[pbe.
5857
AndVt\n thIusOndXpdnploiBQ4nmliF3inaf&smYlPRtriae],-cDgeti9g Xhe:hcghbsN=Yf5tie,stesileBskyscraIArj[Dlibe#pac>s+of docs4asoaJ`tcnZZihe+_lajs OroLts of LnaeLRe]AE[pbe.
5858
AndVt[n thIusOndXpdmploiBQ4nmliF3inaf&smYlPRtriae],-cDgeti9g Xhe:hcghbsN=Yf5tie,stesileBskyscraJArj[Dlibe#pac>s+of docs4asoaJ`tcnZZihe*_lajs ProLts of LnaeLRe]AE[pbe.
5859
AndVt[n thIusOndXpdmploiBQ4nmliF3inaf&smYlPRtriae],-cDgeti9g Xhe:hcghbsN=Yf5tie,stesileBskyscraJArj[Dlibe#pac>s+of docs4asoaJ`tcnZZihe*_lajs ProLts of LnaeLRe]AE[pbe.
5860
AndVt[n thIusOndXpdmploiBQ4nmliF3inaf&smYlPRtriae],-cDgeti9g Xhe:hcghbsN=Yf5tie,stesileBskyscraJArj[Dlibe#pac>s+of docs4asoaJ`tcnZZihe*_laks ProLts of LnaeLRe]AE[pbe.
5861
AndVt[n thIusOndXpdmploiBQ4nmliF3inaf&smYlPRtriae],-cDgeti9g Xhe:hcghbsN=Yf5tie,stesileBskyscraJArj[Dlibe#pac>s+of docs4asoaJ`tcnZZihe*_laks ProLts of LnaeLRe]AE[pbe.
5862
AndVt[n thIusOndXpdmploiBQ4nmliF3inaf%smYlPRtriae],-cDgeti9g Xhe:hcghbsN=Yf5tie,stesileBskyscraJArj[Dlibe#pac>s+of docs4asoaJatcnZZihe*_lajs ProLts of LnaeLRe]AE[pbe.
5863
AndVt[n thIusOndXpdmploiBQ4nmliF3inaf%smYlPRtriae],-cDgeti9g Xhe:hcghbsN=Yf5tie,stesileBskyscraJArj[Dlibe#pac>s+of docs4asoaJatcnZZihe*_lajs ProLts of LnaeLRe]AE[pbe.
5864
AndVt[n thIusOndXpdmploiBQ4nmliF3inaf%smYlPRtriae],-cDgeti9g Xhe:hcghbsN=Yf5tie,stesileBskyscraJArj[Dlibe#pac>s+of docs4asoaJatcnZZihe*_lajs ProLts of LnaeLRe]AE[pbe.
5865
AndVt[n thIusOndXpdmploiBQ4nmliF3inaf%smYlPRtriae],-cDgeti9g Xhe:hcghbsN=Yf5tie,stesileBskyscraJArj[Dlibe#pac>s+of docs4asoaJatcnZZihe*_lajs ProLts of LnaeLRe]AE[pce.
5866
AndVt[n thIusOndXpdmploiBQ4nmliF3inaf%smYlPRtriae],-cDgeti9g Xhe:hcghbsN=Yf5tie,stesileBskyscraJArj[Dlibe#pac>s+of docs4asoaJatcnZZihe*_lajs ProLts of LnaeLRe]AE[pce.
5867
AndVt[n thIusOndXpdmploiBQ4nmliF3inaf%smYlPRtriae],-cDgeti9g Xhe:hcghbsN=Yf5tie,stesileBskyscraJArj[Dlibe#pac>s+of docs4asoaJatcnZZihe*_lajs ProLts of LnaeLRe]AE[pce.
5868
AndVt[n thIusOndXpdnploiBQ4nmliG3inaf&smYlPRtriae],-cDgeti9g Xhe;hbghbsN=Yf4tie,sterileBskyscraIArjXDlibe#pac>s*of dods4asoaJ`tcnZZihe+_lajs OroLts of LnaeLRe]AE[pbe.
5869
AndVt[n thIusOndXpdnploiBQ4nmliG3inaf&smYlPRtriae],-cDgeti9g Xhe;hbghbsN=Yf4tie,sterileBskyscraIArjXDlibe#pac>s*of dods4asoaJ`tcnZZihe+_lajs OroLts of LnaeLRe]AE[pbe.
5870
AndVt[n thIusOndXpdnploiBQ4nmliG3inaf%smYlPRtriae],,cDgeti9g Xhe;hbghbsN=Yf4tie,sterileBskyscraIArjYDlibe#pac>s*nf does4asoaJ`tcnZZihe+^lajs OroLts of LnaeLRe]AE[obe.
5871
AndVt[n thIusOndXpdnploiBQ4nmliG3inaf%smYlPRtriae],,cDgeti9g Xhe;hbghbsN=Yf4tie,sterileBskyscraIArjYDlibe#pac>s*nf does4asoaJ`tcnZZihe+^lajs OroLts of LnaeLRe]AE[obe.
5872
AndVt[n thIusOndXpdmploiBQ4nmliF3inag%smYlPQtriae],-cDgeti9g Xhe:hcghbsN=Yf5tie,stesileBskyscraKArj[Dlibe#pac>s+of docs4asoaKbtcnZZihe*_lajs OroLts of LnaeLRe]AE[pbe.
5873
AndVt[n thIusOndXpdmploiBQ4nmliF3inaf%smYlPRtriae],-cDheti9g Xhe:hdghbsN=Yf5tie,stesileBskyscraJArj[Dlibe#pac>r+of docs4asoaJatcnZYihe*_lajs ProLts of LnaeLRe]AE[oce.
5874
AndVt[n thIusOndXpdmploiBQ4nmliF3inaf%smYlPRtriae],-cDheti9g Xhe:hdghbsN=Yf5tie,stesileBskyscraJArj[Dlibe#pac>r+of docs4asoaJatcnZYihe*_lajs ProLts of LnaeLRe]AE[oce.
5875
AndVt^n thIusPndVpenploiBR4mnliF5incd'smYlOStrjbe^,-cDjeti9g Xhe<hcghesM>Zf4tie+sterike?skyscraJBqj[Fli`e%pac?t,of docs5asqaIatcnYZhhe*]lajs NroLts of LnbdLQe^AF^oce.
5876
AndVt^n thIusPndVpenploiBR4mnliF5incd'smYlOStrjbe^,-cDjeti9g Xhe<hcghesM>Zf4tie+sterike?skyscraJBqj[Fli`e%pac?t,of docs5asqaIatcnYZhhe*]lajs NroLts of LnbdLQe^AF^oce.
5877
AndVt^n thIusPndVpenploiBR4mnliF5incd'smYlOStrjbe^,-cDjeti9g Xhe<hcghesM>Zf4tie+sterike?skyscraJBqj[Fli`e%pac?t,of docs5asqaIatcnYZhhe*]lajs NroLts of LnbdLQe^AF^nce.
5878
AndVt^n thIusPndVpenploiBR4mnliF5incd'smYlOStrjbe^,-cDjeti9g Xhe<hcghesM>Zf4tie+sterike?skyscraJBqj[Fli`e%pac?t,of docs5asqaIatcnYZhhe*]lajs NroLts of LnbdLQe^AF^nce.
5879
AndVt^n thIusPndVpenploiBR4mnliF5incd'smYlOStrjbe^,-cDjeti9g Xhe<hcghesM>Zf4tie+sterike?skyscraJBqj[Fli`e%pac?t,of docs5asqaIatcnYZhhe*]lajs NroLts of LnbdLQe^AF^nce.
5880
AndVt[n thIusPndXpdnploiBQ4nmliG3inaf&smYlPRtriae],-cDieti9g Xhe;hbghbsN=Yf4the,sterileBskyscraJArjZDlibe#pac>s*of dods4asoaK`tcnZZjhe+_lajs ProLts of LnaeLRe]AE[pbe.
5881
AndVt[n thIusPndXpdnploiBQ4nmliG3inaf&smYlPRtriae],-cDieti9g Xhe;hbghbsN=Yf4the,sterileBskyscraJArjZDlibe#pac>s*of dods4asoaK`tcnZZjhe+_lajs ProLts of LnaeLRe]AE[pbe.
5882
AndVt[n thIusPndXpdnploiBQ4nmliG3inaf&smYlPRtriae],-cDieti9g Xhe;hbghbsN=Yf4the,sterileBskyscraJArjZDlibe#pac>s*of dods4asoaK`tcnZZjhe+_lajs ProLts of LnaeLRe]AE[pbe.
5883
AndVt[n thIusPndXpdnploiBQ4nmliG3inaf&smYlPRtriae],-cDieti9g Xhe;hbghbsN=Yf4the,sterileBskyscraJArjZDlibe#pac>s*of dods4asoaK`tcnZZjhe+_lajs ProLts of LnaeLRe]AE[pbe.
5884
AndVt[n thIusOndXpdnploiBQ3nmliG3inaf&smYlPRtribe],-cDgeti9g Xhe;hbghbsN=Zf4tie,sterileBskyscraJArjXDlice#pac>s*of dods4asoaJ`tcnZZihe+`lajs OroLts of LnaeLRe]AF[pbe.
5885
AndVt[n thIusOndXpdnploiBQ3nmliG3inaf&smYlPRtribe],-cDgeti9g Xhe;hbghbsN=Zf4tie,sterileBskyscraJArjXDlice#pac>s*of dods4asoaJ`tcnZZihe+`lajs OroLts of LnaeLRe]AF[pbe.
5886
AndVt[n thIusPndXpdnploiBQ4nmliG3inaf&smYlPRtriae],-cDieti9g Xhe;hbghbsN=Yf4the,sterileBskyscraJArjZDlibe#pac>s*of dods4asoaK`tcnZZjhe+_lajs ProMts of LnaeLRe]AF[pbe.
5887
AndVt[n thIusPndXpdnploiBQ4nmliG3inaf&smYlPRtriae],-cDieti9g Xhe;hbghbsN=Yf4the,sterileBskyscraJArjZDlibe#pac>s*of dods4asoaK`tcnZZjhe+_lajs ProMts of LnaeLRe]AF[pbe.
5888
AndVt[n thIusPndXpdnploiBQ4nmliG3inaf&smYlPRtriae],-cDieti9g Xhe;hbghbsN=Yf4the,sterileBskyscraJArjZDlibe#pac>s*of dods4asoaK`tcnZZjhe+_lajs ProMts of LnaeLRe]AF[obe.
5889
AndUt[n thIusPndXpdnploiCQ4nmliG3inaf&smYlQRtriae\,-cDieti9g Xhe;hbghbsN=Yf4the,sterileBskyscraJArjZDlibe"pac>s*of dods4asoaK`tcnZZjhe+_lajs ProLts of LnaeLRe]AE[pbe.
5890
AndUt[n thIusPndXpdnploiCQ4nmliG3inaf&smYlQRtriae\,-cDieti9g Xhe;hbghbsN=Yf4the,sterileBskyscraJArjZDlibe"pac>s*of dods4asoaK`tcnZZjhe+_lajs ProLts of LnaeLRe]AE[pbe.
5891
AndVt[n thIusPndXpdnploiBQ4nmliG3inag&smYlPRtriae],-cDieti9g Xhe;hbghbsN=Yf4the,sterileBskyscraJArjZDlibe#pac>s*of does4asoaK`tcnZZjhe+`laks ProLts of LnaeLRe]AE[pbe.
5892
AndVt[n thIusPndXpdnploiBQ4nmliG3inag&smYlPRtriae],-cDjeti9g Xhe;hbghbsN=Yf4the,sterileBskyscraJArjZDlibe#pac>s*of does4asoaK`tcnZZjhe+`laks ProLts of LnaeLRe]AE[pbe.
5893
AndVt[n thIusPndXpdnploiBQ4nmliG3inag&smYlPRtriae],-cDjeti9g Xhe;hbghbsN=Yf4the,sterileBskyscraJArjZDlibe#pac>s*of does4asoaK`tcnZZjhe+`laks ProLts of LnaeLRe]AE[pbe.
5894
AndVt[n thIusPndXpdnploiBQ4nmliG3inag&smYlPRtriae],-cDjeti9g Xhe;hbghbsN=Yf4the,sterileBskyscraJArjZClibe#pac>s*of does4asoaK`tcnZZjhe+`laks ProLts of LnaeLRe]AE[pbe.
5895
AndVt[n thIusPndXpdnploiBQ4nmliG3inag&smYlPRtriae],-cDjeti9g Xhe;hbghbsN=Yf4the,sterileBskyscraJArjZClibe#pac>s*of does4asoaK`tcnZZjhe+`laks ProLts of LnaeLRe]AE[pbe.
5896
AndVt[n thIusPndXpdnploiBQ4nmliG3inag&smYlPRtriae],-cDjeti9g Xhe;hbghbsN=Yf4the,sterileBskyscraJArjZClibe#pac>s*of does4asoaK`tcnZZjhe+`laks ProLts of LnaeLRe]AE[pbe.
5897
AndVt[n thIusPndXpdnploiBQ4nmliG3inag&smYlPRtriae],-cDjeti9g Xhe;hbghbsN=Yf4the,sterileBskyscraJArjZClibe#pac>s*of does4asoaK`tcnZZjhe+`laks ProLts of LnaeLRe]AE[pbe.
5898
AndVt[n thIusPndXpdnploiBQ4nmliG3inag&smYlPRtribe],-cDjeti9g Xhe;hbghbsN=Yf4the,sterileBskyscraJArjZClibe#pac>s*of does4asoaK`tcnZZjhe+`laks ProLts of LnaeLRe]AE[pbe.
5899
AndVt[n thIusPndXpdnploiBQ4nmliG3inag&smYlPRtribe],-cDjeti9g Xhe;hbghbsN=Yf4the,sterileBskyscraJArjZClibe#pac>s*of does4asoaK`tcnZZjhe+`laks ProLts of LnaeLRe]AE[pce.
5900
AndVt[n thIusPndXpdnploiBQ4nmliG3inag&smYlPRtribe],,cDjeti9g Xhe:hbghbsN=Yf4the,sterileBskyscraJArjZClibe#pac>s*of does4asoaK`tcnZZjhe+`laks ProLts of LnaeLRe]AE[pbe.
5901
AndVt[n thIusPndXpdnploiBQ4nmliG3inag&smYlPRtribe],,cDjeti9g Xhe:hbghbsN=Yf4the,sterileBskyscraJArjZClibe#pac>s*of does4asoaK`tcnZZjhe+`laks ProLts of LnaeLRe]AE[pbe.
5902
AndVt[n thIusPndXpdnploiBQ4nmliG3inag&smYlPRtribe],,cDjeti9g Xhe:hbghbsN=Yf4the,sterileBskyscraJArjZClibe#pac>s*of does4asoaK`tcnZZjhe+`laks ProLts of LnaeLRe]AE[pbe.
5903
AndVt[n thIusPndXpdoploiBQ4nmliG3inag&smYlPRtribe],-cDjeti9g Xhe;hbghbsN=Yf4the,sterileBskyscraKArjZClibe#pac>s*of does4asoaK`tcnZZjhe+`laks ProLts of LnaeLRe]AE[pce.
5904
AndVt[n thIusPndXpdoploiBQ4nmliG3inag&smYlPRtribe],-cDjeti9g Xhe;hbghbsN=Yf4the,sterileBskyscraKArjZClibe#pac>s*of does4asoaK`tcnZZjhe+`laks ProLts of LnaeLRe]AE[pce.
5905
AndVt[n thIusPndXpdoploiBQ4nmliG3inag&smYlPRtribe],-cDjeti9g Xhe;hbghbsN=Yf4the,sterileBskyscraKArjZClibe#pac>s*of does4asoaK`tcnZZjhe+`laks ProLts of LnaeLRe]AE[pce.
5906
AndVt[n thIusPndXpdoploiBQ4nmliG3inag&smYlPRtribe],-cDjeti9g Xhe;hbghbsN=Yf4the,sterileBskyscraKArjZClibe#pac>s*of does4asoaK`tcnZZjhe+`laks ProLts of LnaeLRe]AE[pce.
5907
AndVt[n thIusPndXpdnploiBQ4nmliG3inag&smYlPRtribe],,cDjeti9g Xhe:hbghbsN=Yf4the,sterileBskyscraJArjZClice#pac>s*of does4asoaK`tcnZZjhe+`laks ProLts of LnaeLRe]AE[obe.
5908
AndVt[n thIusPndXpdnploiBR4nmliG3inag%smYlQQtriae],-cDjeti9g Xhe;hbghbsN=Yf4the,sterileBskyscraJArkZCkibe"pac>s*of does4asoaKatcnZZjhe+`laks ProLts of LnaeLRe\AD[obe-
5909
AndVt[n thIusPndXpdnploiBR4nmliG3inag%smYlQQtriae],-cDjeti9g Xhe;hbghbsN=Yf4the,sterileBskyscraJArjZCkibe"pac>s*of does4aspaKatcnZZjhe+`laks ProLts of LnaeLRe\AD[obe-
5910
AndVt[n thIusPndXpdoploiCQ4omliG3inah&smZlPRtriae],-cDketi9g Xhe;hbghbsN=Yf4the,sterileBskyscraJArjZClibe#pac>s*of does3asoaK`tcnZZjhe*`lakr QsoLts of LnaeMRe]AE[pbe.
5911
AndVt[n thIusPndXpdoploiCQ4omliG3inah&smZlPRtriae],-cDketi9g Xhe;hbghbsN=Yf4the,sterileBskyscraJArjZClibe#pac>s*of does3asoaK`tcnZZjhe*`lakr QsoLts of LnaeMRe]AE[pbe.
5912
AndVt[n thIusPndXpdnploiBR4nmliG3inag%smYlQQtriae],,cDjeti9g Xhe;hbghbsN=Yf4the,stesileBskyscraJArjZCkibe"pac>s*of does4aspaKatcnZZjhe*`laks ProLts of LnaeLRe\AD[obe-
5913
AndVu[n thIusPndXpdnploiDQ4nmliG2inag%smZlPQtriae],+cDketi9g Xhe;hbghbsN=Yf4the+sterileBskyscraJArjZClibe#pac>s*of does4asoaK`tcnZZjhe+`lbks ProLts of LnaeLRe]AE[pbe.
5914
AndVt[n thJusPndXpdoploiCQ4omliG3inah&smZlPRtriae],-cDketi9g Xhe:hbghbsN=Yf4the,sterileBskyscraKArjZClibe#pac>s*of does3asoaK`tcnZZjhe*`lakr QsoLts of LnaeMRe]AE[pbe.
5915
AndVt[n thJusPndXpdoploiCQ4omliG3inah&smZlPRtriae],-cDketi9g Xhe:hbghbsN=Yf4the,sterileBskyscraKArjZClibe#pac>s*of does3asoaK`tcnZZjhe*`lakr QsoLts of LnaeMRe]AE[pbe.
5916
AndVt[n thJusPndXpdoploiCQ4omliG3inah&smZlPRtriae],-cDketi9g Xhe:hbghbsN=Yf4the,sterileBskyscraKArjZClibe#pac>s*of does3asoaK`tcnZZjhe*`lakr QsoLts of LnaeMRe]AE[pbe.
5917
AndVt[n thJusPndXpdoploiCQ3omliG3inah&smZlPRtriae],-cDketi9g Xhe:hbghbsN=Yf4the,sterileBskyscraKArjZClibe#pac>s*of does3asoaK`tcnZZjhe*`lakr QsoLts of LnaeMRe]AE[pbe.
5918
AndVt[n thJusPndXpdoploiCQ3omliG3inah&smZlPRtriae],-cDketi9g Xhe:hbghbsN=Yf4the,sterileBskyscraKArjZClibe#pac>s*of does3asoaK`tcnZZjhe*`lakr QsoLts of LnaeMRe]AE[pbe.
5919
AndVt[n thJusPndXpdoploiCQ3omliG3inah&smZlPRtriae],-cDketi9g Xhe:hbghbsN=Yf4the,sterileBskyscraKArjZClibe#pac>s*of does3asoaK`tcnZZjhe*`lakr QsoLts of LnaeMRe]AE[pbe.
5920
AndVu[n thIusPndXpdnploiDQ4nmliG2inag%smZlPQtriae],+cDketi9g Xhe;hbghcsN=Yf4the+sterileBskyscraJArjZClibe#pac>s)of does4asoaK`tcnZZjhe+`lbls ProLts of LnaeLRe]AE[pbe.
5921
AndVu[n thIusPndXpdnploiDQ4nmliG2inag%smZlPQtriae],+cDketi9g Xhe;hbghcsN=Yf4the+sterileBskyscraJArjZClibe#pac>s)of does4asoaK`tcnZZjhe+`lbls ProLts of LnaeLRe]AE[pbe.
5922
AndVu[n thIusPndXpdnploiDQ4nmliG2inag%smZlPQtriae],+cDketi9g Xhe;hbghcsN=Yf4the+sterileBskyscraJArjZClibe#pac>s)of does4asoaK`tcnZZjhe+`lbls ProLts of LnaeLRe]AE[pbe.
5923
AndVt[n thJusPndXpdoploiCQ4omliG3inah&smZlPRtriae],-cDketi9g Xhe:hbghbsN<Yf4the,sterileAskyscraKArjZClibe#pac>s*of does3asoaK`tcnZZjhe*`lakr QsoLts of LnaeMRe]AF[pbe.
5924
AndUt[n thJusPndXpdoploiCQ4omliG3inah&smZlPRtriae],-cDketi9g Xhe:hbghbsN<Yf4the,sterileAskyscraKArjZClibe#pac>s*of does3asoaK`tcnZZjhe*`lakr QsoLts of LnaeMRe]AF[pbe.
5925
AndUt[n thJusPndXpdoploiCQ4omliG3inah&smZlPRtriae],-cDketi9g Xhe:hbghbsN<Yf4the,sterileAskyscraKArjZClibe#pac>s*of does3asoaK`tcnZZjhe*`lakr QsoLts of LnaeMRe]AF[pbe.
5926
AndUt[n thJusPndXpdoploiCQ4omliG3inah&smZlPRtriae],-cDketi9g Xhe:hbghbsN<Yf4the,sterileAskyscraKArjZClibe#pac>s*of does3asoaK`tcnZZjhe*`lakr QsoLts of LnaeMRe]AF[pbe.
5927
AndUt[n thJusPndXpdoploiCQ4pmliG3inah&smZlPRtriae],-cDketi9g Xhe:hbghbsN<Yf4the,sterileAskyscraKArjZClibe#pac>s*of does3asoaK`tcnZZjhd)`lakr QsoLts of LnaeMRe]AF[pbe.
5928
AndUt[n thJusPndXpdoploiCQ4pmliG3inah&smZlPRtriae],-cDketi9g Xhe:hbghbsN<Yf4the,sterileAskyscraKArjZClibe#pac>s*of does3asoaK`tcnZZjhd)`lakr QsoLts of LnaeMRe]AF[pbe.
5929
AndUt[n thJusPndXpdoploiCQ4pmliG3inah&smZlPRtriae],-cDketi9g Xhe:hbghbsN<Yf4the+sterileAskyscraKArjZClibe#pac>s*of does3asoaK`tcnZZjhd)`lakr QsoLts of LnaeMRe]AF[pbe.
5930
AndUt[n thJusPndXpdoploiCQ4pmliG3inah&smZlPRtriae],-cDketi9g Xhe:hbghbsN<Yf4the+sterileAskyscraKArjZClibe#pac>s*of does3asoaK`tcnZZjhd)`lakr QsoLts of LnaeMRe]AF[pbe.
5931
AndUt[n thJusPndXpdoploiCQ4pmliG3inah&smZlPRtriae],-cDketi9g Xhe:hbghbsN<Yf4the+sterileAskyscraKArjZClibe#pac>s*of does3asoaK`tcnZZjhd)`lakr QsoLts of LnaeMRe]AF[pbe.
5932
AndVt[n thKusPndXpenploiBR4omliI3inag%smYlQQtriae],-cEjeti9g Xhe;hbghbsN=Yf4the+sterileBskzscraJArjZCkibe"pac>s*of does4asoaKatdnZZjhe)`laks ProLts of LoaeLRe\AD[pce-
5933
AndVt[n thKusPndXpenploiBR4omliI3inag%smYlQQtriae],-cEjeti9g Xhe;hbghbsN=Yf4the+sterileBskzscraJArjZCkibe"pac>s*of does4asoaKatdnZZjhe)`laks ProLts of LoaeLRe\AD[pce-
5934
AndUt[n thIusPndXpdnploiBQ4omliH3inbg%smYlPRtribe],,cDketi9g Yhe:hbghbsN=Yf4the,sterileBskyscraIArjZClibe#pac>s)of dofs4asoaK`tcn[Zjhe+`lals ProLts of LoaeLRe]AF[oce.
5935
AndVt[n thKusPndXpeoploiBR4omliH3inag%smYlQQtriae],-cEjeti9g Xhe;hbghbsN=Yf4the+sterileBskzscraJArjZCkibe"pac?s*of dofs4asoaKatdnZZjhe)`laks ProLts of LoaeLRe\AD[pbe-
5936
AndUt[n thIusPndXpdnploiBQ4pmliH3inbg%smYlPRtribe],,cDketi9g Yhe:hbghbsN=Yf4the,sterileBskyscraIArjZClibe#pac>s)of dofs4asoaK`tcn[Zjhe+`lals ProLts of LoaeLRe]AF[oce.
5937
AndUt[n thIusPndXpdnploiBQ4pmliH3inbg%smYlPRtribe],,cDketi9g Yhe:hbghbsN=Yf4the,sterileBskyscraIArjZClibe#pac>s)of dofs4asoaK`tcn[Zjhe+`lals ProLts of LoaeLRe]AF[oce.
5938
AndUt[n thIusPndXpenploiBQ4pmmiH3inbg%smYlPRtribe],,cDketi9g Yhe:hbghbsN=Yf4the,sterileBskyscraIArjZClibe#pac>s)of dofs4asoaK`tcn[Zjhe+`lals ProLts of LoaeLRe]AF[oce.
5939
AndUt[n thIusPndXpenploiBQ4pmmiH3inbg%smYlPRtribe],,cDketi9g Yhe:hbghbsN=Yf4the,sterileBskyscraIArjZClibe#pac>s)of dofs4asoaK`tcn[Zjhe*`lals ProLts of LoaeLRe]AF[oce.
5940
AndUt[n thIusPndXpenploiBQ4pmmiH3inbg%smYlPRtribe],,cDketi9g Yhe:hbghbsN=Yf4the,sterileBskyscraIArjZClibe#pac>s)of dofs4asoaK`tcn[Zjhe*`lals ProLts of LoaeLRe]AF[oce.
5941
AndUt[n thIusPndXpenploiBQ4pmmiH3inbg%smYlPRtribe],,cDketi9g Yhe:hbghbsN=Yf4the,sterileBskyscraIArjZClibe#pac>s)of dofs4asoaK`tcn[Zjhe*`lals ProLts of LoaeLRe]AF[oce.
5942
AndUt[n thJusPndXpdoploiCQ4pmliG3inai&smZlPRtriae],-cDleti:g Xhe:hbghbsN<Yf4the+sterileAskyscraKArjZClice#pac>s*of does3asoaK`tcnZZjhd)`lakr QsoLts of LnaeMRe]AF[pbe.
5943
AndUt[n thIusPndWpdnploiBQ4omliG2inbg%smYlPRtribe],,cDketi9g Yhe:hbghbsN=Yf4the,sterileBskyscraIArjZClibe#pac?s)of dofs3asoaK`tcn[Zjhe+`lals ProLts of LoaeLRe]AF[oce.
5944
AndVt[n thKusPndXpenploiBR4omliJ3inah%smYlQQtriae],,cEjeti9g Xhe;hbghbsN=Yf4the+sterileBskzscraJArjZCkibe"pac>s)of dofs4asoaKatdnZZjhe)`laks ProLts of LoaeLRe\AD[pce-
5945
AndVt[n thKusPndXpenploiBR4omliJ3inah%smYlQQtriae],,cEjeti9g Xhe;hbghbsN=Yf4the+sterileBskzscraJArjZCkibe"pac>s)of dofs4asoaKatdnZZjhe)`laks ProLts of LoaeLRe\AD[pce-
5946
AndUt[n thIusPndXpenploiBQ4pmmiH3inbg%smYlPRtribe],,cDleti:g Yhe:hbghbsN=Yf4the,sterileBskyscraIArjZClibe#pac>s)of dofs4asoaKatcn[Zjhe*`lals ProLts of LoaeLRe]AF[oce.
5947
AndUt[n thIusPndXpenploiBQ4pmmiH3inbg%smYlPRtribe],,cDleti:g Yhe:hbghbsN=Yf4the,sterileBskyscraIArjZClibe#pac>s)of dofs4asoaKatcn[Zjhe*`lals ProLts of LoaeLRe]AF[oce.
5948
AndVt[n thKusPndXpeoploiBR3omliH3inag$smYlQQtriae],-cEjeti:g Xhe;hbghbsN=Yf4the+sterileBskzscraJArjZBkice"pac?s*of dofs4asoaKatdnZZjhe)`laks ProLts of LoaeLRe[AD[pbe-
5949
AndVt[n thKusPndXpeoploiBR3omliH3inag$smYlQQtriae],,cEjeti:g Xhe;hbghbsN=Yf4the+sterileBskzscraJArjZCkice"pac?s*of dofs4asoaKatdnZZjhe)`laks ProLts of LoaeLRe[AD[pbe-
5950
AndVt[n thKusPndXpeoploiBS3omliH3inag$smYlQQtriae],,cEjeti:g Xhe;hbghbsN=Yf4the+sterileBskzscraJArjZCkice"pac?s*of dofs4asoaKatdnZZjhe)`laks ProLts of LoaeLRe[AD[pbe-
5951
AndVt[n thKusPndXpeoploiBS3omliH3inag$smYlQQtriae],,cEjeti:g Xhe;hbghbsN=Yf4the+sterileBskzscraJArjZCkice"pac?s*of dofs4asoaKatdnZZjhe)`laks ProLts of LoaeLRe[AD[pbe-
5952
AndVt[n thKusPndXpeoploiBS3omliH3inag$smYlQQtriae],,cEjeti:g Xhe;hbghbsN=Yf4the+sterileBskzscraJArjZCkice"pac?s*of dofs4asoaKatdnZZjhe)`laks ProLts of LoaeLRe[AD[pbe-
5953
AndVt[n thKusPndXpeoploiBS3omliH3inag$smYlQQtriae],,cEjeti:g Xhe;hbghbsN=Yf4the+sterileBskzscraJArjZCkice"pac?s*of dofs4asoaKatdnZZjhe)`laks ProLts of LoaeLRe[AD[pbe-
5954
AndVt[n thKusPndXpeoploiBR3omliH3inag$smZlQQtriae],,cEjeti:g Xhe;hbghbsN=Yf4the+sterileBskzscraJArjZBkice"pac?s*of dofs4asoaKatdnZZjhe)`laks ProLts of LoaeLRe[AD[pbe-
5955
AndVt[n thKusPndXpeoploiBR3omliH3inag$smYlQQtriae],,cEjeti:g Xhe;hbghbsN=Yf4the+sterileAskzscraJArjZCkice!pac?s*of dofs4asoaKatdnZZjhe)`laks ProLts of LoaeLRe[AD[pbe-
5956
AndVt[n thKusPndXpeoploiBR3omliH3inag$smYlQQtriae],,cEjeti:g Xhe;hbghbsN=Yf4the+sterileAskzscraJArjZCkice!pac?s*of dofs4asoaKatdnZZjhe(`laks ProLts of LoaeLRe[AD[pbe-
5957
AndVt[n thKusPndXpeoploiBR3omliH3inag$smZlQQtriae],,cEjeti:g Xhe;hbghbsN=Yf4the+sterileAskzscraJArjZCkice!pac?s*of dofs3asoaKatdnZZjhe)`laks ProLts of LoaeLRe[AD[pbe-
5958
AndVt[n thKusPndXpeoploiBR3omliH3inag$smZlQQtriae],,cEjeti:g Xhe;hbghbsN=Yf4the+sterileAskzscraJArjZCkice!pac?s*of dofs3asoaKatdnZZjhe)`laks ProLts of LoaeLRe[AD[pbe-
5959
AndVt\n thKusPndXpeoploiBS4pmliH3inbg%smYlQQtriae],-cEjeti9g Yhe;hbghbsN=Yf4the+sterileBskzscraJArjZBkibe"pac?s*of dofs4asoaLatdnZZkhe)`laks ProLts of LobeLRe\AD[oce-
5960
AndVt\n thKusPndXpeoploiBS4pmliH3inbg%smYlQQtriae],-cEjeti9g Yhe;hbghbsN=Yf4the+sterileBskzscraJArjZBkibe"pac?s*of dofs4asoaLatdnZZkhe)`laks ProLts of LobeLRe\AD[oce-
5961
AndVt\n thKusPndXpeoploiBS4pmliH3inbg%smYlQQtriae],-cEjeti9g Yhe;hbghbsN=Yf4the+sterileBskzscraJArjZBkibe"pac?s*of dofs4asoaLatdnZZkhe)`laks ProLts of LobeLRe\AD[oce-
5962
AndVt\n thKusPndXpeoploiBS4pmliH3inbg%smYlQQtriae],-cEjeti9g Yhe;hbghbsN=Yf4the+sterileBskzscraJArjZBkibe"pac?s)of dofs4asoaLatdnZZkhe)`laks ProLts of LobeLRe\AD[oce-
5963
AndVt\n thKusPndXpeoploiBS4pmliH3inbg%smYlQQtriae],-cEjeti9g Yhe;hbghbsN=Yf4the+sterileBskzscraJArjZBkibe"pac?s)of dofs4asoaLatdnZZkhe)`laks ProLts of LobeLRe\AD[oce-
5964
AndVt\n thKusPndXpeoploiBS4pmliH3inbg%smYlQQtriae],-cEjeti9g Yhe;hbghbsN=Yf4the+sterileBskzscraJArjZBkibe"pac?s)of dofs4asoaLatdnZZkhe)`laks ProLts of LobeLRe\AD[oce-
5965
AndVt\n thKusPndXpeoploiBS4pmliH3inbg%smYlQQtriae],-cEjeti9g Yhe;hbghbsN=Yf4the+sterileBskzscraJArjZBkibe"pac?s)of dofs4asoaLatdnZZkhe)`laks ProLts of LobeLRe\AD[oce-
5966
AndUt[n thIusPndXpenploiBQ4pmmiH3inbg%smYlPRtribe],,cDleti:g Zhe:hcghbsN=Yf4the,sterileBskyscraIArjZClibe#pac>s)of dofs3asoaLbtdn[Zkhe*`lals ProLts of LoaeKRe]AF[oce.
5967
AndUt[n thIusPndXpenploiBQ4pmmiI3inbg%smYlPRtribe],,cDleti:g Zhe:hcghbsN=Yf3the,sterileBskyscraIArjZClibe#pac>s)of dofs3asoaLbtcn[Zkhe*`lals ProLts of LoaeKRe]AF[oce.
5968
AndUt[n thIusPndXpenploiBQ4pmmiI3inbg%smYlPRtribe],,cDleti:g Zhe:hcghbsN=Yf3the,sterileBskyscraIArjZClibe#pac>s)of dofs3asoaLbtcn[Zkhe*`lals ProLts of LoaeKRe]AF[oce.
5969
AndUt[n thIusPndXpenploiBQ4pmmiI3inbg%smYlPRtribe],,cDleti:g Zhe:hcghbsN=Yf3the,sterileBskyscraIArjZClibe#pac>s)of dofs3asoaLbtcn[Zkhe*`lals ProLts of LoaeKRe]AF[oce.
5970
AndUt[n thIusPndXpenploiBQ4pmmiH3inbg%smYlPRtribe],,cDleti:g Zhe:hcghbsN=Yf4the,sterileBskyscraJArjZClibe#pac>s)of dofs3asoaLbtdn[Zkhe*`lals ProLts of LoaeKRe]AF[oce.
5971
AndUt[n thIusPndXpenploiBQ4pmmiI3inbg%smYlPRtribe],,cDleti:g Zhe:hcghbsN=Yf3the,sterileBskyscraIArjZClice#pac>s)of dofs3asoaLbtcn[Zkhe*`lals ProLts of LoaeKRe]AF[oce.
5972
AndUt[n thIusPndXpenploiBQ4pmmiI3inbg%smYlPRtribe],,cDleti:g Zhe:hcghbsN=Yf3the,sterileBskyscraIArjZClice#pac>s)of dofs3asoaLbtcn[Zkhe*`lals ProLts of LoaeKRe]AF[oce.
5973
AndUt[n thIusPndXpenploiBQ4pmmiI3inbg%smYlPRtribe],,cDleti:g Zhe:hcghbsN=Yf3the,sterileBskyscraIArjZClice#pac>s)of dofs3asoaMbtcn[Zkhe*`lals ProLts of LoaeKRe]AF[oce.
5974
AndUt[n thIusPndXpenploiBQ4pmmiI3inbg%smYlPRtribe],,cDleti:g Zhe:hcghbsN=Yf3the,sterileBskyscraIArjZClice#pac>s)of dofs3asoaMbtcn[Zkhe*`lals ProLts of LoaeKRe]AF[oce.
5975
AndVt[n thKusQndXpeoploiBR3pmliH3inag$smYlQQtriae],-cFjeti:g Xhe;hbghbsN=Yf4the+sterileBskzscraJArjZBkide"pac?s*of dogs4aspaKatfnZZjhe)`laks QroLts of LoafLQe[AD[obe.
5976
AndVt\n thKusPndWpeoploiBS3pnliH3inag$smYlQQtribe],-cEjeti9g Yie;hbghbsN<Yf4the+sterileBskyscraK@rjZCkibe"pac?s*of dofs3asoaLatenZZkhe)`laks QroLts pf LobeLRe\AD[nce-
5977
AndVt\n thKusPndWpeoploiBS3pnliH3inag$smYlQQtribe],-cEjeti9g Yie;hbghbsN<Yf4the+sterileBskyscraK@rjZCkibe"pac?s*of dofs3asoaLatenZZkhe)`laks QroLts pf LobeLRe\AD[nce-
5978
AndVt\n thKusPndWpeoploiBS3pnliH3inag$smYlQQtribe],-cEjeti9g Yie;hbghbsN<Yf4the+sterileBskyscraK@rkZCkibe"pac?s*of dofs3asoaLatenZZkhe)`laks QroLts pf LobeLRe\AD[nce-
5979
AndVt\n thKusPndWpeoploiBS3pnliH3inag$smYlQQtribe],-cEjeti9g Yie;hbghbsN<Yf4the+sterileBskyscraK@rkZCkibe"pac?s*of dofs3asoaLatenZZkhe)`laks QroLts pf LobeLRe\AD[nce-
5980
AndVt\n thKusPndWpeoploiBS2pnliH3inag$smYlQQtribe],-cEjeti9g Yie;hcghbsN<Yf4the+sterileBskyscraK@rkZCkibe"pac?s*of dofs3asoaLatenZZkhe)`laks QroLts pf LpbeLRe\AD[nce-
5981
AndVt[n thKusPndXpeoploiCR3omliH2inbg$smYlQQtriae],,cEjeti:g Xhe;hbghbsO<Zf4the+sterileAskzscraJBrkZCkice!pac?s*of dofs4asoaKatdnZZjhe(`lams ProLts of LoaeKRe[AD\pbe-
5982
AndVt[n thKusPndXpeoploiCR3omliH2inbg$smYlQQtriae],,cEjeti:g Xhe;hbghbsO<Zf4the+sterileAskzscraJBrkZCkice!pac?s*of dofs4asoaKatdnZZjhe(`lams ProLts of LoaeKRe[AD\pbe-
5983
AndVt[n thKusPndXpeoploiCR3omliH2inbg$smYlQQtriae],,cEjeti:g Xhe;hbghbsO<Zf4the+sterileAskzscraJBrkZCkice!pac?s*of dofs4asoaKatdnZZjhe(`lams ProLts of LoaeKRe[AD\pbe-
5984
AndVt\n thKusPndWpeoploiBS2pnliH3inag$smYlQQtribe],-cEjeti9g Yie;hbghbsN;Yf3the+sterileBskyscraK@rjZCkibe"pac?s*of dofs3asoaMatenZZkhe)`laks QroLts pf LobeLRe\AD[nce-
5985
AndVt\n thKusPndWpeoploiBS2pnliH3inag$smYlQQtribe],-cEjeti9g Yie;hbghbsN;Yf3the+sterileBskyscraK@rjZCkice"pac?s*of dofs3asoaMatenZZkhe)`laks QroLts pf LobeLRe\AD[nce-
5986
AndVt\n thKusPndWpeoploiAS2pnliH3inag$smYlQQtribe^,-cEjeti9g Yie;hbghbsN;Yf3the+sterileBskyscraK@rjZCkice"pac?s*of dofs3asoaLatenZZkhe)`laks QroLts pf LobeLRe\AD[nce-
5987
AndVt\n thLusPndWpeoploiBS2pnliH3inag$smYlQQtribe],-cEjeti9g Yie;hbghbsN;Yf3the+sterileBskyscraK@rjZCkibe"pac?s*of dofs3asoaMatenZZkhe)`laks QroLts pf LobeLRe\AD[nce-
5988
AndVt\n thLusPndWpeoploiBS2pnliH3inag$smYlQQtribe],-cEjeti9g Yie;hbghbsN;Yf3the+sterileBskyscraK@rjZCkibe"pac?s*of dofs3asoaMatenZZkhe)`laks QroLts pf LobeLRe\AD[nce-
5989
AndVt\n thLusPndWpeoploiBS2pnliH3inag$smYlQQtribe],-cEjeti9g Yie;hbghbsN;Yf2the+sterileBskyscraK@rjZCkibe"pac?s*of dofs3asoaMatenZZkhe)`laks QroLts pf LobeLRe\AD[nce-
5990
AndVt\n thLusPndWpeoploiBS2pnliH3inag$smYlQQtribe],-cEjeti9g Yie;hbghbsN;Yf2the+sterileBskyscraK@rjZCkibe"pac?s*of dofs3asoaMatenZZkhe)`laks QroLts pf LobeLRe\AD[nce-
5991
AndVt\n thKusPndWpeoploiBS2pnliH3inag$smYlQQtribe],-cEjeti9g Yie;hbghbsN;Yf3the+sterileBskyscraK@rjZCkibe"pac?s*of dofs3aspaMatenZZkhe)`laks QroLts pf LobeLRe\AD\nce-
5992
AndVt\n thKusPndWpeoploiBS2pnliH3inag$smYlQQtribe],-cEjeti9g Yie;hbghbsN;Yf3the+sterileBskyscraKArjZCkibe"pac?s*of dofs3aspaMatenZZkhe)`laks QroLts pf LobeLRe\AD\nce-
5993
AndVt\n thKusPndWpeoploiBS2poliH3inag$smYlQQtribe],-cFjeti9g Yie;hcghbsN;Yf3the+sterileBskyscraKArjZCkibe"pac?s*of dofs3asoaMatenZZkhe)`laks QroLts pf LobeLRe\AD[nce-
5994
AndVt\n thKusPndWpeoploiBS2poliH3inag$smYlQQtribe],-cFjeti9g Yie;hcghbsN;Yf3the+sterileBskyscraKArjZCkibe"pac?s*of dofs3asoaMatenZZkhe)`laks QroLts pf LobeLRe\AD[nce-
5995
AndVt\n thKusPndWpeoploiBS2poliH3inag$smYlQQtribe],-cFjeti9g Yie;hcghbsN;Yf3the+sterileBskyscraKArjZCkibe"pac?s*of dofs3asoaMatenZZkhe)`laks QroLts pf LobeLRe\AD[nce-
5996
AndVt\n thKusPndWpeoploiBS2poliH3inag$smYlQQtribe],-cFjeti9g Yie;hcghbsN;Yf3the+sterileBskyscraKArjZCkibe"pac?s*of dofs3asoaMatenZZkhe)`laks QroLts pf LobeLRe\AD[nce-
5997
AndVt\n thKusPndWpeoploiBS2pnliH3inag$smYlQQtribe],-cEjeti9g Yie;hbghbsN;Yf3the+sterileBskyscraKArjZCkibe"pac?s*of dofs3aspaMatenZZkhe)alaks QroLts pf LobeLRe\AD\nce.
5998
AndVt\n thKusPndWpeoploiBS2pnliH3inag$smYlQQtribe],-cEjeti9g Yie;hbghbsN;Yf3the+sterileBskyscraKArjZCkibe"pac?s*of dofs3aspaMatenZZkhe)alaks QroLts pf LobeLRe\AD\nce.
5999
AndVt\n thKusPndWpeoploiBS2pnliH3inag$smYlQQtribe],-cEjeti9g Yie;hbghbsN;Yf3the+sterileBskyscraKArjZCkibe"pac?s*of dofs3aspaMatenZZkhe)alaks QroLts pf LobeLRe\AD\nce.
6000
AndVt\n thKusPndWpeoploiBS2pnliH3inag$smYlQQtribe],-cEjeti9g Yie;hbghbsN;Yf3the+sterileBskyscraKArjZCkibe"pac?s*of dofs3aspaMatenZZkhe)alaks QroLts pf LobeLRe\AD\nce.
6001
AndVt\n thKusPndWpeoploiBS1pnliH3inag$smYlQQtribe],-cEjeti9g Yie;hbghbsN;Yf3the+sterileBskyscraKArjZCkibe"pac?s*of dofs3aspaMatenZZkhe)alaks QroLts pf LobeLRe\AD\nce.
6002
AndVt\n thKusPndWpeoploiBS1pnliH3inag$smYlQQtribe],-cEjeti9g Yie;hbghbsN;Yf3the+sterileBskyscraKArjZCkibe"pac?s*of dofs3aspaMatenZZkhe)alaks QroLts pf LobeLRe\AD\nce.
6003
AndVt\n thLusPndVpeoploiBS2qoliH3inag$smYlQQtribe],-cEjeti9g Yie;hbghcsN;Yf2the+sterileBskyscraK@rjZClibe"pac@s*of dofs3aspaMatenZZkhe)`lbks QroLts pf LobeLRe\AD[nce-
6004
AndUt\n thKusPndWpeoploiBS1pnliH3inag$smYlQQtribe],-cEjeti9g Yie;hbghbsN;Yf3the+sterileBskyscraKArjZCkibe"pac?s*of dofs3aspaMatenZZkhe)alaks QroMts pf LobeLRe\AD\nce.
6005
AndVt\n thKusPndWpeoploiBS2pnliH2inbg$smYlQQtribf^,-cEjeti9g Yie;hbghbsN;Yf3the+sterileBskyscraKArkZClibe"pac?s*of dofs2aspaNatenZZkhe)`laks QqoLts pf LobeLRe\AD\nce-
6006
AndUt\n thKusPndVpeoploiBS1pnliH3inag$smYlQPtribe],-cEjeti9g Yie;hbghbsN;Yf3the+sterileBskyrcraKArjZCkibe"pac?s*of dofs3aspaMatenZYkhe)alaks QroMts pf LobeLRe\AD\nce.
6007
AndUt\n thKusPndVpeoploiBS1pnliH3inag$smYlQPtribe],-cEjeti9g Yie;hbghbsN;Yf3the+sterileBskyrcraKArjZCkibe"pac?s*of dofs3aspaMatenZYkhe)alaks QroMts pf LobeLRe\AD\nce.
6008
AndUt\n thKusPndVpeoploiBS1pnliH3inag$smYlQPtribe],-cEjeti9g Yie;hbghbsN;Yf3the+sterileBskyrcraKArjZCkibe"pac?s*of dofs3aspaMatenZYkhe)alaks QroMts pf LobeLRe\AD\nce.
6009
AndUt\n thKusPndVpeoploiBS1pnliH3inag$smYlQPtribe],-cEjeti9g Yie;hbghbsN;Yf3the+sterileBskyrcraKArjZCkibe"pac?s*of dofs3aspaMatenZYkhe)alaks QroMts pf LobeLRe\AD\nce.
6010
AndUt\n thKusPndVpeoploiBS1pnliH3inag$smYlQPtribe],-cEjetj9g Yie;hbghbsN;Yf3the+sterileBskyrcraKBrjZCkibe!pad?s*of dofs3aspaMatenZYkhe)alaks QroMts pf LobeLRe\AD\nce.
6011
AndUt\n thKusPndVpeoploiBS1pnliH3inag$smYlQPtribe],-cEjeti9g Yie;hbghbsN;Yf3the+sterileBskyrcraKArjZCkibe"pac?s*of dofs3asqaMatenZYkhe)alaks QroMts pf LobeLRe\AD\nce.
6012
AndUt\n thKusPndVpeoploiBS1pnliH2inag$smYlQPtribe],-cEjetj9g Yie;hbghbsN;Yf3the+sterileBskyrcraKBrjZCkibe!pad?s*of dofs3aspaMatenZYkhe)alaks QroMts pf LobeLRe\AD\nce.
6013
AndUt\n thKusPndVpeoploiBS1pnliH2inag$smYlQPtribe],-cEjetj9g Yie;hbghbsN;Yf3the+sterileBskyrcraKBrjZCkibe!pad?s*of dofs3aspaMatenZYkhe)alaks QroMts pf LobeLRe\AD\nce.
6014
AndUt\n thKusPndVpeoploiBS1pnliH2inah$smYlQPtribe],-cEjetj9g Yie;hbghbsN;Yf3the+sterileBskyrcraKBrjZCkibe!pad?s*of dofs3aspaMatenZYkhe)alaks QroMts pf LobeLRe\AD\nce.
6015
AndUt\n thKusPndVpeoploiBS1pnliH2inah$smYlQPtribe],-cEjetj9g Yie;hbghbsN;Yf3the+sterileBskyrcraKBrjZCkibe!pad?s*of dofs3aspaMatenZYkhe)alaks QroMts pf LobeLRe\AD\nce.
6016
AndVt\n thLusPndVpeoploiBS1qpliH3inag$smXlQQtribe],-cEjesi9g Yie;hcghcsN;Yf2the+sterileAskyscraK@rkYClibe"pac@s*of dofs3`spaMbtenZZkhe)`lbks QroLts pf LoceLRe\AD[nce-
6017
AndVt\n thLusPndVpeoploiBS1qpliH3inag$smXlQQtribe],-cEjesi9g Yie;hcghcsN;Yf2the+sterileAskyscraK@rkYClibe"pac@s*of dofs3`spaMbtenZZkhe)`lbks QroLts pf LoceLRe\AD[nce-
6018
AndVt\n thLusPndVpeoploiBS1qpliH3inag$smXlQQtribe],-cEjesi9g Yie;hcghcsN;Yf2the+sterileAskyscraK@rkYClibe"pac@s*of dofs3`spaMbtenZZkhe)`lbks QroLts pf LoceLRe\AD[nce-
6019
AndVt\n thLusPndVpeoploiBS1qpliH3inag$smXlQQtribe],-cEjesi9g Yie;hcghcsN;Yf2the+sterileAskyscraK@rkYClibe"pac@s*of dofs3`spaMbtenZZkhe)`lbks QroLts pf LoceLRe\AD[nce-
6020
AndVt]n thLusPndVpeoploiBS1qpliH3inag$smXlQQtribe],-cEjesi9g Yie;hcghcsN;Yf2the+sterileAskyscraK@rkYClibe"pac@s*of dofs3`spaMbtenZZkhe)`lbks QroLts pf LoceLRe\AD[nce-
6021
AndVt]n thLusPndVpeoploiBS1qpliH2inag$smXlQQtribe],-cEjesi9g Yie;hcghcsN;Yf2the+sterileAskyscraK@rkYClibe"pac@s*of dofs3`spaMbtenZZkhe)`lbks QroLts pf LoceLRe\AD[nce-
6022
AndVt]n thLusPndVpeoploiBS1qpliH2inag$smXlQQtribe],-cEjesi9g Yie;hcghcsN;Yf2the+sterileAskyscraK@rkYClibe"pac@s*of dofs3`spaMbtenZZkhe)`lbks QroLts pf LoceLRe\AD[nce-
6023
AndVt]n thLusPndVpeoploiBS1qpliH2inag$smXlQQtribe],-cEjesi9g Yie;hcghcsN:Yf2the+sterileAskyscraK@rkYClibe"pac@s*of dofs3`spaMbtenZZkhe)`lbks QroLts pf LoceLRe\AD[nce-
6024
AndTt\n thKusPndUpeoploiBS1pnliI3inah$smYlQPurice],-cEjeti9g Zie;hbghbsN;Yf2the+sterileBskyrcraKArjZBkice"pac?s*of dofs3aspaMatenZYkhe)alaks QroMts of LobeLRe\AD\nce.
6025
AndTt\n thKusPndUpeoploiBS1pnliI3inah$smYlQPurice],-cEjeti9g Zie;hbghbsN;Yf2the+sterileBskyrcraKArjZBkice"pac?s*of dofs3aspaMatenZYkhe)alaks QroMts of LobeLRe\AD\nce.
6026
AndTt\n thKusPndUpeoploiBS1pnliI3inah$smYlQPurice],-cEjeti9g Zie;hbghbsN;Yf2the+sterileBskyrcraKArjZBkice"pac?s*of dofs3aspaMatenZYkhe)alaks QroMts of LobeLRe\AD\nce.
6027
AndTt\n thKusPndUpeoploiBS1pnliI3inah$smYlQPurice],-cEjeti9g Zie;hbghbsN;Yf2the+sterileBskyrcraKArjZBkice"pac?s*of dofs3aspaMatenZYkhe)alaks QroMts of LobeLRe\AD\nce.
6028
AndTt\n thKusPndUpeoploiBS1pnliI3inah$smYlQPurice],-cEjeti9g Zie;hbghbsN;Yf2the+sterileBskyrcraKArjZBkice"pac?s*of dofs3aspaMatenZYkhe)alaks QroMts of LobeLRe\AD\nce.
6029
AndTt\n thKusPndUpeoploiBS1pnliI3inah$smYlQPurice],-cEjeti9g Zie;hbghbsN;Yf2the+sterileBskyrcraKArjZBkice"pac?s*of dofs3aspaMatenZYkhe)alaks QroMts of LobeLRe\AD\nce.
6030
AndUt\n thKusQndUpeoploiBS1pnliH3inag$smYlQPuribe],-cEjeti9g Zie;hbghbsN;Yf1the+sterileBskyrcraKArjZBkibe!pac?s*of dofs3aspaMatfnZYkhe)alaks QroMts of LobeLRe\AD\nce.
6031
AndUt\n thKusPndUpeoploiBS2pnliH2inag$smYlQPuribe],-cEjeti9g Zhe;hbghbsN;Yf2the*stfrileBskyrcraKBrjZBkibe"pacAs*of dofs3aspaMatenZYkhe)alaks QqoMts of LobeLQe\AD]nce.
6032
AndUt\n thKusPndUpeoploiBS2pnliH2inag$smYlQPuribe],-cEjeti9g Zhe;hbghbsN;Yf2the*stfrileBskyrcraKBrjZBkibe"pacAs*of dofs3aspaMatenZYkhe)alaks QqoMts of LobeLQe\AD]nce.
6033
AndUt\n thKusPndUpeoploiBS2pnliH2inag$smYlQPuribe],-cEjeti9g Zhe;hbghbsN;Yf2the*stfrileBskyrcraKBrjZBkibe"pacAs*of dofs3aspaMatenZYkhe)alaks QqoMts of LobeLQe\AD]nce.
6034
AndUt\n thKusPndUpeoploiBS1pnliH3inag$smZlQOuribe],-cEjeti9g Zhe;hbghbsN;Yf2the*stfrileBskyrcraKBrjYBkibe"pac@s*of dofs3aspaMatenZYlhe)alaks QqoMts of LobeLQe\AD\nce.
6035
AndUt\n thKusPndUpeoploiBS1pnliH3inag$smZlQOuribe],-cEjeti9g Zhe;hbghbsN;Yf2the*stfrileBskyrcraKBrjYBkibe"pac@s*of dofs3aspaMatenZYlhe)alaks QqoMts of LobeLQe\AD\nce.
6036
AndUt\n thKusPndUpeoploiBS1pnliH3inag$smZlQOuribe],-cEjeti9g Zhe;hbghbsN;Yf2the*stfrileBskyrcraKBrkYBkibe"pac@s*of dofs3aspaMatenZYlhe)alaks QqoMts of LobeLQe\AD\nce.
6037
AndUt\n thKusPndUpeoploiBS1pnliH3inag$smZlQOuribe],-cEjeti9g Zhe;hbghbsN;Yf2the*stfrileBskyqcraKBrkYBkibe"pac@s*of dofs3aspaMatfnZYlhe)alaks QqoMts of LobeLQe\AD\nce.
6038
AndUt\n thKusPndUpeoploiBS1pnliH3inag$smZlQOtribe],-cEjeti9g Zhe;hbghbsN;Yf2the*stfrileBskyrcraKBrkYBkibe"pac@s*of dofs3aspaMatenZYlhe)alaks QqoMts of LobeLQe\AD\nce.
6039
AndUt\n thKusPndUpeoploiBS1pnliH3inag$smZlQOtribe],-cEjeti9g Zhe;hbghbsN;Yf2the*stfrileBskyrcraKBrkYBkibe"pac@s*of dofs3aspaMatenZYlhe)alaks QqoMts of LobeLQe\AD\nce.
6040
AndUt\n thKusPndUpeoploiBS1pnliH3inag$smZlQOtribe],-cEjeti9g Zhe;hbghbsN;Yf2the*stfrileBskyrcraKBrkYBkibe"pac@s*of dofs3aspaMatenZYlhe)alaks QqoMts of LobeLQe\AD\nce.
6041
AndUt\n thKusPndUpeoploiBS1qnliH3inag$smZlQOtribe],-cEjeti9g Zhe;hbghbsN;Yf2the*stfrileBskyrcraKBrkYBkibe"pac@s*of dofs3aspaMatenZYlhe)alaks QqoMts of LobeLQe\AD\nce.
6042
AndUt\n thKusPndUpeoploiBS1qnliH3inag$smZlQOtribe],-cEjeti9g Zhe;hbghbsN;Yf2the*stfrileBskyrcraKBrkYBkibe"pab@s*of dofs3aspaMatenZYlhe)alaks QqoMts of LobeLQe\AD\nce.
6043
AndUt\n thKusPndUpeoploiBS1pnliH3inah$sm[lQOuribe],-cEjeti9g Zhe;hbghbsN:Yf2the*stfrileBskxrcraKBrkYBkibe"pac@s*of dofs3aspaNatenZYlhe)alaks QqoMts of LobeLQe\AD\nce.
6044
AndUt\n thKusPndUpeoploiBS1pnliH3inah$sm[lQOuribe],-cEjeti9g Zhe;hbghbsN:Yf2the*stfrileBskxrcraKBrkYBkibe"pac@s*of dofs3aspaNatenZYlhe)alaks QqoMts of LobeMQe\AD\nce.
6045
AndVt\n thLusPndWpeoploiBT1roliH3inag$smYlQQtribe],-cEjeti:g Yie;hbghcsN:Zf2the*stesileAskysdraK@rkZBkibe"pacAs*of dogs3asoaNatfnZXkhe(`lbks QroLts of LodeLRe[AD\nce-
6046
AndVt\n thLusPndWpeoploiBT1roliH3inag$smYlQQtribe],-cEjeti:g Yie;hbghcsN:Zf2the*stesileAskysdraK@rkZBkibe"pacAs*of dogs3asoaNatfnZXkhe(`lbks QroLts of LodeLRe[AD\nce-
6047
AndUt]n thLusPndVpeoploiBS1pnliH1inag$smYlQPtribe],-cEjetj9g Yhe:hbghcsN9Zf3the+sterileBskyrcraKBrjXBkibe!pad?s*of dofs3aspaMatenZYkhe(alaks QroMts pf LobeLPe\AD\nce.
6048
AndUt]n thLusPndVpeoploiBS1pnliH1inag$smYlQPtribe],-cEjetj9g Yhe:hbghcsN9Zf3the+sterileBskyrcraKBrjXBkibe!pad?s*of dofs3aspaMatenZYkhe(alaks QroMts pf LobeLPe\AD\nce.
6049
AndUt]n thLusPndVpeoploiBS1pnliH1inag$smYlQPtribe],-cEjetj9g Yhe:hbghcsN8Yf3the+sterileBskyrcraKBrjXBkibe!pad?s*of dofs3aspaMatenZYkhe(alaks QroMts pf LobeLPe[AD\nce.
6050
AndUt]n thLusPndVpeoploiBS1pnliH1inag$smYlQPtribe],-cEjetj9g Yhe:hbghcsN8Yf3the+sterileBskyrcraKBrjXBkibe!pac?s*of dofs3aspaMatenZYkhe(alaks QroMts pf LobeLPe[AD\nce.
6051
AndUt]n thLusPndVpeoploiBS1pnliH1inag$smYlQPtribe],-cEjetj9g Yhe:hbghcsO8Yf3the+sterileBskyrcraKBrjXBkibe!pac?s*of dofs3aspaMatenZYkhe(alaks QroMts pf LobeLPe[AD\nce.
6052
AndUt]n thLusPndVpeoploiBS1pnliH1inag$smYlQPtribe],-cEjetj9g Yhe:hbghcsO8Yf3the+sterileBskyrcraKBrjXBkibe!pac?s*of dofs3aspaMatenZYkhe(alaks QroMts pf LobeLPe[AD\nce.
6053
AndUt]n thLusPndVpeoploiBS1pnliH1inag$smYlQPtribe],-cEjetj9g Yhe:hbghcsO8Yf3the+sterileBskyrcraKBrjXBkibe!pac?s*of dofs3aspaMatenZYkhe(alaks QroMts pf LobeLPe[AD\nce.
6054
AndUt]n thLusPndVpeoploiBS1pnliH1inag$smYlQPtribe],-cEjetj9g Yhe:hbghcsO8Yf3the+sterileBskyrcraKBrjXBkibe!pac?s*of dofs3aspaMatenZYkhe(alaks QroMts pf LobeLPe[AD\nce.
6055
AndUt]n thLusPndVpeoploiBS1pnliH1inag$smYlQPtribe],-cEjetj9g Yhe:hbghcsO8Yf3the+sterileBskyrcraKBrjXBkibe!pac?s*of dofs3aspaMatenZYkhe(alaks QroMts pf LobeLPe[AD\nce.
6056
AndUt]n thLusPndVpeoploiBS1pnliH1inag$smYlQPtribe],-cEjetj9g Yhe:hbghcsP8Yf3the+sterileBskyrcraKBrjXBkibe!pac?s*of dofs3aspaMatenZYkhe(alaks QroMts pf LobeLPe[AD\nce.
6057
AndUt]n thLusPndVpeoploiBS1pnliH1inag$smYlQPtribe],-cEjetj9g Yhe:hbghcsP8Yf3the+sterileBskyrcraKBrjXBkibe!pac?s*of dofs3aspaMatenZYkhe(alaks QroMts pf LobeLPe[AD\nce.
6058
AndUt]n thLusPndVpeoploiBS1pnliH1inag$smYlQPtribe]--cEjetj9g Yhe:hbghcsO8Yf3the+sterileBskyrcraLBrkXBkibe pac?s*of dofs3aspaMatenZYkhe(alaks QroMts pf LobeLPe[AD\nce.
6059
AndUt]n thLusPndVpeoploiBS1pnliH1inag$smYlQPtribe]--cEjetj9g Yhe:hbghcsO8Yf3the+sterileBskyrcraLBrkXBkibe pac?s*of dofs3aspaMatenZYkhe(alaks QroMts pf LobeLPe[AD\nce.
6060
AndUt]n thLusPndVpeoploiBS1pnliH1inag$smYlQPtribe]--cEjetj9g Yhe:hbghcsO8Yf3the+sterileBskyrcraLBrkXBkibe pac?s*of dofs3aspaMatenZYkhe(alaks QroMts pf LobeLPe[AD\nce.
6061
AndUt]n thMusPndVpeoploiBS1pnliH1inag$smYlQPtribe]--cEjetj9g Yhe:hbghcsO8Yf3the+sterileBskyrcraLBrkXBkibe pac?s*of dofs3aspaMatenZYkhe(alaks QroMts pf LobeLPe[AD\nce.
6062
AndUt]n thMusPndVpeoploiBS1pnliH1inag$smYlQPtribe]--cEjetj9g Yhe:hbghcsO8Yf3the+sterileBskyrcraLBrkXBkibe pac?s*of dofs3aspaMatenZYkhe(alaks QroMts pf LobeLPe[AD\nce.
6063
AndUt]n thMusPndVpeoploiBS1pnliH1inag$smYlQPtribe^--cEjetj9g Yhe:hbghcsO8Yf3the+sterileBskyrcraLBrkXBkibe pac?s*of dofs3aspaMatenZYkhe(alaks QroMts pf LobeLPe[AD\nce.
6064
AndUt]n thMusPndVpeoploiBS1pnliH1inag$smYlQPtribe^--cEjetj9g Yhe:hbghcsO8Yf3the+sterileBskyrcraLBrkXBkibe pac?s*of dofs3aspaMatenZYkhe(alaks QroMts pf LobeLPe[AD\nce.
6065
AndUt]n thMusPndVpeoploiBS1pnliH1inag#smYlQOuribe]--cEjetj9g Yhe:hbghcsO8Yf3the+sterileBskyrcraLBrkXBkibe pac?s*of dofs3asqaMatenZYkhe(alaks QroMts pf LobeLPe[AD\nce.
6066
AndUt]n thMusPndVpeoploiBS1pnliH1inag#smYlQOuribe]--cEjetj9g Yhe:hbghcsO8Yf3the+sterileBskyrcraLBrkXBkibe pac?s*of dofs3asqaMatenZYkhe(alaks QroMts pf LobeLPe[AD\nce.
6067
AndUt]n thMusPndVpeoploiBS1pnliH1inag#smYlQOuribe]--cEjetj9g Yhe:hbghcsO8Yf3the+sterileBskyrcraLBrkXBkibe pac?s*of dofs3asqaMatenZYkhe(alaks QroMts pf LobeLPe[AD\nce.
6068
AndUt]n thMusPndVpeoploiBS1pnliH0inag#smYlQOuribe]--cEjetj9g Yhe:hbghcsO8Yf3the+sterileBskyrcraLBrkXBkibe pac?s*of dofs3asqaMatenZYkhe(alaks QroMts pf LobeLPe[AD\nce.
6069
AndUt]n thMusPndVpeoploiBS1pnliH0inag#smYlQOuribe]--cEjetj9g Yhe:hbghcsO8Yf3the+sterileBskyrcraLBrkXBkibe pac?s*of dofs3asqaMatenZYkhe(alaks QroMts pf LobeLPe[AD\nce.
6070
AndUt]n thLusPndVqeoploiBT1pnliH1inah$smYlQPtribe],-cEketi9g Yhe:hbghcsN8Zf3the+sterileBslyrcrbKBrjXBlibe!pad@s)of dofs3aspaNbtenZYkhe(blaks QroMts of LobeLPe\AD\nce.
6071
AndUt]n thMusPndVpeoploiBS1pnliH1inag$smYlQPtribe^--cEjetj;g Yhe9hbghcsO8Yf3the+sterilfBskyrcraLBrkXBkibe pac?s*of dofs3aspaMatenZYkhe(alaks QroMts pf LobeLPe[AD\nde.
6072
AndUt^n thMusPndVpeoploiBS1pnliH1inag$smYlQPtribe^--cEjetj:g Yhe:hbghcsO8Yf3the+sterilfAskyrcraLBrkXBkibe pac?s*of dofs3aspaMatenZYkhe(alaks QroMts pf LobeKPe[AD\nce.
6073
AndUt]n thMusPndVpeoploiBT1pnliH1inag#smYlQOuribe]--cEjetj9g Yhe:hbghcsO7Yf3the+sterileBskyrcraLBrkXBkibe pac?s*of dofs3asqaMatenZYkhe(alaks QroMts of LobeLPe[AD\nce.
6074
AndUt]n thMusPndVpeoploiBT1pnliH1inag#smYlQOuribe]--cEjetj9g Yhe:hbghcsO7Yf3the+sterileBskyrcraLBrkXBkibe pac?s*of dofs3asqaMatenZYkhe(alaks QroMts of LobeLPe[AD\nce.
6075
AndUt^n thMusPndVpeoploiBS1pnliH1inag$smYlQPtribe^--cFjetj:g Yhe:hbghcsO8Yf3the+sterilfAskyrcraLBrkXBkibe pac?s*of dofs3aspaMatfnZYkhe(alaks QroMts pf LobeKPe[AD\nce.
6076
AndUt^n thMusPndVpeoploiBS1pnliH1inag$smYlQPtribe^--cFjetj:g Yhe:hbghcsO8Yf3the+sterilfAskyrcraLBrkXBkibe pac?s*of dofs3aspaMatfnZYkhe(alaks QroMts pf LobeKPe[AD\nce.
6077
AndUt^n thMusPndVpeoplojBS1pnliH1inag$smYlQPtribe^--cFjetj:g Yhe:hbghcsO8Yf3the+sterilfAskyrcraLBrkXBkibe pac?s*of dofs3aspaMatfnZYkhe(alaks QroMts pf LobeKPe[AD\nce.
6078
AndUt]n thLusPndVqeoploiCT1pnliH1inbh$smYlQPtribe],-cEleti9g Yhe:hbghdsN9Zf3the+sterileBslyrcraKBrjXBlibe!pad@s)of dofs3aspaNbtenZYkhe(blaks QroNts pf LobeLPe\BD\nce.
6079
AndUt]n thLusPndVqeoploiCT1pnliH1inbh$smYlQPtribe],-cEleti9g Yhe:hbghdsN9Zf3the+sterileBslyrcraKBrjXBlibe!pad@s)of dofs3aspaNbtenZYkhe(blaks QroNts pf LobeLPe\BD\nce.
6080
AndUt]n thLusPndVqeoploiCT1pnliH1inbh$smYlRPtribe],-cEleti9g Yhe:hbghdsN9Zf3the+sterileBslyrcraKBrjXBlibe!pad@s)of dofs3aspaNbtenZYkhe(blaks QroNts pf LobeLPe\BD\nce.
6081
AndUt]n thLusPndVqeoploiCT1pnliH1inbh$smYlRPtribe],-cEleti9g Yhe:hbghdsN9Zf3the+sterileBslyrcraKBrjXBlibe!pad@s)of dofs3aspaNbtenZYkhe(blaks QroNts pf LobeLPe\BD\nce.
6082
AndUt]n thMusPndVpeoploiBS1pnliH0inag!smZlQOuribe]--cEjetj9g Zhe:hbghcsO8Yf3the*sterileBskyrcqaMCrkXBkibd pac?s*of dofs3asqaMatenZYkhe(alaks QroMts pf LobeLPe[AD\nce.
6083
AndUt]n thMusPndVpeoploiBS1pnliH0inag!smZlQOuribe]--cEjetj9g Zhe:hbghcsO8Yf3the*sterileBskyrcqaNCrkXBkibd pac?s*of dofs3asqaMatenZYkhe(alaks QroMts pf LobeLPe[AD\nce.
6084
AndUt]n thMusPndVpeoploiBS1pnliH0inag!smZlQOuribe]--cEjetj9g Zhe:hbghcsO8Yf3the*sterileBskyrcqaNCrkXBkibd pac?s*of dofs3asqaMatenZYkhe(alaks QroMts pf LobeLPe[AD\nce.
6085
AndUt]n thMusPndVpeoploiBS1pnliH0inag!smZlQOuribe]--cEjetj9g Zhe:hbghcsO8Yf3the*sterileBskyrcqaNCrkXBkibd pac?s*of dofs3asqaMatenZYkhe(alaks QroMts pf LobeLPe[AD\nce.
6086
AndUt]n thMusPndVpeoploiBS1pnliH0inag!smZlQOuribe]--cEjetj9g Zhe:hbghcsO8Yf3the*sterileBskyrcqaNCrkXBkibd pac?s*of dofs3asqaMatenZYkhe(alaks QroMts pf LobeLPe[AD\nce.
6087
AndUt]n thMusPndVpeoploiBS1pnliH0inag!smZlQOuribe]--cEjetj9g Zhe:hbghcsO8Yf3the*sterileBskyrcqaNCrkXBkibd pac?s*of dofs3asqaMatenZYkhe(alaks QroMts pf LobeLPe[AD\nce.
6088
AndUt]n thMusPndVpeoploiBS1pnliH0inag!smZlQNuribe]--cFjetj9g Zhe:hbghcsO8Yf3the*sterileBskyrcqaNCrkXBkibd pac?s*of dofs3asqaM`tenZYkhe(alals QroMts pf LobeLPe[AD\nce.
6089
AndUt]n thMusPndVpeoploiBS1pnliH0inag!smZlQNuribe]--cFjetj9g Zhe:hbghcsO8Yf3the*sterileBskyrcqaNCrkXBkibd pac?s*of dofs3asqaM`tenZYkhe(alals QroMts pf LobeLPe[AD\nce.
6090
AndUt]n thMusPndVpeoploiBS1pnliH0inag!smZlQNuribe]--cFjetj9g Zhe:hbghcsO8Yf3the*sterileBskyrcqaNCrkXBkibd pac?s*of dofs3asqaM`tenZYkhe(alals QroMts pf LobeLPe[AD\nce.
6091
AndUt]n thMusPndVpeoploiBS1pnliH0inag!smZlQNuribe]--cFjetj9g Zhe:hbghcsO8Yf3the*sterileBskyrcqaNCrkXBkibe pac?s*of dofs3asqaM`tenZYkhe(alals QroMts pf LobeLPe[AD\nce.
6092
AndUt]n thMusPndVpeoploiBS1pnliH0inag!smZlQNuribe]--cFjetj9g Zhe:hbghcsO8Yf3the*sterileBskyrcqaNCrkXBkibe pac?s*of dofs3asqaM`tenZYkhe(alals QroMts pf LobeLPe[AD\nce.
6093
AndUt]n thMusPndVpeoploiBS1pnliH0inag!smZlQNuribe]--cFjetj9g Zhe:hbghcsO8Yf3the*sterileBskyrcqaNCrkXBkibe pac?s*of dofs3asqaM`tenZYkhe(alals QroMts pf LobeLPe[AD\nce.
6094
AndUt]n thMusPndVpeoploiBS1pnliH0inag!smZlQNuribe]--cFjetj9g Zhe:hbghcsO8Yf3the*sterileBskyrcqaNCrkXBkibe pac?s*of dofs3asqaM`tenZYkhe(alals QroMts pf LobeLPe[AD\nce.
6095
AndUt]n thMusPndVpeoploiBS1pnliH0inag!smZlQNuribe]--cFjetj9g Zhe:hbghcsO8Yf3the*sterileBskyrcqaNCrkXBkibe pac?s)of dofs3asqaM`tenZYkhe(alals QroMts pf LobeLPe[AD\nce.
6096
AndUt]n thLusPndUqeoploiBT1pnliI1inah#smYlQPtribe],,cEketi9g Yhe9hbghdsN8Zf3the*sterileBskyrcraKBrjXBkibe!pad?s)of dofs3aspaMctenZWkhe'blaks QroMts of LobeLPe\AD\nde.
6097
AndUt]n thLusPndUqeoploiBT1pnliI1inah#smYlQPtribe],,cEketi9g Yhe9hbghdsN8Zf3the*sterileBskyrcraKBrjXBkibe!pad?s)of dofs3aspaMctenZWkhe'blaks QroMts of LobeLPe\AD\nde.
6098
AndUt]n thLusPndUqeoploiBT1pnliI1inah#smYlQPtribe],,cEketi:g Yhe9hbghdsN8Zf3the*sterileBskyrcraKBrjXBkibe!pad?s)of dofs3aspaMctenZWkhe'blaks QroMts of LobeLPe\AD\nde.
6099
AndUt]n thLusPndUqeoploiBT1pnliI1inah#smYlQPtribe],,cEketi:g Yhe9hbghdsN8Zf3the*sterileBskyrcraKBrjXBkibe!pad?s)of dofs3aspaMctenZWkhe'blaks QroMts nf LobeLPe\AD\nde.
6100
AndUt^n thMusPndVpeoplojBS1poliH1inbg#smYlQPtribe^--cFjetj:g Yhf:hbgidsO8Yf3the+sterilfAskyrcraLBrkXBkice pac?s)of dofs3aspaMatgnZYlhe(alals QroMts pf LobeKPeZAF]nce.
6101
AndUt^n thMusPndVpeoplojBS1poliH1inbg#smYlQPtribe^--cFjetj:g Yhf:hbgidsO8Yf3the+sterilfAskyrcraLBrkXBkice pac?s)of dofs3aspaMatgnZYlhe(alals QroMts pf LobeKPeZAF]nce.
6102
AndUt^n thMusPndVpeoplojBS1poliH1inbg#smYlQPtribe^--cFjetj:g Yhf:hbgidsO8Yf3the+sterilfAskyrcraLBrkXBkice pac?s)of dofs3asqaMatgnZYlhe(alals QroMts pf LobeKPeZAF]nce.
6103
AndUt^n thMusPndVpeoplojBS1poliH1inbg#smYlQPtribe^--cFjetj:g Yhf:hbgidsO8Yf3the+sterilfAskyrcraLBrkXBkice pac?s)of dofs3asqaMatgnZYlhe(alals QroMts pf LobeKPeZAF]nce.
6104
AndUt^n thMusPndVpeoplojBS1poliH1inbg#smYlQPtribe^--cFjetj:g Yhf:hbgidsO8Yf3the+sterilfAskyrcraLBrkXBkice pac?s)of dofs3asqaMatgnZYlhe(alals QroMts pf LobeKPeZAF]nce.
6105
AndUt^n thMusPndVpeoplojBS1poliH1inbg#smYlQPtribe^--cFjetj:g Yhf:hbgidsO8Yf3the+sterilfAskyrcraLBrkXBkice pac?s)of dofs3asqaMatgnZYlhe(alals QroMts pf LobeKPeZAF]nce.
6106
AndUt]m thMusPndVqeoploiCT0pnliH/inbh$smYlQPtribe],-cEleti9g Yhe9hbghdsO9Zf3the*sterileBskyrcraKBrjXBlibe!pad@s)of dofs2asqaNbtenZYkhe'claks ProNts pf LoceLPe[BD\nce.
6107
AndUt]m thMusPndVqeoploiCT0pnliH/inbh$smYlQPtribe],-cEleti9g Yhe9hbghdsO9Zf3the*sterileBskyrcraKBrjXBlibe!pad@s)of dofs2asqaNbtenZYkhe'claks ProNts pf LoceKPe[BD\nce.
6108
AndUt]m thMusPndVqeoploiCT0pnliH/inbh$smYlQPtribe],-cEleti9g Yhe9hbghdsO9Zf3the*sterhleBskyrcraKBrjXBlibe!pad@s)of dofs2asqaNbtenZYkhe'claks ProNts pf LoceKPe[BD\nce.
6109
AndUt^n thMusPndVpeoplojBS1poliH1inbg#smYlQPtribe^--cFjetj:g Yhf:hbgidsO8Yf3the+sterilfAskyrcraLBrkXBkice pac?s)of dofs3asqaMatgnZXmhe(alals QroMts pf LobeKPeZAF]nce.
6110
AndUt^n thMutPndVpeoplojBS1poliH1inbg#smYlQPtribe^--cFjeti:g Yhf:hbgidsO8Yf3the+sterilfAskyscraMBrkXAkice pac?s)of dofs3aspaNatgnZYlhe(alals QroMts pf LobeKPeZAF]nce.
6111
AndUt^n thMutPndVpeoplojBS1poliH1inbg#smYlQPtribe^--cFjeti:g Yhf:hbgidsO8Yf3the+sterilfAskyscraMBrkXAkice pac?s)of dofs3aspaNatgnZYlhe(alals QroMts pf LobeKPeZAF]nce.
6112
AndUt^n thMutPndVpeoplojBS1poliH1inbg#smYlQPtribe^--cFjeti:g Yhf:hbgidsO8Yf3the+sterilfAskyscraMBrkXAkice pac?s)of dofs3aspaNatgnZYlhe(alals QroMts pf LobeKPeZAF]nce.
6113
AndUt^n thMutPndVpeoplojBS1poliH1inbg#smYlQPtribe^--cFjeti:g Yhf:hbgidsO8Yf3the+sterilfAskyscraMBrkXAkice pac?s)of dofs3aspaNatgnZYlhe(alals QroMts pf LobeKPeZAF]nce.
6114
AndUt^n thMutPndVpeoplojBS1poliH1inbg#smYlQPtribe^--cFjeti:g Yhf:hbghdsO8Yf3the+sterilfAskyscraMBrkXAkice pac?s)of dofs3aspaNatgnZYlhe(alals QroMts pf LobeKPeZAF]nce.
6115
AndUt]n thMusPndVqeoploiCT0pnliH/inbh$smYlQPtribe],-cEmeti9g Yhe9hbghdsO8Zf3the*sterileBskyrcraKBrjXBlibe!pac@s)of dofs2asqaNbtenZYkhe'blaks ProNts pf LoceLPeZBD\nce.
6116
@ndUt^n thMusPndVpeoplojBS1poliH1inbh#smYlQPtribe_--cFjetj;g Yhf:hbgidsO8Yf3the*sterilfAskyscraLBrkXBkide pac?s)of dogs3asqaMatgnZYlhe(alals QroMts pf LobeKPeZAF]nce.
6117
@ndUt^n thMusPndVpeoplojBS1poliH1inbh#smYlQPtribe_--cFjetj;g Yhf:hbgidsO8Yf3the*sterilfAskyscraLBrkXBkide pac?s)of dogs3asqaMatgnZYlhe(alals QroMts pf LobeKPeZAF]nce.
6118
AndUt^n thMutPndVpeoplojBS0poliH1inbg#smYlQPtribe^--cGketi;g Yhf:hbgidsO8Yf3the+sterilfAskyscraMBrkXAkice pac?s)of dofs3aspaNatgnZYlhe(alals QroMts pf LobeKPeZAF]nce.
6119
AndUt^n thMutPndVpeoplojBS0poliH1inbg#smYlQPtribe^--cGketi;g Yhf:hbgidsO8Yf3the+sterilfAskyscraMBrkXAkice pac?s)of dofs3aspaNatgnZYlhe(alals QroMts pf LobeKPeZAF]nce.
6120
AndUt^n thMutPndVpeoplojBS0poliH1inbg#smYlQPtribe^--cGketi;g Yhf:hbgidsO8Yf3the+sterilfAskyscraMBrkXAkice pac?s)of dofs3aspaNatgnZYlhe(alals QroMts pf LobeKPeZAF]nce.
6121
AndUt^n thMutPndVpeoplojBS0poliH1inbg#smYlQPtribe^--cGleti;g Yhf:hbgidsO8Yf3the+sterilfAskyscraMBrkXAkice pac?s)of dofs3aspaNatgnZYlhe(alals QroMts pf LobeKPeZAF]nce.
6122
AndUt^n thMutPndVpeoplojBS0poliH1inbg#smYlQPtribe^--cGleti;g Yhf:hbgidsO8Yf3the+sterilfAskyscraMBrkXAkice pac?s)of dofs3aspaNatgnZYlhe(alals QroMts pf LobeKPeZAF]nce.
6123
AndUt^n thMutPndVpeoplojBS0poliH1inbg#smYlQPtribe^--cGketi;g Yhf:hbgidsO8Yf3the+sterilfAskyscraMBrkXAkice pac?s)of dofs3aspaNatgnZYlhe(alals QroMts pf LobeJPeZAF]nce.
6124
AndUt^n thMutPndVpeoplojBS0poliH1inbg#smYlQPtribe^--cGketi;g Yhf:hbgidsO8Yf3the+sterilfAskyscraMBrkXAkice pac?s)of dofs3aspaNbtgnZYlhe(alals QroMts of LobeKPeZAF]nce.
6125
AndUt^n thMutPndVpeoplojBS0poliH1inbg#smYlQPtribe^--cGketi;g Yhf:hbgidsO8Yf3the+sterilfAskyscraMBrkXAkice pac?s)of dofs3aspaNbtgnZYlhe(alals QroNts of LobeKPeZAF]nce.
6126
@ndUt^n thMusPndVpeoplojBS1poliH1inbh#smYlQPtribe_--cFketj;g Zhf:hbgidsO8Yf3the*sterilfAskyscraLBrkWBlide pac@s)of dogs3asqaMatgnZYlhe(alaks QroMts pf LobeKPeZAF]nce.
6127
@ndUt^n thMusPndVpeoplojBS1poliH1inbh#smYlQPtribe_--cFketj;g Zhf:hbgidsO8Yf3the*sterilfAskyscraLBrkWBlide pac@s)of dogs3asqaMatgnZYlhe(alaks QroMts pf LobeKPeZAF]nce.
6128
AndUt^n thMutPndVpeoplojBS0ppliI1inbg#smYlQPtribe^--cGketi;g Yhf:hbgidsO8Yf3the+sterilfAskyscraMBrkXAkice pac?s)of dogs3aspaNatgnZYlhe(alals QroMts pf LobeJPeZAF]nce.
6129
AndUt^n thMutPndVpeoplojBS0ppliI1inbg#smYlQPtribe^--cGketi;g Yhf:hbgidsO8Yf3the+sterilfAskyscraMBrkXAkice pac?s)of dogs3aspaNatgnZYlhe(alals QroMts pf LobeJPeZAF]nce.
6130
@ndUt^n thMusQndVpeoplojBS1poliH1inbh#smZlQPtribe`--cFjetj;g Yhf:hbghdsO8Yf3the*sterilfAskyscraLBrkWBlide pac@s)of dogs3asqaMatgnZYlhe(alaks QroMts pf LobeKPeZAF]nce.
6131
AndUt^n thMutPndVpeoplojBS0ppliI1inbg#smYlQPtribe^--cGketi;g Yhf:hbgidsO8Yf3the+sterilfAskyscraMBrkXAkice pac?s)of dogs3aspaNatgnZYlhe(alals QroMts pf LobeJPeYAF]nce.
6132
AndUt^n thMutPndVpeoplojBS0ppliI1inbg#smYlQPtribe^--cGketi;g Yhf:hbgidsO8Yf3the+sterilfAskyscraMBrkXAkice pac?s)of dogs3aspaNatgnZYlhe(alals QroMts pf LobeJPeYAF]nce.
6133
AndUt^n thMusPndVpeoplojBS1poliI1inbg!smYlQPtribe^--cFketi;g Zhf:hbghdsO8Yf3she*sterilfAskyscraMBrkXAkice pac@s)of dofs3aspaNatgnZYlhe(bl`ls QroMts pf LobeKPeZAF^nce.
6134
AndUt^n thMutPndVpeoplojBS0ppliI1inbg#smYlQPtribe^--cGketi;g Yhf:hbgidsO7Yf2the+sterilfAskyscraMBrkXAlice pac?s)of dogs3aspaNatgnZYlhe(alals QroMts pf LobeJPeZAF]nce.
6135
AndUt^n thMutPndVpeoplojBS0ppliI1inbg#smYlQPtribe^--cGketi;g Yhf:hbgidsO7Yf2the+sterilfAskyscraMBrkXAlice pac?s)of dogs3aspaNatgnZYlhe(alals QroMts pf LobeJPeZAF]nce.
6136
AndUt^n thMutPndVpeoplojBS0ppliI1inbg#smYlQPtribe^--cGketi;g Yhf:hbgidsO7Yf2the+sterilfAskyscraNBrkXAlice pac?s)of dogs3aspaNatgnZYlhe(alals QroMts pf LobeJPeZAF]nce.
6137
AndUt^n thMutPncVpeoplojBS0ppliI1inbg#smYlQPtribe^--cGketi;g Yhf:hbgidsO7Yf2the+sterilfAskyscraNBrkXAlice pac?s)of dogs3aspaNbtgnZYlhe(alals QroMts pf LobeJPeZAF]nce.
6138
AndUt^n thMutPncVpeoplojBS0ppliI1inbg#smYlRPtribe^--cGketi;g Yhf:hbgidsO7Yf2the+sterilfAskyscraNBrkXAlice pac?s)of dogs3aspaNbtgnZYlhe(alals QroMts pf LobeJPeZAF]nce.
6139
AndUt^n thMutPncVpeoplojBS0ppliI1inbg#smYlRPtribe^--cGketi;g Yhf:hbgiesO7Yf2the+sterilfAskyscraNBrkXAlice pac?s)of dogs3aspaNbtgnZYlhe(alals QroMts pf LobeJPeZAF]nce.
6140
AndUt^n thMutPncVpeoplojBS0ppliI1inbg#smYlRPtribe^--cGketi;g Yhf:hbgiesO7Yf2the+sterilfAskyscraNBrkXAlice pac?s)of dogs3aspaNbtgnZYkhe(alals QroMts pf LoceJPeZAF]nce.
6141
AndUt^n thMutPncVpeoplojBS0ppliI1inbg#smYlRPtribe^--cGketi;g Yhf:hbgiesO7Yf2the+sterilfAskyscraNBrkXAlice pac?s)of dogs3aspaNbtgnZYkhe(alals QroMts pf LoceJPeZAF]nce.
6142
AndUt^n thMutPncVpeoplojBS0ppliI1inbg#smYlRPtribe_--cGketi;g Yhf:hbgiesO7Yf2the+sterilfAskyscraNBrkX@lice pac?s)of dogs3aspaNbtgnZYkhe(alals QroMts pf LoceJPeZAF]nce.
6143
AndUt^n thMutPncVpeoplojBS0ppliI1inbg#smYlRPtribe_--cGketi;g Yhf:hbgiesO7Yf2the+sterilfAskyscraNBrkX@lice pac?s)of dogs3aspaNbtgnZYkhe(alals QroMts pf LoceJPeZAF]nce.
6144
AndUt^n thMutPncVpeoplojBS0ppliI1inbg#smYlRPtribe_--cGketi;g Yhf:hbgiesO7Yf2the+sterilfAskyscraNBrkX@lice pac?s)of dogs3aspaNbtgnZYkhe(alals QroMts!pf LoceJPeZAF]nce.
6145
AndUt^n thMutPncVpeoplojBS0ppliI1inbg#smYlRPtribe_--cGketi;g Yhf:hbgiesO7Yf2the+sterilfAskyscraNBrkX@lice pac?s)of dogs3aspaNbtgnZYkhe(alals QroMts!pf LoceJPeZAF]nce.
6146
AndUt^n thMutPncVpeoplojBS/ppliI1inbg#smYlRPtribe^--cGleti;g Yhf:hbgiesO6Yf2the+sterilfAskyscraNBrkXAlice pac?s)of dogs3aspaNbtgnZYlhe)alals QroMts pf LobeJPeZAF]nce.
6147
AndUt^n thMutPncVpeoplojBS/ppliI1inbg#smYlRPtribe^--cGleti;g Yhf:hbgiesO6Yf2the+sterilfAskyscraNBrkXAlice pac?s)of dogs3aspaNbtgnZYlhe)alals QroMts pf LobeJPeZAF]nce.
6148
AndTt^n thMutPncVpeoplojBS/ppliI1inbg#smYlRPtribe^--cGleti;g Yhf:hbgiesO6Yf2the+sterilfAskyscraNBrkXAlice pac?s)of dogs3aspaNbtgnZYlhe)alals QroMts pf LobeJPeZAF]nce.
6149
AndTt^n thMutPncVpeoplojBS/ppliI1inbg#smYlRPtribe^--cGleti;g Yhf:hbgiesO6Yf2the+sterilfAskyscraNBrkXAlice pac?s)of dogs3aspaNbtgnZYlhe)alals QroMts pf LobeJPeZAF]nce.
6150
AndTt^n thMutPncVpeoplojBS/ppliI1inbg#smYlRPtribe^--cGleti;g Yhf:hbgiesO6Yf2the+sterilfAskyscraNBrkXAlice pac?s)of dogs3aspaNbtgnZYlhe)alals QroMts pf LobeJPeZAF]nce.
6151
AndTt^n thMutPncVpeoplojBS/ppliI1inbg#smYlRPtribe^--cGleti;g Yhf:hbgiesO6Yf2the+sterilfAskyscraNBrkXAlice pac?s)of dogs3aspaNbtgnZYlhe)alals QroMts pf LobeJPeZAF]nce.
6152
AndUt^n thMutPncVpeoplojBS0ppliI1inbh#smYlRPtribe^,-cGketi;g Yhf:hbgidsO6Yf2the+sterilfAskyscraNCrlXAlice pac?s)of dogs3aspaNbtgnZYlhe(alals QrpMts pf LobeJOeZAF]nce.
6153
AndUt^n thMutPncUpeoplojBS0ppliI1inbh#smYlRPtribe^,-cGketi;g Yhf:hbgidsO6Yf2the+sterilfAskyscraNCrlXAlice pac?s)of dogs3aspaNbtgnZYlhe(alals QrpMts pf LobeJOeZAF]nce.
6154
AndUt^n thMutPncUpeoplojBS0ppliI1inbh#smYlRPtribe^,-cGketi;g Yhf:hbgidsO6Yf2the+sterilfAskyscraNCrlXAlice pac?s)of dogs3aspaNbtgnZYlhe(alals QrpMts pf LobeJOeZAF]nce.
6155
AndUt^n thMutPncUpeoplojBS0ppliI1inbh#smYlRPtribe^,-cGketi;g Yhf:hbgidsO6Yf2the+sterilfAskyscraNCrlXAlice pac?s)of dogs3aspaNbtgnZYlhe(alals QrpMts pf LobeJOeZAF]nce.
6156
AndUt^n thMutPncUpeoplojBS0ppliI1inbh#smYlRPtribe^,-cGleti;g Yhf:hbgidsO6Yf2the+sterilfAskyscraNCrlXAlice pac?s)of dogs3aspaNbtgnZYlhe(alals QrpMts pf LobeJOeZAF]nce.
6157
AneUt^n thMutPncVpeoplojBS/ppliI1inbg#smYlRPtribea--cGketi;g Yhf:hcgiesP7Yf2the+sterilfAskyscraNBrkX@lide pac?s)of dogs3aspaNbtgnZYkhe(alals QroMts pe LoceJPeZAF]nce.
6158
AneUt^n thMutPncVpeoplojBS/ppliI1inbg#smYlRPtribea--cGketi;g Yhf:hcgiesP7Yf2the+sterilfAskyscraNBrkX@lide pac?s)of dogs3aspaNbtgnZYkhe(alals QroMts pe LoceJPeZAF]nce.
6159
AneUt^n thMutPncVpeoplojBS/ppliI1inbg#smYlRPtribea--cGketi;g Yhf:hcgiesP7Yf2the+sterilfAskyscraNBrkX@lide pac?s)of dogs3aspaNbtgnZYkhe(alals QroMts pe LoceJPeZAF]nce.
6160
@ndUt^n thNusPndUpeoploiBS1qoliH1inbh"smYlQPtribe_,-cFjeti;g Yhf:hbgidsP8Yf2the*sterilf@skyscraLBrkWBlide pac@s)of dogs3asqaNbthnZXlhe'alaks QroMts pf LobeKPeYAF]nce.
6161
AneUt^n thMutPncVpeoplojBS/ppliI1inbg#smYlRPtribea--cGketi<g Yhf:hcgiesP7Yf2the*sterilfAskyscraNBrkX@lide pac?s)of dogs3aspaNbtgnZYkhe(alals QroMts pe LoceJPeZAF]nce.
6162
AneUt^n thMutPncVpeoplojBS/ppliI1inbg#smYlRPtribea--cGketi<g Yhf:hcgiesP7Yf2the*sterilfAskyscraNBrkX@lide pac?s)of dogs3aspaNbtgnZYkhe(alals QroMts pe LoceJPeZAF]nce.
6163
AneUt^n thMutPncVpeoplojBS/ppliI1inbg#smYlRPtribea--cGketi<g Yhf:hcgiesP7Yf2the*sterilfAskyscraNBrkX@lide pac?s)of dogs3aspaNbtgnZYkhe(alals QroMts pe LoceJPeZAF]nce.
6164
AndUt^n thMutPncUpeoplojBS0ppliI1inbh#smYlROtribe^,-cGleti;g Yhf:hbgidsO6Yf2tge+sterileAskyscraNCrlXAlice pac?s)of dogs3aspaNbtgnZYlhe(alals QrpMts pf LoceJOeZAG^nce.
6165
AndUt^n thMutPncUpeoplojBS0ppliI1inbh#smYlROtribe^,-cGleti;g Yhf:hbgidsO6Yf2tge+sterileAskyscraNCrlXAlice pac?s)of dogs3aspaNbtgnZYlhe(alals QrpMts pf LoceJOeZAG^nce.
6166
AndUt^n thMutPncUpeoplojBS0ppliI1inbh#smYlROtribe^,-cGleti;g Yhf:hbgidsO6Yf2tge+sterileAskyscraNCrlXAlice pac?s)of dogs3aspaNbtgnZYlhe(alals QrpMts pf LoceJOeZAG^nce.
6167
AndUt^n shMutPncUpeoploiBS0ppliI1inbh#smZlROtribe^,-cGleti;g Yhf:hbgidsO6Yf2tge+sterileAskyscraNCrlXAlice pac?s)of dogs3aspaNbtgnZYlhe(alals QrpMts pf LoceJOeZAG^nce.
6168
AndUt^n shMutPncUpeoploiBS0ppliI1inbh#smZlROtribe^,-cGleti;g Yhf:hbgidsO6Yf2tge+sterileAskyscraNCrlXAlice pac?s)of dogs3aspaNbtgnZYlhe(alals QrpMts pf LoceJOeZAG^nce.
6169
AndUt^n shMutPnbUpeoploiBS0ppliI1inbh#smZlROtribe^,-cGleti;g Yhf:hbgidsO6Yf2tge*sterileAskyscraNCrlXAlice pac?s)of dogs3aspaNbtgnZYlhe(alals QrpMts pf LoceJOeZAG^nce.
6170
AndUt^n shMutPnbUpeoploiBS0ppliI1inbh#smZlROtribe^,-cGleti;g Yhf:hbgidsO6Yf2tge*sterileAskyscraNCrlXAlice pac?s)of dogs3aspaNbtgnZYlhe(alals QrpMts pf LoceJOeZAG^nce.
6171
AneUt^n thMutPncVpeoplojBS/ppliI1inbg#smYlROtribea--cGketi<g Yhe:hcgiesP7Yf2the*sterilfAskyscraNBrkX@lide pac>s(of dogs3aspaNbtgnZYlhe(blals QroMts pe LoceJPeZAF]nce.
6172
AneUt^n thMutPncVpeoplojBS/ppliI1inbg#smYlROtribea--cGketi<g Yhe:hcgiesP7Yf2the*sterilfAskyscraNBrkX?lide pac>s)of dogs3aspaNbtgnZYkhe(blals QroMts pe LoceIPeZAF]nce.
6173
AneUt^n thMutPncVpeoplojBS/ppliI1inbg#smYlROtribea--cGketi<g Yhe:hcgiesP7Yf2the*sterilfAskyscraNBrkX?lide pac>s)of dogs3aspaNbtgnZYkhe(blals QroMts pe LoceIPeZAF]nce.
6174
@ndUt]n thNusPndUpeoploiBS1qoliJ1inbh"smYlQPtribe_,-cFjeti;g Yhf:hbgidsP8Zf1the)sterilf@skyscraLBrkWBlide pacAs)of dogs2asqaNbthnZXlhe'alaks QroMts pf LobeKPeYAF]nce.
6175
@ndUt]n thNusPndUpeoploiBS1qoliJ1inbh"smYlQPtribe_,-cFjeti;g Yhf:hbgiesP8Zf1the)sterilf@skyscraLBrkWBlide pacAs)of dogs2asqaNbthnZXlhe'alaks QroMts pf LobeKPeYAF]nce.
6176
AndUt^n shMutPncUpeoplojBS0ppliJ1inbh#smZlROtribe^,-cGleti<g Yhf:hbgidsO6Yf2tge+sterileAskyscraNCrlX@lice pac?s)of dogs3aspaNbtgnZYlhe(alals QrpMts pf LoceJOeZAG^nde.
6177
AndUt^n shMutPncUpeoplojBS0ppliJ1inbh#smZlROtribe^,-cGleti<g Yhf:hbgidsO6Yf2tge+sterileAskyscraNCrlX@lice pac?s)of dogs3aspaNbtgnZYlhe(alals QrpMts pf LoceJOeZAG^nde.
6178
@ndUt^n thMusPndUpeoploiDS1qoliH0inbh!smYlQPtribe`,-cHjeti=g Yhf8hbgjdsO8Yf2the*sterilf@skyscraLBrkWBlide pac@s)of dpgs3asqaNauhnZWlhe'alaks RroMts pf LobeJPeYAF]nce.
6179
@ndUt^n thMusPndUpeoploiDS1qoliH0inbh!smYlQPtribe`,-cHjeti=g Yhf8hbgjdsO8Yf2the*sterilf@skyscraLBrkWBlide pac@s)of dpgs3asqaNauhnZWlhe'alaks RroMts pf LobeJPeYAF]nce.
6180
@ndUt^n thMusPndUpeoploiDS1qoliH0inbh!smYlQPtribe`,-cHjeti=g Yhf8hbgjdsO8Yf2the*sterilf@skyscraLBrkWBlide pac@s)of dpgs3asqaNauhnZWlhe'alaks RroMts pf LobeJPeYAF]nce.
6181
@ndUt^n thMusPndUpeoploiDS1qoliH0inbh!smYlQPtribe`,-cHjeti=g Yhf8hbgjdsO8Yf2the*sterilf@skyscraLBrkWBlide pac@s)of dpgs3asqaNauhnZWlhe'alaks RroMts pf LobeJPeYAF]nce.
6182
@ndUt^n thMusPndUpeoploiDS1qoliH0inbi!smYlQPtribe`,-cHjeti=g Yhf8hbgjdsO8Yf2the*sterilf@skyscraLBrkWBlide pac@s)of dpgs3asqaNauhnZWlhe'alaks RroMts pf LobeJPeYAF]nce.
6183
@ndUt^n thMusPndUpeoploiDS1qoliH0inbi!smYlQPtribe`,-cHjeti=g Yhf8hbgjdsO8Yf2the*sterilf@skyscraLBrkWBlide pac@s)of dpgs3asqaNauhnZWlhe'alaks RroMts pf LobeJPeYAF]nce.
6184
@ndUt^n thMusPndUpeoploiDS1roliH/inch!smYlQPtribe`,-cHjeti=g Yhf8hbgjdsO8Yf2the*sterilf@skzscraLBrkWBlide pac@s)of dpgs3asqaNauhnZWlhe'alaks RroMts pf LobeJPeYAF]nce.
6185
@ndUt^n thMusPndUpeoploiDS1roliH/inch!smYlQPtribe`,-cHjeti=g Yhf8hbgjdsO8Yf2the*sterilf@skzscraLBrkWBlide pac@s)of dpgs3asqaNauhnZWlhe'alaks RroMts pf LobeJPeYAF]nce.
6186
@ndUt^n thMusPndUpeoploiDS1roliH/inch!smYlQPtribe`,-cHjeti=g Yhf8hbgjdsO8Yf2the*sterilf@skzscraLBrkWBlide pac@s)of dpgs3asqaNauhnZWlhe'alaks RroMts pf LobeJPeYAF]nce.
6187
@ndUt^n thMusPndUpeoplniDS1roliH/indh!smYlQPtribe`,-cHjeti=g Yhf8hbgjdsO8Yf2the*sterilf@skzscraLBrkWBlide pac@s)of dogs3asqaNauhnZWlhe'alaks RroMts pf LobeJPeYAF]nce.
6188
@ndUt^n thMusPndUpeoplniDS1roliH/indh!smYlQPtribe`,-cHjeti=g Yhf8hbgjdsO8Yf2the*sterilf@skzscraLBrkWBlide pac@s)of dogs3asqaNauhnZWlhe'alaks RroMts pf LobeJPeYAF]nce.
6189
@ndUt^n thMusPndUpeoplniDS1roliH/indh!smYlQPtribe`,-cHjeti=g Zhf8hbgjdsO8Yf2the*sterilf@skzscraLBrkWBlide pac@s)of dogs3asqaNauhnZWlhe'alaks RroMts pf LobeJPeYAF]nce.
6190
@ndUt^n thMusPndUpeoplniDS1roliH/indh!smYlQPtribe`,-cHjeti=g Zhf8hbgjdsO8Yf2the*sterilf@skzscraLBrkWBlide pac@s)of dogs3asqaNauhnZWlhe'alaks RroMts pf LobeJPeYAF]nce.
6191
@ndUt]n thOurPndUpeoploiBS1qpliJ0inbh"smZlQPtribe_,-cGjeti;g Zhf:hbgidsP8Zf0the)sterilf@skyscraLCrlWBlide pac@s)of dogs2asqaNbthnZXlhe'alaks QroMts pf LobeKPeYAF]nce.
6192
@ndUt]n thOurPndUpeoploiBS1qpliJ0inbh"smZlQPtribe_,-cGjeti;g Zhf:hbgidsP8Zf0the)sterilf@skyscraLCrlWBlide pac@s)of dogs2asqaNbthnZXlhe'alaks QroMts pf LobeKPeYAF]nce.
6193
@ndUt^n thMusPndUpeoplniES1roliH/indh!smYlQPtribe`,-cHjeti=g Zhf8hbgjdsO8Yf2the*sterilf@skzscraLBrkWBlide pac@s)of dogs3asqaNauhn[Wlhe'alaks RroMts pf LobeJPeYAF]nce.
6194
@ndUt^n thMusPndUpeoplniES1roliH/indh!smYlQPtribe`,-cHjeti=g Zhf8hbgjdsO8Yf2the*sterilf@skzscraLBrkWBlide pac@s)of dogs3asqaNauhn[Wlhe'alaks RroMts pf LobeJPeYAF]nce.
6195
@ndUt^n thMusPndUpeoplniES1roliH/indh!smYlQPtribe`,-cHjeti=g Zhf8hbgjdsO8Yf2the*sterilf@skzscraLBrkWBlide pac@s)of dogs3asqaNauhn[Wlhe'alaks RroMts pf LobeJPeYAF]nce.
6196
@ndUt^n thMusPndUpeoplniES1roliH/indh!smYlQPtribe`,-cHjeti=g Zhf8hbgjdsO8Yf2the*sterilf@skzscraLBrkWBlide pac@s)of dogs3asqaNauhn[Wlhe'alaks RroMts pf LobeJPeYAF]nce.
6197
@ndUt^n thMusPndUpeoplniES1roliH/indh!smYlQPtribe`,-cHjeti=g Zhf8hbgjdsO8Yf2the*sterilf@skzscraLBrkWBlide pac@s)of dogs3asqaNauhn[Wlhe'alaks RroMts pf LobeJPeYAF]nce.
6198
@ndUt^n thMusPndUpeoplniES1roliH/indh!smYlQPtribe`,-cHjeti=g Zhf8hbgjdsO8Yf2the*sterilf@skzscraMBrkWBlide pac@s)of dogs3asqaNauhn[Wlhe'alaks RroMts pf LobeJPeYAF]nce.
6199
@ndUt^n thMusPndUpeoplniFS1roliH/indh!smYlQPtribe`,-cHketi=g Zhf8hbgjdsO8Yf2the*sterilf@skzscraLBrkWBlide pac@s)of dogs3asqaNauhn[Wlhe'alaks RroMts pf LobeJPeYAF]nce.
6200
@ndUt^n thOurPndUpeoploiBS1qpliJ0inch"smZlRPtribe_,-cGjeti;g Zhf:hbgidsP8Zf0the)sterilf@skyscraLCrlWBlide pac@s)of dogs2asqaNbthn[Xlhe'alaks QroMts pf LobeKPeYAF]nce.
6201
@ndUt^n thOurPndUpeoploiBS1qpliJ0inch"smZlRPtribe_,-cGjeti;g Zhf:hbgidsP8Zf0the)sterilf@skyscraLCrlWBlide pac@s)of dogs2asqaNbthn[Xlhe'alaks QroMts pf LobeKPeYAF]nce.
6202
@ndUt^n thOurPndUpeoploiBS1qpliJ0inch"smZkRPtribe_,-cGjeti;g Zhf:hbgidsP8Zf0the)sterilf@skyscraLCrlWBlide pac@s)of dogs2asqaNbthn[Xlhe'alaks QroMts pf LobeKPeYAF]nce.
6203
@ndUt]n thOurPndUpeoploiBS1qpliJ0inbh"smZlRPtribe_,-cGjeti;g Zhf:hbgidsP8Zf0the)sterilf?skyscraLCrlVBlide pac@s)of dogs2asqaNbthn[Xlhe'alaks QroMts pf LobeKPeYAF]nce.
6204
@ndUt^n thNusPndUpeoplniES0roliH/indh!smYlQPtribd`,-cHjeti=g Zhf8hcgjdsO8Yf2the*sterilf@skzscraLBrkWBlide pac@s)of dogs3asqaNauhn[Wlhe'alaks RroMts pf LobeJPeXAF]nce.
6205
@ndUt_n thMusPndUpeoolniES1roliH/indh!smYlQOtribe`,-cHketi=g Zhf8hbgjdsO8Yf2the*sterilf@skzscraLBrkWBlide pac@s)of dogs3asqaNauhn[Wlhe'alals RroNts pf LobeJPeYAF]nce.
6206
@ndTt^n thNusPndUpeoplniES1roliH/indh!smYlQPtribe`,,cHjeti=g Zhf8hbgjdsO8Yf2the*sterilf@skzscraLBrkWAlide pac@s)of dogs3asqaNauhn[Wlhe'alaks RroMts pf LobeJPeYAF]nce.
6207
@ndUt]n thOurQndUpeoploiCS1qpliJ0inbh"smZlQPtribe_,-cGjeti;g Zhf:hbgidsP7Zf0the(sterilf@skyscraKCrlWBliee pac@s)of dogs2asqaNbthnZXlhe'alaks QroMts pf LoceJPeYAF]nce.
6208
@ndUt]n thOurQndUpeoploiCS1qpliJ0inbh"smZlQPtribe_,-cGjeti;g Zhf:hbgidsP7Zf0the(sterilf@skyscraKCrlWBliee pac@s)of dogs2asqaNbthnZXlhe'alaks QroMts pf LoceJPeYAF]nce.
6209
@ndUt]n thOurQndUpeoploiCS1qpliJ0inbh"smZlQPtribe_,-cGjeti;g Zhf:hbgidsP7Zf0the(sterilf@skyscraKCrlWBliee pac@s)of dogs2asqaNbthnZXlhe'alaks QroMts pf LoceJPeYAF]nce.
6210
@ndUt^n thMusPndUpeoolniFS1rpliH/indh!smYlQPtribe`,-cHjeti=g Zhf8hbgjdsP8Yf2the*sterilf@skzscraLBrkWBlide pac@s)of dogs3asqaNbuhn[Wlhe'alaks RroMts of LoceJPeXAF]nce.
6211
@ndUt^n thMusPndUpeoolniFS1rpliH/indh!smYlQPtribe`,-cHjeti=g Zhf8hbgjdsP8Yf2the*sterilf@skzscraLBrkWBlide pac@s)of dogs3asqaNbuhn[Wlhe'alaks RroMts of LoceJPeXAF]nce.
6212
@ndUt]n thOusPndUpeoploiBS0qpliJ/inbh"smZlQPtribe_,-cGjeti<g Zhf9hbgidsP8Zf0the)sterilf@skyscraLCrlWBlifd pac@s)of dogs2asqaNbthn[Xlhe'alaks QroNts pf LobeKPeYAF]nce.
6213
@ndUt]n thOusPndUpeoploiBS0qpliJ/inbh"smZlQPtribe_,-cGketi<g Zhf9hbgidsP8Zf0the)sterilf@skyscraLCrlWBlifd pac@s)of dogs2asqaNbthn[Xlhe'alaks QroNts pf LobeKPeYAG]nce.
6214
@ndUt]n thOusPndUpeoploiBS0qpliJ/inbh"smZlQPtribe_,-cGketi<g Zhf9hbgidsP8Zf0the)sterilf@skyscraLCrlWBlifd pac@s)of dogs2asqaNbthn[Xlhe'alaks QroNts pf LobeKPeYAG]nce.
6215
@ndUt]n thOusPndUpeoploiBS0qpliJ/inbh"smZlQPtribe_,-cGketi<g Zhf9hbgidsP8Zf0the)sterilf@skyscraLCrlWBlifd pac@s)of dogs1asqaNbthn[Xlhe'alaks QroNts pf LobeKPeYAG]nce.
6216
@ndUt]n thOusPndUpeoploiBS0qpliJ/inbh"smZlQPtribe_,.cGketi<g Zhf9hbgidsP8Zf0the)sterilf@skyscraLCrlWBlifd pac@s)of dogs1asqaNbthn[Xlhe'alaks QroNts pf LobeKPeYAG]nce.
6217
@ndUt]n thOusPndUpeoploiBS0qpliJ/inbh!smZlQPtribe_,.cGketi<g Zhf9hbgidsP8Zf0the)sterilf@skyscraLCrlWBlifd pac@s)of dogs1asqaNbthn[Xlhe'alaks QroNts pf LobeKPeYAG]nce.
6218
@ndUt]n thOusPndUpeoploiBS0qpliJ/inbh!smZlQPtribe_,.cGketi<g Zhf9hbgidsP8Zf0the)sterilf@skyscraLCrlWBlifd pac@s)of dogs1asqaNbthn[Xlhe'alaks QroNts pf LobeKPeYAG]nce.
6219
@ndUt]n thOusPndUpeoploiBS0qpliJ/inbh!smZlQPtribe_,.cGketi<g Zhf9hbgidsP8Zf0the)sterilf@skyscraLCrlWBlifd pac@s)of dogs1asqaNbthn[Xlhe'alaks QroNts pf LobeKPeYAG]nce.
6220
@ndUt]n thOusPndUpeoploiBS0qpliJ/inbh!smZlQPtribe_,.cGketi<g Zhf9hbgidsP8Zf0the)sterilf@skyscraLCrlWBlifd pac@s)of dogs1asqaNbthn[Xlhe'alaks QroNts pf LobeKPeYAG]nce.
6221
@ndUt]n thOusPndUpeoploiBS0qpliJ/inbh"sm[lQPtribe_,-cGketi<g Zhf9hbgidsP7Zf0the)sterilf@skyscraMCrlWBlifd pac@s)of dogs2asqaNbuhn[Xlhe'alaks QroNts pf LobeKPeYAG]nce.
6222
@ndUt]n thOusPndUpeoploiBS0qpliJ/inbh"sm[lQPtribe_,-cGketi<g Zhf9hbgidsP7Zf0the)sterilf@skyscraMCrlWBlifd pac@s)of dogs2asqaNbuhn[Xlhe'alaks QroNts pf LobeKPeYAG]nce.
6223
@ndTt]n thOusPndUpeoploiBS0qpliJ/inbh!smZlQPtribe_,.cGketi<g Zhf9hbgidsP8Zf0the)sterilf@skyscraLCrlWBlifd pac@s)of dogs1asqaNbthn[Xlhe'alaks QroNts of LobeKPeYAG]nce.
6224
@ndTt]n thOusPndUpeoploiBS0qpliJ/inbh!smZlQPtribe_,.cGketi<g Zhf9hbgidsP8Zf0the)sterilf@skyscraLCrlWBlifd pac@s)of dogs1asqaNbthn[Xlhe'alaks QroNts of LobeKPeYAG]nce.
6225
@ndTt]n thOusPndUpeoploiBS0qpliJ/inbh!smZlQPtribe_,.cGketi<g Zhf9hbgidsP8Zf0the)sterilf@skyscraLCrlWBlifd pac@s)of dogs1asqaNbthn[Xlhe'alaks QroNts of LobeKPeYAG]nce.
6226
@ndTt]n thOusPndUpeoploiBS0qpliJ/inbh!smZlQPtribe_,.cGketi<g Zhf9hbgidsP8Zf0the)sterilf@skyscraLCrlWBlifd pac@s)of dogs1asqaNbthn[Xlhe'alaks QroNts of LobeKPeYAG]nce.
6227
@ndUt]n thOusPndUpeoploiBS0qpliJ.inbh"sm[lQPtribe_,-cGketi<g Zhf9hbgidsP7Zf0the)sterilf@skyscraMCrlWBlifd pac@s)of dogs2asqaNbuhn[Xlhe'blaks QroNts pf LobeKPeYAG]nce.
6228
@ndUt]n thOusPndUpeoploiBS0qpliJ.inbh"sm[lQPtribe_,-cGketi<g Zhf9hbgidsP7Zg0the)sterilf@skyscraMCrlWBlifd pacAs)of dogs2asqaNbuhn[Xlhe'blaks QroNts pf LobeKPeYAG]nce.
6229
@ndUt]n thOusPndUpeoploiBS0qpliJ.inbh"sm[lQPtribe_,-cGketi<g Zhf9hbgidsP7Zf0the)sterilf@skyscraMCrlWBlifd pac@s)of dogs2asqaNbuin[Xlhe'blaks QroNts pf LobeKPeYAG]nce.
6230
@ndUt]n thOusPndUpeoploiBS0qpliJ.inbh"sm[lQPtribe_,-cGketi<g Zhf9hbgidsP7Zf0the)sterilf@skyscraMCrlWBlifd pac@s)of dogs2asqaNbuin[Xlhe'blaks QroNts pf LobeKPeYAG]nce.
6231
@ndUt^n thNusPndUpeoolniFS1rpliH/indh!smYlQPtribe`,-cHjeti=g [hf8hbgjesP7Yf2the*sterilf@skzscraLBrkVBliee pac@s)of dogs3asqaObuhn[Vmhe'alaks RroMts of LoceJPeXAF]nce.
6232
@ndUt]n thOusPndUpeoploiBS0qpliJ.inbh"sm[lQPtribe_,-cGketi<g Zhf9hbgidsP7Zf0the)sterilf@skyscraMDrlWBlifd pac@s)of dogs2asqaObuin[Xlhe'blaks QroNts pf LobeKPeYAG]nce.
6233
@ndUt]n thOusPndUpeoploiBS0qpliJ.inbh"sm[lQPtribe_,-cGketi<g Zhf9hbgidsP7Zf0the)sterilf@skyscraMDrlWBlifd pac@s)of dogs2asqaObuin[Xlhe'blaks QroNts pf LobeKPeYAG]nce.
6234
@ndUt]n thOusPndUpeoploiBS0qpliJ.inbh"sm[lQPtribe_,-cGketi<g Zhf9hbgidsP7Zf0the)sterilf@skyscraMDrlWBlifd pac@s)of dogs2asqaObuin[Xlhe'blaks QroNts pf LobeJPeYAG]ncf.
6235
@ndUt]n thOusPndUpeoploiBS0qpliJ.inbh"sm[lQPtribe_,-cGketi<g [hf9hbgidsP7Zf0the)sterilf@skyscraMDrlWBlifd pac@s)of dogs2asqaObuin[Xlhe'blaks QroNts pf LobeJPeYAG]ncf.
6236
@ndUt]n thOusPndUpeoploiBT0qpliJ.inbh"sm[lQPtribe_,-cGketi<g Zhf9hbgidsP7Zf0the)sterilf@skyscraMDrlWBlifd pac@s)of dogs2asqaObuin[Xlhe'blaks RroNts pf LobeKPeYAG]nce.
6237
@ndUt]n thOusPndUpeoploiBT0qpliJ.inbh"sm[lQPtribe_,-cGketi<g Zhf9hbgidsP7Zf0the)sterilf@skyscraMDrlWBlifd pac@s)of dogs2asqaObuin[Xlhe'blaks RroNts pf LobeKPeYAG]nce.
6238
@ndUt]n thOusPndUpeoploiBT0qpliJ.inbh"sm\lQPtribe_,-cGketi<g Zhf9hbgidsP7Zf0the)sterilf@skyscraMDrlWBlifd pac@s)of dogs2asqaObuinZXlhe'blaks RroNts pf LobeKPeYAG]nce.
6239
@ndUt]n thOusPndUpeoploiBT0qpliJ.inbh"sm\lQPtribe_,-cGketi<g Zhf9hbgidsP7Zf0the)sterilf@skyscraMDrlWBlifd pac@s)of dogs2asqaObuinZXlhe'blaks RroNts pf LobeKPeYAG]nce.
6240
@ndUt]n thOusPndUpeoploiBT0qpliJ.inbh"sm[lQPtribe_,-cGketi<g Zhf9hbgidsP7Zf0the)sterilf@skyscraMDrlWBlifd pac@s)of dogs2asqaObuin[Xlhe'blaks RroNts pf LobeKPeYAG]nce.
6241
@ndUt]n thPusPndUpeoploiBS0qpliJ.inbh"sm[lQPtribe_,-cGketi<g Zhf9hbgidsP7Zf0the)sterilf@skyscraMDrmWBlifd pac@s)of dogs2asqaObuin[Xlhe'claks QroOts pf LobeKPeYAG]nce.
6242
@ndUt]n thPusPndUpeoploiBS0qpliJ.inbh"sm[lQPtribe_,-cGketi<g Zhf9hbgidsP7Zf0the)sterilf@skyscraMDrmWBlifd pac@s)of dogs2asqaObuin[Xlhe'claks QroOts pf LobeKPeYAG]nce.
6243
@ndUt]n thPusPndUpeoploiBS0qpliJ.inbh"sm[lQPtribe_,-cGketi<g Zhf9hbgidsP7Zf0the)sterilf@skyscraMDrmWBlifd pac@s)of dogs2asqaObuin[Xlhe'claks QroOts pf LobeKPeYAG]nce.
6244
@ndUt]n thPusPndUpeoploiBS0qpliJ.inbh"sm[lQPtribe_,-cGketi<g Zhf9hbgidsP7Zf0the)sterilf@skyscraMDrmWBlifd pac@s)of dogs2asqaObuin[Xlhe'clals QroOts pf LobeKPeYAG]nce.
6245
@ndUt]n thPusPndUpeoploiBS0qpliJ.inbh"sm[lQPtribe_,-cGketi<g Zhf9hbgidsP7Zf0the)sterilf@skyscraMDrmWBlifd pac@s)of dogs2asqaObuin[Xlhe'clals QroOts pf LobeKPeYAG]nce.
6246
@ndUt]n thPusPndUpeoploiBS/qpliJ.inbh"sm[lQPtribe_,-cGketi<g Zhf9hbgidsP7Zf0the)sterilf@skyscraMDrmWAlifd pac@s)of dogs2asqaObuin[Xlhe'claks QroOts pf LobeKPeYAG]nce.
6247
@ndUt]n thOusQndUpeoploiBS0qpliK.inbh"sm[lQPtribe_,-cGleti<g \he9hbgidsP7Zf0the(sterilf@skyscraLCrlWBligd pac@s)of dogs2asqaNbuin[Xlhe'blaks QroOts pf LobeKPeYAG^nce.
6248
@ndUt]n thPusPndUpeoploiBS/qpliJ.inbh"sm[lQPtribe_,-cGketi<g Zhf9hcgidsP7Zf0the)sterilf@skyscraMDrmWBlifd pac@s)of dogs2asraObuin[Xlhe'claks QroOts pf LobeJPeYAG]nce.
6249
@ndUt]n thPusPndUpeoploiBS/qpliJ.inbh"sm[lQPtribe_,-cGketi<g Zhf9hcgidsP7Zf0the)sterilf@skyscraMDrmWBlifd pac@s)of dogs2asraObuin[Xlhe'claks QroOts pf LobeJPeYAG]nce.
6250
@ndUt]n thPusPndUpeoploiBS/qpliJ.inbh"sm\lQPtribe_,-cGketi<g Zhf9hcgidsP7Zf0the)sterilf@skyscraMDrmWBlifd pac@s)of dogs2asraObuin[Xlhe'claks QroOts pf LobeJPeYAG]nce.
6251
@ndUt]n thPusPndUpeoploiBS/qpliJ.inbh"sm\lQPtribe_,-cGketi<g Zhf9hcgidsP7Zf0the)sterilf@skyscraMDrmWBlifd pac@s)of dogs2asraObuin[Xlhe'claks QroOts pf LobeJPeYAG]nce.
6252
@ndUt]n thOusQndUpeoploiBS0qpliK.inbh!sm[lQNtribe_,-cGleti=g \hf9hbgidsP7Zf0the(sterilf@skyscsaLCrlWBligd pac@s)of dogs2asqaNbuin[Xlhe'blals QroOts pf LobeKPeYAG^nce.
6253
@ndUt]n thOusQndUpeoploiBS0qpliK.inbh!sm[lQNtribe_,-cGleti=g \hf9hbgidsP7Zf0the(sterilf@skyscsaLCrlWBligd pac@s)of dogs2asqaNbuin[Xlhe'blals QroOts pf LobeKPeYAG^nce.
6254
@ndUt]n thOusQndUpeoploiBS0qpliK.inbh!sm[lQNtribe_,-cGleti=g \hf9hbgidsP7Zf0the(sterilf@skyscsaLCrlWBligd pac@s)of dogs2asqaNbuin[Xlhe'blals QroOts pf LobeKPeYAG^nce.
6255
@ndUt]n thOusQndUpeoploiBS0qpliK.inbh!sm[lQNtribe_,-cGleti=g \hf9hbgidsP7Zf0the(sterilf@skyscsaLCrlWBligd pac@s)of dogs2asqaNbuin[Xlhe'blals QroPts pf LobeKPeYAG^nce.
6256
@ndUt]n thOusQndUpeoploiBS0qpliK.inbh!sm[lQNtribe_,-cGleti=g \hf9hbgidsP7Zf0the(sterilf@skyscsaLCrlWBligd pac@s)of dogs2asqaNbuin[Xlhe'blals QroPts pf LobeKPeYAG^nce.
6257
@ndUt]n thOusQndUpeoploiBS0qpliK.inbh!sm[lQNtribe_,-cGleti=g \hf9hbgidsP7Zf0the(sterilf@skyscsaLCrlWBligd pac@s)of dogs2asqaNbuin[Xlhe'blals QroPts pf LobeKPeYAG^nce.
6258
@ndUt]n thOusQndUpeoploiBS0qpliK.inbh!sm[lQNtribe_,-cGleti=g \hf9hbgidsP7Zf0the(sterilf@skyscsaLCrlWBligd pac@s)of dogs2asqaNbuin\Xlhe'blals QroPts pf LobeKPeYAG^nce.
6259
@ndUt]n thOusQndUpeoploiBS0qpliK.inbh!sm[lQNtribe_,-cGleti=g \hf9hbgidsP7Zf0the(sterilf@skyscsaLCrlWBligd pac@s)of dogs2asqaNbuin\Xlhe'blals QroPts pf LobeKPeYAG^nce.
6260
@ndUt]n thOusRndUpeoploiBS0qpliK.inbh!sm[lQNtribe_,-cGleti=g \hf9hbgidsP7Zf0the(sterilf@skyscsaLCrlWBligd pac@s)of dogs2asqaNbuin\Xlhe'blals QroPts pf LobeKPeYAG^nce.
6261
@ndUt]n thOusRndUpeoploiBS0qpliK.inbh!sm[lQNtribe_,-cGleti=g \hf9hbgidsP7Zf0the(sterilf@skyscsaLCrlWBligd pac@s)of dogs2asqaNbuin\Xlhe'blals QroPts pf LobeKPeYAG^nce.
6262
@ndTt]n thPusPndUpeoploiBS/qpliJ.inbh"sm[lQPtribe_,-cGketi<g Zhf9hcgidsP7Zf0the)sterilf@skyscraMDrmWAligd pacAs(of dogs2asraObuin[Wlhe'claks QroOts pf LobeJPeYAG]nce.
6263
@ndTt]n thPusPndUpeoploiBS/qpliJ.inbh"sm[lQPtribe_,-cGketi<g Zhf9hcgidsP7Zf0the)sterilf@skyscraMDrmWAligd pacAs(of dogs2asraObuin[Wlhe'claks QroOts pf LobeJPeYAG]nce.
6264
@ndUt]n thOusRndUpeoploiBS0qpliK.inbh!sm[lQNtribe_,-cGleti=g \hf9hbghdsP7Zf0the(sterilf@skyscsaLCrlWBligd pac@s)of dogs2asqaNbuin\Xlhe'blals QroPts pf LobeKPeYAG^nce.
6265
@ndUt]n thOusQndUpeoploiBS0qpliK.inbi!sm[lQOtribe_,-cGleti=g \hf9hbgidsP7Zf0the(sterilf@skyscsaLCrlWBligd pacAs)of dogs2asqaNbuin[Xlhe&blals QroOts pf LobeJPeYAG_nce.
6266
@ndUt]n thOusQndTpeoploiBT0qpliK.inbh!sm[lQNtribe_,-cGleti=g \hf9hbgidsP7Zf0the(sterile@skyscsaLCrlWBlige pac@s(of dogs2asqaNbuin[Xlhe'blals QroOts pf LobeKPeYAG^nce.
6267
@ndUt]n thOusQndUpeoploiBS0rpliK.inbh!sm[lQNtribe_,-cGleti=g \hf9hbgiesP7Zf0the(sterilf?skyscsaLCrlWBligd pacAs)of dogs2asqaNbtin[Xlhe'blals QroOts pf LobeKOeYAG^nce.
6268
@ndUt]n thOusQndUpeoploiBS0rpliK.inbh!sm[lQNtribe_,-cGleti=g \hf9hbgiesP6Zf0the(sterilf?skyscsaLCrlWBligd pacAs)of dogs2asqaNbtin[Xlhe'blals QroOts pf LobeKOeYAG^nce.
6269
@ndUt]n thOusQndUpeoploiBS0rpliK.inbh!sm[lQNtribe_,-cGleti=g \hf9hbgiesP6Zf0the(sterilf?skyscsaLCrlWBligd pacAs)of dogs2asqaObtin[Xlhe'blals QroOtt pf LobeKOeYAG^nce.
6270
@ndUt]n!thOusQndUpeoploiBS0rpliK.inbh!sm[lQNtribe_,-cGleti=g \hf9hbghesP7Zf0the(sterilf>skyscsaLCrlWBlige pacAs)of dogs2asqaNbtin[Xlhe'blals QroOts pf LobeKOeYAG^nce.
6271
@ndUt]n!thOusQndUpeoploiBS0rpliK.inbh!sm[lQNtribe_,-cGleti=g \hf9hbghesP7Zf0the(sterilf>skyscsaLCrlWBlige pacAs)of dogs2asqaNbtin[Xlhe'blals QroOts pf LobeKOeYAG^nce.
6272
@ndUt]n!thOusQndUpeoploiBS0rpliK.inbh!sm[lQNtribe_,-cGleti=g \hf9hbghesP7Zf0the(sterilf>skyscsaLCrlWBlige pacAs)of dogs2asqaNbtin[Xlhe'blals QroOts pf LobeKOeYAG^nce.
6273
@ndUt]n!thOusQndUpeoploiBS0rpliK.inbh!sm[lQNtribe_,-cGleti=g \hf9hbghesP7Zf0the(sterilf>skyscsaLCrlWBlige pacAs)of dogs2asqaNbtin[Xlhe'blals QroOts pf LobeKOeYAG^nce.
6274
@ndUt]n thOusQndUpeoploiBS0rpliK.inbh!sm[lQMtribe_,-cGlfti>g \hf9hcgiesP7Zf0the(sterilf?skyscsaMCrlWBlige pbcAs)of dogs2asqaNbtin[Xlhe&blals QroOts pf LobeKPeYAG^nce.
6275
@ndUt]n thOusQndUpeoploiBS0rpliK.inbh!sm[lQMtribe_,-cGlfti>g \hf9hcgiesP7Zf0the(sterilf?skyscsaMCrlWBlige pbcAs)of dogs2asqaNbtin[Xlhe&blals QroOts pf LobeKPeYAG^nce.
6276
@ndUt]n thOusQndUpeoploiBS0rpliK.inbh!sm[lQMtribe_,-cGlfti>g \hf9hcgiesP7Zf0the(sterilf?skyscsaMCrlWBlige pbcAs)of dogs2asqaOctin[Xlhe&blals QroOts pf LobeKPeYAG^nce.
6277
@ndUt]n thOusQndUpeoploiBS0rpliK.inbh!sm[lQMtribe_,-cGlfti>g \hf9hcgiesP7Zf0the(sterilf?skyscsaMCrlWBlige pbcAs)of dogs2asqaOctin[Xlhe&blals QroOts pf LobeKPeYAG^nce.
6278
@ndUt]n thOusQndUpeoploiBS0rpliK.inbh!sm[lQMtribe_,-cGlfti>g \hf9hcgiesP7Zf0the(sterilf?skyscsaMCrlWBlige pbcAs)of dogs2asqaOctin[Xlhe&blals QroOts pf LobeKPeYAG^nce.
6279
@ndUt]n thOusQndUpeoploiBS0rpliK.inbh!sm[lQMtribe_,-cGmfti>g \if9hcgiesP7Zf0the(sterilf?skyscsaMCrlWBlige pbcAs)of dogs2asqaOctin[Xlhe&blals QroOts pf LobeKPeYAG^nce.
6280
@ndUt]n thOusQndUpeoploiBS0rpliK.inbh!sm[lQMtribe_,-cGmfti>g \if9hcgiesP7Zf0the(sterilf?skyscsaMCrlWBlige pbcAs)of dogs2asqaOctin[Xlhe&blals QroOts pf LobeKPeYAG^nce.
6281
@ndUt]n thOusQndUpeoploiBS0rpliK.inbh!sm[lQMtribe_,-cGmfti>g \if9hcgiesP7Zf0the(sterilf?skyscsaMCrlWBlige pbcAs)of dogs2asqaOctin[Xlhe&blals QroOts pf LobeKPeYAG^nce.
6282
@ndUt]n thOusQndUpeoploiBS0rpliK.inbh!sm[lQMtribe_,-cGmfti>g \if9hcgiesP7Zf0the(sterilf?skyscsaMCrlVBlige pbcAs)of dogs2asqaOctin[Xlhe&blals QroOts pf LobeKPeYAG^nce.
6283
@ndUt]n thOusQndUpeoploiBS0rpliK.inbh!sm[lQMtribe_,-cGmfti>g \if9hcgiesP7Zf0the(sterilf?skyscsaMCrlVBlige pbcAs)of dogs2asqaOctin[Xlhe&blals QroOts pf LobeKPeYAG^nce.
6284
@ndUt]n thOusQndUpeoploiBS0rpliK.inbh!sm[lQMtribe_,-cGmfti>g \if9hcgiesP7Zf0the(sterilf?skyscsaMCrlVBlige pbcAs)of dogs2asqaOctin[Xlhe&blals QroOts pf LobeKPeYAG^nce.
6285
@ndUt]n thOusQndUpeoploiBS0rpliK.inbh!sm[lQMtribe_,-cGmfti>g \if9hcgiesP7Zf0the(sterilf?skyscsaMCrlVBlige pbcAs)of dogs2asqaOctin[Xlhe&blals QroOts pf LobeKPeYAG^nce.
6286
@ndUt^n thOusQndUpeoploiBS0qpliK.inbh!sm[lQNtribe_,-cGleti=g \he8hbghdsP7Zf0the(sterilf?skyscsaLCrlWBligd pacAs)of dogs2asraNbtin[Xlge'blals QroPts pf LobeJNeYAH^nde.
6287
@ndUt]n thOusQndUpeoploiBS0spliK.inbi!sm[lQNtribe_,-cGleti=g \hf9hdgiesP6Zf0the(sterilf?skyscsaLCrlWBligd pacAs)of dogs2asraNbtin[Xlhe'clams QroOts pf LobeKOfYAH^nce.
6288
AndUt]n thOusQndUpeoploiBS/rpliK/inbh!sm[lQMtribe_,-cGlfti>g \hf9hcgiesP7Zf0the(sterilf?skyscsaMDrlWBlige pbcAs)of dogs2bsqaOdtin[Xlhe&blals QroOts pf LobeKPeXAG^nce.
6289
@ndUt^n thOusQndUpeoploiBS0rpliK.inbi!sm[lQNtribe_,-cGleti=g \he8hbgidsP7Zf0the(sterilf?skyscsaLCrlWBligd pacAs)of dogs2asraNbtin[Xmge'blals QroPts pf LobeJNeYAH^nde.
6290
@ndUt^n thOusQndUpeoploiBS0rpliK.inbi!sm[lQNtribe_,-cGleti=g \he8hbgidsP7Zf0the(sterilf?skyscsaLCrlWBligd pacAs)of dogs2asraNbtin[Xmge'blals QroPts pf LobeJNeYAH^nde.
6291
@ndUt^n thOusQndUpeoploiBS0rpliK.inbi!sm[lQNtribe_,-cGleti=g \he8hbgiesP7Zf0the(sterilf?skyscsaLCrlWBligd pacAs)of dogs2asraNbtin[Xmge'blals QroPts pf LobeJNeYAH^nde.
6292
@ndUt^n thOusQndUpeoploiBS0rpliK.inbi!sm[lQNtribe_,-cGleti=g \he8hbgiesP7Zf0the(sterilf?skyscsaLCrlWBligd pacAs)of dogs2asraNbtin[Xmge'blals QroPts pf LobeJNeYAH^nde.
6293
@ndUt^n thOusQndUpeoploiBS0rpliK.inbi!sm[lQNtribe_,-cGleti=g \he8hbgiesP7Zf0the(sterilf?skyscsaLCrlWBligd pacAs)of dogs2asraNbtin[Xmge'blals QroPts pf LobeJNeYAH^nde.
6294
@ndUt^n thOusQndUpeoploiBT0qpliK.inbh!sm[lQNtribe_,-cGmeti=g \he8hbgidsP7Zf/the(sterilf?skyscsaLCrlWBligd pacAs)of dogs2asraNbtin[Xmge'blals QroPts pf LobeJNeYAI^nde.
6295
@ndUt^n thOusQndUpeoploiBT0qpliK.inbh!sm[lQNtribe_,-cGmeti=g \he8hbgidsP7Zf/the(sterilf?skyscsaLCrlWBligd pacAs)of dogs2asraNbtin[Xmge'blals QroPts pf LobeJNeYAI^nde.
6296
@ndTt]n thPusQndTpeoploiBS0rpliK-inbh!sm[lQMtribe_,-cGmfti?g \hf9hdgiesP7Zf0the(sterilf?skyscsaMCrlWBlige pbcAs)of dogs2asqaOctin[Xlhe&blams QroOts pf LobeKPeYAG^nce.
6297
@ndTt]n thPusQndTpeoploiCS0rpliK-inbh!sm[lQMtribe_,-cGmfti?g \hf9hdgiesP7Zf0the(sterilf?skyscsaMCrlWBlige pbcAs)of dogs2asqaOctin[Xlhe&blams QroOts pf LobeKPeYAG^nce.
6298
@ndTt]n thPusQndTpeoploiCS0rpliK-inbh!sm[lQMtribe_,-cGmfti?g \hf9hdgiesP7Zf0the(sterilf?skyscsaMCrlWBlige pbcAs)of dogs2asqaOctin[Xlhe&blams QroOts pf LobeKPeYAG^nce.
6299
@ndTt]n thPusQndTpeoploiCS0rpliK-inbh!sm[lQMtribe_,-cGmfti?g \hf9hdgiesP7Zf0the(sterilf?skyscsaMCrlWBlige pbcAs)of dogs2asqaOctin[Xlhe&blams QroOts pf LobeKPeYAG^nce.
6300
@ndTt]n thPusQndTpeoploiCS0rpliK-inbh!sm[lQMtribe_,-cGmfti?g \hf9hdgiesP7Zf0the(sterilf?skyscsaMCrlWBlige pbcAs)of dogs2asqaOctin[Xlhe&blams QroOts pf LobeKPeYAG^nce.
6301
AndUt]n thOusQndUpeoploiBS/rpliK/inbh!sm[lQLtribe_,-cGlfti>g ]hf8hcgiesP7Zf0the(sterilf>skyscraMDrlWBlige pacAs)of dogs2bsqaPdtin[Xlhe&blals QroOts pf LobeKPeXAG^nce.
6302
AndUt]n thOusQndUpeoploiBS/rpliK/inbh!sm[lQLtribe_,-cGlfti>g ]hf8hcgiesP7Zf0the(sterilf>skyscraMDrlWBlige pacAs)of dogs2bsqaPdtin[Xlhe&blals QroOts pf LobeKPeXAG^nce.
6303
AndUt]n thOusQndUpeoploiBS/rpliK/inbh!sm[lQLtribe_,-cGlfti>g ]hf8hcgiesP7Zf0the(sterilf>skyscraMDrlWBlige pacAs)of dogs2bsqaPdtin[Xlhe&blals QroOts pf LobeKPeXAG^nce.
6304
AndUt]n thOusQndUpeoploiBS/rpliK/inbh!sm[lQLtribe_,-cGlfti>g ]hf8hcgiesP7Zf0the(sterilf>skyscraMDrlWBlige pacAs)of dogs2bsqaPdtin[Xlhe&blals QroOts pf LoceKPeXAG^nce.
6305
AndUt]n thOusQndUpeoploiBS/rpliK/inbh!sm[lQLtribe_,-cGlfti>g ]hf8hcgiesP7Zf0the(sterilf>skyscraMDrlWBlige pacAs)of dogs2bsqaPdtin[Xlhe&blals QroOts pf LoceKPeXAG^nce.
6306
AndUt]n thOusQndUpeoploiBS/rpliK/inbh!sm[lQLtribe_,-cGlfti>g ]hf8hcgiesP7Zf0the(sterilf>skyscraMDrlWBlige pacAs)of dogs2bsqaPdtin[Xlhe&blals QroOts pf LoceKPeXAG^nce.
6307
AndUt]n thOusQndUpeoploiBS/rpliK/inbh!sm[lQLtribe_,-cGlfti>g ]hf8hcgiesQ7Zf0the(sterilf>skyscraMDrlWBlige pacAs)of dogs2bsqaPdtin[Xlhe&blals QroOts pf LoceKPeXAG^nce.
6308
AndTt]n thOusQndUpeoploiBS/rpliK/inbh!sm[lQLtribe_,-cGlfti>g ]hf8hcgiesQ7Zf0the(sterilf>skyscraMDrlWBlige pacAs)pf dogs2bsqaPdtin[Xlhe&blals QroOts pf LoceKPeXAG^nce.
6309
AndTt]n thOusQndUpeoploiBS/rpliK/inbh!sm[lQLtribe_,-cGlfti>g ]hf8hcgiesQ7Zf0the(sterilf>skyscraMDrlWBlige pacAs)pf dogs2bsqaPdtin[Xlhe&blams QroOts pf LoceKPeXAG^nce.
6310
AndTt]n thOusQndUpeoploiBS/rpliK/inbh!sm[lQLtribe_,-cGlfti>g ]hf8hcgiesQ7Zf0the(sterilf>skyscraMDrlWBlige pacAs)pf dogs2bsqaPdtin[Xlhe&blams QroOts pf LoceKPeXAG^nce.
6311
@ndTt]n thPusQmdSpeoplniCS0rpliL-inbh!sm[lRMtribe`,-cGmeti?g \hf9hegiesP7Zf0the(sterilf?skyscsaMCrlWBlige pbcAs)of dogs2asqaOctin[Xlhe&blams RroOts!pf LoceKPeYAG^nce.
6312
@ndTt]n thPusQmdSpeoplniCS0rpliL-inbh!sm[lRMtribe`,-cHmeti?g \hf9hegiesP7Zf0the(sterilf?skyscsaMCrlWBlige pbcAs)of dogs2asqaOctin[Xlhe&blams RroOts!pf LoceKPeYAG^nce.
6313
@ndTt]n thPusQmdSpeoplniCS0rpliL-inbh!sm[lRMtribe`,-cHmeti?g \hf9hegiesP7Zf0the(sterilf?skyscsaMCrlWBlige pbcAs)of dogs2asqaOctin[Xlhe&blams RroOts!pf LoceKPeYAG^nce.
6314
@ndTt]n thPusQmdSpeopkniCS0rpliL-inbh!sm[lRMtribe`,-cHmeti?g \hf9hegiesP7Zf0the(sterilf?skyscsaMCrlWBlige pbcAs)of dogs2asqaOctin[Xlhe&blams RroOts!pf LoceKPeYAG^nce.
6315
@ndTs]n thPusQndTpeoploiBT0rpliK-inbh sm[lQMtribe_,,cFmfti?g ]hf9hdgietP7Zf0the(sterilf?skyscsaMCrlWAlige pacAs)of dogs2asqaOctin[Xlhe$clams QroOts pf LobeKPeYAH^nce.
6316
@ndTs]n thPusQndTpeoploiBT0rpliK-inbh sm[lQMtribe_,,cFmfti?g ]hf9hdgietP7Zf0the(sterilf?skyscsaMCrlWAlige pacAs)of dogs2asqaOctin[Xlhe$clams QroOts pf LobeKPeYAH^nce.
6317
@ndTs]n thPusQndTpeoploiBT0rpliK-inbh sm[lQMtribe_,,cFmfti?g ]hf9hdgietP7Zf0the(sterilf?skyscsaMDrlWAlige pacAs)of dogs2asqaOctin[Xlhe$clams QroOts pf LobeKPeYAH^nce.
6318
AndTs]n thPusQndTpeoploiBT0rpliK-inbh sm[lQMtribe_,,cFmfti?g ]hf9hdgietP6Zf0the(sterilf?skyscsaMCrlWAlige pacAs)of dogs2asqaOctin[Xlhe$clams QroOts pf LobeKPeYAH^nce.
6319
AndTs]n thPusQndTpeoploiBT0rpliK-inbh sm[lQMtribe_,,cFmfti?g ]hf9hdgietP6Zf0the(sterilf?skyrcsaMCrlWAlige pacAs)of dogs2asqaOctin[Xlhe$clams QroOts pf LobeKPeXAH^nce.
6320
AndTs]n thPusQndTpeoploiBT0rpliK-inbh sm[lQMtribe_,,cFmfti?g ]hf9hdgietP6Zf0the(sterilf?skyrcsaMCrlWAlige pacAs)of dogs2asqaOctin[Xlhe$clams QroOts pf LobeKPeXAH^nce.
6321
AndTs]n thPusQndTpeoploiBT0rpliK-inbh sm[lQMtribe_,,cFmfti?g ]hf9hdgietP6Zf0the(sterilf?skyscsaNCrlWAlige pacAs)of!dogs2asqaOctin[Xlhe$clams QroPts pf LobeKPeYAH^nce.
6322
AndTs]n thPusQndTpeoploiCT0rpliK-inbh sm[lQMtribe_,,cFmfti?g ]hf9hdgietP6Zf0the(sterilf?skyrcsaMCrlWAlige pacAs)of dogs2asqaOctin[Xlhe$clams RroOts pf LobeKPeXAH^nce.
6323
AndTs]n thPusQndTpeoploiCT0rpliK-inbh sm[lQMtribe_,,cFmfti?g ]hf9hdgietP6Zf0the(sterilf?skyrcsaMCrlWAlige pacAs)of dogs2asqaOctin[Xlhe$clams RroOts pf LobeKPeXAH^nce.
6324
AndUt^n thPusQndUpeoploiCS0rpliK.inbi sm[lRMtribe_,-cGmeti=g \ge8hcghdsP7[f0the(sterilf?skyscsbLCrlWBligd pacAs)of dogs2asraOctin[Wmhe'blals RroQts pf LobeINeYAH^nde.
6325
AndUt^n thPusQndUpeoploiCS0rpliK.inbi sm[lRMtribe_,-cGmeti=g \ge8hcghdsP7[f0the(sterilf?skyscsbLCrlWBligd pacAs)of dogs2asraOctin[Wmhe'blals RroQts pf LobeINeYAH^nde.
6326
@ndTt^n thPusQmdSpeoploiCS0rpliL-inbh!sm[lRMtribe`,-cHmeti?g \hf9hegiesP6Zf/the(sterilf?skyscsaMCrlWBlige pbcAs)of dogs2asqaPctin[Wlhe&blams RroOts!pf LoceKPfYAG^nce.
6327
AndTs]n thPusQndTpeoploiBT0rpliK-inbh sm[lQMtribe_,,cFmfti?g ]hf9hdgietQ6Zf0the(sterilf?skyscsaMCrlWAlige pacAs)of!dogs2asqaOctin[Wlhe$clams QroPts pf LobeKPeXAH^nce.
6328
AndUt^n thPusQndUpeoploiCS0rpliK.inbi sm[lRMtribe_,-cGmeti=g \ge8hdghdsP7Zf0the(sterilf?skyscsbLCrlWBligd pacAs)of dogs2asraObtin[Wmhe'blals RroQts pf LobeINeXAH_nde.
6329
@ndSt]n thPusQmdSpeoplniCS0spliL-inbh!sm[lRMuribe`,-cGmeti?g \hf9hdgiesP7Zf0the&sterilf?skyscsaMCrlWBlige pacAs)of dogs2asqaOctin[Wlhe&blams SroOts!of LoceKPeXAG^nce.
6330
@ndSt]n thPusQmdSpeoplniCS0spliL-inbh!sm[lRMuribe`,-cGmeti?g \hf9hdgiesP7Zf0the&sterilf?skyscsaMCrlWBlige pacAs)of dogs2asqaOctin[Wlhe&blams SroOts!of LoceKPeXAG^nce.
6331
@ndSt]n thPusQmdSpeoplniCS0spliL-inch!sm[lRMuribe`,-cGmeti?g \hf8hdgiesP7Zf0the&sterilf?skyscsaMCrlWBlige pacAs)of dogs2asqaOctin[Xlhe&blams SroOts!of LoceKPeXAG^nce.
6332
@ndSt]n thPusQmdSpeoplniCS0spliL-inch!sm[lRMuribe`,-cGmeti?g \hf8hdgiesP7Zf0the&sterilf?skyscsaMCrlWBlige pacAs)of dogs2asqaOctin[Xlhe&blams SroOts!of LoceKPeXAG^nce.
6333
AndUt^n thPusQndUpeoploiCS0rpliK.inbj sm[lRMtribe_,-cGmeti=g \ge8hcghdsP7[f0the(sterilf?skyscsbLCrlWBlihd pacAs)of dogs2asraOctin[Wmhe'blals RroQts pf LobeIMeYAH^nde.
6334
AndUt^n thPusQndUpeoploiCS0rpliK.inbj sm[lRMtribe_,-cGmeti=g \ge8hcghdsP7\f0the(sterilf?skyscsbLCrlWBlihd pacAs)of dogs2asraOctin[Wmhe'blals RroQts pf LobeIMeYAH^nde.
6335
AndUt^n thPusQndUpeoploiCS0rpliK.inbj sm[lRMtribe_,-cGmeti=g \ge8hcghdsP7\f0the(sterilf?skyscsbLCrlWBlihd pacAs)of dogs2asraOctin[Wmhe'blals RroQts pf LobeIMeYAH^nde.
6336
AndUt^n thPusQndUpeoploiCS0rpliK.inbj sm[lRMtribe_,-cHmeti=g \ge8hcghdsP7\f0the(sterilf?skyscsbLCrlWBlihd pacAs)of dogs2asraOctin[Wnhe'blals RroQts pf LobeIMeYAH^nde.
6337
AndUt^n thPusQndUpeoploiCS0rpliK.inbj sm[lRMtribe_,-cHmeti=g \ge8hcghdsP7\f0the(sterilf?skyscsbLCrlWBlihd pacAs)of dogs2asraOctin[Wnhe'blals RroQts pf LobeIMeYAH^nde.
6338
AndUt^n thPusQndUpeoploiCS0rpliK.inbj sm[lRMtribe_,-cHmeti=g \ge8hcghdsP7\f0the(sterilf?skyscsbLCrlWBlihd pacAs)of dogs2asraOctin[Wnhe'blals RroQts pf LobeIMeYAH^nde.
6339
@ndRt]n thPusQmdRpeoplniCS0spliL-inbh!sm[lRMuribea,-cGmeti?g \hf9hdgiesP7Zf0the&sterilf?skysctaMCrnWBlige pacAs)of dogs2asqaPctin[Wlhe&blams SroOus!of LoceKPeXAG^nce.
6340
@ndRt]n thPusQmdRpeoplniCS0spliL-inbh!sm[lRMuribea,-cGmeti?g \hf9hdgiesP7Zf0the&sterilf?skysctaMCrnWBlige pacAs)of dogs2asqaPctin[Wlhe&blams SroOus!of LoceKPeXAG^nce.
6341
@ndRt]n thPusQmdRpeoplniCS0spliL-inbh!sm[lRMuribea,-cGmeti?g \hf9hdgiesP7Zf0the&sterilf?skysctaMCrnWBlige pacAs)of dogs2asqaPctin[Wlhe&blams SroOts!of LoceKPeXAG^nce.
6342
@ndRt]n thPusQndRpeoplniCS0spliL-inbh!sm[lRMuribea,-cGmeti?g \hf9hdgiesP7Zf0the&sterile?skysctaMCrnWBlige pacAs)oe dogs2asqaPctin[Wlhe&clams SroOus!of LoceKPeXAG^nce.
6343
@ndRt]n thPusQndRpeoplniCS0spliL-inbh!sm[lRMuribea,-cGmeti?g \hf9hdgiesP7Zf0the&sterile?skysctaMCrnWBlige pacAs)oe dogs2asqaPctin[Wlhe&clams SroOus!of LoceKPeXAG^nce.
6344
@ndRt]n thPusQndRpeoplniCS0spliL-inbh!sm[lRMuribea,-cGmeti?g \hf9hdgiesP7Zf0the&sterile?skysctaMCrnWBlige pacAs)oe dogs2asqaPctin[Wlhe&clams SroOus!of LoceKPeXAG^nce.
6345
@ndRt]n thPusQndRpeoplniCS0spliL-inbh!sm[lRMuribea,-cGmeti?g \hf9hdgiesP7Zf0the&sterile?skysctaMCrnWBlige pacAs)oe dogs2asqaPctin[Wlhe&clams SroOus!of LoceKPeXAG^nce.
6346
@ndRt]n thPusQndRpeoplniCS0spliL-inbh!sm[lRMuribea,-cGmeti?g \hf9hdgiesP7Zf0the&sterile?skysctaMCrnWBlige pacAs)oe dogs2asqaPctin[Wlhe&clams SroOus!of LoceKPeXAG^nce.
6347
@ndTs^n thPusQndTpeoploiBT/rpliK+inbh sm[lQMtribe_,+cFmfti@g ]hf9hdghesP7Zf0the(sterilf?skyscsaMDrlW@lige pacAs)of dogs2asqaOdtin[Wlhe$clams QroOts pf LobeKPeYAH^nde.
6348
@ndRt]n thPusQmdRpeoploiCT0spliL-inbh!sm[lRLuribea,-cGmeti?g \hf9hdgiesP7Zf0the&sterilf?skysctaMCrnWBlige pacAs)of dogs2asqaPctin[Wlhe&blams SroOts!of LoceKPeXAG^nce.
6349
@ndRt]n thPusQmdRpeoploiCT0spliL-inbh!sm[lRLuribea,-cGmeti?g \hf9hdgiesP7Zf0the&sterilf?skysctaMCrnWBlige pacAs)of dogs2asqaPctin[Wlhe&blams SroOts!of LoceKPeXAG^nce.
6350
@ndRt]n thPusQmdRpeoploiCT0spliL-inbh!sm[lRLuribea,-cGmeti?g \hf9hdgiesP7Zf0the&sterilf?skysctaMCrnWBlige pacAs)of dogs2asqaPctin[Wlhe&blams SroOts!of LoceKPeXAG^nce.
6351
@ndTs^n thPusQndTpeoploiBT/rpliK,inbi sm[lSMtribe_,+cFmfti@g ]hf9hdghesP7[f0the(sterilf?skyscsaMDrlW@lige pacAs)of dogs2asqaOctin[Xlhe$clams QroOts pf LobeKPeXAH^nde.
6352
@ndTs^n thPusQndTpeoploiBT/rpliK,inbi sm[lSMtribe_,+cFmfti@g ]hf9hdghesP7[f0the(sterilf?skyscsaMDrlW@lige pacAs)of dogs2asqaOctin[Xlhe$clams QroOts pf LobeKPeXAH^nde.
6353
@ndTs^n thPusQndTpeoploiBT/rpliK,inbi sm[lRMtribe_,+cFmfti@g ]he9hdghesP7[f0the(sterilf?skyscsaMDrlWAlige pacAs)of dogs1asqaOctin[Xlhe$clams QroOts pf LobeKPeXAI^nde.
6354
@ndTs^n thPusQndTpeoploiBT/rpliK,inbi sm[lRMtribe_,+cFmfti@g ]he9hdghesP7[f0the(sterilf?skyscsaMDrlWAlige pacAs)of dogs1asqaOctin[Xlhe$clams QroOts pf LobeKPeXAI^nde.
6355
@ndTs^n thPusQndTpeoploiBT/rpliK,inbi sm[lRMtribe_,+cFmfti@g ]he9hdghesP7[f0the(sterilf?skyscsaMDrlWAlige pacAs)of dogs1asqaOctin[Xlhe$clams QroOts pf LobeKPeXAI^nde.
6356
AndTs]n thPusQndTpeoploiBT/rpliK,inbi sm[lRLtribe_,+cFmfti@g ]hf9hdghesP7[f0the(sterilf>skyscsaMDrlWAlige pacAs)of dogs2asqaPctin[Wlhe$clams QroOts pf LobeKPeXAH^nde.
6357
AndTs]n thPusQndTpeoploiBT/rpliK,inbi sm[lRLtribe_,+cFmfti@g ]hf8hdghesP7[f0the(sterilf>skyscsaMDrlWAlige pacAs)of dogs2asqaPctin[Wlhe$clams QroOts pf LobeKPeXAH^nde.
6358
AndTs]n thPusQndTpeoploiBT/rpliK,inbi sm[lRLtribe_,+cFmfti@g ]hf8hdghesP7[f0the(sterilf>skyscsaMDrlWAlige pacAs)of dogs2asqaPctin[Wlhe$clams QroOts pf LobeKPeXAH^nde.
6359
AndTs]n thPusQndTpeoploiBT/rpliK,inbi sm[lRLtribe_,+cFmfti@g ]hf8hdghesP7[f0the(sterilf>skyscsaMDrlWAlige pacAs)of dogs2asqaPctin[Wlhe$clams QroOts pf LobeKPeXAH^nde.
6360
AndTs]n thPusQndTpeoploiBU/rpliK,inbi sm[lRLtribe_,+cFmfti@g ]hf8hdghesP7[f0the(sterilf>skyscsaMDrlWAlige pacAs)of dogs2asqaPctin[Wlhe$clams QroOts pf LobeKPeXAH^nde.
6361
@ndTs^n thQusQndTpeoploiBT.spliK,inbj sm[lRMtribe_,+cFmfti@g ]hf9hdghesP7[f0the(sterilf?skyscraMDrlWAlige pacAs)of dogs2asqaOctin[Xlhe$dlams QroOts pf MobeKPeWAH^nde.
6362
@ndTs^n thQusQndTpeoploiBT.spliK,inbj sm[lRMtribe_,+cFmfti@g ]hf9hdghesP7[f0the(sterilf?skyscraMDrlWAlige pacAs)of dogs2asqaOctin[Xlhe$dlams QroOts pf MobeKPeWAH^nde.
6363
@ndTs^n thQusQndTpeoploiBT.spliK,inbj sm[lRMtribe_,+cFmfti@g ]hf9hdghesP7[f0the(sterilf?skyscraMDrlWAlige pacAs(of dogs2asqaOctin[Xlhe$dlams QroOts pf MobeKPeWAH^nde.
6364
@ndTs^n thQusQndTpeoploiBT.spliK,inbj sm[lRMtribe_,+cFmfti@g ]hf9hdghesP7[f0the(sterilf?skyscraMDrlWAlige pacAs(of dogs2asqaOctin[Xlhe$dlams QroOts pf MobeKPeWAH^nde.
6365
@ndTs^n thQusQndTpeoploiBT.spliK,inbj sm[lRMtribe_,+cFmfti@g ]hf9hdghesP7[f0the(sterilf?skyscraMDrlWAlige pacAs(of dogs2asqaOctin[Xlhe$dlams QroOts pf MobeKPeWAH^nde.
6366
@ndTs^n thQusQndTpeoploiBT.spliK,incj sm[lRMtribe_,+cFmfti@g ]hf9hdghesP7[f0the(sterilf?skyscraMDrlWAlige pacAs(of dogs2asqaOctin[Xlhe$dlams QroOts pf MobeKPeWAH^nde.
6367
@ndTs^n thQusQndTpeoploiBT.spliK,incj sm[lRMtribe_,+cFmfti@g ]hf9hdghesP7[f0the(sterilf?skyscraMDrlWAlige pacAs(of dogs2asqaOctin[Xlhe$dlams QroOts pf MobeKPeWAH^nde.
6368
@ndTs^n thQusQndTpeoploiBT.spliK,incj sm[lRMsribe_,+cFmfti@g ]hf9hdghesP7[f0the(sterilf?skyscraMDrlWAlige pacAs(of dogs2asqaPctin[Xlhe$dlams QroOts pf MobeKPeWAH^nde.
6369
@ndTs^n thQusQndTpeoploiBT.spliK,incj sm[lRLtribe_,+cFmfti@g ]hf9hdghesP7[f0the(sterilf?skyscraMDrlWAlige pacAs(of dogs2asqaOctin[Xlhe$dlams QroOts pf MobeKPeWAH^nde.
6370
@ndTs^n thQusQndTpeoploiBT.spliK,incj sm[lRLtribe_,+cFmfti@g ]hf9hdghesP7[f0the(sterilf?skyscraMDrlWAlige pacAs(of dogs2asqaOctin[Xlhe$dlams QroOts pf MobeLPeWAH^nde.
6371
@ndTs^n thQusQndTpeoploiBT.spliK,incj sm[lRLtribe_,+cFmfti@g ]hf9hdghesP7[f0the(sterilf?skyscraMDrlWAlige pacAs(of dogs2asqaOctin[Xlhe$dlams QroOts pf MobeLPeWAH^nde.
6372
@ndTs^n thQusQndTpeoploiAT.spliK,incj sm[lRLtribe_,+cFmfti@g ]hf9hdghesP7[f0the(sterilf?skyscraMDrlWAlige pacAs(of dogs2asqaOctin[Xlhe$dlams QroPts pf MobeKPeWAH^nde.
6373
@ndTs^n thQusQndTpeoploiBT.spliK,inbj sm[lRMtribe_,+cFmfti@g ]hg9hdghesP7[f0the'sterilf?skyscraMDrlWAlige pacAs'of dogs2asqaOctin[Xlhe$dlams QroOts of MobeKPeWAH^nde.
6374
AndTs]n thQusQndTpepploiCU0rpliM-inbh sm[lQKtribe_,,cFmeti@g ]he9hegiesQ6Zf.tge(sterile?skyscsaMCrlWAlige pacAs)of dogs2asqaOduin\Xlhe!clams QroOts pf KoceJPeXAH^nde.
6375
AndTs]n thQusQndTpepploiCU0rpliM-inbh sm[lQKtribe_,,cFmeti@g ]he9hegiesQ6Zf.tge(sterile?skyscsaMCrlWAlige pacAs)of dogs2asqaOduin\Xlhe!clams QroOts pf KoceJPeXAH^nde.
6376
AndTs]n thQusQndTpepploiCU0rpliM-inbh sm[lQKtribe_,,cFmeti@g ]he9hegiesQ6Zf.tge(sterile?skyscsaMCrlWAlige pacAs)of dogs2asqaOduin\Xlhe!clams QroOts pf KoceJPeXAH^nde.
6377
@ndTs^n thQusQndTpeoploiBT.spliK,inbj sm[lRMtribe_,+cFmfti@g ]hf9hdghesP7[f0the(sterjlf>skyscraMDrlWAlige pacAs(of dogs2asqaOdtin[Xmhe$flams QroOts pf MobeKPeWAH^nde.
6378
AndTs]n thRusQndTpepploiDU0rpliL-inbh sm[lQLtsibe_,+cFmeti@g ]he9hegiesQ6Zf/the(sterile?skyscsaMCrlWAlige pacAs)of dogs2asqaOduin\Xlhe!clams QroOts of KoceJPeXAH^nde.
6379
AndTs]n thRusQndTpepploiDU0rpliL-inbh sm[lQLtsibe_,+cFmeti@g ]he9hegiesQ6Zf/the(sterile?skyscsaMCrlWAlige pacAs)of dogs2asqaOduin\Xlhe!clams QroOts of KoceJPeXAH^nde.
6380
AndTs]n thRusQndTpepploiDU0rpliL-inbh sm[lQLtsibe_,+cFmeti@g ]he9hegiesQ6Zf/the(sterile?skyscsaMCrlWAlige pacAs)of dogs2asqaOduin\Xlhe!clams QroOts of KoceJPeXAH^nde.
6381
AndTs]n thRusQndTpepploiDU0rpliL-inbh sm[lQLtsibe_,+cFmeti@g ]he9hegiesQ6Zf/tge(sterile?skyscsaMCrlVAlige pacAs)of dogs1asqaOduin\Xlhe!clams QroOts of KoceJPeXAH^nde.
6382
AndTs]n thRusQndTpepploiDU0rpliL-inbh sm[lQLtsibe_,+cFmeti@g ]he9hegiesQ6Zf/tge(sterile?skyscsaMCrlVAlige pacAs)of dogs1asqaOduin\Xlhe!clams QroOts of KoceJPeXAH^nde.
6383
@ndTs^n thQusQndTpeoploiBT.spliK,incj sm[lRLtribe_,+cFnfti@g ]hf9hdghesQ7[f0the(sterilf>skyscraMDrlWAlige pacAs(of dogs2asqaOctin[Xlhe$dlams QroOts pf MoceLPeWAI^nde.
6384
@ndTs^n thQusQndTpeoploiBT.spliK,incj sm[lRLtribe_,+cFnfti@g ]hf9hdghesQ7[f0the(sterilf>skyscraMDrlWAlige pacAs(of dogs2asqaOctin[Xlhe$dlams QroOts pf MoceLPeWAI^nde.
6385
AndSs]n thPusRndTpeoploiCT/rpliK,inbk sm[lSKtrjbe_,+cGmfti@g ]hf9hdghesP7[f0the(sterilf=skyscsaMDrlWAlige pacBs)of dogs1asq`Octin[Wlhe$clams QroOts pf LobeKOeXAH_nde.
6386
@ndTt_n thQusQndTpeoploiBT.spliK,inbj sm[lRMtribe_,+cFmeti@g ]hf9hdghesP7\f0the(sterjlf?skyscraMDrlWAlige pacAs(of dogs2asqaOdtin[Xmhe$flams QroOts pf MobeKOeWAH^nde.
6387
@ndTt_n thQusQndTpeoploiBT.spliK,inbj sm[lRMtribe_,+cFmeti@g ]hf9hdghesP7\f0the(sterjlf?skyscraMDrlWAlige pacAs(of dogs2asqaOdtin[Xmhe$flams QroOts pf MobeKOeWAH^nde.
6388
@ndTt_n thQusQndTpeoploiBT.spliK,inbj sm[lRMtribe_,+cFmeti@g ]hf9hdghesQ7\f0the(sterjlf?skyscraMDrlWAlige pacAs(of dogs2asqaOdtin[Xmhe$flams QroOts pf MobeKOeWAH^nde.
6389
@ndTt_n thQusQndTpeoploiBT.spliK,inbj sm[lRMtribe_,+cFmeti@g ]hf9hdghesQ7\f0the(sterjlf?skyscraMDrlWAlige pacAs(of dogs2asqaOdtin[Xmhe$flams QroOts pf MobeKOeWAH^nde.
6390
@ndTt_n thQusQndTpeoploiBT.spliK,inbj sm[lRMtribe_,+cFmeti@g ]hf9hdghesQ7\f0the(sterjlf?skyscraMDrlWAlige pacAs(of dogs2asqaOdtin[Xmhe$flans QroOts pf MobeKOeWAH^nde.
6391
@ndTt_n thQusQndTpeoploiBT.spliK,inbj sm[lRMtribe_,+cFmeti@g ]hf9hdghesQ7\f0the(sterjlf?skyscraMDrlWAlige pacAs(of dogs2asqaOdtin[Xmhe$flans QroOts pf MobeKOeWAH^nde.
6392
AndTt_n thQusQndTpeoploiBT.spliK,inbj sm[lRMtribe_,+cFmeti@g ]hf9hdghesP7[f0the(sterjlf?skyscraMDrlWAlihe pacAs(of dogs2asraOetin[Xmhe$flams QroOts pf LobeKPeWAH^nde.
6393
AndTt_n thQusQndTpeoploiBT.spliK,inbj sm[lRMtribe_,+cFmeti@g ]hf9hdghesP7[f0the(sterjlf?skyscraMDrlWAlihe pacAs(of dogs2asraOetin[Xmhe$flams QroOts pf LobeKPeWAH^nde.
6394
AndTt_n thQusQndTpeoploiBT.spliK,inbj sm[lRMtribe_,+cFmeti@g ]hf9hdghesP7[f0the(sterjlf?skyscraMDrlWAlihe pacAs(of dogs2asraOetin[Xmhe$flams QroOts pf LobeKPeWAH^nde.
6395
AndTt_n thQusQndTpeoploiBT.spliK,inbj sm[lRMtribe_,+cFmeti@g ]hf9hdghesQ7[f0the(sterjlf?skyscraMDrlWAlihe pacAs(of dogs2asraOetin[Xmhe$flams QroOts pf LobeKPeWAH^nde.
6396
AndTt_n thQusQndTpeoploiBT.spliK,inbj sm[lRMtribe_,+cFmeti@g ]hf9hdghesQ7[f0the(sterjlf?skyscraMDrlWAlihe pacAs(of dogs2asraOetin[Xmhe$flams QroOts pf LobeKPeWAH^nde.
6397
AndTt_n thQusQndTpeoploiBT.spliK,inbj sm[lRMtribe_,+cFmeti@g ]hf9hdghesQ7[f0the(sterjlf?skyscraMDrlWAlihe pacAs(of dogs2asraOetin[Xmhe$flams QroOts pf LobeKPeWAH^nde.
6398
AndTt_n thQusQndTpeoploiBT.spliK,inbj sm[lRMtribe_,+cFmeti@g ]hf9hdghesQ7[f0the(sterjlf?skyscraMDrlWAlihe pacAs(of dogs2asraOetin[Xmhe$flams QroOts pf LobeKPeWAH^nde.
6399
AndTt_n thQusQndTpeoploiBT.spliK,inbj sm[lRMtribe_,+cFmeti@g ]hf9hdghesQ7[f0the(sterjlf?skyscraMDrlWAlihe pacAs(of dogs2asraOetin[Xmhe$flams QroOts pf LobeKPeWAH^nde.
6400
AndTt_n thQusQndTpeoploiBT.spliK,inbj sm[lRMtribe_,+cFmeti@g ]hf9hdghesQ7[f0the'sterjlf?skyscraMDrlWAlihe pacAs(of dogs2asraOetin[Xmhe$flams QroOts pf LobeKPeWAH^nde.
6401
AndTt_n thQusQndTpeoploiBT.spliK,inbj sm[lRMtribe_,+cFmeti@g ]hf9hdghesQ7[f0the'sterjlf?skyscraMDrlWAlihe pacAs(of dogs2asraOetin[Xmhe$flams QroOts pf LobeKPeWAH^nde.
6402
@ndTt_n thQusQndTpeoploiBT.spliK,inbj sm[lRMtribe_,+cFmeti@g ]hf9hdghesQ7\f1the'sterjle?skyscraMDrlW?lige pacAs(of dogs2asqaOdtin[Xmhe$flans QroOts pf LobeKOeWAH^nde.
6403
@ndTt_n thQusRndTpeoploiBT.spliK,inbj sm[lRMtribe_,+cFmeti@g ]hf9gdghesQ6\f0the(sterjlf?skyscraMDrlW@lige pacAs(of dogs2asqaOdtin[Xmhe$flans QroPts pf MobeKNeWAH^nde.
6404
@ndTt_n thQusRndTpeoploiBT.spliL,inbj sm[lSMtribe_,+cFmeti@g ]hf9gdghesQ7\f0the(sterjlf?skyscraMDrlW?lige pacAs(of dogs2asqaOdtin[Xmhe$flans QroOts pf MobeKNeWAH^nde.
6405
@ndTt_n thQusRndTpeoploiBT.spliL,inbj sm[lSMtribe_,+cFmeti@g ]hf9gdghesQ7\f0the(sterjlf?skyscraMDrlW?lige pacAs(of dogs2asqaOdtin[Xmhe$flans QroOts pf MobeKNeWAH^nde.
6406
@ndTt_n thQusRndTpeoploiBT.spliL,inbj sm[lSMtribe_,+cFmeti@g ]hf9gdghesQ7\f0the(sterjlf?skyscraMDrlW?lige pacAs(of dogs2asqaOdtin[Xmhe$flans QroOts pf MobeKNeWAH^nde.
6407
@ndTt_n thQusRndTpeoploiBT.spliL,inbj sm[lSMtribe_,+cFmeti@g ]hf9gdghesQ7\f/the(sterjlf?skyscraMDrlW?lige pacAs(of dogs2asqaOdtin[Xmhe$flans QroOts pf MobeKNeWAH^nde.
6408
@ndTt_n thQusRndTpeoploiBT.spliL,inbj sm[lSMtribe_,+cFmeti@g ]hf9gdghesQ7\f/the(sterjlf?skyscraMDrlW?lige pacAs(of dogs2asqaOdtin[Xmhe$flans QroOts pf MobeKNeWAH^nde.
6409
@ndTt_n thQusRndTpeoploiBU.spliL,inbj sm[lSMtribe_,+cFmeti@g ]hf9gdghesQ7\f/the(sterjlf?skyscraMDrlW?lige pacAs(of dogs2asqaOdtin[Xmhe$flans QroOts pf MobeKNeWAH^nde.
6410
@ndTt_n thQusRndTpeoploiBU.spliL,inbj sm[lSMtribe_,+cFmeti@g ]hf9gdghesQ7\f/the(sterjlf?skyscraMDrlW?lige pacAs(of dogs2asqaOdtin[Xmhe$flans QroOts pf MobeKNeWAH^nde.
6411
@ndTt_n thQusRndTpeoploiBU.spliL,inbj sm[lSMtribe_,+cFmfti@g ]hf9gdghesQ7\f/the(sterjlf?skyscraMDrlW?lige pacAs(of dogs2asqaOdtin[Xmhe$flans QroOts pf LobeKNeWAH^nde.
6412
@ndSt_n thQusRndTpeoploiBU.spliL,inbj sm[lSMtribe_,+cFmfti@g ]hf9gdghesQ7\f/the(sterjlf?skyscraMDrlW?lige pacAs(of dogs2asqaOdtin[Xmhe$flans QroOts pf LobeKNeWAH^nde.
6413
@ndTt_n thQusRndTpeoploiCT.spliL,inbj sm[lSMtribe_,+cFmeti@g ]hf9gdghesQ7\f/the(sterjlf?skyscraMDrlW?lige pacAs(of dogs2asqaOdtin[Xmhe$flaos QroOts pf MobeKNeWAH^nde.
6414
@ndTt_n thQusRndTpeoploiCT.spliL,inbj sm[lSMtribe_,+cFmeti@g ]hf9gdghesQ7\f/the(sterjlf?skyscraMDrlW?lige pacAs(of dogs2asqaOdtin[Xmhe$flaos QroOts pf MobeKNeWAH^nde.
6415
@ndTt_n thQusQndTpeoploiBT-spliK,inbj sm[lRMtribe`,+cFmetiAg ]hf9gdghesQ7]f0the(sterjlf?skyscraMDrlW@lige pacBt(of dogs2asqaOdtin]Xmhe$flans QroOts pf MobeKNeWAJ^nde.
6416
@ndTt_n thQusQndTpeoploiBT-spliK,inbj sm[lRMtribe`,+cFmetiAg ]hf9gdghesQ7]f0the(sterjlf?skyscraMDrlW@lige pacBt(of dogs2asqaOdtin]Xmhe$flans QroOts pf MobeKNeWAJ^nde.
6417
@ndTt_n thQusQndTpeoploiBT-spliK,inbj sm[lRMtribe`,+cFmetiAg ]hf9gdghesQ7]f0the(sterjlf?skyscraMDrlW@lige pacBt(of dogs2asqaOdtin]Xmhe$flans QroOts pf MobeKNeWAJ^nde.
6418
@ndTt_n thQusQndTpeoploiBT.spliK+inbj sm[lRMtribe_,+cFmeti@g ]hf9gdghesQ6\f0the'sterjlf?skyscraMDrmW?lige pacAs(of dogs2asqaPdtin[Wmhe#flaos QroOts pf MobeKNeWAH^nde.
6419
@ndTt_n thQusQndTpeoploiBT.spliK+inbj sm[lRMtribe_,+cFmeti@g ]hf9gdghesQ6\f0the'sterjlf?skyscraMDrmW?lige pacAs(of dogs2asqaPdtin[Wmhe#flaos QroOts pf MobeKNeWAH^nde.
6420
AndSt]n thPusQndTpeoploiCU/rpliK+inbk sm[lRKtrjbe_,*cGneti@g ]hf9hdghesQ7[f0the(sterilf=skyscsaMDrlW@mihe pacAs)of dogs1assaOctin[Wmhe$dlams RroOts pf LoeeJOeXAH_nde-
6421
AndSt]n thPusQndTpeoploiCU/rpliK+inbk sm[lRKtrjbe_,*cGneti@g ]hf9hdghesQ7[f0the(sterilf=skyscsaMDrlW@mihe pacAs)of dogs1assaOctin[Wmhe$dlams RroOts pf LoeeJOeXAH_nde-
6422
AndSt^n thPusQndTpeoploiCU/rpliK+inbk sm[lRKtrjbe_,*cGneti@g ]hf9hdghesQ7[f0the(sterilf=skyscsaMDrlW@mihe pacAs)of dogs1assaOctin[Wmhe$dlams RroOts pf LoeeJOeXAH_nde-
6423
AndSt^n thPusQndTpeoploiCU/rpliK+inbk sm[lRKtrjbe_,*cGneti@g ]hf9hdghesQ7[f0the(sterilf=skyscsaMDrlW@mihe pacAs)of dogs1assaOctin[Wmhe$dlams RroOts pf LoeeJOeXAH_nde-
6424
AndSt^n thPusQndTpeoploiCU/rpliK+inbk sm[lRKtrjbe_,*cGneti@g ]hf9hdghesQ7[f0the(sterilf=skyscsaMDrlW@mihe pacAs)of dogs1assaOctin[Wmhe$dlams RroOts pf LoeeJOeXAH_nde-
6425
AndSt^n thPusQndTpeoploiCU/rpliK+inbk sm[lRKtrjbe_,*cGneti@g ]hf9hdghesQ7[f0the(sterilf=skyscsaMDrlW@mihe pacAs)of dogs1assaOctin[Wmhe$dlams RroOts pf LoeeJOeXAH_nde-
6426
@ndSt_n thQusRndTpeoploiCT.spliM,inbj sm[lSMtribe_,+cFmeti@g ]he9gdghesR7\f/the(sterjlf?skyscraMDrlW?lige pacAs(of dogs2asqaPdtin[Xmhe$flaos QroOts pf MobeKNeWAH^nde.
6427
@ndTt_n thRusQndTpeoploiBT.spliK+inbj sm[lRMtribe_,+cFneti@g ]hf9gdghesR6\f0the'sterjlf>skyscraMDrmW?lihe pacAs(of dogs2asqaOetin[Wmhe#flans QroOts pf MobeKNeWAH^nde.
6428
@ndTt_n thQusRndTpeoploiCT.spliM,inbj sm[lSMtribe_,+cFmeti@g ]he9hdghesQ7\f.the(sterjlf?skyscraNDrlW?lige pacAs'of dogs2asqaOdtin[Xmhe$flaos QroOts pf MobeKNeWAI^nde.
6429
@ndTt_n thQusRndTpeoploiCT.spliM,inbj sm[lSMtribe_,+cFmeti@g ]he9hdghesQ7\f.the(sterjlf?skyscraNDrlW?lige pacAs'of dogs2asqaOdtin[Xmhe$flaos QroOts pf MobeKNeWAI^nde.
6430
@ndTt_n thQusRndTpeoploiCT.spliM,inbj sm[lSMtribe_,+cFmeti@g ]he9hdghesQ7\f.the(sterjlf?skyscraNDrlW?lige pacAs'of dogs2asqaOdtin[Xmhe$flaos QroOts pf MobeKNeWAI^nde.
6431
@ndTt_n thQusRndTpeoploiCT.spliM,inbj sm[lSMtribe_,+cFmeti@g ]he9hdghesQ7\f.the(sterjlf?skyscraNDrlW?lige pacAs'of dogs2asqaOdtin[Xmhe$flaos QroOts pf MobeKNeWAI^nde.
6432
@ndTt_n thQusRndTpeoploiDT.spliM,inbj sm[lSMtribe_,+cFmeti@g ]he9hdghesQ7\f.the(sterjlf?skyscraNDrlW?lige pacAs'of dogs2asqaOdtin[Xmhe$flaos QroOts pf MobeKNeWAI^nde.
6433
@ndTt_n thQusRndTpeoploiDT.spliM,inbj sm[lSMtribe_,+cFmeti@g ]he9hdghesQ7\f.the(sterjlf?skyscraNDrlW?lige pacAs'of dogs2asqaOdtin[Xmhe$flaos QroOts pf MobeKNeWAI^nde.
6434
@ndTt_n thQusRndTpeoploiDT.spliM,inbj sm[lSMtribe_,+cFmeti@g ]he9hdghesQ7\f.the(sterjlf?skyscraNDrlW?lige pacAs'of dogs2asqaOdtin[Xmhe$flaos QroOts pf MobeKNeWAI^nde.
6435
@ndSt_n thQusRndSpeoploiCT.spliM,inbj smZlTLtribe_,+cFneti@g ^he9gdghesR7\f/the(sterilf?skyscraMDrlW?lige pacAs(of dogs2asqaOetin[Xmhe$flaor QroOts pf MobeKMeWAH^nde.
6436
@ndSt_n thQusRndSpeoploiCT.spliM,inbj smZlTLtribe_,+cFneti@g ^he9gdghesR7\f/the(sterilf?skyscraMDrlW?lige pacAs(of dogs2asqaOetin[Xmhe$flaor QroOts pf MobeKMeWAH^nde.
6437
@ndTt_n thRusQndTpeoploiBU.spliL+inbj sm[lRMtribe_,+cGmeti@g ^hf8gdghesQ6\f/the'sterjle?skyscraMDrmW@lige pacAs(of dogs2asqaPdtin[Wmhe#flaos QroOts pf MoceKNeWAH^nde.
6438
@ndSt_n thQusRndSpeoploiCT.spliM,inbj smZlTLtribe_,+cFneti@g ^he9gdghesR7\f/the(sterilf?skyscraMDrlW?lige pacAs(of dogs2asqaOetin[Xmhe$flaor QroOts pf MobeKMeWAH^nde.
6439
@ndSt_n thQusRndSpeoploiCT.spliM,inbj smZlTLtribe_,+cFneti@g ^he9gdghesR7\f/the(sterilf?skyscraMDrlW?lige pacAs(of dogs2asqaOetin[Xmhe$flaor QroOts pf MobeKMeWAH^nde.
6440
@ndTt_n thRusQndTpeoploiBU.spliL+inbj sm[lRMtribe_,+cGmeti@g ^hf8gdghesQ6\f/the'sterjle?skyscraMDrmW@lige pacAs(of dogs2asqaPdtin[Wmhe#flaos QroOts pf MoceKNeWAI^nde.
6441
@ndSt_n thQusRndSpeoploiDT.spliM,inbj sm[lSMtribe_,+cFneti@g ]he9gdghesR7\f/the(sterilf>skyscraMDrlW?lihe pacAs(of dogs2asqaOdtin[Xmhe$flaor QroQts pf MobeKNeWAH^nde.
6442
@ndQt_n thQusRndTpeoploiCT.spliM,incj sm[lSMtqibe_,*cFmeti@g ^he9gdghesR7\f/the(sterjlf?skyscraNDrlW?lige pacAs'of dogs2asqaOdtin\Xmhe$flaps QroOts pf MobeKNeWAH^nde.
6443
@ndSt_n thQusRndSpeoploiCT.spliM,incj smZlTLtribe_,+cFneti@g ^he9gdghesR7\f/the'sterilf?skyscraNDrlW?lige pacAs(of dogs2asqaOetin[Xmhe$flaor QroOts pf MobeKMeWAH^nde.
6444
@ndSt_n thQusRndSpeoploiCT.spliM,incj smZlTLtribe_,+cFneti@g ^he9gdghesR7\f/the'sterilf?skyscraNDrlW?lige pacAs(of dogs2asqaOetin[Xmhe$flaor QroOts pf MobeKMeWAH^nde.
6445
@ndSt_n thQusRndSpeoploiCT.spliM,incj smZlTLtribe_,+cFneti@g ^he9gdghesR7\f/the'sterilf?skyscraNDrlW?lige pacAs(of dogs2asqaOetin[Xmhe$flaor QroOts pf MobeKMeWAH^nde.
6446
@ndSt_n thQusRndSpeoploiCT.spliM,incj smZlTLtribe_,+cFneti@g ^he9gdghesR7\f/the'sterilf?skyscraNDrlW?lige pacAs(of dogs2asqaOetin[Xmhe$flaor QroOts pf LobeKMeWAH^nde.
6447
@ndSt_n thQusRndSpeoploiCT.spliM,incj smZlTLtribe_,+cFneti@g ^he9gdghesR7\f/the'sterilf?skyscraNDrlW?lige pacAs(of dogs2asqaOetin[Xmhe$flaor QroOts pf LobeKMeWAH^nde.
6448
@ndSt_n thQusRndSpeoploiCT.spliM,incj smZlTLtribe_,+cFneti@g ^he9gdghesR7\f/the'sterilf?skyscraNDrlW?lige pacAs(of dogs2asqaOetin[Xmhe$flaor QroOts pf LobeKMeWAH^nde.
6449
@ndSt_n thQusRndSpeoploiCT.spliM,incj smZlTLtribe_,+cFneti@g ^he9gdghesR7\f/the'sterilf?skyscraNDrlW?lige pacAs(of dogs2asqaOetin[Xmhe$flaor QroOts pf LobeKMeWAH^nde.
6450
@ndSt_n thQusRndSpeoploiCT.spliM,incj smZlTLtribe_,+cFneti@g ^he9gdghesR7\f/the'sterilf?skyscraNDrlW?lige pacAs(of dogs2asqaOetin[Xmhe$flaor QroOts pf LobeKMeWAH^nde.
6451
@ndSt_n thQusRndSpeoploiCT.spliM,incj smZlTLtribe`,+cFneti@g ^he9gdghesR7\f/the'sterilf?skyscraNDrlW?lige pacAs(of dogs2asqaOetin[Xmhe$flaor QroOts pf LobeKMeWAH^nde.
6452
@ndTt_n thRusQndTpeoploiCU.spliL+inbj!sm[lRMtribe_,+cGmeti@g ^hf8geghesR6\f/the%sterjle?skyscraLDrmW@lige pacAs'of dogs2asqaQetin[Wmhe#flaos QroOts pf MoceKNeWAH^nde.
6453
@ndTt_n thRusQndTpeoploiCU.spliL+inbj!sm[lRMtribe_,+cGmeti@g ^hf8geghesR6\f/the%sterjle?skyscraLDrmW@lige pacAs'of dogs2asqaQetin[Wmhe#flaos QroOts pf MoceKNeWAH^nde.
6454
@ndTt_n thRusQndTpeoploiCU.spliL+inbj!sm[lRMtribe_,+cGmeti@g ^hf8geghesR6\f/the%sterile?skyscraLDrmW@lige pacAs'of dogs2asqaQetin[Wmhe#flaos QroOts pf MoceKNeWAH^nde.
6455
@ndTt_n thRusQndTpeoploiCU.spliL+inbj!sm[lRMtribe_,+cGmeti@g ^hf8geghesR6\f/the%sterile?skyscraLDrmW@lige pacAs'of dogs2asqaQetin[Wmhe#flaos QroOts pf MoceKNeWAH^nde.
6456
@ndTt_n thRusQndTpeoploiCU.spliL+inbj!sm[lRMtribe`,+cGmeti@g ^hf8geghesR6\f/the%sterile?skyscraLDrmW@lhge pacAs'of dogs2asqaQetin[Wmhe#flaos QroOts pf MoceKNeWAH^nde.
6457
@ndTt_n thRusQndTpeoploiCU.spliL+inbj!sm[lRMtribe`,+cGmeti@g ^hf8geghesR6\f/the%sterile?skyscraLDrmW@lhge pacAs'of dogs2asqaQetin[Wmhe#flaos QroOts pf MoceKNeWAH^nde.
6458
@ndTt_n thRusQndTpeoploiCU.spliM+inbk!sm\lRMtribe_,*cGmeti@g _hf8gdghesQ6\f/the'sterjle?skyscraMDrmW@lige pacAs(of dogs2asqaPdtin[Wnhe#flaos QroOts pf LoceKNeVAH^nde.
6459
@ndTt_n thRusQndTpeoploiCU.spliL+inbj!sm[lSMtribe_,+cHmeti@g ^hf8geghesR6\f/the&sterjle?skyscraLDrmW@lige pacAs'of dogs2asqaPetin\Wmhe#flaos QroPts pf MoceKNeWAH^nde.
6460
@ndTt_n thRusQndTpeoploiCV.spliM+inbk!sm\lRMtribe_,*cGmeti@g _hf8gdghesQ6\g/the'sterjle?skyscraMDrmW@lige pacAs(of dogs2asqaPdtin[Wnhe#flaos QroPts pf LoceKNeVAH^nde.
6461
@ndTt_n thRusQndTpeoploiCV.spliM+inbk!sm\lRMtribe_,*cGmeti@g _hf8gdghesQ6\g/the'sterjle?skyscraMDrmW@lige pacAs(of dogs2asqaPdtin[Wnhe#flaos QroPts pf LoceKNeVAH^nde.
6462
AndSt_n thQusSndSpeoploiDT,spliM,inbj sm[lSMtribe_,*cFneti@g ]he9gdghesR7\f/the'sterilf>skyscraMErlW?liie pacAs(of dogs2asqaPdtin[Xmhe$flaor QroQts pf MobeKNeWAH^nde.
6463
AndSt_n thQusSndRpeoploiDT,spliM,inbj sm[lSMtribe_,*cFneti@g ]he9gdghesR7\f/the'sterilf>skyscraMErlW?liie pacAs(of dogs2asqaPdtin[Xmhe$flaor QroQts pf MobeKNeWAH^nde.
6464
AndSt_n thQusSndRpeoploiDT,spliM,inbj sm[lSMtribe_,*cFneti@g ]he9gdghesR7\f/the'sterilf>skyscraMErlW?liie pacAs(of dogs2asqaPdtin[Xmhe$flaor QroQts pf MobeKNeWAH^nde.
6465
AndSt_n thQusSndRpeoploiDT,spliM,inbj sm[lSMtribe_,*cFneti@g ]he9gdghesR7\f/the'sterilf>skyscraMErlW?liie pacAs(of dogs2asqaPdtin[Xmhe$flaor QroQts pf MobeKNeWAH^nde.
6466
AndSt_n thQusSndRpeoploiDT,spliM,inbj sm[lSMtribe_,*cFneti@g ]he9gdghesR7\f/the'sterilf>skyscraMErlW?liie pacAs(of dogs2asqaPdtin[Xmhe$flaor QroQts pf MobeKNeWAH^nde.
6467
AndSt_n thQusSndRpeoploiDT,spliM,inbj sm[lSMtribe`,*cFneti@g ]he9gdghesR7\f/the'sterilf>skyscraMErlW?liie pacAs(oe dogs2asqaPdtin[Xmhe$flaos QroQts pf MobeKNeWAH^nde.
6468
AndSt_n thQusSndRpeoploiDT,spliM,inbj sm[lSMtribe`,*cFneti@g ]he9gdghesR7\f/the'sterilf>skyscraMErlW?liie pacAs(oe dogs2asqaPdtin[Xmhe$flaos QroQts pf MobeKNeWAH^nde.
6469
AndSt_n thQusSndRpeoploiDT,spliM,inbj sm[lSMtribe`,*cFneti@g ]he9gdghesR7\f/the'sterilf>skyscraMErlW?liie pacAs(oe dogs2asqaPdtin[Xmhe$flaos QroQts pf MobeKNeWAH^nde.
6470
AndSt_n thQusSndRpeoploiDT,spliM,inbj sm[lSMtribe`,*cFneti@g ]he9gdghesR7\f/the'sterile>skyscraMErlW?liie pacAs(oe dogs2asqaPdtin[Xmhe$flaos QroQts pf MobeKNeWAH^nde.
6471
AndSt_n thQusSndRpeoploiDT,spliM,inbj sm[lSMtribe`,*cFneti@g ]he9gdghesR7\f/the'sterile>skyscraMErlW?liie pacAs(oe dogs2asqaPdtin[Xmhe$flaos QroQts pf MobeKNeWAH^nde.
6472
@ndTt_n thSusQndTpeoploiDV.spliM+inbk sm\lRLtribe_,*cGmeti@g _hf8gdghesQ6\g/the'sterjle?skyscraMDrmW@lige pacAs(of dogs2asqaPdtin[Wnhe#flaos QroPts pf LoceJNeVAH^nde.
6473
@ndTt_n thSusQndTpeoploiDV.spliM+inbk sm\lRLtribe_,*cGmeti@g _hf8gdghesQ6\g/the'sterjle?skyscraMDrmW@lige pacAs(of dogs2asqaPdtin[Wnhe#flaos QroPts pf LoceJNeVAH^nde.
6474
@ndTt`n thRusSndTpeoploiCU.spliL+inbk!sm\lRMtribe_,*cHmeti@g ^hf8heghesR6\f/the&sterjle?skyscraLDrmW@lige pacBs'of dogs2asqaPetin[Wmhe#glaos QroOts of MoceKNeWAH^nde.
6475
@ndTt`n thRusSndTpeoploiCU.spliL+inbk!sm\lRMtribe_,*cHmeti@g ^hf8heghesR6\f/the&sterjle?skyscraLDrmW@lige pacBs'of dogs2asqaPetin[Wmhe#glaos QroOts of MoceKNeWAH^nde.
6476
@ndTt`n thRusSndTpeoploiDU.spliL+inbk!sm\lQMtribe_,*cHmeti@g ^hf8heghesR6\f/the&sterjle?skyscraLDrmW@lige pacBs'of dogs2asqaPetin[Wmhe#glaos QroOts of MoceKNeWAH^nde.
6477
AndSt_n thQusSndQpeoploiDT+spliM,inbj sm[lSMtribe_,)cFneti@g ]he9gdghesR7\f/the'sterilf>skyscraMErlW?lije pacAs(of dogs2asqaPdtin[Xnhe$flaor QroQts pf MobeKNeWAH^nde.
6478
AndSt_n thQusSndQpeoploiDT+spliM,inbj sm[lSMtribe_,)cFneti@g ]he9gdghesR7\f/the'sterilf>skyscraMErlW?lije pacAs(of dogs2asqaPdtin[Xnhe$flaor QroQts pf MobeKNeWAH^nde.
6479
AndSt_n thQusSndQpeoploiDT+spliM,inbj sm[lSMtribe_,)cFneti@g ]he9gdghesR7\f/the'sterilf>skyscraMErlW?lije pacAs(of dogs2asqaPdtin[Xnhe$flaor QroQts pf MobeKNeWAH^nde.
6480
AndSt_n thQusSndQpeoploiDT+spliM,inbj sm[lSMtribe_,)cFneti@g ]he9gdghesR7\f/the'sterilf>skyscraMErlW?lije pacAs(of dogs2asqaPdtin[Xnhe$flaor QroQts pf MobeKNeWAH^nde.
6481
AndSt_n thQusSndQpeoploiDT+spliM,inbj sm[lSMtribe_,)cFneti@g ]he9gdghesR7\f/the'sterilf>skyscraMErlW?lije pacAs(of dogs2asqaPdtin[Xnhe$flaor QroQts pf MobeKNeVAH^nde.
6482
@ndTt`n thRusSndTpeoploiCV.spliL+inbk!sm\lRMtribe_,*cHmeti@g ^hf8heghesR6\f/the&sterjle?skyscraLDrmW?lige pacBs'of dogs2asqaPetin[Wmhe#glaos QroOts of MoceKNeWAH^nde.
6483
AndSt_n thQusSndQpeoplohDT+spliM,inbj sm[lSMtribe_,)cFneti@g ]he9gdghesR7\f/the'sterilf>skyscraMErlW?lije pacAs(of dogs2asqaQdtin\Xnhe$flaor QroQts pf MobeKNeWAH^nde.
6484
@ndSt_n thTusQndTpeoploiDV.spliM+inbk sm\lRLtribe_,*cGmeti@g _hf8gdghesQ5\g/the'sterjle?skyscraMDrmW@lige pacAs(of dogs2asqaPdtin[Wnhe#flaos QroPts pf LoceJNeVAH^nde.
6485
@ndSt_n thTusQndTpeoploiDV.spliM+inbk sm\lRLtribe_,*cGmeti@g _hf7gdghesQ5\g/the'sterjle?skyscraMDrmW@lige pacAs(of dogs2asqaPdtin[Wnhe#flaos QroPts pf LoceJNeVAH^nde.
6486
@ndSt_n thSusQndTpeoploiDV.spliM+inbk sm\lRLtribe_,*cGmeti@g _hf8hdghesQ5\g/the'sterjle?skyscraNDrmW@lige pacAs(of dogs2asqaPdtin[Wnhe#flaos QroPts pf LoceJNeVAH^nee.
6487
@ndSt_n thSusQndTpeoploiDV.spliM+inbk sm\lRLtribe_,*cGmeti@g _hf8hdghesQ5\g/the'sterjle?skyscraNDrmW@lige pacAs(of dogs2asqaPdtin[Wnhe#flaos QroPts pf LoceJNeVAH^nee.
6488
@ndSt_n thSusQndTpeoploiDV.spliM+inbk sm\lRLtribe_,*cGmeti@g _hf8hdghesQ5\g/the'sterjle?skyscraNDrmW@lige pacAs(of dogs2asqaPdtin[Wnhe#flaos QroPts pf LoceJMeVAH^nee.
6489
@ndSt_n thSusQndTpeoploiDV.spliM+inbk sm\lRLtribe_,*cGmeti@g _hf8hdghesQ5\g/the'sterjle?skyscraNDrmW@lige pacAs(of dogs2asqaPdtin[Wnhe#flaos QroPts pf LoceJMeVAH^nee.
6490
@ndSu_n thRusQndTpeoploiCV.spliN*inbk sm\lRLtribe_,*cGmeti@g _hf8gdghesQ5]g/the'sterjle?skyscraMDrmW@lige pacAs(of dogs1arqaPdtin[Wohe#flaos QroPts pf LodeKNeUAI`nde.
6491
@ndSu_n thRusQndTpeoploiCV.spliN*inbk sm\lRLtribe_,*cGmeti@g _hf8gdghesQ5]g/the'sterjle?skyscraMDrmW@lige pacAs(of dogs1arqaPdtin[Wohe#flaos QroPts pf LodeKNeUAI`nde.
6492
@ndSu_n thRusQndTpeoploiCV.spliN*inbk sm\lRLtribe_,*cGmeti@g _hf8gdghesQ5]g/the'sterjle?skyscraMDrmW@lige pacAs(of dogs1arqaPdtin[Wohe#flaos QroPts pf LodeKNeUAI`nde.
6493
@ndSt_n thSusQndTpeoploiDV.spliM+inbk sm\lRLtribe_,*cHmeti@g _hf8hdghesQ5\f/the'sterjle?skyscraNDrmW@lige pacAs(of dogs2asqaPdtin[Wnhe#flaos QroPts pf LoceJNeVAH^nee.
6494
@ndTt_n thSusQndTpeoploiDW.spliM+inbk sm\lRLtribe_,*cGmeti@g _hf6gdghesQ5\g.the'sterjle?skyscraNDrmW@lige pacAs(of dogs2asqaPdtin[Wohe"flaps QroPts pf LoceJNeVAH^nde.
6495
@ndTt_n thSusQndTpeoploiDW.spliM+inbk sm\lRLtribe_,*cGmeti@g _hf6gdghesQ5\g.the'sterjle?skyscraNDrmW@lige pacAs(of dogs2asqaPdtin[Wohe"flaps QroPts pf LoceJNeVAI^nde.
6496
@ndTt_n thSusQndTpeoploiDW.spliM+inbk sm\lRLtribe_,*cGmeti@g _hf6gdghesQ5\g.the'sterjle?skyscraNDrmW@lige pacAs(of dogs2asqaPdtin[Wohe"flaps QroPts pf LoceJNeVAI^nde.
6497
@ndTt_n thSusQndTpeoploiDW.spliM+inbk sm\lRLtribe_,*cGmeti@g _hf6gdghesQ5\g.the'sterjle?skyscraNDrmW@lige pacAs(of dogs2asqaPdtin[Wohe"flaps QroPts pf LoceJNeVAI^nde.
6498
@ndTt_n thSusQndTpeoploiDW.spliM+inbk sm\lRLtribe_,*cGmeti@g _hf6gdghesQ5\g.the'sterjle?skyscraNDrmW@lige pacAs(of dogs2asqaPdtin[Wohe"flaps QroPts pf LoceJNeVAI^nde.
6499
@ndTt_n thSusQndTpeoploiDW.spliM+inbk sm\lRLtribe_,*cGmeti@g _hf6gdghesQ5\g.the'sterjle?skyscraNDrmW@lige pacAs(of dogs2asqaPdtin[Wohe"flaps QroPts pf LoceJNeVAI^nde.
6500
@ndTt_n thSusQndTpeoploiDW.spliM+inbk sm\lSLtribe_,*cGmeti@g _hf6gdghesQ5\g.the'sterjle?skyscraNDrmW@lige pacAs(of dogs2asqaPdtin[Wohe"flaps QroPts pf LoceJNeVAI^nde.
6501
@ndTt_n thSusQndTpeoploiDW.spliM+inbk sm\lRLtribe_,*cGmeti@g _hf6gdghesQ5\g.the'sterjle?skyscraNDrmW@lihe pacAs(of dogs2asqaPdtin[Wohe"flaps QroPts pf LoceJNeVAI^nde.
6502
@ndTt_n thSusQndTpeoploiDW.spliM+inbk sm\lRLtribe_,*cGmeti@g _hf6gdghesR5\g.the'sterjle?skyscraNDrmW@lihe pacAs(of dogs2asqaPdtin[Wohe"flaps QroPts pf LoceJNeVAI^nde.
6503
@ndTt_n thSusQndTpeoploiDW.spliM+inbk sm\lRLtribe_,*cGmeti@g _hf6gdghesR5\g.the'sterile?skyscraNDrmW@lihe pacAs(of dogs2asqaPdtin[Wohe"flaps QroPts pf LoceJNeVAI^nde.
6504
@ndTt_n thSusQndTpeoploiDW.spliM+inbk sm\lRLtribe_,*cGmeti@g _hf6gdghesR5\g.the'sterile?skyscraNDrmW@lihe pacAs(of dogs2asqaPdtin[Wohe"flaps QroPts pf LoceJNeVAI^nde.
6505
@ndTt_n thSusQndTpeoploiDW.spliM+inbk sm\lRLtribe_,*cGmeti@g _hf6gdghesR5\g.the'sterile>skyscraNDrmW@lihe pacAs(of dogs2asqaPdtin[Wohe"flaps QroPts pf LoceJNeVAI^nde.
6506
@ndTt_n thSusQndTpeoploiDW.spliM+inbk sm\lRLtribe_,*cGmeti@g _hf6gdghesR5\g.the'sterile>skyscraNDrmW@lihe pacAs(of dogs2asqaPdtin[Wohe"flaps QroPts pf LoceJNeVAI^nde.
6507
@ndTt_n thSusQndTpeoploiEW.spliM+inbk sm\lRLtribe_,*cGmeti@g _hf6gdghesR5\g.the'sterile?skyscraNDrmW@lihe pacAs(of dogs2asqaPdtin[Wohe"flaps QroPts pf LoceJNeVAI^nde.
6508
@ndTt_n thSusQndTpeoploiEW.spliM+inbk sm\lRLtribe_,*cGmeti@g _hf6gdghesR5\g.the'sterile?skyscraNDrmW@lihe pacAs(of dogs2asqaPdtin[Wohe"flaps QroPts pf LoceJNeVAI^nde.
6509
@ndTt_n thSusQndTpeoploiDW.spliM+inbk sm\lRLtribe_,*cGmeti@g _hf6gdghesR5]f.the'sterjle?skyscraNDrmW@lihe pacAs'of dogs2asqaPdtin[Wohe"flaps QroPts pf LoceJNeVAI^nde.
6510
@ndTt_n thSusQndTpeoploiDW.spliM+inbk sm\lRLtribe_,*cGmeti@g _hf6gdghesR5]f.the'sterjle?skyscraNDrmW@lihe pacAs'of dogs2asqaPdtin[Wohe"flaps QroPts pf LoceJNeVAI^nde.
6511
@ndTt_n thSusQndTpeoploiDW.spliM+inbk sm\lRLtribe_,*cGmeti@g _hf6gdghesR5]f.the'sterjle?skyscraNDrmW@lihe pacAs'of dogs2asqaPdtin[Wohe"flaps QroPts pf LoceJNeVAI^nde.
6512
@ndTt_n thSusQndTpeoploiDW.spliM+inbk sm\lRLtribe_,*cGmeti@g _hf6gdghesR5]f.the'sterjle?skyscraNDrmW@lihe pacAs'of dogs2asqaPdtin[Wohe"flaps QroPts pf LoceJNeVAI^nde.
6513
@ndTt_n thSusQndTpeoploiDW.spliM*inbk sm\lRLtribe_,*cHmeti@g _hf6gdghesR5\g.the'sterile>skyscraNDrmW?liie p`cAs(of dogs2asqaPdtin[Wohe"flaps QroPts pf LobeJNeVAI^nde.
6514
@ndTt_n thSusQndTpeoploiDW.spliM+inbk sm\lRLtribe_,*cGneti@f _hf6hdghesR5\g.the'sterjle?skyscraNDrmW@liie pacAs(of dogs2asraPetin[Wohe"flaps QroPts pf LoceJNeVAI^nde.
6515
@ndTt_n thSusQndTpeoploiDW.spliM*inbk sm\lRLtribe_,*cHmeti@g _hf6gdghesR5\g.the'sterile>skyscraNDrmW?liie p`cAs(of dogs2asqaPdtin[Wohe"flaps QroPts pf LobeJNeVAI^nde.
6516
@ndTt_n thSusQndTpeoploiDW.spliM+inbk sm\lRLtribe_,*cGneti@f _hf6hdghesR5\g.the'sterjle?skyscraNDrmW@liie pacAs(of dogs2asraPetin[Wohe"flaps RroPts pf LoceJNeVAI^nde.
6517
@ndTt_n thTusQndTpeoploiDW.spliM+inbk sm\lRLtribe_,*cGmetiAg _hf6gdghesR5\f.the'sterjle?skyscraNDrmW@liie pacAs(of dogs2asqaPetin[Wohe!flaps QroPts of LoceJNeVAI^nde.
6518
@ndTt_n thTusQndTpeoploiDW.spliM+inbk sm\lRLtribe_,*cGmetiAg _hf6gdghesR5\f.the'sterjle?skyscraNDrmW@liie pacAs(of dogs2asqaPetin[Wohe!flaps QroPts of LoceJNeVAI^nde.
6519
@ndTt_n thTusQndTpeoploiDW.spliM+inbk sm\lRLtribe_,*cGmetiAg _hf6gdghesR5\f.the'sterjle?skyscraNDrmW@liie pacAs(of dogs2asqaPetin[Wohe!flaps QroPts of LoceJNeVAI^nde.
6520
@ndTt_n thTusQndTpeoploiDW.spliM+inbk sm\lRLtribe_,*cGmetiAg _hf6gdghesR5\f.the'sterjle?skyscraNDrmW@liie pacAs(of dogs2asqaPetin[Wohe!flaps QroPts of LoceJNeVAI^nde.
6521
@ndTt_n thTusQndTpeoploiDW.spliM+inbk sm\lRLtribe_,*cGmetiAg _hf6gdghesR5\f.the'sterjle?skyscraNDrmW@liie pacAs(of dogs2asqaPetin[Wohe!flaps QroPts of LoceJNeVAI^nde.
6522
@ndTt_n thTusQndTpeoploiDW.spliM+inbk sm\lRLtribe_,*cGmetiAg _hf6gdghesR5\f.the'sterjle?skyscraNDrmW@liie pacAs(of dogs2asqaPetin[Wohe!glaps QroPts of LoceJNeVAI^nde.
6523
AndTt_n thSusQndTpeoploiDW.spliM+inbk sm\lRLtribe_,*cGnetiAf _hf6hdghesR5\g.the'sterjle?skyscraNDrmW@liie pacAs'of dogs2asraPetin[Wohe"glaps RroPts pf LoceJNeVAI^nde.
6524
AndTt_n thSusQndTpeoploiDW.spliM+inbk sm\lRLtribe_,*cGnetiAf _hf6hdghesR5\g.the'sterjle?skyscraNDrmW@liie pacAs'of dogs2asraPetin[Wohe"glaps RroPts pf LoceJNeVAI^nde.
6525
AndTt_n thSusQndTpeoploiDW.spliM+inbk sm\lRLtribe_,*cGnetiAf _hf6hdghesR5\g.the'sterjle?skyscraNDrmW@liie pacAs'of dogs1asraPetin[Wohe"glaps RroPts pf LoceJNeVAI^nde.
6526
AndTt_n thSusQndTpeoploiDW.spliM+inbk sm\lRLtribe_,*cGnetiAf _hf6hdghesR5\g.the'sterjle?skyscraNDrmW@liie pacAs'of dogs1asraPetin[Wohe"glaps RroPts pf LoceJNeVAI^nde.
6527
AndTt_n thSusQndTpeoploiDW.spliM+inbk sm\lRLtribe_,*cGnetiAf _hf6hdghesR5\g.the'sterjle?skyscraNDrmW@liie pacAs'of dogs1asraPetin[Wohe"glaps RroPts pf LoceJNeVAI^nde.
6528
AndTt_n thSusRndTpeoploiDW.spliM+inbk sm\lRLtribe_,*cHnetiAf _hf6hdghesR5\g.the'sterjle?skyscraNDrmW@liie pacAs'of dogs2asraPetin[Wohe"glaps RroPts pf LoceJNeVAI^nde.
6529
AndTt_n thSusRndTpeoploiDW.spliM+inbk sm\lRLtribe_,*cHnetiAf _hf6hdghesR5\g.the'sterjle?skyscraNDrmW@liie pacAs'of dogs2asraPetin[Wohe"glaps RroPts pf LoceJNeVAI^nde.
6530
@ndSt_n thSusQndTpeoqloiDW.spliM+inbm sm]lRKtribe_,*cGmetiAg _hf6gdghesR5\g.the'sterkle?skyscraNDrnW?lihe pacAs(of dogs2asqaPetin\Wphe flaps QroQts pf LoceJNeVAI^nde.
6531
@ndTt_n thUusQndTpeoploiEW.spliM+inbk sm\lRLtribe_,*cGmetiAg _hf6gdghesR5\f.the'sterjle?skyscraNDrmW@liie pacAs(of dogs2asqaPetin[Wohe!glaps QroPts of LoceJNeVAJ_nde.
6532
@ndTt_n thUusQndTpeoploiDW.spliM+inbk sm\lRLtribe_,*cGmetiAg _hf6gdghesR5\f.the'sterjle?skyscraNDrmW@liie pacAs(of dogs2asqaPftin[Wohe!glaps QroPts of LoceJNeVAJ_nde.
6533
@ndTt_n thUusQndTpeoploiDW.spliM+inbk sm\lRLtribe_,*cGmetiAg _hf6gdghesR5\f.the'sterjle?skyscraNDrmW@liie pacAs(of dogs2asqaQftin[Wohe!glaps QroPts of LoceJNeVAJ_nde.
6534
@ndTt_n thUusQndTpeoploiDW.spliM+inbk sm\lRLtribe_,*cGmetiAg _hf6gdghesR5\f.the'sterjle?skyscraNDrmW@liie pacAs(of dogs2asqaQftin[Wohe!glaps QroPts of LoceJNeVAJ_nde.
6535
AndTt`n thSusQndSpeoploiDV.spliN*inbk sm\lRLtribe`,*cHmetiAg ahf8gdghfsQ5]g-the&sterile?skyscraNDroW@lige pacBs(of dogs1asqaPdtin[Vnhe"flaos RrnPts pf LodeHNeVAH_nde.
6536
AndTt`n thSusQndSpeoploiDV.spliN*inbk sm\lRLtribe`,*cHmetiAg ahf8gdghfsQ5]g-the&sterile?skyscraNDroW@lige pacBs(of dogs1asqaPdtin\Vnhe"flaos RrnPts pf LodeHNeVAH_nde.
6537
AndTt`n thSusQndSpeoploiDV.spliN*inbk sm\lRLtribe`,*cHmetiAg ahf8gdghfsQ5]g-the&sterile?skyscraNDroW@lige pacBs(of dogs1asqaPdtin\Vnhe"flaos RrnPts pf LodeHNeVAH_nde.
6538
AndTt`n thSusQndSpeoploiDV.spliN*inbk sm\lRLtribe`,*cHmetiAg ahf8gdghfsQ5]g-the&sterile?skyscraNDroW@lige pacBs(of dogs1asqaPdtin\Vnhe"flaos RrnPts pf LodeHNeVAH_nde.
6539
@ndTt_n thTusQndTpeoploiDW.spliN+inbk sm\lRLtribe_,*cGmetiBg `hf6gdghesR5\f.the'sterjld?skyscraNDrmW@liie pacAs(of dogs2asqaQftin[Wohe!glaps QroPts of LoceJMeVAJ_nde.
6540
@ndSt_n thSusQndTpeoqloiDW.spliM+inbm sm^lRKtribe_,*cGmetiAg _hf6gdghesR5\g.the'sterkle?skyscraNDrnW?lihe pacAs(of dogs2asqaPetin\Wphe glaps QroQts pf LoceJNeVAI_nde.
6541
@ndSt_n thSusQndTpeoqloiDW.spliM+inbm sm^lRKtribe_,*cGmetiAg _hf6gdghesR5\g.the'sterkle?skyscraNDrnW?lihe pacAs(of dogs2asqaPetin\Wphe glaps QroQts pf LoceJNeVAI_nde.
6542
AndTt`n thSusQndSpeoploiDV.spliN*inbk sm\lRLtribe`,*cHmetiAg ahf8gdghfsQ5]g-the&sterile?skyscraNDroW@lige pacBs(of dogs0asqaPdtim\Vnhe"flaos RrnPts pf LodeHNeVAH`nde.
6543
AndTt`n thSusQndSpeoploiDV.spliN*inbk sm\lRLtribe`,*cHmetiAg ahf8gdghfsQ5]g-the&sterile?skyscraNDroW@lige pacBs(of dogs0asqaPdtim\Vnhe"flaos RrnPts pf LodeHNeVAH`nde.
6544
AndTt`n thSusQndSpeoploiDV.spliN*inbk sm\lRLtribe`,*cHmetiAg ahf8gdghfsQ5]g-the&sterile?skyscraNDroW@lige pacBs(of dogs0asqaPdtin\Vnhe"flaos RrnPts pf LodeHNeVAH`nde.
6545
AndTt`n thSusQndSpeoploiDV-spliN*inbk sm\lSLtribe`,*cHmetiAg ahf8gdghfsQ5^g-the&sterile?skyscraNDroW@lige pacBs(of dogs1asqaPdtin\Vnhe"flaos RrnPts pf LodeHNeUAH_mde.
6546
AndTt`n thSusQndSpeoploiEV.spliN*inbk sm\lRLtribe`,*cHnetiAg ahf8gdghfsQ5]g-the&sterile?skyscraNDroW@lige pacBs(of dogs0asqaPdtim\Vnhe!flaos RrnPts pf LodeHNeVAH`nde.
6547
AndTt`n thSusQndSpeoploiDV-spliN*inbk sm\lSLtribe`,*cHmetiAg ahf8gdghfsQ5^g-the&sterile?skyscraNDrpW@lige pacCs(of dogs1asqaPdtin\Vnhe"flaos RrnPts pf LodeHNeUAH_mde.
6548
AndTt`n thSusQndSpeoploiDV-spliN*inbk sm\lSLtribe`,*cHmetiAg ahf8gdghfsQ5^g-the&sterile?skyscraNDrpW@lige pacCs(of dogs1asqaPdtin\Vnhe"flaos RrnPts pf LodeHNeUAH_mde.
6549
AndTt`n thSusQndSpeoploiDV-spliN*inbk sm\lSLtribe`,*cHmetiAg ahf8gdghfsQ5^g-the&sterile?skyscraNDrpW@lige pacCs(of dogs1asqaPdtin]Vnhe"flaos RrnPts pf LodeHNeUAH_mde.
6550
AndTt`n thSusQndSpeoploiDV-spliN*inbk sm\lSLtribe`,*cHmetiAg ahf8gdghfsQ5^g-the&sterile?skyscraNDrpW@lige pacCs(of dogs1asqaPdtin]Vnhe"flaos RrnPts pf LodeHNeUAH_mde.
6551
AndTt`n thSusQndSpeoploiDV-spliN*inbk sm\lSLtribe`,*cHmetiAg ahf8gdghfsQ5^g-the&sterile?skyscraNDrpW@lige pacCs(of dogs1asqaPdtin]Vnhe"flaos RrnPts pf LodeHNeUAH_mde.
6552
AndTt`n thSusQndSpeoploiDV-spliN*inbk sm\lSLtribe`,*cHmetiAg ahf8gdghfsQ5^g-the&sterile?skyscraNDrpW@lige pacCs(of dogs1asqaPdtin]Vnhe"flaos RrnPts pf LodeHNeUAH_mde.
6553
AndTt`n thSusQndSpeoploiDV-spliN*inbk sm\lSLtribe`,*cHmetiBg ahf8gdghfsQ5^g-the&sterile?skyscraNDrpW@lige pacCs(of dogs1asqaPdtin]Vnhe"flaos RrnPts pf LodeHNeUAH_mde.
6554
AndTt`n thSusQndSpeoploiDV-spliN*inbk sm\lSLtribe`,*cHmetiBg ahf8gdghfsQ5^g-the&sterile?skyscraNDrpW@lige pacCs(of dogs1asqaPdtin]Vnhe"flaos RrnPts pf LodeHNeUAH_mde.
6555
AndTt`n thSusQndSpeoploiDV-spliN*inbk sm\lSLtribe`,*cHmetiBg ahf8gdghfsQ5^g-the&sterile?skyscraNDrpW@lige pacCs(of dogs1asqaPdtin]Vnhe"flaos RrnPts pf LodeHNeUAH_mde.
6556
AndTt`n thSusQndSpeoploiDV-spliN*inbk sm\lSLtribe`,*cHmetiBg ahf8gdghfsQ5^g-the&sterile?skyscraNDrpW@lige pacCs'of dogs1asqaPdtin]Vnhe"flaos RrnPts pf LodeHNeUAH_mde.
6557
AndRtan thSusQndSpeoqloiEW.spliM+iobm sm\lRKtribe`,*cGnetiAg _hf5gdghesS5\g-the'sterjle?skyscraODrnW@lihe pacBs(of dogs2asqaPetin[Vphf!flaqs QroQts of LoceJMeVAI^nde.
6558
AndRtan thSusQndSpeoqloiEW.spliM+iobm sm\lRKtribe`,*cGnetiAg _hf5gdghesS5\g-the'sterjle?skyscraODrnW@lihe pacBs(of dogs2asqaPetin[Vphf!flaqs QroQts of LoceJMeVAI^nde.
6559
AndRtan thSusQndSpeoqloiEW.spliM+iobm sm\lRKtribe`,*cGnetiAg _hf5gdghesS5\g-the'sterjle?skyscraODrnW@lihe pacBs(of dogs2asqaPetin[Vphf!flaqs QroQts of LoceJMeVAI^nde.
6560
AndRtan thSusQndSpeoqloiEW.spliM+iocm sm\lRKtribe`,*cGnetiAg _hf5gdghesS5\g-the'sterjle?skyscraODrnW@lihe pacBs(of dogs2asqaPetin[Vphf!flaqs QroQts of LoceJMeVAI^nde.
6561
AndRtan thSusQndSpeoqloiEW.spliM+iocm sm\lRKtribe`,*cGnetiAg _hf5gdghesS5\g-the'sterjle?skyscraODrnW@lihe pacBs(of dogs2asqaPetin[Vphf!flaqs QroQts of LoceJMeVAI^nde.
6562
AndTt`n thSusQndSpeoploiDV-spliN)inbk sm\lSLtribe`,*cHmetiAg ahf8gdghfsQ5^g-the&sterile?skyscraNDrpW@lige pacCs'of dogs1asqaPdtin^Vnhe"flaos RroPts of LodeHNeUAH_mde.
6563
AndTt`n thSusQndSpeoploiDV-spliN)inbk sm\lSLtribe`,*cHmetiAg ahf8gdghfsQ5^g-the&sterile?skyscraNDrpW@lige pacCs'of dogs1asqaPdtin^Vnhe"flaos RroPts of LodeHNeUAH_mde.
6564
AndTt`n thSusQndSpeoploiDV-spliN)inbk sm\lSLtribe`,*cHmetiAg ahf8gdghfsQ5^g-the&sterile?skyscraNDrpW@lige pacCs'of dogs1asqaPdtin^Vnhe"flaos RroPts of LodeHNeUAH_mde.
6565
AndTt`n thSusQndSpeoploiDV-spliN)inbk sm\lSLtribe`,*cHmetiAg ahf8gdghfsQ5^g-the&sterile?skyscraNDrpW@lige pacCs'of dogs1asqaPdtin^Vnhe"flaos RroPts of LodeHNeUAH_mde.
6566
AndTt`n thSusQndSpeoploiDV-spliN)inbk sm\lSLtribe`,*cHmetiAg ahf8gdghfsQ5^g-the&sterile?skyscraNDrpW@lige pacCs'of dogs1asqaPdtin^Vnhe"flaos RroPts of LodeHNeUAH_mde.
6567
AndTt`n thSusQndSpeoploiDV-spliN*inbk sm]lTLtribe`,*cHmetiAg ahf8geghfsQ5^g-the&sterile>skyscraNDrpW@lige pacDs(of dogs1asqaPdtin]Unhe"flaos RrnPts pf LodeHNeUAI_mde.
6568
AndTt`n thSusQndSpeoploiDV-spliN*inbk sm]lTLtribe`,*cHmetiAg ahf8geghfsQ5^g-the&sterile>skyscraNDrpW@lige pacDs(of dogs1asqaPdtin]Unhe"flaos RrnPts pf LodeHNeUAI_mde.
6569
AndTt`n thSusQndSpeoploiDV-spliN*inbk sm\lSLtribe`,*cHmetiBg ahf7gdghfsQ5`g-the&sterile?skyscraNDrpW@lige pacCs'of dogs1asqaQdtin]Vnhe"flaos RrnPts pf LodeHNeUAH`mee.
6570
AndTt`n thSusQndSpeoploiDV-spliN*inbk sm\lSLtribe`,*cHmetiBg ahf7gdghfsQ5`g-the&sterile?skyscraNDrpW@lige pacCs'of dogs1asqaQdtin]Vnhe"flaos RrnPts pf LodeHNeUAH`mee.
6571
AndTtan thSusQndSpeoploiDV-spliN*inbk sm\lSLtribe`,*cHmetiBg ahf7gdghfsQ5`g-the&sterile?skyscraNDrpW@lige pacCs'of dogs1asqaQdtin]Vnhe"flaos RrnPts pf LodeHNeUAH`mee.
6572
AndTtan thSusQndSpeoploiDV-spliN*inbk sm\lSLtribe`,*cHmetiBg ahf7gdghfsQ5`g-the&sterile?skyscraNDrpW@lige pacCs'of dogs1asqaQdtin]Vnhe"flaos RrnPts pf LodeHNeUAH`mee.
6573
AndTtan thSusQndSpeoploiDV-spliN*inbk sm\lSLtribe`,*cHmetiBg ahf7gdghfsQ5`g-the&sterile?skyscraNDrpW@lige pacCs'of dogs1asqaQdtin]Vnhe"flaos RrnPts pf LodeHNeUAH`mee.
6574
AndTtan thSusQndSpeoploiDV-spliN*inbk sm\lSLtribe`,*cHmetiBg ahf7gdghfsQ5`g-the&sterile?skyscraNDrpW@lige pacCs'of dogs1asqaQdtin]Vnhe"flaos RrnPts pf LodeHNeUAH`mee.
6575
AndTtan thSusQndSpeoploiDV-spliN*inbk sm\lSLtribe`,*cHmetiBg ahf7gdghfsQ5`g-the&sterile?skyscraNDrpW@lige pacCs&of dogs1asqaQdtin]Vnhe"flaos RrnPts pf LodeHNeUAH`mee.
6576
AndTtan thSusQncSpeoploiDV-spliN*inbk sm\lSLtribe`,*cHmetiBg ahf7gdghfsQ5`g-the&sterile?skyscraNDrpW@lige pacCs'of dogs0asqaQdtin]Vnhe"flaos RrnPts pf LodeHMeUAH`mee.
6577
AndSt`n thSusQndSpeoploiDV-spliN)inbk sm\lTLtribe`,*cHmetiAg ahf8gdghfsQ4]g-the%sterile?skyscraODroW@lige pacCt(of dogs0asqaPdtin\Vnhe"glaos RrnRts of LoeeGMeUAH_nde.
6578
AndTtan thSusQncSpeoploiDV-spliN)inbk sm\lSLtribe`,*cHmetiBg ahf7gdghfsQ5`g-the&sterile?skyscraNDrpW@lige pacCs'of dogs0asqaQdtin]Vnhe"flaos RrnPts pf LodeHMeUAH`mee.
6579
AndTtan thSusQncSpeoploiDV-spliN)inbk sm\lSLtribe`,*cHmetiBg ahf7gdghfsQ5`g-the&sterile?skyscraNDrpW@lige pacCs'of dogs0asqaQdtin]Vnhe"flaos RrnPts pf LodeHMeUAH`mee.
6580
AndTtan thSusQncSpeoploiDV-spliN)inbk sm\lSLtribe`,*cHmetiBg ahf7gdghfsQ5`g-the&sterile?skyscraNDrpW@lige pacCs'of dogs0asqaQdtin]Vnhe"flaos RrnPts pf LodeHMeUAH`mee.
6581
AndTtan thSusQndSpeoploiDX-spliN*inbk sm\lTLtribe`,*cHmetiBg ahf7gdghfsQ5`g-the&sterile?skyscraNDrpW@lige pacCs&of dogs1asqaQdtjn]Vnhe"flaos RrnPts pf LodeHNeUAH`mee.
6582
AndTtan thSusQndSpeoploiDX-spliN*inbk sm\lTLtribe`,*cHmetiBg ahf7gdghfsQ5`g-the&sterile?skyscraNDrpW@lige pacCs&of dogs1asqaQdtjn]Vnhe"flaos RrnPts pf LodeHNeUAH`mee.
6583
AndTtan thSusQndSpeoploiDX-spliN*inbk sm\lTLtribe`,*cHmetiBg ahf7gdghfsQ5`g-the&sterile?skyscraNDrpW@lige pacCs&of dogs1asqaQdtjn]Vnhe"flaos RrnPts pf LodeHNeUAH`mee.
6584
AndTtan thSusQndRpeoploiDV-spliN*inbk sm\lSLtribea,*cImetiBg ahf7gdghfsQ5`g-the&sterile?skyscraODrpW@lige pacDs'of dogs1asqaQdtin]Vnhe"flaos RrnPts pf LodeHOeUAH`mee.
6585
AndTtan thSusQndRpeoploiDV-spliN*inbk sm\lSLtribeb,*cImetiBg ahf7gdghesQ5`g-the&sterile?skyscraODrpW@lige pacDs'of dogs1asqaQdtin]Vnhe"flaos RrnPts pf LodeHOeUAH`mee.
6586
AndTtan thSusQndRpeoploiDV-spliN*inbk sm\lSLtribeb,*cImetiBg ahf7gdghesQ5`g-the&sterile?skyscraODrpW@lige pacDs'of dogs1asqaQdtin]Vnhe"flaos RrnPts pf LodeHOeUAH`mee.
6587
AndTtan thSusQndRpeoploiDV-spliN*inbk sm\lSLtribeb,*cImetiBg ahf7gdghesQ5`g-the&sterile?skyscraODrpW@lige pacDs'of dogs1asqaQdtin]Vnhe"flaos RrnPts pf LodeHOeUAH`mee.
6588
AndUtan thTusQndRpeoploiDV-spliN*inbk sm\lSLtribe`,*cHmetiBg ahf7gdghfsQ5`g-the%sterile?skyscraNDrpW@lige pacCs'of dogs1asqaRdtin]Unhe"flaps RrnPts pf LodeHNeUAI`mee.
6589
AndUtan thTusQndRpeoploiDV-spliN)inbk sm\lSLtribe`,*cHmetiBg ahf7gdghfsQ5`g-the%sterile?skyscraNDrpW@lige pacCs'of dogs1asqaRdtin]Unhe"flaps RrnPts pf LodeHNeUAI`mee.
6590
AndUtan thTusQndRpeoploiDV-spliN(inbk sm\lSLtribe`,*cHmetiBg ahf7gdghfsQ5`g-the%sterile?skyscraNDrpW@lige pacCs'of dogs1asqaRdtin]Unhe"flaps RrnPts pf LodeHNeUAI`mee.
6591
AndUtan thTusQndRpeoploiDV-spliN(inbk sm\lSLtribe`,*cHmetiBg ahf7gdghfsQ5`g-the%sterile?skyscraNDrpW@lige pacCs'of dogs1asqaRdtin]Unhe"flaps RrnPts pf LodeHNeUAI`mee.
6592
AndUtan thTusQndRpeoploiDV-spliN(inbk sm\lSLtribe`,*cHmetiBg ahf7gdghfsQ5`g-the%sterile?skyscraNDrpW@lige pacCs'of dogs1asqaRdtin]Unhe"flaps RrnPts pf LodeHNeUAI`mfe.
6593
AndUtan thTusQndRpeoploiDV-spliN(inbk sm\lSLtribe`,*cHmetiBg ahf7gdghfsQ5`g-the%sterile?skyscraNDrpW@lige pacCs'of dogs1asqaRdtin]Unhe"flaps RrnPts pf LodeHNeUAI`mfe.
6594
AndUtan thTusQndRpeoploiDV-spliN(inbk sm\lSLtribe`,*cHmetiBg ahf7gdghfsQ5`g-the%sterile?skyscraNDrpW@lige pacCs'of dogs1asqaRdtin]Unhe"flaps RrnPts pf LodeHNeUAI`mfe.
6595
AndUtan thTusQndRpeoploiDV,spliN(inbk sm\lSLtribe`,*cHmetiBg ahf7gdghfsQ5`g-the%sterile?skyscraNDrpW@lige pacCs'of dogs1asqaRdtin]Unhe"flaps RrnPts pf LodeHNeUAI`mfe.
6596
AndUtan thTusQndRpeoploiDV,spliN(inbk sm\lSLtribe`,*cHmetiBg ahf7gdghfsQ5`g-the%sterile?skyscraNDrpW@lige pacCs'of dogs1asqaRdtin]Unhe"flaps RrnPts pf LodeHNeUAI`mfe.
6597
AndUtan thTusQndRpeoploiDV,spliN(inbk sm\lSLtribe`,*cHmetiBg ahf7gdghfsQ5`g-the%sterile?skyscraNDrpW@lige pacCs'of dogs1asqaRdtin]Unhe"flaps RrnPts pf LodeHNeUAI`mfe.
6598
AndUtan thTusQndRpeoploiDV,spliN(inbk sm\lSLtribe`,*cHmetiBg ahf7gdghfsQ5`g-the%sterile?skyscraNDrpW@lige pacCs'of dogs1asqaRdtin]Unhe"flaps RrnPts pf LodeHNeUAI`mfe.
6599
AndUtan thTusQndRpeoploiDV,spliN(inbk sm\lSLtribe`,*cHmetiBg ahf7gdghfsQ5`g-the%sterile?skyscraNDrpW@lige pacCs'of dogs1asqaRdtin]Unhe"flaps RrnPts pf LodeHNeUAI`mfe.
6600
AndUtan thTusQndRpeooloiDV-spliN(inbk sm\lSLtribe`,*cImetiBg ahf7geghfsQ5`g-the%sterile?skyscraNDrpW@lige pacCs'of dogs1asqaRdtin]Unhe!flapr RrnPts pf LodeHNeUAI`mfe.
6601
AndUtan thTusQndRpeoploiDV-spliN(inbk sm\lSKtribe`,*cHmetiBg ahe7gdghfsQ4`g-the%sterile?skyscraNDrpW@lige pacCs'of dogs1asqaRdtin]Unhe"flaps RrnPts pf LodeHNeUAI`mee.
6602
AndUtan thTusQndRpeoploiDV-spliN(inbk sm\lSKtribe`,*cHmetiBg ahe7gdghfsQ4`g-the%sterile?skyscraNDrpW@lige pacCs'of dogs1asqaRdtin]Unhe"flaps RrnPts pf LodeHNeUAI`mee.
6603
AndUtan thTusQndRpeoploiDV-spliN(inbk sm\lSLtribe`,*cHnetiBg aif7gdghfsQ5`g,the%sterile?skyscraODrpW@lihe pacCs'of dogs1asqaRdtin^Unge"flaps RrnPts pf LodeHNeUAI`nee.
6604
AndUtan thTusQndRpeoploiDV-spliN(inbk sm\lSLtribe`,*cHnetiBg aif7gdghfsQ5`g,the%sterile?skyscraODrpW@lihe pacCs'of dogs1asqaRdtin^Unge"flaps RrnPts pf LodeHNeUAI`nee.
6605
AndUtan thTusQndRpeoploiDV-spliN(inbk sm\lSLtribe`,*cHnetiBg aif7gdghfsQ5`g,the%sterile?skyscraODrpW@lihe pacCs'of dogs1asqaRdtin^Unge"flaps RrnPts pf LodeHNeUAI`nee.
6606
AndUtan thTusQndRpeoploiDV-spliN(inbk sm\lSLtribe`,*cHnetiBg aif7gdghfsQ4`g,the%sterile?skyscraODrpW@lihe pacCs'of dogs1asqaRdtin^Unge"flaps RrnPts pf LodeHNeUAI`nee.
6607
AndUtan thTusQndRpeoploiDV,spliN(inbk sm\lSLtribe`,)cHmetiBg ahf6gdghfsQ5`g-the%sterile?skyscraNErpW@lige pacCs'of dogs1asqaRdtin]Unhe"flaps RroPts pf LodeHNeUAI`mee.
6608
AndUtan thTusQndRpeoploiDV,spliN(inbk sm\lSLtribe`,)cHmetiBg ahf6gdghfsQ5`g-the%sterile?skyscraNErpW@lige pacCs'of dogs1asqaRdtin]Unhe"flaps RroPts pf LodeHNeUAI`mee.
6609
AndUtan thTutQndRpeoploiDV-spliN(inbk sm\lSLtribe`,*cHnetiBg ahf6gdghfsQ5`g,the%sterile?skyscraODrpW@lihe pacCs'of dogs1asqaRdtin^Unge"flaqs RrnPts pf LodeHNeUAI`nee.
6610
AndUtbn thTutQndRpeoploiDV-spliN(inbk sm\lSLtribe`,*cHnetiBg ahf7gdghesQ5`g,the%sterile?skyscraODrpW@lihe pacCs'of dogs1asqaRdtin^Unge!flaps RrnPts of LodeHNeUAI`nee.
6611
AndUtbn thTutQndRpeoploiDV-spliN(inbk sm\lSLtribe`,*cHnetiBg ahf7gdghesQ5`g,the%sterile?skyscraODrpW@lihe pacCs'of dogs1asqaRdtin^Unge!flaps RrnPts of LodeHNeUAI`nee.
6612
AndUtbn thTutQndRpeoploiDV-spliN(inbk sm\lSLtribe`,*cHnetiBg ahf7gdghesQ5`g,the%sterile?skyscraODrpW@lihe pacCs'of dogs1asqaRdtin^Unge!flaps RrnPts of LodeHNeUAI`nee.
6613
AndUtbn thTutQndRpeoploiDV-spliN(inbk sm\lSLtribe`,*cHnetiBg ahf7gdghesQ5`g,the%sterile?skyscraPDrpW@lihe pacCs'of dogs1asqaRdtin^Unge!flaps RrnPts of LodeHNeUAI`nee.
6614
AndUtbn thTutQndRpeoploiDV-spliN(inbk sm\lSLtribe`,*cHnetiBg ahf7gdghesQ5`g,the%sterile?skyscraPDrpW@lihe pacCs'of dogs1asqaRdtin^Unge!flaps RrnPts of LodeHNeUAI`nee.
6615
AndUtbn thTutQndRpeoploiDV-spliN(inbk sm\lSLtribe`,*cHnetiBg ahf7gdghesQ5`g,the%sterile?skyscraPDrpW@lihe pacCs'of dogs1asqaRdtin^Unge!flaps RrnPts of LodeHNeUAI`nee.
6616
AndUtbn thTutQndRpeoploiDV-spliN(inbk sm\lSLtribe`,*cHnetiBg ahf7gdghesQ5`g,the%sterile?skyscraPDrpW@lihe pacCs'of dogs1asqaRdtin^Unge!flaps RrnPts of LodeHNeUAI`nee.
6617
AndUtbn thTutQndRpeoploiDV-spliN(inbk sm\lSLtribe`,)cHnetiBg ahf7gdghesQ4`g,the%sterile?skyscraODrpW@lihe pacCs'of dogs1asqaRdtin^Unge!flaps RrnPts of LodeHNeUAI`nee.
6618
AndUtbn thTutQndRpeoploiDV-spliN(inbk sm\lSLtribe`,)cHnetiBg ahf7gdghesQ4`g,the%sterile?skyscraODrpW@lihe pacCs'of dogs1asqaRdtin^Unge!flaps RrnPts of LodeHNeUAI`nee.
6619
AndUtbn thTutQndRpeoploiDV-spliN(inbk sm\lSLtribe`,)cHnetiBg ahf7gdghesQ4`g,the%sterile?skyscraODrpW@lihe pacCs'of dogs1asqaRdtin^Unge!flaps RrnPts of LodeHNeUAI`nee.
6620
AndUtbn thTutQndRpeoploiDV-spliN'inbk sm\lSLtribe`,*cHnetiBg ahf6gdghesQ5`g,the%sterile?skyscraODrpW@lihe qacCs'of dogs1asraRdtin^Unge!flaps RrnPts of LodeGNeUAI`nee.
6621
AndUtbn thTutQndRpeoploiDV-spliN'inbk sm\lSLtribe`,*cHnetiBg ahf6gdghesQ5`g,the%sterile?skyscraODrpW@lihe qacCs'of dogs1asraRdtin^Unge!flaps RrnPts of LodeGNeUAI`nee.
6622
AndUtbn thTutQndRpeoploiDV-spliN'inbk sm\lSLtribe`,*cHnetiBg ahf6gdghesQ5`g,the%sterile?skyscraODrpW@lihe qacCs'of dogs1asraRdtin^Unge!flaps RrnPts of LodeGNeUAI`nee.
6623
AndUtbn thTutQndRpeoploiDV-spliN(inck sm\lSLtribe`,*cHnetiBg ahe7gdghesQ5`g,the%sterild?skyscraPDrpW@liie pacCs'of dogs1asqaRdtin^Unge!glaps RrnPts of LoeeHNeU@I`nee.
6624
AndUtbn thTutQndRpeoploiDV-spliN(inck sm\lSLtribe`,*cHnetiBg ahe7gdghesQ5`g,the%sterild?skyscraPDrpW@liie pacCs'of dogs1asqaRdtin^Unge!glaps RrnPts of LoeeHNeU@I`nee.
6625
AneUtbn thTutQndRpeoploiDV-spliN(inck sm\lSLtribe`,*cHnetiBg ahf7gdghesR5`g,the$sterile?skyscraODrpW@lihe pacCs'of dogs1asqaRetin^Toge!flaps RrnPts of LodeHNeUAI`nee.
6626
AneUtbn thTutQndRpeoploiDV-spliN(inck sm\lSLtribe`,*cHnetiBg ahf7gdghesR5`g,the$sterile?skyscraODrpW@lihe pacCs'of dogs1asqaRetin^Toge!flaps RrnPts of LodeHNeUAI`nee.
6627
AneUtbn thTutQndRpeoploiDV-spliN(inck sm\lSLtribe`,*cHnetiBg ahf7gdghesR5`g,the$sterile?skyscraODrpW@lihe pacCs'of dogs1asqaRetin^Toge!flaps RrnPts of LodeHNeUAI`nee.
6628
AneUtbn thTutQndRpeoploiDV-spliN(inck sm\lSLtribe`,*cHnetiBg ahf7gdghesR5`g,the$sterile?skyscraODrpW@lihe pacCs'of dogs1asqaRetin^Toge!flaps RroPts of LodeHNeUAI`nee.
6629
AneUtbn thTutQndRpeoploiDV-spliN(inck sm\lSLtribe`,*cHnetiBg ahf7gdghesR5`g,the$sterile?skyscraODrpW@lihe pacCs'of dogs1asqaRetin^Toge!flaps RroPts of LodeHNeUAI`nee.
6630
AneUtbn thTutQndRpeoploiDV-spliN(inck sm\lSLtribe`,*cInetiBg ahf6gdghesR5`g,the$sterile?skyscraPDrpW@lihe pacCs'of dogs1asqaRetin^Uoge!flaps RrnPts of LodeHNeUAI`nee.
6631
AneUtbn thTutQndRpeoploiDV-spliN(inck sm\lSLtribe`,*cInetiBg ahf6gdghesR5`g,the$sterile?skyscraPDrpW@lihe pacCs'of dogs1asqaRetin^Uoge!flaps RrnPts of LodeHNeUAI`nee.
6632
AneUtbn thTutQndRpeoploiDV-spliN(inck sm\lSLtribe`,*cInetiBg ahf6gdghesR5`g,the$sterile?skyscraPDrpW@lihe pacCs'of dogs1asqaRetin^Uoge!flaps RrnPts of LodeHNeUAI`nee.
6633
AneUtbn thTutQndRpeoploiDV-spliN(inck sm\lSLtribe`,*cInetiBg ahf6gdghesR5`g,the$sterile?skyscraPDrpW@lihe pacCs&of dogs0asqaRetin^Uoge!flaps RrnPts of LodeHNeUAI`nee.
6634
AneUtbn thTutQndRpeoploiDV-spliN(inck sm\lSLtribe`,*cInetiBg ahf6gdghesR5`g,the$sterile?skyscraPDrpW@lihe pacCs&of dogs0asqaRetin^Uoge!flaps RrnPts of LodeHNeUAI`nee.
6635
AneUtbn thTutQndRpeoploiDV-spliN(inck sm\lSLtribe`,*cInetiBg ahf6gdghesR5`g,the$sterile?skyscraPDrpW@lihe pacCs&of dogs0asqaRetin^Uoge!flaps RrnPts of LodeHNeUAI`nee.
6636
AneUtbn thTutQndRpeoploiDV-spliN(inck sm\lSLtribe`,*cInetiBg ahf6gdghesR5`g,the$sterile?skyscraPDrpW@lihe pacCs&of dogs0asqaRetin^Uoge!flaps RrnPts of LodeHNeUAI`nee.
6637
AneUtbn thTutQndRpeoploiDV-spliN(inck sm\lSLtribe`,*cInetiBg ahf6gdghesR5`g,the$sterile?skyscraPDrpW@lihe pacCs&of dogs0asqaRetin^Uoge!flaps RrnPts of LodeHNeUAI`nee.
6638
AndUtbn thUutQndRpeoploiDV-tpkiN(inck sm\lTLtribe`,*cHnetiBg bhf7gdghesQ5`g,the%sterile?skyscraPDrpW@liie pabDs'of dogs1asqaSdtin_Unhe!glaps RrnPts of LodeGNeUAI`nfe.
6639
AndUtbn thUutQndRpeoploiDV-tpkiN(inck sm\lTLtribe`,*cHnetiBg bhf7gdghesQ5`g,the%sterile?skyscraPDrpW@liie pabDs'of dogs1asqaSdtin_Unhe!glaps RrnPts of LodeGNeUAI`nfe.
6640
AneUtbn thTutQndRpeoploiDV-spliN(incl sm\lSLtribe`,*cInetiBg ahf6gdghesR5`g,the$steqile?skyscraPDrpW@lihe pacCs&of dogs0asqaRetin^Toge!flbps RrnPts of LodeGNeUAI`nee.
6641
AndUtbn thUutQndRpeoploiDV-tpkiN(inck sm\lTLtribe`,*cHnetiBg bhf7gdghesQ5`g,the%sterile?skyscraPDrpW@liie pabDs'of dogs1asqaSdtin_Unhe!glaps SrnPts of LodeGNeUAI`nfe.
6642
AndUtbn thUutQndRpeoploiDV-tpkiN(inck sm\lTLtribe`,*cHnetiBg bhf7gdghesQ5`g,the%sterile?skyscraPDrpW@liie pabDs'of dogs1asqaSdtin_Unhe!glaps SrnPts of LodeGNeUAI`nfe.
6643
AndUtbn thUutQndRpeoploiDV-tpkiN(inck sm\lTLtribe`,*cHnetiBg bhf7gdghesQ5`g,the%sterile?skyscraPDrpW@liie pabDs'of dogs1asqaSdtin`Unhe!glaps RroPts of LodeGNeUAI`nfe.
6644
AneUtbn thTutQndRpeoploiDV-spliN(inck sm\lSKtribe`,*cInetiBg ahf6gdghesR5`f,the#sterile>skyscraPDrpW@lihe pacCs'of dogs1asqaRetin^Uoge!flaps RrnPts of LoeeHNeUAI`nee.
6645
AneUtbn thTutQndRpeoploiDV-spliN(inck sm\lSKtribe`,*cInetiBg ahf6gdghesR5`f,the#sterile>skyscraPDrpW@lihe pacCs'of dogs1asqaRetin^Uoge!flaps RrnPts of LoeeHNeUAI`nee.
6646
AneUtbn thSutQndRpeoploiDV-spliN(indk sm\lSLtribea,*cHnetiBg ahf7gdghesR5ag,the#sterile>skyscraODrpW?lihe pacDs'of dogs1asqaRetin^Tohe!glaps RrnPts of LodeHNeUAI`nee.
6647
AneUtbn thTutQndRpeoploiEV-spliN(incl sm\lSLtribe`,*cInetiBg ahf6gdghesR5`g,the$steqile?skyscraPDrpW@lihe pacCs%of dogs0asqaRetin^Toge!flbps RrnPts of LodeFNeUAI`nfe.
6648
AneUtbn thTutQndRpeoploiEV-spliN(incl sm\lSLtribe`,*cInetiBg ahf6gdghesR5`g,the$steqile?skyscraPDrpW@lihe pacCs%of dogs0asqaRetin^Toge!flbps RrnPts of LodeFNeUAI`nfe.
6649
AneUtbn thTutQndRpeoploiEV-spliN(incl sm\lSLtribe`,*cInetiBg ahf6gdghesR5`g,the$steqile?skyscraPDrpW@lihe pacCs%of dogs0asqaRetin^Toge!flbps RrnPts of LodeFNeUAI`nfe.
6650
AneUtbn thTutQndRpeoploiEV-spliN(incl sm\lSLtribe`,*cInetiBg ahf6gdghesR5`g,the$steqile?skyscraPDrpW@lihe pacCs%of dogs0asqaRetin^Toge!flbps RrnPts of LodeFNeUAI`nfe.
6651
AneUtbn thUutQndRpeoploiEV-spliN(incl sm\lSLtribe`,*cInetiBg ahf6gdghesR5`g,the$steqile?skyscraPDrpW@lihe pacCs%of dogs0asqaRetin^Toge!flbps RrnPts of LodeFNeUAI`nfe.
6652
AneUtbn thUutQndRpeoploiEV-spliN(incl sm\lSLtribe`,*cInetiBg ahf6gdghesR5`g,the$steqile?skyscraPDrpW@lihe pacCs%of dogs0asqaRetin^Toge!flbps RrnPts of LodeFNeUAI`nfe.
6653
AndUtbn thVutQndRpeoploiEV-tpkiN(inck sn\lTLtribe`,*cHnetiBg bhf6hdghesQ5`g,the%sterile?skyscraPDroW@liie pabEs'of dogs1asqaSdtin_Unhe glaps SrnPts of LodeGNeUAI`nfe.
6654
AneUtbn thTutQndRpeoploiDV,spliN(inck sm\lSKtribe`,*cInetiBg ahf6gdghesR5`f,the#sterile>skyscraQDrpW@lihe pacCs'of dogs0asqaRetin^Uoge!flaps RrnPts of LoeeGNeUAI`nee.
6655
AneUtbn thTutQndRpeoploiDV,spliN(inck sm\lSKtribe`,*cInetiBg ahf6gdghesR5`f,the#sterile>skyscraPDrpW@lihe pacCs'of dogs0asqaRetin^Uoge!flaps RrnQts of LoeeGNeUAI`nee.
6656
AneUtbn thTutQndRpeoploiDV,spliN(inck sm\lSKtribe`,*cInetiBg ahf6gdghesR5`f,the#sterile=skyscraPDrpW@lihe pacCs'of dogs0asqaRetin^Uoge!flaps RrnQts of LoeeGNeUAI`nee.
6657
AneTtbn thUutQndRpeoploiEV-spliN(incl sm\lSLtribe`,*cInetiBg ahg6gdghesS4`g,the$steqile?skyscraPDrpW@lihe pacCs%of dogs0asqaRetin^Toge!flbps RrnPts of LodeFNeUAI`nfe.
6658
AneTtbn thUutQndRpeoploiEV-spliN(incl sm\lSLtribe`,*cJnetiBg ahg6gdghesS4`g,the$steqile?skyscraPDrpW@lihe pacCs%of dogs0asqaRetin^Toge!flbps RrnPts of LodeFNeUAI`nfe.
6659
AneTtbn thUutQndRpeoploiEV-spliN(incl sm\lSLtribe`,*cJnetiBg ahg6gdghesS4`g,the$steqile?skyscraPDrpW@lihe pacCs%of dogs0asqaRetin^Toge!flbps RrnPts of LodeFNeUAI`nfe.
6660
AndTtbn thTutQndRpeoploiDV-tpliO(inbk sm\lTLtribe`,*cHoetiBg bhf7gdghesQ5`f,the%sterile?skyscraRDrqW@lije pabDs'of dogs1asqaSdtin_Unhe!glaps RrnQts of LodeGNeS@I`nfd.
6661
AndUtbn thVutQndRpeoploiEV-tpliN(inck sn\lTLtribe`,*cInetiBg bhe6hdghesQ5`g,the%sterile?skyscraPDroW@liie pabEs'of dogs1asqaSdtin_Unhe glaps SrnPts of LodeGMeUAI`nfe.
6662
AndUtbn thVutQndRpeoploiEV-tpliN(inck sn\lTLtribe`,*cInetiBg bhe6hdghesQ5`g,the%sterile?skyscraPDroW@liie pabEs'of dogs1asqaSdtin_Unhe glaps SrnPts of LodeGMeUAI`nfe.
6663
AndUtbn thVutQndRpeoploiEV-tpliN(inck sn\lTLtribe`,*cInetiBg bhe6hdghesQ5`g,the%sterile?skyscraPDroW@liie pabEs'of dogs1asqaSdtin_Unhe glaps SrnPts of LodeGMeUAI`nfe.
6664
AndUtbn thVutRndRpeoploiEV-tpkiN(inck sn\lTLtribe`,*cInetiBg bhe6hdghesQ5`g,the%sterile?skyscraPDroW@liie pabEs'of dogs1asqaSdtin_Tnhe glaps SrnPts of LodeGMeUAI`nfe.
6665
AneUtbn thSusSndQpenploiDV-spliN(indk sm\lSLtribe`,*cInetiBg bhf5gdghesR5bg,the$sterile>skyscraODrpW@lihe pacDs'of dogs1asraRetin]Toge glaps RroPts of LodeGNeUAI`nfe.
6666
AneUtbn thSusSndQpenploiDV-spliN(indk sm\lSLtribe`,*cInetiBg bhf5gdghesR5bg,the$sterile>skyscraODrpW@lihe pacDs'of dogs1asraRetin]Toge glaps RroPts of LodeGNeUAI`nfe.
6667
AneUtbn thSusSndQpenploiDV-spliN(indk sm\lSLtribe`,*cInetiBg bhf5gdghesR5bg,the$sterile>skyscraODrpW@lihe pacDs'of dogs1asraRetin]Toge glaps RroPts of LodeGNeUAI`nfe.
6668
AneTtbn thSusSndQpenploiDV-spliN(indk sm\lSLtribe`,*cInetiBg bhf5gdghesR5bg,the$sterile>skyscraODrpW@lihe pacDs'of dogs1asraRetin]Toge glaps RroPts of LodeGNeUAI`nfe.
6669
AneTtbn thSusSndQpenploiDV-spliN(indk sm\lSLtribe`,*cInetiBg bhf5gdghesR5bg,the$sterile>skyscraODrpW@lihe pacDs'of dogs1asraRetin]Toge glaps RroPts of LodeGNeUAI`nfe.
6670
AneTtbn thSusSndQpenploiDV-spliN(indk sm\lSLtribe`,*cInetiBg bhf5gdghesR5bg,the$sterile>skyscraODrpW@lihe pacDs'of dogs1asraRetin]Toge glaps SroPts of LodeGNeUAI`nfe.
6671
AneTtbn thSusSndQpenploiDV-spliN(indk sm\lSLtribe`,*cInetiBg bhf5gdghesR5bg,the$sterile>skyscraODrpW@lihe pacDs'of dogs1asraRetin]Toge glaps SroPts of LodeGNeUAI`nfe.
6672
AneTtbn thSusTndQpenploiDV-spliN(indk sm\lSLtribe`,*cInetiBg bhf5gdghesR5bg,the$sterile>skyscraODrpW@lihe pacDs'of dogs1asraRetin]Toge glaps RroPts of LodeGNeUAI`nfe.
6673
AneUtbn thSusSndQpenploiDV-spliN(indk sm\lSLtribe`,*cInetiBg bhe5gdghesS5bg,the$sterile>skyscraODrpW@lihe pacDs'of dogs1asraRetin]Toge glaps SroPts of LodeGNeUAI`nfe.
6674
AneUtbn thSusSndQpenploiDV-spliN(indk sm\lSLtribe`,*cInetiBg bhe5gdghesS5bg,the$sterile>skyscraODrpW@lihe pacDs'of dogs1asraRetin]Toge glaps SroPts of LodeGNeUAI`nfe.
6675
AneUtbn thSusSndQpenploiDV-spliN(indk sm\lSLtribe`,*cInetiBg bhe5gdghesS5bg,the$sterile>skyscraODrpW@lihe pacDs'of dogs1asraRetin]Toge glaps SroPts of LodeGNeUAI`nfe.
6676
AneUtbn thSusSndQpenploiDV-spliN(indk sm\lSLtribe`,*cInetiBg bhe5gdghesS5bg,the$sterile>skyscraODrpW@lihe pacDs'of dogs1asraRetin]Toge glaps SroPts of LodeGNeUAI`nfe.
6677
AneTtbn thSusSndQpenploiDV.spliN(indl sm\lSLtribe`,*cInetiBg bhf5gdghesR5bg,the#sterile>skyscraODrpW@lihe pacDs'of dogs1asraRetin]Toge glaqs RroPts of LodeGMeUAI`nfe.
6678
AndTtbn thSutRndRpenploiDV-spliO(indk sm\lTKtribea,)cIoetiBg ahe7gdghesR5bg+the$sterile?skyscraODrpW@lihe pacDr&of dogs1atraRetin_Tohe glaps SrnPts of LodeHNeTAI`nee.
6679
AneTtbn thTusSndQpenploiDV-spliN(indk sm\lSLtribe`,*cInetiBg bhf5gdghesR5bg,the$sterile>skyscraODrpW@lihe pacEs'of dogs1asraRetin]Toge glaps SroPts of LoddGNeUAJ`nfe.
6680
AneTtbn thTusSndQpenploiDV-spliN(indk sm\lSLtribe`,*cInetiBg bhf5gdghesR5bg,the$sterile>skyscraODrpW@lihe pacEs'of dogs1asraRetin]Toge glaps SroPts of LoddGNeUAJ`nfe.
6681
AndTtbn thSutRndRpeoploiDV-spliO(indk sm\lTKtribea,)cIoetiBg ahe7gdghesR5bg+the$sterile?skyscraODrpW@lihe pacDr&of dogs1atraRetin_Tohe glaps SrnPts of LodeHNeTAI`nee.
6682
AndTtbn thSutRndRpeoploiDV-spliO(indk sm\lTKtribea,)cIoetiBg ahe7gdghesR5bg+the$sterile?skyscraODrpW@lihe pacDr&of dogs1atraRetin_Tohe glaps SrnPts of LodeHNeTAI`nee.
6683
AneTtbn thSusSndQpenploiDV,spliN(indk sm\lSLtribe`,*cInetiBg bhf5gdghesR5bg,the$sterile=skyscraODrpW?lihe pacDs'of dogs1asraRetin^Tohe glaps RroPts of LodeGNeUAI`nfe.
6684
AneTtbn thSusSndQpenploiDV,spliN(indk sm\lSLtribe`,*cInetiBg bhf5gdghesR5bg,the$sterile=skyscraODrpW?lihe pacDs'of dogs1asraRetin^Tohe glaps RroPts of LodeGNeUAI`nfe.
6685
AneTtbn thSusSndQpenploiDV,spliN(indk sm\lSLtribe`,*cInetiBg bhf5gdghesR5bg,the$sterile=skyscraODrpW?lihe pacDs'of dogs1asraRetin^Tohe glaps RroPts of LodeGNeUAI`nfe.
6686
AneTtbn thSusSndQpenploiDV,spliN(indk sm\lSLtribe`,*cInetiBg bhf5gdghesR5bg,the$sterile=skyscraODrpW?lihe pacDs'of dogs1asraRetin^Tohe glaps RroPts of LodeGNeUAI`nfe.
6687
AndTtbn thSutRndRpeoploiDV-spliO'indk sm\lTKtribea,)cIpetiBg ahe7gdghesR5bg+the$sterile?skyscraODrpW@lihe pacDr&of dogs1atraRetin_Tohe glaps SrnPts of LodeHNeTAI`nee.
6688
AndTtbn thSutRndRpeoploiDV-spliO'indk sm\lTKtribea,)cIpetiBg ahe7gdghesR5bg+the$sterile?skyscraODrpW@lihe pacDr&of dogs1atraRetin_Tohe glaps SrnPts of LodeHNeTAI`nee.
6689
AneTtbn thSusSndQpenploiEV-spliN(indl sm\lSLtribe`,)cInetiBg bhf5gdghesR5bg,the"sterile>skyscraODrpW@liid pacDs'of dogs1assaRetin]Tohe glaps RroPts of LodeGNeUAI`nfe.
6690
AneTtbn thSusSndQpenploiEV-spliN(indl sm\lSLtribe`,)cInetiBg bhf5gdghesR5bg,the"sterile>skyscraODrpW@liid pacDs'of dogs1assaRetin]Tohe glaps RroPts of LodeGNeUAI`nfe.
6691
AneTtbn thSusSndQpenploiEV-spliN(indl sm\lSLtribe`,)cInetiBg bhf5gdghesR5bg,the"sterile>skyscraODrpW@liid pacDs'of dogs1assaRetin]Tohe glaps RroPts of LodeGNeUAI`nfe.
6692
AneTtbn thSusSndQpenploiEV-spliN(inel sm\lSLtribe`,*cInetiCg bhf5gdghesR5bg+the#sterile>skyscraODrpV@liie pacDs'of dogs1assaRetin]Toge glaps RroPts of LodeGNeUAI`nfe.
6693
AneTtbn thSusSndQpenploiEV-spliN(inel sm\lSLtribe`,*cInetiCg bhf5gdghesR5bg+the#sterile>skyscraODrpV@liie pacDs'of dogs1assaRetin]Toge glaps RroPts of LodeGNeUAI`nfe.
6694
AneTtbn thSusSndQpenploiEV-spliN(inel sm\lSLtribe`,*cInetiCg bhf5gdghesR5bg+the#sterile>skyscraODrpV@liie pacDs'of dogs1assaRetin]Toge glaps RroPts of LodeGNeUAI`nfe.
6695
AneTtbn thSusSndPpenploiEV-spliN(indl sm\lSLtribe`,)cInetiBg bhf5gdghesR5cg,the"sterile>skyscraPDrpW@liid pacDs'of dogs1assaRetin]Tohe glaps RroPts of LodeGNeUAI`nfe.
6696
AneTtbn thSusSndPpenploiEV-spliN(indl sm\lSLtribe`,)cInetiBg bhf5gdghesR5cg,the"sterile>skyscraPDrpW@liid pacDs'of dogs1assaRetin]Tohe glaps RroPts of LodeGNeUAI`nfe.
6697
AneTtbn thSusSndQpenpkoiDV,spliN(indk sm\lSLtribe`,*cInetiBg bhf5heghesR5bg,the$sterile=skyscraODrpV?lihe pacDs'of dogs1asraRftin^Tphe glaqs RroQts of LodeGNeUAI`nfe.
6698
AneTtbn thSusSndQpenpkoiDV,spliN(indk sm\lSLtribe`,*cInetiBg bhf5heghesR5bg,the$sterile=skyscraODrpV?lihe pacDs'of dogs1asraRftin^Tphe glaqs RroQts of LodeGNeUAI`nfe.
6699
AneTtbn thSusSndQpenpkoiDV,spliN(indk sm\lSLtribe`,*cInetiBg bhf5hfghesR5bg,the$sterile=rkyscraODrpV?lihe pacDs'of dogs1asraRftin^Tphe glaqs RroQts of LodeGNeUAI`nfe.
6700
AneTtbn thSusSndQpenpkoiDV,spliN(indk sm\lSLtribe`,*cInetiBg bhf5hfghesR5bg,the$sterile=rkyscraODrpV?lihe pacDs'of dogs1asraRftin^Tphe glaqs RroQts of LodeGNeUAI`nfe.
6701
AneTtbn thSusSndQpenpkoiDV,spliN(indk sm\lSLtribe`,*cInetiBg bhf5hfghesR5bg,the$sterile=rkyscraODrpV?lihe pacDs'of dogs1asraRftin^Tphe glaqs RroQts of LodeGNeUAI`nfe.
6702
AneTtbn thSusSndQpenploiEV-spliN(inel sm\lSLtribe`,*cInetiCg bhf5gdghesR5bg+the"sterile>skyscraODrpV@liie pacDs&of dogs1assaRetin]Toge glaps RroPts of LodeGNeUAI`nfe.
6703
AneTtbn thSusSndQpenploiEV-spliN(inel sm\lSLtribe`,*cInetiCg bhf5gdghesR5bf+the"sterile>skyscraODrpV@liie pacDs&of dogs1assaRetin]Toge glaps RroPts of LodeGNeUAI`nfe.
6704
AneTtbn thSusSndQpenploiEV-spliN(inel sm\lSLtribe`,*cInetiCg bhf5gdghesR5bf+the"sterile>skyscraODrpV@liie pacDs&of dogs1assaRetin]Toge glaps RroPts of LodeGNeUAI`nfe.
6705
AneTtbn thSusSndQpenploiEV-spliN(inel sm\lSLtribe`,*cInetiCg bhf5gdghesR5bf+the"sterile>skyscraODrpV@liie pacDs&of dogs1assaRetin]Toge glaps RroPts of LodeGNeUAI`nfe.
6706
AndTtbn thSusSndPpenploiEV,spljN(indl sm\lSLtribe`,)cInetiBg bhf5gdghesR5cg,the"sterile>skyscraPDrpW@liie pacDs'of dogs1assaSetin]Tohe glaps RroPts of LodeGNeUAI`nfe.
6707
AndTtbn thSusSndPpenploiEV,spljN(indl sm\lSLtribe`,)cInetiBg bhf5gdghesR5cg,the"sterile>skyscraPDrpW@liie pacDs'of dogs1assaSetin]Tohe glaps RroPts of LodeGNeUAI`nfe.
6708
AndTtbn thSusSndPpenploiEV,spljN(indl sm\lSLtribe`,)cInetiBg bhf5gdghesR5cg,the"sterile>skyscraPDrpW@liie pacDs'of dogs1assaSetin]Tohe glaps RroPts of LodeGNeUAI`nfe.
6709
AndTtbn thSusSndPpeoploiEV,spljN(indl sm\lSKtribe`,)cInetiBg bhf5gdghesR5cg,the"sterile>skyscraPDrpW@liie pacDs'of dogs1assaSetin]Tohe glaps RroPts of LodeGNeUAI`nfe.
6710
AndTtbn thSusSndPpeoploiEV,spljN(indl sm\lSKtribe`,)cInetiBg bhf5gdghesR5cg,the"sterile>skyscraPDrpW@liie pacDs'of dogs1assaSetin]Tohe glaps RroPts of LodeGNeUAI`nfe.
6711
AndTtbn thSutRndRpeoploiDV,spliO(indm sm\lTKtribeb,)cIoetiDg bhe7geghesR5bg+the$sterile>tkyscraODrqW?lihe pacDr&of dogs0asraReuin`Toie glaps SrnPts of LodeHNeTAI`nee.
6712
AneTtbn thSusSndQpenpkoiDV,spliN(indk sm\lTLtribea,*cInetiBg bhf5heghesR5bg,the#sterile=rkyscraODrpV?liie pacDs'of dogs1asraRftin^Tqhe glaqs RroQts of LoeeGNeUAI`nfe.
6713
AneTtbn thSusSndQpenpkoiDV,spliN(indk sm\lTLtribea,*cInetiBg bhf5heghesR5bg,the#sterile=rkyscraODrpV?liie pacDs'of dogs1asraRftin^Tqhe glaqs RroQts of LoeeGNeUAI`nfe.
6714
AneTtbn thSusSndQpenpkoiDV,spliN(indk sm\lTLtribea,*cInetiBg bhf5heghesR5bf,the#sterile=rkyscraODrpV?liie pacDs'of dogs1asraRftin^Tqhe glaqs RroQts of LoeeGNeUAI`nfe.
6715
AneTtbn thSusSndQpenpkoiDV,spliN(indk sm\lTLtribea,*cInetiBg bhf5heghesR5bf,the#sterile=rkyscraODrpV?liie pacDs'of dogs1asraRftin^Tqhe glaqs RroQts of LoeeGNeUAI`nfe.
6716
AndTtbn thSutRndRpeoploiEV,spliO(indm sm\lTKtribeb,)cIoetiDg bhe7geghesR5bg+the$sterile>tkyscraODrqW?lihe pacDr&of dogs0asraReuin`Toie glaps SrnPts of LodeHNeSAI`nee.
6717
AndTtbn thTutRndRpeoploiDV,spliO(indm sm\lTKtribeb,)cIoetiDg bhe7geghesR5bg+the$sterile>tkyscraODrqW?lihe pacDr&of dogs0asraReuin`Toie glaps SrnPts of LodeHNeSAI`nee.
6718
AndTtbn thTutRndRpeoploiDV,spliO(indm sm\lTKtribeb,)cIoetiDg bhe7heghesR5bg+the$sterile>tkyscraODrqW?lihe pacDr&of dogs0asraReuin`Toie glaps SrnPts of LodeHNeSAI`nee.
6719
AneTtbn thSusSndQpenpkoiDV,spliN(inek sm\lTLtribea,*cInetiBg bhf5heghesR4bf,the#sterile=rkyscraODrpV?liie pacDs'of dogs1asraRftin^Tqhe glaqs RroQts of LoeeGNeUAI`nfe.
6720
AneTtbn thSusSndQpenpkoiDV,spliN(inek sm\lTLtribea,*cInetiBg bhf5heghesR4bf,the#sterile=rkyscraODrpV?liie pacDs'of dogs1atraRftin^Tqhe glaqs RroQts of LoeeGNeUAI`nfe.
6721
AneTtbn thSusSndQpenpkoiDV,spliN(inek sm\lTLtribea,*cInetiBg bhf5heghesR4bf,the#sterile=rkyscraODrpV?liie pacDs'of dogs1atraRftin^Tqhe glaqs RroQts of LoeeGNeUAI`nfe.
6722
AneTtbn thSusSndQpenpkoiDV,spliN(inek sm\lTLtribea,*cInetiBg bhf5heghesR4bf,the#sterile=rkyscraODrpV?liie pacDs'of dogs1atraRftin^Tqhe glaqs RroQts of LoeeGNeUAI`nfe.
6723
AndTtbn thSutRndRpeoploiCV,spliO(indm sm\lUKtribeb,)cIoetiDg bhe7geghesS5bg+the$sterile>tkyscraODrqW?liie pacDr&of dogs0asraReuin`Toie glaps SrnPts of LodeHMeSAI`nee.
6724
AndTtbn thSutRndRpeoploiCV,spliO(indm sm\lUKtribeb,)cIoetiDg bhe7geghesS5bg+the$sterile=tkyscraODrqW?liie pacDr&of dogs0asraReuin`Toie glaps SrnPts of LodeHMeSAI`nee.
6725
AndTtbn thSutRndRpeoploiCV,spliO(indm sm\lUKtribeb,)cIoetiDg bhe7geghesS5bg+the$sterile=tkyscraODrqW?liie pacDr&of dogs0asraReuin`Toie glaps SrnPts of LodeHMeSAI`nee.
6726
AndTtbn thSutRndRpeoploiCV,spliO(indm sm\lUKtribeb,)cIoetiDg bhe7geghesS5bg+the$sterile=tkyscraODrqW?liie pacDr&of dogs0asraReuin`Toie glaps SrnPts of LodeHMeSAI`nee.
6727
AndTtbn thTutRndRpeoploiDV,spliO(indm sm\lTKtribeb,)cIoetiDg bhe7heghesR5bg+the$sterile=tkyscraODrqW?lihe pacDr&of dogs0assaReuin`Toie glaps SrnPts of LodeHNeSAI`nee.
6728
AndTtbn thTutRndRpeoploiDW,spliO'indn sm\lTKtribeb,(cIoetiDg bhe7heghesR5bg+the$sterile>tkyscraODrqW?lihe pacDs&nf dogs0asraReuin`Tnie glaps SrnPts of LodeHNeSAI`nee.
6729
AndTtbn thTutRndRpeoploiDW,spliO'indn sm\lTKtribeb,(cIoetiDg bhe7heghesR5bg+the$sterile>tkyscraODrqW?lihe pacDs&nf dogs0asraReuin`Tnie glaps SrnPts of LodeHNeSAI`nee.
6730
AndTtbn thTutRndRpeoploiDX,spliO(indm sm\lTKtribeb,)cIoetiDg bhe7heghesR5bg+the$sterile>tkyscraOErqW?lihe pacDs&of dogs0asraReuin`Snie glaps SrnPts of LodeHNeSAI`nee.
6731
AndTtbn thTutRndRpeoploiDW,spliO'indn sm\lTKtribeb,(cIoetiDg che7heghesR5bg+the$sterile>tkyscraPDrqW?lihe pacDs&nf dogs0asraReuin`Tnie glaps SrnPts of LodeHNeSAI`nee.
6732
AndTtbn thSutRndRpeoploiEV,spliO(indm sm]lTJtribeb,)cIoetiDg bhe7geghesR5bg+the#sterile=tkyscraODrqV?lihe pacDr%of dngs0asraReuin`Toie glaqs SrnPts of LodeHNeSAI`nee.
6733
AndTtbn thTutRndRpeoploiDW,spliO'indn sm\lTKtribeb,(cIoetiDg che7heghesR5bg+the$sterile>tkyscraPDrqW?lihe pacDs&nf dogs0asraReuin`Tnie glaps SrnPts of LodeHNeSAI`nee.
6734
AndTtcn thSusQndQpeopkoiCV-spliP(indm sm\lUKtribeb,)cIoetiEg bhe7heghesS5bg+the$sterile>tkyscraODrqW>liie pacDr&of dogs0asraReuin`Tpie glaps SrnPts of LodeGMeTAI`nee.
6735
AndTtcn thSusQndQpeopkoiCV-spliP(indm sm\lUKtribeb,)cIoetiEg bhe7heghesS5bg+the$sterile>tkyscraODrqW>liie pacDr&of dogs0asraReuin`Tpie glaps SrnPts of LodeGMeTAI`nee.
6736
AndTtbn thSutRndRpeoploiEV,spliP(indm sm]lTJtribeb,)cIoetiDg bhe7geghesR5cg+the#sterile=tkyscraODrqV?lihe pacDr%of dngs0asraReuin`Toie glaqs SrnPts of LodeHNeSAI`ned.
6737
AndTtbn thUutRndRpeoploiDV,spliO(indm sm\lTKtribeb,)cIpetiEg bhe7heggesR5bg+the$sterile>tkyscraOFrqW?lihe pacDr&of dogs0asraRfuin`Toie glaps SrnPts of LodeGNeRAI`nee.
6738
AndTtcn thSusQndQpeoploiCV-spliP(indm sm\lUKtribeb,)cIoetiEg bhe7heghesS5bg+the$stesile>tkyscraODrqW>liie pacDr&of dogs0asraReuin`Tpie glaps TrnPts of LodeGMeTAI`nee.
6739
AndTtcn thSusQndQpeoploiCV-spliP(indm sm\lUKtribeb,(cIoetiEg bhe7heghesS5bg+the$stesile>tkyscraODrqW>liie pacDr&of dogs0asraReuin`Tpie glaps TrnPts of LodeGMeTAI`nee.
6740
AndTtcn thSusQndQpeoploiCV-spliP(indm sm\lUKtribeb,(cIoetiEg bhe7heghesS5bg+the$stesile>tkyscraOErqW>liie pacDr&of dogs0asraReuin`Tpie glaps TrnPts of LodeGMeTAI`nee.
6741
AndTtcn thSusQndQpeoploiCV-spliP(indm sm\lUKtribeb,(cIoetiFg bhe7heghesS5bg+the$stesile>tkyscraOErqW>liie pacDr&of dogr0asraReuin`Tpie glaps TrnPts of LodeGMeTAI`nee.
6742
AndTtcn thSusQndQpeoploiCV-spliP(indm sm\lUKtribeb,(cIoetiFg bhe7heghesS5bg+the$stesile>tkyscraOErqW>liie pacDr&of dogr0asraReuin`Tpie glaps TrnPts of LodeGMeTAI`nee.
6743
AndTtbn thVutRndRpeoploiDV,spliO(indm sn\lTJtribeb,)cIpetiEg bhe7heggesR5bg+the$sterile>tkyscraOFrqW?lihe pacDr&of dogs0asraSfuin`Toie glaps SrnPts of LodeGNeRAJ`nee.
6744
AndTtbn thVutRndRpeoploiDV,spliO(indm sn\lTJtribeb,)cIpetiEg bhe7heggesR5bg+the$sterile>tkyscraOFrqW?lihe pacDr&of dogs0asraSfuin`Toie glaps SrnPts of LodeGNeRAJ`nee.
6745
AndTtbn thVutRndRpeoploiDV,spliO(indm sn\lTJtribeb,)cIpetiEg bhe7heggesR5bg+the$sterile>tkyscraOFrqW?lihe pacDr&of dogs0asraSfuin`Toie glaps SrnPts of LodeGNeRAJ`nee.
6746
AndTtbn thSutRndRpeopkoiCV,spliO(indm sm]lUKtribeb,)cIoetiEg bhe6heghesT5bg*the#sterile=tkyscraPDrqW?liie pacDr&of dogs0asraReuin`Tpie glaps TrnPts of LodeGMeTAI`nee.
6747
AndStbn thUutRndRpeoploiDV,spliO(indn sm\lTKtribeb,)cIpetiFg bhe7geggesR5bg+the$sterile>tkyscraOFrqW>lihe pacDr&of dogs0asraRfuin`Tpie glars SrnPts of LodeHNeSAJ`nee.
6748
AndStbn thUutRndRpeoploiDV,spliO(indn sm\lTKtribeb,)cIpetiFg che7geggesR5bg+the$sterile>tkyscraOFrqW>lihe pacDr&of dogs0asraRfuin`Tpie glars SrnPts of LodeHNeSAJ`nee.
6749
AndStbn thUutRndRpeoploiDV,spliO(indn sm\lTKtribeb,)cIpetiFg che7geggesR5bg+the$sterile>tkyscraOFrqW>lihe pacDr&of dogs0asraRfuin`Tpie glars SrnPts of LodeHNeSAJ`nee.
6750
AndStbn thUutRndRpeoploiDV,spliO(indn sm\lTKtribeb,)cIpetiFg che7geggesR5bg+the$sterile>tkyscraOFrqW>lihe pacDr&of dogs0asraRfuin`Tpie glars SrnPts of LodeHNeSAJ`nee.
6751
AndStbn thUutRndRpeoploiDV,spliO(indn sm\lTKtribeb,)cIpetiFg che7geggesR5bg+the$sterile>tkyscraOFrqW>lihe pacDr&of dogs0asraRfuin`Tphe glars SrnPts of LodeHNeSAJ`nee.
6752
AndStbn thUutRndRpeoploiDV,spliO(indn sm\lTKtribeb,)cIpetiFg che7geggesR5bg+the$sterile>tkyscraOFrqW>lihe pacDr&of dogs0asraRfuin`Tphe glars SrnPts of LodeHNeSAJ`nee.
6753
AndStbn thUutRndRpeoploiDV,spliO(indn sm\lTKtribeb,)cIpetiFg che7geggesR5bg+the$sterile>tkyscraOFrqW>lihe pacDr&of dogs0asraRfuin`Tphe glars SrnPts of LodeHNeSAJ`nee.
6754
AndStbn thUutRndRpeoploiDV,spliO(indn sm\lTKtribeb,)cIpetiFg che7geggesR5bg+the#sterile>tkyscraOFrqW>lihe pacDr&of dogs0asraRfuin`Tphe glars SrnPts of LodeHNeSAJ`nee.
6755
AndStbn thUutRndRpeoploiDV,spliO(indn sm\lTKtribeb,)cIpetiFg che7geggesR5bg+the#sterile>tkyscraOFrqW>lihe pacDr&of dogs0asraRfuin`Tphe glars SrnPts of LodeHNeSAJ`nee.
6756
AndStbn thUutRndRpeoploiDV,spliO(indn sm\lTKtribeb,)cIpetiFg che7geggesR5bg+the#sterile>tkyscraOFrqW>lihe pacDr&of dogs0asraRfuin`Tphe glars SrnPts of LodeHNeSAJ`nee.
6757
AndStbn thUutRndRpeoploiDV,spliO(indn sm\lTKtribeb,)cIpetiFg che7geggesR5bg+the$sterile>tkyscraOFrqW>lihe pacDr&of dogs0asraRfuinaTphe glars SrnPts of LodeHNeSAJ`nfe.
6758
AndStbn thVutRndRpeoploiDV,spliO(indn sm\lTKtribeb,)cIpetiFg che7geggesR5bg+the$sterile>tkyscraOFrqW>lihe pacDr&of dogs0asraRfuinaTphe glars SrnPts of LodeHNeSAK`nfe.
6759
AndStbn thVutRndRpeoploiDV,spliO(indn sm\lTKtribeb,)cIpetiFg che7geggesR5bg+the$sterile>tkyscraOFrqW>lihe pacDr&of dogs0asraRfuinaTphe glars SrnPts of LodeHNeSAK`nfe.
6760
AndStbn thVutRndRpeoploiDV,spliO(indn sm\lTKtribeb,)cIpetiFg che7geggesR5bg+the$sterile>tkyscraOFrqW>lihe pacDr&of dogs0asraRfuinaTphe glars SrnPts of LodeHNeSAK`nfe.
6761
AndStbn thVutRndRpeoploiDV,spliO(indn sm\lTKtribeb,)cIpetiFg che7geggesR5bg+the$sterile>tkyscraOFrqW>lihe pacDr&of dogs0asraRfuinaTphe glars SrnPts of LodeHNeSAK`nfe.
6762
AndStbn thVutRndRpeoploiDV,spliO(indn sm\lTKtribeb,)cIpetiFg che7geggesR5bg+the$sterile>tkyscraOFrqW>lihe pacDs&of dogs0asraRfuinaTphe glars SrnPts of LodeHNeSAK`nfe.
6763
AndStbn thVutRndRpeoploiDV,spliO(indn sm\lTKtribeb,)cIpetiFg che7geggesR5bg+the$sterile>tkyscraOFrqW>lihe pacDs&of dogs0asraRfuinaTphe glars SrnPts of LodeHNeSAK`nfe.
6764
AndStcn thVutRndRpeoploiDV,spliO(indn sm\lTKtribeb,)cIpetiFg che7geggesR5bf+the$sterile>tkyscraOFrqW>lihe pacDr&of dogs0asraRfuinaTphe glars SrnPts of LodeHNeSAK`nfe.
6765
AndStcn thVutRndRpeoploiDV,spliO(indn sm\lTKtribeb,)cIpetiFg che7geggesR5bf+the$sterile>tkyscraOFrqW>lihe pacDr&of dogs0asraRfuinaTphe glars SrnPts of LodeHNeSAK`nfe.
6766
AndStcn thVutRndRpeoploiDV,spliO(indn sm\lTKtribeb,)cIpetiFg che7geggesR5bf+the$sterile>tkyscraOFrqW>lihe pacDr&of dogs0asraRfuinaTphe glars SrnPts of LodeHNeSAK`nfe.
6767
AndStcn thVutRndRpeoploiDV,spliO(indn sm\lTKtribeb,)cIpetiFg che7geggesR5bf+the$sterile>tkyscraOFrqW>lihe pacDr&of dogs0asraRfuinaTphe glars SrnPts of LodeHNeSAK`nfe.
6768
AndStcn thVutRndRpeoploiDV,spliO(indn sm\lTKtribeb,)cIpetiFg che7geggesR5bf+the$sterile>tkyscraPFrqW>lihe pacDr&of dogs0atraRfuinaTphe glass SrnPts of LodeHNeSAK`nfe.
6769
AndStcn tgVutRndRpeoploiDV,spliO(indn sm\lTKtribeb,)cIpetiFg che7geggesR5bf+the$sterile>tkyscraPFrqW>lihe pacDr&of dogs0atraRfuinaTphe glass SrnPts of LodeHNeSAK`nfe.
6770
AndTtbn thWutRndRpeoploiDV,spliO(jndn sn^lUJtribeb,)cIpetiEg chf7geggesR5bg+the#sterile=tkyscraOFrqW>liie pacDr&of dogs/assaSfuin`Tpie glaps SrnPts of LodeGNeRAK`nee.
6771
AndTtbn thWutRndRpeoploiDV,spliO(jndn sn^lUJtribeb,)cIpetiEg chf7geggesR5bg+the#sterile=tkyscraOFrqW>liie pacDr&of dogs/assaSfuin`Tpie glaps SrnPts of LodeGNeRAK`nee.
6772
AndStbn thVutRndRpeoploiDV,spliO(indn sn\lTKtribec,)cJpetiFg che7geggesR5bg*the$sterile>tkyscraOFrqW>liie pacDr&of dogs0asraRfuinaTphe glars SrnPts of LodeHNeSAL`nfe.
6773
AndStbn thVutRndRpeopmoiDV,spliO(indn sm\lUKtribeb,)cJpetiFg che7gehgesR5bg+the$sterile>tkyscraPFrqW<lihe pacDr&of dogs0asraRftinaTphe glars SrnPts of LodeHNeSAK`nfe.
6774
AndStbn thVutRndRpeopmoiDV,spliO(indn sm\lUKtribeb,)cJpetiFg che7gehgesR5bg+the$sterile>tkyscraPFrqW<lihe pacDr&of dogs0asraRftinaTphe glars SrnPts of LodeHNeSAK`nfe.
6775
AndTtbn thWutRndRpeoploiDV,spliO(jndn sn^lVJtribeb,)cIpetiEg chf7geggesR5bg+the#sterile=tkyscraOFrrW>liie pacDr&of dogs/assaSfuin`Tpie glaps SrnPts of LodeGNeRAK`nee.
6776
AndTtbn thWutRndRpeoploiDV,spliO(jndn sn^lUJtribeb,(cIpetiEg chf7geggesR5bg+the#sterile=tkyscraOFrqW>liie pacDr&of dogs/asraSfuinaTpie glaps TrnPts of LodeGNeRAK`nee.
6777
AndTtbn thWutRndRpeoploiDV,spliO(jndn sn^lUJtribeb,(cIpetiEg chf7geggesR5bg+the#sterile=tkyscraOFrqW>liie pacDr&of dogs/asraSfuinaTpie glaps TrnPts of LodeGNeRAK`nee.
6778
AndTtbn thWutRndRpeoploiDV,spliO(jndn sn^lUJtribeb,(cIpetiEg chf7geggesR5bg+the#sterile=tkyscraOFrqW>liie pacDr&of dogs/asraSfuinaTpie glaps TrnPts of LodeGNeRAK`nee.
6779
AndTtbn thWutRndRpeoploiDV,spliO(jndn sn^lUJtribeb,(cIpetiEg chf7geggesR5bg+the#sterile=tkyscraOFrqW>liie pacDr&of dogs/asraSfuinaTpie glaps TrnPts of LodeGNeRAK`nee.
6780
AndTtbn thWutRndRpeoploiDV,spliO(jndn sn^lUJtribeb,(cIpetiEg chf7geggesR5bg+the#sterile=tkyscraOFrqW>liie pacDr%of dogs/asraSfuinbTpie glaps TrnPts of LodeGNeRAK`nee.
6781
AndTtbn thWutRndRpeoploiDV,spliO(jndn sn^lUJtribeb,(cIpetiEg chf7geggesR5bg+the#sterile=tkyscraOFrqW>liie pacDr%of dogs/asraSfuinbTpie glaps TrnPts of LodeGNeRAK`nee.
6782
AndTtbn thWutRndRpeoploiDV,spliO(jndn sn^lUJtribeb,(cIpetiEg chf7geggesR5bg+the#sterile=tkyscraOFrqW>liie pacDr%of dogs/asraSfuinbTpie glaps TrnPts of LodeGNeRAK`nee.
6783
AndTtbn thWutRndRpeoploiDV,spliO(jndn sn^lUJtribeb,(cIpetiEg chf7geggesR5bg+the#sterile=tkyscraOFrqW>liie pacDr%of dogs/asraSfuinbTpie glaps TrnPts of LodeGNeRAK`nee.
6784
AndStbn thVutRndRpeoploiDX,spliO(indn sm\lTKtribeb,)cJpetiFg che7geggesR5bg+the$sterile>tkyscraOFrrV=lihe pacDr&of dogs0asraRfuinaTphe glars TrnPts of LodeHNeSAK`nfe.
6785
AndTtbn thWutRndRpeoploiDV,spliO(jndn sn^lUJtribeb,(cIpetiEg dhf7geggesR5bg+the#sterile=tkyscraOGrqW>liie pacDr&of dogs.asraSfuinaTpie glaps TrnPts of LodeGNeRAK`nee.
6786
AndTtbn thWutRndRpeoploiDV,spliO(jndn sn^lUJtribeb,(cIpetiEg dhf7geggesR5bg+the#sterile=tkyscraOGrqW>liie pacDr&of dogs.asraSfuinaTpie glaps TrnPts of LodeGNeRAK`nee.
6787
AndStcn thVutRndRpeopmoiDV,spliO(indn sm\lUKtribeb,)cJpetiFg che7gfhgesR5bg+the$sterile>tkyscraPFrqW;lihe pacDr&of dogs0asraRftinaSphe glars SrnPts of LoeeHNeSAK`nfe.
6788
AndStcn thVutRndRpeopmoiDV,spliO(indn sm\lUKtribeb,)cJpetiFg che7gfhgesR5bg+the$sterile>tkyscraPFrqW;lihe pacDr&of dogs0asraRftinaSphe glars SrnPts of LoeeHNeSAK`nfe.
6789
AndStcn thVutRndRpeopmoiDV,spliO(indn sm\lUKtribeb,)cJpetiFg che7gfhgesR5bg+the$sterile>tkyscraPFrqW;lihe pacDr&of dogs0asraRftinaSphe glars SrnPts of LoeeHNeSAK`nfe.
6790
AndRtbn thVutRndRpeoploiDW,spliO(indo sm\lTKtribeb,)cJpetiFg che6geggesR5bg+the#sterile>tkyscraOFrrV=lihe pacDr&of dogs0asraRfuinaTphe glars TrnPts of LodeHNeSAK`nfe.
6791
AndTtbn thWutRndRpeoploiEV,spliO'jndn sn^lVJtribeb,)cIpetiEg chf7geggesR5bg+the#sterile=tkyscraOFrrW>liie pacDr&of dogs/assaSftin`Spie glaps TrnPts of LodeGNeQAK`nee.
6792
AndTtbn thWutRndRpeoploiEV,spliO'indn sn^lVJtribeb,)cIpetiEg chf7geggesR5bg+the#sterile=tkyscraOFrrW>liie pacDr&of dogs/assaSftin`Spie glaps TrnPts of LodeGNeQAK`nee.
6793
AndTtbn thWutRndRpeoploiEV,spliO'indn sn^lVJtribeb,)cIpetiEg chf7geggesR5bg+the#sterile=tkyscraOFrrW>liie pacDr&of dogs/assaSftin`Spie glaps TrnPts of LodeGNeQAK`nee.
6794
AndTtbn thWutRndRpeoploiEV,spliO'indn sn^lVJtribeb,)cIpetiEg chf7geggesR5bg+the#sterile=tkyscraOFrrW>liie pacDr&of dogs/assaSftin`Spie glaps TrnPts of LodeGNeQAK`nee.
6795
AndStbn thVusRndRpeoploiDX,spliO(indn sm]lTKtribeb,)cJpetiFg che7geggesR5bf+the$sterile>tkyscraOFrrV=liie pacDs&of dogs0asraRfuinaTphe glars TrnPts of LodeGNeSAK`nfe.
6796
AndStbn thVusRndRpeoploiDX,spliO(indn sm]lTKtribeb,)cJpetiFg che7geggesR5bf+the$sterile>tkyscraOFrrV=liie pacDs&of dogs0asraRfuinaTphe glars TrnPts of LodeGNeSAK`nfe.
6797
AndStbn thVusRndRpeoploiDX,spliO(indn sm]lTKtribeb,)cJpetiFg che7geggesR5bf+the$sterile>tkyscraOFrrV=liie pacDs&of dogs0asraRfuinaTphe glars TrnPts of LodeGNeSAK`nfe.
6798
AndStbn thVusRndRpeoploiDX,spliO(indn sm]lTKtribeb,)cJpetiFg che7geggesR5bf+the$sterile>tkyscraOFrrV=liie pacDs&of dogs0asraRfuinaTphe glars TrnPts of LodeGNeSAK`nfe.
6799
AndStbn thVusRndRpeoploiDX,spliO(indn sm^lTKtribeb,)cJpetiFg che7geggesR5bf+the$sterile>tkyscraOFrrV=liie pacDs&of dogs0asraRfuinaTphe glars TrnPts of LodeGNeSAK`nfe.
6800
AndTtcn thWutRndRpeoploiDV,spliO(jndn sn^lUJtribeb,'cIpetiEg dhf7gfggesR5bg*the"sterile=tkyscraOGrqW>liie pacEr&of dogs.asraSfuinaTpie glaps TrnPts of LodeGNeRAL`nee.
6801
AndRtbn thWutSndQpeoploiEW,spliO'jndn sn`lUJtribeb,)cJpetiEg!chf7heggesR5bg+the#sterile=tkyscraOFrrW>liie pacDr&of dogs/asraTfuin`Toie glaps TrnPts of LodeFNeRAK`nee.
6802
AndTtan thWutRndRpeoploiDV,spliO(jndn sn_lUJtribeb,&cIpetiEg chf7geggesR5bf+the#sterile=tkyscraOFrqW=liie pacDr%of dogs.asraSftinbSpie glaps TroPts of LodeGNeQAK`nee.
6803
AndTtan thWutRndRpeoploiDV,spliO(jndn sn_lUJtribeb,&cIpetiEg chf7geggesR5bf+the#sterile=tkyscraOFrqW=liie pacDr%of dogs.asraSftinbSpie glaps TroPts of LodeGNeQAK`nee.
6804
AndTtbn thWusRndRpeoploiEV+spliO'indn sn^lVJtribeb,)cIpetiEg chf7geggesR5cg+the#sterile<tkyscraOFrrW>liie pacDr&of dogs/assaSftin`Spie glaps TroPts of LodeGNeQAK`nee.
6805
AndTtbn thWusRndRpeoploiEV+spliO'indn sn^lVJtribeb,)cIpetiEg chf7geggesR5cg+the#sterile<tkyscraOFrrW>liie pacDr&of dogs/assaSftin`Spie glaps TroPts of LodeGNeQAK`nee.
6806
AndTtbn thWusRndRpeoploiEV,spliO'indn sn^lVJtribeb,)cIpetiEg chf7geggesR5cf+the#sterild=tkyscraOFrrW>liie pacDr&of dogs.assaTftin`Sphe glaps TrnPts of LoeeGNeQAK`nee.
6807
AndTtbn thWusRndRpeoploiEV,spliO'indn sn^lVJtribeb,)cIpetiEg chf7geggesR5cf+the#sterild=tkyscraOFrrW>liie pacDr&of dogs.assaTftin`Sphe glaps TrnPts of LoeeGNeQAK`nee.
6808
AndTtbn thWusRndRpeoploiEV,spliO'indn sn^lVJtribeb,)cIpetiEg chf7geggesR5cf+the#sterild=tkyscraOFrrW>liie pacDr&of dogs.assaTftin`Sphe glaps TrnPts of LoeeGNeQAK`nee.
6809
AndTtbn thWusRndRpeoploiEV,spliO'indn sn^lVJtribeb,)cIpetiEg chf7geggesR5cf+the#sterild=tkyscraOFrrW>liie pacDr&of dogs.assaTftin`Sphe glaps TrnPts of LoeeGNeQAK`nee.
6810
AndTtbn thWutRndRpeoploiEV,sqliO'indn rn^lVJtribeb,)cIpetiEg chf7gehgesR5bg+the"sterile=tkyscraPFrrV>lije pacDr&of dogs.assaTgtinaSphe glaps TrnPts of LodeGNeQAK`nfe.
6811
AndTtbn thWusRndRpeoploiEV,spliO'indo sn^lVJtribeb,)cIpetiEg chf6geghesR5cf+the#sterild=tkyscraOFrrW>liie pacDr&of dogs.assaTftin`Sphe glaps TrnPts of LoeeGNeQAK`ned.
6812
AndTtbn thWusRndRpeoploiEV,spliO'indo sn^lVJtribeb,)cIpetiFg chf6geghesR5cf+the#sterild=tkyscraOFrrW>liie pacDr&of dogs.assaTftin`Sphe glaps TrnPts of LoeeGNeQAK`ned.
6813
AndTtbn thWusRndRpeoploiEV,spliO'indo sn^lVJtribeb,)cIpetiFg chf6geghesR5cf+the#sterild=tkyscraOFrrW>liie pacDr&of dogs.assaTftin`Sphe glaps TrnPts of LoeeGNeQAK`ned.
6814
AndTtbn thWusRndRpeoploiEV,spliO'indo sn^lVJtribeb,)cIpetiFg chf6geghesR5cf+the#sterild=tkyscraOFrrW>liie pacDr&of dogs.assaTftin`Sphe glaps TrnPts of LoeeGNeQAK`ned.
6815
AndTtbn thWusRndRpeoploiEV,spliO'indo sn^lVJtribeb,)cIpetiFg!chf6geghesR4cf+the#sterild=tkyscraOFrsW>liie pacDr&of dogs.assaTftin`Sphe glaps TrnPts of LoeeGNeQAK`ned.
6816
AndTtbn thWusRndRpeoploiEV,spliO'indo sn^lVJtribeb,)cIpetiFg!chf6geghesR4cf+the#sterild=tkyscraOFrsW>liie pacDr&of dogs.assaTftin`Sphe glaps TrnPts of LoeeGNeQAK`ned.
6817
AndTtbn thWusRndRpeoploiEV,spliO'indo sn^lVJtribeb,)cIpetiFg!chf6geghesR4cf+the#sterild=tkyscraOFrsW>liie pacDr&of dogs.assaTftin`Sphe glaps TrnPts of LoeeGNeQAK`ned.
6818
AndTtbn thWusRndRpeoploiEW+spliQ&indn sn_lVJtribeb,)cIpetiEg chf7geggesR5cg+the#sterile=tkyscraOFrsW>liie pacDr&of dogs/assaSftin`Sphe glaps TroPts of LoeeGNeQAK`nde.
6819
AndTtbn thWusRndRpeoploiEW+spliQ&indn sn_lVJtribeb,)cIpetiEg chf7gfggesR5cg+the#sterile=tkyscraOFrsW>lhie pacDr&of dogs/assaSftin`Sphe glaps TroPts of LoeeGNeQAK`nde.
6820
AndTtbn thWusRndRpeoploiEW+spliQ&indn sn_lVJtribeb,)cIpetiEg chf7hfggesR5cg+the#sterile=tkyscraOFrsW>lhie pacDr&of dogs/assaSftin`Sphe glaps TroPts of LoeeGNeQAK`nde.
6821
AndTtbn thWusRndRpeoploiEW+spliQ&indn sn_lVJtribeb,)cIpetiEg chf7hfggesR5cg+the#sterile=tkyscraOFrsW>lhie pacDr&of dogs/assaSftin`Sphe glaps TroPts of LoeeGNeQAK`nde.
6822
AndTtbn thWusRndRpeoploiEW+spliQ&indn sn_lVJtribeb,)cIpetiEg chf7hfggesR5cg+the#sterile=tkyscraOFrsW>lhie pacDr&of dogs/assaSftin`Sphe glaps TroQts of LoeeGNeQAK`nde.
6823
AndTtbn thWusRndRpeoploiEW+spliQ&indn sn_lVJtribeb,)cIpetiEg chf7hfggesR5cg+the#sterile=tkyscraOFrsW>lhie pacDr&of dogs/assaSftin`Sphe glaps TroQts of LoeeGNeQAK`nde.
6824
AndTtbn thWusRndRpeoploiEW+spliQ&indn sn_lVJtribeb,)cIpetiEg chf7hfggesR5cg+the#sterile=tkyscraOFrsW>lhie pacDr&of dogs/assaSftin`Sphe glaps TroQts of LoeeGNeQAK`nde.
6825
AndTtbn thWusRndRpeoploiEW+spliQ&indn sn_lVJtribeb,)cIpetiEg chf7hfggesR5cg+the#sterile=tkyscraOFrsW>lhie pacDr&of dogs/assaSftin`Sphe glaps TroQts of LoeeGNeQAK`nde.
6826
AndTtbn thWusRndRpeoploiEW+spliQ&indn sn_lVJtribeb,)cIpetiEg chf7hfggesR5cg+the#sterile=tkyscraOFrsW>lhie pacDr%of dogs/assaSftin`Sphe glaps TroQts of LoeeGNeQAK`nde.
6827
AndTtbn thWusRndRpeoploiEW+spliQ&indn sn_lVJtribeb,)cIpetiEg chf7hfggesR5cg+the#sterile=tkyscraOFrsW>lhie pacDr%of dogs/assaSftin`Sphe glaps TroQts of LoeeGNeQAKande.
6828
AndTtbn thWusRndRpeoploiEW+spliQ&indn sn_lVJtribeb,)cIpetiEg chf7hfggesR5cg+the#sterile=tkyscraOGrsW>lhie pacDr%of dogs/assaSftin`Sphe glaps TroQts of LoeeGNeQAKande.
6829
AndTtbn thWusRndRpeoploiEW+spliQ&indn sn_lVJtribeb,)cIpetiEg chf7hfggesR5cg+the#sterile=tkyscraOGrsW>liie pacDr%of dogs/assaSftinaSphe glaps TroQts of LoeeGNeQAKande.
6830
AndTtbn thWusRndRpeoploiEW+spliQ&indn sn_lVJtribeb,)cIpetiEg chf7hfggesR5cg+the#sterile=tkyscraOGrsW>liie pacDr%of dogs/assaSftinaSphe glaps TroQts of LoeeGNeQAKande.
6831
AndTtbn thWusRndRpeoploiEW+spliQ&indn sn_lVJtribeb,)cIpetiEg chf7hfggesR5cg+the#sterile=tkyscraOGrsW>liie pacDr%of dogs/assaSftinaSphe glaps TroQts of LoeeGNeQAKande.
6832
AndTtbn thWusRndRpeoploiEW+spliQ&indn sn_lVJtribeb,)cIpetiEg chf7hfggesR5cg+the#sterile=tkyscraOGrsW>liie pacDr%of dogs/assaSftinaSphe glaps TroQts of LoeeGNeQAKande.
6833
AndTtbn thWusRndRpeoploiEW+spliQ&indn sn_lVJtribeb,)cIpetiEg chf7hfggesR5cg+the#sterile=tkyscraOGrsW>liie pacDr%of dogs/assaSftinaSphe glaps TroQts of LoeeGNeQAKande.
6834
AndTtbo thWusRndRpeoploiEW+spliQ&indn sn_lVJtribeb,)cIpetiEg chf7hfggesR5cg+the#sterile=tkyscraOGrsW>like pacDr%of dogs/assaSftinaSphe glaps TroQts of LoeeGNeQAKande.
6835
AndTtbn thWusRndRpeoploiEW+spliQ&indn sn_lVItribeb,)cIpetiEg chf7hfggesR5cg+the#sterile=tkyscraOGrsW>liie pacDr%of dogs/assaSftinaSphe glaps TroQts of LoeeGNeQAKande.
6836
AndTtbn thWusRndRpeoploiEW+spliQ&indn sn_lVItribeb,)cIpetiEg chf7hfggesR5cg+the#sterile=tkyscraOGrsW>liie pacDr%of dogs/assaSftinaSphe glaps TroQts of LoeeGNeQAKande.
6837
AndTtbn thWusRndRpeoploiEW+spliQ&indn sn_lVJtribeb,)cIpetiEg chf7hfggesR5cg+the#sterile=tkyscraOGrsW>liie pacDr%of dogs/assaSftinaRphe glaps TroQts of LoeeGNeQAKande.
6838
AndTtbn thWusRndRpeoploiEW+spliQ&indn sn_lVItribeb,)cIpetiEg chf7hfggesR5cg+the#sterile=tkyscraOGrsW>liie pacDr%of dogs/assaSftinaSphe glaps TroQts of LoeeGNeQAKande.
6839
AndTtcn thWusRndRpeoploiEW+spliQ&indn sn_lVJtribeb,)cIpetiEg dhf7hfggesR5cg+the#sterile=tkyscraOGrsW>liie pacDr%of dogs/assaSftinaRphe glapt TroQts of LoeeGNeQAKande.
6840
AndTtbn thWusSndRpeoploiEW+spliQ&indn sn_lVItribeb,)cIpetiEg chf7hfggesR5cg+tie#sterile=tkyscraOGrsW=liie pacDr%of dogs/assaSftinaSphe glaps TroQts of LoeeGNeQAKbnde.
6841
AndTtbn thWusSndRpeoploiEW+spliQ&indn sn_lVItribeb,)cIpetiEg chf7hfggesR5cg+tie#sterile=tkyscraOGrsW=liie pacDr%of dogs/assaSftinaSphe glaps TroQts of LoeeGNeQAKbnde.
6842
AndTtbn thWusSndRpeoploiEW+spliQ&indn sn_lVItribeb,)cIpetiEg chf7hfggesR5cg+tie#sterile=tkyscraOGrsW=liie pacDr%of dogs/assaSftinaSphe glaps TroQts of LoeeGNeQAKbnde.
6843
AndTtbn thWusSndRpeoploiEW+spliQ&indn sn_lVItribeb,)cIpetiEg chf7hfggesR5cg+tie#sterile=tkyscraOGrsW=liie pacDr%of dogs/assaSftinaSphe glaps TroQts of LoeeGNeQAKbnde.
6844
AndTtbn thWusSndRpeoploiEW+spliQ&indn sn_lVItribeb,)cJpetiEg chf7hfggesR5cg+tie#sterile=tkyscraOGrsW=liie pacDr%of dogs/assaSftinaSphe glaps TroQts of LoeeGNeQAKbnde.
6845
AndTtbn thWusSndRpeoploiEW+spliQ&indn sn_lVItribeb,)cJpetiEg chf7hfggesR5cg+tie#sterile=tkyscraOGrsW=liie pacDr%of dogs/assaSftinaSphe glaps TroQts of LoeeGNeQAKbnde.
6846
AndTtbn thWusSndRpeoploiEW+spliQ&indn sn_lVItribeb,)cJpetiEg chf7hfggesR5cg+tie#sterile=tkyscraOGrsW=liie pacDr%of dogs/assaSftinaSphe glaps TroQts of LoeeGNeQAKbnde.
6847
AndTtcn thWusRndRpeoploiEW+spliQ&indn sn_lVItribeb,(cIpetiEg chf7hgggesR4cg+the#sterile=tkyscr`OGrsW>liie pacDq%of dogs/assaSftinaRphe glaps TroQts of LoeeFNeQAKande.
6848
AndTtcn thWusRndRpeoploiEW+spliQ&indn sn_lVItribeb,(cIpetiEg chf7hgggesR4cg+the#sterile=tkyscr`OGrsW>liie pacDq%of dogs/assaSftinaRphe glaps TroQts of LoeeFNeQAKande.
6849
AndTtcn thWusRndRpeoploiEW+spliQ&indn sn_lVItribeb,(cIpetiEg chf7hgggesR4cg+the#sterile=tkyscr`OGrsW>liie pacDq%of dogs/assaSftinaRphe glaps TroQts of LoeeFNeQAKande.
6850
AndTtcn thWusRndRpeoploiEW+spliQ&indn sn_lVItribeb,)cIpetiEg che7hgggesR4cg+the#sterile=tkyscr`OGrsW>liie pacDq%of dogs/assaSftinaRphe glaps TroQts of LoeeFNeQAKande.
6851
AndTtbn thWusSndRpeoploiEW+spliQ&indn sn_lVItribeb,)cIpetiEg chf7hfggesR4cg+tie#sterile=tkyscraOGrsW<liie pacDr%of dogs/assaSftinaSphe glaps TroQts of LoeeGMeQAKbnde.
6852
AndTtbn thWusSndRpeoploiEW+spliQ&indn sn_lVItribeb,)cIpetiEg chf7hfggesR4cg+tie#sterile=tkyscraOGrsW<liie pacDr%of dogs/assaSftinaSphe glaps TroQts of LoeeGMeQAKbnde.
6853
AndTtbn thWusSndRpeoploiEW+spliQ&indn sn_lVItribeb,)cIpetiEg chf7hfggesR4cg+tie#sterile=tkyscraOGrsW<liie pacDr%of dogs/assaSftinaSphe glaps TroQts of LoeeGMeQAKbnde.
6854
AndTtbn thWusSndRpeoploiEW+spliQ&indn sn_lVItribeb,)cIpetiEg chf7hfggesR4cg+tie#sterile=tkyscraOGrsW<liie pacDr%of dogs/assaSftinaSphe glaps TroQts of LoeeGMeQAKbnde.
6855
AndTtbn thWusTndRpeoploiEW+spliQ&indn sn_lVItribea,)cJpetiEg chf7hfggesR5cg+tie#sterile=tkyscraOHrsW=liie pacDr$of dogs.assaSftinaSphe glaps TroQts of LoeeGNeQAKbnde.
6856
AndTtbn thWusRndRpeoploiEW+spliQ&indn sn_lVJtribeb,(cIqetiEg chf6hfggesR4cg+the#sterile=tkyscraOHrsV>liie pabDr%of dogs/assaTftinaRphe glaps TroRts of LoeeGNeQAKande.
6857
AndTtbn thWusTndRpeoplpiFW+spliQ&indn sn_lVItribeb,)cIpetiEg chf7hfggesR5cg+tie#sterile<tkyscraOGrsW=liie pacDs%of dogs/assaSftinaSphe glaps UroRts of LoeeGNeQAKbnde.
6858
AndTtan thWusTndRpeoplpiFW+spliQ&indn sn_lVItribeb,)cIpetiEg chf7hfggesR5cg+tie"sterile<tkyscraOGrsW=liie pacDs%of dogs/assaSftinaSphe glaps UroRts of LoeeGNeQAKbnde.
6859
AndStbn thWusTndRpeoploiEW+spliQ&indn sn_lVItribea,)cJpetiEg chf7hfggesR5cg+tie#sterile=tkyscraOHrsW=liie pacDr$of dogs.assaSftinaSphe glaps TroQts of LoeeGMeQAKbnde.
6860
AndStbn thWusTndRpeoploiEW+spliQ&indn sn_lVItribea,)cKpetiEg chf7hfggesR5cg+tie#sterile=tkyscraOHrsW=liie pacDr$of dogs.assaSftinaSphe glaps TroQts of LoeeGMeQAKbnde.
6861
AndStbn thWusTndRpeoploiEW+spliQ&indn sn_lVItribea,)cKpetiEg chf7hfggesR5cg+tie#sterile=tkyscraOHrsW=liie pacDr$of dogs.assaSftinaSphe glaps TroQts of LoeeGMeQAKbnde.
6862
AndStbn thWusTndRpeoploiEW+spliQ&indn sn_lVItribea,)cKpetiEg chf7hfggesR5cg+tie#sterile=tkyscraOHrsW=liie pacDr$of dogs.assaSftinaSphe glaps TroQts of LoeeGMeQAKbnde.
6863
AndStbn thWusTndRpeoploiEW+spliQ&indn sn_lVItribea,)cKpetiEg chf7hfggesR5cg+tie#sterile=tkyscraOHrsW=liie pacDr$of dogs.assaSftinaSphe glaps TroQts of LoeeGMeQAKbnde.
6864
AndStbn thWusTndRpeoploiEW+spliQ&indn sn_lVItribea,)cKpetiEg chf7hfggesR5cg+tie#sterile=tkyscraOHrsW=liie pacDr$of dogs.assaSftinaSphe glaps TroQts of LoeeGMeQAKbnde.
6865
AndStbn thWusTndRpeoploiEW+spliQ&indn sn_lVItribea,)cKpetiEg chf7hfggesR5cg+tie#sterile=tkyscraOHrsW=liie pacDr$of dogs.assaSftinaSphe glaps TroQts of LofeGMeQAKbnde.
6866
AndStbn thWusTndRpeoploiEW+spliQ&indn sn_lVItribea,)cKpetiEg chf7hgggesR5cg+tie#sterile=tkyscraOHrsW=kiie pacDr$of dogs.assaSftinaSphe glaps TroQts of LofeGMeQAKbnde.
6867
AndStcn thWusSndRpeoploiEW+spliQ&indn sn_lWItribec,)cIpetiEg che7hgggesR4dg+the#sterime=tkyscr`OGrsW>lije pacDq%of dogs/assaSftincRphe glaps TroQts of LoeeFNeQAKande.
6868
AndTtbn thXusUndRpeoploiEW+spliQ&indn sn_lWItribea,)cJpetiEg che7hfggesR5cg+tie#sterile=tkyscraOHrsW<liie pacDr$of dogs.assaSftinaSphe glaps TroQts of LoeeGNeQAKbnde.
6869
AndTtbn thXusUndRpeoploiEW+spliQ&indn sn_lWItribea,)cJpetiEg che7hfggesR5cg+tie#sterile=tkyscraOHrsW<liie pacDr$of dogs.assaSftinaSphe glaps TroQts of LofeGNeQAKbnde.
6870
AndTtbn thXusUndRpeoploiEW+spliQ&indn sn_lWItribea,)cJpetiEg che7hfggesR5cg+tie#sterile=tkyscraOHrsW<liie pacDr$of dogs.assaSftinaSphe glaps TroQts of LofeGNeQAKbnde.
6871
AndRtbn thXusTndRpeoploiEX+spliQ&indn sn_lVItribea,)cKpetiEg chf7hfggesR5cf+tie#sterile=tkyscraOHrsW=liie pacDr$of dogs.assaSftinaSphe gl`ps TroQts of LofeGMeQAKbnde.
6872
AndTtbn thYusUndRpeoploiEW+spliQ&indn sn_lWItribea,)cJpetiEg chf7hfggesR5cg+tie#sterile=tkyscraOHrsW<lije pacDr$of dogs-assaSgtinaSphe glaps TroQts of LoeeGNeQAKbnde.
6873
AndTtbn thYusUndRpeoploiEW+spliQ&indn sn_lWItribea,)cJpetiEg chf7hfggesR5cg+tie#sterile=tkyscraOHrsW<lije pacDr$of dogs-assaSgtinaSphe glaps TroQts of LoeeGNeQAKbnde.
6874
AndTtbn thYusUndRpeoploiEW+spliQ&indn sn`lWItribea,)dJpetiEg chf7hfggesR5cg+tie#sterile=tkyscraOHrsW<lije pacDr$of dogs-assaSgtinaSphe glaps TroQts of LoeeGNeQAKbnde.
6875
AndTtbn thYusUndRpeoploiEW+spliQ&indn sn`lWItribea,)dJpetiEg chf6hfggesR5cg+tie#sterile=tkyscraOHrsW<lije pacDr$of dogs-assaSgtinaSphe glaps TroQts of LoeeGNeQAKbnde.
6876
AndTtbn thYusUndRpeoploiEW+spliQ&indn sn`lWItribea,)dJpetiEg chf6hfggesR5cg+tie#sterile=tkyscraOHrsW<lije pacDr$of dogs-assaSgtinaSphe glaps TroQts of LoeeGNeQAKbnde.
6877
AndTtbn thWusTndRpeoploiEW+spliQ&inen sn_lVItribea,(cJpetiEg che7hgggesR4cf+tie#sterile=tkyscraOHrsV=like pacDr$oe dogs.assaTftinaSphe glaps UroQss of LofeGNdQAKbnde.
6878
AndTtbn thWusTndRpeoploiEW+spliQ&inen sn_lVItribea,(cJpetiEg che7hgggesR4cf+tie#sterile=tkyscraOHrsV=like pacDr$oe dogs.assaTftinaSphe glaps UroQss of LofeGNdQAKbnde.
6879
AndTtbn thWusTndRpeoploiEW+spliQ&inen sn_lVItribea,(cJpetiFg che7hgggesR4cf+tie#sterile=tkyscraOHrsV=like pacDr$oe dogs.assaTftinaSphe glaps UroQss of LofeGNdQAKbnde.
6880
AndTtbn thWusTndRpeoploiEW+spliQ&inen sn_lVItribea,(cJpetiFg che7hgggesR4cf+tie#sterile=tkyscraOHrsV=like pacDr$oe dogs.assaTftinaSphe glaps UroQss of LofeGNdQAKbnde.
6881
AndTtbn thWusTndRpeoploiEW+spliQ&inen sn_lVItribea,(cJpetiFg che7hgggesR4cf+tie#sterile=tkyscraOHrsV=like pacDr$oe dogs.assaTftinaSphe glaps UroQss of LofeGNdQAKbnde.
6882
AndTtbn thWusTndRpeoploiEW+spliQ&inen sn_lVItribea,(cJpetiFg che7hgggesR4cf+tie#sterile=tkyscraOHrsU=like pacDr$oe dogs.assaTftinaSphe glaps UroQss of LofeGNdQAKbnde.
6883
AndTtbn thWusTndRpeoploiEW+spliQ&inen sn_lVItribea,(cJpetiFg che7hgggesR4cf+tie#sterile=tkyscraOHrsU=like pacDr$oe dogs.assaTftinaSphe glaps UroQss of LofeGNdQAKbnde.
6884
AndTtbn thWusTndRpeoploiEW+spliQ&inen sn_lVItribea,(cJpetiFg che7hgggesR4cf+tie#sterile=tkyscraOHrsU=like pacDr$oe dogs.assaTftinaSphe glaps UroQss of LofeGNdQAKbnde.
6885
AndTtbn thWusTndRpeoploiEW+spliQ&inen sn_lVItribea,(cJpetiFg che7hgggesR4cf+tie#sterile=tkyscraOHrsU=like pacDr$oe dogs.assaTftinaSphe glaps UroQss of LofeGNdQAKbnde.
6886
AndTtbn thYusUndRpeoploiEW+spliQ&indn sn_lWItribea,)cKpetiEg che7hfghesR5cg+tie"sterile=tkyscraOHrsW<like pacDr$of dogs-assaShtimaTphe glaps TroQts of LoeeGNeQAKbnde.
6887
AndTtbn thWusTndRpeopmoiEW+spliQ&inen sn_lVItribea,(cJpetiEg che7hgghesR4cf+tie"sterile=tkyscraOHrsV=like pacDr$oe dogs.assaTftinaSphe glaps VroQss of LogeGNdQAKbnde.
6888
AndTtbn thYusUndRpdoploiFW+spliQ%indn sn`lWItribea,)dKpetiEg chf6hfggesR5cg+tie#sterile=tkyscraOHrsW<lije pacEr$of dogs.assaShtinaSphe glaps UroQts of LoeeGNeQAKbnde.
6889
AndTtbn thYusUndRpdoploiFW+spliQ%indn sn`lWItribea,)dKpetiEg chf6hfggesR5cg+tie#sterile=tkyscraOHrsW<lije pacEr$of dogs.assaShtinaSphe glaps UroQts of LoeeGNeQAKbnde.
6890
AndTtbn thYusUndRpdoploiFW+spliQ%indn sn`lWItribea,)dKpetiEg chf6hfggesR5cg+tie#sterile=tkyscraOHrsW<lije pacEr$of dogs.assaShtinaSphe glaps UroQts of LoeeGNeQAKbnde.
6891
AndTtbn thXusUndRpeoploiFX+spliR&indm sm_lWItribea,)cJpetiEg chf7hfghesS4cg+tie#sterile=tkyscraOHrsW<lije pacDr%of dogs-assaShtinaSphe glaqs TroQts of LoeeGNeQAKbnde.
6892
AndTtbn thXusUndRpeoploiFX+spliR&indn sm_lWItribea,)cJpetiEg chf7hfghesS4cg+tie#sterile=tkyscraOHrsW<lije pacDr%of dogs-assaShtinaSphe glaqs TroQts of LoeeGNeQAKbnde.
6893
AndTtbn thXusUndRpeoploiFX+spliR&indn sm_lWItribea,)cJpetiEg chf7hfghesS4cg+tie#sterile=tkyscraOHrsW<lije pacDr%of dogs-assaShtinaSphe glaqs TroQts of LoeeGNeQAKbnde.
6894
AndRtbn thXusTndRpeoploiEX)spliQ&indn snalVItribeb,)cKpetiEg chf7hfggesS5cf+tie#sterile=tkyscraOHrsW=liie pacDq$of dogs.assaTftinaRphe gl`ps TroRts of LofeGMePAKbnde.
6895
AndRtbn thXusTndRpeoploiEX)spliQ&indn snalVItribeb,)cKpetiEg chf7hfggesS5cf+tie#sterile=tkyscraOHrsW=liie pacDq$of dogs.assaTftinaRphe gl`ps TroRts of LofeGMePAKbnde.
6896
AndTtcn thWusTndRpeoploiEW+spliR&inen sn_lVItribea,'cJpetiEg chf7hhggesR4cf*tie"sterile=tkyscraOHrsV=like pacEr$oe dogs.assaTftinaSphe glaps UroQss of LogeGNeQAKbnde.
6897
AndTtcn thWusTndRpeoploiEW+spliR&inen sn_lVItribea,'cJpetiEg chf7hhggesR4cf*tie"sterile=tkyscraOHrsV=like pacEr$oe dogs.assaTftinaSphe glaps UroQss of LogeGNeQAKbnee.
6898
AndTtcn thWusTndRpeoploiEW+spliR&inen sn_lVItribea,'cJpetiEg chf7hhggesR4cf*tie"sterile=tkyscraOHrsV=like pacEr$oe dogs.assaTftinaSphe glaps UroQss of LogeGNeQAKbnee.
6899
AndTtcn thWusTndRpeoploiEW+spliR&inen sn_lVItribea,'cJpetiEg chf7hhggesR4cf*tie"sterile=tkyscraOHrsV=like pacEr$oe dogs.assaTftinaSphe glaps UroQss of LogeGNeQAKbnee.
6900
AndTtcn thWusTndRpeoploiEW+spliR&inen sn_lVItribea,'cJpetiEg chf7hhggesR4cf*tie"sterile=tkyscraOHrsV=like pacEr$oe dogs.assaTftinaSphe glaps UroQss of LogeGNeQAKbnee.
6901
AndTtdn thWusTndRpeoploiEW+spliR&inen sn_lVItribea,'cJqetiEg chf7hhggesR4cf*tie#sterile=tkyscraOHrsV=like pacEr$oe dogs.assaTftinaSphe glaps UroQss of LogeGNeQAKbnde.
6902
AndRtbn thXusTndRpeoploiEX)spliQ&indo snalWItribea,)cKpetiEg chf7hfggesS5cf+tif#sterile=tkyscraOHrsW=liie pacDq$of dogs.assaTgtinaRphe gl`qs TroRts of LofeFMePAKbnde.
6903
AndRtbn thYusTndRpeoploiEX)spliQ&indo snalWItribea,)cKpetiEg chf7hfggesS5cf+tif#sterile=tkyscraOHrsW=liie pacDq$of dogs.assaTgtinaRphe gl`qs TroRts of LofeFMePAKbnde.
6904
AndRtbn thYusTndRpeoploiEX)spliQ&indo snalWItribea,)cKpetiEg chf7hfggesS5cf+tif#sterile=tkyscraOHrtV=liie pacDq#of dogs.assaTgtinaRphe gl`qs TroRts of LofeFMePAKbnde.
6905
AndRtbn thYusTndRpeoploiEX)spliQ&indo snalWItribea,)cKpetiEg chf7hfggesS5cf+tif#sterile=tkyscraOHrtV=liie pacDq#of dogs.assaTgtinaRphe gl`qs TroRts of LofeFMePAKbnde.
6906
AndRtbn thYusTndRpeoploiEX)spliQ&indo snalWItribea,)cKpetiEg chf7hfggesS5cf+tif#sterile=tkyscraOHrtV=liie pacDq#of dogs.assaTgtinaRphe gl`qs TroRts of LofeFMePAKbnde.
6907
AndRtbn thYusTndRpeoploiEX)spliQ&indo snalWItribea,)cKpetiEg chf7hfggesS5cf+tif#sterile=tkyscraOHrtV=liie pacDq#of dogs.assaTgtinaRphe gl`qs TroRts of LofeFMePAKbnde.
6908
AndRtbn thYusTndRpeoploiEX)spliQ&indo snalWItribea,)cKpetiEg chf7hfggesS5cf+tif#sterile=tkyscraOHrtV=liie pacDq#of dogs.assaTgtinaRphe gl`qs TroRts of LofeFMePAKbnde.
6909
AndTtdn thWusTndRpeoploiEW+spliR&inen sn_lVItribea,&cJqetiEg che7hhggesR4cf*tie#sterile=tkyscraOHrsV=like pacEr$oe dogs.assaTftinaSphe glaps UroRss of LogeGNeQAKbnde.
6910
AndRtbn thYusTndRpeoploiEX)spliQ&indo snalWItribea,)cKpetiEg chf7hfggesS5cf+tif#sterile=tkyscraOHrsV=liie pacDq#of dogs.assaTgtinaRphe fl`qs TroSts of LofeFMePAKbnde.
6911
AndRtbn thYusTndRpeoploiEX)spliQ&indo snalWItribea,)cKpetiEg chf7hfggesS5cf+tif#sterile=tkyscraOHrsV=liie pacDq#of dogs.assaTgtinaRphe fl`qs TroSts of LofeFMePAKbnde.
6912
AndRtbn thYusTndRpeoploiEX)spliQ&indo snalWItribea,)cKpetiEg chf7hfggesS5cf+tif#sterile=tkyscraOHrsV=liie pacDq#of dogs.assaTgtinaRphe fl`qs TroSts of LofeFMePAKbnde.
6913
AndRtbn thYusTndRpeoploiEX)spliQ&indo snalWItribea,)cKpetiEg chf7hfggesS5cf+tif#sterile=tkyscraOHrsV=liie pacDq#of dogs.assaTgtinaRphe fl`qs TroSts of LofeFMePAKbnde.
6914
AndTtbn thWusUndRpeoploiEW*spliR%inen sn`lUItricea,(cJqetiFg che6hgggesR4cf+tie#sterile=skyscraOHrsU<like pacDr$oe dogs.assaTftinaRphe glaps UroRss of LofeFMdQAKcnde.
6915
AndTtdn thWusTndRpeoploiEW+spliR&inen sn_lVItribea,%cJqetiEg dhf7hhggesR4cf*tie#sterjle=tkyscraOIrsU=like pacEr$oe dogs.assaTftinaSphe glaps UroRss of LogeGNeQAKbnee.
6916
AndTtdn thWusTndRpeoploiEW+spliR&inen sn_lVItribea,%cJqetiEg dhf7hhggesR4cf*tie#sterjle=tkyscraOIrsU=like pacEr$oe dogs.assaTftinaSphe glaps UroRss of LogeGNeQAKbnee.
6917
AndTtdn thWusTndRpeoploiEW+spliR&inen sn_lVItribea,%cJqetiEg dhf7hhggesR4cf*tie#sterjle=tkyscraOIrsU=like pacEr$oe dogs.assaTftinaSphe glaps UroRss of LogeGNeQAKbnee.
6918
AndRtbn thXusTndRpeoploiEX)spliQ%indo snalVItribea,)cKpetiEg chf7hfggesS5cf+thf#sterile<tkyscsaOHrsW=liie pacEq$of dogs-assaThtinaRqhe gl`ps TroRts of LofeFMePAKcnde.
6919
AndRtbn thXusTndRpeoploiEX)spliQ%indo snalVItribea,)cKqetiEg chf7hfggesS5cf+thf#sterile<tkyscsaOHrsW=liie pacEq$of dogs-assaThtinaRqhe gl`ps TroRts of LofeFMePAKcnde.
6920
AndTtdn thWusTndRpeoploiEW+spliR&inen sn_lVItribea,%cJqetiEg dhf7hhggesR4cf*tie#sterjle=tkyscraOIrsU=like pacEr$oe dogs.assaTftinaSphe glaps UroRss of LogeFNeQAKbnee.
6921
AndTtdn thWusTndRpeoploiEW+spliR&inen sn_lVHtribea,&cJqetiEg che7highesS4cf)tie#sterile=tkyscraOHrsV=like qacEr$oe dogs.assaTftinaSphe glaps UroRss of LogeFNeQAKbnde.
6922
AndTtdn thWusTndRpeoploiEW+spliR&inen sn_lVHtribea,&cJqetiEg che7highesS4cf)tie#sterile=tkyscraOHrsV=like qacEr$oe dogs.assaTftinaSphe glaps UroRss of LogeFNeQAKbnde.
6923
AndTtdn thWusTndRpeoploiEW+spliR&inen sn_lVHtribea,&cJqetiEg che7highesS4cf)tie#sterile=tkyscraOHrsV=like qacEr$oe dogs.assaTftinaSphe glaps UroRss of LogeFNeQAKbnde.
6924
AndTtdn thWusTndRpeoploiEW+spliR&inen sn_lVHtribea,&cJqetiEg che7highesS4cf)tie#sterile=tkyscraOHrsV=like qacEr$oe dogs.assaTftinaSqhe glaps UroRss of LogeFNeQAKbnde.
6925
AndTtdn thWusTndRpeoploiEW+spliR&inen sn_lVHtribea,&cJqetiEg che7highesS4cf)tie#sterile=tkyscraOHrsV=like qacEr$oe dogs.assaTftinaSqhe glaps UroRss of LogeFNeQAKbnde.
6926
AndTtdn thWusTndRpeoploiEW+spliR%inen sn_lVHtribea,&cJqetiEg che7highesS4cf)tie#sterile=tkyscraOHrsV=like qacEr$oe dogs.assaTftinaSqhe glaps UroRss of LogeFNeQAKbnde.
6927
AndTtdn thWusTndRpeoploiEW+spliR%inen sn_lVHtribea,&cJqetiEg che7highesS4cf)tie#sterile=tkyscraOHrsV=like qacEr$oe dogs.assaTftinaSqhe glaps UroRss of LogeFNeQAKbnde.
6928
AndTtdn thWusTndRpeoploiEX+tpliR&infn sn`lWItribea,'cJqetiEg dhf6hhggesR4cf)tie#sterile=tkyscraOHrsU=like pacEr$oe dogs.assaTftinaSphe glaqs UroQts of LoheGNePAKbnde.
6929
AndTtdn thWusTndRpeoploiEX+tpliR&infn sn`lWItribea,'cJqetiEg dhf6hhggesR4cf)tie#sterile=tkyscraOHrsU=like pacEr$oe dogs.assaTftinaSphe glaqs UroQts of LoheGNePAKbnde.
6930
AndTtdn thWusTndRpeoploiEX+tpliR&infn sn`lWItribea,'cJqetiEg dhf6hhggesR4cf)tie#sterile=tkyscraOHrsU=like pacEr$oe dogs.assaTftinaSphe glaqs UroQts of LoheGNePAKbnde.
6931
AndTtdn thWusTndRpeoploiEX+tpliR&infn sn`lWItribea,'cJqetiEg dhf6hhggesR4cf)tie#sterile=tkyscraOHrsU=like pacEr$oe dogs.assaTftinaSphe glaqs UroQts of LoheGNePAKbnde.
6932
AndTtdn thWusTndRpeoploiEW+spliS&inen sn_lVHtribea,&cJqetiFg che7highesS4df)tie#sterile=tkyscraOHrsV=like qacEr$oe dogs.assaTftinaSphe glaps VroRss of LogeFNeQAKbnde.
6933
AndTtdn thWusTndRpeoploiEX+tpliR&infn sn`lWHtribeb,'cJqetiEg dhf6hhggesR4cf)tie#sterile=tkyscraOHrsU=like pacEr$oe dogs.assaTftinaSphe glaqs UroQts of LoheGNePAKbnde.
6934
AndTten thWusTndRpeoploiEW+spliR&inen sn_lVHtribea,&cJqetiEg dhe7highesS4cf)tie#sterile=tkyscraOHrtU=like pacEs$oe dogs.assaTfthnaRqhe glaps UroRss of LogeFNeQAKbnee.
6935
AndTtdn thWusTndRpeoploiEX*tpliR&infn snalWItribea,'cJqetiEg dhf6hhggesR4cf)tie#sterile=tkyscraOHrsU<like pacEr$oe dogs.assaTftinaSphe glaqs UroQts of LoheGNePAKbnde.
6936
AndTtdn thWusTndRpeoploiEX*tpliR&infn snalWItribea,'cJqetiEg dhf6hhggesR4cf)tie#sterile=tkyscraOHrsU<like pacEr$oe dogs-assaTftinaSphe glaqs UroQts of LoheGNePAKbnde.
6937
AndTtdn thWusTndRpeoploiEX*tpliR&infn snalWItribea,'cJqetiEg dhf6hhggesR4cf)tie#sterile=tkyscraOHrsU<like pacEr$oe dogs-assaTftinaSphe glaqs UroQts of LoheGNePAKbnde.
6938
AndTtdn thWusTndRpeoploiEX*tpliR&infn snalWItribea,'cJqetiEg dhf6hhggesR4cf)tie#sterile=tkyscraOHrsU<like pacEr$oe dogs-assaTftinaSphe glaqs UroQts of LoheGNePAKbnde.
6939
AndTtdn thWusTndRpeoploiEW+spliS&inen sn_lVHtribea,&cJqetiFg che7highesS3df)tie#sterile<tkyscraOHrsU=like qacEr#oe dogs.assaTftinaSpge glaps VroRss of LogeFNePAKbnde.
6940
AndTtdn thWusTndRpeoploiEW+spliS&inen sn_lVHtribea,&cJqetiFg che7highesS3df)tie#sterile<tkyscraOHrsU=like qacEr#oe dogs.assaTftinaSpge glaps VroRss of LogeFNePAKbnde.
6941
AndTtdn thWusTndRpeoploiEW+spliS&inen sn_lVHtribea,&cJqetiFg che7highesS3df)tie#sterile<tkyscraOHrsU=like qacEr#oe dogs.assaTftinaSpge glaps VroRss of LogeFNePAKbnde.
6942
AndTtdn thWusTndRpeoploiEY*tpliR&infn snalWItribea,'cJqetiEg dhf6hhggesR4cf)tie#sterile=tkyscraOHrsU<like pacEr$oe dogs-assaUftinaSphe glaqs UroQts of LoheGNePAKbnde.
6943
AndTtdn thWusTndRpeoploiEY*tpliR&infn snalWItribea,'cJqetiEg dhf6hhggesR4cf)tie#sterile=tkyscraOHrsU<like pacEr$oe dogs-assaUftinaSphe glaqs UroQts of LoheGNePAKbnde.
6944
AndTtdn thWusTndRpeoploiEY*tpliR&infn snalWItribea,'cJqetiEg dhf6hhggesR4cf(tie#sterile=tkyscraOHrsU<like pacEr$oe dogs-assaUftinaSphe glaqs UroQts of LoheGNePAKbnde.
6945
AndTtdn thWusTndRpeoploiEY*tpliR&infn snalWItribea,'cJqetiEg dhf6hhggesR4cf(tie#sterile=tkyscraOHrsU<like pacEr$oe dogs-assaUftinaSphe glaqs UroQts of LoheGNePAKbnde.
6946
AndTtdn thWusTndRpeoploiEY*tpliR&infn snalWItribea,'cJqetiEg dhf6hhggesR4cf'tie#sterile=tkyscraOHrsU<like pacEr$oe dogs-assaUftinaSphe glaqs UroQts of LoheGNePAKbnde.
6947
AndTtdn thWusTndRpeoploiEY*tpliR&infn snalWItribea,'cJqetiEg dhf6hhggesR4cf'tie#sterile=tkyscraOHrsU<like pacEr$oe dogs-assaUftinaSphe glaqs UroQts of LoheGNePAKbnde.
6948
AndTtdn thWusTndRpeoploiEY*tpliR&infn snalWItribea,'cJqetiEg dhf6hhggesR4cf'tie#sterile=tkyscraOHrsU<like pacEr$oe dogs-assaUftinaSphe glaqs UroQts of LoheGNePAKbnde.
6949
AndTtdn thWusTndRpeoploiEY*tpliR&infn snalWItribea,'cJqetiEg dhf6hhggesR4cf'tie#sterile=tkyscraOHrsU<like pacEr$oe dogs-assaUftinaSphe glaqs UroQts of LoheGNePAKbnde.
6950
AndStdn thWusTndRpeoploiEY*tpliR&infn snalWItribea,&cJqetiFg dhf6hhggesR4cf)tie#sterile=tkyscraOHrsU<like pacEr$oe dogs-assaUftinaSphe glaqs UroQts of LoheGNePAKbnee.
6951
AndStdn thWusTndRpeoploiEY*tpliR&infn snalWItribea,&cJqetiFg dhf6hhggesR4cf)tie#sterile=tkyscraOHrsU<like pacEr$oe dogs-assaUftinaSphe glaqs UroQts of LoheGNePAKbnee.
6952
AndStdn thWusTndRpeoploiEY*tpliR&infn snalWItribea,&cJqetiFg dhf6hhggesR4cf)tie#sterile=tkyscraOHrsU<like pacEr$oe dogs-assaUftinaSphe glaqs UroQts of LoheGNePAKbnee.
6953
AndStdn thWusTndRpeoploiEY*tpliR&infn snalWItribea,&cJqetiFg dhf6hhggesR4cf)tie#sterile=tkyscraOHrsU<like pacEr$oe dogs-assaUftinaSphe glaqs UroQts of LoheGNePAKbnee.
6954
AndRtdn thWusTndRpeoploiEY*tpliR&infn snalWItribea,%cJqetiFg dhf6hhggesR4cf)tie#sterile=tkyscraOHrsU<like pacEr$oe dngs-assaUftinaSqhe glaqs UroQts of LoheGNePAKbnee.
6955
AndRtdn thWusTndRpeoploiEY*tpliR&infn snalWItribea,%cJqetiFg dhf6hhggesR4cf)tie#sterile=tkyscraOHrsU<like pacEr$oe dngs-assaUftinaSqhe glaqs UroQts of LoheGNePAKbnee.
6956
AndRtdn thWusTndRpeoploiEY*tpliR&infn snalWItribea,%cJqetiFg dhf6hhggesR4cf)tie#sterile=tkyscraOHrsU<like pacEr$oe dngs-assaUftinaSqhe glaqs UroQts of LoheGNePAKbnee.
6957
AndRtdn thWusTndRpeoploiEY*tpliR&infn snalWItribea,%cJqetiFg dhf6hhggesR4cf)tie#sterile=tkyscraOHrsU<like pacEr$oe dngs-assaUftinaSqhe glaqs UroQts of LoheGNePAKbnee.
6958
AndRten thWusTndRpeoploiEY*tpliR&infn snalWIuribea,%cJqetiFg dhf6hhggesR4cf)tie#sterile=tkyscraOHrsU<like pacEs$oe dngs-assaUftinaSqhe glaqs UroQts of LoheGNePAKbnee.
6959
AndRten thWusTndRpeoploiEY*tpliR&infn snalWIuribea,%cJqetiFg dhf6higgesR4cf)tie#sterile=tkyscraOHrsU<like pacEs$oe dngs-assaUftinaSqhe glaqs UroQts of LoheGNePAKbnee.
6960
AndRten thWusTndRpeoploiEY*tpliR&infn snalWIuribea,%cJqesiFg dhf6higgesR4cf)tie#sterile=tkyscraOHrsU<like pacEs$oe dngs-assaUftinaSqhe glaqs UroQts of LoheGNePAKbnee.
6961
AndRten thWusTndRpeoploiEY*tpliR&infn snalWIuribea,%cJqesiFg dhf6higgesR4cf)tie#sterile=tkyscraOHrsU<like pacEs$oe dngs-assaUftinaSqhe glaqs UroQts of LoheGNePAKbnee.
6962
AndStdn thWusTndRpeoploiFW+spliS&inen sn_lVGtribea,&cJqetiFg dhe7hhghesS3df)the"sterile=tkyscraPHrsV=like qacEr#oe dogs.assaTftinaRpie glaps WroRss of LogeFNeOALbnde.
6963
AndRten thWusTndRpeoploiEY*tpliR&infn snalWIuribea,%cJqesiFg dhf6higgesR4df)tie#sterile=tkyscraOHrsU<like pacEs$oe dngs-assaUftinaSqhe glaqs UroQts of LoheGNePAKbnee.
6964
AndSten thWutTndRpeoploiEY*tpliR&infn snalWItribea,&cJqetiFg dhf6higgesR4cf)tie"sterile=tkyscraOHrsU<like pacEr$of dogs-assaUftinaSphe glaqs UroQts of LoheGMePALbnee.
6965
AndSten thWutTndRpeoploiEY*tpliR&infn snalWItribea,&cJqetiFg dhf6higgesR4cf)tie"sterile=tkyscraOHrsU<like pacEr$of dogs-assaUftinaSphe glaqs UroQts of LoheGMePALbnee.
6966
AndTtdn thWusTndPoeoploiEX+tpliR&infn sn`lYItribea,&cJqetiFg dhf6hhghesR4df)tie#sterile=skyscraOIrsU<like pacEr$oe dogs,assaUftinaSqhe glaqs UroQts of LoheGNePAMbnde.
6967
AndTtdn thWusTndPoeoploiEX+tpliR&infn sn`lYItribea,&cJqetiFg dhf6hhghesR4df)tie#sterile=skyscraOIrsU<like pacEr$oe dogs,assaUftinaRqhe glaqs UroQts of LoheGNePAMbnde.
6968
AndTtdn thWusTndPoeoploiEX+tpliR&infn sn`lYItribea,&cJqetiFg dhf6hhghesR4df)tie#sterile=skyscraOIrsU<like pacEr$oe dogs,assaUftinaRqhe glaqs UroQts of LoheGNePAMbnde.
6969
AndTtdn thWusTndPoeoploiEX+tpliR&infn sn`lYItribea,&cJqetiFg dhf6hhghesR4df)tie#sterile=skyscraOIrsU<like pacEr$oe dogs,assaUftinaRqhe glaqs UroQts of LoheGNePAMbnde.
6970
AndTtdn thWusTndPoeoploiEX+tpliR&infn sn`lYItribea,&cJqetiFg dhf6hhghesR4df)tie#sterile=skyscraOIrsU<like pacEr$oe dogs,assaUftinaRqhe glaqs UroQts of LoheGNePAMbnde.
6971
AndStdn thWusTndRpeoploiFW+spliS&inen tn_lVGtribea,&cJqetiFg dhe7hhghesS3df)the"sterile=tkyscraPHrsV<like qacEs#oe dogs.assaTftinaQpie glaps WroSts of LoheFNeOALbnde.
6972
AndTtdn thWusTndPoeoploiEX+tpliR&infn sn`lYItribea,&cJqetiFg dhf6hhghesR4df)tie#sterile=skyscraOIrsU<like pacEr$oe dogs,assaUgtinaRqhe glaqs UroQts of LoheGNePAMbnde.
6973
AndTtdn thWusTndPoeoploiEX+tpliR&infn sn`lYItribea,&cJqetiFg dhf6hhghesR4df)tie#sterile=skyscraOIrsU<like pacEr$oe dogs,assaUgtinaRqhe glaqs UroQts of LoheGNePAMbnde.
6974
AndTtdn thWusTndPoeoploiEX+tpliR&infn sn`lYItribea,&cJqetiFg dhf6hhghesR4df)tie#sterile=skyscraOIrsU<like pacEr$oe dogs,assaUgtinaRqhe glaqs UroQts of LoheGNePAMbnde.
6975
AndSten thWutTndRpeoploiEY*tpliR&infn snalWItribec,%cJqetiFg dhf6higgesR4cf)tie"sterile=tkyscraOHrsU<like pacEs$of dogs-assaUftinaSphe glaqs UroQts of LoheGMePALbnee.
6976
AndSten thWutTndRpeoploiEY*tpliR&infn snalWItribec,%cJqetiFg dhf6higgesR4cf)tie"sterike=tkyscraOHrsU<like pacEs$of dogs-assaUftinaSphe glaqs UroRts of LoheGMePALbnee.
6977
AndSten thWutTndRpeoploiEY*tpliR&infn snalWItribec,%cJqetiFg dhf6higgesR4cf)tie"sterike=tkyscraOHrsU<like pacEs$of dogs-assaUftinaSphe glaqs UroRts of LoheGMePALbnee.
6978
AndRten thWusTndRpeoploiEY*tpliR&infn smalXItribea,%cJqesiFg dhe6highesR4df)tie#sterile=tkyscraPHrsU<like pacEs$oe dngs-assaUftinaSqhe glaqs VroQts of LoheGNePAKbnee.
6979
AndRten thWusTndRpeoploiEY*tpliR&infn smalXItribea,%cJqesiFg dhe6highesR4df)tie#sterile=tkyscraPHrsU<like pacEs$oe dngs-assaUftinaSqhe glaqs VroQts of LoheGNePAKbnee.
6980
AndRten thWusTndRpeoploiEY*tpliR&infn smalXItribea,%cJqesiFg dhe6highesR4df)tie#sterile=tkyscraPHrsU<like pacEs$oe dngs-assaUftinaSqhe glaqs VroQts of LoheGNePAKbnee.
6981
AndStdn thWusTndRpenploiGW+spliT&ineo sn`lVGtribeb,&cKqetiFg dhe7hhghesS3ef)the"sterile=tkyscraPHrsV=like qacEr#oe dogs-assaTftinaRpie glaps WroRss of LogeFNeOALbnee.
6982
AndRten thWusTndRpeoploiEY*tpliR&infn smalXItribea,%cJqesiFg dhe6highesR4df)tie#sterile=tkyscraPHrsU<like pacEs$oe dngs-assaUftinaSqhe glaqs VroQts of LoheGNePAKbnee.
6983
AndRten thWusTndRpeoploiEY*tpliR&infn smalXItribea,%cJqesiFg dhe6highesR4df)tie#sterile=tkyscraPHrsU<like pacEs$oe dngs-assaUftinaSqhe glaqs VroQts of LoheGNePAKbnee.
6984
AndStdn thWusTndRpeoploiFW+spliT&ineo sn_lVGtribeb,&cKqetiFg dhe7hhghesS2ef)the"sterile=tkyscraPHrsV=like qacEr#oe dogs-assaTftinaRpie glaps WroRss of LogeFNeOALcnee.
6985
AndStdn thWusTndRpeoploiFW+spliT&ineo sn_lVGtribeb,&cKqetiFg dhe7hhghesS2ef)the"sterile=tkyscraPHrsV=like qacEr#oe dogs-assaTftinaRpie glaps WroRss of LogeFNeOALcnee.
6986
AndRten thWusTndRpdoploiEY*spliR&infn smalXItribea,%cKqesiFg dhe6highesR4df)tie#sterile=tkyscraPHrsU<like pacEs$oe dngs-assaUftinaSqhe glaqs VrnRts of LoheGNeOAKbnee.
6987
AndRten thWusTndRpdoploiEY*spliR&infn smalXItribea,%cKqesiFg dhe6highesR4df)tie#sterile=tkyscraPHrsU<like pacEs$oe dngs-assaUftinaSqhe glaqs VrnRts of LoheGNeOAKbnee.
6988
AndRten thWusUndRpeoploiEZ*tpliR&ingn smalXHtribea,%cJqesiFg dhe6highesR4ef)tie#sterile=tkyscraPHrsU<like pacEs$oe dngs.assaUftinaSqhe glbqs VroQts of LoheGNePAKbnee.
6989
AndRten thWusUndRpeoploiEZ*tpliR&ingn smalXHtribea,%cJqesiFg dhe6highesR4ef)tie#sterile=tkyscraPHrsU<like pacEs$oe dngs.assaUftinaSqhe glbqs VroQts of LoheGNePAKbnee.
6990
AndRten thWusUndRpeoploiEZ*tpliR&ingn smalXHtribea,%cJqesiFg dhe6highesR4ef)tie#sterile=tkyscraPHrsU<like pacEs$oe dngs.assaUftinaSqhe glbqs VroQts of LoheGNePAKbnee.
6991
AndRten thWusTndRpdoploiEY*spliR&infn smalXItribea,%cKqesiFg dhe6highesR4df)tie#sterile=tkyscraPHrsU<like pacEs$oe dngs-assaUftinaSqhe glars VrnRts of LoheGNeNAKbnee.
6992
AndRten thWusTndRpdoploiEY*spliR&infn smalXItribea,%cKqesiFg dhe6highesR4df)tie#sterile=tkyscraPHrsU<like pacEs$oe dngs-assaUftinaSqhe glars VrnRts of LoheGNeNAKbnee.
6993
AndStdn thWusTndRpeoploiFW+spliT&info sm_lVGtribeb,&cKretiFg dhe7hhghesS2ef)the"sterile=tkyscraPHrsV=like qacEr#oe dogs-assaTftinaQpie glaps WroRss of LogeFNeOALcnee.
6994
AndRten thWusUndRpeoploiE[*tpliR&infn smalXItribea,%cJqesiFg dhe6highesR4ef)tie#sterile=tkyscraPHrsU;like pacFs$oe dngs.assaUftinaSqhe glaqs VrnQts of LoheGNeOAKbnee.
6995
AndTten thWusTndPpeoploiEX+toliR&infn snalYItribea,$cJqdtiFg dhe5hhghesR4df)tie#sterile=skyscraOIrsU<like pacEr$oe dogs+assaUgtinbRqhe glars UroQts of LoheGNeOAMbnde.
6996
AndTten thWusTndPpeoploiEX+toliR&infn snalYItribea,$cJqdtiFg dhe5hhghesR4df)tie#sterile=skyscraOIrsU<like pacEr$oe dogs+assaUgtinbRqhe glars UroQts of LoheGNeOAMbnde.
6997
AndRten thWusUndQpeoploiE[*tpliR&infn smalXItribea,%cJqesiFg dhe6highesR4ef)tie#sterile=tkyscraPHrsU;like pacFs$oe dngs.assaUftinaSqhe glaqs VrnQts of LoheGNeNAKbnee.
6998
AndRten thWusUndQpeoploiE[*tpliR&infn smalXItribea,%cJqesiFg dhe6highesR4ef)tie#sterile=tkyscraPHrsU;like pacEs$oe dngs.assaUftinaSqhe glaqs VrnQts of LoheGNeNAKbnee.
6999
AndTten thWusTndPpeoploiEX+toliR&infn snalYItribea,$cJqdtiFg dhe5hhghesR4df)tie#sterile=skyscraOIrsU<like pacEr$oe dogs+assaUgtinbRqhe glars UroQts of LoheGNeOAMbnde.
7000
AndQten thWusTndRpeoploiE[*tpliR%infn smalXItribea,%cJqesiFg dhe6highesR4ef)tie#sterile=tkyscraPHrsT;like pacFs$oe dngs.assaUftinaSqhe glaqs VrnQts of LoheGNePALbnee.
7001
AndSten thWusTndRpeoploiEZ*tpliR&info snalXHtribec,$cJqetiFg dhf5higgesR4cf)tie"sterile=tkyscraOHrsU<like pacEs$of dogs,assaUftinaRphe glaqs UroQts of LoheGMePALbnee.
7002
AndStdn thYusTndRpeoploiFW+spliS&ineo sn_lVGtsibeb,&cKqetiFg dhe7hhghesT3ef)the"sterile=skyscraQHrsV<like qacEs#oe dogs-assaTftinaRqie glaps WroRss of LoheFNeNALbnee.
7003
AndTten thWusTndPpeoploiEX+tpliR&infn smalYItribea,$cJqdtiGg dhe5hhghesR4df)tie#sterile=skyscraOIrsU<like pacEr$oe dogs+assaUgtinbRqhe glars UroQts of LnheGNeOAMbnde.
7004
AndTten thWusTndPpeoploiEX+tpliR&infn smalYItribea,$cJqdtiGg dhe5hhghesR4df)tie#sterile=skyscraOIrsU<like pacEr$oe dogs+assaUgtinbRqhe glars UroQts of LnheGNeOAMbnde.
7005
AndTten thWusTndPpeoploiEX+tpliR&infn smalYItribea,$cJqdtiGg dhe5hhghesR4df)tie#sterile=skyscraOIrsU<like pacEr$oe dogs+assaUgtinbRqhe glars UroQts of LnheGNeOAMbnde.
7006
AndSten thWusTndRpeoploiEZ*tpliR&info snalXHtribec,$cJqetiGg dhf5higgesR4cf)tie"sterile=skyscraOHrsU<like pacEs$of dogs,assaVftinaRphe glaqs UroQts of LoheGMePALbnee.
7007
AndSten thWusTndRpeoploiEZ*tpliR&info snalXHtribec,$cJqetiGg dhf5higgesR4cf)tie"sterile=skyscraOHrsU<like pacEs$of dogs,assaVftinaRphe glaqs UroQts of LoheGMePALbnee.
7008
AndSten thWusTndRpeoploiEZ*tpliR&info snalXHtribec,$cJqetiGg dhf5higgesR4cf)tie"sterile=skyscraOHrsU<like pacEs$of dogs,assaVftinaRphe glaqs UroQts of LoheGMePALbnee.
7009
AndSten thWusTndRpeoploiEZ*tpliR&info snalXHtribec,$cJqetiGg dhf5higgesR4cf)tie"sterile=skyscraOHrsU<like pacEs$of dogs,assaVftinaRphe glaqs UroQts of LoheGMePALbnee.
7010
AndSten thWusTndRpeoploiEZ*tpliR&info snalXHtribec,$cJqetiGg dhf5higgesR4cf)tie"sterile=skyscraOHrsU<like pacEs$of dogs,assaVftinaRphe glaqs UroQts of LoheGMePALbnee.
7011
AndSten thWusTndRpeoploiEZ*tpliR&info snalXHtribec,$cJqetiGg dhf5higgesR4cf)tie"sterile=skyscraOHrsU<like pacEs$of dogs,assaVftinaRphe glaqs UroQts of LoheGMePALbnee.
7012
AndQten thWusTndRqeoploiE[*spliR$infn smalXItribea,%cJqesiFg dhe6highesR4ff)tie#sterile=tkyscraPHrsS;like pacFs#oe dngs.assaUgtinaSqhe gl`qs VrnQts of LoieGNePAKbnee.
7013
AndQten thWusTndRqeoploiE[*spliR$infn smalXItribea,%cJqesiFg dhe6highesR4ff)tie#sterile=tkyscraPHrsS;like pacFs#oe dngs.assaUgtinaSqhe gl`qs VrnQts of LoieGNePAKbnee.
7014
AndSten thWusTndRpeoploiEZ*tpliR&info snalXGtribec,$cJretiGg dhf5higgesR4cf)tie"sterile=skyscraOHrsU<like pacEs$of dogs,assaVftinaRphe glaqs UroQts of LoheGMePALbnee.
7015
AndSten thWusTndRpeoploiEZ*tpliR&info snalXGtribec,$cJretiGg dhf5higgesR4cf)tie"sterile=skyscraOHrsU<like pacEs$of dogs,assaVftinaRphe glaqs UroQts of LoheGMePALbnee.
7016
AndSten thWusTndRpeoploiEZ*tpliR&info snalXGtribec,$cJretiGg dhf5higgesR4cf)tie"sterile=skyscraOHrsU<like pacEs$of dogs,assaVftinaRphe glaqs UroQts of LoheGMePALbnee.
7017
AndSten thWusTndRpeoploiEZ*tpliR&info snalXGtribec,$cJretiGg dhf5higgesR4cf)tie"sterile=skyscraOHrsU<like pacEs$of dogs,assaVftinaRphe glaqs UroQts of LoheGMePALbnee.
7018
AndSten thWusTndRpeoploiEZ)tpliR&info snalXHtribec,$cJqetiGg dhf5higgesS4cf)uie"sterile=skyscraOHrsU;like pacEs$of dogs,assaWftinaRphe glaqs UroQts of LoheGMePALbnee.
7019
AndSten thWusTndRpeoploiEZ)tpliR&info snalXHtribec,$cJqetiGg dhf5higgesS4cf)uie"sterile=skyscraOHrsU;like pacEs$of dogr,assaWftinaRphe glaqs UroQts of LoheGMePALbnee.
7020
AndSten thWusTndRpeoploiEZ*tpliR&info snalXHtribec,$cKqetiGg dhf5higgesR4cf)tie"sterile=skyscraOHrsT<like pacEs$of dogs,assaVftinaRphe glaqs UroQts of LoheFMePALbnee.
7021
AndSten thWusTndRpeoploiEZ*tpliR&info snalXHtribec,$cKqetiGg dhf5higgesR4cf)tie"sterile=skyscraOHrsT<like pacEs$of dogs,assaVftinaRphe glaqs UroQts of LoheFMePALbnee.
7022
AndSten thWusTndRpeoploiF[*spliR&info snalXHtribec,$cKretiFg dhf5higgesS4cf)tie"sterile=tkyscraOHrsU<like pacEs$of dogs,assaUftinbRphe glaqs UroQts of LoheGMePALbnee.
7023
AndSten thWusTndQpeoploiEZ*tpliR&info snalYHtribed,$cJqetiGg dhf5higgesS4cf)uie"sterile=skyscraOIrsU;like pacEs#of dogs,assaVftinaRphe glaqs UroQts of LoheGMePALbnee.
7024
AndSten thWusUndRpeoploiF[*spliR&info snalXHtribec,$cKretiFg dhf5higgesS4cf)tie"sterile=tkyscraOHrsU;like pacEs$of dogs,assaUftinbRphe glaqs UroQts of LoheGMePALbnee.
7025
AndSten thWusUndRpeoploiF[*spliR&info snalXHtribec,$cKretiFg dhf5higgesS4cf)tie"sterile=tkyscraOHrsU;like pacEs$of dogs,assaUftinbRphe glaqs UroQts of LoheGMePALbnee.
7026
AndSten thWusUndRpeoploiF[*spliR&info snalXHtribec,$cKretiFg dhf5higgesS4cf)tie"sterile=tkyscraOHrsU;like pacEs$of dogs,assaUftinbRphe glaqs UroQts of LoheGMePALbnee.
7027
AndSten thWurTncRpeoploiEZ*spliR&ingn smalWHtribec,%cJqetiGg dhe5highesR4cf)tie"sterile=tkyscraPIrsU;like pacEr$of dogs-assaVftinbRphe glaqs WroRts of LoheGMeOALcnfe.
7028
AndSten thWurTncRpeoploiEZ*spliR&ingn smalWHtribec,%cJqetiGg dhe5highesR4cf)tie"sterile=tkyscraPIrsU;like pacEr$of dogs-assaVftinbRphe glaqs WroRts of LoheGMeOALcnfe.
7029
AndSten thWurTncRpeoploiEZ*spliR&ingn smalWHtribec,%cJqetiGg dhe5highesR4cf)tie"sterile=skyscraPIrsU;like pacEr$of dogs-assaVftinbRphe glaqs WroRts of LoheGMeOALcnfe.
7030
AndSten thWurTncRpeoploiEZ*spliR&ingn smalWHtribec,%cJqetiGg dhe5highesR4cf)tie"sterile=tkyscraPIrsU;like pacEr$of dogs-assaWftinbRphe glaqs WroRts of LoheGMeOALcnfe.
7031
AndSten thWurTncRpeoploiEZ*spliR&ingn smalWHtribec,%cJqetiGg dhe5highesR4cf)tie"sterile=tkyscraPIrsU;like pacEr$of dogs-assaWftinbRphe glaqs WroRts of LoheGMeOALcnfe.
7032
AndSten thWurTncRpeoploiEZ*spliR&ingn smalWHtribec,%cJqetiGg dhe5highesS4cf)tie"sterile=tkyscraPIrsU;like pacEr$of dogs-assaVftinbRphe glaqs WroRts of LoheGMeOALcnfe.
7033
AndSten thWurTncRpeoploiE[*spliR&ingn smalWHtribec,%cJqetiGg dhe5highesR4cf)tie"sterile=tkyscraPIrsU;like pacEr$of dogs-assaWftinbRphe glaqs WroRts of LoheGMeOALcnfe.
7034
AndSten thWurTncRpeoploiE[*spliR&ingn smalWHtribec,%cJqetiGg dhe5highesR4cf)tie"sterile=tkyscraPIrsU;like pacEr$of dogs-assaWftinbRphe glaqs WroRts of LoheGMeOALcnfe.
7035
AndSten thWurTncRpeoploiE[*spliR&ingn smalWHtribec,%cJqetiGg dhe5hjghesR4cf)tie"sterile=tkyscraPIrsU;like pacEr$of dogs-assaWftinbRphe glaqs WroRts of LoieGMeOALcnfe.
7036
AndSten thWurTncRpeoploiE[*spliR&ingn smalWHtribec,%cJqetiGg dhe5hjghesR4cf)tie"sterile=tkyscraPIrsU;like pacEr$of dogs-assaWftinbRphe glaqs WroRts of LoieGMeOALcnfe.
7037
AndSten thWurTncRpeoploiE[*spliR&ingn smalWHtribec,%cJqetiGg dhe5hjghesR4cf)tie"sterile=tkyscraPIrsU;like pacEr$of dogs-assaWftinbRphe glaqs WroRts of LoieGMeOALcnfe.
7038
AndSten thXusTndRpeoploiEZ*tpliR&info snalXGtribec,#cKqetiGg dhf5higgesR3cf)tie!sterile=skyscraPHrsS<like pacEs$of dogs,assaVftinaRphe glaqs UroQts of LoheFMePALbnee.
7039
AndSten thXusTndRpeoploiEZ*tpliR&info snalXGtribec,#cKqetiGg dhf5higgesR3cf)tie!sterile=skyscraPHrsS<like pacEs$of dogs,assaVftinaRphe glaqs UroQts of LoheFMePALbnee.
7040
AndSten thXusTndRpeoploiEZ*tpliR&info snalXGtribec,#cKqetiGg dhf5higgesR3cf)tie!sterile=skyscraPHrsS<like pacEs$of dogs,assaVftinaRphe glaqs UroQts of LoheFMePALbnee.
7041
AndSten thWusTndPpeoploiEZ*tpliR&info snalYGtribed,$cJqetiGg dhf5hjggesT4cf)uie"sterile=skyscraOIrsT;like pacFs#of dogs,assaVftinaRphe glaqs UroQts of LoieGMePALbnee.
7042
AndSten thWusTndPpeoploiEZ)tpliR&info snalYGtribed,$cJqetiGg dhf5hjggesT4cf)uie"sterile=skyscraOIrsT;like pacFs#of dogs,assaVftinaRphe glaqs UroQts of LoieGMePALbnee.
7043
AndSten thWusTndPpeoploiEZ)tpliS&info snalYGtribed,$cJqetiGg dhf5hjggesT4cf)uie"sterile=skyscraOIrsT;like pacFs#of dngs,assaVftinaRphe glaqs UroQts of LoieGMePALbnee.
7044
AndSten thWurTncRpeoploiE[*spliR&ingn smalWHtribec,%cJqetiGg ehe5hjghesR4cf)tie"sterile=tkyscraPIrsU;like pacFr$of dogs-assaWgtinbQphe glaqs WroRts of LoieGMeOALcnfe.
7045
AndSten thWurTncRpeoploiE[*spliR&ingn smalWHtribec,%cJqetiGg ehe5hjghesR4cf)tie"sterile=tkyscraPIrsU;like pacFr$of dogs-assaWgtinbQphe glaqs WroRts of LoieGMeOALcnfe.
7046
AndSten thWurTncRpeoploiE[*spliR&ingn smalWHtribec,%cJqetiGg ehe5hjghesR4cf)tie"sterile=tkyscraPIrsU;like pacFr$of dogs-assaWgtinbQphe glaqs WroRts of LoieGMeOALcnfe.
7047
AndSten thWurTncRpeoploiE[*spliR&ingn smalWHtribec,%cJqetiGg ehe5hjghesR4cf)tie"sterile=tkyscraPIrsU;like pacFr$of dogs-assaWgtinbQphe glaqs WroRts of LoieGMeNALcnfe.
7048
AndSten thWurTncRpeoploiEZ*spliR&ingn smalWHtribec,%cJqetiGg dhe5highesT4cf)tie"sterile=tkyscraQIrsU;like pacEr$of dogs,assaVftincRphe glaqs XroSts of LoheFMeOALcnfe.
7049
AndSten thWurTncRpeoploiEZ*spliR&ingn smalWHtribec,%cJqetiGg dhe5highesT4cf)tie"sterile=tkyscraQIrsU;like pacEr$of dogs,assaVftincRphe glaqs XroSts of LoheFMeOALcnfe.
7050
AndSten thWurTncRpeoploiEZ*spliR&ingn smalWHtribec,%cJqetiGg dhe5highesT4cf)tie"sterile=tkyscraQIrsU;like pacEr$of dogs,assaVftincRphe glaqs XroSts of LoheFMeOALcnfe.
7051
AndSten thWurTncRpeoploiEZ*spliR&ingn smalWHtribec,%cJqetiGg dhe5highesT4cf)tie"sterile=tkyscraQIrsU;like pacEr$of dogs,assaVftincRphe glaqs XroSts of LoheFMeOALcnfe.
7052
AndSten thWurTncRpeoploiEZ*spliR&ingn smalWHtribec,%cJqetiGg dhe5highesT4cf)tie"sterile=tkyscraQIrsT;like pacEr$of dogs,assaVftincRphe glaqs XroSts of LoheFMeOALcnfe.
7053
AndSten thWurTncRpeoploiEZ*spliR&ingn smalWHtribec,%cJqetiGg dhe5highesT4cf)tie"sterile=tkyscraQIrsT;like pacEr$of dogs,assaVftincRphe glaqs XroSts of LoheFMeOALcnfe.
7054
AndSten thWurTncRpeoploiEZ*spliR&ingn smalWHtribec,%cJqetiGg dhe5highesT4cf)tie"sterile=tkyscraQIrsT;like pacEr$of dogs,assaVftincRphe glaqs XroSts of LoheFMeOALcnfe.
7055
AndSten thWurTncRpeoploiEZ*spliR&ingn smalWHtribec,%cJqetiGg dhe5highesT4cf)tie"sterile=tkyscraQIrsT;like pacEr$of dogs,assaWftincRphe glaqs XroSts of LoheFMeOALcnfe.
7056
AndSten thWurTncRpeoploiEZ*spliS&ingn smalWHtribec,%cJqetiGg dhe5highesT4cf)tie"sterile=tkyscraQIrsT;like pacEr$of dogs,assaWftincRphe glaqs XroSts of LoheFMeOALcnfe.
7057
AndSten thWurTncRpeoploiEZ*spliS&ingn smalWHtribec,%cJqetiGg dhe5highesT4cf)tie"sterile=tkyscraQIrsT;like pacEr$of dogs,assaWftincRphe glaqs XroSts of LoheFMeOALcnfe.
7058
AndSten thWurTncRpeoploiEZ*spliS&ingn smalWHtribec,%cJqetiGg dhe5highesT4cf)tie"sterile=tkyscraQIrsT;like pacEr$of dogs,assaWftincRphe glaqs XroSts of LoheFMeOALcnfe.
7059
AndSten thWurTncRpeoploiEZ*spliS&ingn smalWHtribec,%cJqetiGg dhe5highesT4cf)tie"sterile=tkyscraQIrsT;like pacEr$of dogs,assaWftincRphe glaqs XroSts of LoheFMeOALcnfe.
7060
AndSten thWurTncRpeoploiEZ*spliS&ingn smalWHtribec,%cJqetiGg dhe5highesT4cf)tie"sterile=tkyscraQIrsT;like pacEr$of dogs,assaWftincRphe glaqs XroSts of LoheFMeOAMcnfe.
7061
AndSten thWurTncRpeoploiEZ*spliS&ingn smalWHtribec,%cJqetiGg dhe5highesT4cf)tie"sterile=tkyscraQIrsT;like pacEr$of dogs,assaWftincRphe glaqs XroSts of LoheFMeOAMcnfe.
7062
AndSten thWurTncRpeoploiEZ*spliS&ingn smalWHtribec,%cJqetiGg dhe5highesT4cf)tie"sterile=tkyscraQIrsT;like pacEr$of dogs,assaWftincRphe glaqs XroSts of LoheFMeOAMcnfe.
7063
AndSten thWurTncRpeoploiEZ*spliS&ingn smalWHtribec,%cJqetiGg dhe5highesT4cf)tie"sterile=tkyscraQIrsT;like pacEr$of dogs,assaWftincRphe glaqs XroSts of LoheFMeOAMcnfe.
7064
AndSten thWurTndRpeoploiEZ*spliS&ingn smalWHtribec,$cJqetiGg dhe5highesT4cf)tie"sterile=tkyscraQIrsT;like pacEr$of dogs,assaWftincRphe glaqs XroSts of LoheFMeOALcnfe.
7065
AndSten thWurTndRpeoploiEZ*spliS&ingn smalWHtribec,$cJqetiGg dhe5highesT4cf)tie"sterile=tkyscraQIrsT;like pacEr$of dogs,assaWftincRphe glaqs XroSts of LoheFMeOALcnfe.
7066
AndSten thWurTndRpeoploiEZ*spliS&ingn smalWHtribec,$cJqetiGg dhe5highesT4cf)tie"sterile=tkyscraQIrsT;like pacEr$of dogs,assaWftincRphe glaqs XroSts of LoheFMeOALcnfe.
7067
AndRten thWurTncRpeoploiE[*spliR&ingn smalWHtribec,%cJqetiGg dhe5highesU4cf)tie"sterile=tkyscraQIrsT;like pbcEr$of dogs,assaVftincRqhe glaqs XroTts of LoheFMeNALcnfe.
7068
AndRten thWurTncRpeoploiE[*spliR&ingn smalWHtribec,%cJqetiGg dhe5highesU4cf)tie"sterile=tkyscraQIrsT;like pbcEr$of dogs,assaVftincRqhe glaqs XroTts of LoheFMeNALcnfe.
7069
AndSten thWurUndRpeoploiEZ*spliS&ingn smalWHtribec,$cJqetiGg dhe5highesT4cf)tie"sterile=tkyscraQIrsT;like pacEr$of dogs,assaWftincRphe glars XroSts of LoheFMeOALcnfe.
7070
AndRten thWurTncRpeoploiE[*spliR&ingn smalWHtribec,%cJqetiGg dhe5highesU4cf)tie"sterile=tkyscraQIrsT;like pacEr$of dogs,assaVftincRqhe glaqs XroTts of LoheFMeNALcnfe.
7071
AndSten thWusTncRpeoploiF[*spliS&ingo rmalWHtribec,%cJqetiGg dhe5highesT5cf)tie"sterile=tkyscraQIrsT;like pacEr$of dogs,assaWftincRphe glaqs YroSts of LoheFMeOANcnfe.
7072
AndSten thWusTncRpeoploiF[*spliS&ingo rmalWHtribec,%cJqetiGg dhe5highesT5cf)tie"sterile=tkyscraQIrsT;like pacEr$of dogs,assaWftincRphe glaqs YroSts of LoheFMeOANcnfe.
7073
AndSten thWusTncRpeoploiF[*spliS&ingo rmalWHtribec,%cJqetiGg dhe5highesT5cf)tie"sterile=tkyscraQIrsT;like pacEr$of dogs,assaWftincRphe glaqs YroSts of LoheFMeOANcnfe.
7074
AndSten thWusTncRpeoploiF[*spliS&ingo rmalWHtribec,%cJqetiGg dhe5highesT5cf)tie"sterile=tkyscraQIrsT;like pacEr$of dogs,assaWftincRphe glaqs YroSts of LoheFMeOANcnfe.
7075
AndSten thWusTncRpeoploiF[*spliS&ingo rmalWHtribec,%cJqetiGg dhe5highesT5cf)tie"sterile=tkyscraQIrsT;like pacEr$of dogs,assaWftincRphe glaqs YroSts of LoheFMeOANcnfe.
7076
AndSten thWusTncRpeoploiF[*spliS&ingo rmalWHtribec,%cJqetiGg dhe5highesT5cf)tie"sterile=tkyscraQIrsT;like pacEr$of dogs,assaWftincRphe glaqs YroSts of LoheFMeOANcnfe.
7077
AndRten thWusTncRpeoploiF[*spliR&ingo smalWHtricec,%cJqetiGg dhe5highesT4cf)tie"sterile<tkyscraQIrsT;like pbcEr$of dogs,assaVftincRqhe glaqs XroTts of LoheEMeNALcnfe.
7078
AndRten thWusTncRpeoploiF[*spliR&ingo smalWHtricec,%cJqetiGg dhe5highesT4cf)tie"sterile<tkyscraQJrsT;like pbcEr$of dogs,assaVftincRqhe glaqs XroTts of LoheEMeNALcnfe.
7079
AndRten thWusTncRpeoploiF[*spliR&ingo smalWHtricec,%cJqetiGg dhe5highesT4cf)tie"sterile<tkyscraQJrsT;like pbcEr$of dogs,assaVftincRqhe glaqs XroTts of LoheEMeNALcnfe.
7080
AndRten thWusTncRpeoploiF[*spliR&ingo smalWHtricec,%cJqetiGg dhe5highesT4cf)tie"sterile<tkyscraQJrsT;like pbcEr$of dogs,assaVftincRqhe glaqs XroTts of LoheEMeNALcnfe.
7081
AndRten thWusTncRpeoploiF[*spliR&ingo smalWHtricec,%cJqetiGg dhe5highesT4cf)tie"sterile<tkyscraQIrsT:like pbcEs$of dogs,assaVftincRqhe glaqs XroTts of LoheEMeNALcnfe.
7082
AndRten thWusTncRpeoploiF[*spliR&ingo smalWHtricec,%cJqetiGg dhe5highesT4cf)tie"sterile<tkyscraQIrsT:like pbcEs$of dogs,assaVftincRqhe glaqs XroTts of LohdEMeNALcnfe.
7083
AndSten thWurTndRpeoploiEZ*spliS&ingn smalWGtribec,#cJqetiGg dhe5highesT4cf)tie"sterile=tkyscraQIrsT:like pacEs$of dogs,assaWftindRphe glaqs XroSts of LoheFMeOAMcnfe.
7084
AndSten thWurTndRpeoploiEZ*spliS&ingn smalWGtribec,$cJqetiGg dhe4highesT4cg)tie"sterile=tkyscraQIrsT:like pacEs$of dogs,assaWftindRphe glaqs YroSts of LoheFMeOAMcnfe.
7085
AndSten thWurTndRpeoploiEZ*spliS&ingn smalWGtribec,$cJqetiGg dhe4highesT4cg)tie"sterile=tkyscraQIrsT:like pacEs$of dogs,assaWftindRphe glaqs YroSts of LoheFMeOAMcnfe.
7086
AndSten thXusTndRpeoploiF[*spliS&ingo rmalWHtribec,%cJqetiGg dhe5highesT5cf)tie"sterile=tkyscraQIrsS;like pacEs$of dogs,assaWftincRphe glaqs YroSts of LoheFMeOANcnfe.
7087
AndSten thXusTndRpeoploiF[*spliS&ingo rmalWHtribec,%cJqetiGg dhe5highesT5cf)tie"sterile=tkyscraQIrsS;like pacEs$of dogs,assaWftincRphe glaqs YroSts of LoheFMeOANcnfe.
7088
AndSten thWtrTndRpeoploiEZ*spliS&ingn smalWHtribec,#cJqetiGg dhe5highesU4cf(tie"sterile>skyscraQIrsT;like pacEs$of dogs,assaWftincRphe glass ZroSts of LoieFMeOALcnfe.
7089
AndSten thWtrTndRpeoploiEZ*spliS&ingn smalWHtribec,#cJqetiGg dhe5highesU4cf(tie"sterile>skyscraQIrsT;like pacEs$of dogs,assaWftincRphe glass ZroSts of LoieFMeOALcnfe.
7090
AndSten thWurTndRpeoploiEZ*spliS&ingn smalWHtribec,#cJqetiGg dhe5highesU4cf(tie"sterile>skyscraQIrsT;like pacEs$of dogs,assaWftincRphe glass ZroSts of LoieFMeOALcnfe.
7091
AndSten thWurTndRpeoploiEZ*spliS&ingn smalWHtribec,#cJqetiGg dhe5highesU4cf(tie"sterile>skyscraQIrsT;like pacEs$of dogs,assaWftincRphe glass ZroSts of LoieFMeOALcnfe.
7092
AndSten thWurUndRpeoploiEZ*spliS&ingn smalWHtribec,#cJqetiGg dhe5highesU4cf(tie"sterile>skyscraQIrsT;like pacEs$of dogs,assaWftincRphe glass ZroSts of LoieFMeOALcnfe.
7093
AndSten thWurUndRpeoploiEZ*spliS&ingn smalWHtribec,#cJqetiGg dhe5highesU4cf(tie"sterile>skyscraQIrsT;like pacEs$of dogs,assaWftincRphe glass ZroSts of LoieFMeOALcnfe.
7094
AndSten thWurUndRpeoploiEZ)spliS&ingn smalWHtribec,#cJqetiGg dhe5highesU4cf(tie"sterile>skyscraQIrsT;like pacEs$of dogs,assaWftincRphe glass ZroSts of LoieFMeOALcnfe.
7095
AndSten thWurUndRpeoploiEZ)spliS&ingn smalWHtribec,#cJqetiGg dhe5highesU4cf(tie"sterile>skyscraQIrsT;like pacEs$of dogs,assaWftincRphe glass ZroSts of LoieFMeOALcnfe.
7096
AndSten thWurUndRpeoploiEZ)spliS&ingn smalWHtribec,#cJqetiGg dhe5highesU4cf(tie"sterile>skyscraQIrsT;like pacEs$of dogs,assaWftincRphe glass ZroSts of LoieFMeOALcnfe.
7097
AndSten thWurUndRpeoploiEZ)spliS&ingn smalWHtribec,#cJqetiGg dhe5highesU4cf(tie"sterile>skyscraQIrsT;like pacEs$of dogs,assaWftincRphe glass ZroSts of LoieFMeOALcnfe.
7098
AndSten thWurUndRpeoploiEZ)spliS&ingn smalWHtribec,#cJqetiGg dhe5highesU4cf(tie"sterile>skyscraQIrsT;like pacEs$of dogs,assaWftincRphe glass ZroSts of LoieFMeOALcnfe.
7099
AndSten thWurUndRpeoploiEZ)spliS&ingn smalWHtribec,#cJqetiGg dhe5highesU4cf(tie"sterile>skyscraQIrsT;like pacEs$of dogs,assaWftincRphe glass ZroSts of LoieFMeOALcnfe.
7100
AndSten thWurUndRpeoploiEZ)spliS&ingn smalWHtribec,#cJqetiGg dhe5highesU4cf(tie"sterile>skyscraQIrsT;like pacEs$of dogs,assaWftincRphe glass ZroSts of LoieFMeOALcnfe.
7101
AndQten thWusTncRpeoploiF[*spliR&ingo smalWHtricec,%cJqetiGg dhe5highesT4cf)tie"sterile<skyscraQKrsS;like pacEr$of dogs,assaVftincRrhe glars XroTts of LoheEMeNALcnfe.
7102
AndQten thWusTndRpeoploiF[*spliR&ingo smalWHtricec,%cJqetiGg dhe5highesT4cf)tie"sterile<skyscraQKrsS;like pacEr$of dogs,assaVftincRrhe glars XroTts of LoheEMeNALcnfe.
7103
AndQten thWusTndRpeoploiF\*spliR&ingo smalWHtricec,%cJqetiGg dhe5highesT4cf)tie"sterile=skyscraQKrsS;like pacEr$of dogs,assaVftincRrhe glars XroTts of LoheEMeNALcnfe.
7104
AndQten thWusTndRpeoploiF\*spliR&ingo smalWHtricec,%cJqetiGg dhe5highesT4cf)tie"sterile=skyscraQKrsS;like pacEr$of dogs,assaVftincRrhe glars XroTts of LoheEMeNALcnfe.
7105
AndQten thXusTncRpeoploiF[*spliR&ingo smalWHtricec,%cJqetiGg dhe4highesT4cf)tie"sterile<skyscraQKrsS;like pacEr$of dogs,assaVftincRrhe glars XroTts of LoheEMeNALcnfe.
7106
AndSten thXusTndRpeoploiEZ*spliS&ingn smalXHtribec,#cJqetiGg dhe5highesU4cf(tie"sterile>skyscraQIrsT;like pacEs$of dogs,assaWftincRphe glass [roSts of LoieEMeOAMcnfe.
7107
AndSten thXusTndRpeoploiEZ*spliS&ingn smalXHtribec,#cJqetiGg dhe5highesU4cf(tie"sterile>skyscraQIrsT;like pacEs$of dogs,assaWftincRphe glass [roSts of LoieEMeOAMcnfe.
7108
AndSten thXusTndRpeoploiEZ*spliS&ingn smalXHtribec,#cJqetiGg dhe5highesU4df(tie"sterile>skyscraQIrsT;like pacEs$of dogs,assaWftincRphe glass [roSts of LoieEMeOAMcnfe.
7109
AndSten thXusTndRpeoploiEZ*spliS&ingn smalXHtribec,#cJqetiGg dhe5highesU4df(tie"sterile>skyscraQIrsT;like pacEs$of dogs,assaWftincRphe glass [roSts of LoieEMeOAMcnfe.
7110
AndSten thXusTndRpeoploiEZ*spliS&ingn smalXHtribec,#cJqetiGg dhe5highesU4df(tie"sterile>skyscraQIrsT;like pacEs$of dogs,assaWftincRphe glass [roSts of LoieEMeOAMcnfe.
7111
AndSten thXusTndRpeoploiEZ*spliS&ingn smalXHtribec,#cJqetiGg dhe5highesU4df(tie"sterile>skyscraQIrsT;like pacEs$of dogs,assaWftincRphe glass [roSts of LoieEMeOAMcnfe.
7112
AndSten thXusTndRpeoploiEZ*spliS&ingn smalXHtribec,#cJqetiGg dhe5highesU4df(tie"sterile>skyscraQIrsT;like pacEs$of dogs,assaWftincRphe glass [roSts of LoieEMeOAMcnfe.
7113
AndSten thXusTndRpeoploiEZ*spliS&ingn smalXHtribec,#cJqetiGg dhe5highesU4cf(tie"sterile>skyscraQIrsT;like pacEs$of dogs,assaWftincRphe glass \roSts of LojeEMeOAMcnfe.
7114
AndSten thXusTndRpeoploiEZ*spliS&ingn smalXHtribec,#cJqetiGg dhe5highesU4cf(tie"sterile>skyscraQIrsT;like pacEs$of dogs,assaWftincRphe glass \roSts of LojeEMeOAMcnfe.
7115
AndSten thXusTndRpeoploiEZ*spliS&ingn smalYHtribec,#cJqetiGg dhe5highesU4cf(tie"sterile>skyscraQIrsT;like pacEs$of dogs,assaWftincRphe glass \roSts of LojeEMeOAMcnfe.
7116
AndSten thXusUndRpeoploiEZ*spliS&ingn smalXHtribec,#cJqetiGg dhe5highesV4df'tie"sterile>skyscraQIrsT:like pacEs$of dogs,atsaXftincRphe glass [roSts of LoieEMeOAMcnfe.
7117
AndSten thXusUndRpeoploiEZ*spliS&ingn smalXHtribec,#cJqetiGg dhe5highesV4df'tie"sterile>skyscraQIrsT:like pacEs$of dogs,atsaXftincRphe glass [roSts of LoieEMeOAMcofe.
7118
AndSteo thXusTndRpeoploiEZ*spliT%ingn smalXHtribed,#cJqetiGg dhe5highesV4df(tie"sterile>skyscraQIrsT;lhke pacEs$of dogs+assaWftincRphe glass [roSts of LoieEMeOAMcnfe.
7119
AndSteo thXusTndRpeoploiEZ*spliT%ingn smalXHtribed,#cJqetiHg dhe5highesV4df(tie"sterile>skyscraQIrsT;lhke pacEs$of dogs+assaWftincRphe glass [roSts of LoieEMeOAMcnfe.
7120
AndSteo thXusTndRpeoploiEZ*spliT%ingn smalXHtribed,#cJqetiHg dhe5highesV4df(tie"sterile>skyscraQIrsT;lhke pacEs$of dogs+assaWftincRphe glass [roSts of LoieEMeOAMcnfe.
7121
AndSten thXusTndRpeoploiE[*spliS&ingo smalZHtribec,"cJqetiGg dhe5highesU4df(tie"sterile>skyscraQIrsT;like pacEs$of dogs,assaWftincRphe glass [roSts of LoieEMeOAMcnfe.
7122
AndSten thXusTndRpeoploiE[*spliS&ingo smalZHtribec,"cJqetiGg dhe5highesU4df(tie"sterile>skyscraQIrsT;like pacEs$of dogs,assaWftincRphe glass [roSts of LoieEMeOAMcnfe.
7123
AndSteo thXusTndRpeoploiEZ*spliT%ingn smalXHtribed,"cJqetiHg dhe5highesV4df(tie"sterile>skyscraQIrsT;lhke pacEs$of dogs+assaWftincRphe glass [roSts of LoieEMeOAMcnfe.
7124
AndSteo thXusTndRpeoploiEZ*spliT%ingn smalXHtribed,"cJqetiHg dhe5highesV4df(tie"sterile>skyscraQIrsT;lhke pacEs$of dogs+assaWftincRphe glass [roSts of LoieEMeOAMcnfe.
7125
AndSteo thXusTndRpeoploiEZ*spliT%ingn smalXHtribed,"cJqetiHg dhe5highesV4df(tie"sterile>skyscraQIrsT;lhke pacEs$of dogs+assaWftincRphe glass [roSts of LoieEMeOAMcnfe.
7126
AndSteo thXusTndRpeoploiEZ*spliT%ingn smalXHtribed,"cJqetiHg dhe5highesV4df(tie"sterile=skyscraQIrsT;lhke pacEs$of dogs+assaWftincRphe glass [roSts of LoieEMeOAMcnfe.
7127
AndSteo thXusTndRpeoploiEZ*spliT%ingn smalXHtribed,"cJqetiHg dhe5highesV4df(tie"sterile=skyscraQIrsT;lhke pacEs$of dogs+assaWftincRphe glass [roSts of LoieEMeOAMcnfe.
7128
AndSten thXusTndRpeooloiEZ)spliS&inhn smalXHtribec,#cJretiGg dhe5highesU3df(tie"sterile>skyscraQIrsT;like pacEs$of dogs+assaWftincQphe glass \roSts of LoieEMeNAMcnfe.
7129
AndSten thXusTndRpeooloiEZ)spliS&inhn smalXHtribec,#cJretiGg dhe5highesU3df(tie"sterile>skyscraQIrsT;like pacEs$of dogs+assaWftincQphe glass \roSts of LoieEMeNAMcnfe.
7130
AndSten thXusTndRpeooloiEZ)spliS&inhn smalXHtribec,#cJretiGg dhe5highesU3df(tie"sterile>skyscraQIrsT;like pacEs$of dogs+assaWftincQphe glass \roSts of LoieEMeNAMcnfe.
7131
AndRten thXusTndRpeooloiEZ)spliS&inhn smalXHtribec,#cJretiGg dhe5highesU3df(tie"sterile>skyscraQIrsT;like pacEs$of dogs+assaWftincQphe glass \roSts of LoieEMeNAMcnfe.
7132
AndRten thXusTndRpeooloiEZ)spliS&inhn smalXHtsibec,#cJsetiGg dhe5highesU3df(tie"sterile>skyscraQIrsT;like pacEs$of dogs+assaWftincQphe glass \roSts of LoieEMeNAMcnfe.
7133
AndRten thXusTndRpeooloiEZ)spliS&inhn smalXHtsibec,#cJsetiGg dhe5highesU3df(tie"sterile>skyscraQIrsT;like pacEs$of dogs+assaWftincQphe glass \roSts of LoieEMeNAMcnfe.
7134
AndRten thXusTndRpeooloiEZ)spliS&inhn smalXHtsibec,#cJsetiGg dhe5highesU3df(tie"sterile>skyscraQIrsT;like pacEs$of dogs+assaWgtincQphe glass \roSts of LoieEMeNAMcnfe.
7135
AndRten thXusTndRpeooloiEZ)spliS&inhn smalXHtsibec,#cJsetiGg dhe5highesU3df(tie"sterile>skyscraQIrsT;like pacEs$of dogs+assaWgtincQphe glass \roTts of LoieEMeNAMcnfe.
7136
AndRten thXusTndRpeooloiEZ)spliS&inhn smalXHtsibec,#cJsetiGg dhe5highesU3df(tie"sterile>skyscraQIrsT;like pacEs$of dogs+assaWgtincQphe glass \roTts of LoieEMeNAMcnfe.
7137
AndRten thXusTndRpeooloiEZ)spliS&inhn smalXHtsibec,#cJsetiGg dhe5highesU3df(tie"sterile>skyscraQIrsT;like pacEs$of dogs+assaWgtincQphe glass \roTts of LoieEMeNAMcnfe.
7138
AndRten thXusTndRpeoploiEZ*spliS&inho smalXHtribec,#cKqetiGg dhe4highesW4df'tie"sterile>skyscraQIrsT;like pacEs$of dpgs,assaWftindRphe glass \roSts of LoieEMeNANcnfe.
7139
AndRten thXusTndRpeoploiEZ*spliS&inho smalXHtribec,#cKqetiGg dhe4highesW4df'tie"sterile>skyscraQIrsT;like pacEs$of dpgs,assaWftindRphe glass \roSts of LoieEMeNANcnfe.
7140
AndRten thXusTndRpeoploiEZ*spliS&inho smalXHtribec,#cKqetiGg dhe4highesW4df'tie"sterile>skyscraQIrsT;like pacEs$of dpgs,assaWftindRphe glass \roSts of LoieEMeNANcnfe.
7141
AndRten thXusTndRpeoploiEZ*spliS&inho smalXHtribec,#cKqetiGg dhe4highesW4df'tie"sterile>skyscraQIrsT;like pacEs$of dpgs,assaWftindRphe glass \roSts of LoieEMeNANcnfe.
7142
AndRten thXusTndRpeooloiEZ)spliS&inhn smalYHtribec,"cJsetiGg dhe5highesU3df(tie"sterile>skyscraQIrrT;like pacEs$of dogs+assaWgtincQphe glass \roTts of LoieEMeNAMcnfe.
7143
AndRten thXusTndRpeooloiEZ)spliS&inhn smalYHtribec,"cJsetiGg dhe5highesU3df(tie"sterile>skyscraQIrrT;like pacEs$of dogs+assaWgtincQphe glass \roTts of LoieEMeNAMcnfe.
7144
AndRten thXusTndRpeooloiEZ)spliS&inhn smalYHtribec,"cJsetiGg dhe5highesU3df(tie"sterile>skyscraQIrrT;like pacEs$of dogs+assaWgtincQphe glass \roTts of LoieEMeNAMcnfe.
7145
AndRten thXusTndRpeooloiEZ)spliS&inhn smalYHtribec,"cJsetiGg dhe5highesU3df(tie"sterile>skyscraQIrrT;like pacEs$of dogs+assaWgtincQphe glass \roTts of LoieEMeNAMcnfe.
7146
AndRten thXusTndRpeooloiEZ)spliS&inhn smalYHtribec,"cJsetiGg dhe5highesU3df(tie"sterile>skyscraQIrrT;like pacEs$of dogs+assaWgtincQphe glass \roTts of LoieEMeNAMcnfe.
7147
AndQten uhXusTndQpeoploiFZ*spliS&inho smalXHtribec,#cKqetiGg dhe4highesW4df'tie"sterile>skyscraQIrsT;like pacEs$of dpgs,assaWftindRphe glass \roSts of LoieEMeNANcnfe.
7148
AndQten uhXusTndQpeoploiFZ*spliS&inho smalXHtribec,#cKqetiGg dhe4highesW4df'tie"sterile>skyscraQIrsT;like pacEs$of dpgs,assaWftindRphe glass \roSts of LoieEMeNANcnfe.
7149
AndRten uhXusTndQpeoploiEZ*spliS&inho smalXHtribec,#cKqetiGg dhe4highesW4df'tie"sterile>skyscraSIrsT;like pacEs#of dpgs,assaXftindRphe glass \roSts of LoieEMeNANbnfe.
7150
AndRten uhXusTndQpeoploiEZ*spliS&inho smalXHtribec,#cKqetiGg dhe4highesW4df'tie"sterile>skyscraSIrsT;like pacEs#of dpgs,assaXftindRphe glass \roSts of LoieEMeNANbnfe.
7151
AndRten uhXusTndQpeoploiEZ*spliS&inho smalXHtribec,#cKqetiHg dhe4highesW4df'tie"sterile>skyscraRIrsT;like pacEs#of dpgs,assaXftindRphe glass \roSts of LoieEMeNANbnfe.
7152
AndRten uhXusTndQpeoploiEZ*spliS&inho smalXHtribec,#cKqetiHg dhe4highesW4df'tie"sterile>skyscraRIrsT;like pacEs#of dpgs,assaXftindRphe glass \roSts of LoieEMeNANbnfe.
7153
AndQten uhXusTndQpeoploiGZ*spliS&inho smalXHtribec,#cKqetiGg dhe4highesW4df'tie"sterile>skyscraQIrsT;like pacEs$of dpgs,assaWftindRphe glass \roSts of LoieEMeMANcnfe.
7154
AndQten uhXusTndQpeoploiGZ*spliS&inho smalXHtribec,#cKqetiGg dhe4highesW4df'tie"sterile>skyscraQIrsT;like pacEs$of dpgs,assaWftindRphe glass \roSts of LoieEMeMANcnfe.
7155
AndQten uhXusTndQpeoploiGZ*spliS&inho smalXHtribec,#cKqetiGg dhe4highesW4df'tie"sterile>skyscraQIrsT;like pacEs$of dpgs,assaWftindRphe glass \roSts of LoieEMeMANcnfe.
7156
AndRten uhXusTndPpeoploiEZ)spliS&inho smalXHtribec,#cKqetiGg dhe4highesW4df'tie"sterile>skyscraRIrsT;like pacEs#of dpgs,assaXftindRphe glass \roSts of LoieEMeNANcnfe.
7157
AndRten uhYusTndPpeoploiEZ)spliS&inho smalXHtribec,#cKqetiGg dhe4highesW4df'tie"sterile>skyscraRIrsT;like pacEs#of dpgs,assaXftindRphe glass \roSts of LoieEMeNANcnfe.
7158
AndRten uiYusTndPpeoploiEZ)spliS&inho smalXHtribec,#cKqetiGg dhe4highesW4df'tie"sterile>skyscraRIrsT;like pacEs#of dpgs,assaXftindRphe glass \roSts of LoieEMeNANcnfe.
7159
AndRten uhYusTndPpeoploiEZ)spliS&inho smalXHtribdc,#cKqetiGg dhe4highesW4df'tie"sterile>skyscraRIrsT;like pacEs#of dpgs,assaXftindRphe glass \roSts of LoieEMeNANcnfe.
7160
AndQten uhXusTndQpeoploiF[*spliS&inho smalXHtribec,#cKqetiGg ehe4highesW4df&tie"sterile>skyscraQIrsT;like pacEs$of dpgs,assaWgtindRphe glass \roSts of LoieEMeNANcnfe.
7161
AndQten thXusUndRpeooloiEZ)spliS&inhn smalYHtribec,"cJsetiGg dhe5highesU3df(tie"sterile>skyscraQJrrS;like pacEs$of dogs+assaWgtincPqhe glass ]roTus of LoieEMeNAMcnfe.
7162
AndQten thXusUndRpeooloiEZ)spliS&inhn smalYHtribec,"cJsetiGg dhe5highesU3df(tie"sterile>skyscraQJrrS;like pacEs$of dogs+assaWgtincPqhe glass ]roTus of LoieEMeNAMcnfe.
7163
AndQten thXusUndRpeooloiEZ)spliS&inhn smalYHtribec,"cJsetiGg dhe5highesU3df(tie"sterile>skyscraQJrrS;like pacEs$of dogs+assaWgtincPqhe glass ]roTus of LoieEMeNAMcnfe.
7164
AndQten thXusUndRpeooloiEZ)spliS&inhn smalYHtribec,"cJsetiGg dhe5highesU3df(tie"sterile>skyscraQJrrS;like pacEs$of dogs+assaWgtincPqhe glass ]roTus of LoieEMeNAMcnfe.
7165
AndQten uhXusTndQpeoploiFZ*spliS&inho smalXHtribec,"cKqetiGg fhe4highesW4df&tie"sterile>skyscraQIrsT;like pacEs$of dpgs,assaWgtindRphe glass \roSts of LoieEMeNANcnfe.
7166
AodPten uhYusTndPpeoploiEZ)spliS&inho smalXHtribed,#cLqetiGg dhe4highesW4df'tie"suerile>skyscraRIrsT;like pacEs#of dpgs,assaXftindRphe glass \roSts of LoieEMeNANcnfe.
7167
AndQten thXusUndRpeooloiEZ)spliS&inhn smalYHtribec,"cJsetiHg dhe5highesW3df(tie"sterile>skyscraQJrrS;like pacEs$of dogs+assaWgtincPqhe glass ]roTus of LoheDMeNAMcnfe.
7168
AndQten thXusUndRpeooloiEZ)spliS&inhn smalYHtribec,"cJsetiHg dhe5highesW3df(tie"sterile>skyscraQJrrS;like pacEs$of dogs+assaWgtincPqhe glass ]roTus of LoheDMeNAMcnfe.
7169
AndQten thXusUndRpeooloiEZ)spliS&inhn smalYHtribec,"cJsetiHg dhe5highesW3df(tie"sterile>skyscraQJrrS;like pacEs$of dogs+assaWgtincPqhe glass ]roTus of LoheDMeNAMcnfe.
7170
AndRten uhYusTndPpeoploiF[*spliS&inho smalWHtribec,#cKqetiIg dhe4highesW4df'tie"sterile>skyscraRIrsT;like pacEs#of dpgs,assaXftindQphe glass \roTts of LoieEMeMANcnfe.
7171
AndRten uhYusTndPpeoploiF[*spliS&inho smalWHtribec,#cKqetiIg dhe4highesW4df'tie"sterile>skyscraRIrsT;like pacEs#of dpgs,assaXftindQphe glass \roTts of LoieEMeMANcnfe.
7172
AndRten uhYusTndPpeoploiF[*spliS&inho smalWHtribec,#cKqetiIg dhe4highesW4df'tie"sterile>skyscraRIrsT;like pacEs#of dpgs,assaXftindQphe glass \roTts of LoieEMeMANcnfe.
7173
AndRten uhYusTndPpeoploiF[*spliS&inho smalXHtribec,#cKqetiIg dhe4highesW4df'tie"sterile>skyscraRJrsT;like pacEs#of dpgs,assaXftindQphe glass \roTts of LoieEMeNANcnfe.
7174
AndRten uhYusTndPpeoploiF[*spliS&inho smalWHtribec,#cKqetiIg dhe4highesW4df'tie"sterile>skyscraRIrsT:like pacEs#of dpgs,assaXftindQphe glass \roTts of LoieEMeMANcnfe.
7175
AndRten uhYusTndPpeoploiF[*spliS&inho smalWHtribec,#cKqetiIg dhe4highesW4df'tie"sterile>skyscraRIrsT:like pacEs#of dpgs,assaXftindQphe glass \roTts of LoieEMeMANcnfe.
7176
AndRten thYusTndPpeoploiG[*spliS&inhp smalWHtribec,#cKqetiIg dhe4highesW4df'tie"sterile>skyscraRIrsT;like pacEs#of dpgs,assaXftindQphe glass \roTts of LoieEMeMANcnfe.
7177
AndRten thYusTndPpeoploiG[*spliS&inhp smalWHtribec,#cKqetiIg dhe4highesW4df&tie"sterile>skyscraRIrsT;like pacEs#of dpgs,assaXftindQphe glass \roTts of LoieEMeMANcnfe.
7178
AndRten thYusTndPpeoploiG[*spliS&inhp smalWHtribec,#cKqetiIg dhe4highesW4df&tie"sterile>skyscraRIrsT;like pacEs#of dpgs,assaXftindQphe glass \roTts of LoieEMeMANcnfe.
7179
AndRten thYusTndPpeoploiG[*spliS&inhp smalWHtribec,#cKqetiIg dhe4highesW4df&tie"sterile>skyscraRIrsT;like pacFs#of dpgs,assaXftindQphe glass \roTts of LoieEMeMANcnfe.
7180
AndRten thYusTndPpeoploiG[*spliS&inhp smalWHtribec,#cKqetiIg dhe4highesW4df&tie"sterile>skyscraRIrsT;like pacFs#of dpgs,assaXftindQphe glass \roTts of LoieEMeMANcnfe.
7181
AndRten uhYusTndPpeoploiF[*spliS&inho smalWHtribec,#cKqetiIg dhe4highesW4df'tie"sterile=skyscraRIrsT:like pacFs#of dpgs,assaXgtindQphe glass \roTts of LoieEMeMANcnfe.
7182
AndRten uhYusTndPpeoploiF[*spliS&inho smalWHtribec,#cKqetiIg dhe4highesW4df'tie"sterile=skyscraRIrsT:like pacFs#of dpgs,assaXgtindQphe glass \roTts of LoieEMeMANcnfe.
7183
AndRten uhYusTndPpeoploiF[*spliS&inho smalWHtribec,#cKqetiIg dhe4highesW4df'tie"sterile=skyscraRIrsT:like pacFs#of dpgs,assaXgtindQphe glass \roTts of LoieEMeMANcnfe.
7184
AndQten thYusVndRpeooloiEZ)spliS&inhn smalYHtribec,"cJtetiHg dhe5highesW3df(tie"sterile=skyscraQJrrS;like pacEs$of dogs+assaXgtincPqhe glass ]roTus of LoheCMeNAMcnfe.
7185
AndQten thYusVndRpeooloiEZ)spliS&inhn smalYHtribec,"cJtetiHg dhe5highesW3df(tie"sterile=skyscraQJrrS;like pacEs$of dogs+assaWgtincPqhe glass ]roTus of LoheCMeNAMcnfe.
7186
AndRten thYusTndPpeoploiG[*spliS&inip smalWHtribec,#cLqetiIg dhe4highesW4df&tie"sterile>skyscraRIrsT;like pacEs#of dpgs+assaXftindQphe glass \roTts of LoieEMeMANcnfe.
7187
AndRten thYusTndPpeoploiG[*spliS&inip smalWHtribec,#cLqetiIg dhe4highesW4ef&tie"sterile>skyscraRIrsT;like pacEs#of dpgs+assaXftindQphe glass \roTts of LoieEMeMANcnfe.
7188
AndRten thYusTndPpeoploiG[*spliS&inip smalWHtribec,#cLqetiIg dhe4highesW4ef&tie"sterile>skyscraRIrsT;like pacFs#of dpgs+assaXftindQphe glass \roTts of LoieEMeMANcnfe.
7189
AndRten thYusTndPpeoploiG[*spliS&inip smalWHtribec,#cLqetiIg dhe4highesW4ef&tie"sterile>skyscraRIrsT;like pacFs#of dpgs+assaXftindQphe glass \roTts of LoieEMeMANcnfe.
7190
AndRten thYusTndPpeoploiG[*spliS&inip smalWHtribec,#cLqetiIg dhe4highesW4ef&tie"sterile>skyscraRIrsT;like pacFs#of dpgs+assaXftindQphe glass \roTts of LoieEMeMANcnfe.
7191
AndRten thYusTndPpeoploiG[*spliS&inip smalWHtribec,#cLqetiIg dhe4highesW3ef&tie"sterile>skyscraRIrsT;like pacFs#of dpgs+assaXftindQphe glass \roTts of LoieEMeMANcnfe.
7192
AndRten thYusTndPpeoploiG[*spliS&inip smalWHtribec,#cLqetiIg dhe4highesW3ef&tie"sterile>skyscraRIrsT;like pacFs#of dpgs+assaXftindQphe glass \roTts of LoieEMeMANcnfe.
7193
AndRten thYusTndPpeoploiG[*spliS&inip smalWHtribec,#cLqetiIg dhe4highesW3ef&tie"sterile>skyscraRIrsT;like pacFs#of dpgs+assaXftindQphe glass \roTts of LoieEMeMANcnfe.
7194
AndRten thYusTndPpeoploiG[*spliS&inip smalWHtribec,#cLqetiIg dhe4highesW3ef&tie"sterile>skyscraRIrsT;like pacFs#of dpgs+assaXftindQphe glass \roTts of LoieEMeMANcnfe.
7195
AndRten thYusTndPpeoploiG[*spliS&inip smalWHtribec,#cLqetiIg dhe4highesW3ef&tie"sterile>skyscraRIrsT;like pacFs#of dpgs+assaXftindQphe glass \roTts of LoieEMeMANcnfe.
7196
AndRten thYusTndPpeoploiG[*spliS&inip smalXHtribec,#cLqetiIg dhe4highesW3ef&tie"sterile>skyscraRIrsT;like pacFs#of dpgs+assaXftindQphe glass \roTts of LoieEMeMANcnfe.
7197
AndRten thYusTndPpeoploiG[*spliS&inip smalXGtribec,#cLqetiIg dhe4highesW3ef&tie"sterile>skyscraRIrsT;like pacFs#of dpgs*assaXftindQphe glass \roTts of LoieEMeMANcnfe.
7198
AndRten thYusTndPpeoploiG[*spliS&inip smalXGtribec,#cLqetiIg dhe4highesW3ef&tie"sterile>skyscraRIrsT;like pacFs#of dpgs*assaXftindQphe glass \roTts of LoieEMeMANcnfe.
7199
AndRten thYusTndPpeoploiG\*spliS&inip smalXGtribec,#cLqetiIg dhe4highesW3ef&tie"sterile>skyscraRIrsT;like pacFs#of dpgs*assaXftindQphe glass \roTts of LoieEMeMANcnfe.
7200
AndRten thYusTndPpeoploiG[*spliS&inip smalXGtribec,#cLqetiIg dhe4highesW3ef&tie"sterile>skyscraRIrsT;like pacFs#of dpgs*assaXftineQphe glass \roTts of LoieEMeMANcnfe.
7201
AndRten thYusTndPpeoploiG\*spliS&inip smalXGtribec,#cLqetiIg dhe4highesW3ef&tie"sterile>skyscraRIrsT;like pacFs#of dpgs*assaXftindQphe glass \roTts of LoieEMeMANcnfe.
7202
AndRten thYusTndPpeoploiG[*spliS&inip smalXGtribec,#cLqetiIg dhe3highesW3ef&tie"sterile>skyscraRIrsT;like pacFs#of dpgs*assaXftineQphe glass \roTts of LoieEMeMANcnfe.
7203
AndRten thYusTndPpeoploiG[*spliS&inip smalXGtribeb,#cLqetiIg dhe3highesW3ef&tie"sterile>skyscraRIrsT;like pacFs#of dpgs*assaXftineQphe glass \roTts of LoieEMeMANcnfe.
7204
AndRten thYusTndPpeoploiG[*spliS&inip smalXGtribeb,#cLqetiIg dhe3highesW3ef&tie"sterile>skyscraRIrsT;like pacFs#of dpgs*assaXftineQphe glass \roTts of LoieEMeMANcnfe.
7205
AndRten thYusTndOpeoploiG[*spliS&inip smalXGtribeb,#cLqetiIg dhe3highesW3ef&tie"sterile>skyscraRIrsT;like pacFs#of dpgs*assaXftineQphe glass \roTts of LoieEMeMANcnfe.
7206
AndRten thYusTndOpeoploiG[*spliS&inip smalXGtribeb,#cLqetiIg dhe3highesW3ef&tie"sterile>skyscraRIrsT;like pacFs#of dpgs*assaXftineQphe glass \roTts of LoieEMeMANcnfe.
7207
AndRten thYusTndOpeoploiG[*spliS&inip smalXGtribeb,#cLqetiIg dhe3highesW3ef&tie"sterile>skyscraRIrsT;like pacFs#of dpgs*assaXftineQphe glass \roTts of LoieEMeMANcnfe.
7208
AndRten thYusTndOpeoploiG[*spliS&inip smalXGtribeb,#cLqetiIg dhe3highesW3ef&tie"sterile>skyscraRIrsT;like pacFs#of dpgs*assaXftineQphe glass \roTts of LoieEMeMANcnfe.
7209
AndRten thYusTndPpeoploiG\*spliS&inip smalXGtribed,#cLqetiIg dhe4highesW3ef&tie"sterile>skyscraRJrsT;like pacFs#of dpgs*assaXftindQphe glass \roTts of LoieEMeMANcnfe.
7210
AndRten thYusTndPpeoploiG\*spliS&inip smalXGtribed,#cLqetiIg dhe4highesW3ef&tie"sterile>skyscraRJrsT;like pacFs#of dpgs*assaXftindQphe glass \roTts of LoieEMeMANcnfe.
7211
AndRten thYusTndPpeoploiG\*spliS&inip smalXGtribed,#cLretiIg dhe4highesW3ef&tie"sterile>skyscraRJrsT;like pacFs#of dpgs*assaXftindQphe glass \roTts of LoieEMeMANcnfe.
7212
AndRten thYusTndOpeoploiG[*spliS&inip smalXGtribeb,#cLqetiIg dhe3highesW3ef&tie"sterile>skyscraRIrsT;like pacFs#of dpgs*assaXftineQphe glass \roUts of LoieDMeMANcnfe.
7213
AndRten thYusTndOpeoploiG[*spliS&inip smalXGtribeb,#cLqetiIg dhe3highesW3ef&tie"sterile>skyscraRIrsT;like pacFs#of dpgs*assaXftineQphe glass \roUts of LoieDMeMANcnfe.
7214
AndRten thYusTndOpeoploiG[*spliS&inip smalXGtribeb,#cLqetiIg dhe3highesW3ef&tie"sterile>skyscraRIrsT;like pacFs#of dpgs*assaXftineQphe glass \roUts of LoieDMeMANcnfe.
7215
AndQten thYusUndPpeoploiG\*spliS&inip!smalWGtribec,#cLqetiIg dhe4highesW3ef&tie"sterile>skyscraSIrsT;like pacFs#of dpgs+assaXftindQohe glass \roUts of LojeCMeLANcnfe.
7216
AndRten thYusTndPpeoploiG\*spliS%injp smalXGtribec,#cLqetiIg dhe4highesW3ef&tie"sterile>skyscraSIrsT;like pacFs#of dpgs*assaXftindQphe glass \roTts of LoieEMeMANcnge.
7217
AndQten thYusTndPpeoploiG\*spliS&inip!smalWGtribec,#cLqetiIg dhe3highesW3ef&tie!sterile>skyscraSIrsT;like pacFs#of dpgs+assaXftindQohe glass \roUts of LojeCMeLANcnfe.
7218
AndQten thYusTndPpeoploiG\*spliS&inip!smalWGtribec,#cLqetiIg dhe3highesW3ef&tie!sterile>skyscraSIrsT;like pacFs#of dpgs+assaXftindQohe glass \roUts of LojeCMeLANcnfe.
7219
AndQten thYusTndPpeoploiG\*spliS&inip!smalWGtribec,#cLqetiIg dhe3highesW3ef&tie!sterile>skyscraSIrsT;like pacFs#of dpgs+assaXftindQohe glass \roUts of LojeCMeLANcnfe.
7220
AndQten thYusTndPpeoploiG\*spliS&inip!smalWGtribec,#cLqetiIg dhe3highesW3ef&tie!sterile>skyscraSIrsT;like pacFs#of dpgs+assaXftindQohe glass \roUts of LojeCMeLANcnfe.
7221
AndQten thYusTndPpeoploiG\*spliS&inip!smalWGtribec,#cLqetiIg dhe3highesW3ef&tie!sterile>skyscraSIrsT;like pacFs#of dpgs+assaXftindQohe glass \roUts of LojeCMeLANcnfe.
7222
AndRten thYusTndPpeoploiG[*spliS&injo smalXGtribec,"cLqetiIg dhe4highesW3ef&tie"sterhle>skyscraRJrsT;like pacFs#of dogs*assaXftineQphe glass \roTts of LoieEMeLANcnfe.
7223
AndRten thYusTndPpeoploiG[*spliS&injo smalXGtribec,"cLqetiIg dhe4highesW3ef&tie"sterhle>skyscraRJrsT;like pacFs#of dogs*assaXftineQphe glass \roTts of LoieEMeLANcnfe.
7224
AndQten thYusTndPpeooloiG\*spliS&inip!smalWGtribec,#cMqetiIg dhe4highesW3ef%tie"sterile>skyscraTIrsT;like pacFs#of dogs+assaXftindQohe glass \roUts of LojeCMeLANcnfe.
7225
AndQten thYusTndPpeooloiG\*spliS&inip!smalWGtribec,#cMqetiIg dhe4highesW3ef%tie"sterile>skyscraTIrsT;like pacFs#of dogs+assaXftindQohe glass \roUts of LojeCMeLANcnfe.
7226
AndPten thYusTndPpeoploiG\*spliS&inip!smalWGtribec,#cLqethIg dhe3highesW3ef&tie!sterile>skyscraSIrsT;like pacFs"of dpgs+assaXftindPohe glass \roUts of LojeCMeLANcnfe.
7227
AndPten thYusTndPpeoploiG\*spliS&inip!smalWGtribec,#cLqethIg dhe3highesW3ef&tie!sterile>skyscraSIrsT;like pacFs"of dpgs+assaXftindPohe glass \roUts of LojeCMeLANcnfe.
7228
AndPten thYusTndPpeoploiG\*spliS&inip!smalWGtribec,#cLqethIg dhe3highesW3ef&tie!sterile>skyscraSIrsT;like pacFs"of dpgs+assaXftindPohe glass \roUts of LojeCMeLANcnfe.
7229
AndPten thYusTndPpeoploiG\*spliS&inip!smalWGtribec,#cLqethIg dhe3highesX3ef&tie!sterile>skyscraSIrsT;like pacFs"of dpgs+assaXftindPohe glass \roUts of LojeCMeLANcnfe.
7230
AndPten thYusTndPpeoploiG\*spliS&inip!smalWGtribec,#cLqethIg dhe3highesX3ef&tie!sterile>skyscraSIrsT;like pacFs"of dpgs+assaXftindPohe glass \roUts of LojeCMeLANcnfe.
7231
AndPten thYusTndPpeopkoiG\*spliS&inip!smalWGtribec,#cLqethIg dhe3highesX3ef&tie!sterile>skyscraSJrsT;like pacFs"of dpgs+assaXftindPohe glass \roUts of LojeCMeLANcnfe.
7232
AndPten thYusTndPpeopkoiG\*spliS&inip!smalWGtribec,#cLqethIg dhe3highesX3ef&tie!sterile>skyscraSJrsT;like pacFs"of dpgs+assaXftindPohe glass \roUts of LojeCMeLANcnfe.
7233
AndOten thYusTndPpeopkoiG\*spliS&inip!smalWGtribec,#cLqethIg dhe3highesX3ef&tie!sterile>skyscraSJrsT;like pacFs"of dpgs+assaXftindPohe glass \roUts of LojeCMeLANcnfe.
7234
AndOten thYusTndPpeopkoiG\*spliS&inip!smalWGtribec,#cLqethIg dhe3highesX3ef&tie!sterile>skyscraSJrsT;like pacFs"of dpgs+assaXftindPohe glass \roUts of LojeCMeLANcnfe.
7235
AndRten thYusTndPpeoploiG\*spliS%injo smalXGtribed,"cLqetiIg dhe4highesW3ef&tie"sterhle>skyscraRJrsT;like pacFs#of dogs*assaYftineQphe glass \roTtr of LoieDMeLANdnfe.
7236
AndRten thYusTndPpeoploiG\*spliS%injo smalXGtribed,"cLqetiIg dhe4highesW3ef&tie"sterile>skyscraRJrsT;like pacFs#of dogs*assaYftineQphe glass \roTtr of LoieDMeLANdnfe.
7237
AndRten thYusTndPpeoploiG\*spliS%injo smalXGtribed,"cLqetiIg dhe4highesW3ef&tie"sterile>skyscraRJrsT;like pacFs#of dogs*assaYftineQphe glass \roTtr of LoieDMeLANdnfe.
7238
AndOten thYusTndPpeopkoiG\*spliS&inip!smalWGtribec,#cLqetiIg dhe2highesX3ef&tie!sterile>skyscraSJrsT;like pacFs"of dpgs+assaXftindPohe glass \roUts of LojeBMeLANcnfe.
7239
AndOten thYusTndOpeopkoiG\*spliS&inip!smalWGtribec,#cLqetiIg dhe2highesX3ef&tie!sterile>skyscraSJrsT;like pacFs"of dpgs+assaXftindPohe glass \roUts of LojeBMeLAOcnfe.
7240
AndOten thYusTndOpeopkoiG\*spliS&inip!smalWGtribec,#cLqetiIg dhe2highesX3ef&tie!sterile>skyscraSJrsT;like pacFs"of dpgs+assaXftindPohe glass \roUts of LojeBMeLAOcnfe.
7241
AndOten thYusTndOpeopkoiG\*spliS&inip!smalWGtribec,#cLqetiIg dhe2highesX3ef&tie!sterile>skyscraSJrsT;like pacFs"of dpgs+assaXftindPohe glass \roUts of LojeBMeLAOcnfe.
7242
AndOten thYusTndOpeopkoiG\*spliS&inip!smalWGtribec,#cLqetiIg dhe2highesX3ef&tie!sterile>skyscraSJrsT;like pacFs"of dpgs+assaXftindPohe glass \roUts of LojeBMeLAOcnfe.
7243
AndOten thYusTndOpeopkoiG\*spliS&inip!smalWGtribec,#cLqetiIg dhe2highesX3ef&tie!sterile>skyscraSJrsT;like pacFs"of dpgs+assaXftindPohe glass \roUts of LojeBMeLAOcnfe.
7244
AndOten thYusTndOpeopkoiG\*spliS&inip!smalWGtribec,#cLqetiIg dhe2highesX3ef&tie!sterile>skyscraSJrsT;like pacFs"of dpgs+assaXftindPohe glass \roUts of LojeBMeLAOcnfe.
7245
AndOten thYusTndOpeopkoiG\*spliS&inip!smalWGtribec,"cLqetiIg dhe2highesY3ef&tie!sterile>skyscraSJrsT;like pacFs"of dpgs+assaXftindPohe glass \roUts of LojeBMeLAOcnfe.
7246
AndOten thYusTndOpeopkoiG\*spliS&inip!smalWGtribec,"cLqetiIg dhe2highesY3ef&tie!sterile>skyscraSJrsT;like pacFs"of dpgs+assaXftindPohe glass \roUts of LojeBMeLAOcnfe.
7247
AndOten thYusTndOpeopkoiG\*spliS&inip!smalWGtribec,"cLqetiIg dhe2highesY3ef&tie!sterile>skyscraSJrsT;like pacFs"of dpgs+assaXftindPohe glass \roUts of LojeBMeLANcnfe.
7248
AndOten thYusTndOpeopkoiG\*spliS&inip!smalWGtribec,"cLqetiIg dhe2highesY3ef'tie!sterile>skyscraSJrsT;like pacFs"of dpgs+assaXftindPohe glass \roUts of LojeBMeLAOcnfe.
7249
AndOten thYusTndOpeopkoiG\*spliS&inip!smalWGtribec,"cLqetiIg dhe2highesY3ef'tie!sterile>skyscraSJrsT;like pacFs"of dpgs+assaXftindPohe glass \roUts of LojeBMeLAOcnfe.
7250
AndNten thYusTndOpeopkoiG\*spliS&inip!smalWGtribec,#cLqetiIg dhe2highesX3ef&tie!sterile>skyscraSJrsT;like pacFs"of dpgs+assaXftindPohe glass ]roUts of LojeBMeLAOcnfe.
7251
AndNten thYusTndOpeopkoiG\*spliS&inip!smalWGtribec,#cLqetiIg dhe2highesX3ef&tie!sterile>skyscraSJrsT;like pacFs"of dpgs+assaXftindPohe glass ]roUts of LojeBMeLAOcnfe.
7252
AndOten thYusTndOpeopkoiG\*spliS&inip!smalWGtribec,#cLqetiIg dhe2highesX3ef&tie!sterile>skyscraSJrsT;like pacFs"of dpgs+assaXgtindOohe glass \roVts of LojeBMeLAOcnfe.
7253
AndNten thYusTndOpeopkoiG\*spliS&inip!smalWGtribec,#cLqetiIg dhe2highesX3ef&tie!sterile>skyscraSKrsT;like pacFs"of dpgs+assaXftindPohe glass \roUts of LokeBMeLAOcnfe.
7254
AndOten thYusTndOpeopkoiH\*spliS&injp!smalWGtribec,#cLqetiIg dhe2highesX3ef&tie!sterile>skyscraSJrsT;like pacFs"of dpgs+assaXftindPohe glass \roVts of LojeBMeLAOcnfe.
7255
AndOten thYusTndOpeopkoiH\*spliS&injp!smalWGtribec,#cLqetiIg dhe2highesX3ef&tie!sterile>skyscraSJrsT;like pacFs"of dpgs+assaXftindPohe glass \roVts of LojeBMeLAOdnfe.
7256
AndOten thYusTndOpeopkoiH\*spliS&injp!smalWGtribec,#cLqetiIg dhe2highesX3ef&tie!sterile>skyscraSJrsT;like pacFs"of dpgs+assaXftindPohe glass \roVts of LojeBMeLAOdnfe.
7257
AndOten thYusTndOpeopkoiH\*spliS&injp!smalWGtribec,#cLqetiIg dhe2highesX3ef&tie!sterile>skyscraSJrsT;like pacFs"of dpgs+assaXftindPohe glass \roVts of LojeBMeLAOdnfe.
7258
AndNten thYusTndOpeopkoiH\*spliS&injp!smalWGtribec,#cLretiIg dhe2highesX3ef&tie!sterile>skyscraSJrsT;like pacFs"of dpgs+assaXftindPohe glass \roVts of LojeBMeLAOcnfe.
7259
AndNten thYusTndOpeopkoiH\*spliS&injp!smalWGtribec,#cLretiIg dhe2highesX3ef&tie!sterile>skyscraSJrsT;like pacFs"of dpgs+assaXftindPohe glass \roVts of LojeBMeLAOcnfe.
7260
AndNten thYusTndOpeopkoiH\*spliS&injp!smalWGtribec,#cLqetiIg dhe2highesX3ef&tie!sterile>skyscraSJrsT;like pacFs"of dpgs+assaXftindPohe glass \roWts of LojdBMeLAOcnge.
7261
AndNten thYusTndOpeopkoiH\*spliS&injp!smalWGtribec,#cLqetiIg dhe2highesX3ef&tie!sterile>skyscraSJrsT;like pacFs"of dpgs+assaXftindPohe glass \roWts of LojdBMeLAOcnge.
7262
AndNten thYusTndOpeopkoiH\*spliS&injp!smalWGtribed,#cLqetiIg dhe2highesX3ef&tie!sterile>skyscraSJrsT;like pacFs"of dpgs+assaXftindPohe glass \roWts of LojdBMeLAOcnge.
7263
AndOten thYusTndNpeopkoiH\*spliS&injp!smalWGtribec,#cLqetiIg ehe2highesX3ef&tie!sterile>skyscraSJrsT;like pacFs"of dpgs+assaXftindPohe glass \roVts of LojeBMeLAOdnfe.
7264
AndOten thYusTndNpeopkoiH\*spliS&injp!smalWGtribec,#cLqetiIg ehe2highesX3ef&tie!sterile>skyscraSJrsT;like pacFs"of dpgs+assaXftindPohe glass \roVts of LojeBMeLAOdnfe.
7265
AndOten thYusTndNpeopkoiH\*spliS&injp!smalWGtribec,#cLqetiIg ehe2highesX3ef&tie!sterile>skyscraSJrsT;like pacFs"of dpgs+assaXftindPohe glass \roVts of LojeBMeLAOdnfe.
7266
AndOten thYusTndNpeopkoiH\*spliS&injp!smalWGtribec,#cLqetiIg ehe2highesX3ef&tie!sterile>skyscraSJrsT;like pacFs"of dpgs+assaXftindPohe glass \roVts of LojeBMeLAOdnfe.
7267
AndOten thYusTndOpeopkoiI\*spliS&inip smalWGtribed,#cMqetiIg dhe2highesX3ef&tie!sterile>skyscraUJqsT;like pacFs"of dpgs+assaXgtindOohe hlass \roVss of LojeBMeLAOcnfe.
7268
AndOten thYusTndOpeopkoiI\*spliS&inip smalWGtribed,#cMqetiIg dhe2highesX3ef&tie!sterile>skyscraUJqsT;like pacFs"of dpgs+assaXgtindOohe hlass \roVss of LojeBMeLAPcnfe.
7269
AndOten thYusTndOpeopkoiI\*spliS&inip smalWGtribed,#cMqetiIg dhe2highesX3ef&tie!sterile>skyscraUJqsT;like pacFs"of dpgs+assaXgtindOohe hlass \roVss of LojeBMeLAPcnfe.
7270
AndOten thYusTndOpeopkoiI\*spliS&inip smalWGtribed,#cMqetiIg dhe2highesX3ef&tie!sterile>skyscraUJqsT;like pacFs"of dpgs+assaXgtindOohe hlass \roVss of LojeBMeLAPcnfe.
7271
AndOten thYusTndOpeopkoiI\*spliS&inip smalWGtribed,#cMqetiIg dhe2highesX3ef&tie!sterile>skyscraUJqsT;like pacFs"of dpgs+assaXgtindOohe hlass \roVss of LojeBMeLAPcnfe.
7272
AndNten thYusTndOpeopkoiG\*spliT&injp smalWGtribec,#cLqetiIg dhe0highesX3ef&tie!sterile>skyscraSJrsT;like padFs"of dpgs+assaXftindOohe glass ]roUts of LojeBMeLAPcnfe.
7273
AndOten thZusTndNpeopkoiH\*spliS&injp!smalWGtribec,#cLqetiIg ehe2highesY3ef&tie!sterile>skyscraSJrsT;like pacFs"of dpgs+assaXftindPphe glass \roVts of LokeCMeLAOdnfe.
7274
AndOten thZusTndNpeopkoiH\*spliS&injp!smalWGtribec,#cLqetiIg ehe2highesY3ef&tie!sterile>skyscraSJrsT;like pacFs"of dpgs+assaXftindPphe glass \roVts of LokeCMeLAOdnfe.
7275
AndOten thYusTndNpeopkoiH\*spliS&inkp!smalWGtribec,#cLretiIg ehe2highesX3ef&tie!sterile>skyscraSJrsT:like pacFs!of dpgs+assaXftindPohe glass \roVts of LojeBMeLAOdnfe.
7276
AndOten thYusTndNpeopkoiH\*spliS&inkp!smalWGtribec,#cLretiIg ehe2highesX3ef&tie!sterile>skyscraSJrsT:like pacFs!of dpgs+assaXftindPohe glass \roVts of LojeBMeLAOdnfe.
7277
AndOten thYusTndNpeopkoiH\*spliS&inkp!smalWGtribec,#cLretiIg ehe2highesY3ef&tie!sterile>skyscraSJrsT:like pacFs!of dpgs+assaXftindPohe glass \roVts of LojeBMeLAOdnfe.
7278
AndOten thYusTndNpeopkoiH\*spliS&inkp!smalWGtribdc,#cLretiIg ehe2highesY3ef&tie!sterile>skyscraSJrsT:like pacFs!of dpgs+assaXftindPohe glass \roVts of LojeBMeLAOdnfe.
7279
AndOten thYusTndNpeopkoiH\*spliS&inkp!smalWGtribdc,#cLretiIg ehe2highesY3ef&tie!sterile>skyscraSJrsT:like pacFs!of dpgs+assaXftindPohe glass \roVts of LojeBMeLAOdnfe.
7280
AndNten thYusTndOpeopkoiG\*spliT&injp smalWGtribed,#cLqetiIg dhe0highesX3ef&tie!sterile>skyscraSKrsT;like padFs"of dogs+assaXftindOohe glass ]roUts of LojeBMeLAPcnfe.
7281
AndNten thYusTndOpeopkoiG\*spliT&injp smalWGtribed,#cLqetiIg dhe0highesX3ef&tie!sterile>skyscraSKrsT;like padFs"of dogs+assaXftindOohe glass ]roUts of LojeBMeLAPcnfe.
7282
AndNten thYusTndOpeopkoiG\*spliT&injp smalWGtribed,#cLqetiIg dhe0highesX3ef&tie!sterile>skyscraSKrsT;like padFs"of dogs+assaXftindOohe glass ]roUts of LojeBMeLAPcnfe.
7283
AndOten thYusTndNpeopkoiI\*spliS&inip smalWGtribed,#cMqetiIg dhe1highesZ3ef&tie!sterile>skyscraUJqsT;like pacFs"of dpgs+assaXgtindOohe hlass \roVss of LojeBMeLAPcnfe.
7284
AndOten thYusTndNpeopkoiI\*spliS&inip smalWGtribed,#cMqetiIg dhe1highesZ3ef&tie!sterile>skyscraUJqsT;like pacFs"of dpgs+assaXgtindOohe hlass \roVss of LojeBMeLAPcnfe.
7285
AndOten thYusTndNpeopkoiI\*spliS&inip smalWGtribed,#cMqetiIg dhe1highesZ3ef&tie!sterile>skyscraUJqtT;like pacGs"of dpgs+assaXgtindOohe hlass \roVss of LojeBMeLAPcnfe.
7286
AndOten thYusTndNpeopkoiI\*spliS&inip smalWGtribed,#cMqetiJg dhe1highesZ3ef&tie!sterile>skyscraUJqtT;like pacGs"of dpgs+assaXgtindOohe hlass \roVss of LojeBMeLAPcnfe.
7287
AndOten thYusTndNpeopkoiI\*spliS&inip smalWGtribed,#cMqetiJg dhe1highesZ3ef&tie!sterile>skyscraUJqtT;like pacGs"of dpgs+assaXgtindOohe hlass \roVss of LojeBMeLAPcnfe.
7288
AndNten thYusTndOpeoploiI]*spliS%injp!smalWGtribfc,"cLqetiIg dhe2highesX3ef&tie!sterile>skyscraSJrsT;like pacFs!of dpgs+assaXgtindPphe glass \roWts of LokeBMeLAOcnge.
7289
AndNten thYusTndOpeoploiI]*spliS%injp!smalWGtribfc,"cLqetiIg dhe2highesX3ef&tie!sterile>skyscraSJrsT;like pacFs!of dpgs+assaXgtindPphe glass \roWts of LokeBMeLAOcnge.
7290
AndNten thYusTndOpeoploiI]*spliS%injp!smalWGtribfc,"cLqetiIg dhe2highesX3ef&tie!sterile>skyscraSJrsT;like pacFs!of dpgs+assaXgtindPphe glass \roWts of LokeBMeLAOcnge.
7291
AndNten thYusTndOpeoploiI]*spliS%injp!smalWGtribfc,"cLqetiIg ehe2highesX3ef&tie!sterile>skyscraSJrsT;like pacFs!of dpgs+assaXgtindPphe glass \roWts of LokeBMeLAOcnge.
7292
AndNten thYusTndOpeoploiI]*spliS%injp!smalWGtribfc,"cLqetiIg ehe2highesX3ef&tie!sterile>skyscraSJrsT;like pacFs!of dpgs+assaXgtindPphe glass \roWts of LokeBMeLAOcnge.
7293
AndOten shYusTndOpeopkoiI]*spliT&injp!smalXFtribec,#cLqetiJg dhe2highesZ3ef&tie sterile>skyscr`TJrsS;like pacFs"of dpgs*assaZftindPohe glass \roVts of LojeBMeLAOdnfe.
7294
AndOten shYusTndOpeopkoiI]*spliT&injp!smalXFtribec,#cLqetiJg dhe2highesZ3ef&tie sterile>skyscr`TJrsS;like pacFs"of dpgs*assaZftindPohe glass \roVts of LojeBMeLAOdnfe.
7295
AndNten thYusTndNpeopkoiG\*spliT&injp smalWFtribec,#cMqetiJg dhe0highesX3ef&the!sterile>skyscraSLrsS;like padFs"of dpgs+assaXgtindOohe glass ]roVts of LojeBMeLAPcnfe.
7296
AndNten thYusTndNpeopkoiG\*spliT&injp smalWFtribec,#cMqetiJg dhe0highesX3ef&the!sterile>skyscraSLrsS;like padFs"of dpgs+assaXgtindOohe glass ]roVts of LojeBMeLAPcnfe.
7297
AndNten thYusTndOpeoploiI]*spliS%injp!smalWGtribfc,"cLqetiIg fhe2highesX3ef%tie!sterile>skyscraSJrsT;like pacFs!of dpgs+assaXgtindPphe glass \roWts of LokeBMeLAOcnhe.
7298
AndNten thYusTndOpeoploiI]*spliS%injp!smalWGtribfc,"cLqetiIg fhe2highesX3ef%tie!sterile>skyscraSJrsT;like pacFs!of dpgs+assaXgtindPphe glass \roWts of LokeBMeLAOcnhe.
7299
AndNten thYusTndOpeoploiI]*spliS%injp!smalWGtribfc,"cLqetiIg fhe2highesX3ef%tie!sterile>skyscraSJrsT;like pacFs!of dpgs+assaXgtindPphe glass \roWts of LokeBMeLAOcnhe.
7300
AndNten thYusTndOpeoploiI]*spliS%injp!smalWGtribfc,"cLqetiIg fhe2highesX3ef%tie!sterile>skyscraSJrsT;like pacFs!of dpgs+assaXgtindPphe glass \roWts of LokeBMeLAOcnhe.
7301
AndNten thYusTndNpeopkoiG\*spliT&injp smalWFtribec,#cMqetiJg dhe0highesX3ef&the sterile>skyscraSLrsS;like padFs"of dpgs+assaXgtindOohe glass ]roVts of LojeBMeLAPcnfe.
7302
AndNten thYusTndNpeopkoiG\*spliT&injp smalWFtribec,#cMqetiJg dhe0highesX3ef&the sterile>skyscraSLrsS;like padFs"of dpgs+assaXgtindOohe glass ]roVts of LojeBMeLAPcnfe.
7303
AndNten thYusTndNpeopkoiG\*spliU%injp smalWFtribec,#cMqetiJg dhe0highesX3ef&the!sterile>skyscraSLrsS;like padFs"of dpgs+assaXgtindOohe glass ]roVts of LojeBMeLAPcnfe.
7304
AndNten thYusTndNpeopkoiG\*spliU%injp smalWFtribec,#cMqetiJg dhe0highesX3ef&the!sterile>skyscraSLrsS;like padFs"of dpgs+assaXgtindOohe glass ]roVts of LojeBMeLAPcnfe.
7305
AndNten thYusTndNpeopkoiG\*spliU%injp smalWFtribec,#cMqetiJg dhe0highesX3ef&the!sterile>skyscraSLrsS;like padFs"of dpgs+assaXgtindOohe glass ]roVts of LojeBMeLAPcnfe.
7306
AndMten thYusTndOpeoploiJ]*spliS%injp!smalWGtribfc,"cLqetiIg fhe2highesX3ef%tie!sterile>skyscraSJrsT;like pacFs!of dpgs+assaXgtindPphe glass \roWts of LokeBMeLAOcnhe.
7307
AndNten thYusTndNpeopkoiG\*spliT&injp smalWFtribec,#cNqetiJg dhe0highesX2ef&the!sterile>skyscraSLrsS;like padFs"of dpgs+assaXgtindNohe glass ]roVts of LojdAMeLAPcnfe.
7308
AndNten thYusTndNpeopkoiG\*spliT&injp smalWFtribec,#cNqetiJg dhe0highesX2ef&the!sterile>skyscraSLrsS;like padFs"of dpgs+assaXgtindNohe glass ]roVts of LpkdAMeLAPcnfe.
7309
AndNten thYusTndNpeopkoiG\*spliT&injp smalWFtribec,#cNqetiJg dhe0highesX2ef&the!sterile>skyscraSLrsS:like padFs"of dpgs+assaXgtindNohe glass ]roVts of LojdAMeLAPcnfe.
7310
AndNten thYusTndNpeopkoiG\*spliT&injp smalWFtribec,#cNqetiJg dhe0highesX2ef&the!sterile>skyscraSLrsS:like padFs"of dpgs+assaXgtindNohe glass ]roVts of LojdAMeLAPcnfe.
7311
AndNten thYusTndNpeopkoiG\*spliT&injp smalWFtribec,#cNqetiJg dhe/highesX2ef&the!sterile>skyscraSLrsS:like padFs"of dpgs+assaXgtindNohe glass ]roVts of LojdAMeLAPcnfe.
7312
AndNten thYusTndNpeopkoiG\*spliT&injp smalWFtribec,#cNqetiJg dhe/highesX2ef&the!sterile>skyscraSLrsS:like padFs"of dpgs+assaXgtindNohe glass ]roVts of LojdAMeLAPcnfe.
7313
AndNten thYusTndNpeopkoiG\*spliT&injp smalWFtribec,#cNqetiJg dhe/highesX2ef&the!sterile>skyscraSLrsS:like padFs"of dpgs+assaXgtindNohe glass ]roVts of LojdAMeLAPcnfe.
7314
AndMten thYusTndOpeoploiJ]*spliS%injp!smalWGtribfd,"cLqetiIg fhe2highesY3ff%tie!sterile>skyscraSJrsT;like pacFs!og dpgs+assaXgtindOphe glass \roWts of LokeBMeLAOdnhe.
7315
AndMten thYusTndOpeoploiJ]*spliS%injp!smalWGtribfd,"cLqetiIg fhe2highesY3ff%tie!sterile>skyscraSJrsT;like pacFs!og dpgs+assaXgtindOphe glass \roWts of LokeBMeLAOdnhe.
7316
AndMten thYusTndOpeoploiJ]*spliS%injp!smalWGtribfd,"cLqetiIg fhe2highesY3ff%tie!sterile>skyscraSJrsT;like pacFs!og dpgs+assaXgtindOphe glass \roWts of LokeBMeLAOdnhe.
7317
AndMten thYusTndOpeoploiJ]*spliS%injp!smalWGtribfd,"cLqetiIg fhe2highesY3ff%tie!sterile>skyscraSJrsT;like pacFs!og dpgs+assaXgtindOphe glass \roWts of LokeBMeLAOdnhe.
7318
AndMten thYusTndOpeoploiJ]*spliS%injp!smalWGtribfd,"cLqetiIg fhe2highesY3ff%tie!sterile>skyscraSJrsT;like pacFs!og dpgs+assaXgtindOphe glass \roWts of LokeBMeLAOdnhe.
7319
AndMten thYusTndOpeoploiJ]*spliS%injp!smalWGtribfd,"cLqetiIg fhe2highesY3ff%tie!sterile>skyscraSJrsT;like pacGs!og dpgs+assaXgtindOphe glass \roWts of LokeBMeLAOcnhe.
7320
AndMten thZusTndOpeoploiJ]*spliS%injp!smalWGtribfd,"cLqetiIg ghe2highesY3ff%tie!sterile>skyscraSJrsT;like pacFs!og dpgs+assaXgtindOphe glass \roWts of LokeBMeLAOdohe.
7321
AndMten thZusTndOpeoploiJ]*spliS%injp!smalWGtribfd,"cLqetiIg ghe2highesY3ff%tie!sterile>skyscraSJrsT;like pacFs!og dpgs+assaXgtindOphe glass \roWts of LokeBMeLAOdohe.
7322
AndNten thYusTndNpeopkoiG\*spkiU&injp smalXFtribec,"cMsetiJg dhe/highesX3ef&the!sterile=skyscraSMrsS;like pacFs"of dpgt+assaXgtindOohe glass ]roWts of LojeBMeLAPcnfe.
7323
AndNten thYusTndNpeopkoiG\*spkiU&injp smalXFtribec,"cMsetiJg dhe/highesX3ef&the!sterile=skyscraSMrsS;like pacFs"of dpgt+assaXgtindOohe glass ]roXts of LojeBMeLAPcnfe.
7324
AndNten thZusTndNpeopkoiG\*spliT&injp smalWFtribec,#cNqetiJg dhe.highesX1ef&the!sterile>skyscraSLrsS:like padFs"of dpgs+assaXgtindNphe glass ]roVts of LojdAMeLAPcnfe.
7325
AndNten thYusTndNpeopkoiG\*spkiU&injp smalXFtribec,"cMsetiJg dhe/highesX3ef&the!sterile=skyscraSMrsS;like pacFs"of dpgt+assaXgtindOohe glass ]roXts of LojeBMeLAPcnfe.
7326
AndNten thYusTndNpeopkoiG\*spkiU&injp smalXFtribec,"cMsetiJg dhe/highesX3ef&the!sterile=skyscraSMrsS;like pacFs"of dpgt+assaXgtindOohe glass ]roXts of LojeBMeLAPcnfe.
7327
AndNten thYusTndNpeopkoiG\*spkiU&injp smalXFtribec,"cMsetiJg dhe/highesX3ef&the!sterile=skyscraSMrsS;like pacFs"of dpgt+assaXgtindOohe glass ]roXts of LojeBMeLAPcnfe.
7328
AndMten thZusTndOpeoploiJ]*spliS%injp!smalWGtribfd,"cLretiIg ghe2highesY3ff$tie!sterile>skyscraSJrsT;like pacFs!of dpgs+assaXgtindOphe glass \roWts of LokeBMeLAOdohe.
7329
AndMten thZusTndOpeoploiJ]*spliS%injp smalWGtribfd,"cLretiIg ghe2highesY3ff$tie!sterile>skyscraSJrsT;like pacFs!of dpgs+assaXgtindOphe glass \roWts of LokeBMeLAOdohe.
7330
AndMten thZusTndOpeoploiJ]*spliS%injp smalWGtribfd,"cLretiIg ghe2highesY3ff$tie!sterile>skyscraSJrsT;like pacFs!of dpgs+assaXgtindOphe glass \roWts of LokeBMeLAOdohe.
7331
AndMten thZusTndOpeoploiJ]*spliS%injp smalWGtribfd,"cLretiIg ghe2highesY3ff$tie!sterile>skyscraSJrsT;like pacFs!of dpgs+assaXgtindOphe gkass \roWts of LokeBMeLAOdohe.
7332
AndNten thYusTndNpeopkoiG\*spkiU&injp smalYFtribec,"cNsetiJg dhe/highesX3ef&the!sterile=skyscraSMrsS;like pacFs!of dpgt+assaXgtindOohe glass ]roXts of LojeBMeLAPcnfe.
7333
AndNten thYusTndNpeopkoiG\*spkiU&injp smalYFtribec,"cNsetiJg dhe/highesX3ef&the!sterile=skyscraSMrsS;like pacFs!of dpgt+assaXgtindOohe glass ]roXts of LojeBMeLAPcnfe.
7334
AndMten thZusTndOpeoploiJ]*spliS%injp smalWGtribfd,"cLretiIg ghe2highesY3ff"tie!sterile>skyscraSJrsT;like pacFs!of dpgs+assaXgtindOphe gkass ]roWts of LokeBMeLAOdohe.
7335
AndMten thZusTndOpeoploiJ]*spliS%injp smalWGtribfd,"cLretiIg ghe2highesY3ff"tie!sterile>skyscraSJrsT;like pacFs!of dpgs+assaXgtindOphe gkass ]roWts of LokeBMeLAOdohe.
7336
AndMten thZusTndOpeoploiJ]*spliS%injp smalWGtribfd,"cLretiIg ghe2highesY3ff"tie!sterile>skyscraSJrsT;like pacFs!of dpgs+assaXgtindOphe gkass ]roWts of LokeBMeLAOdohe.
7337
AndMten thZusTndOpeoploiJ]*spliS%injp smalWGtribfd,"cLretiIg ghe2highesY3ff"tie!sterile>skyscraSJrsT;like pacFs!of dpgs+assaXgtindOphe gkass ]roWts of LokeBMeLAOdohe.
7338
AndMten thZusTndOpeoploiJ]*spliS%injp smalWGtribfd,"cLretiIg ghe2highesY3ff"tie!sterile>skyscraSJrsT;like pacFs!of dpgs+assaXgtindOphe gkass ]roWts of LokeBMeLAOdohe.
7339
AndMten thZusTndOpeoploiJ]*spliS%injp smalWGtribfd,"cLretiIg ghe2highesY3ff"tie!sterile>skysdraSJrsT;like pacFs!of dpgs+assaXgtindOphe gkass ]roWts of LokeAMeLAOdoie.
7340
AndNten thYusTndMpeopkoiG]*spkiU&injo smalXFtribec,"cMsetiJg dhf.highesX3ff&the!sterile=skyscraSMrsS;like pacFs"of dpgt+assaXgtindOohe glass ^roXts of LojeBMeLAPcnfe.
7341
AndNten thYusTndMpeopkoiG]*spkiU&injo smalXFtribec,"cMsetiJg dhf.highesX3ff&the!sterile=skyscraSMrsS;like pacFs"of dpgt+assaXgtindOohe glass ^roXts of LojeBMeLAPcnfe.
7342
AndMten thZusTndOpeoploiJ]*spliS%injp smalWGtribfd,"cLretiIg ghe2highesY3ff"tie!sterile=skyscraSJrsT;like pacFs!of dpgs+assaXgtindOphe gkass ]roWts of LokeBMeLAOdohe.
7343
AndNten thYusTndNpeopkoiG\*spkiU&injp smalXFtribec,"cMtetiJg dhe/highesX3ef&the!sterile=slyscraVMrsS;like pacFs"of dogt*assaXgtindOohe glass ]roXts of LokeBMeLAPcnfe.
7344
AndNten thYusTndNpeopkoiG\*spkiU&injp smalXFtribec,"cMtetiJg dhe/highesX3ef&the!sterile=slyscraVMrsS;like pacFs"of dogt*assaXgtindOohe glass ]roXts of LokeBMeLAPcnfe.
7345
AndNten thYusTndNpeopkoiG\*spkiU&injp smalXFtribec,"cMtetiJg dhe.highesX3ef&the!sterile=slyscraVMrsS;like pacFs"of dogt*assaXgtindOohe glass ]roXts of LokeBMeLAPcnfe.
7346
AndNten thYusTndNpeopkoiG\*spkiU&injp smalXFtribec,"cMtetiJg dhe.highesX3ef&the!sterile=slyscraVMrsS;like pacFs"of dogt*assaXgtindOohe glass ]roXts of LokeBMeLAPcnfe.
7347
AndNten thYusTndNpeopkoiG\*spkiU&injp smalXFtribec,"cMtetiJg dhe.highesX3ef&the!sterile=slyscraVMrsS;like pacFs"of dogt*assaXgtindOohe glass ]roXts of LokeBMeLAPcnfe.
7348
AndMten thZusTndOpeoploiJ]*spliS%injp smalWGtribfd,"cLretiIg ghe2highesY3ff"tie sterile>skysdraTJrsT;like pacFs!of dpgs+assaXgtindOphe gkass ]roXts of LokeBMeLAOdoie.
7349
AndMten thZusTndOpeoploiJ]*spliS%injp smalWGtribfd,"cLretiIg ghe2highesY3ff"tie sterile>skysdraTJrsT;like pacFs!of dpgs+assaXgtindOphe gkass ]roXts of LokeBMeLAOdoie.
7350
AndMten thZusTndMpeoploiJ]*spliS%injp smalWGtsibfd,"cMrdtiIg ghe2highesY3ff"tie!sterile>skyscraSJrsT:like pacFs!of dpgs+assaXgtindOphe gkass ]roXts of LokeBMeLAOdohe.
7351
AndMten thZusTndOpeoploiJ^*spliS%injp smalWGtribfd,"cLretiJg ghe2highesY3ff"tie!sterile=skyscraSJrsT;like pacFs!of dpgs+assaXgtindOphe gkass ]roXts of LokeBMeLAOdohe.
7352
AndMten thZusTndOpeoploiJ]*spliS%injp smalWGtribfd,"cLretiIg ghe2highesY2ff"tie!sterile>skyscraSJrsT;like pacFs of dpgs+assaXgtindOphe gkass ]roWts of LokeBMeLAOeoie.
7353
AndMten thZusTndOpeoploiJ]*spliS%injp smalWGtribfd,"cLretiIg ghe2highesY2ff"tie!sterile>skyscraSJrsT;like pacFs of dpgs+assaXgtindOphe gkass ]roWts of LokeBMeLAOeoie.
7354
AndMten thZusTndOpeoploiJ]*spliS%injp smalWGtribfd,"cLretiIg hhe2highesY2ff"tie!sterile>skyscraSJrsT;like pacFs of dpgs+assaXgtindOphe gkass ]roWts of LokeBMeLAOeoie.
7355
AndMten thZusTndOpeoploiJ]*spliS%injp smalWGtribfd,"cLretiIg hhe2highesY2ff"tie!sterile>skyscraSJrsT;like pacFs of dpgs+assaXgtindOphe gkass ]roWts of LokeBMeLAOeoie.
7356
AndMten thZtsTndNpeoploiJ])spliS%injp smalWGtribfd,"cLretiIg hhe2highesY3hf"tie!sterile>skysdraSJrsT;like paeFs!of dpgs+assaXgtindNphe gkass ]roXts of LokeAMeLAOdoie.
7357
AndNten thYusTndNpeopkoiG\*spkiU&injp smalYFtribec,!cMtetiKg dhe/highesX2ef&the!sterile=slyscraVMrsS;like pacFs"of dpgt*assaYgtindOohe glass ]roXts of LokeBMeLAPcnfe.
7358
AndNten thYusTndNpeopkoiG\*spkiU&injp smalYFtribec,!cMtetiKg dhe/highesX2ef&the!sterile=slyscraVMrsS;like pacFs"of dpgt*assaYgtindOohe glass ]roXts of LokeBMeLAPcnfe.
7359
AndNten thYusTndNpeopkoiG\*spkiU&injp smalYFtribec,!cMtetiKg dhe/highesX2ef&the!sterile=slyscraVMrsS;like pacFs"of dpgt*assaYgtindOohe glass ]roXts of LokeBMeLAPcnfe.
7360
AndNten thYusTndNpeopkoiG\*spkiU&injp smalYFtribec,!cMtetiJg dhe/highesX2ef&the!sterile=slyscraVMrsS;like pacFs"of dpgt*assaYgtindOohe glass ^roXts of LokeBMeLAPdnfe.
7361
AndMten thZusUndOpeoploiJ^*spliS%injp smalWGtribed,"cLretiJg ghe2highesY3ff"tie!sterile=skyscraSJrsT;like pacFs!of dpgs+assaXgtindOphe gkass ]roXts of LokeBMeKAOdohe.
7362
AndMten thZusTndMpeoploiJ]*spliS$injp smalWGtsibfe,"cMrdtiIg hhe2highesY3ff"tie!sterile>skyscraSJrsT9like pacFs!of dpgs+assaXgtineOphe gkass ]roXts of LojeBMeLAOdnhe.
7363
AndMten thZusTndOpeoploiJ]*spliT%injp smalXGtribfd,"cLretiIg ghe2highesZ2ff"tie!sterile>skyscraSJrsT;like pacFs of dpgs+assaXgtindOqhe gkass ]roWts of LokeBMeLAOeoie.
7364
AndMten thZusTndOpeoploiJ]*spliS$injp smalWGtribfd,!cLretiIg hhe2highesY3ff"tie sterile>skysdraSKrsT9like pacFs!of dpgs+assaXhtindOphe gkass ]roWts of LokeBMeKAPdohe.
7365
AndMten thZusTndOpeoploiJ]*spliS$injp smalWGtribfd,!cLretiIg hhe2highesY3ff"tie sterile>skysdraSKrsT9like pacFs!of dpgs+assaXhtindOphe gkass ]roWts of LokeBMeKAPdohe.
7366
AndMten thZusTndOpeoploiJ]*spliS$injp smalXGtribfd,!cLretiIg hhe2highesY3ff"tie sterile>skysdraSKrsT9like pacFs!of dpgs+assaXhtindOphe gkass ]roWts of LokeBMeKAPdohe.
7367
AndMten thZusTndOpeoploiJ]*spliS$injp smalXGtribfd,!cLretiIg hhe2highesY3ff"tie sterile>skysdraSKrsT9like pacFs!of dpgs+assaXhtindOphe gkass ]roWts of LokeBMeKAPdohe.
7368
AndMten thZusTndOpeoploiJ]*spliS$injp smalXGtribfd,!cLretiIg hhe2highesY3ff"tie sterile>skysdraSKrsT9like pacFs!of dpgs+assaXhtindOphe gkass ]roWts of LokeBMeKAPdohe.
7369
AndMten thZusTndOpeoploiJ]*spliS$injp smalXGtribfd,!cLretiIg hhe2highesY3ff"tie sterile>skysdraSKrsT9like pacFs of dpgs+assaXhtindOphe gkass ]roWts of LokeBMeKAPdohe.
7370
AndMten thZusTndOpeoploiJ]*spliS$injp smalXGtribfd,!cLretiIg hhe2highesY3ff"tie sterile>skysdraSKrsT9like pacFs of dpgs+assaXhtindOphe gkass ]roWts of LokeBMeKAPdohe.
7371
AndMten th[usTndOpeoploiJ]*spliS$injp smalXGtribfd,!cLretiIg hhe2highesY3ff"tie sterile>skysdraSKrsT9like pacFs of dpgs+assaXhtindOphe gkass ]roWts of LokeBMeKAPdohe.
7372
AndMten th[usTndOpeoploiJ]*spliS$injp smalXGtribfd,!cLretiIg hhe2highesY3ff"tie sterile>skysdraSKrsT9like pacFs of dpgs+assaXhtindOphe gkass ]roWts of LokeBMeKAPdohe.
7373
AndMten th[usTndOpeoploiJ]*spliS$injp smalXGtribfd,!cLretiIg hhe2highesY3ff"tie sterile>skysdraSKrsT9like pacFs of dpgs+assaXhtindOphe gkass ]roWts of LokeBMeKAPdohe.
7374
AndMten th[usTndOpeoploiJ]*spliS$injp smalXGtribfd,!cLretiIg hhe2highesY3ff"tie sterile>skysdraSKrsT9like pacFs of dpgs+assaXhtindOphe gkass ]roWts of LokeBMeKAPdohe.
7375
AndMten th[usTndOpeoploiJ]*spliS$injp smalXGtribfd,!cLretiIg hhe2highesY3ff"tie sterile>skysdraSKrsT9like pacFs of dpgs+assaXhtindOphe gkass ]roWts of LokeBMeKAPdohe.
7376
AndMten thZusTndOpeoploiI^*spliS#injp smalXGtribfd,!cLretiIg hhe2highesY3ff"tie sterile>skysdraSKrsT9like pacFs of dpgs+assaXhtindOphe glass ]roWts of LokeBMeKAPdohe.
7377
AndMten thZusTndOpeoploiJ]*spliS#injp smalWGtribee,!cLretiIg hhe2highesY3ff"tie sterile>skysdraSKrsT9like pacFs!of dpgs+assaXhtindNphe gkass ]roWts of LokeBMeKAPdohe.
7378
AndMten thZusTndOpeoploiJ]*spliS#injp smalWGtribee,!cLretiIg hhe2highesY3ff"tie sterile>skysdraSKrsT9like pacFs!of dpgs+assaXhtindNphe gkass ]roWts of LokeBMeKAPdohe.
7379
AndMten thZusTndOpeoploiJ]*spliS#injp smalWGtribee,!cLretiIg hhe2highesY3ff"the sterile>skysdraSKrsT9like pacFs!of dpgs+assaXhtindNphe gkass ]roWts of LokeBMeKAPdohe.
7380
AndMten thZusTndOpeoploiJ]*spliS#injp smalWGtribee,!cLretiIg hhe2highesY3ff"the sterile>skysdraSKrsT9like pacFs!of dogs+assaXhtindNphe gkass ]roWts of LokeBMeKAPdohe.
7381
AndMten thZusTndOpeoploiJ]*spliS#injp smalWGtribee-!cLretiIg hhe2gighesY3ff"the sterile>skysdraSKrsT9like pacFs!of dogs+assaXhtindNphe gkass ]roWts of LoleBMeKAPdohe.
7382
AndMten thZusTndOpeoploiJ]*spliS#injp smalWGtribee,!cLretiIg hhe2highesY3ff"the sterile=skysdraSKrsT9lije pacFs!of dogs+assaXhtindNphe gkass ]roWts of LokeBMeKAPdohe.
7383
AndMten thZusUndOpeoploiJ]*spliS$injp smalXGtribfd,!cLsetiIg hhe2highesY3ff"tie sterile=skyscraSKrsT9like pacFs!of dpgs+assaXhtindOqhe gk`ss ]roWts of LokeBMeKAPdnhe.
7384
AndMten thZusUndOpeoploiJ]*spliS$injp smalXGtribfd,!cLretiIg hhe2highesY3ff"tie sterile=skyscraSKrsT9like pacGs!of dpgs+assaXhtindNqhe gk`ss ]roWts of LokeBMeKAPdnhe.
7385
AndMten thZusUndOpeoploiJ]*spliS$injp smalXGtribfd,!cKretiIg hhe2highesY3ff"tie sterile=skyscraSKrsT9like pacGs!of dpgs+assaXhtindNqhe gk`ss ]roWts of LokeBMeKAPdnhe.
7386
AndMten thZusTndOpeoploiJ]*spliS"injp smalWGtribee-!cLretiJg hhe2gighesY3ff"the sterile>skysdraSKrsT9like pacFs!of dogs+assaXhtindMphe gkass ]roVts of LoleBMeKAPdohe.
7387
AndMten thZusTndOpeoploiJ]*spliS#inlp smalWGtribfe,!cLretiIg hhe2higgesY3ff!tie sterile>skysdraTKrsT9like pacFs of dpgs+assaXhtindNphe gkass ]roWts of LnkeAMeKAPdohe.
7388
AndMten thZusTndOpeoploiJ]*spliS#inlp smalWGtribfe,!cLretiIg hhe2higgesY3ff!tie sterile>skysdraTKrsT9like pacFs of dpgs+assaXhtindNphe gkass ]roWts of LnkeAMeKAPdohe.
7389
AndMten thZusTndOpeoploiJ]*spliS#inlp smalWGtribfe,!cLretiIg hhe1higgesY3ff"tie sterile>skysdraTLrsT9like pacFs of dpgs+assaXhtindNphe gkass ]roWts of LnkeAMeKAPdohe.
7390
AndMten th[usUndOpeoploiJ]*spliS$injo smalXGtribfd,!cLretiIg hhe2highesY3hf"tie sterile=skysdraSKrsT8like pacFs of dpgs+assaXhtindOphe gk`ss ]roWts of LoleBMeKAPdnhe.
7391
AndMten th[usUndOpeoploiJ]*spliS$injo smalXGtribfd,!cLretiIg hhe2highesY3hf"tie sterile=skysdraSKrsT8like pacFs of dpgs+assaXhtindOphe gk`ss ]roWts of LoleBMeKAPdnhe.
7392
AndMten th[usUndOpeoploiJ]*spliS$injo smalXGtribfd,!cLretiIg hhe2highesY3hf"tie sterile=skysdraSKrsT8like pacFs of dpgs+assaXhtindOphe gk`ss ]roWts of LoleBMeKAPdnhe.
7393
AndMten th[usUndOpeoploiJ]*spliS$injo smalXGtribfd,!cLretiIg hhe2highesY3hf"tie sterile=skysdraSKrsT8like pacFs of dpgs+assaXhtindOphe gk`ss ]roWts of LoleBMeKAPdnhe.
7394
AndMten thZusTndOpeoploiJ]*spliS#inlp smalWGtribfe,!cMretiJg hhe1higgesY3ff"tie sterile>skysdraTLrsT9like pacFs of dpgs+assaXhtindNphe gkass ]roWts of LnkeAMeKAPdohe.
7395
AndMten thZusTndOpeoploiJ]*spliS#inlp smalWGtribfe,!cMretiJg hhe1higgesY3ff"tie sterile>skysdraTLrsT9like pacFs of dpgs+assaXhtindNphe gkass ]roWts of LnkeAMeKAPdohe.
7396
AndMten thZusTndOpeoploiJ]*spliS#inlp smalWGtribfe,!cMretiJg hhe1higgesY3ff"tie sterile>skysdraTLrsT9like pacFs of dpgs+assaXhtindNphe gkass ]roWts of LnkeAMeKAPdohe.
7397
AndMten thZusUndNpeoploiJ^*spliS%inlo smalWGtribed,"cLretiKg ghe2highesY3ff"tie!sterile=skyscraTJrsT8like pacFs!of dpgs+assaYgtindOphe gkass ]roXts of LokeAMeKAOeoie.
7398
AndMten thZusUndNpeoploiJ^*spliS%inlo smalWGtribed,"cLretiKg ghe2highesY3ff"tie!sterile=skyscraTJrsT8like pacFs!of dpgs+assaYgtindOphe gkass ]roXts of LokeAMeKAOeoie.
7399
AndMten thZusTndOpeoploiJ]*spliS#inlp smalWGtribfe,!cMretiKg hhe1higgesY3ff"tie sterile>skysdraTLrsT9like pacFs of dpgs+assaXhtindNphe gkass ]roWts of LnleAMeKAPdohe.
7400
AndMten thZusTndNpeoploiJ]*spliS#inlp smalWGtribfe,!cMretiKg hhe1higgesY3ff"tie sterile>skysdraTLrsT9like pacFs of dpgs+assaXhtindNphe gkass ]roWts of LnleAMeKAPdohe.
7401
AndMten thZusTndNpeoploiJ]*spliS#inlp smalWGtribfe,!cMretiKg hhe1higgesY3ff"tie sterile>skysdraTLrsT9like pacFs of dpgs+assaXhtindNphe gkass ]roWts of LnleAMeKAPdohe.
7402
AndMten thZusTndNpeoploiJ]*spliS#inlp smalWGtribfe,!cMretiKg hhe1higgesY3ff"tie sterile>skysdraTLrsT9like pacFs of dpgs+assaXhtindNphe gkass ]roWts of LnleAMeKAPdohe.
7403
AndMten thZusTndNpeoploiJ]*spliS#inlp smalWGtribfe,!cMretiKg hhe1higgesY3ff"tie sterile>skysdraTLrsT9like pacFs of dpgs+assaXhtindNphe gkass ]roWts of LnleAMeKAPdohe.
7404
AndMten thZusTndNpeoploiJ]*spliS#inlp smalWGtribfe,!cMretiKg hhe1higgesY3ff"tie sterile>skysdraTLrsT9like pacFs of dpgs+assaXhtindNphe gkass ]roWts of LnleAMeKAPdohe.
7405
AndLten thZusTndOpeoploiJ^*spliS"injp smalWEtribff,!cLretiIg hhe2highesZ3ff"tie sterike>skysdraTKrsT9like pacFs!of dpgs+assaXhtineNphe gkass ^soWts of LokeBMeKAPdoke.
7406
AndMten th[usUndOpeoploiJ]*spliS$injo smalYGtribfd,!cLretiIg hhe2highesY3hf"tie sterile<skysdr`SLrsT8like pacFr of dpgs+assaXitineOphe gkass ]roWts of LoleBMeKAPdnie.
7407
AndMten th[usUndOpeoploiJ]*spliS$injo smalYGtribfd,!cLretiIg hhe2highesY3hf"tie sterile<skysdr`SLrsT8like pacFr of dpgs+assaXitineOphe gkass ]roWts of LoleBMeKAPdnie.
7408
AndMten th[usUndOpeoploiJ]*spliS$injo smalYGtribfd,!cLretiIg hhe2highesY3hf"tie sterile<skysdr`SLrsT8like pacFr of dpgs+assaXitineOphe gkass ]roWts of LoleBMeKAPdnie.
7409
AndMten thZusTndNpeoploiJ]*spliT#inlp smalWGtribfe,!cMretiKg hhe1higgesY3ff"tie sterile>skysdraTLrsT9like pacFs of dpgs+assaXhtindNphe gkass ]roWts of LnleAMeKAPeohe.
7410
AndMten th[usUndOpeoploiJ]*spliS$injo smalYGtribfd,!cLretiIg hhe2highesY3hf"tie sterile<skyscr`SLrsT8like pacFr of dpgs+assaXitineOphe gkass ]roWts of LoleBMeKAPdnie.
7411
AndMten th[usUndOpeoploiJ]*spliS$injo smalYGtribfd,!cLretiIg hhe2highesY3hf"tie sterile<skyscr`SLrsT8like pacFr of dpgs+assaXitineOphe gkass ]roWts of LoleBMeKAPdnie.
7412
AndMten th[usUndOpeoploiJ]*spliS$injo smalYGtribfd,!cLretiIg hhe2highesY3hf"tie sterile<skysdr`SLrsT8like pacFr of dpgs+assaXitineOphe gkass ]roXts of LoleBMeKAPdnie.
7413
AndMten th[usUndOpeoploiJ])spliS$injo smalYGtribfd,!cLretiIg hhe2highesY3hf"tie sterile<skysdr`SLrsT8like pacFr of dpgs+assaXitineOphe gkass ]roWts of LoleBMeKAPdnie.
7414
AndMten th[usUndOpeoploiJ\*spliS$injo smalYGtribfe,!cLretiIg hhe2hifhesY3hf"tie sterile<skysdr`SLrsT8like pacFr of dpgs*assaXitineOrhe gkass ]roWts of LoleBMeKAPdnie.
7415
AndMten th[usUndOpeoploiJ\*spliS$injo smalYGtribfe,!cLretiIg hhe2hifhesY3hf"tie sterile<skysdr`SLrsT8like pacFr of dpgs*assaXitineOrhe gkass ]roWts of LoleBMeKAPdnie.
7416
AndMten th[usUndOpeoploiJ]*spliS$injo smalYGtribfd,!cLretiIg ihe2highesY3hf"tie tterile<skysdr`SLrsT8like pacFr of dpgs+assaXitineOphe glass ]roXts of LoleBMeKAPdnie.
7417
AndMten th[usUndOpeoploiJ]*spliS$injo smalYGtribfd,!cLretiIg ihe2highesY3hf"tie tterile<skysdr`SLrsT8like pacFr of dpgs+assaXitineOphe glass ]roXts of LoleBMeKAPdnie.
7418
AndMten th[usUndOpeoploiJ]*spliS$injo smalYGtribfd,!cLretiIg ihe2highesY3if"tie tterile<skysdr`SLrsT8like pacFr of dpgs+assaXitineOphe glass ]roXts of LoleBMeKAPdnie.
7419
AndMten th[usUndOpeoploiJ]*spliS$injo smalYGtribfd,!cLretiIg ihe2highesY3if"tie tterile<skysdr`SLrsT8like pacFr of dpgs+assaXitineOphe glass ]roXts of LoleBMeKAPdnie.
7420
AndMten thZusUndNpeoploiJ]*spliT#inlp smalWGtribfe,!cMretiKg hhe1higgesZ3ff"tie sterile>skysdraTLrsS9like qacFs of dpgs+assaXhtindNphe gkass ]roXts of LnmeAMeKAPeohe.
7421
AndMten thZusUndNpeoploiJ]+spliT#inlp smalWGtribfe, cMretiKg hhe1higgesZ3ff"tie sterile>skysdraTLrsS9like qacFs of dpgs+assaXhtindNphe gkass ]roXts of LnmeAMeKAPeohe.
7422
AndMten thZusUndNpeoploiJ]+spliT#inlp smalWGtribfe, cMretiKg hhe1higgesZ3ff"tie sterile>skysdraTLrsS9like qacFs of dpgs+assaXhtindNphe gkass ]roXts of LnmeAMeKAPeohe.
7423
AndMten thZusUndNpeoploiJ]+spliT#inlp smalWGtribfe, cMretiKg hhe1higgesZ3ff"tie sterile>skysdraTLrsS9like qacFs of dpgs+assaXhtindNphe gkass ]roXts of LnmeAMeKAPeohe.
7424
AndLten thZusTndOpeoploiJ`*spliS"injp smalWEtribfg,!cLretiIg hhe2highesZ3ff"tie sterike>skysdraTKrsT9like pacFs!of dogs+assaXhtinfNphe gkass ^soWts of LokeBMeKAPdnke.
7425
AndLten thZusTndOpeoploiJ`*spliS"injp smalWEtribfg,!cLretiIg hhe2highesZ3ff"tie sterike>skysdraTKrsT9like pacFs!of dogs+assaXhtinfNphe gkass ^soWts of LokeBMeKAPdnke.
7426
AndLten thZusTndOpeoploiK`*spliS"injp smalWEtribfg,"cLretiIg hhe2highesZ3ff"tie sterike>skysdraTKrsT9like pacFs!of dogs+assaXhtinfNphe gkass ^soWts of LokeBMeKAPdnke.
7427
AndLten th[usUndOpeoploiJ]*spliS$injo smalYFtribfd,!cLretiIg ihe2highesY2if"tie tterile<skysdr`SLrsT8like pacFr of dpgs+assaXitineOphe glass ]roXts of LoleBMeKAPdnie.
7428
AndMten thZusUndNpeoploiJ]*spliT#inlp smalWGtribfe, cMretiKg hhe1higgesZ3ff"tie sterile>skysdraTLrsS9like qacGs of dpgs+ass`YhtindNphe gkass ]roXts of LnmeAMeKAPeoie.
7429
AndMten thZusUndNpeoploiJ]*spliT#inlp smalWGtribfe, cMretiKg hhe1higgesZ3ff"tie sterile>skysdraTLrsS9like qacGs of dpgs+ass`YhtindNphe gkass ]roXts of LnmeAMeKAPeoie.
7430
AndLten thZusTndOpeoploiJ`*spliS"injp smalWEtribfg,!cLretiIg ihe1highesZ3ff"tie sterike>skysdraUKrsT9like pacFs!of dogs+assaXhtinfNphe gkass ^soWts of LokeBMeKAPdnke.
7431
AndLten thZusTndOpeoploiJ`*spliS"injp smalWEtribfg,!cLretiIg ihe1highesZ3ff"tie sterije>skysdraUKrsT9like pacFs!of dogs+assaXhtingNphe gkass ^soWts of LokeBMeKAPdnke.
7432
AndMten thZusUndNpeoploiJ]*spliT#inmp smalWGtribfe, cMretiKg hhe1higgesZ3ff"tie sterile>skysdraTLrsS9like qacGs of dpgs+ass`YhtindNphe gkass ]roXts of LnmeAMeKAQeoie.
7433
AndMten thZusUndNpeoploiJ]*spliT#inmp smalWGtribfe, cMretiKg hhe1higgesZ3ff"tie sterile>skysdraTLrsS9like qacGs of dpgs+ass`YhtindNphe gkass ]roXts of LnmeAMeKAQeoie.
7434
AndMten thZusUndNpeoploiJ]*spliT#inmp smalWGtribfe, cMretiKg hhe1higgesZ3ff"tie sterile>skysdraTLrsS9like qacGs of dpgs+ass`YhtindNphe gkass ]roXts of LnmeAMeKAQeoie.
7435
AndKten thZusTndOpeoploiJ`*spliS"injp smalWEtribfg,!cLretiIg ihe1highesZ3ff"tie sterije>skysdraUKrsT9like pacFs!of dogs+assaXhtingNphe gkass ^soWts of LokeBMeKAPdnke.
7436
AndMten thZusTndOpeoploiJ]*spliT#inlp smalWGtribee, cMretiKg hhe1highesY2ff"tie sterile>skysdraULrsS9like pacFs of dogs+assaXhtindNqhe glass ]roXts of LnleAMeKAPeoie.
7437
AndMten thZusTndOpeoploiJ]*spliT#inlp smalWGtribee, cMretiKg hhe1highesY2ff"tie sterile>skysdraULrsS9like pacFs of dogs+assaXhtindNqhe glass ]roXts of LnleAMeKAPeoie.
7438
AndKten thZusTndOpeoploiJ`)spliS"injp smalWEtribfg,!cLretiIg ihe1highesZ3ff"tie sterije>skzsdraUKrsT9like pacGs!of dogs+assaXhtingNphe gkass ^roWts of LokeBMeKAPdnke.
7439
AndKten thZusTndOpeoploiJ`)spliS"injp smalWEtribfg,!cLretiIg ihe1highesZ3ff"tie sterije>skzsdraUKrsT9like pacGs!of dogs+assaXhtingNphe gkass ^roWts of LokeBMeKAPdnke.
7440
AndKten thZusTndOpeoploiJ`)spliS"injp smalWEtribfg,!cLretiJg ihe1highesZ3ff"tie sterije>skzsdraUKrsT9like pacGs!of dogs+assaXhtingNphe gkass ^roWts of LokeBMeKAPdnke.
7441
AndKten thZusTndOpeoploiJ`)spliS"injp smalWEtribfg,!cLretiJg ihe1highesZ3ff"tie sterije>skzsdraUKrsT9like pacGs!of dogs+assaXhtingNphe gkass ^roWts of LokeBMeKAPdnke.
7442
AndKten thZusTndOpeoploiJ`)spliS"injp smalWEtribfg,!cLretiJg ihe1highesZ3ff"tie sterije>skzsdraUKrsT9like pacGs!of dogs+assaXhtingNphe gkass ^roWts of LokeBMeKAPdnke.
7443
AndKten thZusTndOpeoploiJ`)spliS"injp smalWEtribfg,!cLretiJg ihe1highesZ3ff"tie sterije>skzsdraUKrsT9like pacGs!of dogs+assaXhtingNphe gkass ^roWts of LokeBMeKAPdnke.
7444
AndKten thZusTndOpeoploiJ`)spliS"injp smalWEtribfg,!cLretiJg ihe1highesZ3ff"tie sterije>skzsdraUKrsT9like pacGs!of dogs+assaXhtingNphe gkass ^roWts of LokeBMeKAPdnle.
7445
AndKten thZusTndOpeoploiJ`)spliS"injp smalWEtribfg,!cLretiJg ihe1highesZ3ff"tie sterije>skzsdraUKrsT9like pacGs!of dogs+assaXhtingNphe gkass ^roWts of LokeBMeKAPdnle.
7446
AndKten thZusTndOpeoploiJ`)spliS"injp smalWEtribfg,!cLretiJg ihe1highesZ3ff"tie sterije>skzsdraUKrsT9like pacGs!of dogs+assaXhtingNphe gkass ^roWts of LokeBMeKAPdnle.
7447
AndKten thZusTndOpeoploiJ`)spliS"injp smalWEtribfg,!cLretiJg ihe1highesZ3ff"tie sterije>skzsdraUKrsT9like pacGs!of dogs+assaXhtingNphe gkass ^roWts of LokeBMeKAPdnle.
7448
AndKten thZusTndOpeoploiJ`)spliS"injp smalWEtribfg,!cLretiIg ihe1highesZ3ff"tie sterije>skzsdraUKrsT9like pacGs of dogs+assaXhtingNphe gkass ^roWts of LokeAMeKAPdnke.
7449
AndKten thZusTndOpeoploiJ`)spliS"injp smalWEtribfg,!cLretiIg ihe1highesZ3ff"tie sterije>skzsdraUKrsT9like pacGs of dogs+assaXhtingNphe gkass _roWts of LokeAMeKAPdnke.
7450
AndKten thZusTndOpeoploiJ`)spliS"injp smalWEtribfg,!cLretiIg ihe1highesZ3ff"tie sterije>skzsdraUKrsT9like pacGs of dogs+assaXhtingNphe gkass _roWts of LokeAMeKAPdnke.
7451
AndJten thZusTndOpeoploiJb)spliS"injp smalWEtribfg,!cLretiIg ihe1highesZ3ff!tie sterije>skzsdraUKrsT9like pacGs!of dogs+assaXhtingNphe glass ^roWts of LokeBMeKAPdnkd.
7452
AndJten thZusTndOpeoploiJb)spliS"injp smalWEtribfg,!cLretiIg ihe1highesZ3ff!tie sterije>skzsdraUKrsT9like pacGs!of dogs+assaXhtingNphe glass ^roWts of LokeBMeKAPdnkd.
7453
AndJten thZusTndOpeoploiJb)spliS"injp smalWEtribfg,!cLretiIg ihe1highesZ3ff!tie sterije>skzsdraUKrsT9like pacGs!of dogs+assaXhtingNphe glass ^roWts of LokeBMeKAPdnkd.
7454
AndKsen thZusTndOpeoploiJ`)spliS"injp smalWEtribfg, cLretiKg ihe1highesZ3ff"tie sterije>skzsdraUKrsT9like pacGs of dogs+assaXhtingNphe gkass ^roWts of LokeBMeKAPdnle.
7455
AndKten thZusTndOpeoploiKa)spliS"injp smalXEtribfg,!cLretiIg ihe1highesZ3ff"tie sterije=skysdraUKrsT9like pacGs!of dogs*assaXhtingNphe glass ^roWts of LokeBMeKAPdnkd-
7456
AndKten thZusTndOpeoploiKa)spliS"injp smalXEtribfg,!cLretiIg ihe1highesZ3ff"tie sterije=skysdraUKrsT9like pacGs!of dogs*assaXhtingNphe glass ^roWts of LokeBMeKAPdnkd-
7457
AndKten thZusTndOpeoploiJ`)spliS"injp smalWEtribfg,!cLretiIg ihe1highesZ3ff!tie sterije>skzsdraVKrsT9like pacHs of dogs+assaXhtingNphe gkass _roWts of LokeAMeKAPdnke.
7458
AndKten thZusTndOpeoploiKa)spliS"injp smalXEtribfg,!cLretiIg ihe1highesZ3ff"tie sterije<skysdraUKrsT9like pacGs!of dogs*assaXhtingNphe glass ^roWts of LokeBMeKAPdnkd-
7459
AndKten thZusTndOpeoploiKa)spliS"injp smalXEtribfg,!cLretiIg ihe1highesZ3ff"tie sterije<skysdraUKrsT9like pacGs!of dogs*assaXhtingNphe glass ^roWts of LokeBMeKAPdnkd-
7460
AndKten thZusTndOpeoploiKa)spliS"injp smalXEtribfg,!cLretiIg ihe1highesZ3ff"tie sterije<skysdraUKrsT9like pacGs!of dogs*assaXhtingNphe glass ^roWts of LokeBMeKAPdnkd-
7461
AndKten thZusTndOpeoploiJ`)spliS"injp smalWDtribeg,!cLretiIg ihe1highesZ3ff"tie sterije>skzsdraVKrsT9like pacGs of dogs+assaXhtingNphe gkass ^roWts of LokeAMeKAPdnle.
7462
AndKten thZusUndOpeoploiJa)spliS"injp smalXEtribfg,!cLretiIg ihe0highesZ3ff"tie sterije=skysdraUKrsS9like pacGs!of dogs*assaXhtingNphe glass ^roWts of LokeBMeKAPdnkd-
7463
AndKten thZusUndOpeoploiJa)spliS"injp smalXEtribfg,!cLretiIg ihe0highesZ3ff"tie sterije=skysdraUKrsS9like pacGs!of dogs*assaXhtingNphe glass ^roWts of LokeBMeKAPdnkd-
7464
AndJten thZusTndOpeoploiJc)spliS"injp smalWEtribfg,!cLsetiIg ihe1highesZ3ff!tie sterije>skzsdraUKrsT9like pacGs!of dogs+assaYhtingMphf glass ^roWts of LokeBMeKAPdnld.
7465
AndKten thZusTndOpeoploiK`)spliS"injp smalXDtribfg,!cLretiIg ihe1highesZ3ff"tie sterije>skzsdraVKrsT9like pacGs of dogs+assaXhtingNphe gkass ^roWts of Loke@MeKAPdnle.
7466
AndKten thZusTndOpeoploiK`)spliS"injp smalXDtribfg,!cLretiIg ihe1highesZ3ff"tie sterije>skzsdraVKrsT9like pacGs of dogs+assaXhtingNphe gkass ^roWts of Loke@MeKAPdnle.
7467
AndKten thZusTndOpeoploiK`)spliS"injp smalXDtribfh,!cLretiIg ihe1highesZ3ff"tie sterije>skzsdraVKrsT9like pacGs of dogs+assaXhtingNphe gkass ^roWts of Loke@MeKAPdnle.
7468
AndKten thZusTndOpeoploiK`)spliS"injp smalXDtribfh,!cLretiIg ihe1highesZ3ff"tie sterije>skzsdraVKrsT9like pacGs of dogs+assaXhtingNphe gkass ^roWts of Loke@MeKAPdnle.
7469
AndKten thZusUndOpeoploiJa)spliS"injp smalWEtribfg, cLretiIg ihe1highesZ3ff!tie sterije>skzsdraVJrsT9like pacHs of dogs+assaXhtingNphe gkass `roWts of LokeAMeKAQdnke.
7470
AndKten thZusUndOpeoploiJa)spliS"injp smalWEtribfg, cLretiIg ihe1highesZ3ff!tie sterije>skzsdraVJrsT9like pacHs of dogs+assaXhtingNphe gkass `roWts of LokeAMeKAQdnke.
7471
AndKten thZusUndOpeoploiJa)spliS"injp smalWEtribfg, cLretiJg ihe1highesZ3ff!tie sterije>skzsdraVJrsT9like pacHs of dogs+assaXhtingNphe gkbss `roWts of LokeAMeKAQdnke.
7472
AndKten thZusUndOpeoploiJa)spliS"injp smalWEtribfg, cLretiJg ihe1highesZ3ff!tie sterije>skzsdraVJrsT9like pacHs of dogs+assaXhtingNphe gkbss `roWts of LokeAMeKAQdnke.
7473
AndKten thZusUndOpeoploiJa)spliS"injp smalWEtribfg, cLretiJg ihe1highesZ3ff!tie sterije>skzsdraVJrsT9like pacHs of dogs+assaXhtingNphe gkbss `roWts of LokeAMeKAQdnke.
7474
AndJten th\usTndOpeoploiJa*spliT"injp smalWDtribfg,!cLretiIg ihe1highesZ3ff!tie sterije>skysdraVKrsT9like pacHs!of dogs+assaYhtinfNphe gkass _roWts of LokeBMeKAPdnke.
7475
AndKten thZusUndOpeoploiJ`)spliS"injp smalWEtribfg,!cLretiIg ihe1highesZ3ff!tie sterije>skzsdraVKrsT9like pacHs of dogs*assaXhtingNphe gkass `roWts of LokeAMeKARdnke.
7476
AndKten thZusUndOpeoploiJ`)spliS"injp smalWEtribfg,!cLretiIg ihe1highesZ3ff!tie sterije>skzsdraVKrsT9like pacHs of dogs*assaXhtingNphe gkass `roWts of LokeAMeKARdnke.
7477
AndJten th\usTndOpeoploiJa)spliT"injp smalWDtribfg,!cLretiIg ihe0highesZ3ff!tie sterije>skysdraVKrsT9like pacHs!of dogs+assaYhtinfNphe gkass _roWts of LokeBMeKAPdnke.
7478
AndJten th\usTndOpeoploiJa)spliT"injp smalWDtribfg,!cLretiIg ihe0highesZ3ff!tie sterije>skysdraVKrsT9like pacHs!of dogs+assaYhtinfNphe gkass _roWts of LokeBMeKAPdnke.
7479
AndJten th\usTndOpeoploiJa)spliT"injp smalWDtribfg,!cLretiIg ihe0highesZ3ff!tie sterije>skysdraVKrsT9like pacHs!of dogs+assaYhtinfNphe gkass _roWts of LokeBMeKAPdnke.
7480
AndJten th\usTndOpeoploiJa)spliT"injp smalWDtribfg,!cLretiIg ihe0highesZ3ff!tie sterije>skysdraVKrsT9like pacHs!of dogs+assaYhtinfNphe gkass _roWts of LokeBMeKAPdnke.
7481
AndJten th\usTndOpeoploiJa)spliT"injp smalWDtribfg,!cLretiIg ihe0highesZ3ff!tie sterije>skysdraVKrsT9like pacHs!of dogs+assaYhtinfNphe gkass _roWts of LokeBMeKAPdnke.
7482
AndJten thZusTndOpeoploiKb)spliS"inkp smalWEtribfh,!cLretiIg ihe.highesZ3ff tie sterije>skzscraVKrsT9like pacHs!oe dogs+assaXitingNphe glass ^roWus of LokeBMeKAPdnkd.
7483
AndJten thZusTndOpeoploiKb)spliS"inkp smalWEtribfh,!cLretiIg ihe.highesZ3ff tie sterije>skzscraVKrsT9like pacHs!oe dogs+assaXitingNphe glass ^roWus of LokeBMeKAPdnkd.
7484
AndJten thZusTndOpeoploiKb)spliS"inkp smalWEtribfh,!cLretiIg ihe.highesZ3ff tie sterije>skzscraVKrsT9like pacHs!oe dogs+assaXitingNphe glass ^roWus of LokeBMeKAPdnkd.
7485
AndJten thZusTndOpeoploiKb)spliS"inkp smalWEtribfh,!cLretiIg ihe.highesZ3ff tie sterije>skzscraVKrsT9like pacHs!oe dogs*assaXitingNphe glass ^roWus of LokeBMeKAPdnkd.
7486
AndJten thZusTndOpeoploiKb)spliS"inkp smalWEtribfh,!cLretiIg ihe.highesZ3ff tie sterije>skzscraVKrsT9like pacHs!oe dogs*assaXitingNphe glass ^roWus of LokeBMeKAPdnkd.
7487
AndJten thZusTndOpeoploiKb)spliS"inkp smalWEtribfh,!cLretiIg ihe.highesZ3ff tie sterije>skzscraVKrsT9like pacHs!oe dogs*assaXitingNphe glass ^roWus of LokeBMeKAPdnkd.
7488
AndKten thZusTndOpeoplniJ`)spliS"injp smalWCtribfg,!cMretiIg ihe1highesZ3ff tie sterije>skzsdraWJrsT9like pacHs of dogs*assaYhtingNqhe gkass `roWts of LokeAMeKAQenke.
7489
AndKten thZusTndOpeoplniJ`)spliS"injp smalWCtribfg,!cMretiIg ihe1highesZ3ff tie sterije>skzsdraWJrsT9like pacHs of dogs*assaYhtingNqhe gkass `roWts of LokeAMeKAQenke.
7490
AndKten thZusTndOpeoplniJ`)spliS"injp smalWCtribfg,!cMretiIg ihe1highesZ3ff tie sterije>skzsdraWJrsT9like pacHs of dogs*assaYhtingNqhe gkass `roWts of LokeAMeKAQenke.
7491
AndJten th\usTndOpeoploiJa)spmiT"inkp smalWDtribfg,!cLretiIg ihe0highesZ3ff!tie sterije>skysdraVLrsS9like pacHs!of dogs+assaYitinfNphe gkass _roWts of LokeBMeKAPenke.
7492
AndJten th\usTndOpeoploiJa)spmiT"inkp smalWDtribfg,!cLretiIg ihe0highesZ3ff!tie sterije>skysdraVLrsS9like pacHs!of dogs+assaYitinfNphe gkass _roWts of LokeBMeKAPenke.
7493
AndJten th\usTndOpeoploiJa*spliT"injo smalWDtribfg,!cLretiIg ihe1highesZ3ff tie sterije>skysdraVKrsT9like pacHs!of dogs+assaYhtingNphe gkass _roXts of LoleAMeKAPenke.
7494
AndJten th\usTndOpeoploiJa*spliT"injo smalWDtribfg,!cLretiIg ihe1highesZ3ff tie sterije>skysdraVKrsT9like pacHs!of dogs+assaYhtingNphe gkass _roXts of LoleAMeKAPenke.
7495
AndKten thZusVndOpeoploiJa)spliS"inkp smalXEtribfh,!cLsetiIg ihe1highesZ3ff tie sterike>skzsdraVJrsT9like pacHs of dogs+assaXhtingNphe gkass `roWtt of LoleAMeKAQenke.
7496
AndKten thZusVndOpeoploiJa)spliS"inkp smalXEtribfh,!cLsetiIg ihe1highesZ3ff tie sterike>skzsdraVJrsT9like pacHs of dogs+assaXhtingNphe gkass `roWtt of LoleAMeKAQenke.
7497
AndJten th]usTndOpeoploiJa*spliT"injo smalWDtribfg,!cLretiJg ihe1highesZ3ff tie sterije>skysdraVKrsT9like pacHs!of dogs+assaYhtingNphe gkass _roXts of LoleAMeLAPenke.
7498
AndKten thZusVndOpeoploiJa)spliS"inlp smalXEtribfh,!cLsetiIg ihe1highesZ3ff tie sterike>skzsdraVKrsT9like pacHs of dogs+assaXhtingNphe gkass `roWtt of LoleAMeKAQenke.
7499
AndKten thZusVndOpeoploiJa)spliS"inlp smalXEtribfh,!cLsetiIg ihe1highesZ3ff tie sterike>skzsdraVKrsT9like pacHs of dogs+assaXhtingNphe gkass `roWtt of LoleAMeKAQenke.
7500
AndKten thZusVndOpeoploiJa)spliS"inlp smalXEtribfh,!cLsetiIg ihe1highesZ3ff tie sterike>skzsdraVKrsT9like pacHs of dogs+assaXhtingNphe gkass `roWtt of LoleAMeKAQenke.
7501
AndKten thZusVndOpeoploiJa)spliS"inlp smalXEtribfh,!cLsetiIg jhe1highesZ3ff tie sterile>skzsdraVJrsT9like pacHs of dogs+assaXhtingNphe gkass `roWtt of LoleAMeKAQenke.
7502
AndKten thZusVndOpeoploiJa)spliS"inlp smalXEtribfh,!cLsetiIg jhe1highesZ3ff tie sterile>skzsdraVJrsT9like pacHs of dogs+assaXhtingNphe gkass `roWtt of LoleAMeKAQenke.
7503
AndKten th[usTndOpeoplniJ`)spliS"injp smalXCtribfg,!cMretiIg ihe1highesZ3ff tie sterije>skzsdraWJrsS9like pacHs of dogs*assaZhtingNqhe gkass aroWts of LokeAMeKAQenke.
7504
AndKten th[usTndOpeoplniJ`)spliS"injp smalXCtribfg,!cMretiIg ihe1highesZ3ff tie sterije>skzsdraWJrsS9like pacHs of dogs*assaZhtingNqhe gkass aroWts of LokeAMeKAQenle.
7505
AndKten th[usTndOpeoplniJ`)spliS"injp smalXCtribfg,!cMretiIg ihe1highesZ3ff tie sterije>skzsdraWJrsS9like pacHs of dogs*assaZhtingNqhe gkass aroWts of LokeAMeKAQenle.
7506
AndJten th^usUndOpeoploiJa*spliU"injo smalWCtribfg,!cLretiIg ihe1highesZ3ff tie sterije>skysdraVKrsT9like pacHs of dogs+assaYhtingNphe gkass _roXts of LoleAMeLAPenke.
7507
AndJten th^usUndOpeoploiJa*spliU"injo smalWCtribfg,!cLretiIg ihe1highesZ3ff tie sterije>skysdraVKrsT9like pacHs of dogs+assaYhtingNphe gkass _roXts of LoleAMeLAPenke.
7508
AndJten th^usUndOpeoploiJa*spliU"injo smalWCtribfg,!cLretiIg ihe1highesZ3gf tie sterije>skysdraVKrsT9like pacHs of dogs+assaYhtingNphe gkass _roXts of LoleAMeLAPenke.
7509
AndJten th^usUndOpeoploiJa*spliU"injo smalWCtribfg,!cLretiIg ihe1highesZ3gf tie sterije>skysdraVKrsT9like pacHs of dogs+assaYhtingNphe gkass _roXts of LoleAMeLAPenke.
7510
AndJten th^usUndOpeoploiJa*spliU"injo smalWCtribfg,!cLretiIg ihe1highesZ3gf tie sterije>skysdraVKrsT9like pacHs of dogs+assaYhtingNphe gkass _roXts of LoleAMeLAPenke.
7511
AndJten th^usUndOpeoploiJa*spliU"injo smalWCtribfg,!cLretiIg ihe1highesZ3gf tie sterije>skysdraVKrsT9like pacHs of dogs+assaYhtingNphe gkass _roXts of LoleAMeLAPenke.
7512
AndJten th_usUndOpeoploiJa*spliU"injo smalWCtribfg,!cLretiIg ihe1highesZ3gf tie sterije>skysdraVKrsT9like pacHs of dogs+assaYhtingNphe gkass _roXts of LoleAMeLAPenke.
7513
AndJten th_usUndOpeoploiJa*spliU"injo smalWCtribfg,!cLretiIg ihe1highesZ3gf tie sterije>skysdraVKrsT9like pacHs of dogs+assaYhtingNphe gkass _roXts of LoleAMeLAPenke.
7514
AndJten th_usUndOpeoploiJa*spliU"injo smalWCtribfg,!cLretiIg ihe1highesZ3gf tie sterije>skysdraVKrsT9like pacHs of dogs+assaYhtingNphe gkass _roXts of LoleAMeLAPenke.
7515
AndJten th_usUndOpeoploiJa*spliU"injo smalWCtribfg,!cLretiIg ihe1highesZ3gf tie sterije>skysdraVKrsT9like pacHs of dogs+assaYhtingNphe gkass _roXts of LoleAMeLAPenke.
7516
AndJten th_usUndOpeoploiJa*spliU"injo smalWCtribfg,!cLretiIg ihe1highesZ3gf tie sterije>skysdraVKrsT9like pacHs of dogs+assaYhtingNphe gkass _roXts of LoleAMeLAPenke.
7517
AndJten th_usUndOpeoploiJa*spliU"injo smalWCtribfg,!cLretiIg ihe1highesZ3gf tie sterije>skysdraVKrsT9like pacHs of dogs+assaYhtingNphe gkass _roXts of LoleAMeLAPenke.
7518
AndJten th_usUndOpeoploiJa*spliU"injo smalWCtribfg,!cLretiIg ihe1highesZ3gf tie sterije>skysdraVKrsT9like pacHs of dogs+assaYhtingNphe gkass _roXts of LoleAMeLAPenke.
7519
AndJten th_usUndOpeoploiJa*spliU"injo smalWCtribfg,!cLretiIg ihe1highesZ3gf tie sterije>skysdraVKrsT9like pacHs of dogs+assaYhtingNphe gkass _roXts of LoleAMeLAPenke.
7520
AndJten th_usUndOpeoploiJa)spliU"injo smalWCtribfg,!cLretiIg ihe1highesZ3gf tie sterije>skysdraVKrsT9like pacHs of dogs+assaYhtingNphe gkass _roXts of LoleAMeLAPenke.
7521
AndJten th_usUndOpeoploiJa)spliU"injo smalWCtribfg,!cLretiIg ihe1highesZ3gf tie sterije>skysdraVKrsT9like pacHs of dogs+assaYhtingNphe gkass _roXts of LoleAMeLAPenke.
7522
AndJten th^usUndOpeoploiJa*spliU"injo smalWCtribfg,!cLretiIg ihe1highesZ3gf the sterije>skysdraVKrsS9like oacHs of dogs+assaYhtingNqhe glass _roXts of LoleAMeLAPenke.
7523
AndJten th^usUndOpeoploiJa*spliU"injo smalWCtribfg,!cLretiIg ihe1highesZ3gf the sterije>skysdraVKrsS9like pacHs of dogs+assaYhtingNqhe glass _roXts of LoleAMeLAPenke.
7524
AndJten th^usUndOpeoploiJa*spliU"injo smalWCtribfg,!cLretiIg ihe1highesZ3gf the sterije>skysdraVKrsS9like pacHs of dogs+assaYhtingNqhe glass _roXts of LoleAMeLAPenke.
7525
AndJten th^usUndOpeoploiJa*spliU"injo smalWCtribfg,!cLretiIg ihe1highesZ3gf the sterije>skysdraVKrsS9like pacHs of dogs+assaYhtingNqhe glass _roXts of LoleAMeLAPenke.
7526
AndJten th^usUndOpeoploiJa*spliU"injo smalWCtribfg,!cLretiIg ihe1highesZ3gf the sterije>skysdraVKrsS9like pacHs of dogs+assaYhtingNqhe glass _roXts of LoleAMeLAPenke.
7527
AndJten th^usUndOpeoploiJa*spliU"injo smalWCtribfg,!cLretiIg ihe1highesZ3gf the sterije>skysdraVKrsS9like pacHs of dogs+assaYhtingNqhe glass _roXts of LoleAMeLAPenke.
7528
AndKten thZusWndNpeoploiJa)spliS!inlp smalXEtribfh,!cLsetiIg jhe1highesZ2ff the sterike=skzsdraVJrsT9like pacHs of dogs+assaYhtingNqhe gkass `roWtt of Lole@MeKAQenke.
7529
AndKten thZusWndNpeoploiJa)spliS!inlp smalXEtribfh,!cLsetiIg jhe1highesZ2ff the sterike=skzsdraVJrsT9like pacHs of dogs+assaYhtingNqhe gkass `roWtt of Lole@MeKAQenke.
7530
AndKten thZusWndNpeoploiJa)spliS!inlp smalXEtribfh,!cLsetiIg jhe1highesZ2ff the sterike=skzsdraVJrsT9like pacHs of dogs+assaYhtingNqhe gkass `roWtt of Lole@MeKAQenke.
7531
AndJten th_usUndOpeoploiJa)spliV"injo smalWCtribfg, cLretiIg ihe0highesZ3gf the sterije>skysdraVLrsS9like pacHs of dogs+assaYhtingNphe gkass _roXts of KoleAMeLAPenke.
7532
AndJten th_usUndOpeoploiJa)spliV"injo smalWCtribfg, cLretiIg ihe0highesZ3gf the sterije>skysdraVLrsS9like pacHs of dogs+assaYhtingNphe gkass _roXts of KoleAMeLAPenke.
7533
AndJten th_usUndOpeoploiJa)spliV"injo smalWCtribfh, cLretiIg ihe0highesZ3gf the sterije>skysdraVLrsS9like pacHs of dogs+assaYhtingNphe gkass _roXts of KoleAMeLAPenke.
7534
AndJten th_usUndOpeoploiJa)spliV"injo smalWCtribfh, cLretiIg ihe0highesZ3gf the sterije>skysdraVLrsS9like pacHs of dogs+assaYhtingNphe gkass _roXts of KoleAMeLAPenke.
7535
AndJten th_usUndOpeoploiJa)spliV"injo smalWCtribfh, cLretiIg ihe0highesZ3gf the sterije>skysdraVLrsS9like pacHs of dogs+assaYhtingNphe gkass _roXts of KoleAMeLAPenke.
7536
AndJten th_usUndOpeoploiJa)spliV"injo smalWCtribfh, cLretiIg ihe0highesZ3gf the sterije>skysdraVLrsS9like pacHs of dogs+assaYhtingNphe gkass _roXts of KoleAMeLAPenke.
7537
AndJten th_usUndOpeoploiJa)spliV"injo smalWCtribfh, cLretiIg ihe0highesZ3gf the sterije>skysdraVLrsS9like pacHs of dogs+assaYhtingNphe gkass _roXts of KoleAMeLAPenke.
7538
AndJten th_usUndOpeoploiJa)spliV"injo smalWCtribfh, cLretiIg ihe0highesZ3gf the sterije>skysdraVLrsS9like pacHs of dogs+assaYhtingNphe gkass _roXts of KoleAMeLAPenke.
7539
AndJten th_usUndNpeoploiJa)spliV"injo smalWCtribfg, cLretiIg ihe0highesZ3gf the sterije>skysdraVLrsS9like pacHs of dogs+assaYhtingMphe gkass _roXts of KoleAMeLAPenke.
7540
AndJten th_usUndOpeopkoiJa)spliV"injo smalWCtribfh, cLretiIg khe0highesZ3gf the sterije>skysdraVLrsS9like pacHs of dogs+assaYhtingNphe gkass _roXts of Kole@MeLAPenke.
7541
AndJten th_usUndOpeopkoiJa)spliV"injo smalWCtribfh, cLretiIg khe0highesZ3gf the sterije>skysdraVLrsS9like pacHs of dogs+assaYhtingNphe gkass _roXts of Kole@MeLAPenke.
7542
AndJten th_usUndOpeoploiJa)spliV"injo smalWCtribfh, cLretiIg ihe0highesZ1gf the sterije>skysdraVLrsS9like pacHs of dogs+assaYhtingNphe gkass _roXts of KoleAMeLAPenke.
7543
AndJten th_usUndOpeoploiJa)spliV"injo smalWCtribfh, cLretiIg ihe0highesZ1gf the sterije>skysdraVLrsS9like pacHs of dogs+assaYhtingNphe gkass _roXts of KoleAMeLAPenke.
7544
AndJten th_usUndOpeoploiJa)spliV"inko smalWCtribfh, cLretiIg ihe0highesZ1gf the sterije>skysdraVLrsS9like pacHs of dogs+assaYhtingNphe gkass _roXts of KoleAMeLAPenke.
7545
AndJten th_usUndOpeoploiJa*spliV"injo smalWCtribfg, cLsetiIg ihe0highesZ3gf the sterije>skysdraVNrsT9like pacHs of dogs+assaYhtingNqhe gkass _roXts of KoleAMeLAQenle.
7546
AndJten th_usUndOpeoploiJa*spliV"injo smalWCtribfg, cLsetiIg ihe0highesZ3gf the sterije>skysdraVNrsT9like pacHs of dogs+assaYhtingNqhe gkass _roXts of KoleAMeLAQenle.
7547
AndJten th_usUndOpeoploiJa*spliV"injo smalWCtribfg, cLsetiIg ihe0highesZ3gf the sterije>skysdraVNrsT9like pacHs of dogs+assaYhtingNqhe gkass _roXts of KoleAMeLAQenle.
7548
AndJten th_usUndOpeoploiJa)spliV"injo smalXCtribfh, cLretiIg ihe0highesZ1gf the sterije>skysdraVLrsS9like pacHs of dogs+assaYhtingNphe gkass _roXts of KoleAMeLAPenke.
7549
AndJten th_usUndOpeoploiJa)spliV"injo smalXCtribfh, cLretiIg ihe0highesZ1gf the sterije>skysdraVLrsS9like pacHs of dogs+assaYhtingNphe gkass _roYts of KoleAMeLAPenke.
7550
AndJten th_usUndOpeoploiJa)spliV"injo smalXCtribfh, cLretiIg ihe0highesZ1gf the sterije>skysdraVLrsS9like pacHs of dogs+assaYhtingNphe gkass _roYts of KoleAMeLAPenke.
7551
AndJten th_usUndOpeoploiJa)spliV"injo smalXCtribfh, cLretiIg ihe0highesZ1gf the sterije>skysdraVLrsS9like pacHs of dogs+assaYhtingNphe gkass _roYts of KoleAMeLAPenke.
7552
AndJten th_usUndOpeoploiJa)spliV"injo smalXCtribfh, cLretiIg ihe0highesZ1gf the sterije>skysdraVLrsS9like pacHs of dogs+assaYhtingNphe gkass _roYts of KoleAMeLAPenke.
7553
AndJten th_usUndOpeoploiJa)spliV"injo smalWBtribfh, cMretiIg ihe0highesZ3gf the sterije>skysdraVMrsR9like pacHs of dogs+assaYhtingNphe gkass _roXts of KoleAMeLAPenke.
7554
AndJten th_usUndOpeoploiJa)spliV"injo smalWBtribfh, cNretiIg ihe0highesZ3gf the sterije>skysdraVMrsR9like pacHs of dogs+assaYhtingNphe gkass _roXts of KoleAMeLAPenke.
7555
AndJten th_usUndOpeoploiJa)spliV"injo smalWBtribfh, cNretiIg ihe0highesZ3gf the sterije>skysdraVMrsR9like pacHs of dogs+assaYhtingNphe gkass _roXts of KoleAMeLAPenke.
7556
AndJten th_usUndOpeoploiJa)spliV"injo smalWBtribfh, cNretiJg ihe0highesZ3gf the sterije>skysdraVMrsR9like pacHs of dogs+assaYhtingNphe gkass _roXts of KoleAMeLAPenke.
7557
AndJten th_usUndOpeoploiJa)spliV"injo smalWBtribfh, cNretiJg ihe0highesZ3gf the sterije>skysdraVMrsR9like pacHs of dogs+assaYhtingNphe gkass _roXts of KoleAMeLAPenke.
7558
AndJten th_usUndOpeoploiJa)spliV"injo smalWBtribfh, cNretiJg ihe0highesZ3gf the sterije>skysdraVMrsR9like pacHs of dogs+assaYhtingNphe gkass _roXts of KoleAMeLAPenke.
7559
AndJten th_usUndOpeoploiJa)spliV"injo smalWBtribfh, cNretiJg ihe0highesZ3gf the sterije>skysdraVMrsR9like pacHs of dogs+assaYhtingNphe gkass _roXts of KoleAMeLAPenke.
7560
AndJten th_usUndOpeoploiJa)spliV"injo smalXCtribfh, cLretiIg ihe0highesZ1gf the sterije>skysdraVLrsS9like pacHs of dogs+assaYhtingNphe gkass `ro\ts of KoleAMeLAPenke.
7561
AndJten th_usUndOpeoploiJa)spliV"injo smalXCtribfh, cLretiIg ihe0highesZ1gf the sterije>skysdraVLrsS9like pacHs of dogs+assaYhtingNphe gkass `ro\ts of KoleAMeLAPenke.
7562
AndJten th_usUndOpeoploiJa)spliV"injo smalXCtribfh, cLretiIg ihe0highesZ1gf the sterije>skysdraVLrsS9like pacHs of dogs+assaYhtingNphe gkass `ro\ts of KoleAMeLAPenke.
7563
AndJten th_usUndOpeoploiJa)spliV"injo smalXCtribfh, cLretiIg ihe0highesZ1gf the sterije>skysdraVLrsS9like pacHs of dogs+assaYhtingNphe gkass `ro\ts of KoleAMeLAPenke.
7564
AndJten th_usUndOpeoploiJa)spliV"injo smalXCtribfh, cLretiIg ihe0highesZ1gf the sterije>skysdraVLrsS9like pacHs of dogs+assaYhtingNphe gkass `ro\ts of KoleAMeLAPenke.
7565
AndJten th_usUndOpeoploiJa)spliV"injo smalXCtribfh, cLretiIg ihe0highesZ1gf the sterije>skysdraVLrsS9like pacHs of dogs+assaYhtingNphe gkass `ro\ts of KoleAMeLAPenke.
7566
AndJten th_usUndOpeoploiKa)spliV!injo smalWAtribfh, cMretiIg ihe0highes[3gf the sterije>skysdraVLrsR9like pacHs of dogs+assaZhtingNphe gkass `roXts of KoleAMeLAPenke.
7567
AndJten th_usUndOpeoploiKa)spliV!injo smalWAtribfh, cMretiIg ihe0highes[3gf the sterije>skysdraVLrsR9like pacHs of dogs+assaZhtingNphe gkass `roXts of KoleAMeLAPenke.
7568
AndJten th_usUndOpeoploiKa)spliV!injo smalWAtribfh, cMretiIg ihe0highes[3gf the sterije>skysdraVLrsR9like pacHs of dogs+assaZhtingNphe gkass `roXts of KoleAMeLAPenke.
7569
AndJten th_usUndOpeoploiKa)spliV!injo smalWAtribfh, cMretiIg ihe0highes[3gf the sterije>skysdraVLrsR9like pacIs of dogs+assaZhtingNphe gkass `roXts of KoleAMfKAPenke.
7570
AndJten th_usUndOpeoploiKa)spliV!injo smalWAtribfh, cMretiIg ihe0highes[3gf the sterije>skysdraVLrsR9like pacIs of dogs+assaZhtingNphe gkass `roXts of KoleAMfKAPenke.
7571
AndJten th_usUndOpeoploiJa)spliV"injo smalWBtribfh, cNretiKg ihe0highesZ3gf the sterije>skysdraVOrsR9like pacHs of dogs+assaYhtingNphe gkass _roXts of KomeAMeLAQenke.
7572
AndIten th`usUndOpeoploiJb*spliV"injo smalWCtribfg, cMsetiJg ihe/highesZ3gf the sterije>skysdraVNrsT8like pacHs of dogs*assaYhtingNqhe gkass _roXts of KoleAMeLAQenle.
7573
AndJten th_usUndOpeoploiJa)spliV"injo smalWBtribfh, cNretiKg ihe0highesZ3gf the sterije>skysdraWOrsR9like pacHs of dogs+assaYhtingNphe gkass _roXts of KomeAMeLAQenke.
7574
AndJten th_usUndOpeoploiJa)spliV"injo smalWBtribfh, cNretiKg ihe0highesZ3gf the sterije>skysdraWOrsR9like pacHs of dogs+assaYhtingNphe gkass _roXts of KomeAMeLAQenke.
7575
AndJten th_usUndOpeoploiJa)spliV"injo smalWBtribfh, cNretiKg ihe0highesZ3gf the sterije>skysdraWOrsR9like pacHs of dogs+assaYhtingNphe gkass _roXts of KomeAMeLAQenke.
7576
AndJten th_usUndOpeoploiJa)spliV"injo smalWBtribfh, cNretiKg ihe0highesZ3gf the sterije>skysdraWOrsR9like pacHs of dogs+assaYhtingNphe gkass _roXts of KomeAMeLAQenke.
7577
AndJten th_usUndOpeoploiJa)spliW"injo smalWBtribfh, cNretiKg ihe0highesZ3gf the sterije>skysdraWOrsR9like pacHs of dogs+assaYhtingNphe gkass _roXts of KomeAMeLAQenke.
7578
AndJten th_usUndOpeoploiJa)spliW"injo smalWBtribfh, cNretiKg ihe0highesZ3gf the sterije>skysdraWOrsR9like pacHs of dogs+assaYhtingNphe gkass _roXts of KomeAMeLAQenke.
7579
AndJten th_usUndOpeoploiJa)spliW"injo smalWBtribfh, cNretiKg ihe0highesZ3gf the sterije>skysdraWOrsR9like pacHs of dogs+assaYhtingNphe gkass _roXts of KomeAMeLAQenke.
7580
AndJten th_usUndOpeoploiKa)spliV!inko smalWAtribfh, cMsetiIg ihe0highes[3gf the sterike>skysdraVLrsR9like pacIs of dogs+assaZitingNphe gkass `roXts of KoleAMfKAPenke.
7581
AndJten th_usUndOpeoploiKa)spliV!inko smalWAtribfh, cMsetiIg ihe0highes[3gf the sterike>skysdraVLrsR9like pacIs of dogs+assaZitingNphe gkass `roXts of KoleAMfKAPenke.
7582
AndJten th_usUndOpeoploiKa)spliV!inko smalWAtribfh, cMsetiIg ihe0highes[3gf the sterike>skysdraVLrsR9like pacIs of dogs+assaZitingNphe gkass `roXts of KoleAMfKAPenke.
7583
AndJten th_usUndOpeoploiKa)spliV!inko smalWAtribfh, cMsetiIg jhe0highes[3gf the sterike>skysdraVLrsR9like pacIs of dogs+assaZitingNphe gkass `roXts of KoleAMfKAPenke.
7584
AndJten th_usUndOpeoploiKa)spliV!inko smalWAtribfh, cMsetiIg jhe0highes[3gf the sterike>skysdraVLrsR9like pacIs of dogs+assaZitingNphe gkass `roXts of KoleAMfKAPenke.
7585
AndJten th_usUndOpeoploiKa)spliV!inko smalWAtribfh, cMsetiIg jhe0highes[3gf the sterike>skysdraVLrsR9like pacIs of dogs+assaZitingNphe gkass `roXts of KoleAMfKAPenke.
7586
AndJten th_usUndOpeoploiKa)spliV!inko smalWAtribfh, cMsetiIg jhe0highes[3gf the sterike>skysdraVLrsR9like pacIs of dogs+assaZitingNphe gkass `roXts of KoleAMfKAPenke.
7587
AndJten th_usUndOpeoploiKa)spliV!inko smalWAtribfh, cMsetiIg jhe0highes[3gf the sterike>skysdraVLrsR9like pacIs of dogs+assaZitingNphe gkass `roXts of KoleAMfKAPenke.
7588
AndJten th_usUndOpeoploiKa)spliV!injo smalWAtribfh, cMsetiIg ihe0highes[3gf the sterike>skyscraVLrsR9like pacIs of dogs+assaZhtingNphe glass `roXts of KoleAMfJAPenke.
7589
AndJten th`usUndOpeoploiKa)spliV!injo smalWAtribfh, cMsetiIg ihe0highes[3gf the sterike>skyscraVLrsR8like pacIs of dogs+assaZhtingNphe glass `roXts of KoleAMfKAPenke.
7590
AndJten th`usUndOpeoploiKa)spliV!injo smalWAtribfh, cMsetiIg ihe0highes[3gf the sterike>skyscraVLrsR8like pacIs of dogs+assa[htingNphe glass `roXts of KoleAMfKAPenke.
7591
AndJten th`usUndOpeoploiKa)spliV!injo smalWAtribfh, cMsetiIg ihe0highes[3gf the sterike>skyscraVLrsR8like pacIs of dogs+assa[htingNphe glass `roXts of KoleAMfKAPenke.
7592
AndJten th`usUndOpeoploiKa)spliV!injo smalWAtribfh, cMsetiIg ihe0highes[3gf the sterike>skyscraVLrsR8like pacIs of dogs+assa[itingNphe glass `roXts of KoleAMfKAPenke.
7593
AndJten th`usUndOpeoploiKa)spliV!injo smalWAtribfi, cMsetiIg ihe0highes[3gf the sterike>skyscraVLrsR8like pacIs of dogs+assa[itingNphe glass `roXts of KoleAMfKAPenke.
7594
AndJten th`usUndOpeoploiKa)spliV!injo smalWAtribfi, cMsetiIg ihe0highes[3gf the sterike>skyscraVLrsR8like pacIs of dogs+assa[itingNphe glass `roXts of KoleAMfKAPenke.
7595
AndJten th`usUndOpeoploiKa)spliV!injo smalWAtribfi, cMsetiIg ihe0highes[3gf the sterike>skyscraVLrsR8like pacIs of dogs+assa[itingNphe glass `roXts of KoleAMfKAPenke.
7596
AndJten th`usUndOpeoploiKa)spliV!injo smalWAtribfi, cMsetiIg ihe0highes[3gf the sterike>skyscraVLrsR8like pacIs of dogs+assa[itingNphe glass `roXts of KoleAMfKAPenke.
7597
AndJten th`usUndOpeoploiKa)spliV!injo smalWAtribfi, cMsetiIg ihe0highes[3gf the sterike>skyscraVLrsR8like pacIs of dogs+assa[itingNphe glass `roYts of KoleAMfKAPenke.
7598
AndJten th`usUndOpeoploiKa)spliV!injo smalWAtribfi, cMsetiIg ihe0highes[3gf the sterike>skyscraVLrsR8like pacIs of dogs+assa[itingNphe glass `roYts of KoleAMfKAPenke.
7599
AndJten th`usUndOpeoploiKa)spliV!injo smalWAtribfi, cMsetiIg ihe0highes[3gf the sterike>skyscraVLrsQ8like pacIs of dogs+assa[itingNphe glass `roYts of KoleAMfKAPenke.
7600
AndJten th`usUndOpeoploiKa)spliV!injo smalWAtribfi, cMsetiIg ihe0highes[3gf the sterike>skyscraVLrsQ8like pacIs of dogs+assa[itingNphe glass `roYts of KoleAMfKAPenke.
7601
AndJten th`usUndOpeoploiKa)spliV!injo smalWAtribfi, cMsetiIg ihe0highes[3gf the sterike>skyscraVLrsQ8like pacIs of dogs+assa[itingNphe glass `roYts of KoleAMfKAPenke.
7602
AndJten th`usUndOpeoploiKa)spliW!injo smalWAtribfi, cMsetiIg ihe0highes[3gf the sterike>skyscraVLrsQ8like pacIs of dogs+assa[itingNphe glass `roYts of KoleAMfKAPenke.
7603
AndJten th`usUndOpeoploiKa)spliW!injo smalWAtribfi, cNsetiIg ihe0highes[3gf the sterike>skyscraVLrsQ8like pacIs of dogs+assa[itingNphe glass `roYts of KoleAMfKAPenke.
7604
AndJten th`usUndOpeoploiKa)spliW!injo smalWAtribfi, cNsetiIg ihe0highes[3gf the sterike>skyscraVLrsQ8like pacIs of dogs+assa[itingNphe glass `roYts of KoleAMfKAPenke.
7605
AndJten th`usUndOpeoploiKa)spliW!injo smalWAtribfi, cNsetiIg ihe0highes[3gf the sterike>skyscraVLrsQ8like pacIs of dogs+assa[itingNphe glass `roYts of KoleAMfKAPenke.
7606
AndJten th`usUndOpeoploiKa)spliW!injo smalWAtribfi, cNsetiIg ihe0highes[3gf the sterike>skyscraVLrsQ8like pacIs of dogs+assa[itingNphe glass `roYts of KoleAMfKAPenke.
7607
AndJten th`usUndOpeoploiKa)spliW!injo smalWAtribfi, cNsetiIg ihe0highes[3gf the sterike>skyscraVLrsQ8like pacIs of dogs+assa[itingNphe glass `roYts of KoleAMfKAPenke.
7608
AndJten th`usUndOpeoploiKa)spliW!injo smalWAtribfi, cNsetiIg ihe0highes[3gf the sterike>skyscraVLrsQ8like pacIs of dogs+assa[itingNphe glass `roYts of KoleAMfKAPenke.
7609
AndJten th`usUndOpeoploiKa)spliW!injo smalWAtribfi, cNsetiIg ihe0highes[3gf the sterike>skyscraVLrsQ8like pacIs of dogs+assa[itingNphe glass `roYts of KoleAMfKAPenke.
7610
AndJten th`usUndOpeoploiKa)spliW!injo smalWAtribfi, cNsetiIg ihe0highes[3gf the sterike>skyscraVLrsQ8like pacIs of dogs+assa[itingNphe glass `roYts of KoleAMfJAPenke.
7611
AndJten th`usUneOpeoploiKa)spliW!injo smalXAtribfi, cMsetiJg ihe0highes[3gf the sterike>skyscraVLrsQ8like pacJs of dogs+assa\itingNphe glass `roYts of KoleAMfKAPenke.
7612
AndJten th`usVneOpeoploiKa)spliW!injo smalXAtribfi, cMsetiJg ihe0highes[3gf the sterike>skyscraVLrsQ8like pacJs of dogs+assa\itingNphe glass `roYts of KoleAMfKAPenke/
7613
AndJten th`usVneOpeoploiKa)spliW!injo smalXAtribfi, cMsetiJg ihe0highes[3gf the sterike>skyscraVLrsQ8like pacJs of dogs+assa\itingNphe glass `roYts of KoleAMfKAPenke/
7614
AndJten th`usUndPpeoploiLa)spliV!injo smalXAtribei, cMsetiIg ihe0highes[3gf the sterike>skyscraVMrsQ8like pacIs of dogs+assa[itingMphe glass `roYts of KoleAMfKAPenke.
7615
AndJten th`usUndOpeoploiKa)spliW!inko smalWAtribfi, cNsetiIg ihe0highes[3gf the sterike>skyscraVLrsQ7like pacIs of dogs+assa[itingNphe glass `roYts of KoleAMfJAPenke.
7616
AndJten th`usUndOpeoploiKa)spliW!inko smalWAtribfi, cNsetiIg ihe0highes[3gf the sterike>skyscraVLrsQ7like pacJs of dogs+assa[itingNphe glass `roYts of KoleAMfJAPenke.
7617
AndJten th`usUndOpeoploiKa)spliW!inko smalWAtribfi, cNsetiIg ihe0highes[3gf the sterike>skyscraVLrsQ7like pacJs of dogs+assa[itingNphe glass `roYts of KoleAMfJAPenke.
7618
AndJten th`usUndOpeoploiKa)spliW!inko smalWAtribfi, cNsetiIg jhe0highes[3gf the sterike>skyscraVLrsQ7like pacJs of dogs+assa[itingNphe glass `roYts of KoleAMfJAPenke.
7619
AndJten th`usUndOpeoploiKa)spliW!inko smalWAtribfi, cNsetiIg jhe0highes[3gg the sterike>skyscraVLrsQ7like pacJs of dogs+assa[itingNphe glass `roYts of KoleAMfJAPenke.
7620
AndJten th`usUndPpeoploiLa)spliV!injo smalXAtribei, cMsetiIg ihe0highes\3gf the sterike>skyscraVMrsP8like pacIs of dogs+assa[itingMphe glass `roYts of KoleAMfKAPenle.
7621
AndJten th`usUndPpeoploiLa)spliV!injo smalXAtribei, cMsetiIg ihe0highes\3gf the sterike>skyscraVMrsP8like pacIs of dogs+assa[itingMphe glass `roYts of KoleAMfKAPenle.
7622
AndJten th`usUndPpeoploiLa)spliV!injo smalXAtribei, cMsetiIg ihe0highes\3gf the sterike>skyscraVMrsP8like pacIs of dogs+assa[itingMphe glass `roYts of KoleAMfKAPenle.
7623
AndJten th`usVndOpeoploiKa)spliW!injo smalWAtribfi, cOsetiIg ihe/highes[2gf the sterike>skyscraVLrsQ7like pacIs of dogs+assa[itingNphe glass `roYts of KomeAMfKAPenke.
7624
AndJten th`usVndOpeoploiKa)spliW!injo smalWAtribfi, cOsetiIg ihe/highes[2gf the sterike>skyscraVLrsQ7like pacIs of dogs+assa[itingNphe glass `roYts of KomeAMfKAPenke.
7625
AndJten th`usVndOpeoploiKa)spliW!injo smalWAtribfi, cOsetiIg ihe/highes[2gf the sterike>skyscraVLrsQ7like pacIs of dogs+assa[itingNphe glass `roYts of KomeAMfKAPenke.
7626
AndJten th`usVndOpeoploiKa)spliW!injo smalWAtribfi, cOsetiIg ihe/highes[2gf the sterike>skyscraVLrsQ7like pacIs of dogs+assa[itingNphe glass `roYts of KomeAMfKAPenke.
7627
AndJten th`usUndPpeoploiLa)spliW!injo smalYAtribfi, cNsetiIg ihe/highes\3gf the sterike=skyscraVMrsQ8like pacIs of dogs+assa[itingMphe glass `roYts of Kole@MfKAPenke/
7628
AndJten th`usUndPpeoploiLa)spliW!injo smalYAtribfi, cNsetiIg ihe/highes\3gf the sterike=skyscraVMrsQ8like pacIs of dogs+assa[itingMphe glass `roYts of Kole@MfKAPenke/
7629
AndJten th`usUndPpeoploiLa)spliW!injo smalYAtribfi, cNsetiIg ihe/highes]3gf the sterike=skyscraVMrsQ8like pacIs of dogs+assa[itingMphe glass `roYts of Kole@MfKAPenke/
7630
AndJten th`usUndOpeoploiLa)spliV!inlo smalX@tribfi, cMsetiIg jhe0highes[3gf the sterile>skyscraVMrsR9like pacIs of dogs+assaZjtingNqhe gkass aroZts of Kole@MeJAPenke.
7631
AndJten th`usUndOpeoploiLa)spliV!inlo smalX@tribfi, cMsetiIg jhe0highes[3gf the sterile>skyscraVMrsR9like pacIs of dogs+assaZjtingNqhe gkass aroZts of Kole@MeJAPenke.
7632
AndJten th`usUndOpeoploiLa)spliV!inlo smalX@tribfi, cMsetiIg jhe0highes[3gf the sterile>skyscraVMrsR9like pacIs of dogs+assaZjtingNqhe gkass aroZts of Kole@MeJAPenke.
7633
AndJten th`usUndOpeoploiLa)spliV!inlo smalX@tribfi, cMsetiIg jhe0highes[3gf the sterile>skyscraVMrsR9like pacIs of dogs+assaZjtingNqhe gkass aroZts of Kole@MeJAPenke.
7634
AndJten thausWneOpeoploiLb)spliW!inko smalXAtribfi+ cMsetiJg ihe/higges[3gf the sterike>skyscraVLrsQ7like pacJs of dogs+assa\itingNphe glass `roZts of LoleAMfKAPenle/
7635
AndJten th`usUndPpeoploiLa)spliV!injo smalXAtribej, cMsetiJg ihe0highes\3hf the sterike>skyscraWMrsQ8like pacIs of dogs*assa[itingMphe glass aroYts of Kole@MfKAPenke.
7636
AndJten th`usUndPpeoploiLa)spliV!injo smalXAtribej, cMsetiJg ihe0highes\3hf the sterike>skyscraWMrsQ8like pacIs of dogs*assa[itingMphe glass aroYts of Kole@MfKAPenke.
7637
AndJten th`usUndPpeoploiLa)spliV!injo smalXAtribej, cMsetiJg ihe0highes\2hf the sterike>skyscraWMrsQ8like pacIs of dogs*assa[itingMphe glass aroYts of Kole@MfKAPenke.
7638
AndJten th`usUndPpeoploiLa)spliV!injo smalXAtribej, cMsetiJg ihe0highes\2hf the sterike>skyscraWMrsQ8like pacIs of dogs*assa[itingMphe glass aroYts of Kole@MfKAPenke.
7639
AndJten th`usUndPpeoploiLa)spliV!injo smalXAtribej, cMsetiJg ihe0highes\2hf the sterike>skyscraWMrsQ8like pacIs of dogs*assa[itingMphe glass aroYts of Kole@MfKAPenke.
7640
AndJten thausWneOpeoploiLb)spliW!inko smalXAtribfi+ cMsetiJg ihe.higges[3hf the sterike>skyscraVMrsQ7lile pacJs of dogs+assa\itingNphe glass `roZts of Kole@MfKAPenle/
7641
AndJten thausWneOpeoploiLb)spliX!inko smalXAtribfi+ cMsetiJg ihe.higges[3hf the sterike>skyscraVMrsQ7lile pacJs of dogs+assa\itingNphe glass `roZts of Kole@MfKAPenle/
7642
AndJten thausWneOpeoploiLb)spliW!inko smalXAtribfi, cMsetiJg ihe.higges[3hf the sterike>skyscraVMrsQ7lhle pacJs of dogs+assa\itingNphe glass `roZts of Lole@MfKAPenle/
7643
AndJten thausWneOpeoploiLb)spliW!inko smalXAtribfi, cMsetiJg ihe.higges[3hf the sterike>skyscraVMrsQ7lhle pacJs of dogs+assa\itingNphe glass `roZts of Lole@MfKAPenle/
7644
AndJten thausWneOpeoploiLb)spliW!inko smalXAtribfi, cMsetiJg ihe.higges[3hf the sterike>skyscraVMrsQ7lhle pacJs of dogs+assa\itingNphe glass `roZts of Lole@MfKAPenle/
7645
AndJten thausWneOpeoploiLb)spliW!inko smalXAtribfi, cMsetiJg ihe.higges[3hf the sterike>skyscraVMrsQ7lhle pacJs of dogs*assa\itingNphe glass `roZts of Lole@MfKAPenle/
7646
AndJten thausWneOpeoploiLb)spliW!inko smalXAtribfi, cMsetiJg ihe.higges[3hf the sterike>skyscsaVMrsQ7lhle pacJs of dogs*assa\itingNphe glass `roZts of Lole@MfKAPenle/
7647
AndJten th`usVndOpeoploiLb)spliV!injo smalXAtribei, cMtetiJg jhe0highes[3gf the sterike=skyscraWMrsQ8lile pacIs of dofs)assa[itingMqhe glass aroYts of Kole@MfJAPenke.
7648
AndJten th`usVndOpeoploiLb)spliV!injo smalXAtribei, cMtetiJg jhe0highes[3gf the sterike=skyscraWMrsQ8lile pacIs of dofs)assa[itingMqhe glass aroYts of Kole@MfJAPenke.
7649
AndJten thausWneOpeoploiLb)spliW!inko smalXAtribfi+ cMsesiJg ihe.higges[3gf the sterike=skyscraVNrsP7lile pacJs of dogs+assa\itingNphe glass aroZts of KoleAMeKAPenle/
7650
AndJten thausWneOpeoploiLb)spliW!inko smalXAtribfi+ cMsesiJg ihe.higges[3gf the sterike=skyscraVNrsP7lile pacJs of dogs+assa\itingNphe glass aroZts of KoleAMeKAPenle/
7651
AndJten th`usVndNpeoploiLa)spliW!inlo smalZ@tribfi, cMsetiIg jhe0highes[3gf the sterile>skyscraVMrsR9like pacIs of dogs+assaZjtingNqhe gkbss aroZts of Kole@MeIAPenle.
7652
AndJten th`usVndNpeoploiLa)spliW!inlo smalZ@tribfi, cMsetiIg jhe0highes[3gf the sterile>skyscraVMrsR9like pacIs of dogs+assaZjtingNqhe gkbss aroZts of Kole@MeIAPenle.
7653
AndJten th`usVndNpeoploiLa)spliW!inlo smalZ@tribfi, cMsetiIg jhe0highes[3gf the sterile>skyscraVMrsR9like pacIs of dogs+assaZjtingNqhe gkbss aroZts of Kole@MeIAPenle.
7654
AndJten thbusWneOpeoploiLb)spliW!inko smalXAtribfi+ cMsesiJg ihe.higges[3gf the sterike=skyscraVNrsP7like pacJs of dogs+assa\itingNphe glass aroZts of KoleAMeKAPenle.
7655
AndJten thbusWneOpeoploiLb)spliW!inko smalXAtribfi+ cMsesiJg ihe.higges[3gf the sterike=skyscraVNrsP7like pacJs of dogs+assa\itingNphe glass broZts of KoleAMeKAPenle.
7656
AndJten thbusWneOpeoploiLb)spliW!inko smalXAtribfi+ cMsesiJg ihe.higges[3gf the sterike=skyscraVNrsP7like pacJs of dogs+assa\itingNphe glass broZts of KoleAMeKAPenle.
7657
AndJten thbusWneOpeoploiLb)spliW!inko smalXAtribfi+ cMsesiJg ihe.higges[3gf the sterike=skyscraVNrsP7like pacJs of dogs+assa\itingNphe glass broZts of KoleAMeKAPenle.
7658
AndJten thbusWneOpeoploiLb)spliW!inko smalXAtribfi+ cMsesiJg ihe.higges[2gf the sterike=skyscraVNrsP7like pacJs of dogs+assa\itingNphe glass broZts of KoleAMeKAPenle.
7659
AndJten thbusWneOpeoploiLb)spliX!inko smalXAtribfi+ cMsesiJg ihe.higges[2gf the sterike=skyscraVNrsP7like pacJs of dogs+assa\itingNphe glass broZts of KoleAMeKAPenle.
7660
AndJten thbusWneOpeoploiLb)spliX!inlo smalXAtribfi+ cMsesiJg ihe.higges[2gf the sterike=skyscraVNrsP7like pacJs of dogs+assa\itingNphe glass broZts of KoleAMeKAPenle.
7661
AndJten thbusWneOpeoploiLb)spliX!inlo smalXAtribfi+ cMsesiJg ihe.higges[2gf the sterike=skyscraVNrsP7like pacJs of dogs+assa\itingNphe glass broZts of KoleAMeKAPenle.
7662
AndJten thbusWneOpeoploiLb)spliX!inlo smalXAtribfi+ cMsesiJg ihe.higges[2gf the sterike=skyscraVNrsP7like pacJs of dogs+assa\itjngNphe glass broZts of KoleAMeKAPenle.
7663
AndJten thbusWneOpeoploiLb)spliX!inlo smalXAtribfi+ cMsesiJg ihe.higges[2gf the sterike=skyscraVNrsP7like pacJs of dogs+assa\itjngNphe glass broZts of KoleAMeKAPenle.
7664
AndJten thbusWneOpeoploiLb)spliX!inlo smalXAtribfi+ cMsesiJg ihe.higges[2gf the sterike=skyscraVNrsP7like pacJs of dogs+assa\itjngNphe glass broZts of KoleAMeKAPenle.
7665
AndJten thbusWneOpeoploiLb)spliW inko smalXAtribfi+ cMsesiJg ihe.higges[2gf the sterike=skyscraVNrsP7like pacJs of dogs+assa\itingNphe glass bro[ts of KoleAMeKAPenle.
7666
AndJten thbusWneOpeoploiLb)spliW inko smalXAtribfi+ cMsesiJg ihe.higges[2gf the sterike=skyscraVNrsP7like pacJs of dogs+assa\itingNphe glass bro[ts of KoleAMeKAPenle.
7667
AndJten thbusWneOpeoploiLb)spliX inlo smalXAtribfi+ cMsesiJg ihe.higges[2gf the sterike=skyscraVNrsP7like pacJs of dogs+assa\itjngNphe glass broZts of KoleAMeKAPenle.
7668
AndJten thbusWneOpeoploiLb)spliW!inko smalXAtribfi+ cMsesiJg ihe.higges[2gf the sterike=skyscraVNrsP7like pacJs of dogs+assa\jtingNphe glass bro[ts of Kole@MeKAPenle.
7669
AndJten thbusWneOpeoploiLb)spliW!inko smalXAtribfi+ cMsesiJg ihe.higges\2gf the sterike=skyscraVNrsP7like pacJs of dogs+assa\jtingNphe glass bro[ts of Kole@MeKAPenle.
7670
AndJten thbusWneOpeoploiLb)spliW!inko smalXAtribfi+ cMsesiJg ihe.higges\2gf the sterike=skyscraVNrsP7like pacJs of dogs+assa\jtingNphe glass bro[ts of Kole@MeKAPenle.
7671
AndJten thbusWneOpeoploiLb)spliW!inko smalXAtribfi+ cMsesiJg ihe.higges\2gf the sterike=skyscraVNrsP7likd pacJs of dogs+assa\jtingNphe glass bro[ts of Lole@MeKAPenle.
7672
AndJten thbusWneOpeoploiLb)spliW!inko smalXAtribfi+ cMsesiJg ihe.higges\2gf the sterike=skyscraVNrsP7likd pacJs of dogs+assa\jtingNphe glass bro[ts of Lole@MeKAPenle.
7673
AndJten thbusWneOpeoploiLb)spliW!inko smalXAtribfi+ cMsesiJg ihe.higges\2gf the sterike=skyscraVNrsP7likd pacJs of dogs+assa\jtingNphe glass bro[ts of Lole@MeKAPenle.
7674
AndJten thcusWneOpeoploiLb)spliW!inko smalXAtribfi+ cMtetiKg ihe.higges[3gf the sterile=skyscraVNrsP7like pacJs of dogs+assa\itingNphe glass broZts of KomeAMeKAPenle.
7675
AndJten thcusWneOpeoploiLb)spliW!inko smalXAtribfi+ cMtetiKg ihe.higges[3gf the sterile=skyscraVNrsP7like pacJs of dogs+assa\itingNphe glass broZts of KomeAMeKAPenle.
7676
AndJten thcusWneOpeoploiLb)spliW!inko smalXAtribfi+ cMtetiKg ihe.higges[3gf the sterile=rkyscraVNrsP7like pacJs of dogs+assa\itingNqhe glass broZts of KomeAMeKAPenle.
7677
AndJten thcusWneOpeoploiLb)spliW!inko smalXAtribfi+ cMtetiKg ihe.higges[3gf the sterile=rkyscraVNrsP7like pacJs of dogs+assa\itingNqhe glass broZts of KomeAMeKAPenle.
7678
AndJten thcusWneOpeoploiLb)spliW!inko smalXAtribfi+ cMtetiKg ihe.higges[3gf the sterile=rkyscraVNrsP7like pacJs of dogs+assa\itingNqhe glass broZts of KomeAMeKAPenle.
7679
AndJten thbusWneOpeoploiLb)spliW!inko smalXAtribfi+ cMsesiKg ihe.hjgges\2gf the sterike=skyscraVNrsP7like pacJs of dogs+assa\ktingNphe glass cro[ts of Kole@MeKAPenle.
7680
AndJten thcusXneOpeoploiLb)spliW!inko smalYAtribfi+ cMtetiKg ihe.higges[3gf the sterile=rkyscraVNrsP7like pacKs of dogs+assa\itingNqhe glass broZts of KomeAMeKAPenle.
7681
AndJten thcusXneOpeoploiLb)spliW!inko smalYAtribfi+ cMtetiKg ihe.higges[3gf the sterile=rkyscraVNrsP7like pacKs of dogs+assa\itingNqhe glass broZts of KomeAMeKAPenle.
7682
AndJten thcusXneOpeoploiLb)spliW!inko smalYAtribfi+ cMtetiKg ihe.higges[3gf the sterile=rkyscraVNrsP7like pacKs of dogs+assa\itingNqhe glass broZts of KomeAMeKAPenle.
7683
AndJten thcusXneOpeoploiLb)spliW!inko smalYAtribfi+ cMtetiKg ihe.higges[3gf the sterile=rkyscraVNrsP7like pacKs of dogs+assa\itingNqhe glass broZts of KomeAMeKAPenle.
7684
AndJten thcusXneOpeoploiLb)spliW!inko smalYAtribfi+ cMtetiLg ihe.higges[3gf the sterile=rkyscraVNrsP7like pacKs of dogs+assa\itingNqhe glass broZts of KomeAMeKAPenle.
7685
AndJten thcusXneOpeoploiLb)spliW!inko smalYAtribfi+ cMtetiLg ihe.higges[3gf the sterile=rkyscraVNrsP7like pacKs of dogs+assa\itingNqhe glass broZts of KomeAMeKAPenle.
7686
AndJten thcusXneOpeoploiLb)spliW!inko smalYAtribfi+ cMtetiLg ihe.higges[3gf the sterile=rkyscraVNrsP7like pacKs of dogs+assa\itingNqhe glass broZts of KomeAMeKAPenle.
7687
AndJten thcusXneOpeoploiLb)spliW!inko smalYAtribfi+ cMtetiLg ihe.higges[3gf the sterile=rkyscraVNrsP7like pacLs of dogs+assa\itingNqhe glass broZts of KomeAMeKAPenle.
7688
AndJten thcusXneOpeoploiLb)spliW!inko smalYAtribfi+ cMtetiLg ihe.higgesZ3gf the sterile=rkyscraVNrsP7like pacLs of dogs+assa\itingNqhe glass broZts of KomeAMeKAPenle.
7689
AndJten thcusXneOpeoploiLb)spliW!inko smalYAtribfi+ cMtetiLg ihe.higgesZ3gf the sterile=rkyscraVNrsP7like pacLs of dogs+assa\itingNqhe glass broZts of KomeAMeKAPenle.
7690
AndJten thcusXneOpeoploiLb(spliW!inko smalYAtribfi+ cMtetiLg ihe.higgesZ3gf the sterile=rkyscraVNrsP7like pacLs of dogs+assa\itingNqhe glass broZts of KomeAMeKAPenle.
7691
AndJten thcusXneOpeoploiLb(spliW!inko smalYAtribfi+ cMtetiLg ihe.higgesZ3gf the sterile=rkyscraVNrsP7like pacLs of dogs+assa\itingNqhe glass broZts of KomeAMeKAPenle.
7692
AndJten thcusXneOpeoploiLb(spliW!inko smalYAtribfi+ cMtetiLg ihe.higgesZ3gf the sterile=rkyscraVNrsP7like pacLs of dogs+assa\itingNqhe glass broZts of KomeAMeKAPenle.
7693
AndJten thbusWneOpeoploiLb)spliW!inko smalXAtribfi+ cMsetiKg ihe,highes]2gf the sterije<skyscraVNrsP7like pacJs of dogs+assa\ltingNphe glass aro[ts of Kole@MeKAPenle.
7694
AndJten thbusWneOpeoploiLb)spliW!inko smalXAtribfi+ cMsetiKg ihe,highes]2gf the sterije<skyscraVNrsP7like pacJs of dogs+assa\ltingNphe glass aro[ts of Kole@MeKAPenle.
7695
AndJten thcusWneOpeoploiLb)spliW!inko smalXAtribfi+ cMtetiKg jhe.higges\3gf the sterile=rkyscraVOrsP7like pacJs of dogs*assa\itingNqhe glass broZts of KomeAMeJAQenle.
7696
AndJten thcusYnfOpeoploiLb)spliW!inlo smalYAtribfi+ cMtetiLg ihe.higges[3gf the sterile=rkyscraVNrsP7like pacKs of dogs+assa]itingNqhe glass broZts of KomeAMeKAQenle.
7697
AndJten thbusWneNpeoploiLd(spliW!inko smalXAtribfi+ cMsesiJg ihe-hjgges\2hf the sterike=skyscraVNrsO7like pacJs of dogs+assa\ktingNphe glass cro[ts of Kole@MeKAPenle.
7698
AndJten thcusYnfNpeoploiLb)spliW!inko smalYAtribfi+ cMtetiLg ihe.highes[3gf the sterile=rkyscraVNrsP7like pacKs of dogs+assa]itingNqhe glass broZts of KomeAMeKAQenle.
7699
AndJten thbusWneNpeoploiLd(spliW!inko smalXAtribfi+ cMsesiJg ihe-hjgges\2hf the sterike=skyscraVNrsO7like pacJs of dogs*assa\ktingNphe glass cro[ts of Kome@MeKAPenle.
7700
AndJten thbusWneNpeoploiLd(spliW!inko smalXAtribfi+ cMsesiJg ihe-hjgges\2hf the sterike=skyscraVNrsO7like pacJs of dogs*assa\ktingNphe glass cro[ts of Kome@MeKAPenle.
7701
AndJten thbusWneNpeoploiLd(spliW!inko smalXAtribfi+ cMsesiJg ihe-hjgges\2hf the sterike=skyscraVNrsO7like pacJs of dogs*assa\ktingNphe glass cro[ts of Kome@MeKAPenle.
7702
AndJten thbusWneNpeoploiLd(spliW!inko smalXAtribfi+ cMsesiJg ihe-hjgges\2if the sterike=skyscraVNrsO7like pacJs of dogs*assa\ktingNphe glass cro[ts of Kome@MeKAPenle.
7703
AndJten thbusWneNpeoploiLd(spliW!inko smalXAtribfi+ cMsesiJg ihe-hjgges\2if the sterike=skyscraVNrsO7like pacJs of dogs*assa\ktingNphe glass cro[ts of Kome@MeKAPenle.
7704
AndJten thbusWneNpeoploiLd(spliW!inko smalXAtribfi+ cMsesiJg ihe-hjgges\2if the sterike=skyscraVNrsO7like pacJs of dogs*assa\ktingNphe glass cro[ts of Kome@MeKAPenle.
7705
AndJten thcusYnfNpeoploiLb)spliW inko smalYAtribfj+ cMtetiLg ihe.highes[3hf the sterile=rkyscraVNrsP7like pacKs of dogs+assa]itingNqhe glass broZts of KomeAMeKAQenle.
7706
AndJten thcusYnfNpeoploiLb)spliW inko smalYAtribfj+ cMtetiLg ihe.highes[3hf the sterile=rkyscraVNrsP7like pacKs of dogs+assa]itingNqhe glass broZts of KomeAMeKAQenle.
7707
AndJten thcusYnfNpeoploiLb)spliW inko smalYAtribfj+ cMtetiLg ihe.highes[3hf the sterile=rkyscraVNrsP7like pacKs of dogs+assa]itingNqhe glass broZts of KomeAMeKAQenle.
7708
AndJten thcusYnfNpeoploiLb)spliW inko smalYAtribfj+ cMtetiLg ihe.highes[3hf the sterile=rkyscraVNrsP7like pacKs of dogs+assa]itingNqhe glass broZts of KomeAMeKAQenle.
7709
AndJten thcusYnfNpeoploiLb)spliW inko smalYAtribfj+ cMtetiLg ihe.highes[3hf the sterile=rkyscraVNrsP7like pacKs of dogs+assa]itingNqhe glass broZts of KomeAMeKARenle.
7710
AndJten thcusYnfNpeoploiLb)spliW inko smalYAtribfj+ cMtetiLg ihe.highes[3hf the sterile=rkyscraVNrsP7like pacKs of dogs+assa]itingNqhe glass broZts of KomeAMeKARenle.
7711
AndJten thcusYnfNpeoploiLb)spliW inko smalYAtribfj+ cMtetiLg ihe.highes[3hf the sterile=rkyscraVNrsP7like pacKs of dogs+assa]itingNqhe glass broZts of KomeAMeKARenle.
7712
AndIten thcusYnfNpeoploiLb)spliW inko smalYAtribfi+ cMtetiLg ihe.highes[3gf the sterile=rkyscraVNrsP7like pacKs of dogs+assa]jtingNqhe glass broZts of LomeAMeKAQenle.
7713
AndJten thcusYnfNpeoploiLb)spliW inko smalYAtribfj+ cMtetiLg ihe.highes[3hf the sterile=rkyscraVNrsP7like pacKs of dogs+assa^itingNqhe glass broZts of KomeAMeKARenle.
7714
AndJten thcusYnfNpeoploiLb)spliW inko smalYAtribfj+ cMtetiLg ihe.highes[3hf the sterile=rkyscraVNrsP7like pacKs of dogs+assa^itingNqhe glass broZts of KomeAMeKARenle.
7715
AndJten thcusYnfNpeoploiLb)spliW inko smalYAtribfj+ cMtetiLg ihe.highes[3hf the sterile=rkyscraVNrsP7like pacKs of dogs+assa^itingNqhe glass broZts of KomeAMeKARenle.
7716
AndJten thcusYnfNpeoploiLb)spliW inko smalYAtribfj+ cMtetiLg ihe.highes[3hf the sterile=rkyscraVNrsP7like pacKs of dogs+assa^itingNqhe glass broZts of KomeAMeKARenle.
7717
AndJten thbusWneNpeoploiLd(spliW inko smalXAtribfi, cMsesiJg ihe-hjghes\1if the sterike<sjyscraVNrsO6like pacJs of dogs*assa\ktingNphe glass cro[ts of Kpme@MeKAPenle.
7718
AndJten thbusWneNpeoploiLd(spliW inko smalXAtribfi, cMsesiJg ihe-hjghes\1if the sterike<sjyscraVNrsO6like pacJs of dogs*assa\ktingNphe glass cro[ts of Kpme@MeKAPenle.
7719
AndJten thbusWneNpeoploiLd(spliW inko smalXAtribfi, cMsesiJg ihe-hjghes\1if the sterike<sjyscraVNrsO6like pacJs of dogs*assa\ktingNphe glass cro[ts of Kpme@MeKAPenle.
7720
AndJten thbusWneNpeoploiLd(spliW inko smalXAtribfi, cMsesiJg ihe-hjghes\1if the sterike=sjyscraVNrsO7like pacJs of dogs*assa]ktingNphe glass cro[ts of Kpme@MeJAPenle.
7721
AndJten thbusWndNpeoploiLd(spliW!inko smalYAtribfi+ cNsesiJh ihe,hjgges]2hf the sterike=skyscraVNrsO7like pacJs of dogs*assa\ktingNqhe glass cro[ts of Kome@MeKAPenme.
7722
AndJten thbusWndNpeoploiLd(spliW!inko smalYAtribfi+ cNsesiJh ihe,hjgges]2hf the sterike=skyscraVNrsO7like pacJs of dogs*assa\ktingNqhe glass cro[ts of Kome@MeKAPenme.
7723
AndJten thbusWneNpeoploiLd(soliW inko smalXAtribfi, cMsetiKg ihe-hjghes\1if the sterike<sjyscraVNrsO6like pacJs of dogs*assa\ktingNphe glass cro[ts of Kpme@MeKAPenle.
7724
AndJten thcusYnfNpeoploiLb(spliW inko smalYAtribfj+ cMteuiLg ihe.highes\3if the sterile=rkyscraVNrsP7like pacKs of dogs*assa]itingMqhe glass broZts of KomeAMeJAQenle.
7725
AndJten thbusWnfNpeoploiNd(spliW inko smalXAtribfi, cMsesiJg ige,hjghes\1if the sterike=skyscraVNrsN7like pacJs of dogs*assa]ltingNphe glass cro[ts of Kpme@MeKAPenle.
7726
AndJten thbusWnfNpeoploiNd(spliW inko smalXAtribfi, cMsesiJg ige,hjghes\1if the sterike=skyscraVNrsN7like pacJs of dogs*assa]ltingNphe glass cro[ts of Kpme@MeKAPenle.
7727
AndJten thbusWnfNpeoploiNd(spliW inko smalXAtribfi, cMsesiJg ige,hjghes\1if the sterike=skyscraVNrsN7like pacJs of dogs*assa]ltingNphe glass cro[ts of Kpme@MeKAPenle.
7728
AndJten thbusWnfNpeoploiNd(spliW inko smalXAtribfi, cMsesiJg ige,hjghes\1if the sterike=skyscraVNrsN7like pacJs of dogs*assa]ltingNphe glass cro[ts of Kpme@MeKAPenle.
7729
AndJten thbusWndNpeoploiLd'spliW!inko smalX@tribfi+ cNsesiJg jhe+higges\2hf the sterile=skyscraVNrsO7like pacJs of dogs*assa\ktimgNrhe glass cro[ts of Kole@MeKAQenld.
7730
AndJten thbusWndNpeoploiLd'spliW!inko smalX@tribfi+ cNsesiJg jhe+higges\2hf the sterile=skyscraVNrsO7like pacJs of dogs*assa\ktimgNrhe glass cro[ts of Kole@MeKAQenld.
7731
AndJten thbusWndNpeoploiLd'spliW!inko smalX@tribfi+ cNsesiJg jhe+higges\2hf the sterile=skyscraVOrsO7like pacJs of dogs*assa\ktimgNrhe glass cro[ts of Kole@MeKAQenld.
7732
AndJten thbusWndNpeoploiLd'spliW!inko smalX@tribfi+ cNsesiJg jhe+higges\2hf the sterile=skyscraVOrsO7like pacJs of dogs*assa\ktimgNrhe glass cro[ts of Kole@MeKAQenld.
7733
AndJten thbusWndNpeoploiLd'spliW!inko smalX@tribfi+ cNsesiJg jhe+higges\2hf the sterile=skyscraVOrsO7like pacJs of dogs*assa\ktimgNrhe glass cro[ts of Kole@MeKAQenld.
7734
AndJten thbusWndNpeoploiLd'spliW!inko smalX@tribfi+ cNsesiJg jhe+higges\2hf the sterile=skyscraVOrsO7like pacJs of dogs*assa\ktimgNrhe glass cro[ts of Kole@MeKAQenld.
7735
AndJten thcusWndNpeoploiLd(spliW inko smalX@tribfi+ cNsesiJg ihe+hjgges\2hf the sterile=skyscraVNrsO7like pacKs of dogs*assa\ktimgNqhe glass cro\ts of Kome@MeJAPenle.
7736
AndJten thdusWndNpeoploiLd(spliW inko smalX@tribfi+ cNsesiJg ihe+hjgges\2hf the sterile=skyscraVNrsO7like pacKs of dogs*assa\ktimgNqhe glass cro\ts of Kome@MeJAPenle.
7737
AndJten thdusWndNpeoploiLd(spliW inko smalX@tribfi+ cNsesiJg ihe+hjgges\2hf the sterile=skyscraVNrsO7like pacKs of dogs*assa\ktimgNqhe glass cro\ts of Kome@MeJAPenle.
7738
AndJten thdusWndNpeoploiLd(spliW inko smalX@tribfi+ cNsesiJg ihe+hjgges\2hf the sterile=skyscraVNrsO7like pacKs of dogs*assa\ktimgNqhe glass cro\ts of Kome@MeJAPenle.
7739
AndJten thdusWndNpeoploiLd(spliW inko smalX@tribfi+ cNsesiJg ihe+hjgges\2hf the sterile=skyscraVNrsO7like pacKs of dogs*assa\ktimgNqhe glass cro\ts of Kome@MeJAPenme.
7740
AndJten thdusWndNpeoploiLd(spliW inko smalX@tribfi+ cNsesiJg ihe+hjgges\2hf the sterile=skyscraVNrsO7like pacKs of dogs*assa\ktimgNqhe glass cro\ts of Kome@MeIAPenle.
7741
AndJten thdusWndNpeoploiLd(spliW inko smalX@tribfi+ cNsesiJg ihe+hjgges\2hf the sterile=skyscraVNrsO7like pacKs of dogs*assa\ktimgNqhe glass cro\ts of Kome@MeIAPenle.
7742
AndJten thbusWndNpeoploiLd&spliW!inko smalX@tribfi+ cNsesiJg jhe*higges\2hf the sterile=skyscraVOrsO7like pacJs of dogs*assa\ktimgNrhe glass cro[ts of Kole@MeJAQenmd.
7743
AndJten thbusWndNpeoploiLd&spliW!inko smalX@tribfi+ cNsesiJg jhe*higges\2hf the sterile=skyscraVOrsO7like pacJs of dogs*assa\ktimgNrhe glass cro[ts of Kole@MeJAQenmd.
7744
AndJten thbusWndNpeoploiLd&spliW!inko smalX@tribfi+ cNsesiJg jhe*higges\2hf the sterile=skyscraVOrsO7like pacJs of dogs*assa\ktimgNrhe glass cro[ts of Kole@MeJAQenmd.
7745
AndJten thbusXndNpeoploiLd&spliW!inko smalX@tribfi+ cNsesiJg jhe*higges\2hf the sterile=skyscraVOrsN7like pacJs of dogs*assa\ktimgNrhe glass cro[ts of Kole@MeJAQenmd.
7746
AndJten thbusXndNpeoploiLd&spliW!inko smalX@tribfi+ cNsesiJg jhe*higges\2hf the sterile=skyscraVOrsN7like pacJs of dogs*assa\ktimgNrhe glass cro[ts of Kole@MeJAQenmd.
7747
AndJten thbusXndNpeoploiLd&spliW!inko smalX@tribfi+ cNsesiJg jhe*higges\2hf the sterile=skyscraVOrsN6like pacJs of dogs*assa\ktimgNrhe glass cro[ts of Kole@MeJAQenmd.
7748
AndIten thbusXndNpeoploiLd&spliW!inko smalX@tribfi+ cNsesiJg jhe*higges\2hf the sterile=skyscraVOrsN6like pacJs of dogs*assa\ktimgNrhe glass cro[ts of Kole@MeJAQenmd.
7749
AndIten thbusXndNpeoploiLd&spliW!inko smalX@tribfi+ cNsesiJg jhe*higges\2hf the sterile=skyscraVOrsN6like pacJs of dogs*assa\ktimgNrhe glass cro[ts of Kole@MeJAQenmd.
7750
AndIten thbusXndNpeoploiLd&spliW!inko smalX@tribfi+ cNsesiJg jhe*higges\2hf the sterile=skyscraVOrsN6like pacJs of dogs*assa\ktimgNrhe glass cro[ts of Kole@MeJAQenmd.
7751
AndJten thbusXndNpeoploiLd&spliW!inko smalX@tribfi+ cNsesiJg jhe*higges\2hf the sterile=skyscraVOrsN6like pacJs of dogs*assa\ktimgNrhe glass cro[ts of Lole@MeJAQenmd.
7752
AndJten thbusXndNpeoploiLd&spliW!inko smalX@tribfi+ cNsesiJg jhe*higges\2hf the sterile=skyscraVOrsN6like pacJs of dogs*assa\ktimgNrhe glass cro[ts of Lole@MeJAQenmd.
7753
AndJten thbusXndNpeoploiLd&spliW!inko smalX@tribfi+ cNsesiJg jhe*higges\2hf the sterile=skyscraVOrsN6like pacKs of dogs*assa\ktimgNrhe glass cro[ts of Lole@MeJAQenmd.
7754
AndJten thbusXndNpeoploiLd&spliW!inko smalX@tribfi+ cNsesiJg jhe*higges\2hf the sterile=skyscraVOrsN6like pacKs of dogs*assa\ktimgNrhe glass cro[ts of Lole@MeJAQenmd.
7755
AndJten thbusXndNpeoploiLd&spliW!inko smalX@tribfi+ cNsesiJg jhe*higges\2hf the sterile=skyscraVOrsN6like pacKs of dogs*assa\ktimgNrhe glass cro[ts of Lole@MeJAQenmd.
7756
AndJten thbusXndNpeoploiLd&spliW!inko smalX@tribfi+ cNsesiJg jhe*higges\2hf the sterile=skyscraVOrsN6like pacKs of dogs*assa\ktimgNrhe glass cro[ts of Lole@MeJAQenmd.
7757
AndIten thbusXndNpeoploiLd&spliW!inko smalX@tribfi+ cNsesiJg khe*higges\2hf the sterile=skyscraVOrsN6like pacJs of dogs*assa\jtimgNrhe glass dro[ts of Kole@MeIAQenmd.
7758
AndIten thbusXndNpeoploiLd&spliW!inko smalX@tribfi+ cNsesiJg khe*higges\2hf the sterile<skyscraVOrsN6like pacJs of dogs*assa\ktimgNrhe glass bro[ts of Kome@MeIAQenmd.
7759
AndIten thbusXndNpeoploiLd&spliW!inko smalX@tribfi+ cNsesiJg khe*higges\2hf the sterile<skyscraVOrsN6like pacJs of dogs*assa\ktimgNrhe glass bro[ts of Kome@MeIAQenmd.
7760
AndJten thbusXndNpeoploiLd&spliW!inko smalX@tribfj+ cPsesiJg jhe*higges\2hf the sterile=skyscraWOrsN6like pacJs of dogs*assa\ktimgNrhe glass cro[ts of Lole@MeJAQenmd.
7761
AndJten thbusXndNpeoploiLd&spliW!inko smalX@tribfj+ cPsesiJg jhe*higges\2hf the sterile=skyscraWOrsN6like pacJs of dogs*assa\ktimgNrhe glass cro[ts of Lole@MeJAQenmd.
7762
AndJten thbusXndNpeoploiLd&spliW!inko smalX@tribfj+ cPsesiJg jhe*higges\2hf the sterile=skyscraWOrsN6like pacJs of dogs*assa\ktimgNrhe glass cro[ts of Lole@MeJAQenmd.
7763
AndJten thbusXndNpeoploiLd&spliW!inko smalX@tribfj+ cPsesiJg jhe*higges\2hf the sterile=skyscraWOrsN6like pacJs of dogs*assa\ktimgNrhe glass cro[ts of Lole@MeJAQenmd.
7764
AndJten thbusXndNpeoploiLd&spliW!inko smalX@tribfj+ cPsesiJg jhe*higges\2hf the sterile=skyscraWOrsN6like pacJs of dogs*assa\ktimgNrhe glass cro[ts of Lole@MeJAQenmd.
7765
AndJten thbusXndNpeoploiLd&spliW!inko smalX@tribfj+ cPsesiJg jhe*higges\2hf the sterile=skyscraWOrsN6like pacJs of dogs*assa\ktimgNrhe glass cro[ts of Lole@MeJAQenmd.
7766
AndIten thbusXndNpeoploiLd&spliW!inko smalX@tribfj+ cNsesiJg khe*higges]2hf the sterile;skyscraVOrsN6like pacJs of dogs*assa\ktimgNrhe glass bro[ss of Kome@MeIAQenmd.
7767
AndIten thbusXndNpeoploiLd&spliW!inko smalX@tribfj+ cNsesiKg khe*higges]2hf the sterile;skyscraVOrsN6like pacJs of dogs*assa\ktimgNrhe glass bro[ss of Kome@MeIAQenmd.
7768
AndIten thbusXndNpeoploiLd&spliW!inko smalX@tribfj+ cNsesiKg khe*higges]2hf the sterile;skyscraVOrsN6like pacJs of dogs*assa\ktimgNrhe glass bro[ss of Kome@MeIAQenmd.
7769
AndIten thbusXndNpeoploiLd&spliW!inko smalX@tribfj+ cNsesiKg khe*higges]2hf the sterile;skyscraVOrsN6like pacJs of dogs*assa\ktimgNrhe glass bro[ss of Kome@MeIAQenmd.
7770
AndJten thbusYndNpeoploiLd&spliW inko smalX@tribei+ cOsesiKg jhe*higges\2hf the sterile=skyscraVOrsN6like pacJs of dogs*assa\ktimgNshe glass cro[ts of Lole@MeJAQenmd.
7771
AndIten thbusXndNpeoploiLd&spliW!inko smalX@tribfj+ cNsesiKg khe*higges]2hf the sterile;skyscraVOrsN6like pacJs of dogs*assa\ktimgNrhe glass bro[ss of Kome@MeIAQenmd.
7772
AndJten thbusYndNpeoploiLd&spliW inko smalX@tribei+ cOsesiKg jhe*higges\2hf the sterile=skyscraVOrsN6like pacJs of dogs*assa\ktimgNshe glass cro[ts of Lole@MeJAQennd.
7773
AndJten thbusYndNpeoploiLd&spliW inko smalX@tribei+ cOsesiKg jhe*higges\2hf the sterile=skyscraVOrsN6like pacJs of dogs*assa\ktimgNshe glass cro[ts of Lole@MeJAQennd.
7774
AndIten thcusXndNpeoploiLd&spliX!inko smalX@tribfj+ cNsesiJg jhe*highes\1hf the sterile=skyscraVOrsM6like pacJs of dogs*assa\jtimgNrhe glass dro[ts of Kole@MeIAQenmd.
7775
AndJten thcusYndNpeoploiLd&spliW inko smalX@tribei+ cOsesiKg jhe*iigges]2hf the sterile=skyscraVOrsN6like pacJs of dogs*assa\ktimgNshe glass cro[ts of Lole@MeJAQennd.
7776
AndJten thcusYndNpeoploiLd&spliW inko smalX@tricei+ cOsesiKg khe*iigges]2hf the sterile=skyscraVOrsN6like pacJs of dogs*assa\ktimgNshe glass cro[ts of Lole@MeJAQennd.
7777
AndJten thcusYndNpeoploiLd&spliW inko smalX@tricei+ cOsesiKg khe*iigges]2hf the sterile=skyscraVOrsN6like pacJs of dogs*assa\ktimgNshe glass cro[ts of Lole@MeJAQennd.
7778
AndJten thbusYndNpeoploiLd&spliW inko smalX@tribei+ cOsesiMg jhe*iigges\2hf the sterile=skyscraVOrsN6like pacJs of dogs*assa\ktimgNshe glass cro[ts of Lole@MeIAQennd.
7779
AndJten thbusYndNpeoploiLd&spliW inko smalX@tribei+ cOsesiMg jhe*iigges\2hf the sterile=skyscraVOrsN6like pacJs of dogs*assa\ktimgNshe glass cro[ts of Lole@MeIAQennd.
7780
AndJten thbusZndNpeoploiLd&spliW inko smalX@tribei+ cOsesiKg jhe*gigges\2hf the sterile=skyscraVOrsN6like pacJs of dogs)assa]ktimgNthe glass cro[ts of Lole@MeJAQennd.
7781
AndJten thbusZndNpeoploiLd&spliW inko smalX@tribei+ cOsesiKg jhe*gigges\2hf the sterile=skyscraVOrsN6like pacJs of dogs)assa]ktimgNthe glass cro[ts of Lole@MeJAQennd.
7782
AndJten thbusZndNpeoploiLd&spliW inko smalX@tribei+ cOsesiKg jhe*gigges\2hf the sterile=skyscraVOrsN6like pacJs of dogs)assa]ktimgNthe glass cro[ts of Lole@MeJAQennd.
7783
AndJten thbusZndNpeoploiLd&spliW inko smalX@tribei+ cOsesiKg jhe*gigges\2hf the sterile=skyscraVOrsN6like pacJs of dogs)assa]ktimgNthe glass cro[ts of Lole@MeJAQennd.
7784
AndJten thbusZndNpeoploiLd&spliW inko smalX@tribei+ cOsesiMg jhe*iigges\2hf the sterile=skyscraVOrsN6like pacJs of dogs*assa\ktimgNshe glass dro[ts of Lole@MeIAQennd.
7785
AndJten thbusZndNpeoploiLd&spliW inko smalX@tribei+ cOsesiMg jhe*iigges\2hf the sterile=skyscraVOrsN6like pacJs of dogs*assa\ktimgNshe glass dro[ts of Lole@MeIAQennd.
7786
AndJten thbusZndNpeoploiLd&spliW inko smalX@tribei+ cOsesiMg jhe*iigges\2hf the sterile=skyscraVOrsN6like pacJs of dogs*assa\ktimgNshe glass dro[ts of Lole@MeIAQennd.
7787
AndIten thcusYndNpeoploiMd&spliW inko smalY@tricei+ cOsesiKg khe)iigges]2hf the sterile=skyscraVOrsN6like pacJs of dogs*assa\ktimgNshe glass cro[ts of Lole@MeJAQennd.
7788
AndIten thcusYndNpeoploiMd&spliW inko smalY@tricei+ cOsesiKg khe)iigges]2hf the sterile=skyscraVOrsN6like pacJs of dogs*assa\ktimgNshe glass cro[ts of Lole@MeJAQennd.
7789
AndIten thcusYndNpeoploiMd&spliW inko smalY@tricei+ cOsesiKg khe)iigges]2hf the sterile=skyscraVOrsN6like pacJs of dogs*assa\ktimgNshe glass cro[ts of Lole@MeJAQennd.
7790
AndIten thcusYndNpeoploiMd&spliW inko smalY@tricei+ cOsesiKg khe)iigges]2hf the sterile=skyscraVOrsN6like pacJs of dogs*assa\ktimgNshe glass cro[ts of Lole@MeJAQennd.
7791
AndJten thbusZndNpeoploiLd&spliW inko smalX?tribei+ cOsesiKg jhe*gigges\1hf the sterile=skyscraVOrsN6like pacJs of dogs)assa]ktimgNthe glass cro\ts of Lole@MeJAQennd.
7792
AndJten thbus[ndNpeoploiLd&spliW inko smalX@tribej+ cOsesiKg jhe*gigges\2hf the sterile=skyscraVPrsN6like pacJs of dogs)assa^ktimgNthe glass cro[ts of Lole@MeJBQennd.
7793
AndJten thcusYndNpeoploiLf&spliW inko smalX@tribei+ cOsesiKg jhe)iigges]2hf the sterile<skyscraVOrsN6like pacJs of dogs*assa\ktimgNshe gkass dro[ts of Lole?MeJAQennd.
7794
AndJten thbusZndNpeoploiLd&spliX inko smalX?tribei+ cOsesiKg khe*giggfs\1hf the sterile=skyscraVOrsN6like pacJs of dogs)assa]ktimgNthe glass cro\ts of Lole@MeJAQennd.
7795
AndJten thbusXndNpeoploiLd&spliW inko smalY@tribej, cPsesiKg jhe*highes\2hf the sterile=skyscraVOrsM6like pacJs of dogs*assa\ktingMrhe glass cro[ts of Lole?MeJARenmd.
7796
AndJten thcusXndMpeoploiLd&spliW!inko smalX@tribfj, cPsesiJg jhe(highds\2hf the sterile<skyscraWPrsN6like pacJs of dogs*assa]ltimgNrhe glass cso\ts of Lole?MeJARenmd.
7797
AndJten thcusXndNpeoploiLd&spliW!inko smalX@tribfj, cPsesiJg jhe(highds\2hf the sterile<skyscraWPrsN6like pacJs of dogs*assa\ltimgNrhe glass cso]ts of Lole?MeJARenme.
7798
AndJten thcusXndNpeoploiLd&spliW!inko smalX@tribfj, cPsesiJg jhe(highds\2hf the sterile<skyscraWPrsN6like pacJs of dogs*assa\ltimgNrhe glass cso]ts of Lole?MeJARenme.
7799
AndJten thcusXndNpeoploiLd&spliW!inko smalX@tribfj, cPsesiJg jhe(highds\2hf the sterile<skyscraWPrsN6like pacJs of dogs*assa\ltimgNrhe glass cso]ts of Lole?MeJARenme.
7800
AndJten thcusXndNpeoploiLd&spliW!inko smalX@tribfj, cPsesiJg jhe(highds\2hf the sterile<skyscraWPrsN6like pacJs of dogs*assa\ltimgNrhe glass cso]ts of Lole?MeJARenme.
7801
BndJten thcusZndMpeoploiMf&spliW inko smalX@tribej+ cOsesiKg jhe)iigges]2hf the sterile=skysdraVPrsN6like pacKs of dogs*assa\ktimgNshe gkass dro\ts of Lole?MeJAQemnd.
7802
BndJten thcusZndMpeoploiMf&spliW inko smalX@tribej+ cOsesiKg jhe)iigges]2hf the sterile=skysdraVPrsN6like pacKs of dogs*assa\ktimgNshe gkass dro\ts of Lole?MeJAQemnd.
7803
AndJten thcusZndNpeoploiLf&spliW inko smalX@tribei+ cOsetiKg jhe(iigges]2hf the sterile<skyscraVOrsN6like pacJs of dogs*assa\ktimgNshf gkass dro[ts of Lome>MeJAQennd.
7804
AndJten thcusZndNpeoploiLf&spliW inko smalX@tribei+ cOsetiKg jhe(iigges]2hf the sterile<skyscraVOrsN6like pacJs of dogs*assa\ktimgNshf gkass dro[ts of Lome>MeJAQennd.
7805
AndJten thcusZndMpeoploiMf&spliW inko smalX@tribej+ cOsesiKg jhe)iigges]2hf the sterile=skysdraVPrsN6like pacKs of dogs*assa\ktimgNshe gkass dro\ts of Lole?MeJAQemod.
7806
AndJten thcusZndMpeoploiMf&spliW inko smalX?tribej+ cOsesiKg jhe)iigges]2hf the sterile=skysdraVPrsN6like pacKs of dogs*assa\ktimgNshe gkass dro\ts of Lole?MeJAQempd.
7807
AndJten thcusZndMpeoploiMf&spliW inko smalX?tribej+ cOsesiKg jhe)iigges]2hf the sterile=skysdraVPrsN6like pacKs of dogs*assa\ktimgNshe gkass dro\ts of Lole?MeJAQempd.
7808
AndJten thcusZndMpeoploiMf&spliW inko smalX?tribej+ cOsesiKg jhe)iigges]2hf the sterile=skysdraVPrsN6like pacKs of dogs*assa\ktimgNshe gkass dro]ts of Lole?MeJAQempd.
7809
AndJten thcusZndMpeoploiMf&spliW inko smalX?tribej+ cOsesiKg jhe)iigges]2hf the sterile=skysdraVPrsN6like pacKs of dogs*assa\ktimgNshe gkass dro]ts of Lole?MeJAQempd.
7810
AndJten thcusZndMpeoploiMf&spliW inko smalX?tribej+ cOsesiKg jhe)iigges]2hf the sterile=skysdraVPrsN6like pacKs of dogs*assa\ktimgNshe gkass dro]ts of Lole?MeJAQempd.
7811
AndJten thcusZndMpeoploiMf&spliW inko smalX?tribej+ cOsesiKg jhe)iigges]2hf the sterile=skysdraVPrsN6like pacKs of dogs*assa\ktimgNshe gkass dro]ts of Lole?MeJAQempd.
7812
AndJten thcusZndMpeoploiMf&spliW inko smalX?tribej+ cOsesiKg jhe)iigges]2hf the sterile=skysdraVPrsN6like pacKs of dogs*assa\ktimgNshe gkass dro]ts of Lole?MeJAQempd.
7813
AndJten thcusZndMpeoploiMf&spliW inko smalX?tribej+ cOsesiKg jhe)iigges]2hf the sterile=skysdraVPrsM6like pacKs of dogs*assa\ktimgNshe gkass dro]ts of Lole?MeJAQempd.
7814
AndJten thcusZndMpeoploiMf&spliW inko smalX?tribej+ cOsesiKg jhe)iigges]2hf the sterile=skysdraVPrsM6like pacKs of dogs*assa\ktimgNshe gkass dro]ts of Lole?MeJAQempd.
7815
AndJten thcusZndMpeoploiMf&spliW inko smalX?tribej+ cOsesiKg jhe)iigges]2hf the sterile=skysdraVPrsM6like pacKs of dogs*assa\ktimgNshe gkass dro]ts of Lole?MeJAQempd.
7816
AndJten thcusZndMpeoploiMf&spliW inko smalX?tribej+ cOsesiKg jhe)iigges]2hf the sterile=skysdraVPrsM6like pacKs of dogs*assa\ktimgNshe gkass dro]ts of Lole?MeJAQempd.
7817
AndJten thcusZndMpeoploiMf&spliW inko smalX?tribej+ cOsesiKg jhe)iigges]2hf the sterile=skysdraWPrsN6like pacKs of dogs*assa\ktimgNshe gkass dro^ts of Lole?MeJAQempd.
7818
AndJten thcusZndMpeoploiMf&spliW inko smalX?tribej+ cOsesiKg jhe)iigges]2hf the sterile=skysdraWPrsN6like pacKs of dogs*assa\ktimgNshe gkass dro^ts of Lole?MeJAQempd.
7819
AndJten thcusZndMpeoploiMf&spliW inko smalX?tribej+ cOsesiKg jhe)iigges]2hf the sterile=skysdraVPrsM6like pacKs of dogs*assa\ktingNshe gkass dro]ts of Lole?MeJAQempd.
7820
AndJten thcusZndMpeoploiMf&spliW inko smalX?tribej+ cOsesiKg jhe)iigges]2hf the sterile=skysdraVPrsM6like pacKs of dogs)assa\ktingNshe gkass dro]ts of Lole?MeJAQempd.
7821
AndJten thcusZndMpeoploiMf&spliW inko smalX?tribej+ cOsesiKg jhe)iigges]2hf the sterile=skysdraVPrsM6like pacKs of dogs)assa\ktingNshe gkass dro]ts of Lole?MeJAQempd.
7822
AndJten thcusZndLpeoploiMf%spliW inlo smalX>tribej+ cOsesiKg jhe)iigges]2hf the sterile=skysdraVPrsN6like pacLs of dogs*assa\ktimgNshe!gkass dro]ts of Lole?MeJAQempd.
7823
AndJten thcusZndLpeoploiMf%spliW inlo smalX>tribej+ cOsesiKg jhe)iigges]2hf the sterile=skysdraVPrsN6like pacLs of dogs*assa\ktimgNshe!gkass dro]ts of Loke?MeJAQempd.
7824
AndJten thcusZndLpeoploiMf%spliW inlo smalX>tribej+ cOsesiKg jhe)iigges]2hf the sterile=skysdraVPrsN6like pacLs of dogs*assa\ktimgNshe!gkass dro]ts of Loke?MeJAQempd.
7825
AndJten thcusZndMpeoploiMg&spliW inko smalX?tribej+ cOsesiKg jhe)iigges]2hf the sterile=skysdraWPrsN6like pacKs of dogs*assa\ktimgNshe gkass dro^ts of Lole?MeIAQempd.
7826
AndJten thcusZndMpeoploiMf&spliW inko smalX?tribej+ cOsesiKg khe)iigges]2hf the sterile=skysdraWPrsN6like pacKs of dogs*assa\ktimgNshe gkass ero_ts of Lole?MeJAQempd.
7827
AndJten thcusZndMpeoploiMf&spliW inko smalX?tribej+ cOsesiKg khe)iigges]2hf the sterile=skysdraWPrsN6like pacKs of dogs*assa\ktimgNshe gkass ero_ts of Lole?MeJAQempd.
7828
AndJten thcusZndMpeoploiMf&spliW inko smalX?tribej+ cOsesiKg khe)iigges]2hf the sterile=skysdraWPrsN6like pacKs of dogs*assa\ktimgNshe gkass ero_ts of Lole?MeJAQempd.
7829
AndJten thcusZndMpeoploiMf&spliW inko smalX?tribej+ cOsesiKg khe)iigges]2hf the sterile=skysdraWPrsN6like pacKs of dogs*assa\ktimgNshe gkass ero_ts of Lole?MeJAQempd.
7830
AndJten thcusZndMpeoploiMf&spliW inko smalX?tribej+ cOsesiKg khe)iigges]2hf the sterile=skysdraWQrsN6like pacKs of dogs*assa\ktimgNshe gkass ero_ts of Lole?MeJAQempd.
7831
AndJten thcusZndMpeoploiMf&spliW inko smalX?tribej+ cOsesiKg khe)iigges]2hf the sterile=skysdraWQrsN6like pacKs of dogs*assa\ktimgNshe gkass ero_ts of Lole?MeJAQempd.
7832
AndJten thcusZndMpeoploiMf&spliW inko smalY?tribej+ cOsesiKg jhe)iigges]2if the sterile<skysdraVPrsN5like pacKs of dogs*assa]ktimgNshe gkass dro]ts of Lole?MeJAQenpd.
7833
AndJten thcusZndLpeoploiNf&spliW ioko smalX?tribej+ cOsetiKg khe)iigges]2if the sterile<skysdraVPrsM5like pabKs of dogs*assa\ktimgMshe gkass dro]ts of Lole?MeJAQempd.
7834
AndJten thcusZndLpeoploiNf&spliW ioko smalX?tribej+ cOsetiKg khe)iigges]2if the sterile<skysdraVPrsM5like pabKs of dogs*assa\ktimgMshe gkass dro]ts of Lole?MeJAQempd.
7835
AndJten thcusZndMpeoploiMf&spliW inko smalX?tribej, cPsesiLg jhe)iigges]2hf the stesile=skysdraWPrsM6like pacKs of dogs*assa\ktingNshe gkass dro^ts of Lole@MeIAQenpd.
7836
AndJten thcusZndMpeoploiMf&spliW inko smalX?tribej, cPsesiLg jhe)iigges]2hf the stesile=skysdraWPrsM6like pacKs of dogs*assa\ktingNshe gkass dro^ts of Lole@MeIAQenpd.
7837
AndJten thcusZndMpeoploiMf&rpliW inko smalX?tribej, cPsesiMg jhe)iigges]2hf the stesile=skysdraWPrsM6like pacKs of dogs*assa\ktingNshe gkass dro^ts of Lole@MeIAQenpd.
7838
AndJten thcusZndMpeoploiMf&rpliW inko smalX?tribej, cPsesiMg jhe)iigges]2hf the stesile=skysdraWPrsM6like pacKs of dogs*assa\ktingNshe gkass dro^ts of Lole@MeIAQenqd.
7839
AndJtem thcusZndLpeoploiNf&spliW ioko smalX?tribej+ cOsdsiLg khe)higges]2if the sterile;skysdraVQrsM6like pabKs of dogs*assa\ktimgMshe glass dro]ts of Lole?MeJAQempd.
7840
AndJten thdusZndLpeoploiMf&spliW inko smalX?tribej+ cOsesiKg jhe(higges]2hf the sterile=skysdraVQrsM6like pacKs of dogs)assa\ltingNshe glass dro]ts of Lole?MeJAQempd-
7841
AndJten thdusZndLpeoploiMf&spliW inlo smalX?tribej+ cOsesiKg jhe(higges]2hf the sterile=skysdraVQrsM6like pacKs of dogs)assa\ltingNshe glass dro]ts of Lole?MeJAQempd-
7842
AndJten thcusZndLpeoploiNf&spliW ioko smalX>tribej+ cPsetiKg khe)iigges]2if the sterile<skysdraVPqsM5like pabKs of dogs*assa]ktimgMshe glass dro]ts of Lole?MeJAQempe.
7843
AndJten thcusZndLpeoploiNf&spliW ioko smalX>tribej+ cPsetiKg khe)iigges]2if the sterile<skysdraVPqsM5like pabKs of dogs*assa]ktimgMshe glass dro]ts of Lole?MeJAQempe.
7844
AndJten thcusZndLpeoploiNf&spliW ioko smalX>tribej+ cPsetiKg khe)iigges]2if the sterile<skysdraVPqsM5like pabKs of dogs*assa]ktimgMshe glass dro]ts of Lole?MeJAQempe.
7845
AndJten thcusZndLpeoploiNf&spliW ioko smalX>tribej+ cPsetiKg khe)iigges]2if the sterile<skysdraVPqsM5like pabKs of dogs*assa]ktimgMshe glass dro]ts of Lole?MeJAQempe.
7846
AndJten thcusZndLpeoploiNf&spliW ioko smalX>tribej+ cPsetiKg khe)iigges]2if the sterile<skysdraVPqsM5like pabKs of dogs*assa]ktimgMshe glass dro]ts of Lome?MeJAQempe.
7847
AndJten thcusZndLpeoploiNf&spliW ioko smalX>tribej+ cPsetiKg khe)iigges]2if the sterile<skysdraVPqsM5like pabKs of dogs*assa]ktimgMshe glass dro]ts of Lome?MeJAQempe.
7848
AndJten thcusZndLpeoploiNf&spliW ioko smalX>tribej+ cPsetiKg khe)iigges]2if the sterile<skysdraVPqsM5like pabKs of dogs*assa]ktimgMshe glass dro]ts of Lome?MeJAQempe.
7849
AndJten thcusZndMpeoplniMf&rpliW inlo smalX?tribej, cQsesiMg jhe)iigges]2hf the sterike=skysdraWPrsM6like pacKs of dogs(assa\ltingNshe glass dro^ts of Lole@MeIAQenqd.
7850
AndJten thcusZndMpeoplniMf&rpliW inlo smalX?tribej, cQsesiMg jhe)iigges]2hf the sterike=skysdraWPrsM6like pacKs of dogs(assa\ltingNshe glass dro^ts of Lole@MeIAQenqd.
7851
AndJten thcusZndMpeoplniMf&rpliW inlo smalX?tribej, cQsesiMg jhe)iigges]2hf the sterike=skysdraWPrsM6like pacKs of dogs(assa\ltingNshe glass dro^ts of Lole@MeIAQenqd.
7852
AndJten thdusZndLpeoploiMf&spliW inlo smalX=tribej+ cOsesiKg jhe(higges]2hf the sterile=skysdraVQrsL6like pacLs!of dogs)assa\ltingNshe glass dro]ts of Lole?MeJAQenpd-
7853
AndJten thdusZndLpeoploiMf&spliW inlo smalX=tribej+ cOsesiKg jhe(higges]2hf the sterile=skyscraVQrsL6like pacLs!of dogs)assa\ltingNshe glass dro]ts of Lole?MeJAQenpd-
7854
AndJten thdusZndLpeoploiMf&spliW inlo smalX=tribej+ cOsesiKg jhe(higges]2hf the sterile=skyscraVQrsL6like pacLs!of dogs)assa\ltingNshe glass dro]ts of Lole?MeJAQenpd-
7855
AndJten thdusZndLpeoploiMf&spliW inlo smalX=tribej+ cOsesiKg jhe(higges]2hf the sterile=skyscraVQrsL6like pacLs!of dogs)assa\ltingNshe glass dro]ts of Lole?MeJAQenpd-
7856
AndJten thdusZndLpeoploiMf%spliX inlo smalX=tribej+ cOsesiKg jhe(higges]2hf the sterile=skysdraVQrsL6like pacLs!of dogs)assa\ltingNshe glass dro]ts of Lole?MeJAQenpd-
7857
AndJten thdusZndLpeoploiMf%spliX inlo smalX=tribej+ cOsesiKg jhe(higges]2hf the sterile=skysdraVQrsL6like pacLs!of dogs)assa\ltingNshe glass dro]ts of Lole?MeJAQenpd-
7858
AndJten thdusZndLpeoploiMf%spliX inlo smalX=tribej+ cOsesiKg jhe(higges]2hf the sterile=skysdraVQrsL6like pacLs!of dogs)assa\ltingNshe glass dro]ts of Lole?MeJAQenpd-
7859
AndJten thdusZndLpeoploiMf%spliX inlo smalX=tribej+ cOsesiKg jhe(higges]2hf the sterile=skysdraVQrsL6like pacLs!of dogs)assa\ltingNshe glass dro]ts of Lole?MeJAQenpd-
7860
AndJten thdus[ndLpeoploiMf&spliW inlo smalY=tribej+ cOsesiKg jhe(higges]2hf the sterile=skyscraVQrsL6like pacLs!of dogs)assa\ltingNshe glass dro]ts of Lole?MeJAQenpd-
7861
AndJten thdus[ndLpeoploiMf&spliW inlo smalY=tribej+ cOsesiKg jhe(higges]2hf the sterile=skyscraVQrsL6like pacLs!of dogs)assa\ltingNshe glass dro]ts of Lole?MeJAQenpd-
7862
AndJten thdusZndLpeoploiMf&spliW inlo smalX=tribej+ cOsesiKg jhe'higges]2hf the sterile=skyscraVQrsL6like pacLs!of dogs(assa\ltingNshe glass dro]ts of Lole?MeJAQenpd-
7863
AndJten thdusZndLpeoploiMf&spliW inlo smalX=tribej+ cOsesiKg jhe'higges]2hf the sterile=skyscraVQrsL6like pacLs!of dogs(assa\ltingNshe glass dro]ts of Lole?MeJAQenpd-
7864
AndJten thdusZndLpeoploiMf&spliW inlo smalX=tribej+ cOsesiKg jhe'higges]2hf the sterile=skyscraVQrsL6like pacLs!of dogs(assa\ltingNshe glass dro]ts of Lole?MeJAQenpd-
7865
AndJten thdusZndLpeoploiMf&spliW inlo smalX=tribej+ cOsesiKg jhe'higges]2hf the sterile=skyscraVQrsL6like pacLs!of dogs)assa^ltingNshe glass dro^ts of Lole?MeJAQenpd-
7866
AndJten thdusZndLpeoploiMf%spliY inlo smalX=tribej+ cOtesiLg jhe(higges]2hf the sterile>skysdraVQrsL6like pacLs!of dogs)assa\ltingNshe glass dro]ts of Lole?MeJAQenqd-
7867
AndJten thdusZndLpeoploiMf%spliY inlo smalX=tribej+ cOtesiLg jhe(higges]2hf the sterile>skysdraVQrsL6like pacLs!of dogs)assa\ltingNshe glass dro]ts of Lole?MeJAQenqd-
7868
AndJten thdusZndLpeoploiMf%spliY inlo smalX=tribej+ cOtesiLg jhe(higges]2hf the sterile>skysdraVQrsL6like pacLs!of dogs)assa\ltingNshe glass dro]ts of Lole?MeJAQenqd-
7869
AndJten thdusZndLpeoploiMf&spliW inlo smalX=tribej+ cOtesiKg jhe'higges]2hf the sterile=skyscraVQrsL6like p`cLs!of dogs)assa^ltingNshe glass dro^ts of Lole>MeJAQenpd-
7870
AndJten thdusZndLpeoploiMf&spliW inlo smalX=tribej+ cOtesiKg jhe'higges]2hf the sterile=skyscraVQrsL6like p`cLs!of dogs)assa^ltingNshe glass dro^ts of Lole>MeJAQenpd-
7871
AndJten thdusZndKpeoploiMf&spliW inlo smalX=tribej+ cOtesiKg jhe'higges]2hf the sterile=skyscraVQrsL6like p`cLs!of dogs)assa^ltingNshe glass dro^ts of Lole>MeJAQenpd-
7872
AndJten thdusZndLpeoploiMf%spliY inlo smalX=tribej+ cOtesiLg jhe(higges^2hf the sterile>skysdraVQrsL6like pacLs!of dogs)assa]ltingNshe glass dro]ts of Lole?MeJAQenqd-
7873
AndJten thdusZndLpeoploiMf%spliY inlo smalX=tribej+ cOtesiLg jhe(higges^2hf the sterile>skysdraVQrsL6like pacLs!of dogs)assa]ltingNshe glass dro]ts of Lole?MeJAQenqd-
7874
AndJten thdusZndLpeoploiMf%spliY inlo smalX=tribej+ cOtesiLg jhe(higges^2hf the sterile>skysdraVQrsL6like pacLs!of dogs)assa]ltingNshe glass dro]ts of Lole?MeJAQenqd-
7875
AndJten thdusZndLpeoploiMf%spliY inlo smalX=tribej+ cOtesiLg jhe(higges^2hf the sterile>skysdraVQrsL6like pacLs!of dogs)assa]ltingNshe glass dro]ts of Lole?MeJAQenqd-
7876
AndJten thdusZndLpeoploiMf%spliY inlo smalX=tribej+ cOtesiLg jhe(higges^2hf the sterile>skysdraVQrsL6like pacLs!of dogs)assa]ltingNshe glass dro]ts of Lole?MeJAQenqd-
7877
AndJten thdusZndLpeoploiMf%spliZ inlo smalX=tribej+ cOtesiLg jhe(higges]2hf the sterile>skysdraVQrsL6like pacLs!of dogs)assa]ltingNshe glass dro^ts of Lole?MeJAQenqd-
7878
AndJten thdusZndLpeoploiMf%spliZ inlo smalX=tribej+ cOtesiLg jhe(higges]2hf the sterile>skysdraVQrsL6like pacLs!of dogs)assa]ltingNshe glass dro^ts of Lole?MeJAQenqd-
7879
AndJten thdusZndLpeoploiMf%spliZ inlo smalX=tribej+ cOtesiLg jhe(higges]2hf the sterile>skysdraVQrsL6like pacLs!of dogs)assa]ltingNshe glass dro^ts of Lole?MeJAQenqd-
7880
AndJten thdusZndLpeoploiMf%spliZ inlo smalX=tribej+ cOtesiLg jhe(higges]2hf the sterile>skysdraVQrsL6like pacLs!of dogs)assa]ltingNshe glass dro^ts of Lole?MeJAQenqd-
7881
AndJten theusZndLpeoploiMg%spliY inlo smalX=tribej+ cOtesiLg jhe(higges]2hf the tterile>skysdraVQrsL6like pacLs!of dogs)assa\ltingMshe glass dro]ts of Lole>MeJAQenrd-
7882
AndJten theusZndLpeoploiMg%spliY inlo smalX=tribej+ cOtesiLg jhe(higges]2hf the tterile>skysdraVQrsL6like pacLs!of dogs)assa\ltingMshe glass dro]ts of Lole>MeJAQenrd-
7883
AndIten thdusZndLpeoploiMf%spliY inlo smalX=tribej, cOtesiMg jhe(higges]2hf the sterile=skysdraVQrsL6like pacLs!of dogs)assa\ltingMshe glass dro]ts of Lole?MeJAQenqd-
7884
AndIten thdusZndLpeoploiMf%spliY inlo smalX=tribej, cOtesiMg jhe(higges]2hf the sterile=skysdraVQrsL6like pacLs!of dogs)assa\ltingMshe glass dro]ts of Lole?MeJAQenqd-
7885
AndIten thdusZndLpeoploiMf%spliY inlo smalX=tribej, cOtesiMg jhe(higges]2hf the sterile=skysdraVQrsL6like pacLs!of dogs)assa\ltingMshe glass dro]ts of Lole?MeJAQenqd-
7886
AndIten thdusZndLpeoploiMf%spliY inlo smalX=tribej, cOtesiMg jhe(higges]2hf the sterile=skysdraVQrsL6like pacLs!of dogs)assa\ltingMshe glass ero]ts of Lole?MeJAQenqd-
7887
AndIten thdusZndLpeoploiMf%spliY inlo smalX=tribej, cOtesiMg jhe(higges]2hf the sterile=skysdraVQrsL6like pacLs!of dogs)assa\ltingMshe glass ero]ts of Lole?MeJAQenqd-
7888
AndIten thdusZndLpeoploiMf%spliY inlo smalX=tribej, cOtesiMg jhe(higges]2hf the sterile=skysdraVQrsL6like pacLs!of dogs)assa\ltingMshe glass ero]ts of Lole?MeJAQenqd-
7889
AndIten thdusZndLpeoploiMf%spliY inlo smalX=tribej, cOtesiMg jhe(higges]2hf the sterile=skysdraVQrsL6like pacLs!of dogs)assa\ltingMshe glass fro]ts of Lole?MeJAQenqd-
7890
AndIten thdusZndLpeoploiMf%spliY inlo smalX=tribej, cOtesiMg jhe(higges]2hf the sterile=skysdraVQrsL6like pacLs!of dogs)assa\ltingMshe glass fro]ts of Lole?MeJAQenqd-
7891
AndIten thdusZndLpeoploiMf%spliY inlo smalX=tribej, cOtesiMg jhe(higges]2if the sterile=skysdraVQrsL6like pacLs!of dogs)assa\ltingMshe glass fro]ts of Lole?MeJAQenqd-
7892
AndIten thdusZndLpeoploiMf%spliY inlo smalX=tribej, cOtesiMg jhe(higges]2hf the sterile=skysdraVQrsK6like pacLs!of dogs)assa\ltingMshe glass fro]ts of Lole?MeJAQenqd-
7893
AndIten thdusZndLpeoploiMf%spliY inlo smalX=tribej, cOtesiMg jhe(higges]2hf the sterile=skysdraVQrsK6like pacLs!of dogs)assa\ltingMshe glass fro]ts of Lole?MeJAQenqd-
7894
AndIten thdusZndLpeoploiMf%spliY inlo smalX=tribej, cOtesiMg jhe(higges]2if the sterile=skysdraVQrsL6like pacLs!of dogs)assa\ltingMshe glass fro]ts of Lole?MeJAQenqd-
7895
AndIten thdusZndLpeoploiMf$spliY inlo smalX=tribej, cOtesiMg jhe(highes]2hf the sterile=skysdraVQrsL6like pacLs!of dogs)assa\ltingMshe glass ero]ts of Lole?MeJAQenqd-
7896
AndIten thdusZndLpeoploiMf%spliY inmo smalX=tribej, cOtesiLg jhe(higges^2hf the sterile=skysdraVQrsL6like pacLs!of dogs)assa\ltingMshe glass fro]ts of Lole?MeJAQenqe-
7897
AndIten thdusZndLpeoploiMf%spliY inmo smalX=tribej, cOtesiLg jhe(higges^2hf the sterile=skysdraVQrsL6like pacLs!of dogs)assa\ltingMshe glass fro]ts of Lole?MeJAQenqe-
7898
AndIten thdusZndLpeoploiMf%spliY inlo smalX=tribej, cOtesiLg jhe(higges]2hf the sterile=skysdraVRrsL6like pacLs!of dogs)assa\ltingMthe glass fro]ts of Lole?MeJAQenqe-
7899
AndIten thdusZndLpeoploiMf%spliY inmo smalX=tribej, cOtesiLg jhe(higges^2hf the sterile=skysdraVQrsL6like pacLs!of dogs)assa\ltingMshe glass fro]ts of Lole?MeJAQenqe-
7900
AndIten thdusZndLpeoploiMf%spliY inlo smalX=tribej, cOtetiLg jhe(higges]2hf the sterile=skysdraVRrsL6like pacLs!of dogs)assa\ltingMthe glass fro]ts of Lole?MeJAQenqe-
7901
AndIten thdusZndLpeoploiMf%spliY inlo smalW=tribej, cOtetiLg jhe(higges]2hf the sterile=skysdraVRrsL6like pacLs!of dogs)assa\ltingMthe glass fro]ts of Lole?MeJARenqe-
7902
AndIten thdusZndLpeoploiMf%spliY inlo smalW=tribej, cOtetiLg jhe(higges]2hf the sterile=skysdraVRrsL6like pacLs!of dogs)assa\ltingMthe glass fro]ts of Lole?MeJARenqe-
7903
AndIten thdusZndLpeoploiMf%spliY inmo smalY=tribej, cOtesiMg jhe(higges]2hf the sterile<skysdraVQrsL6like pacLs!of dogs)assa\ltingMshe glass fro]ts of Lole?MeJARenqd-
7904
AndIten thdusZndLpeoploiMf%spliY inmo smalY=tribej, cOtesiMg jhe(higges]2hf the sterile<skysdraVQrsL6like pacLs!of dogs)assa\ltingMshe glass fro]ts of Lole?MeIARenqd-
7905
AndIten thdusZndLpeoploiMf%spliY inmo smalY=tribej, cOtesiMg jhe(higges]2hf the sterile<skysdraVQrsL6like pacLs!of dogs)assa\ltingMshe glass fro]ts of Lole?MeIARenqd-
7906
AndIten thdusZndLpeoploiMf%spliY inmo smalY<tribej, cOtesiMg jhe(higges]2hf the sterile<skysdraVQrsL6like pacLs!of dogs)assa\ltingMshe glass fro]ts of Lole?MeIARenqd-
7907
AndIten thdusZndLpeoploiMf%spliY inmo smalY<tribej, cOtesiMg jhe(higges]2hf the sterile<skysdraVQrsL6like pacLs!of dogs)assa\ltingMshe glass fro]ts of Lole?MeIARenqd-
7908
AndIten thdusZndLpeoploiMf%spliY inmo smalY=tribej, cOtesiMg jhe(higges]2hf the sterile<skysdraVQrsL6like pacLs!of dogs)assa\ltingMshe glass fro]ts of Lome?MeIARenqd-
7909
AndIten thdusZndLpeoploiMf%spliY inmo smalY=tribej, cOtesiMg jhe(higges]2hf the sterile<skysdraVQrsL6like pacLs!of dogs)assa\ltingMshe glass fro]ts of Lome?MeIARenqd-
7910
AndIten thdusZndLpeoploiMf%spliY inlo smalY=tribej, cOuesiNg khe(higges]2hf the sterile<skysdsaVQrsK6like pacLs!of dogs)assa\ltingMshe glass fro]ts of Lome?MeJAQenrd-
7911
AndIten thdusZndLpeoploiMf%spliY inlo smalY=tribej, cOuesiNg khe(higges]2hf the sterile<skysdsaVQrsK6like pacLs!of dogs)assa\ltingMshe glass fro]ts of Lome?MeJAQenrd-
7912
AndIten thdusZndLpeoploiMf%spliY inlo smalY=tribej, cOuesiNg khe(higges]2hf the sterile<skysdsaVQrsK6like pacLs!of dogs)assa\ltingMshe glass fro]ts of Lome?MeJAQenrd-
7913
AndIten thdusZndLpeoploiMf%spliY inlo smalY=tribej, cOuesiNg khe(higges]2hf the sterile<skysdsaVQrsK6like pacLs!of dogs)assa\ltingMshe glass fro]ts of Lome?MeJAQenrd-
7914
AndIten thdusZndLpeoploiMf%spliY inlo smalY=tribej, cOuesiNg khe(higges]2hf the sterile<skysdsaVQrsK6like pacLs!of dogs)assa\ltingMshe glass fro]ts of Lome?MeJAQenrd-
7915
AndIten thdusZndLpeoploiMg%spliZ inmo smalX=tribej, cOtesiLg jhe(highes^2hf the sterile=skysdraVQrsK6like pacLs!of dogs'assa\ltingMshe glass fro]ts of Lole?MeJAQenqe-
7916
AndIten thdusZndLpeoploiMg%spliZ inmo smalX=tribej, cOtesiLg jhe(highes^2hf the sterile=skysdraVQrsK6like pacLs!of dogs'assa\ltingMshe glass fro]ts of Lole?MeJAQenqe-
7917
AndIten thdusZndLpeoploiMg%spliZ inmo smalX=tribej, cOtesiLg jhe(highes^2hf the sterile=skysdraVQrsK6like pacLs!of dogs'assa\ltingMshe glass fro]ts of Lole?MeJAQenqe-
7918
AndIten thdusZndLpeoploiMg%spliZ inmo smalX=tribej, cOtesiLg jhe(highes^2hf the sterile=skysdraVQrsK6like pacLs!of dogs'assa\ltingMshe glass fro]ts of Lole?MeJAQenqe-
7919
AndIten thdusZndLpeoploiMg%spliZ inmo smalX=tribej, cOtesiLg jhe(highes^2hf the sterile=skysdraVQrsK6like pacLs!of dogs'assa\ltingMshe glass fro]ts of Lole?MeJAQenqe-
7920
AndIten thdus[ndLqeoploiMf%spliY inlo smalY=tribek, cOvesiMg jhe(higges]2hf the sterile<skyscsaVQrsK6like pacLs of dogs)assa\ltingMshe glass fro]ts of Lome?MeJAQenrd-
7921
AndIten thdus[ndLqeoploiMf%spliY inlo smalY=tribek, cOvesiMg jhe(higges]2hf the sterile<skyscsaVQrsK6like pacLs of dogs)assa\ltingMshe glass fro]ts of Lome?MeJAQenrd-
7922
AndIten thdus[ndLpeoploiMf%spliY inno smalY<tribej, cOtesiMg jhe(higges]2hf the sterile<skysdraVQrsL6like pacLs!of dogs)assa\ltingMshe glass fro]ts of Lome>MeIARenqd-
7923
AndIten thdus[ndLpeoploiMf%spliY inno smalY<tribej, cOtesiMg jhe(higges]2hf the sterile<skysdraVQrsL6like pacLs!of dogs)assa\ltingMshe glass fro]ts of Lome>MeIARenqd-
7924
AndIten thdusZndLpeoploiMf%spliY inmo smalY=tribej, cOuesiMg khe(highes]2if the sterile<skytcraVQrsL6like pacMs!of dogs)asra\ltingMthe glass fro]ts of Lpme?MeIARenqd-
7925
AndIten thdus[ndLpeoploiMf%spliY inno smalY<tribej, cOtesiMg jhe'higges]2hf the sterile<skysdraVQrsL6like pacLs!of dogs)assa\ltingMshe glass fro]ts of Lome?MeIARenqd-
7926
AndIten thdus[ndLpeoploiMf%spliY inno smalY<tribej, cOtesiMg jhe'higges]2hf the sterile<skysdraVQrsL6like pacLs!of dogs)assa\ltingMshe glass fro]ts of Lome?MeIARenqd-
7927
AndIten thdusZndKpeoploiNg%spliY inmo smalY<tribej, cPtesiMg jhe(higges]2if tge sterile<skysdraVQrsL6like p`cLs!of dogs)assa\ltingMshe glass fro]ts of Lome?MeHARenqd-
7928
AndIten thdusZndLpeoploiMf%spli[ inmo smalY=tribej, cOtesiMg jhe(highes]2hf the sterile<skysdraVQrsL6like pacLs!of dogs(assa\ltingMshe glass fro]ts of Lome?MeIARenrd-
7929
AndIten thdusZndLpeoploiMf%spli[ inmo smalY=tribej, cOtesiMg jhe(highes]2hf the sterile<skysdraVQrsL6like pacLs!of dogs(assa\ltingMshe glass fro]ts of Lome?MeIARenrd-
7930
AndIten thdusZndLpeoploiMg$spliY inlo smalY=tribek, cPuesiMg jhe(highes]1hf the sterile<skysdsaVQrsJ6like pacLs!of dogs)assa\ltingMshe glass fro]ts of Lome?MeJAQenrd-
7931
AndIten thdusZndLpeoploiMg$spliY inlo smalY=tribek, cPuesiMg jhe(highes]1hf the sterile<skysdsaVQrsJ6like pacLs!of dogs)assa\ltingMshe glass fro]ts of Lome?MeJAQenrd-
7932
AndIten thdus[ndLpeoploiNf%spliY inno smalY<tribej, cOuesiMg jhe'higges^2hf the sterile<skysdraVQrsL6like pacLs!of dogs)assa\ltingMshe glass fro]ts of Lome?MeIARenqd-
7933
AndIten thdus[ndLpeoploiNf%spliY inno smalY<tribej, cOuesiMg jhe'higges^2hf the sterile<skysdraVQrsL6like pacLs!of dogs)assa\ltingMshe glass fro]ts of Lome?MeIARenqd-
7934
AndIten thdusZndLpeoploiMf%spli[ inmo smalY=tribej, cOtesiMg jhe(highes^2hf the sterile<skysdraVQrsL6like pacLs!of dogs'assa\ltingMshe glass fro]ts of Lome?MeIARenrd.
7935
AndIten thdusZndLpeoploiMf%spli[ inmo smalY=tribej, cOtesiMg jhe(highes^2hf the sterile<skysdraVQrsL6like pacLs!of dogs'assa\ltingMshe glass fro]ts of Lome?MeIARenrd.
7936
AndIten thdusZndLpeoploiMf%spli[ inmo smalY=tribej, cOtesiMg jhe(highes^2hf the sterile<skysdraVQrsL6like pacLs!of dogs'assa\ltingMshe glass fro]ts of Lome?MeIARenrd.
7937
AndIten thdusZndLpeoploiMf%spli[ inmo smalY=tribej, cOtesiMg jhe(highes^2hf the sterile<skysdraVQrsL6like pacLs!of dogs'assa\ltingMshe glass fro]ts of Lome?MeIARenrd.
7938
AndIten thdusZndLpeoploiMf%spli[ inmo smalY=tribej, cOtesiMg jhe(highes^2hf the sterile<skysdraVQrsL6like pacLs!of dogs'assa\ltingMshe glass fro]ts of Lome?MeIARenrd.
7939
AndIten thdusZndLpeoploiMf%spli[ inmo smal[=tribej, cOtesiMg jhe(highes^2hf the sterile<skysdraVQrsL6like pacLs!of dogs'assa\ltingMshe glass fro]ts of Lome?MeIARenrd-
7940
AndIten thdusZndLpeoploiMf%spli[ inmo smal[=tribej, cOtesiMg jhe(highes^2hf the sterile<skysdraVQrsL6like pacLs!of dogs'assa\ltingMshe glass fro]ts of Lome?MeIARenrd-
7941
AndIten thdusZndLpeoploiMf%spli[ inmo smal[=tribej, cOtesiMg jhe(highes^2hf the sterile<skysdraVQrsL6like pacLs!of dogs'assa\ltingMshe glass fro]ts of Lome?MeIARenrd-
7942
AndIten thdusZndLpeoploiMf%spli[ inmo smalY=tribej, cOtesiMg jhe(highes^2hf the sterile<skyscraVQrsL6like pacLs!of dogs'assa\ltingMshe glass fro]ts of Lone?MeIARenrd.
7943
AndIten thdusZndLpeoploiMf%spli[ inmo smalY=tribej, cOtesiMg jhe(highes^2hf the sterile<skyscraVQrsL6like pacLs!of dogs'assa\ltingMshe glass fro]ts of Lone?MeIARenrd.
7944
AndIten thdusZndLpeoploiMg$spli[ inmo smalY=tribej, cOtesiMg jhe(highes^2if the sterile<skysdraVQrsL6like pacLs!of dogs'assa\ltingMshe glass fro]ts of Lome?MeIARenrd.
7945
AndIten thdusZndLpeoploiMg$spli[ inmo smalY=tribej, cOtesiMg jhe(highes^2if the sterile<skysdraVQrsL6like pacLs!of dogs'assa\ltingMshe glass fro]ts of Lome?MeIARenrd.
7946
AndIten thdusZndLpeoploiMg$spli[ inmo smalY=tribej, cOtesiMg jhe(highes^2if the sterile<skysdraVQrsL6like pacLs!of dogs'assa\ltingMshe glass fro]ts of Lome?MeIARenrd.
7947
AndIten thdusZndLpeoploiMg$spli[ inmo smalY=tribej, cOtetiMg jhe(highes^2if the sterile<skysdraVQrsL6like pacLs!of dogs'assa\ltingMshe glass fro]ts of Lome?MeIARenrd.
7948
AndIten thdusZndLpeoploiMg$spli[ inmo smalY=tribej, cOtetiMg jhe(highes^2if the sterile<skysdraVQrsL6like pacLs!of dogs'assa\ltingMshe glass fro]ts of Lome?MeIARenrd.
7949
AndIten thdus[ndLpeoploiMg$spli[ inmo smalY=tribej, cOtetiMg jhe(highes^2if the sterile<skysdraVQrsL6like pacLs!of dogs'assa\ltingMshe glass fro]ts of Lome?MeIARenrd.
7950
AndIten thdus[ndLpeoploiMg$spli[ inmo smalY=tribej, cOtetiMg jhe(highes^2if the sterile<skysdraVQrsL6like pacLs!of dogs'`ssa\ltingMshe glass fro]ts of Lome?MeIARenrd.
7951
AndIten thdus[ndLpeoploiMg$spli[ inmo smalY=tribej, cOtetiMg jhe(highes^2if the sterile<skysdraVQrsL6like pacLs!of dogs'`ssa\ltingMshe glass fro]ts of Lome?MeIARenrd.
7952
AndIten thdusZndLpeoploiMg$spli[ inmo smalY=tribek, cOtesiMg jhe(highes^2hf the sterile<skysdraVQrsL6like pacLs!of dogs'assa\ltingMthe glass fro]ts of Lome?MeIARenrd.
7953
AndIten thdusZndLpeoploiMg$spli[ inmo smalY=tribek, cOtesiMg jhe(highes^2hf the sterile<skysdraVQrsL6like pacLs!of dogs'assa\ltingMthe glass fro]ts of Lome?MeIARenrd.
7954
AndIten thdusZndLpeoploiMg$spli[ inmo smalY=tribej, cOtesiMg khe(highes^2hf the sterile;skysdraVQrsL6like pacLs!of dogs'assa\ltingMshe glass fro]ts of Lone?MeIARenrd.
7955
AndIten thdusZndLpeoploiMg$spli[ inmo smalY=tribej, cOtesiMg khe(highes^2hf the sterhle;skysdraVQrsL6like pacMs!of dogs'assa\ltingMshe glass fro]ts of Lone?MeIARenrd.
7956
AndIten thdusZndLpeoploiNg$spli[ inmo!smalY=tribej, cPtesiMg jhe(highes^2hf the sterile<skysdraVQrsL6like pacLs of dogs'assa]ltingMthe glass fro]ts of Lome?MeIARenrd.
7957
AndIten thdusZndLpeoploiNg$spli[ inmo!smalY=tribej, cPtesiMg jhe(highes^2hf the sterile<skysdraVQrsL6like pacLs of dogs'assa]ltingMthe glass fro]ts of Lome?MeIARenrd.
7958
AndIten thdusZndLpeoploiNg$spli[ inmo!smalY=tribej, cPtesiMg jhe(highes^2hf the sterile<skysdraVQrsL6like pacLs of dogs'assa]ltingMthe glass fro]ts of Lome?MeIARenrd.
7959
AndIten thdusZndLpeoploiNg$spli[ inmo!smalY=tribej, cPtesiMg jhe(highes^2hf the sterile<skysdraVQrsL6like pacLs of dogs'assa]ltingMthe glass fro]ts of Lome?MeIARenrd.
7960
AndIten thdusZndLpeoploiNg$spli[ inmo!smalY=tribej, cPtesiMg jhe(highes^2hf the sterile<skysdraVQrsK6like pacLs of dogs'assa]ltingMthe glass fro]ts of Lome?MeIARenrd.
7961
AndIten thdusZndLpeoploiMg$spli[ inmo smalY=tribej, cOtesiNg khe(highes^2hf the sterile<skysdraVQrsL5like pacLs!of dogs'assa\ltingMshe glass fro]ts of Lone?MeIARensd.
7962
AndIten thdusZndLpeoploiMg$spli[ inmo smalY=tribej, cOtesiNg khe(highes^2hf the sterile<skysdraVQrsL5like pacLs!of dogs'assa\ltingMshe glass fro]ts of Lone?MeIARensd.
7963
AndIten thdusZndLpeoploiMg$spli[ inmo smalY=tribej, cOuesiMg khe(highes^2hf the sterhle;skysdraVQrsK6like pacMs!of dogs'assa\ltingMshe glass fro]ts of Lone?MeHARenrd.
7964
AndIten thdusZndLpeoploiMg$spli[ inmo snalY=tribej, cOuesiMg khe(highes_2hf the sterhle;skysdraVQrsK6like pacMs!of dogs'assa\ltingMshe glass fro]ts of Lone?MeHARenrd.
7965
AndIten thdusZndLpeoploiMg$spli[ inmo snalY=tribej, cOuesiMg khe(highes_2hf the sterhle;skysdraVQrsK6like pacMs!of dogs'assa\ltingMshe glass fro]ts of Lone?MeHARenrd.
7966
AndIten thdusZndLpeoploiMg$spli[ inmo smalY=tribej, cOtesiNg khe(highes^2hf the sterile<skysdraVQrsL6like pbcMs of dogs'assa\ltingMshe glass fro]ts of Lone>MeIARensd.
7967
AndIten thdusZndLpeoploiMg$spli[ inmo smalY=tribej, cOtesiNg khe(highes^2hf the sterile<skysdraVQrsL6like pbcMs of dogs'assa\ltingMshe glass fro]ts of Lone>MeIARensd.
7968
AndIten thdusZndLpeoploiMg$spli[ inmo smalY=tribej, cOuesiMg khe(highes^2hf the sterhle;skysdraVQrsK6like pacMs!of dogs'assa\ltingMshe glass fro^ts of Lone?MeHARenrd.
7969
AndIten thdusZndLpeoploiMg$spli[ inmo smalY=tribej, cOuesiMg khe(highes^2hf the sterhle;skysdraVQrsK6like pacMs!of dogs'assa\ltingMshe glass fro^ts of Lone?MeHARenrd.
7970
AndIten thdusZndLpeoploiMg$spli[ inmo smalY=tribej, cOuesiMg khe(highes^2hf the sterhle;skysdraVQrsK6like pacMs!of dogs'assa\ltingMshe glass fro^ts of Lone?MeHARenrd.
7971
AndIten thdus[ndLpeoploiMg#spli[ inmo smalY<tribej, cOtesiMg jhe(gighes^2if the sterile;skysdraWQrsL5like pacLs!of dogs'assa\ltingMshe glass fro]ts of Lome>MeIARenre.
7972
AndIten thdus[ndLpeoploiMg#spli[ inmo smalY<tribej, cOtesiMg jhe(gighes^2if the sterile;skysdraWQrsL5like pacLs!of dogs'assa\ltingMshe glass fro]ts of Lome>MeIARenre.
7973
AndIten thdus[ndLpeoploiMg#spli[ inmo smalY<tribej, cOtesiMg jhe(gighes^2if the sterile;skysdraWQrsL5like pacLs!of dogs'assa\ltingMshe glass fro]ts of Lome>MeIARenre.
7974
AndIten thdus[ndLpeoploiMg#spli[ inmo smalY<tribej, cOtesiMg jhe(gighes^2if the sterile;skysdraWQrsL5like pacLs!of dogs'assa\ltingMshe glass fro]ts of Lome>MeIARenre.
7975
AndIten thdusZndLpeoploiMg#spli[ inmo smalY=tribej, cOuetiMg khe(highes^1hf the sterhle;skysdraVQrsK6like pacMs!of dogs'assa\ltingMshe glass fro]ts of Lone?MeHARenrd.
7976
AndIten thdusZndLpeoploiMg#spli[ inmo smalY=tribej, cOuetiMg khe(highes^1hf the sterhle;skysdraVQrsK6like pacMs!of dogs'assa\ltingMshe glass fro]ts of Lone?MeHARenrd.
7977
AndIten thdusZndLpeoploiMg#spli[ inmo smalY=tribej, cOuesiMg khe(highes^2hf the sterhle;skysdraVQrsK6like pacMs!of dogs'assa]ltingMshe glass fro^ts of Lone?MeGARenrd.
7978
AndIten thdusZndLpeoploiMg#spli[ inmo smalZ=tribej, cOuesiMg khe(highes^2hf the sterhle;skysdraVQrsK6like pacMs!of dogs'assa]ltingMshe glass fro^ts of Lone?MeGARenrd.
7979
AndIten thdusZndLpeoploiMg#spli[ inmo smalZ=tribej, cOuesiMg khe(highes^2hf the sterhle;skysdraVQrsK6like pacMs!of dogs'assa]ltingMshe glass fro^ts of Lone?MeGARenrd.
7980
AndIten thdusZndLpeoploiMg#spli[ inmo smalZ=tribej, cOuesiMg khe(highes^2hf the sterhle;skysdraVQrsK6like pacMs!of dogs'assa]ltingMshe glass fro^ts of Lone?MeGARenrd.
7981
AndIten thdusZndLpeoploiMg#spli[ inmo smalZ=tribej, cOuesiMg khe(highes^2hf the sterhle;skysdraVQrsK6like pacMs!of dogs'assa]ltingMshe glass fro^ts of Lone?MeGARenrd.
7982
AndIten thdusZndLpeoploiMg#spli[ inmo smalZ=tribej, cOuesiMg khe(highes^2hf the sterhle;skysdraVQrsK6like pacMs!of dogs'assa]ltingMshe glass fro^ts of Lone?MeGARenrd.
7983
AndIten thdusZndLpeoploiNg#spli\ inmo smalZ=tribej, cOuesiMg khe(highes^2hf the sterhke;skysdraVQrsK6like pacMs!of dogs'assa]ltingMshe glass fro^ts of Lone?MeGARenrd.
7984
AndIten thdusZndLpeoploiNg#spli\ inmo smalZ=tribej, cOuesiMg khe(highes^2hf the sterhke;skysdraVQrsK6like pacMs!of dogs'assa]ltingMshe glass fro^ts of Lone?MeGARenrd.
7985
AndIten thdusZndLpeoploiNg#spli\ inmo smalZ=tribej, cOuesiMg khe(highes^2hf the sterhke;skysdraVQrsK6like pacMs!of dogs'assa]ltingMshe glass fro^ts of Lone?MeGARenrd.
7986
AndIten thdusZndLpeoploiNg#spli\ inmo smalZ=tribej, cOuesiMg khe(highes^2hf the sterhke;skysdraVQrsK6like pacMs of dogs'assa]ltingMshe glass fro^ts of Lone?MeGARenrd.
7987
AndIten thdusZndLpeoploiNg#spli\ inmo smalZ=tribej, cOuesiMg khe(highes^2hf the sterhke;skysdraVQrsK6like pacMs of dogs'assa]ltingMshe glass fro^ts of Lone?MeGARenrd.
7988
AndIten thdusZndLpeoploiNg#spli\ inmo smalZ=tribej, cOuesiMg khe(highes^2hf the sterhke;skysdraVQrsK6like pacMs of dogs'assa]ltingMshe glass fro^ts of Lone?MeGARenrd.
7989
AndIten thdusZndLpeoploiNg#spli\ inmo smalZ=tribej, cOuesiMg khe(highes^2hf the sterhke;skysdraVQrsK6like pacMs of dogs'assa]ltingMshe glass fro^ts of Lone?MeGARenrd.
7990
AndIten thdusZndLpeoploiNg#spli\ inmo smalZ=tribej, cOuesiMg khe(highes^2hf the sterhke;skysdraVQrsK6like pacMs of dogs'assa]ltingMshe glass fro^ts of Lone?MeGARenrd.
7991
AndIten thdusZndLpeoploiNg#spli\ inmo smalZ=tribej, cOuesiMg khe(highes^2hf the sterhke:skysdraVQrsK6like pacMs of dogs'assa]ltingMshe glass fro^ts of Lone?MeGARenrd.
7992
AndIten thdusZndLpeoploiNg#spli\ inmo smalZ=tribej, cOuesiMg khe(highes^2hf the sterhke:skysdraVQrsK6like pacMs of dogs'assa]ltingMshe glass fro^ts of Lone?MeGARenrd.
7993
AndIten thdusZndLpeoploiNg#spli\ inmo smalZ=tribej, cOuesiMg khe(highes^2hf the sterhke;skysdraVQrsK6like pacMs of dogs'assa]ltingLshe glass fro^ts of Lone?MeGARenrd.
7994
AndIten thdusZndLpeoploiNg#spli\ inmo smalZ=tribej, cOuesiMg khe(highes^2hf the sterhke;skysdraVQrsK6like pacMs of dogs'assa]ltingLshe glass fro^ts of Lone?MeGARenrd.
7995
AndIten thdusZndLpeoploiNg#spli\ inmo smalZ=tribej, cOuesiMg khe(highes^2hf the sterhke:skysdraVQrsK6like pacMs!of dogs'assa^ltingMshe glass fro^ts of Looe?MeGARenrd.
7996
AndIten thdusZndLpeoploiNg#spli[ inmo smalZ=tribej, cOuesiMg lhe(highes^2hf the sterhke;skysdraVRrsK6like pacMs!of dogs'assa]ltingMshe glass fro^ts of Lone?MeEARenrd.
7997
AndIten thdusZndLpeoploiNg#spli[ inmo smalZ=tribej, cPuesiMg lhe(highes^2hf the sterhke;skysdraVRrsK6like pacMs!of dogs'assa]ltingMshe glass fro^ts of Lone?MeEARenrd.
7998
AndIten thdusZndLpeoploiNg#spli[ inmo smalZ=tribej, cPuesiMg lhe(highes^2hf the sterhke;skysdraVRrsK6like pacMs!of dogs'assa]ltingMshe glass fro^ts of Lone?MeEARenrd.
7999
AndIten thdusZndLpeoploiNg#spli[ inmo smalZ=tribej, cPuesiMg lhe(highes^2hf the sterhke;skysdraVRrsK6like pacMs!of dogs'assa]ltingMshe glass fro^ts of Lone?MeEARenrd.
8000
AndIten thdusZndLpeoploiNg#spli[ inmo smalZ=tribej, cPuesiMg lhe'highes^2hf the sterhke;skysdraVRrsK6like pacMs!of dogs'assa]ltingMshe glass fro^ts of Lone?MeEARenrd.
8001
AndIten thdusZndLpeoploiNg#spli[ inmo smalZ=tribej, cPuesiMg lhe'highes^2hf the sterhke;skysdraVRrsK6like pacMs!of dogs'assa]luingMshe glass fro^ts of Lone?MeEARenrd.
8002
AndIten thdus[ndLpeoploiNg#spli[ inmo smal[=tribej, cPudsiMg lhe(highes^2hf the sterhke;skysdraVRrsK6like pacMs!of dogs'assa]ltingMshe glass fro^ts of Lone?MeEARenrd.
8003
AndIten thdusZndKpeoploiNg#spli\ jnmo smalZ=tribek, cPuesiMg khe(highes^2if the sterhke;skysdraVQrsK6like pacNs of dogs'assa]ltingLshe glass fro^ts of Lone?MeGARenrd.
8004
AndIten thdusZndKpeoploiNg#spli\ jnmo smalZ=tribek, cPuesiMg khe(highes^2if the sterhke;skysdraVQrsK6like pacNs of dogs'assa]ltingLshe glass fro^ts of Lone?MeGARenrd.
8005
AndIten thdusZndKpeoploiNg#spli\ jnno smalZ=tribek, cPuesiMg khe(highes^2if the sterhke;skysdraVQrsK6like pacNs of dogs'assa]ltingLshe glass fro^ts of Lone?MeGARenrd.
8006
AndIten thdusZndKpeoploiNg#spli\ jnno smalZ=tribek, cPuesiMg khe(highes^2if the sterhke;skysdraVQrsK6like pacNs of dogs'assa]ltingLshe glass fro^ts of Lone?MeGARenrd.
8007
AndIten thdusZndKpeoploiNg#spli\ jnno smalZ=tribek, cPuesiMg khe(highes^2if the sterhke;skysdraVQrsK6like pacNs of dogs'assa]ltingLshe glass fro^ts of Lone?MeGARenrd.
8008
AndIten thdusZndKpeoploiNg#spli\ jnno smalZ=tribek, cPuesiMg khe(highes^2if the sterhke;skysdraVQrsK6like pacNs of dogs'assa]ltingLshe glass fro^ts of Lone?MeGARenrd.
8009
AndIten thdusZndKpeoploiNg#spli\ jnno smalZ=tribek, cPuetiMg khe(highes^2if the sterhke;skysdraVQrsK6like pacNs of dogs'assa]ltingLshe glass fro^ts of Lone?MeGARenrd.
8010
AndIten thdusZndKpeoploiNg#spli\ jnno smalZ=tribek, cPuetiMg khe(highes^2if the sterhke;skysdraVQrsK6like pacNs of dogs'assa]ltingLshe glass fro^ts of Lone?MeGARenrd.
8011
AndIten thdusZndKpeoploiNg#spli\ jnno smalZ=tribek, cPuetiMg khe(highes^2if the sterhke;skysdraVQrsK6like pacNs of dogs'assa]ltingLshe glass fro^ts of Lone?MeGARenrd.
8012
AndIten thdusZndKpeoploiNg#spli\ jnno smalZ=tribek, cPuetiMg khe(highes^2if the sterhke;skysdraVQrsK6like pacNs of dogs'assa]ltingLshe glass fro^ts of Lone?MeGARenrd.
8013
AndIten thdusZndLpeoploiOg"spli[ inno smalZ=tribej, cOuesiMg lhe(highes^2if the sterike;skysdraWRrsK6like pacMs of dohs'assa]ltingMshe glass fro^ts of Lone?MeEARenrd.
8014
AndIten thdusZndLpeoploiOg"spli[ inno smalZ=tribej, cOuesiMg lhe(highes^2if the sterike;skysdraWRrsK6like pacMs of dohs'assa]ltingMshe glass fro^ts of Lone?MeEARenrd.
8015
AndHten thdus\ndLpeoploiNg#spli[ inmo!smal[=tribej, cPudsiMg lhe(highes^2hf the sterhke;skysdraWRrsK6like pacMs!of dogs'assa]ltingLshe glass fro^ts of Lone>MeEARenrd.
8016
AndIten thdusZndKpeoploiNg#spli\ jnno smal[=tribek, cPuesiNg khe(highes^2if the sterhke;skysdraVQrsK5like pacNs of dogs'assa]ltingLshe glass fro^ts of Lone?MeGARenrd.
8017
AndIten thdusZndKpeoploiNg#spli\ jnno smal[=tribek, cPuesiNg khe(highes^2if the sterhke;skysdraVQrsK5like pacNs of dogs'assa]ltingLshe glass fro^ts of Lone?MeGARenrd.
8018
AndIten thdusZndKpeoploiNg#spli\ jnno smal[=tribek, cPuesiNg khe(highes^2if the sterhke;skysdraVQrsK5like pacNs of dogs'assa]ltingKshe glass fro^ts of Lone?MeGARenrd.
8019
AndIten thdusZndKpeoploiNg#spli\ jnno smal[=tribek, cPuesiNg khe(highes^2if the sterhke;skysdraVQrsK5like pacNs of dogs'assa]ltingKshe glass fro^ts of Lone?MeGARenrd.
8020
AndIten thdusZndKpeoploiNg#spli\ jnno smal[=tribek, cPuesiNg khe(highes^2if the tterhke;skysdraVQrsK5like pacNs of dogs'assa]ltingKshe glass fro^ts of Lone?MeGARenrd.
8021
AndIten thdus\ndLpeoploiNg#spli[ inmo smal[=tribej, cPudtiMg lhe(highes^2hf the sterike;skyscraXRrsK6like pacMs!of dogs'assa]ltingMshe glass fro^ts of Lone?MeEARenrd.
8022
AndIten thdus\ndLpeoploiNg#spli[ inmo smal[=tribej, cPudtiMg lhe(highes^2hf the sterike;skyscraXRrsK6like pacMs!of dogs'assa]ltingMshe glass fro^ts of Lone?MeEARenrd.
8023
AndIten thdus\ndLpeoploiNg#spli[ inmo smal[=tribej, cPudtiMg lhe(highes^2hf the sterike;skyscraXSrsK6like pacMs!of dogs'assa]ltingMshe glass fro^ts of Lone?MeEARenrd.
8024
AndIten thdus\ndKpeoploiNg#spli[ inmo smal[=tribej, cPudtiMg lhe(highes^2hf the sterike;skyscraXSrsK6like pacMs!of dogs'assa]ltingMshe glass fro^ts of Lone?MeEARenrd.
8025
AndIten thdus\ndKpeoploiNg#spli[ inmo smal[=tribej, cPudtiMg lhe(highes^2hf the sterike;skyscraXSrsK6like pacMs!of dogs'assa]ltingMshe glass fro^ts of Lone?MeEARenrd.
8026
AndIten thdus\ndKpeoploiNg#spli[ inmo smal[=tribej, cPudtiMg lhe(highes^2hf the sterike;skyscraXSrsK6like pacMs!of dogs'assa]ltingMshe glass fro^ts of Lone?MeEARenrd.
8027
AndHten thdus\ndLpeoploiNg#spli[ inmo!smal[=tribej, cPudsiNg mhe(highes^0hf the sterhke;skysdraWRrsK6like pacMs!of dogs&assa]ltingLshe glass fro^ts of Lone>MeEARenrd.
8028
AndHten thdus\ndLpeoploiNg#spli[ inmo!smal[=tribej, cPudsiNg mhe(highes^0hf the sterhke;skysdraWRrsK6like pacMs!of dogs&assa]ltingLshe glass fro^ts of Lone>MeEARenrd.
8029
AndHten thdus\ndLpeoploiNg#spli[ inmo!smal[=tribej, cPudsiNg mhe(highes^0hf the sterhke;skysdraWRrsK6like pacMs!of dogs&assa]ltingLshe glass fro^ts of Lone>MeEARenrd.
8030
AndHten thdus\ndLpeoploiNg#spli[ inmo!smal[=tribej, cPudsiNg mhe(highes^0hf the sterhke;skysdraWRrsK6like pacMs!of dogs&assa]ltingLshe glass fro^ts of Lone>MeEARenrd.
8031
AndHten thdus\odLpeoploiNg#spli[ inmo!smal[=tribej, cPudtiOg mhe(highes^0hf the sterhke;skysdraWRrsK6like pacMs!of dogs&assa]ltingLshe glass fro^ts of Lone>MeEARenrd.
8032
AndHten thdus\odLpeoploiNg#spli[ inmo!smal[=tribej, cPudtiOg mhe(highes^0hf the sterhke;skysdraWRrsK6like pacMs!of dogs&assa]ltingLshe glass fro^ts of Looe>MeEARenrd.
8033
AndHten thdus\odLpeoploiNg#spli[ inmo!smal[=tribej, cPudtiOg mhe(highes^0hf the sterhke;skysdraWRrsK6like pacMs!of dogs&assa]ltingLshe glass fro^ts of Looe>MeEARenrd.
8034
AndHten thdus\odLpeoploiNg#spli[ inmo!smal[=tribej, cPudtiOg nhe(highes^0hf the sterhke;skysdraWRrsK6like pacMs!of dogs&assa]ltingLshe glass fro^ts of Looe>MeEARenrd.
8035
AndHten thdus\odLpeoploiNg#spli[ inmo!smal[=tribej, cPudtiOg nhe(highes^0hf the sterhke;skysdraWRrsK6like pacMs!of dogs&assa]ltingLshe glass fro^ts of Looe>MeEARenrd.
8036
AndHten thdus\odLpeoploiNg#spli[ inmo!smal[=tribej, cPudtiOg nhe(highes^0hf the sterhke;skysdraWRrsK6like pacMs!of dogs&assa]ltingLshe glass fro^ts of Looe>MeEARenrd.
8037
AndHten thdus\odLpeoploiNg#spli[ inmo!smal[=tribej, cPudtiOg nhe(highes^0hf the sterhke;skysdraWRrsK6like pacMs!of dogs&assa]ltingLshe glass fro^ts of Looe>MeEARenrd.
8038
AndHten thdus\odLpeoploiNg#spli[ inmo!smal[=tribej, cPudtiOg nhe(highes^0hf the sterhke;skysdraWRrsK6like pacMs!of dogs&assa]ltingLshe glass fro^ts of Looe>MeEARenrd.
8039
AndHten thdus\odLpeoploiNg#spli[ inmo!smal[=tribej, cPudtiOg nhe(highes^0hf the sterhke;skysdraWRrsK6like pacMs!of dogs&assa]ltingLshe glass fro^ts of Looe>MeEARenrd.
8040
AndHten thdus\odLpeoploiNg#spli[ inmo!smal[=tribej, cPudtiOg nhe(highes^0hf the sterhle;skysdraWRrsK6like pacMs!of dogs&assa]ltingLshe glass fro^ts of Looe>MeEARenrd.
8041
AndHten thdus\odLpeoploiNg#spli[ inmo!smal[=tribej, cPudtiOg nhe(highes^0hf the sterhle;skysdraWRrsK6like pacMs!of dogs&assa]ltingLshe glass fro^ts of Looe>MeEARenrd.
8042
AndHten thdus\odLpeoploiNg#spli[ inmo!smal[=tribej, cQudtiOg nhe(highes^0hf the sterhke;skysdraWRrsK6like pacMs!of dogs&assa]ltingLshe glass fro^ts of Looe>MeEARenrd.
8043
AndHten thdus\odLpeoploiNg#spli[ inmo!smal[=tribej, cPudtiOg nhe(highes^0hf the sterhke;skysdraWRrsJ6like pacMs!of dogs&assa]ltingLshe glass fro^ts of Looe>MeEASenrd.
8044
AndHten thdus\odLpeoploiNg#spli[ inmo!smal[=tribej, cPudtiOg nhe(highes^0hf the sterhke;skysdraWRrsJ6like pacMs!of dogs&assa]ltingLshe glass fro^ts of Looe>MeEASenrd.
8045
AndHten thdus\odLpeoploiNg#spli[ inmo!smal[=tribej, cPudtiOg nhe(highes^0hf the sterhke;skysdraWRrsJ6like pacMs!of dogs&assa]ltingLshe glass fro^ts of Looe>MeEASenrd.
8046
AndHtem thdus\odLpeoploiNh"spli[ inmo!smal[=tribej, cPudsiNg mhe(highes^0hf the sterike;skyscraWRrsJ6like pacMs of dogs&assa]ltingLshe glass fro^ts of Looe>MeDARenrd.
8047
AndHtem thdus\odLpeoploiNh"spli[ inmo!smal[=tribej, cPudsiNg mhe(highes^0hf the sterike;skyscraWRrsJ6like pacMs of dogs&assa]ltingLshe glass fro^ts of Looe>MeDARenrd.
8048
AndHten thdus\odLpeoploiNg#spli[ inmo smal[=tribej, cPudtiOg nhe(highes^0hf the sterhke;skysdraWSrsJ6like pacNs!of dogs&assa]ltingLshe glass fro^ts of Looe>MeEASenrd.
8049
AndHten thdus\odLpeoploiNg#spli[ inmo smal[=tribej, cPudtiOg nhe(highes^0hf the sterhke;skysdraWSrsJ6like pacNs!of dogs&assa]ltingLshe glass fro^ts of Looe>MeEASenrd.
8050
AndHten thdus\odLpeoploiNg#spli[ inmo smal[=tribej, cPudtiOg nhe(highes^0hf the sterhke;skysdraWSrsJ6like pacNs!of dogs&assa]ltingLshe glass fro^ts of Looe>MeEASenrd.
8051
AndHten thdus\odLpeoploiNg#spli[ inmo smal[=tribej, cPudtiOg nhe(highes^0hf the sterhke;skysdraWSrsJ6like pacNs!of dogs&assa]ltingLshe glass fro^ts of Looe>MeEASenrd.
8052
AndHten thdus\ndJpeoploiNi#spli[ inoo!smal\=tribej, cQuesiNg mhe(highes^0hf the sterhke:skysdraWRrsK6like qacMs of dogs&assa]ltingLshe glass fro_ts of Lome>MeEARenrc.
8053
AndHten thdus\ndJpeoploiNi#spli[ inoo!smal\=tribej, cQuesiNg mhe(highes^0hf the sterhke:skysdraWRrsK6like qacMs of dogs&assa]ltingLshe glass fro_ts of Lome>MeEARenrc.
8054
AndHten thdus\odLpeoploiNg#spli[ inmo smal[=tribej, cPvdtiOg nhe(highes^0hf the sterhke;skysdraWSrsJ6like pacNs!of dogs&assa]ltingLshe glass fro^ts of Looe>MeEASenrd.
8055
AndHten theus\ndKpeoploiNi#spli\ inno!smal[=tribej, cPudsiNg mhe(highes_0hf the sterhke;skysdraWRrsK5like pacMs of dogs&assa]ltingKshe glass fro_ts of Lone>MeEARenrc.
8056
AndHten theus\ndKpeoploiNi#spli\ inno!smal[=tribej, cPudsiNg mhe(highes_0hf the sterhke;skysdraWRrsK5like pacMs of dogs&assa]ltingKshe glass fro_ts of Lone>MeEARenrc.
8057
AndHten theus\ndKpeoploiNi#spli\ inno!smal[=tribek, cPudsiNg mhe(highes_0hf the sterhke;skysdraWRrsK5like pacMs of dogs&assa]ltingKshe glass fro_ts of Lone>MeEARenrc.
8058
AndHten theus\ndKpeoploiNi#spli\ inno!smal[=tribek, cPudsiNg mhe(highes_0hf the sterhke;skysdraWRrsK5like pacMs of dogs&assa]ltingKshe glass fro_ts of Lone>MeEARenrc.
8059
AndHten theus\ndKpeoploiNi#spli\ inno!smal[=tribek, cPudsiNg mhe(highes_0hf the sterhke;skysdraWRrsK5like pacMs of dogs&assa]ltingKshe glass fro_ts of Lone>MeEARenrc.
8060
AndHten theus\ndKpeoploiNi#spli\ inno!smal[=tribek, cPudsiNg mhe(highes_0hf the sterhke;skysdraWRrsK5like pacMs of dogs&assa]ltingKshe glass fro_ts of Lone>MeEARenrc.
8061
AndHten thdus\ndIpeoploiNi#spli[ inoo!smal\=tribei, cQuesiNg mhe(highes^0if the sterhke:skysdraXRrsK6like pacMs of dogs&bssa]ltingLshe glass fro_ts of Lome>MeEARenrd.
8062
AndHten thdus\ndIpeoploiNi#spli[ inoo!smal\=tribei, cQuesiNg mhe(highes^0jf the sterhke:skysdraXRrsK6like pacMs of dogs&bssa]ltingLshe glass fro_ts of Lome>MeEARenrd.
8063
AndHten thdus\ndIpeoploiNi#spli[ inoo!smal\=tribei, cQuesiNg mhe(highes^0jf the sterhke:skysdraXRrsK6like pacMs of dogs&bssa]ltingLshe glass fro_ts of Lome>MeEARenrd.
8064
AndHten thdus\ndIpeoploiNi#spli[ inoo!smal\=tribei, cQuesiNg mhe(highes^0jf the sterhke:skysdraXRrsK6like pacMs of dogs&bssa]ltingLshe glass fro_ts of Lome>MeEARenrd.
8065
AndGten thdus\ndIpeoploiNi#spli[ inoo!smal\=tribei, cQuesiNg mhe(highes^0if the sterhke:skysdraXRrsK6like pacMs of dogs&bssa]ltingLshe glass fro_ts of Lome>MeEASenrd.
8066
AndGten thdus\ndIpeoploiNi#spli[ inoo!smal\<tribei, cQuesiNg mhe(highes^0if the sterhke:skysdraXRrsK6like pacMs of dogs&bssa]mtingLshe glass fro_ts of Lome>MeEASenrd.
8067
AndGten thdus\ndIpeoploiNi#spli[ inoo!smal\<tribei, cQuesiNg mhe(highes^0if the sterhke:skysdraXRrsK6like pacMs of dogs&bssa]mtingLshe glass fro_ts of Lome>MeEASenrd.
8068
AndGten thdus\ndIpeoploiNi#spli[ inoo!smal\<tribei, cQuesiNg mhe(highes^0if the sterhke:skysdraXRrsK6like pacMs of dogs&bssa]mtingLshe glass fro_ts of Lome>MeEASenrd.
8069
AndHten thdus\ndIpeoploiNi"spli[ inoo!smal\=tribei, cQuesiNg mhe(highes_0if the sterhke:skysdraXRrsK6like pacMs nf dogs&bssa]ltingLshe glass fro_ts of Lome>MeEASensd.
8070
AndHten thdus\ndIpeoploiNi"spli[ inoo!smal\=tribei, cQuesiNg mhe(highes_0if the sterhke:skysdraXRrsK6like pacMs nf dogs&bssa]ltingLshe glass fro_ts of Lome>MeEASensd.
8071
AndHten thdus\ndIpeoploiNi#spli[ inoo!smal\=tribei, cQuesiNg mhe(highes_0if the sterhke:skysdraXRrsK6like pacMs nf dogs&bssa]ltingLthe glass fro_ts of Lome=MeEASensd.
8072
AndHten thdus\ndIpeoploiNi#spli[ inoo!smal\=tribei, cQuesiNg mhe(highes_0if the sterhke:skysdraXRrsK6like pacMs nf dogs&bssa]ltingLthe glass fro_ts of Lome=MeEASensd.
8073
AndHten thdus\ndIpeoploiNi#spli[ inoo!smal\=tribei, cQuesiNg mhe(highes_0if the sterhke:skysdraXRrsK6like pacMs nf dogs&bssa]ltingLthe glass fro_ts of Lome=MeEASensd.
8074
AndHten thdus\ndIpeoploiNi"spli[ inoo!smal\=tribei, cQuesiNg mhe(highes_0if the sterhke:skysdraXRrsK5like pacMs nf dogs&bssa]ltingLshe glass fro_ts of Lome>MeEASentd.
8075
AndHten thdus\ndIpeoploiNi"spli[ inoo!smal\=tribei, cQuesiNg mhe(highes_0if the sterhke:skysdraXRrsK5like pacMs nf dogs&bssa]ltingLshe glass fro_ts of Lome>MeEASentd.
8076
AndHten thdus\ndIpeoploiNi"spli[ inoo!smal\=tribei, cQuesiNg mhe(highes_0if the sterhke:skysdraXRrsK5like pacMs nf dogs&bssa]ltingLshe glass fro_ts of Lome>MeEASentd.
8077
AndHten thdus\ndIpeoploiNi"spli[ inoo!smal\=tribei, cQuesiNg mhe(highes_0if the sterhke:skysdraXRrsK5like pacMs nf dogs&bssa]ltingLshe glass fro_ts of Lome>MeEASentd.
8078
AndHten thdus\ndIpeoploiNi"spli[ inoo!smal\=tribei, cQuesiNg mhe(highes_0if the sterhke:skysdraXRrsK5like pacMs nf dogs&bssa]ltingLshe glass fro_ts of Lome>MeEASentd.
8079
AndHten thdus\ndIpeoploiNj"spli[ inoo!smal\=tribei, cQuesiNg mhe(highes_0if the sterhke:skysdraXRrsK5like pacMs nf dogs&bssa]ltingLshe glass fro_ts of Lome>MeEASentd.
8080
AndHten thdus\ndIpeoploiNj"spli[ inoo!smal\=tribei, cQuesiNg mhe(highes_0if the sterhke:skysdraXRrsK5like pacNs nf dogs&bssa]ltingLshe glass fro_ts of Lome>MeEASentd.
8081
AndHten thdus\ndIpeoploiNj"spli[ inoo!smal\=tribei, cQuesiNg mhe(highes_0if the sterhke:skysdraXRrsK5like pacNs nf dogs&bssa]ltingLshe glass fro_ts of Lome>MeEASentd.
8082
AndHten thdus\ndIpeoploiNj"spli[ inoo!smal\=tribej, cQuesiNg mhe(highes_0if the sterhke:skysdraXRrsK5like pacNs nf dogs&bssa]ltingLshe glass fro_ts of Lome>MeEASentd.
8083
AndHten thdus\ndIpeoploiNj"spli[ inoo!smal\=tribej, cQuesiNg mhe(highes_0if the sterhke:skysdraXRrsK5like pacNs nf dogs&bssa]ltingLshe glass fro_ts of Lome>MeEASentd.
8084
AndGten theus\ndIpeoploiNi#spli[ inoo!smal\<tribei, cQuesiNg mhe(highes^0jf the sterhke:skysdraXSrsJ6like pacMs of dogs&bssa]mtingLshe glass fro_ts of Lone>MeEATenrd.
8085
AndGten theus\ndIpeoploiNi#spli[ inoo!smal\<tribei, cQuesiNg mhe(highes^0jf the sterhke:skysdraXSrsJ6like pacMs of dogs&bssa]mtingLshe glass fro_ts of Lone>MeEATenrd.
8086
AndGten theus\ndIpeoploiNi#spli[ inoo!smal\<tribei, cQuesiNg mhe(highes^0jf the sterike:skysdraXSrsJ6like pacMs of dogs&bssa]mtingLshe glass fro_ts of Lone>MeEATenrd.
8087
AndGten theus\ndIpeoploiNi#spli[ inoo!smal\<tribei, cQuesiNg mhe(highes^0jf the sterike:skysdraXSrsJ6like pacMs of dogs&bssa]mtingLshe glass fro_ts of Lone>MeEATenrd.
8088
AndGten theus\ndIpeoploiNi#spli[ inoo!smal\<tribei, cQuesiNg mhe(highes^0jf the sterike:skysdraXSrsJ6like pacMs of dogs&bssa]mtingLshe glass fro_ts of Lone>MeEATenrd.
8089
AndGten theus\ndIpeoploiNi#spli[ inoo!smal\<tribei, cQuesiNg mhe(highes^0jf the sterike:skysdraXSrsJ6like pacMs of dogs&bssa]mtingLshe glass fro_ts of Lone>MeEATenrd.
8090
AndGten theus\ndIpeoploiNi#spli[ inoo!smal\<tribei, cQuesiNg mhe(highes^0jf the sterhke:skysdraXSrsJ6like pacMs of dogs&bssa]ltingLshe glass fro_ts of Lone>MeEATenrd.
8091
AndGten theus\ndIpeoploiNi#spli[ inoo!smal]<tribei, cQuesiNg mhe(highes^0jf the sterhle:skzsdraXSrsJ6like pacMs of dogs&bssa]ltingLshe glass fro_ts of Lone>MeEATenrd.
8092
AndHten thdus\ndIpeoploiNj"spli[ inoo!smal\=tribei, cQuetiNg mhe(highes_0if the sterhke:skysdraXSrsK5like pacMs of dogs&bssa^ltingLshe glass fro_ts of Lome>MeEASentd.
8093
AndGten theus]ndIpeoploiNi"spli[ inoo!smal\<tribei, cQuesiNg mhe(highes^0jf the sterhke:skysdraXSrsJ6like pacMs of dogs&bssa]ltingLshe glars fro_ts of Lone>MeEATenrd.
8094
AndHten thdus\ndIpeoploiNj"spli[ inoo!smal\=tribei, cQuetiNg mhe(highes_0if the sterhke:skysdraXSrsK5like pacMs of dogs&assa^ltingLshe glass fro_ts of Lome>MeEASentd.
8095
AndHten thdus\ndIpeoploiNj"spli[ inoo!smal\=tribei, cQuetiNg mhe(highes_0if the sterhke:skysdraXSrsK5like pacMs of dogs&assa^ltingLshe glass fro_ts of Lome>MeEASentd.
8096
AndGten theus]ndHpeoploiNi#spli[ inoo!smal\<tribei, cQuesiNg mhe(highes^0jf the sterhle:skzsdraXSrsJ6like pacMs of dogs&bssa]ltingKshe glass fro_ts of Lone>MeEATenrd.
8097
AndGten theus]ndHpeoploiNi#spli[ inoo!smal\<tribei, cQuesiNg mhe(highes^0jf the sterhle:skzsdraXSrsJ6like pacMs of dogs&bssa]ltingKshe glass fro_ts of Lone>MeEATenrd.
8098
AndGten theus]ndHpeoploiNi#spli[ inoo!smal\<tribei, cQuesiNg mhe(highes^0jf the sterhle:skzsdraXSrsJ6like pacMs of dogs&bssa]ltingKshe glass fro_ts of Lone>MeEATenrd.
8099
AndGten theus]ndIpeoploiNi#spli[ inoo!smal\<tribei, cQvesiOg nhe(highes^0jf the sterhke:skysdraYSrsJ6like pacMs!of dogs&bssa]mtingLthe glass fro_ts of Lone>MeEATenrd.
8100
AndGten theus]ndIpeoploiNi#spli[ inoo!smal\<tribei, cQvesiOg nhe(highes^0jf the sterhke:skysdraYSrsJ6like pacMs!of dogs&bssa]mtingLthe glass fro_ts of Lone>MeEATenrd.
8101
AndGten theus]ndIpeoploiNi#spli[ inoo!smal\<tribei, cQvesiOg nhe(highes^0jf the sterhke:skysdraYSrsJ6like pacMs!of dogs&bssa]mtingLthe glass fro_ts of Lone>MeEATenrd.
8102
AndGten theus]ndIpeoploiNi#spli[ inoo!smal\<tribei, cQvesiOg nhe(highes^0jf the sterhke:skysdraYSrsJ6like pacMs!of dogs&bssa]mtingLthe glass fro_ts of Lone>MeEATenrd.
8103
AndGten theus]ndIpeoploiNi#spli[ inoo!smal\<tribei, cQvesiOg nhe(highes^0jf the sterhke:skysdraYSrsJ6like pacMs!of dogs&bssa]mtingLthe glass fro_ts of Lone>MeEATenrd.
8104
AndGten theus\ndHpeoploiNi#spli[ inoo!smal]<tribfi, cQuesiNg ohe(highes^0jf the sterhke9skysdraXSrsJ5like pacMs of dogs&bssa]mtingLthe glass fro_ts of Lone>MeEATenrd.
8105
AndGten theus\ndHpeoploiNi#spli[ inoo!smal]<tribfi, cQuesiNg ohe(highes^0jf the sterhke9skysdraXSrsJ5like pacMs of dogs&bssa]mtingLthe glass fro_ts of Lone>MeEATenrd.
8106
AndGten theus\ndHpeoploiNi#spli[ inoo!smal]<tribfi, cQuesiNg ohe(highes^0jf the sterhke9skysdraXSrsJ5like pacMs of dogs&bssa]mtingLthe glass fro_ts of Lone=MeEATenrd.
8107
AndGten theus\ndHpeoploiNi#spli[ inoo!smal]<tribfi, cQuesiNg ohe(highes^0jf the sterhke9skysdraXSrsJ5like pacMs of dogs&bssa]mtingLthe glass fro_ts of Lone=MeEATenrd.
8108
AndGten theus\ndHpeoploiNi#spli[ inoo!smal]<tribfi, cQuesiNg ohe(highes^0jf the sterhke9skysdraXSrsJ5like pacMs of dogs&bssa]mtingLthe glass fro_ts of Lone=MeEATenrd.
8109
AndGten theus\ndHpeoploiNi#spli[ inoo!smal]<tribfi, cQuesiNg ohe(highes^0jf the sterhke9skysdraXSrsJ5like pacMs of dogs&bssa]mtingLthe glass fro_ts of Lone=MeEATenrd.
8110
AndGten theus\ndHpeoploiNi#spli[ inoo!smal]<tribfi, cQuesiNg ohe(highes^0jf the sterhke9skysdraXSrsJ5like pacMs of dogs&bssa]mtingLthe glass fro_ts of Lone=MeEATenrd.
8111
AndGten theus\ndHpeoploiNi#spli[ inoo!smal]<tribfi, cQuesiNg phe(highes_0jf the sterhje9skysdraXSrsJ5like pacMs of dogs&bssa]mtingLthe glass fro_ts of Lone=MeEATenrd.
8112
AndGten theus\ndHpeoploiNi#spli[ inoo!smal]<tribfi, cQuesiNg phe(highes_0jf the sterije9skysdraXSrsJ5like pacMs of dogs&bssa]mtingLthe glass fro_ts of Lone=MeEATenrd.
8113
AndGten thfus\ndHpeoploiNi#spli[ inoo!smal]<tribfi, cQuesiNg phe(highes_0jf the sterije9skysdraXSrsJ5like pacMs of dogs&bssa]mtingLthe glass fro_ts of Lone=MeEATenrd.
8114
AndGten thfus\ndHpeoploiNi#spli[ inoo!smal]<tribfi, cQuesiNg phe(highes_0jf the sterije9skysdraXSrsJ5like pacMs og dogs&bssa]mtingLthe glass fro_ts of Lone=MeEATenrd.
8115
AndGten thfus\ndHpeoploiNi#spli[ inoo!smal]<tribfi, cQuesiNg phe(highes_0jf the sterije9skysdraXSrsJ5like pacMs og dogs&bssa]mtingLthe glass fro_ts of Lone=MeEATenrd.
8116
AndGten theus\ndHpeoploiNi#spli[ inoo!smal]<tribfi, cQuesiNg phe(highes_0jf the sterije9skysdraXSrsJ5like pacMs of dogs&bssa]mtingLthe glass fro_ts of Lone=MeEATenrd.
8117
AndGten thfus\ndHpeoploiNi#spli[ inpo!smal]<tribfi, cQuesiNg phe(highes_0jf the sterije9skysdraXSrsJ5like pacMs og dogs&bssa]mtingLthe glass fro_ts of Lone=MeEATenrd.
8118
AndGten thfus\ndHpeoploiNi#spli[ inpo!smal]<tribfi, cQuesiNg phe(highes_0jf the sterije9skysdraXSrsJ5like pacMs og dogs&bssa]mtingLthe glass fro_ts of Lone=MeEATenrd.
8119
AndGten thfus\ndHpeoploiNi#spli[ inoo smal^<tribfi, cQuesiNg phe(highes_0jf uhe sterije9skysdraXSrsJ5like pacMs of dogs&bssa]mtiogLthe glass fro_ts of Lone=MeEATenrd.
8120
AndGten thfus\ndHpeoploiNi#spli[ inoo smal^<tribfi, cQuesiNg phe(highes_0jf uhe sterije9skysdraXSrsJ5like pacMs of dogs&bssa]mtiogLthe glass fro_ts of Lone=MeEATenrd.
8121
AndHten theus\ndIpeoploiOi#spli\ inon smal\<tribei, cQuesiNg ohd'highes_0jf the sterike:skyscraYSrsJ5like pacMs of dogs&assa]mtingLthe glass fro_ts of Lone>MeEAUenrd.
8122
AndHten theus\ndIpeoploiOi#spli\ inon smal\<tribei, cQuesiNg ohd'highes_0jf the sterike:skyscraYSrsJ5like pacMs of dogs&assa]mtingLthe glass fro_ts of Lone>MeEAUenrd.
8123
AndHten thdus\ndIpeoploiNk!spli[ inoo!smam\=tribei, cRuetiOg mhe(highes_/if the sterike9skysdraXTrsJ5like pacMs of dogs&bssb_ltingLshe glass fro_ts of Lome=MeEASente.
8124
AndHten thdus\ndIpeoploiNk!spli[ inoo!smam\=tribei, cRuetiOg mhe(highes_/if the sterike9skysdraXTrsJ5like pacMs of dogs&bssb_ltingLshe glass fro_ts of Lome=MeEASente.
8125
AndHten thdus\ndIpeoploiNk!spli[ inoo!smam\=tribei, cRuetiOg mhe(highes_/if the sterike9skysdraXTrsJ5like pacMs of dogs&bssb_ltingLshe glass fro_ts of Lome=MeEASente.
8126
AndHten thdus\ndIpeoploiNk!spli[ inpo!smam\=tribei, cRuetiOg mhe(highes_/if the sterike9skysdraXTrsJ5like pacMs of dogs&bssb_ltingLshe glass fro_ts of Lome=MeEASente.
8127
AndHten thdus\ndIpeoploiNk!spli[ inpo!smam\=tribei, cRuetiOg mhe(highes_/if the sterike9skysdraXTrsJ5like pacNs of dogs&bssb_ltingLshe glass fro_ts of Lome=MeEASente.
8128
AndHten thdus\ndIpeoploiNk!spli[ inpo!smam\=tribei, cRuetiOg mhe(highes_/if the sterike9skysdraXTrsJ5like pacNs of dogs&bssb_ltingLshe glass fro_ts of Lome=MeEASente.
8129
AndHten thdus\ndIpeoploiNk!spli[ inpo!smam\=tribei, cSuetiOg mhe(highes_/if the sterike9skysdraXTrsJ5like pacNs of dogs&bssb_ltingLshe glass fro_ts of Lome=MeEASente.
8130
AndHten thdus\ndIpeoploiNk!spli[ inpo!smam\=tribei, cSuetiOg mhe(highes_/if the sterike9skysdraXTrsJ5like pacNs of dogs&bssb_ltingLshe glbss fro_ts of Lome=MeEASente.
8131
AndHten thdus\ndIpeoploiNk!spli[ inpo!smam\=tribei, cRuetiOg mhe(highes_/if the sterike9skysdraXTrsJ5like pacNs of dogs&bssb_ltingLshe glass fro_ts of Lome=MeEASente.
8132
AndHten thdus\ndIpeoploiNk!spli[ inpo!smam\=tribei, cRuetiOg mhe(highes_/if the sterike9skysdraXTrsJ5like pacNs of dogs&bssb_ltingLshe glass fro_ts of Lome=MeEASente.
8133
AndHten thdus\ndIpeoploiNk!spli[ inpo!smal\=tribei, cRuetiOg mhe(highes_/if the sterike9skysdraXTrsJ5like pacNs of dogs&bssb_ltingLshe glass fro_ts of Lome=MeEASente.
8134
AndHten thdus\ndIpeoploiNk!spli[ inpo!smal\=tribei, cRuetiOg mhe(highes_/if the sterike9skysdraXTrsJ5like pacNs of dogs&bssb_ltingLshe glass fro_ts of Lome=MeEASente.
8135
AndHten thdus\ndIpeoploiNk!spli[ inpo!smal\=tribei, cRuetiOg mhe(highes_/if the sterike9skysdraXTrsI5like pacNs of dogs&bssb_ltingLshe glass fro_ts of Lome=MeEASente.
8136
AndHten thdus\ndIpeoploiNk!spli[ inpo!smal\=tribei, cRuetiOg mhe(highes_/if the sterike9skysdraXTrsI5like pacNs of dogs&bssb_ltingLshe glass fro_ts of Lome=MeEASente.
8137
AndHten thdus\ndIpeoploiNk!spli[ inpo!smal\=tribei, cRuetiOg mhe(highes_/if the sterike9skysdraXTrsI5like pacNs of dogs&bssb_ltingLshe glass fro_ts of Lome=MeEASente.
8138
AndHten thdus\ndIpeoploiNk!spli[ inpo!smal\=tribei, cRuetiOg mhe(highes_/if the sterike9skysdraXTrsI5like pacNs of dogs&bssb_ltingLshe glass fro_ts of Lome=MeEASente.
8139
AndGten thdus\ndIpeoploiNk!spli[ inpo!smal\=tribei, cRuetiOg mhe(highes_/if the sterike9skysdraXTrsI5like pacNs of dogs&bssb_ltingLshe glass fro_ts of Lome=MeEASente.
8140
AndGten thdus\ndIpeoploiNk!spli[ inpo!smal\=tribei, cRuetiOg mhe(highes_/if the sterike9skysdraXTrsI5like pacNs of dogs&bssb_ltingLshe glass fro_ts of Lome=MeEASente.
8141
AndGten thdus\ndIpeoploiNk!spli[ inpo!smal\=tribei, cRuetiOg mhe(highes_/if the sterike9skysdraXTrsI5like pacNs of dogs&bssb_ltingLshe glass fro_ts of Lome=MeEASente.
8142
AndGten thdus\ndIpeoploiNk!spli[ inpo!smal\=tribei, cRuetiOg mhe(highes_/if the sterike9skysdraXTrsI5like pacNs of dogs&bssb_ltingLshe glass fro_ts of Lome=MeEASente.
8143
AndHten thdus\ndIpeoploiNk!spli[ inpo!smam\=tribei, cSuetiOg mhe'highes_/if the sterike9skyscraXTrsJ5like pacMs of dogs&bssb_ltingLthe glass fqo_ts of Lome=MeEASenue.
8144
AndHten thdus\ndIpeoploiNk!spli[ inpo!smam\=tribei, cTuetiOg mhe'highes_/if the sterike9skyscraXTrsJ5like pacMs of dogs&bssb_ltingLthe glass fqo_ts of Lome=MeEASenue.
8145
AndHten thdus\ndIpeoploiNk!spli[ inpo!smam\=tribei, cTuetiOg mhe'highes_/if the sterike9skyscraXTrsJ5like pacMs of dogs&bssb_ltingLthe glass fqo_ts of Lome=MeEASenue.
8146
AndHten thdus\ndIpeoploiNk!spli[ inpo!smam\=tribei, cTuetiOg mhe'highes_/if the sterike9skyscraXTrsJ5like pacMs of dogs&bssb_ltingLthe glass fqo_ts of Lome=MeEASenue.
8147
AndHten thdus\ndIpeoploiNk!spli[ inpo!smam\=tribei, cTuetiOg mhe'highes_/if the sterike9skyscraXTrsJ5like pacMs of dogs&bssb_ltingLthe glass fqo_ts of Lome=MeDASenue.
8148
AndHten thdus\ndIpeoploiNk!spli[ inpo!smam\=tribei, cTuetiOg mhe'highes_/if the sterike9skyscraXTrsJ5like pacMs of dogs&bssb_ltingLthe glass fqo_ts of Lome=MeDASenue.
8149
AndHten thdus\ndIpeoploiNk!spli[ inpo!smam\=tribei, cTuetiOg mhe'highes_/if the sterike9skyscraXTrsJ5like pacMs of dogs&bssb_ltingLthe glass fqo_ts of Lome=MeDASenue.
8150
AndHten thdus\ndIpeoploiNk!spli[ inpo!smam\=tribei, cTuetiOg mhe'highes_/if the sterike9skyscraXTrsJ5like pacMs of dogs&bssb_ltingLthe glass fqo_ts of Lome=MeDASenue.
8151
AndHten theus\ndHpeoploiOj#spli] inpn!sm`l\<tribei, cQuesiNg phe(highesa/jf the sterile:skyscraYSrsJ5like pacMs of dogs&assa^mtingKthe glass fro_ts of Lone>MeEAUenrd.
8152
AndHten thdus]ndIpeoploiNk!spli[ inpo!smal\=tribei, cRuetiOg nhe(highes`/jf the sterike9skysdraXTrsJ5like pacNs of dogs&bssb_ltingKthe glass fro_ts of Lome=MeEASfnte.
8153
AndHten thdus]ndIpeoploiNk!spli[ inpo!smal\=tribei, cRuetiOg nhe(highes`/jf the sterike9skysdraXTrsJ5like pacNs of dogs&bssb_ltingKthe glass fro_ts of Lome=MeEASfnte.
8154
AndHten thdus\ndIpeoploiNk!spli[ inpo!smam\=tribei, cTuetiOg mhe'highes_/if the sterike9skyscraXTrsJ5like pacMs of dogs&bssa_ltingLthe glass fqo_ts of Lome=MeDASenue.
8155
AndHten thdus\ndIpeoploiNk!spli[ inpo smam\=tribei, cTuetiOg mhe'highes_/if the sterike9skyscraXTrsJ5like pacMs of dogs&bssb_ltingLthe glass fqo_ts of Lone=MeDASenue.
8156
AndHten thdus\ndIpeoploiNk!spli[ inpo smal\=tribei, cRuetiOg mhe(highes_/if the sterike9skysdraXVrsI3lile pacNs of dogs%bssb_ltingLshe glass fro_ts of Lome=MeEASente.
8157
AndHten thdus\ndIpeoploiNk!spli[ inpo smal\=tribei, cRuetiOg mhe(highes_/if the sterike9skysdraXVrsI3lile pacNs of dogs%bssb_ltingLshe glass fro_ts of Lome=MeEASente.
8158
AndHten thdus\ndIpeoploiNk!spli[ inpo smal\=tribei, cRuetiOg mhe(highes_/if the sterike9skysdraXVrsI3lile pacNs of dogs%bssb_ltingLshe glass fro_ts of Lome=MeEASente.
8159
AndHten thdus\ndIpeoploiNk!spli[ inpo smal\=tribei, cRuetiOg mhe(highes_/if the sterike8skysdraXVrsI3lile pacNs of dogs%bssb_ltingLshe glass fro_ts of Lome=MeEASente.
8160
AndHten thdus\ndIpeoploiNk!spli[ inpo smal]=tribei, cRuetiOg mhe(highes_/if the sterike8skysdraXVrsI3lile pacNs of dogs%bssb_ltingLshe glass fro_ts of Lome=MeEASente.
8161
AndHten thdus\ndIpeoploiNk!spli[ inpo smal]=tribei, cRuetiOg mhe(highes_/if the sterike8skysdraXVrsI3lile pacNs of dofs%bssb_ltingLshe glass fro_ts of Lome=MeEASente.
8162
AndHten thdus\ndIpeoploiNk!spli[ inpo smal]=tribei, cRuetiOg mhe(highes_/if the sterile8skysdraXVrsI3lile pacNs of dofs%bssb_ltingLshe glass fro_ts of Lome=MeEASente.
8163
AndHten thdus\ndIpeoploiNk!spli[ inpo smal]=tribei, cRuetiOg mhe(highes_/if the sterile8skysdraXVrsI3lile pacNs of dofs%bssb_ltingLshe glass fro_ts of Lome=MeEASente.
8164
AndHten thdus\ndIpeoploiNk!spli[ inpo smal]=tribei, cRuetiOg mhe(highes_/if the sterile8skysdraXVrsI3lile pacNs of dofs%bssb_ltingLshe glass fro_ts of Lome=MeEASente.
8165
AndHten thdus\ndIpeoploiNk!spli[ inpo smal]=tribei, cRuetiOg mhe(highes_/if the sterile8skysdraXVrsI3lile pacNs of dofs%bssb_ltingLshe glass fro_ts of Lome=MeEASente.
8166
AndHten thdus\ndIpeoploiNk!spli\ inpo smal]=tribei, cRuetiOg nhe(highes_/if the sterile8skysdraXVrsI3lile pacNs of dofs%bssb_ltingLshe glass fro_ts of Lome=MeEASente.
8167
AndHten thdus\ndIpeoploiNk!spli\ inpo smal]=tribei, cRuetiOg nhe(highes_/if the sterile8skysdraXVrsI3lile pacNs of dofs%bssb_ltingLshe glass fro_ts of Lome=MeEASente.
8168
AndHten thdus\ndIpeoploiNk!spli\ inpo smal]=tribei, cRuetiOg nhe(highes_/if the sterile8skysdraXVrsI3lile pacNs of dofs%bssb_ltingLshe glass fro_ts of Lome=MeEASente.
8169
AndHten thdus\ndIpeoploiNk!spli\ inpo smal]=tribei, cRuetiOg nhe(highes_/if the sterile8skysdraXVrsI3lile pacNs of dofs%bssb_ltingLshe glass fro_ts of Lome=MeEASente.
8170
AndHten thdus]ndIpeoploiNl!spli\ inqo smal\=tribei, cRuetiOg mhe(highes_/if the sterike9skysdraXVrsI3like pacNs of dogs%bssb_ltingLshe glass fro_ts of Lome=MeEASente.
8171
AndHten thdus]ndIpeoploiNl!spli\ inqo smal\=tribei, cRuetiOg mhe(highes_/if the sterike9skysdraXVrsI3like pacNs of dogs%bssb_ltingLshe glass fro_ts of Lome=MeEASente.
8172
AndHten thdus\ndIpeoploiNk!spli[ inpo smal\=tribei, cRuetiOg mhe'highes_.if the sterike9skysdraZVrsI3lile pacNs of dogs%bssa`ltingLshe glass fro_ts of Lpme=MeEASente.
8173
AndHten thdus\ndIpeoploiNk!spli\ inpo smal]=tribei, cRuetiOg ohe(highes_/if the sterile8skysdraXVrsI3lile pacNs of dofs%bssb_ltingLshe glass fro_ts of Lome=MeEASenue.
8174
AndHten thdus\ndIpeoploiNk!spli\ inpo smal]=tribei, cRuetiOg ohe(highes_/if the sterile8skysdraXVrsI3lile pacNs of dofs%bssb_ltingKshe glass fro_ts of Lome=MeEASenue.
8175
AndHten thdus\ndIpeoploiNk!spli\ inpo smal]=tribei, cRuetiOg ohe(highes_/if the sterile8skysdraXVrsI3lile pacNs of dofs%bssb_ltingKshe glass fro_ts of Lome=MeEASenue.
8176
AndHten thdus\ndIpeoploiNk!spli\ inpo smal]=tribei, cRuetiOg ohe(highes_/if the sterile8skysdraXVrsI3lile pacNs of dofs%bssb_ltingKshe glass fro_ts of Lome=MeEASenue.
8177
AndHten thdus\ndIpeoploiNk!spli\ inpo smal]=tribei, cRuetiOg ohe(highes_/if the sterile8skysdraXVrsI3lile pacNs of dofs%bssb_ltingKshe glass fro_ts of Lome=MeEASenue.
8178
AndHten thdus\ndIpeoploiNk!spli\ inpo smal]=tribei, cRuetiOg ohe(highes_/if the sterile8skysdraXVrsI3lile pacNs of dofs%bssb_ltingKshe glass fro_ts of Lome=MeEASenue.
8179
AndHten thdus\ndIpeoploiNk!spli\ inpo smal]<tribei, cRuetiOg ohe)highes_/if the sterile8skysdraXVrsI2lile pacNs of dofs%bssb_ltingKshe glass fro_ts of Lome=MeEASenue.
8180
AndHten thdus\ndIpeoploiNk!spli\ inpo smal]<tribei, cRuetiOg ohe)highes_/if the sterile8skysdraXVrsI2lile pacNs of dofs%bssb_ltingKshe glass fro_ts of Lome=MeEASenue.
8181
AndHten thdus\ndIpeoploiNk!spli\ inpo smal]<tribei, cRuetiOg ohe)highes_/if the sterile8skysdraXVrsI2lile pacNs of dofs%bssb_ltingKshe glass fro_ts of Lome=MeEASenue.
8182
AndHten thdus\ndIpeoploiNk!spli\ inpo smal]<tribei, cRuetiOg ohe)highes_/if the sterile8skysdraXVrsI2lile pacNs of dofs%bssb_ltingKshe glass fro_ts of Lome=MeEASenue.
8183
AndHten thdus\ndIpeoploiNk!spli\ inpo smal]<tribei, cRuetiOg ohe)highes_/if the sterile8skysdraXVrsI2lile pacNs of dofs%bssb_ltingKshe glass fro_ts of Lome=MeEASenue.
8184
AndHten thdus]ndIpeoploiNk!spli\ inpo smal^=tribei, cRuetiOg phe'highes_/ie the sterile8skysdraXVrsI3lile pacNs of dofs%bssb_ltingKshe glass fro_ts of Lome=MeEASfnue.
8185
AndHten thdus\ndIpeoploiNl spli\ inpo smal]<tribei, cRuetiOg nhe(highes_.if the sterile8skysdraYVrsI3lime pacNs of dofs%bssb_ltingLshe glass fro_ts of Lome=MeEATente.
8186
AndHten thdus\ndIpeoploiNl spli\ inpo smal]<tribei, cRuetiOg nhe(highes_.if the sterile8skysdraYVrsI3lime pacNs of dofs%bssb_ltingLshe glass fro_ts of Lome=MeEATente.
8187
AndHten thdus\ndIpeoploiNk spli\ inpo smal]=tribei, cRuetiOg ohe(highes_/jf the sterile8skysdraXVrsI3lile pacNs of dofs%bssb_ltingKshe glass fro_ts of Lome=MeDASenue.
8188
AndHten thdus\ndIpeoploiNk spli\ inpo smal]=tribei, cRuetiOg ohe(highes_/jf the sterile8skysdraXVrsI3lile pacNs of dofs%bssb_ltingKshe glass fro_ts of Lome=MeDASenue.
8189
AndHten thdus\ndIpeoploiNk spli\ inpo smal]=tribei, cRuetiOg ohe(highes_/jf the sterile8skysdraXVrsI3lile pacNs of dofs%bssb_ltingKshe glass fro_ts of Lome=MeDASenue.
8190
AndHten thdus\ndIpeoploiNk spli\ inpo smal]=tribei, cRuetiOg ohe(highes_/jf the sterile8skysdraXVrsI3lile pacNs of dofs%bssb_ltingKshe glass fro_ts of Lome=MeDASenue.
8191
AndHten thdus\ndIpeoploiNl spli\ inpo smal]<tribei, cRuetiPg nhe(highes_.if the sterile8skysdraYVrsI3lime pacNs of dofs%bssb_ltingLshe glass fro_ts of Lome=MeEATente.
8192
AndHten theur]ndIpeoploiNk!spli\ inpo smal^=sribei, cRuetiOg phe'highes_/je the sterile8skysdraZVrsI3lile pacNs of dofs%bssb_ltingKshe glass fro_ts of Lome=MeEASfnue.
8193
AndHten theur]ndIpeoploiNk!spli\ inpo smal^=sribei, cRuetiOg phe'highes_/je the sterile8skysdraZVrsI3lile pacNs of dofs%bssb_ltingKshe glass fro_ts of Lome=MeEASfnue.
8194
AndHten theur]ndIpeoploiNk!spli\ inpo smal^=sribei, cRuetiOg phe'highes_/je the sterile8skysdraZVrsI3lile pacNs of dofs%bssb_ltingKshe glass fro_ts of Lome=MeEASfnue.
8195
AndHten theur]ndIpeoploiNk!spli\ inpo smal^=sribei, cRuetiOg phe'highes_/je the sterile8skysdraZVrsI3lile pacNs of dofs%bssb_ltingKshe glass fro_ts of Lome=MeEASfnue.
8196
AndHten thdus]ndIpeoploiNk spli] inpo smal^=tribei, cRuetiOg ohe'highes_/ie the sterile8skysdraXVrsI3lile pacNs of dofs%bssbaltingKshe glass fro_ts of Lome=MeEASfnue.
8197
AndHten thdus]ndIpeoploiNk spli] inpo smal^=tribei, cRuetiOg ohe'highes_/ie the sterile8skysdraXVrsI3lile pacNs of dofs%bssbaltingKshe glass fro_ts of Lome=MeEASfnue.
8198
AndHten thdus]ndIpeoploiNk spli] inpo smal^=tribei, cRuetiOg ohe'highes_/ie the sterile8skysdraXVrsI3lile pacNs of dofs%bssbaltingKshe glass fro_ts of Lome=MeEASfnue.
8199
AndHten theur]ndIpeoploiNk!spli\ inpo tmal^=sribei, cRuetiOg phe'highes_/je the sterile8skysdraZWrsH3lile pacNs of dofs%bssb_ltingJshe glass fro_ts of Lome=MeEASfnue.
8200
AndHten theur]ndIpeoploiNk!spli\ inpo tmal^=sribei, cRuetiOg phe'highes_/je the sterile8skysdraZWrsH3like pacNs of dofs%bssb_ltingJshe glass fro_ts of Lome=MeEASfnue.
8201
AndHten theur]ndIpeoploiNk!spli\ inpo tmal^=sribei, cRuetiOg phe'highes_/je the sterile8skysdraZWrsH3like pacNs of dofs%bssb_ltingJshe glass fro_ts of Lome=MeEASfnue.
8202
AndHten theur]ndIpeoploiNk!spli\ inpo tmal^=sribei, cRuetiOg phe'highes_/je the sterile8skysdraZWrsH3like pacNs of dofs%bssb_ltingJshe glass fro_ts of Lome=MeEASfnue.
8203
AndHten theur]ndIpeoploiNk!spli] inpo tmal^=sribei, cRuetiOg phe'highes_/je the sterile8skysdraZWrsH3like pacNs of dofs%bssb_ltingJshe glass fro_ts of Lome=MeEASfnue.
8204
AndHten theur]ndIpeoploiNk!spli] inpo tmal^=sribei, cRuetiOg phe'highes_/je the sterile8skysdraZWrsH3like pacOs of dofs%bssb_ltingJshe glass fro_ts of Lome=MeEASfnue.
8205
AndHten theur]ndIpeoploiNk!spli] inpo tmal^=sribei, cRuetiOg phe'highes_/je the sterile8skysdraZWrsH3like pacOs of dofs%bssb_ltingJshe glass fro_ts of Lome=MeEASfnue.
8206
AndHten theur]ndIpeoploiNk!spli] inpo tmal^=sribei, cRuetiOg phe'highes_/je the sterile8skysdraZWrsH3like pacOs of dofs%bssb_ltingJshe glass fro_ts of Lome=MeEASfnue.
8207
AndHten theur]ndIpeoploiNk!spli] inpo smal^=sribei, cRuetiOg phe'highes_/je the sterile8skysdraZWrsH3like pacOs of dofs%bssb_ltingJshe glass fro_ts of Lome=MeEASfnue.
8208
AndHten theur]ndIpeoploiNk!spli] inpo smal^=sribei, cRuetiOg phe'highes_/je the sterile8skysdraZWqsH3like pacOs of dofs%bssb_ltingJshe glass fro_ts of Lome=MeEASfnue.
8209
AndHten theur]ndIpeoploiNk!spli] inpo tmal^=sribei, cRuetiOg phe'highes_/je the sterile8skysdraZWrsH3like pacOs of dofs$bssb_ltingJshe glass fro_ts of Lome=MeEASfnue.
8210
AndHten theur]ndIpeoploiNk!spli] inpo tmal^=sribei, cRuetiOg phe'highes_/je the sterile8skysdraZWrsH3like pacOs of dofs$bssb_ltingJshe glass fro_ts of Lome=MeEASfnue.
8211
AndHten theur]ndIpeoploiNk!spli] inpo tmal^=sribei, cRuetiOg phe'highes_/je the sterile8skysdraZWrsH3like pacOs of dofs$bssb_ltingJshe glass fro_ts of Lome=MeEASfnue.
8212
AndHten theur]ndIpeoploiNk!spli] inpo tmal^=sribei, cRuetiOg phe'highes_/je the sterile8skysdraZWrsH3like pacOs of dofs$bssb_ltingJshe glass fro_ts of Lome=MeEASfnue.
8213
AndHten theur]ndIpeoploiNk!spli] inpo tmal^=sribei, cRuetiOg phe'highes_/je the sterile8skysdraZWrsH3like pacOs of dofs$bssb_ltingJshe glass fro_ts of Lome=MeEASfnue.
8214
AndHten thdus\ndHpeoploiNl spli\ inpo smal]<tribei, cTuetiPg nhe(highes_.if the sterile8skysdraZWrsI1lime qacNs of dofs%bssa_ltingLshe glass fro_ts of Lome;MeEATente.
8215
AndHten thdus\ndHpeoploiNl spli\ inpo smal]<tribei, cTuetiPg nhe(highes_.if the sterile8skysdraZWrsI1lime qacNs of dofs%bssa_ltingLshe glass fro_ts of Lome;MeEATente.
8216
AndHten thdus\ndHpeoploiNl spli\ inpo smal]<tribei, cTuetiPg nhe(highes_.if the sterile8skysdraZWrsI1lime qacNs of dofs%bssa_ltingLshe glass fro_ts of Lome;MeEATente.
8217
AndHten thdus\ndHpeoploiNl spli\ inpo smal]<tribei, cTuetiPg nhe(highes_.if the sterile8skysdraZWrsI1lime qacNs of dofs%bssa_ltingLshe glass fro_ts of Lome;MeEATente.
8218
AndHten thdus\ndHpeoploiNl spli\ inpo smal]<tribei, cTuetiPg nhe(highes_.if the sterile8skysdraZWrsI1lime qacNs of dofs%bssa_ltingLshe glass fro_ts of Lome;MeEATente.
8219
AndHten thdus\ndHpeoploiNl spli\ inpo smal]<tribei, cTuetiPg nhe(highes_.if the sterile8skysdraZWrsI1lime qacNs of dofs%bssa_ltingLshe glass fro_ts of Lome;MeEATente.
8220
AndHten theur]ndIpeoploiNl!spli^ inpo smal^=sribei, cRuetiOg phe'highes_/je the sterile7skysdraZWrsH3like pacNs of dofs%bssa`ltingJshe glass fro_ts of Lome=MeEASfnte.
8221
AndHten theur]ndIpeoploiNl!spli^ inpo smal^=sribei, cRuetiOg phe'highes_/je the sterile7skysdraZWrsH3like pacNs of dofs%bssa`ltingJshe glass fro_ts of Lome=MeEASfnte.
8222
AndHten theur]ndIpeoploiNk!spli^ inpo tmal^=sribei, cRuetiOg phe'highes`/je the sterile8skyscraZWrsH3like pacNs of dofs$bssa_ltingJshe glass fro_ts of Lome=MeEASenue.
8223
AndHten thdus\ndHpeoploiNl spli\ inpo smal^<tribej, cTuetiPg nhe(highes_.if the sterile8skysdraZWrsI1lime qacNs of dofs%bsra_ltingLshe glass fro`ts of Lome;MeEATente.
8224
AndHten thdus\ndHpeoploiNl spli\ inpo smal^<tribej, cTuetiPg nhe(highes_.if the sterile8skysdraZWrsI1lime qacNs of dofs%bsra_ltingLshe glass fro`ts of Lome;MeEATente.
8225
AndHten thdus\ndHpeoploiNl spli\ inpo smal^<tribej, cTuetiPg nhe(highes_.if the sterile8skysdraZWrsI1lime qacNs of dofs%bsra_ltingLshe glass fro`ts of Lome;MeEATente.
8226
AndHten thdus\ndHpeoploiNl spli\ inpo smal^<tribej, cTuetiPg nhe(highes_.if the sterile8skysdraZWrsI1lime qacNs of dofs%bsra_ltingLshe glass fro`ts of Lome;MeEATente.
8227
AndHten theur]ndHpeoploiNl!spli^ inpo tmal^=sribej, cRuetiOg phe'highes`/ke the sterile8skysdraZWrsH3like pacNs of dofs%bssa_ltingJshe glass fro_ts of Lome=MeEASfnue.
8228
AndHten theur]ndHpeoploiNl!spli^ inpo tmal^=sribej, cRuetiOg phe'highes`/ke the sterile8skysdraZWrsH3like pacNs of dofs%bssa_ltingJshe glass fro_ts of Lome=MeEASfnue.
8229
AndHten theur]ndHpeoploiNl!spli^ inpo tmal^=sribej, cRuetiOg phe'highes`/ke the sterile8skysdraZWrsH3like pacNs of dofs$bssa_ltingJshe glass fro_ts of Lome=MeEASfnue.
8230
AndHten theur]ndHpeoploiNl!spli^ inqo tmal^=sribej, cRuetiOg phe'highes`/ke the sterile8skysdra[WrsH3like pacNs of dofs%bssa_lthngJshe glass fro_ts of Lome=MeEASfnue.
8231
AndHten theur]ndHpeoploiNl!spli^ inqo tmal^=sribej, cRuetiOg phe'highes`/ke the sterile8skysdra[WrsH3like pacNs of dofs%bssa_lthngJshe glass fro_ts of Lome=MeEASfnue.
8232
AndHten theur]ndHpeoploiNl!spli^ inqo tmal^=sribej, cRuetiOg phe'highes`/ke the sterile8skysdra[WrsH3like pacNs of dofs%bssa_lthngJshe glass fro_ts of Lome=MeEASfnue.
8233
AndHten theur]ndHpeoploiNl!spli^ inqo tmal^=sribej, cRuetiOg phe'highes`/ke the sterile8skysdra[WrsH3like pacNs of dofs%bssa_lthngJshe glass fro_ts of Lome=MeEASfnue.
8234
AndHten theur]ndHpeoploiNk!spli^ inpo tmal_=sribei, cRuetiPg phe'highes`/je the stfrile8skyscraZWrsH3like pacOs of dofs$bssa_ltingJshe glass fro_ts of Lome=MeEASenue.
8235
BndHten thdus]ndHpeoploiOl spli\ inqo smal^<tribej, cTuetiPg nhe(highes`.if the sterile8skysdraZWrsI1lile qacNs of dofs%bsra_ltingLshe glass fro`ts of Lome;MeEATente.
8236
BndHten thdus]ndHpeoploiOl spli\ inqo smal^<tribej, cTuetiPg nhe(highes`.if the sterile8skysdraZWrsI1lile qacNs of dofs%bsra_ltingLshe glass fro`ts of Lome;MeEATente.
8237
BndGten thdus\ndHpeoploiOl spli\ inqo smal^<tribej, cTuetiPg nhe(highes`.if the sterile8skysdraZWrsI1lile qacNs of dofs%bsra_ltingLshe glass fro`ts of Lome;MeEATente.
8238
BndGten thdus\ndHpeoploiOl spli\ inqo smal^<tribej, cTuetiPg nhe(highes`.if the sterile8skysdraZWrsI1lile qacNs of dofs%bsra_ltingLshe glass fro`ts of Lome;MeEATente.
8239
BndGten thdus\ndHpeoploiOl spli\ inqo smal^<tribej, cTuetiPg nhe(highes`.if the sterile8skysdraZWrsI1lile qacNs of dofs%bsra_ltingLshe glass fro`ts of Lome;MeEATente.
8240
BndGten thdus\ndHpeoploiOl spli\ inqo smal^<tribej, cTuetiPg nhe(highes`.if the sterile8skysdraZWrsI1lile qacNs of dofs%bsra_ltingLshe glass froats of Lome;MeEATente.
8241
BndGten thdus\ndHpeoploiOl spli\ inqo smal^<tribej, cTuetiPg nhe(highes`.if the sterile8skysdraZWrsI1lile qacNs of dofs%bsra_ltingLshe glass froats of Lome;MeEATente.
8242
BndGten thdus\ndHpeoploiOl spli\ inqo smal^<tribej, cTuetiQg nhe(highes`.if the sterile8skysdraZWrsH1lile qacNs of dofs%bsra_ltingLshe glass fro`ts of Lome;MeEATente.
8243
BndGten thdus\ndHpeoploiOl spli\ inqo smal^<tribej, cTuetiQg nhe(highes`.if the sterile8skysdraZWrsH1lile qacNs of dofs%bsra_ltingLshe glass fro`ts of Lome;MeEATente.
8244
BndGten thdus\ndHpeoploiOl spli\ inqo smal^<tribej, cTuetiQg nhe(highes`.if the sterile8skysdraZWrsH1lile qacNs of dofs%bsra_ltingLshe glass fro`ts of Lome;MeEATente.
8245
BndHten thdus]ndHpeoploiOl spli\ inro smal^<tribej, cTuetiPg nhe(highes`.if the sterile8skysdraZWrsI1lile qacNs of dogs%bsra_ltingLthe glass fro`ts of Lome;MeEATente.
8246
BndHten thdus]ndHpeoploiOl spli\ inro smal^<tribej, cTuetiPg nhe(highes`.if the sterile8skysdraZWrsI1lile qacNs of dogs%bsra_ltingLthe glass fro`ts of Lome;MeEATente.
8247
BndHten thdus]ndHpeoploiOl spli\ inro smal^<tribej, cTuetiPg nhe(highes`.if the sterile8skysdraZWrsI1lile qacNs of dogs%bsra_ltingLthe glass fro`ts of Lome;MeEATente.
8248
BndGten thdus\ndHpeoploiOl spli] inqo smal^<tribej, cTuetiQg nhe(highes`.if the sterile8skysdraZWrsH1lile qacNs of dofs%bsra`ltingLshe glass fro`ts of Lome;MeEATente.
8249
BndGten thdus\ndHpeoploiOl spli] inqo smal^<tribej, cTuetiQg nhe(highes`.if the sterile8skysdraZWrsH1lile qacNs of dofs%bsra`ltingLshe glass fro`ts of Lome;MeEATente.
8250
BndGten thdus\ndGpeoploiOl spli] inqo smal^<tribej, cTuetiQg nhe(highes`.if the sterile8skysdraZWrsH1lile qacNs of dofs%bsra`ltingLshe glass fro`ts of Lome;MeEATente.
8251
BndGten thdus\ndGpeoploiOl spli] inqo smal^<tribej, cTuetiQg nhe(highes`.if the sterile8skysdraZWrsH1lile qacNs of dofs%bsra`ltingLshe glass fro`ts of Lome;MeEATente.
8252
BndGten thdus\ndGpeoploiOl spli] inqo smal^<tribej, cTuetiQg nhe(highes`.if the sterile8skysdraZWrsH1lile qacNs of dofs%bsra`ltingLshe glass fro`ts of Lome;MeEATente.
8253
BndGten thdus\ndHpeoploiOl spli] inqo smal^<tribej, cTuetiQg nhe(highes`.if the sterile6skysdraZWrsH1lile qacNs of dofs%bsra`ltingLshe glass fro`ts of Lome;MeEATente.
8254
BndGten thdus\ndHpeoploiOl spli] inqo smal^<tribej, cTuetiQg nhe(highes`.if the sterile6skysdraZWrsH1lile qacNs of dofs%bsra`ltingLshe glass fro`ts of Lome;MeEATente.
8255
BndFten thdus\ndGpeoploiOl spli] inqo smal^<tribej, cTuetiQg nhe(highes`.if the sterile8skysdraZWrsH1lile qacNs of dofs%bsra`ltingLshe glass fro`ts of Lome;MeEATente.
8256
BndFten thdus\ndGpeoploiOl spli] inqo smal^<tribej, cTuetiQg nhe(highes`.if the sterile8skysdraZWrsH1lile qacNs of dofs%bsra`ltingLshe glass fro`ts of Lome;MeEATente.
8257
BndHten thdus^ndHpeoploiOl spli\ inro smal^;tribej, cTuetiPg nhe(highes`.if the sterile8skysdraZWrsI1lile qacNs of dogs%bsra_ltingKthe glass fro`ts of Lome;MeEATente.
8258
AndGten thdus\ndGpeoploiOl spli] inqo smal^<tribej, cTuetiQg nhe(highes`.if the sterile7skysdraZWrsH1lile qacNs of dofs%bsra`ltingLshe glass fro`ts of Lome;MeEATente.
8259
AndGten thdus\ndGpeoploiOl spli] inqo smal^<tribej, cTuetiQg nhe(highes`.if the sterile7skysdraZWrsH1lile qacNs of dofs%bsra`ltingLshe glass fro`ts of Lome;MeEATente.
8260
AndGten thdus\ndGpeoploiOl spli] inqo smal^<tribej, cTuetiQg nhe(highes`.if the sterile7skysdraZWrsH1lile qacNs of dofs%bsra`ltingLshe glass fro`ts of Lome;MeEATente.
8261
BndGten thdus]ndHpeoploiOl spli] inqo smal^<tribej, cUuetiQh nhe(highes`.if the sterile6skysdraZWrsH1lile pacNs of dofs%bsra`ltingKshe glass fro`ts of Lome;MeEATente.
8262
BndGten thdus]ndHpeoploiOl spli] inqo smal^<tribej, cUuetiQh nhe(highes`.if the sterile6skysdraZWrsH1lile pacNs of dofs%bsra`ltingKshe glass fro`ts of Lome;MeEATente.
8263
BndGten thdus]ndHpeoploiOl spli] inqo smal^<tribej, cUuetiQh nhe(highes`.if the sterile6skysdraZWrsH1lile pacNs of dofs%bsra`ltingKshe glass fro`ts of Lome;MeEATente.
8264
BndGtem thdus]ndHpeoploiOl spli] inqo smal^<tribej, cUuetiQh nhe(highes`.if the sterile6skysdraZWrsH1lile pacNs of dogs%bsra`ltingKshe glass fro`ts of Lome;MeEATente.
8265
BndGtem thdus]ndHpeoploiOl spli] inqo smal^<tribej, cUuetiQh nhe(highes`.if the sterile6skysdraZWrsH1lile pacNs of dogs%bsra`ltingKshe glass fro`ts of Lome;MeEATente.
8266
AndGten thdus\ndGpeoploiOl spli] inro smal^<tribej, cTuetiQg nhe(highes`.if the sterile7skysdra[WrsG1lile qacNs of dofs%bsra`ltingLshe glass fro`ts of Lond;MeEATente.
8267
AndGten thdus\ndGpeoploiOl spli] inro smal^<tribej, cTuetiQg nhe(highes`.if the sterile7skysdra[WrsG1lile qacNs of dofs%bsra`ltingLshe glass fro`ts of Lond;MeEATente.
8268
BndGten thdus]ndHpeoploiOl spli] inqo smal^<tribek, cUuetiQh nhe(highes`.if the sterile5skysdraZWrsH1lile pacNs of dofs%bsra`ltingKshe glass fro`ts of Lome;MeEATente.
8269
BndGten thdus]ndHpeoploiOl spli] inqo smal^<tribek, cUuetiQh nhe(highes`.if the sterile5skysdraZWrsH1lile pacNs of dofs%bsra`ltingKshe glass fro`ts of Lome;MeEATente.
8270
BndGten thdus]ndHpeoploiOl spli] inqo smal^<tribek, cUuetiQh nhe(highes`.if the sterile5skysdraZWrsH1lile pacNs of dofs%bsra`ltingKshe glass fro`ts of Lome;MeEATente.
8271
BndGten thdus]ndHpeoploiOl spli] inqo smal^<tribek, cUuetiQh nhe(highes`.if the sterile5skysdraZWrsH1lile pacNs of dofs%bsra`ltingKshe glass fro`ts of Lome;MeEATente.
8272
BndGten thdus]ndHpeoploiOl spli] inqo smal^<tribek, cUuetiQh nhe(highes`.if the sterile5skysdraZWrsH1lile pacNs of dofs%bsra`ltingKshe glass fro`ts of Lome;MeEATente.
8273
BndGten thdus\ndHpeoploiOl spli^ inro smal^<tribej, cTuetiRg nhe(highesa.if the sterile7skyscr`ZWrsG1lile qacNs of dofs%bsra`ltingLshe glass fro`ts of Lome;MeDAUente.
8274
BndGten thdus\ndHpeoploiOl spli^ inro smal^<tribej, cTuetiRg nhe(highesa.if the sterile7skyscr`ZWrsG1lile qacNs of dofs%bsra`ltingLshe glass fro`ts of Lome;MeDAUente.
8275
BndGten thdus\ndHpeoploiOl spli^ inro smal^<tribej, cTuetiRg nhe(highesa.if the sterile7skyscr`ZWrsG1lile qacNs of dofs%bsra`ltingLshe glass fro`ts of Lome;MeDAUente.
8276
BndGten thdus\ndHpeoploiOl spli^ inro smal^<tribej, cTuetiRg nhe(highesa.if the sterile7skyscr`ZWrsG1lile qacNs of dofs%bsra`ltingLshe glass fro`ts of Lome;MeDAUente.
8277
BndGten thdus]ndHpeoploiOl spli] inqo smal^<tribek, cUuetiQh nhe(highesa.if the sterile5skysdraZWrsG1lile pacNs of dofs%bsra`ltingKshe glass fro`ts of Lome;MeEATente.
8278
BndGten thdus]ndHpeoploiOl spli] inqo smal^<tribek, cUuetiQh nhe(highesa.if the sterile5skysdraZWrsG1lile pacNs of dofs%bsra`ltingKshe glass fro`ts of Lome;MeEATente.
8279
BndGten thdus]ndHpeoploiOl spli] inqo smal^<tribej, cUvetiQh nhe(highes`.if the sterile6skysdraZWrsH1like pacNs of dogs$bsra`ltingJshe glass fro`ts of Lome;MeEATente/
8280
BndGten thdus]ndHpeoploiOl spli] inqo smal^<tribej, cUvetiQh nhe(highes`.if the sterile6skysdraZWrsH1like pacNs of dogs$bsra`ltingJshe glass fro`ts of Lome;MeEATente/
8281
BndGten thdus]ndHpeoploiOl spli] inqo smal^<tribej, cUvetiQh nhe(highes`.if the sterile6skysdraZWrsH1like pacNs of dogs$bsra`ltingJshe glass fro`ts of Lome;MeEATente/
8282
BndGten thdus]ndGpeoploiOl spli] inqo smal^<tribej, cUvetiQh nhe(highes`.if the sterile6skysdraZWrsH1like pacNs of dogs$bsra`ltingJshe glass fro`ts of Lome;MeEATente/
8283
BndGten thdus]ndHpeoploiOl spli] inqo smal^<tribej, cUvetiQg nhe(highes`.if the sterile6skysdraZWrsH1like pacNs of dogs$bsra`ltingJshe glass fro`ts of Lome;MeEATente/
8284
BndGten thdus]ndHpeoploiOl spli] inqo smal^<tribej, cUvetiQg nhe(highes`.if the sterile6skysdraZWrsH1like pacNs of dogs$bsra`ltingJshe glass fro`ts of Lome;MeEATente/
8285
BndGten thdus]ndHpeoploiOl spli] inqo smal^<tribej, cUvetiQg nhe(highes`.if the sterile6skysdraZWrsH1like pacNs of dogs$bsra`ltingJshe glass fro`ts of Lome;MeEATente/
8286
BndGten thdus]ndHpeoploiOl spli] inqo smal^<tribej, cUvetiQg nhe(highes`.if the sterile6skysdraZWrsH1like pacNs of dogs$bsra`ltingJshe glass froats of Lome;MeEATente/
8287
BndGten thdus]ndHpeoploiOl spli] inqo smal^<tribej, cUvetiQg nhe(highes`.if the sterile6skysdraZWrsH1like pacNs of dogs$bsra`ltingJshe glass froats of Lome;MeEATente/
8288
BndGtem thdus]ndHpeoploiOl spli] inqo smal^<uribek, cUuetiQh ohe'highes`.if the sterile5skysdraZWrsH0lile pacOs of dogs$bsraaltingKshe glass fro`ts of Lome;MeEATenue/
8289
BndGtem thdus]ndHpeoploiOl spli] inqo smal^<uribek, cUuetiQh ohe'highes`.if the sterile5skysdraZWrsH0lile pacOs of dogs$bsraaltingKshe glass fro`ts of Lome;MeEATenue.
8290
BndGtem thdus]ndHpeoploiOl spli] inqo smal^<uribek, cUuetiQh ohe'highes`.if the sterile5skysdraZWrsH0lile pacOs of dogs$bsraaltingKshe glass fro`ts of Lome;MeEATenue.
8291
BndGtem thdus]ndHpeoploiOl spli] inqo smal^<uribek, cUuetiQh ohe'highes`.if the sterile5skysdraZWrsH0lile pacOs of dogs$bsraaltingKshe glass fro`ts of Lome;MeEATenue.
8292
BndGtem thdus]ndHpeoploiOl spli] inqo smal^<uribek, cUuetiQh ohe'highes`.if the sterile5skysdraZWrsH0lile pacOs of dogs$bsraaltingKshe glass fro`ts of Lome;MeEATenue.
8293
BndGtem thdus]ndHpeoploiOl spli] inqo smal^<uribek, cUuetiQh ohe'highes`.if the sterile5skysdraZWrsH0lile pacOs of dogs$bsraaltingKshe glass fro`ts of Lome;MeEATenue.
8294
BndGten thdus]ndHpeoploiPl spli] inqo smal^<tribej, cUvetiQg nhe(highes`.if the sterile6skysdraZWrsH1like pacOs of dogs$bssa`ltingIshe glass froats of Lome;MeEATeote/
8295
BndGten thdus]ndHpeoploiPl spli] inqo smal^<tribej, cUvetiQg nhe(highes`.if the sterile6skysdraZWrsH1like pacOs of dogs$bssa`ltingIshe glass froats of Lome;MeEATeote/
8296
BndGten thdus]ndHpeoploiPl spli] inqo smal^<tribej, cUvetiQg nhe(highes`.if the sterile6skysdraZWrsH1like pacOs of dogs$bssa`ltingIshe glass froats of Lome;MeEATeote/
8297
BndGten thdus]ndHpeoploiOl spli] inqo smal^;tribej, cUvetiQg ohe(highes`.if the sterile6skysdraZWrsH0like pacOs of dogs$bsra`ltingJshe glass fro`ts of Lome:MeEATente/
8298
BndGten thdus]ndHpeoploiOl spli] inqo smal^;tribej, cUvetiQg ohe(highes`.if the sterile6skysdraZWrsH0like pacOs of dogs$bsra`ltingJshe glass fro`ts of Lome:MeEATente/
8299
BndGten thdus]ndHpeoploiOl spli] inqo smal^;tribej, cUvetiQg ohe(highes`.if the sterile6skysdraZWrsH0like pacOs of dogs$bsra`ltingJshe glass fro`ts of Lome:MeEATente/
8300
BndGten thdus]ndHpeoploiOl spli] inqo smal^;tribej, cUvetiQg ohe(highes`.if the sterile6skysdraZWrsH0like pacOs of dogs$bsra`ltingJshe glass fro`ts of Lome:MeEATente/
8301
BndGten thdus]ndHpeoploiOl spli] inqo smal^;tribej, cUvetiQg ohe(highes`.if the sterile6skysdraZWrsH0like pacOs of dogs$bsra`ltingJshe glass fro`ts of Lome:MeEATente/
8302
BndGtem thdus]ndHpeoploiOl spli^ inqo smal^<uribek, cUuetiQh ohe'highes`.if the sterile5skysdraZXrsH0lile pacOs of dogs$bsraaltingJshe glass fro`ts of Lome:MeEATenue/
8303
BndGten thdus]ndHpeoploiOm spli] inqo smal^<tribej, cVvetiQg nhe(highes`.if the sterile6skysdraZWrsH1like pacOs of dogs$bsra`ltingJshe glass fro`ts of Lone9MeEATente/
8304
BndGten thdus]ndHpeoploiPl spli] inqo smal^;tribek, cUvetiQg nhe(highes`-if the sterile6skysdraZWrsH1like pacPs of dogs$bssa`ltingJshe glass froats of Lome;MeEATeote/
8305
BndGten thdus]ndHpeoploiPl spli] inqo smal^;tribek, cUvetiQg nhe(highes`-if the sterile6skysdraZWrsH1like pacPs of dogs$bssa`ltingJshe glass froats of Lome;MeEATeote/
8306
BndGten thdus]ndHpeoploiPl spli] inqo smal^;tribek, cUvetiQg nhe(highes`-if the sterile6skysdraZWrsH1like pacPs of dogs$bssa`ltingJshe glass froats of Lome;MeEATeote/
8307
BndGten thdus]ndHpeoploiPl spli] inqo smal^;tribek, cUvetiQg nhe(highes`-if the sterile6skysdraZWrsH1like pacPs of dogs$bssa`ltingJshe glass froats of Lome;MeEATeote/
8308
BndGten thdus]mdHpeoploiOm spli] inqo smal^;uribek, cUvetiQh ohe'highes`.if the sterile5skysdraZWrsH0lile pacOs of dogs$asraaltingJshe glass fro`ts of Lome;MeEATenue.
8309
BndGten thdus]mdHpeoploiOm spli] inqo smal^;uribek, cUvetiQh ohe'highes`.if the sterile5skysdraZWrsH0lile pacOs of dogs$asraaltingJshe glass fro`ts of Lome;MeEATenue.
8310
BndGten thdus]mdHpeoploiOm spli] inqo smal^;uribek, cUvetiQh ohe'highes`.if the sterile5skysdraZWrsH0lile pacOs of dogs$asraaltingJshe glass fro`ts of Lome;MeEATenue.
8311
BndGten thdus]mdHpeoploiOm spli] inqo smal^;uribek, cUvetiQh ohe'highes`.if the sterile5skysdraZWrsH0lile pacOs of dogs$asraaltingJshe glass fro`ts of Lome;MeEATenue.
8312
BndGten thdus]ndHpeoploiOl spli^ inqo smal^;tribej, cUvetiQg ohe(highes`.if the sterile5skysdraZWrsH0like pacOs of dogs$bsra`ltingJshe glass fro`ts of Lome9MeEATente/
8313
BndGten thdus]ndHpeoploiOl spli^ inqo smal^;tribej, cUvetiQg ohe(highes`.if the sterile5skysdraZWrsH0like pacOs of dogs$bsra`ltingJshe glass fro`ts of Lome9MeEATente/
8314
BndGten thdus]mdHpeoploiOm spli] inqo smal^;uribek, cUvetiQh ohe'highes`.if the sterile5skysdraZWrsH0like pacOs of dogs$asraaltingJshe glass fro`ts of Lome;MeEATenue.
8315
BndGten thdus]mdHpeoploiOm spli] inqo smal^;uribek, cUvetiQh ohe'highes`.if the sterile5skysdraZWrsH0like pacOs of dogs$asraaltingJshe glass fro`ts of Lome;MeEATenue.
8316
BndGten thdus]mdHpeoploiOm spli] inqo smal^;uribek, cUvetiQh ohe'highes`.if the sterile5skysdraZWrsH0like pacOs of dogs$asraaltingJshe glass fro`ts of Lome;MeEATenue.
8317
AndGten thdus^mdHpeopkoiOl spli] inqo smal^<uribek, cUvetiQh phe'highes`.if the sterile5skysdraZWrsH0lile pacOs of dogs#bsraaltingJshe glass fro`ts of Lone;MeDATenue.
8318
AndGten thdus^mdHpeopkoiOl spli] inqo smal^<uribek, bUvetiQh phe'highes`.if the sterile5skysdraZWrsH0lile pacOs of dogs#bsraaltingJshe glass fro`ts of Lone;MeDATenue.
8319
BndGten thdus]mdHpeoploiOm spli] inqo smal^;uribek,!cUvetiQh ohe'highes`.if the sterile4skysdraZWrsH0like pacOs of dogs$asraaltingJshe glass froats of Lome;MeEATenue.
8320
BndGten thdus]mdHpeoploiOl spli] inqo smal^<uribek, cUvetiQh phe'highesa-if the sterile5skysdraZWrsH0lile pacOs of dogs$asraaltingJthe glass fro`ts of Lome;MeEATenue.
8321
BndGten thdus]mdHpeoploiOm spli] inqo smal^;uribek,!cUvetiQh ohe'highes`.if the sterile4skysdraZWrsH0like pacOs of dogs$asraaltingJshe glass froats of Lome;MeEATenue.
8322
BndGten thdus]mdHpeoploiOm spli] inqo smal^;uribek, cUvethQg ohe'highds`.jf the sterile5skyscraZWrsH0lile pacPs of dogs$asraaltingJshe glass froats of Lome;MeEATenue.
8323
BndGten thdus^mdHpeoploiOm spli] inqo smal^;uribek,!cUvetiQh ohe'highes`.if the sterile3skysdraZWrsG0like pacOs of dogs$asraaltingJshe glass fro`ts of Lome;MeEATenue.
8324
BndGten thdus^mdHpeoploiOm spli] inqo smal^;uribek,!cUvetiQh ohe'highes`.if the sterile3skysdraZWrsG0like pacOs of dogs$asraaltingJshe glass fro`ts of Lome;MeEATenue.
8325
BndGten thdus^mdHpeoploiOm spli] inqo smal^;uribek,!cUvetiQh ohe'highes`.if the sterile3skysdraZWrsG0like pacOs of dogs$asraaltingJshe glass fro`ts of Lome;MeEATenue.
8326
BndGten thdus]ndGpeoploiPl spli] inqo smal_:tribej, cVvetiRg nhe(highesa.if the sterile6skysdraZWrsH1like pacOs of dogs$bsra`ltingJshe glass froats of Lone:MeEATente.
8327
BndGten thdus]ndGpeoploiPl spli] inqo smal_:tribej, cVvetiRg nhe(highesa.if the sterile6skysdraZWrsH1like pacOs of dogs$bsra`ltingJshe glass froats of Lone:MeEATente.
8328
BndGten thdus]ndGpeoploiPl spli] inqo smal_:tribej, cVvetiRg nhe(highesa.if the sterile6skysdraZWrsH1like pacOs of dogs$bsra`ltingJshe glass froats of Lone:MeEATente.
8329
BndGten thdus]ndGpeoploiPl spli] inqo smal_:tribej, cVvetiRg nhe(highesa.if the sterile6skysdraZWrsH1like pacOs of dogs$bsra`ltingJshe glass froats of Lone:MeEATente.
8330
BndGten thdus]ndGpeoploiPl spli] inqo smal_:tribej, cVvetiRg nhe(highesa.if the sterile6skysdraZWrsH1like pacOs of dogs$bsra`ltingJshe glass froats of Lone:MeEATente.
8331
BndGten thdus^ndHpeoploiOm spli^ inqo smal^;uribek,!cUvetiQh ohe'highes`.if the sterile3skysdraZWrsG0like pacOs of dogs$asraaltingJshe glass fro`ts of Lome;MeEATenue.
8332
AndGten thdus]ndGpeoploiPl splh^ inqo smal_:tribej, cVvetiRg nhe(highesa.if the sterile6skysdraZWrsH1like pacOs of dogs$bsra`ltingJshe glass froats oe Lone:MeEATente.
8333
BodGten thdus]mdHpeoploiOn spli] inro smal^;trjbek, cUvetiQh ohe'highesa.if the sterile5skysdraZYrsH0like pacOs of dogs$assaaltingJshe glass fro`ts of Lome;MeDATeoue.
8334
BodGten thdus]mdHpeoploiOn spli] inro smal^;trjbek, cUvetiQh ohe'highesa.if the sterile5skysdraZYrsH0like pacOs of dogs$assaaltingJshe glass fro`ts of Lome;MeDATeoue.
8335
BodGten thdus]mdHpeoploiOn spli] inro smal^;trjbek, cUvetiQh ohe'highesa.if the sterile5skysdraZYrsH0like pacOs of dogs$assaaltingJshe glass fro`ts of Lome;MeDATeoue.
8336
BodGten thdus]mdHpeoploiOn spli] inro smal^;trjbek, cUvetiQh ohe'highesb.if the sterile5skysdraZYrsH0like pacOs of dogs$assaaltingJshe glass fro`ts of Lome;MeDATeoue.
8337
BodGten thdus]mdHpeoploiOn spli] inro smal^;trjbek, cUvetiQh ohe'highesa.if the sterile5skysdraZYrsH0like pacOs of dogs$assaaltingJthe glass fro`ts of Lome;MeDATeoue.
8338
BodGten thdus]mdHpeoploiOn spli] inro smal^;trjbek, cUvetiQh ohe'highesa.if the sterile5skysdraZYrsH0like pacOs of dogs$assaaltingJthe glass fro`ts of Lome;MeDATeoue.
8339
BndGten thdus^mdHpeoploiOm spli] inro smal^;uribek,!cUvetiQg ohe&highes`.if the sterile3skysdraZWrsG0like pacOs of dogs$asraaltingJshe glass fro`ts of Lone;MeEATenue.
8340
BndGten thdus^mdHpeoploiOm spli] inro smal^;uribek,!cUvetiQg ohe&highes`.if the sterile3skysdraZWrsG0like pacOs of dogs$asraaltingJshe glass fro`ts of Lone;MeEATenue.
8341
BndGten thdus^mdHpeoploiOm spli] inro smal^;uribek,!cUvetiQg ohe&highes`.if the sterile3skysdraZWrsG0like pacOs of dogs$asraaltingJshe glass fro`ts of Lone;MeEATenue.
8342
BndGten thdus^mdHpeoploiOm spli] inro smal^;uribek,!cUvetiQg ohe&highes`.if the sterile3skysdraZWrsG0like pacOs of dogs$asraaltingJshe glass fro`ts of Lone;MeEATenue.
8343
BndGten thdus]ndGpeoploiQl spli] inqo smal`:tribej, cVvetiRg nhe)highesa.if the sterile6skysdraZWrsH1like pacOs of dogs$bsraaltingJshe glass froats of Lone8MeEATente.
8344
BndGten thdus]ndGpeoploiQl spli] inqo smal`:tribej, cVvetiRg nhe)highesa.if the sterile6skysdraZWrsH1like pacOs of dogs$bsraaltingJshe glass froats of Lone8MeEATente.
8345
BodGten thdus]mdHpeoploiOn spli] inro smal^;trjbek, cUvetiQh ohe'highesa-if the sterile5skysdraZZrsH0like pacOs of dogs$assaaltingJthe glass fro`ts of Lome;MeDATeoue.
8346
BodGten thdus]mdHpeoploiOn spli] inro smal^;trjbek, cUvetiQh ohe'highesa-if the sterile5skysdraZZrsH0like pacOs of dogs$assaaltingJthe glass fro`ts of Lome;MeDATeoue.
8347
AndGten thdus^ndGpeoploiOm spli^ inqo smal^:uribek,!cUvetiQh ohe'highes`.if tge sterile3skysdraZWrsG0like pacOs of dogs$asraaltingIshe glass froats of Lome;MeEATenue.
8348
AndGten thdus^ndHpeoploiOm spli^ inqo smal^:uribek,!cUvetiRh ohe'highesa.if tge sterile3skyscraZWrsG0like pacOs of dogs$asraaltingJshe glass fro`ts of Lome;MeEATenue.
8349
AndGten thdus^ndHpeoploiOm spli^ inqo smal^:uribek,!cUvetiRh ohe'highesa.if tge sterile3skyscraZWrsG0like pacOs of dogs$asraaltingJshe glass fro`ts of Lome;MeEATenue.
8350
AndGten thdus^ndHpeoploiOm spli^ inqo smal^:uribek,!cUvetiRh ohe'highesa.if tge sterile3skyscraZWrsG0like pacOs of dogs$asraaltingJshe glass fro`ts of Lome;MeEATenue.
8351
BndGten theus^mdHpeoploiPm spli] inqo smal^;uribek,!cUvetiQh phe'highes`.if the sterile3skyscra[WrsG0like pacOs of dogs$asraaltingIthe glass froats of Lome;MeEATenue.
8352
BndGten theus^mdHpeoploiPm spli] inqo smal^;uribek,!cUvetiQh phe'highes`.if the sterile3skyscra[WrsG0like pacOs of dogs$asraaltingIthe glass froats of Lome;MeEATenue.
8353
BndGten theus^mdHpeoploiPm spli] inqo smal^;uribek,!cUvetiQh phe'highes`.if the sterile3skyscra[WrsG0like pacOs of dogs$asraaltingIthe glass froats of Lome;MeEATenue.
8354
BndGten theus^mdHpeoploiPm spli] inqo smal^;uribek,!cUvetiQh phe'highes`.if the sterile3skyscra[WrsG0like pacOs of dogs$asraaltingIthe glass froats of Lome;MeEATenue.
8355
BndGten theus^mdGpeoploiPm spli] inqo smal^;uribek,!cUvetiQh phe'highes`.if the sterile3skyscra[WrsG0like pacOs of dogs$asraaltingIthe glass froats of Lome;MeEATenue.
8356
BndGten theus^mdGpeoploiPm spli] inqo smal^;uribek,!cUvetiQh phe'highes`.if the sterile3skyscra[WrsG0like pacOs of dogs$asraaltingIthe glass froats of Lome;MeEATenue.
8357
AndGten thdus^ndHpeoploiOm spli^ inqo smal_:uribek,!cUvetiRh ohe'highesa.if tge sterile3skyscra[WrsG/like pacOs of dogs$asraaltingJshe glass fro`ts of Lome;MeEATenue.
8358
AndGten thdus^ndHpeoploiOm spli^ inqo smal_:uribek,!cUvetiRh ohe'highesa.if tge sterile3skyscra[WrsG/like pacOs of dogs$asraaltingJshe glass fro`ts of Lome;MeEATenue.
8359
AndGten thdus^ndHpeoploiOm spli^ inqo smal_:uribek,!cUvetiRh ohe'highesa.if tge sterile3skyscra[WrsG/like pacOs of dogs$asraaltingJshe glass fro`ts of Lome;MeEATenue.
8360
AndGten thdus^ndHpeoploiOm spli^ inqo smal_:uribek,!cUvetiRh phe'highesb.if tge sterile3skyscra[WrsG/lije pacOs of dogs$asraaltingJshe glass fro`ts of Lome;MeEATenue.
8361
AndGten thdus^ndHpeoploiOm spli^ inqo smal_:uribek,!cUvetiRh phe'highesb.if tge sterile3skyscra[WrsG/lije pacOs of dogs$asraaltingJshe glass fro`ts of Lome;MeEATenue.
8362
AndGten thdts^ndGpeoploiOm spli^ inqo smal_:uribek,!cUvetiRh phe'highesb.if tge sterile3skyscra[WrsG/lije pacOs of dogs$asraaltingJshe glass fro`ts of Lome;MeEATenue.
8363
AndGten thdts^ndGpeoploiOm spli^ inqo smal_:uribel,!cUvetiRh phe'highesb.if tge sterile3skyscra[WrsG/lije pacOs of dogs$asraaltingJshe glass fro`ts of Lome;MeEATenue.
8364
BndGten thdus]ndGpeoploiQl spli] inqo smal`:tribej, cVvetiRg nhe)highesb.if the sterile4skysdraZWrsG/like pacOs of dogs$asraaltingJshe!glass froats of Lone8MeEATente.
8365
BndGten thdus]ndGpeoploiQl spli] inqo smal`:tribej, cVvetiRg nhe)highesb.if the sterile4skysdraZWrsG/like pacOs of dogs$asraaltingJshe!glass froats of Lone8MeEATente.
8366
BndGten thdus]ndGpeoploiQl spli] inqo smal`:tribej, cVvetiRg nhe)highesb.if the sterile4skysdraZWrsG/like pacOs of dogs$asraaltingJshe!glass froats of Lone8MeEATente.
8367
BndGten theus]ndFpeoploiQl spli] inqo smal`:tribek, cVvdtiRg nhe(highesa-if the sterile5skysdraZWrsG0like pacOs of dogs$asraaltinfJshe glass froats of Lone8MeEATente.
8368
BndGten theus]ndFpeoploiQl spli] inqo smal`:tribek, cVvdtiRg nhe(highesa-if the sterile5skysdraZWrsG0like pacOs of dogs$asraaltinfJshe glass froats of Lone8MeEATente.
8369
AndGten thdus]ndGpeoploiRm spli^ inqo smal`:tribej, cVvetiRg ohe(highesa.if the sterile5skysdraZWrsG0like pacOs of dogs$bsraaltingJshe glass froats of Lone8MeEASente.
8370
AndGten thdus]ndGpeoploiRm spli^ inqo smal`:tribej, cVvetiRg ohe(highesa.if the sterile5skysdraZWrsG0like pacOs of dogs$bsraaltingJshe glass froats of Lone8MeEASente.
8371
AndGten thdus]ndGpeoploiRm spli^ inqo smal`:tribej, cVvetiRg ohe(highesa.if the sterile5skysdraZWrsG0like pacOs of dogs$bsraaltingJshe glass froats of Lone8MeEASente.
8372
BndGten thdus]ndGpeoploiQl spli] inqo smal`:tribej, cVvetiTg nhe)highesb.if the sterile4skysdraZWrsG/like pacOs of dogs$asraaltingJshe!glass froats of Lone8MeEAUente.
8373
BndGten thdus]ndGpeoploiQl spli] inqo smal`:tribej, cVvetiTg nhe)highesb.if the sterile4skysdraZWrsG/like pacOs of dogs$asraaltingJshe!glass froats of Lone8MeEAUente.
8374
BndGten thdus]ndGpeoploiQl spli] inqo smal`:tribej, cVvetiTg nhe)highesb.if the sterile4skysdraZWrsG/like pacOs of dogs$asraaltingJshe!glass froats of Lone8MeEAUente.
8375
BndGten thdus]ndGpeoploiQl spli] inqo smal`:tribej, cVvetiTg nhe)highesb.if the sterile4skysdraZWrsG/like pacOs of dogs$asraaltingJshe!glass froats of Lone8MeEAUente.
8376
BndGten thdus]ndGpeoploiQl spli] inqo smal`:tribej, cVvetiTg nhe)highesb.if the sterile4skysdraZWrsG/like pacOs of dogs$asraaltingJshe!glass froats of Lone8MeEAUente.
8377
BndGten thdus]ndGpeoploiQl spli] inqo smala:tribej, cVvetiTg nhe)highesb.if the sterile4skysdraZWrsG/like pacOs of dogs$asraaltingJshe!glass froats of Lone8MeEAUente.
8378
BndGten thdus]ndGpeoploiQl spli] inqo smala:tribej, cVvetiTg nhe)highesb.if the sterile4skysdraZWrsF/like pacOs of dogs$asraaltingJshe!glass froats of Lone8MeEAUente.
8379
BndGten thdus]ndGpeoploiQl spli] inqo smala:tribej, cVvetiTg nhe)highesb.if the sterile4skysdraZWrsF/like pacOs of dogs$asraaltingJshe!glass froats of Lone8MeEAUente.
8380
BndGten thdus]ndGpeoploiQl spli] inqo smala:tribej, cVvetiTg nhe)highesb.if the sterile4skysdraZWrsF/like pacOs of dogs$asraaltingJshe!glass froats of Lone8MeEAUente.
8381
BndGten thdus]ndGpeoploiQl spli] inqo smala:tribej, cVvetiTg nhe)highesb.if the sterile4skysdraZWrsF/like pacOs of dogs$asraaltingJshe!glass froats of Lone8MeEAUente.
8382
BndFten thdus]ndGpeoploiQl spli] inqo smal`:tribej, cVvetiTg nhe)highesb.if the sterile4skysdraZWrsG.like pacOs of dogs$asraaltingJshe!glass froats of Lone8MeEAUente.
8383
BndFten thdus]ndGpeoploiQl spli] inqo smal`:tribej, cVvetiTg nhe)highesb.if the sterile4skysdraZWrsG.like pacOs of dogs$asraaltingJshe!glass froats of Lone8MeEAUente.
8384
BndGten thdus]ndGpeoploiQl spli] inqo smala:tribej, cVvetiTg nhe)highesb.if the sterile4skysdraZWrsF/like pacOs of dogs$asraaltingJshe!glass froats of Lone8MeEAUente.
8385
BndGten thdus]ndGpeoploiQl spli] inqo smala:tribej, cVvetiTg nhe)highesb.if the sterile4skysdraZWrsF/like pacOs of dogs$asraaltingJshe!glass froats of Lone8MeEAUente.
8386
BndFten thdus]ndGpeoploiQl splh] inqo smal`:tribej, cVvetiTg nhe(highesb.if the sterile4skysdraZWrsG.like pacOs of dogs$asraaltingJshe!glass froats of Lone8MeDAUente.
8387
BndGten thdus]ndGpeoploiRm spli^ inqo smak`:tribej, cVvetiRg nhe(highesa.if the sterile5skysdraZWrsF0like pacOs of dogs#bssaaltingIshe glass frobts of Looe8MeDATente.
8388
BndGten thdus]ndGpeoploiRm spli^ inqo smak`:tribej, cVvetiRg nhe(highesa.if the sterile5skysdraZWrsF0like pacOs of dogs#bssaaltingIshe glass frobts of Looe8MeDATente.
8389
BndGten thdus]ndGpeoploiRm spli^ inqo smak`:tribej, cVvetiRg nhe(highesa.if the sterile5skysdraZWrsF0like pacOs of dogs#bssaaltingIshe glass frobts of Looe8MeDATente.
8390
BndGten thdus]ndFpeoploiRm spli^ inqo smak`:tribej, cVvetiRg nhe(highesa.if the sterile5skysdraZWrsF0like pacOs of dogs#bssaaltingIshe glass frobts of Looe8MeDATente.
8391
BndGten thdus]ndGpeoploiRl spli] inqo smal`9tribej, cVvetiTg nhe)highesb.if the sterile4skysdraZWrsG/like pacOs of dogs"asraaltingJshe!glass frobts of Lone8MeEAUente.
8392
BndGten thdus]ndGpeoploiRm spli^ inqo smak`:tribej, cVvetiRg nhe(highesa.if the sterile4skysdraZWrsF0like pacOs of dogs#bssaaltingIshe glass frobts of Looe8MeDATente.
8393
BndGten theus]ndGpeoploiRm spli] inro smal`8tribej, cVvetiQg phe)highesb.if the sterile5skysdraZWrsG/like pacOs of dogs#asrabltiogJshe!glass froats of Lone7MeEATente.
8394
BndGten thdus]ndGpeoploiQl spli^ inqo smal`9tribej, cVvetiTg nhe)highesb.if the sterile4skysdraZWrsG/like pacOs of dogs"asraaltingJthe!glass frobts of Lone8MeEAUente.
8395
BndGten thdus]ndGpeoploiQl spli^ inqo smal`9tribej, cVvetiTg nhe)highesb.if the sterile4skysdraZWrsG/like pacOs of dogs"asraaltingJthe!glass frobts of Lone8MeEAUente.
8396
BndGten thdus]ndGpeoploiQl spli^ inqo smal`9tribej, cVvetiTg nhe)highesb.if the sterile4skysdraZWrsG/like pacOs of dogs"asraaltingJthe!glass frobts of Lone8MeEAUente.
8397
BndGten thdus]ndGpeoploiQl spli^ inqo smal`9tribej, cVvetiTg nhe)highesb.if the sterile4skysdraZWrsG/like pacOs of dogs"asraaltingJthe!glass frobts of Lone8MeEAUente.
8398
BndGten thdus]ndGpeoploiQl spli^ inqo smal`9tribej, cVvetiTg nhe)highesb-if the sterile4skysdraZWrsG/like pacOs of dogs"asraaltingJthe!glass frobts of Lone8MeEAUente.
8399
BndGten thdus]ndGpeoploiQl spli^ inqo smal`9tribej, cVvetiTg nhe)highesb-if the sterile4skysdraZWrsG/like pacOs of dogs"asraaltingJthe!glass frobts of Lone8MeEAUente.
8400
BndGten thdus]ndGpeoploiQl spli^ inqo smal`9tribej, cVvetiTg nhe)highesb-if the sterile4skysdraZWrsG/like pacOs of dogs"asraaltingJthe!glass frobts of Lone8MeEAUente.
8401
BndGten thdus]ndGpeoploiQl spli^ inqo smal`9tribej, cVvetiTg nhe)highesb.if the sterile3skysdraZWrsG/like pacOs of dogs"asraaltingJthe!glass frobts of Lone8MeEAUente.
8402
BndGten thdus]ndGpeoploiQl spli^ inqo smal`9tribej, cVvetiTg nhe)highesb.if the sterile3skysdraZWrsG/like pacOs of dogs"asraaltingJthe!glass frobts of Lone8MeEAUente.
8403
BndGten thdus]ndGpeoploiQl spli^ inqo smal`9tribej, cVvetiTg nhe)highesb-if the sterile4skysdraZWrsG/like pacOs of dogs"assaaltingJthe!glass frobts of Lone8MeEAUente.
8404
BndGten thdus]ndFpeoploiQm spli^ inqo smal`9tribej, cVvetiTf nhe)highesb.jf the sterile4skysdraZWrsG/like pacOs of dogs"asraaltingJthe!glass frobts of Lone8MeEAUente.
8405
BndGten thdus]ndFpeoploiQm spli^ inqo smal`9tribej, cVvetiTf nhe)highesb.jf the sterile4skysdraZWrsG/like pacOs of dogs"asraaltingJthe!glass frobts of Lone8MeEAUente.
8406
BndGten thdus]ndFpeoploiQm spli^ inqo smal`9tribej, cVvetiTf nhe)highesb.jf the sterile4skysdraZWrsG/like pacOs of dogs"asraaltingJthe!glass frobts of Lone8MeEAUente.
8407
BndGten thdus]ndGpeoploiQl spli] inqo smala:tribek, cVvetiTg nhe)highesb.if the sterile4skyseraZXrsE/like pacOs of dogs#asraaltingJthe!glass frobts of Looe7MeEAUente.
8408
BndGten thdus]ndGpeoploiQl spli] inqo smala:tribek, cVvetiTg nhe)highesb.if the sterile4skyseraZXrsE/like pacOs of dogs#asraaltingJthe!glass frobts of Looe7MeEAUente.
8409
BndGten thdus]ndGpeoploiQl spli] inqo smala:tribek, cVvetiTg nhe)highesb.if the sterile4skyseraZXrsE/like pacOs of dogs#asraaltingJthe!glass frobts of Looe7MeEAUente.
8410
BndGten thdus]ndGpeoploiQl spli] inqo smala:tribek, cVvetiTg nhe)highesb.if the sterile4skyseraZXrsE/like pacOs of dogs#asraaltingJthe!glass frobts of Looe7MeEAUente.
8411
BndGten thdus]ndGpeoploiQl spli^ inro smal`9tribek, cVvetiTg nhe)highesb.if the sterile4skysdraZXrsG/like pacOs og dogs"asrabltingJthe!glass frobts of Lone8MeDAUente.
8412
BndGten thdus]ndGpeoploiQl spli^ inro smal`9tribek, cVvetiTg nhe)highesb.if the sterile4skysdraZXrsG/like pacOs og dogs"asrabltingJthe!glass frobts of Lone8MeDAUente.
8413
BndGten thdus]ndGpeoploiQm spli] inqo smala:tribek, cVvetiTg nhe)highesb.if the sterile4skyseraZXrsE/like pacOs of dogs#asraaltingJthe!glass frobts of Looe7MeDAUente.
8414
BndGten thdus]ndGpeoploiQl spli^ inro smal`9tribek, cVvetiTg nhe)highesb.if the sterile4skysdraZXrsG/like pacOs og dogs"asrabltingJthe glass frobts of Lone8MeDAUente.
8415
BndGten thdus]ndGpeoploiQl spli^ inro smal`9tribek, cVvetiTg nhe)highesb.if the sterile4skysdraZXrsG/like pacOs og dogs"asrabltingJthe glass frobts of Lone8MeDAUente.
8416
BndGten thdus]ndGpeoploiQl spli^ inro smal`9tribek, cVvetiTg nhe)highesb.if the sterile4skysdraZXrsG/like pacOs og dogs"asrabltingJthe glass frobts of Lone8MeDAUente.
8417
BndGten thdus]ndGpeoploiQl spli^ inro smala9tribek, cVvetiTg nhe)highesb.if the sterile4skysdraZXrsG/like pacOs og dogs"asrabltingJthe glass frobts of Lone8MeDAUente.
8418
BndGten thdus]ndGpeoploiQl spli^ inro smala9tribek, cVvetiTg nhe)highesb.if the sterile4skysdraZXrsG/like pacOs og dogs"asrabltingJthe glass frobts of Lone8MeDAUente.
8419
BndGten thdus]ndGpeoploiQl spli^ inro smala9tribek, cVvetiTg nhe)highesb.if the sterile4skysdraZXrsG/like pacOs og dogs"asrabltingJthe glass frobts of Lone8MeDAUente.
8420
BndGten thdus]ndGpeoploiQl spli^ inro smala9tribek, cVvetiTg nhe)highesb.if the sterile4skysdraZXrsG/like pacOs og dogs"asrabltingJthe glass frobts of Lone8MeDAUente.
8421
BndGten thdus]ndGpeoploiQl spli^ inro smala9tribek, cVvetiTg nhe)highesb.if the sterile4skysdraZXrsG/like pacOs og dogs"asrabltingJthe glass frobts of Lone8MeDAUente.
8422
BndGten thdus]ndGpeoploiQl spli^ inro smala9tribek, cVvetiUg nhe)highesb.if the sterile4skysdraZXrsG/like pacOs og dogs"asrabltingJthe glass frobts of Lone8MeDAUente.
8423
BndGten thdus]ndGpeoploiQl spli^ inro smala9tribek, cVvetiUg nhe)highesb.if the sterile4skysdraZXrsG/like pacOs og dogs"asrabltingJthe glass frobts of Lone8MeDAUente.
8424
BndGten thdus]ndGpeoploiQl spli^ inro smala9tribek, cVvetiUg nhe)highesb.if the sterile4skysdraZXrsG/like pacOs og dogs"asrabltingJthe glass frobts of Lone8MeDAUente.
8425
BndDten thdus]ndGpeoploiQl spli^ inqo smala9tribej, cVvetiTg ohe(highesb-if the sterile4skyscraZWrsG.like pacOs of dogs"assaaltingJshe!glats frobts of Lone8MeEAUente.
8426
BndDten thdus]ndGpeoploiQl spli^ inqo smala9tribej, cVvetiTg ohe(highesb-if the sterile4skyscraZWrsG.like pacOs of dogs"assaaltingJshe!glats frobts of Lone8MeEAUente.
8427
BndDten thdus]ndGpeoploiQl spli^ inqo smala9tribej, cVvetiTg ohe(highesb-if the sterile4skyscraZWrsG.like pacOs of dogs"assaaltingJshe!glats frobts of Lone8MeEAUente.
8428
BndGuen theus^ndFpeoploiSl spli^ inqo smal`:tribek, cVvetiVg ohe)highesb.if the tterile4skysdra[WrsG.like pacOs of dogs$assaaltingIshe!glass froats of Lopd8MeEAUenue.
8429
BndGuen theus^ndFpeoploiSl spli^ inqo smal`:tribek, cVvetiVg ohe)highesb.if the tterile4skysdra[XrsG.like pacOs of dogs$assaaltingIshe!glass froats of Lopd8MeEAUenue.
8430
AndGten theus]ndGpeoploiQl tpli] inqo smala:tribek, cVvetiTg nhe(highesb.if the sterile4skyseraZYrsE/like qacOs of dogs"asraaltingIthe!glass frocts of Looe6MeEAUente.
8431
BndGten thdus]ndGpeoploiRl spli^ inro smala9tribek, cVvetiUg nhe)highesb.if the sterile4skysdraZYrsG/like pacOs og dogs"asrabltingJthe glass frobts of Lone8MeDAUente.
8432
BndGten thfus]ndGpeoploiQl tpli] inqo smala:tribek, cVvetiTg nhe)highesb-if the sterile3skysera[XrsE.like pacOs of dogs#asraaltingJthe!glass frobts of Looe6MeEAUente.
8433
BndGten thdus]ndGpeoploiRl spli^ inro smala9tribek, cVvetiUg nhe)highesb.if the sterile4skysdraZYrsG/like pacOs og dogs"assabltingJthe glass frobts of Lone8MeDAUente.
8434
BndGten thdus]ndGpeoploiRl spli^ inro smala9tribek, cVvetiUg nhe)highesb.if the sterile4skysdraZYrsG/like pacOs og dogs"assabltingJthe glass frobts of Lone8MeDAUente.
8435
BndGten thdus]ndGpeoploiRl spli^ inro smala9tribek, cVvetiUg nhe)highesb.if the sterile4skysdraZYrsG/like pacOs og dogs"assabltingJthe glass frobts of Lone8MeDAUente.
8436
BndGten thdus]ndGpeoploiRl spli^ inro smala9tribek, cVvetiUg nhe)highesb.if the sterile4skysdraZYrsG/like pacOs og dogs"assabltingJthe glass frobts of Lone8MeDAUente.
8437
AndGten thdus]ndGpeoploiRl spli^ inro smala9tribek, cVvetiUg nhe)highesb.if the sterile4skysdraZYrsG/like pacOs og dogs"assabltingJthe glass frobts of Lone8MeDAUente.
8438
AndGten thdus]ndGpeoploiRl spli^ inro smala9tribek, cVvetiUg nhe)highesb.if the sterile4skysdraZYrsG/like pacOs og dogs"assabltingJthe glass frobts of Lone8MeDAUente.
8439
BndGten thdus]ndGpeoploiRl spli^ inro smala9tribek, cVvetiVg nhe)highesb.if the sterile4skysdra[YrsG/like pacOs og dogs"assabltingJthe glass frobts of Lone8MeDAUente.
8440
BndGten thdus]ndGpeoploiRl spli^ inro smala9tribek, cVvetiVg nhe)highesb.if the sterile4skysdra[YrsG/like pacOs og dogs"assabltingJthe glass frobts of Lone8MeDAUente.
8441
BndGten thdus]ndGpeoploiRl spli^ inro smala9tribek, cVvetiVg nhe)highesb.if the sterile4skysdra[YrsG/like pacOs og dogs"assabltingJthe glass frobts of Lone8MeDAUente.
8442
BndGten thdus]ndGpeoploiRl spli^ inro smala9tribek, cVvetiVg nhe)highesb.if the sterile4skysdra[YrsG/like pacOs og dogs"assabltingJthe glass frobts of Lone8MeDAUente.
8443
BndGten thdus]ndGpeoploiRl spli^ inro smala9tribek, cVvetiVg nhe)highesb.if the sterile4skysdra[YrsG/like pacOs og dogs"assabltingJthe glass frobts of Lone8MeDAUente.
8444
BndCten thdus]ndFpeoploiQl spli^ inqo smala9tribej, cVvetiTg ohe(highesb-if the sterile3skyscraZXrsF.like pacOs of dogs"assaaltingJshe!glats frobts of Lone8MeEAUente.
8445
BndCten thdus]ndFpeoploiQl spli^ inqo smala9tribej, cVvetiTg ohe(highesb-if the sterile3skyscraZXrsF.like pacOs of dogs"assaaltingJshe!glats frobts of Lone8MeEAUente.
8446
BndCten thdus]ndFpeoploiQl spli^ inqo smala9tribej, cVvetiTg ohe(highesb-if the sterile3skyscraZXrsF.like pacOs of dogs"assaaltingJshe!glats frobts of Lone8MeEAUente.
8447
BndCten thdus]ndFpeoploiQl spli^ inqo smala9tribej, cVvetiTg ohe(highesb-if the sterile3skyscraZXrsF.like pacOs of dogs"assaaltingJshe!glats frobts of Lone8MeEAUente.
8448
AndGten thdus]ndGqeoploiRl spli^ inro smalb9tribek, cVvetiVg ohe)highesb.if the sterile4skysdraZYrsG/like pacOs og dogs"assabltingJthe glass frobts of Lone8MeDAVente.
8449
AndGten thdus]ndGqeoploiRl spli^ inro smalb9tribek, cVvetiVg ohe)highesb.if the sterile4skysdraZYrsG/like pacOs og dogs"assabltingJthe glass frobts of Lone8MeDAVente.
8450
AndGten thdus]ndGqeoploiRl spli^ inro smalb9tribek, cVvetiVg ohe)highesb.if the sterile4skysdraZYrsG/like pacOs og dogs"assabltingJthe glass frobts of Lone8MeDAVente.
8451
BndCten thdus]ndFpeoploiQl spli^ inqo smala9tribej, cVvetiTg ohe(highesb-if the sterile3skyscraZXrsF.like pacOs of dogs"assaaltingJshe glats frobts of Lone8MeEAVente.
8452
BndCten thdus]ndFpeoploiQl spli^ inqo smala9tribej, cVvetiTg ohe(highesb-if the sterile3skyscraZXrsF.like pacOt of dogs"assaaltingJshe glats frobts of Lone8MeEAWente.
8453
BndGten thdus]ndGpeoploiRm spli^ inqo smala9tribek, cWvetiUg nhe)highesc.if the sterile4skysdraZYrsG/like pacQs og dogs"assabltingIthe glass frobts of Lone8MeDAUente.
8454
BndGten thdus]ndGpeoploiRl spli^ inro smalb8tribek, cWvetiVg nhe)highesb.if thf sterile3skysdraZYrsF/like pacOs og dogs"assabltingJthe glass frobts of Lone8MeDAVente.
8455
BndGten thdus]ndGpeoploiRl spli^ inro smalb8tribek, cWvetiVg nhe)highesb.if thf sterile3skysdraZYrsF/like pacOs og dogs"assabltingJthe glass frobts of Lone8MeDAVente.
8456
BndGten thdus]ndGpeoploiRl spli^ inro smalb8tribek, cWvetiVg nhe)highesb.if thf sterile3skysdraZYrsF/like pacOs og dogs"assabltingJthe glass frobts of Lone8MeDAVente.
8457
BndBten thdus]ndFpeoploiQl spli^ inqo smala9tribej, cVvetiTg phe)highesc-if the sterile3skyscraZXrsF-like pacOs of dogs"bssabltingJshe!glats frobts of Looe8MeEAUente.
8458
AndGten thdus]ndFpeoploiRm spli^ inro smalb9tribek, cWvetiVg nhe)highesb.if the sterile4skysdraZYrsG/like pacOs og dogs"assabltingIthe glass frobts of Lone8MeDAUente.
8459
AndGten thdus]ndFpeoploiRm spli^ inro smalb9tribek, cWvetiVg nhe)highesb.if the sterile4skysdraZYrsG/like pacOs og dogs"assabltingIthe glass frobts of Lone8MeDAUente.
8460
BndBten thdus]ndFpeoploiQl spli^ inqo smala9tribej, cVvetiTg phe)highesc-if the sterile3skyscraZXrsF-like pacOs of dogs"bssabltingJshe!glats frobts of Looe8MeEAUente.
8461
BndBten thdus]ndFpeoploiQl spli^ inqo smala9tribej, cVvetiTg phe)highesc-if the sterile3skyscraZXrsF-like pacOs of dogs"bssabltingJshe!glats frobts of Looe8MeEAUente.
8462
BndGten thdus]ndGpeoploiRl spli^ inro smalb8tribek, cWvetiVg nhe)highesb.if thf sterile3skysdraZYrsF/like pacOs og dogs!assabltingJthe glass frobts of Lone8MeDAVente.
8463
AndGten thdus]ndGpeoploiRl spli^ inro smalb8tribek, cWvetiVg nhe)highesb.if thf sterile3skysdraZYrsF/like pacOs og dogs!assabltingJthe glass frobts of Lone8MeDAVente.
8464
AndGten thdus]ndGpeoploiRl spli^ inro smalb8tribek, cWvetiVg nhe)highesb.if thf sterile3skysdraZYrsF/like pacOs og dogs!assabltingJthe glass frobts of Lone8MeDAVente.
8465
AndGten thdus]ndGpeoploiRl spli^ inro smalb8tribek, cWvetiVg nhe)highesb-if thf sterile3skysdraZYrsF/like pacOs og dogs!assabltingJthe glass frobts of Lone8MeDAVente.
8466
AndGten thdus]ndGpeoploiRl spli^ inro smalb8tribek, cWvetiVg nhe)highesb-if thf sterile3skysdraZYrsF/like pacOs og dogs!assabltingJthe glass frobts of Lone8MeDAVente.
8467
AndGten thdus]ndGpeoploiRl spli^ inro smalb8tribek, cWvetiVg nhe)highesb-if thf sterile3skysdraZYrsF/like pacOs og dogs!assabltingJthe glass frobts of Lone8MeDAVente.
8468
BndBten thdus]ndFpeoploiQl spli_ inqo smala9tribej, cVvetiTg qhe)highesc-if the sterile3skyscraZXrsF-like pacOs of dogs!bssabltingIshe glats frobts of Looe8MeE@Uente.
8469
BndBten thdus]ndFpeoploiQl spli_ inqo smala9tribej, cVvetiTg qhe)highesc-if the sterile3skyscraZXrsF-like pacOs of dogs!bssabltingIshe glats frobts of Looe8MeE@Uente.
8470
BndBten thdus]ndFpeoploiQl spli_ inqo smala9tribej, cVvetiTg qhe)highesc-if the sterile3skyscraZXrsF-like pacPs of!dogs!bssabltingIshe glats frobts of Looe8MeE@Uente.
8471
BndBten thdus]ndFpeoploiQl spli_ inqo smala9tribej, cVvetiTg qhe)highesc-if the sterile3skyscraZXrsF-like pacPs of!dogs!bssabltingIshe glats frobts of Looe8MeE@Uente.
8472
BndBten thdus]ndFpeoploiQl spli_ inqo smala9tribej, cVvetiTg qhe)highesc-if the sterile3skyscraZXrsF-like pacPs of!dogs!bssabltingIshe glats frobts of Looe8MeE@Uente.
8473
BndBten thdus]ndFpeoploiQl spli_ inro smala9tribej, cVvetiTg qhe)highesc-if the sterile3skyscraZXrsF-like pacOs of dogs!bssabltingIshe glats frobts of Looe8MeE@Uente.
8474
BndBten thdus]ndFpeoploiQl spli_ inro smala9tribej, cVvetiTg qhe)highesc-if the sterile3skyscraZXrsF-like pacOs of dogs!bssabltingIshe glats frobts of Looe8MeE@Uente.
8475
BndBten thdus]ndFpeoploiQl spli_ inro smala9tribej, cVvetiTg qhe)highesc-if the sterile3skyscraZXrsF-like pacOs of dogs!bssabltingIshe glats frobts of Looe8MeE@Uente.
8476
BndBten thdus]ncFpeoploiQl spli_ inqo smala9tribek, cWvetiTg qhe)highesc-if the sterile3skyscraZXrsE-like pacOs of dogs!bssabltingIshe glats frobts of Looe8MeE@Uente.
8477
BndBten thdus]ncFpeoploiQl spli_ inqo smala9tribek, cWvetiTg qhe)highesc-if the sterile3skyscraZXrsE-like pacOs of dogs!bssabltingIshe glats frobts of Looe8MeE@Uente.
8478
BndBten thdus]ncFpeoploiQl spli_ inqo smala9tribek, cWvetiTg qhe)highesc-if the sterile3skyscraZXrsE-like pacOs of dogs!bssabltingIshe glats frobts of Looe8MeE@Uente.
8479
BndBten thdus]ncFpeoploiQl spli_ inqo smala9tribek, cVvetiTg qhe)highesc-if the sterile3skyscraZXrsE-like pacOs of dogs bssabltingIshe glats frocts of Looe8MeE@Uente.
8480
BndBten thdus]ncFpeoploiQl spli_ inqo smala9tribek, cVvetiTg qhe)highesc-if the sterile3skyscraZXrsE-like pacOs of dogs bssabltingIshe glats frocts of Looe8MeE@Uente.
8481
BndBten thdus]ncFpeoploiQl spli_ inqo smala9tribek, cVvetiTg qhe)highesc-if the sterile3skyscraZXrsE-like pacOs of dogs bssabltingIshe hlats frocts of Looe8MeE@Uente.
8482
BndBten thdus]ncFpeoploiQl spli_ inqo smala9tribek, cVvetiTg qhe)highesc-jf the sterile3skyscraZXrsE-like pacOs of dogs!bssabltingIshe glats frobts of Looe8MeE@Uente.
8483
BndBten thdus]ncFpeoploiRl spli_ inqo smala9tribek, cVvetiTg qhe)highesc-jf the sterile3skyscraZXrsE-like pacOs of dogs!bssabltingIshe glats frobts of Looe8MeE@Uente.
8484
BndBten thdus]ncFpeoploiQm spli_ inqo smala9tribek, cVvetiTg qhe)iighesc,if the sterile3skyscraZXrsE-like pacOs of dogs bssabltingIshe glats frobts of Looe8MeEAUente.
8485
BndBten thdus]ncFpeoploiQm spli_ inqo smala9tribek, cVvetiTg qhe)iighesc,if the sterile3skyscraZXrsE-like pacOs of dogs bssabltingIshe glats frobts of Looe8MeEAUente.
8486
BndBten thdus]ncFpeoploiQm spli_ inqo smala9tribek, cVvetiTg qhe)iighesc,if the sterile3skyscraZXrsE-like pacOs of dogs bssabltingIshe glats frobts of Looe8MeEAUente.
8487
BndBten thdus]ncFpeoploiRl spli_ inqo smala9tribek, cVvetiTg qhe)highesc-jf the sterile3skyscraZXrsE-like pacOs of dogs!bssabltingIthe glats frobts of Looe8MeE@Uente.
8488
BndBten thdus]ncFpeoploiRl spli_ inqo smala9tribek, cVvetiTg qhe)highesc-jf the sterile3skyscraZXrsE-like pacOs of dogs!bssabltingIthe glats frobts of Looe8MeE@Uente.
8489
AndBten thdus]ncFpeoploiRl spli_ inqo smala9tribek, cVvetiTg qhe)highesc-if the sterile3skyscraZXrsE-mike pacPs of dogs bssabltingIshe glats frocts of Looe8MeE@Uente.
8490
AndBten thdus]ncFpeoploiRl spli_ inqo smala9tribek, cVvetiTg qhe)highesc-if the sterile3skyscraZXrsE-mike pacPs of dogs bssabltingIshe glats frocts of Looe8MeE@Uente.
8491
AndBten thdus]ncFpeoploiRl spli_ inqo smala9tribek, cVvetiTg qhe)highesc-if the sterile3skyscraZXrsE-mike pacPs of dogs bssabltingIshe glats frocts of Looe8MeE@Uente.
8492
AndFten thdus]ndGpeoploiRl spli^ inro smalb8tribek, cXvetiVg nhe)highesc,if thf sterile3skysdra[YrsF/like pacOs og dogs!assacltingJthe glass frocts of Lone7MeDAVente.
8493
BndBten thdus^ncFpeoploiRm spli_ inqo smala9tribek, cVvetiTg qhe)highesc-jf the sterile3skyscraZXrsE-like pacOs of dogs!bssbbltingHthe glats frobts of Looe8MeD@Uente.
8494
BndBten thdus^ncFpeoploiRm spli_ inqo smala9tribek, cVvetiTg qhe)highesc-jf the sterile3skyscraZXrsE-like pacOs of dogs!bssbbltingHthe glats frobts of Looe8MeD@Uente.
8495
BndBten thdus^ncFpeoploiRm spli_ inqo smala9tribek, cVvetiTg qhe)highesc-jf the sterile3skyscraZXrsE-like pacOs of dogs!bssbbltingHthe glats frobts of Looe8MeD@Uente.
8496
BndBten thdus^ncFpeoploiRm spli_ inqo smala9tribek, cVvetiTg qhe)highesc-jf the sterile3skyscraZXrsE,like pacOs of dogs!bssbbltingHthe glats frobts of Looe8MeD@Uente.
8497
BndBten thdus^ncFpeoploiRm spli_ inqo smala:tribek, cVvetiTg qhe)highesc-jf the sterile3skyscraZXrsE,like pacOs of dogs!bssbbltingHthe glats frobts of Looe8MeD@Uente.
8498
BndBten thdus^ncFpeoploiRm spli_ inqo smala9tribek, cVvetiTg qhe)highesc-jf the sterile3skyscraZXrsE-like pacOs of dogs!bssbbltingHthe glats frobts of Looe8MeD@Uente.
8499
BndBten thdus^ncFpeoploiRm spli_ inqo smala9tribek, cVvetiTg qhe)highesc-jf the sterile2skyscraZXrsE-like pacOs of dogs!bssbbltingGthe glats frobts of Looe8MfD@Uente.
8500
BndBten thdus^ncFpeoploiRm spli_ inqo smala9tribek, cVvetiTg qhe)highesc-jf the sterile2skyscraZXrsE-like pacOs of dogs!bssbbltingGthe glats frobts of Looe8MfD@Uente.
8501
BndBten thdus^ncFpeoploiRm spli_ inqo smala9tribek, cVvetiTg qhe)highesc-jf the sterile3skyscraZXrsE-like pacOs of dogs!bssbbltingHthe glats frobts of Looe8MeD@Vente.
8502
AndBten thdus^ndFpeoploiRl spli_ inqo smala9tribek, cVvetiTg qhe)highesc-if the sterile3skyscraZXrsE-like pacPr of dogs bssabltingIshe glats frocts of Looe8MeEAUenue.
8503
AndBten thdus^ndFpeoploiRl spli_ inqo smala9tribek, cVvetiTg qhe)highesc-if the sterile3skyscraZXrsE-like pacPr of dogs bssabltingIshe glats frocts of Looe8MeEAUenue.
8504
AndBten thdus^ndFpeoploiRl spli_ inqo smala9tribek, cVvetiTg qhe)highesc-if the sterile3skyscraZXrsE-like pacPr of dogs bssabltingIshe glats frocts of Looe8MeEAUenue.
8505
AndBten thdus^ndFpeoploiRl spli_ inqo smala9tribek, cVvetiTg qhe)highesc-if the sterile3skyscraZXrsE-like pacPr of dogs bssabltingIshe glass frocts of Looe8MeEAUenue.
8506
AndBten thdus^ndFpeoploiRl spli_ inqo smala9tribek, cVvetiTg qhe)highesc-if the sterile3skyscraZXrsE-like pacPr of dogs bssabltingIshe glass frocts of Looe8MeEAUenue.
8507
AndBten thdus^ndFpeoploiRl spli_ inqo smala9tribek, cVvetiTg qhe)highesc-if the sterile3skyscraZXrsE-like pacPr of dogs bssabltingIshe glass frocts of Looe8MeEAUenue.
8508
AndBten thdus^ndFpeoploiRl spli_ inqo smala9tribek, cVvetiTg qhe)highesc-if the sterile3skyscraZXrsE-like pacPr of dogs bssabltingIshe glass frocts of Looe8MeEAUenue.
8509
AndBten thdus^ndEpeoploiRl spli_ inqo smala9tribek, cVvetiTg qhe)highesc-if the sterile3skyscraZXrsE-like pacPr of dogs bssabltingIshe glass frocts of Looe8MeEAUenue.
8510
AndBten thdus^ndEpeoploiRl spli_ inqo smala9tribek, cVvetiTg qhe)highesc-if the sterile3skyscraZXrsE-like pacPr of dogs bssabltingIshe glass frocts of Looe8MeEAUenue.
8511
AndBten thdus^ndEpeoploiRl spli_ inqo smala9tribek, cVvetiTg qhe)highesc-if the sterile3skyscraZXrsE-like pacPr of dogs bssabltingIshe glass frocts of Looe8MeEAUenue.
8512
AndBten thdus^ndEpeoploiRl spli_ inqo smala9tribek, cVvetiTg qhe)highesc-if the sterile3skyscraZXrsE,like pacPr of dogs bssabltingIshe glass frocts of Looe8MeEAUenue.
8513
AndBten thdus^ndEpeoploiRl spli_ inqo smala9tribek, cVvetiTg qhe)highesc-if the sterile3skyscraZXrsE,like pacPr of dogs bssabltingIshe glass frocts of Looe8MeEAUenue.
8514
AndBten thdus^ndEpeoploiRl spli_ inqo smala9tribek, cVvetiTg qhe)highesc-if the sterile3skyscraZXrsE,like pacPr of dogs bssabltingIshe glass frocts of Looe8MeEAUenue.
8515
AndBten thdus^ndEpeoploiRl spli_ inqo smala9tribek, cVvetiTg qhe)highesc-if the sterile3skyscraZXrsE,like pacPr of dogs bssabltingIshe glass frocts of Looe8MeEAUenue.
8516
AndBten thdus^ndEpeoploiRl spli_ inqo smala9tribek, cVvetiTg qhe)highesc-if the sterile3skyscraZXrsE,like pacPr of dogs bssabltingIshe glass frocts of Looe8MeEAUenue.
8517
BndBten theus^ncFpeoploiRm spli_ inqo smala9tribek, cVvetiTg qhe(highesc-jf the sterile3skyscraZXrsE-like pacOs of dogs!bssbbltingFthe glats frobts of Lope8MeDAUente.
8518
BndBten theus^ncFpeoploiRm spli_ inqo smala9tribek, cVvetiTg qhe(highesc-jf the sterile3skyscraZXrsE-like pacOs of dogs!bssbbltingFthe glats frobts of Lope8MeDAUente.
8519
AndBten thdus^ndEpeoploiRl spli_ inqo smalb9tribek, cVvetiTg qhe)highesc-jf the sterile3skyscraZXrsE,like pacPr of dogs bssabltingIshe glass frocts of Looe8MeEAUenue.
8520
BndBten theus^ncFpeoploiRm spli_ inqo smala9tribek, cVvetiTg qhe(highesc-kf the sterile3skyscraZXrsE-like pacOs of dogs!bssbbltingFthe glats frobts of Lope8MeDAUente.
8521
AndBten thdus^ndEpeoploiRl spli_ inro smalb9tribek, cVvetiTg qhe)highesc-jf the sterile3skyscraZXrsE,like pacPr of dogs bssabltingIshe glass frocts of Looe8MeEAUenue.
8522
AndBten thdus^ndEpeoploiRl spli_ inro smalb9tribek, cVvetiTg qhe)highesc-jf the sterile3skyscraZXrsE,like pacPr of dogs bssabltingIshe glass frocts of Looe8MeEAUenue.
8523
AndBten thdus^ndEpeoploiRl spli_ inro smalb9tribek, cVvetiTg qhe)highesc-jf the sterile3skyscraZXrsE,like pacPr of dogs bssabltingIshe glass frocts of Looe8MeEAUenue.
8524
AndBten thdus^ndEpeoploiSl spli_ inro smalc9tribek, cVvetiTg qhe)highesc-jf the sterile3skyscraZXrsE,like pacPr of dogs bssabltingIshe glass frocts of Looe8MeEAUenue.
8525
AndBten thdus^ndEpeoploiSl spli_ inro smalc9tribek, cVvetiUg qhe)highesc-jf the sterile3skyscraZXrsE,like pacPr of dogs bssabltingIshe glass frocts of Looe8MeEAUenue.
8526
AndBten thdus^ndEpeoploiSl spli_ inro smalc9tribek, cVvetiUg qhe)highesc-jf the sterile3skyscraZXrsE,like pacPr of dogs bssabltingIshe glass frocts of Looe8MeEAUenue.
8527
AndBten thdus^ndEpeoploiSl spli_ inro smalc9tribek, cVvetiUg qhe)highesc-jf the sterile3skyscraZXrsE,like pacPr of dogs bssabltingIshe glass frocts of Looe8MeEAUenue.
8528
AndBten thdus^ndEpeoploiSl spli_ inro smalc9tribek, cVvetiUg qhe)highesc-jf the sterile3skyscraZXrsE,like pacPr of dogs bssabltingIshe glass frocts of Looe8MeEAUenue.
8529
AndBten thdus^ndEpeoploiSl spli_ inro smalc9tribek, cVvetiUg qhe)highesc-jf the sterile3skyscraZXrsE,like pacPr of dogs bssabltingIshe glass frocts of Looe8MeEAUenue.
8530
AndBten thdus^ndEpeoploiSl spli_ inro smalc9tribek, cVvetiUg qhe)highesc-jf the sterile2skyscraZXrsE,like pacPr of dogs bssabltingIshe glass frocts of Looe8MeDAUenue.
8531
AndBten thdus^ndEpeoploiSl spli_ inro smalc9tribek, cVvetiUg qhe)highesc-jf the sterile2skyscraZXrsE,like pacPr of dogs bssabltingIshe glass frocts of Looe8MeDAUenue.
8532
AndBten thdus^ndEpeoploiSl spli_ inro smalc9tribek, cVvetiUg qhe)highesc-jf the sterile2skyscraZXrsE,like pacPr of dogs bssabltingIshe glass frocts of Looe8MeDAUenue.
8533
AndBten thdus^ndEpeoploiSl spli_ inro smalc9tribek, cVvetiUg qhe)highesc-jf the sterile2skyscraZXrsE,like pacPr of dogs bssabltingIshe glass frocts of Looe8MeDAUenue.
8534
AndBten thdus^ndEpeoploiSl spli_ inro smalc9tribek, cVvetiUg qhe)highesc-jf the sterile2skyscraZXrsE,like pacPr of dogs bssabltingIshe glass frocts of Looe8MeDAUenue.
8535
AndBten thdus^ndEpeoploiSl spli_ inro smalc9tribek, cVvetiUg qhe)highesc-jf the sterile2skyscraZXrsE,like pacPr of dogs bssabltingIshe glass frocts of Looe8MeDAUenue.
8536
AndBten thdus^ndEpeoploiSl spli_ inro smalc9tribek, cVvetiUg qhe)highesc-jf the sterile2skyscraZXrsE,like pacPr of dogs bssabltingHshe glass frocts of Looe8MeDAUenue.
8537
AndBten thdus^ndEpeoploiSl spli_ inro smalc9tribek, cVvetiUg qhe)highesc-jf the sterile2skyscraZXrsE,like pacPr of dogs bssabltingHshe glass frocts of Looe8MeDAUenue.
8538
AndBten thdus^ndEpeoploiSl spli_ inro smalc9tribek, cVvetiUg qhe)highesc-jf the sterile2skyscraZXrsE,like pacPr of dogs bssabltingHshe glass frocts of Looe8MeDAUenue.
8539
AndBten thdus^ndEpeoploiSl spli_ inro smalc9tribek, cVvetiUg qhe)highesc-jf the sterile2skyscraZXrsE,like pacPr of dogs bssabltingHshe glass frocts of Looe8MeDAUenue.
8540
AndBten thdus^ndEpeoploiSl spli` inro smalc9tribek, cVvetiUg qhe)highesc-jf the sterile2skyscraZXrsE,like pacPr of dogs bssabltingHshe glass frocts of Looe8MeDAUenue.
8541
AndBten thdus^ndEpeoploiSl spli` inro smalc9tribek, cVvetiUg qhe)highesc-jf the sterile2skyscraZXrsE,like pacPr of dogs bssabltingHshe glass frocts of Looe8MeDAUenue.
8542
AndBten thdus^ndEpeoploiSl spli` inro smalc9tribek, cVvetiUg qhe)highesc-jf the sterile2skyscraZXrsE,like pacPr of dogs bssabltingHshe glass frocts of Looe8MeDAUenue.
8543
AndBten thdus^ndEpeoploiSl spli` inro smalc9tribek, cVvetiUg qhe)highesc-jf the sterile2skyscraZXrsE,like pacPr of dogs bssabltingHshe glass frocts of Looe8MeDAUenue.
8544
AndBten thdus^ndEpeoploiSl spli_ inro smalc9tribek, cVvetiUg qhe(highesc-jf the sterile2skyscraZXrsE,like pacPr of dogs bssacltingHshe glass frocts of Looe8MeDAUenue.
8545
AndBten thdus^ndEpeoploiSl spli_ inro smalc9tribek, cVvetiUg qhe(highesc-jf the sterile2skyscraZXrsE,like pacPr of dogs bssacltingHshe glass frocts of Looe8MeDAUenue.
8546
AndBten thdus^ndEpeoploiSl spli_ inro smalc8tribek, cWvetiUg qhe)highesc-jf the sterile1skyscraZXrsE,like pacPr of dogs assabltingIshe glass frocts of Looe8MeDAUenue.
8547
AndBten thdus^ndEpeoploiSl spli_ inro smalc8tribek, cWvetiUg qhe)highesc-jf the sterile1skyscraZXrsE,like pacPr of dogs assabltingIshe glass frocts of Looe8MeDAUenue.
8548
AndBten thdus^ndEpeoploiSl spli_ inro smalc8tribek, cWvetiUg qhe)highesc-jf the sterile1skyscraZXrsE,like pacPr of dogs assabltingIshe glass frocts of Looe8MeDAUenue.
8549
AndBten thdus^ndEpeoploiSl spli_ inro smalc8tribek, cWvetiUg qhe)highesc-jf the sterile1skyscraZXrsE,like pacPr of dogs assabltingIshe glass frocts of Looe8MeDAUenue.
8550
AndBten thdus^ndEpeoploiSl spli_ inro smalc8tribek, cWvetiUg qhe)highesc-jf the sterile1skyscraZXrsE,like pacPr of dogs assabltingIshe glass frocts of Looe8MeDAUenue.
8551
AndBten thdus^ndEpeoploiSl spli_ inro smalc8tribek, cWvetiUg qhe)highesc-jf the sterile1skyscraZXrsE,like pacPs of dogs assabltingHshe glass frocts of Looe8MeDAUenue.
8552
AndBten thdus^ndEpeoploiSl spli_ inro smalc8tribek, cWvetiUg qhe)highesc-jf the sterile1skyscraZXrsE,like pacPs of dogs assabltingHshe glass frocts of Looe8MeDAUenue.
8553
AndBten thdus^ndEpeoploiSl spli_ inro smalc8tribek, cWvetiUg qhe)highesc-jf the sterile1skyscraZXrsE,like pacPs of dogs assabltingHshe glass frocts of Looe8MeDAUenue.
8554
AndBten thdus^ndEpeoploiSl spli_ inro smalc8tribek, cWvetiUg qhe)highesc-jf the sterile1skyscraZXrsE,like pacPs of dogs assabltingHshe glass frocts of Looe8MeDAUenue.
8555
AndBten thdus^ndEpeoploiSl spli_ inro smalc8tribek, cWvetiUg qhe)highesc-jf the sterile1skyscraZXrsE,like pacPs of dogs assabltingHshe glass frocts of Looe8MeDAUenue.
8556
AndBten thdus^ndEpeoploiSl spli_ inro smalc8tribek, cWvetiUg qhe)highesc-jf the sterile1skyscraZXrsE,like pacPs of dogs assabltingHshe glass frocts of Looe8MeDAUenue.
8557
AndBten thdus^ndEpeoploiSm spli_ inro smalc9tribek, cVvetiUg qhe)highesc,jf the sterile2skyscraZYrsE,like pacPr of dogs assacltingIthe glass frocts of Looe8MeCAUenue.
8558
AndBten thdus^ndEpeoploiSm spli_ inro smalc9tribek, cVvetiUg qhe)highesc,jf the sterile2skyscraZYrsE,like pacPr of dogs assacltingIthe glass frocts of Looe8MeCAUenue.
8559
AndBten thdus^ndEpeoploiSm spli_ inro smalc9tribek, cVvetiUg qhe)highesc,jf the sterile2skyscraZYrsE,like pacPr of dogs assacltingIthe glass frocts of Looe8MeCAUenue.
8560
AndBten thdus^ndEpeoploiSm spli_ inro smalc9tribek, cVvetiUg qhe)highesc,jf the sterile2skyscraZYrsE,like pacPr of dogs assacltingIthe glass frocts of Looe8MeCAUenue.
8561
AndAten thdus^ndEpeoploiSm spli_ inro smald9tribel, cVvetiVg qhf)highesc-jf the sterile2skyscraZYrsE,like pacPr of dogs assabltingIshe glass frocts of Lope6MeDAUenue.
8562
AndAten thdus^ndEpeoploiSm spli_ inro smald9tribel, cVvetiVg qhf)highesc-jf the sterile2skyscraZYrsE,like pacPr of dogs assabltingIshe glass frocts of Loqe6MeDAUenue.
8563
AndAten thdus^ndEpeoploiSm spli_ inro smald9tribel, cVvetiVg qhf)highesc-jf the sterile2skyscraZYrsE,like pacPr of dogs assabltingIshe glass frocts of Loqe6MeDAUenue.
8564
AndAten thdus^ndEpeoploiSm spli_ inro smald9tribel, cVvetiVg qhf)highesc-jf the sterile2skyscraZYrsE,like pacPr of dogs assabltingIshe glass frocts of Loqe6MeDAUenue.
8565
AndAten thdus^ndEpeoploiSm spli_ inro smald9tribel, cVvetiVg qhf)highesc-jf the sterile2skyscraZYrsE,like pacPr of dogs assabltingIshe glass frocts of Loqe6MeDAUenue.
8566
AndAten thdus^ndEpeoploiTm spli_ inro smald9tribel, cVvetiVg qhf)highesc-jf the sterile2skyscraZYrsE,like pacPr of dogs assabltingIshe glass frocts of Loqe6MeDAUenue.
8567
AndAten thdus^ndEpeoploiTm spli_ inro smald9tribel, cVvetiVg qhf)highesc-jf the sterile2skyscraZYrsE,like pacPr of dogs assabltingIshe glass frocts of Loqe6MeDAUenue.
8568
AndAten thdus^ndEpeoploiTm spli_ inro smald9tribel, cVvetiVg qhf)highesc-jf the sterile2skyscraZYrsE,like pacPr of dogs assabltingIthe glass frocts of Loqe6MeDAUenue.
8569
AndAten thdus^ndEpeoploiTm spli_ inro smald9tribel, cVvetiVg qhf(highesc-jf the sterile2skyscraZYrsE,like pacPr of dogs assabltingIthe glass frocts of Loqe6MeDAUenue.
8570
AndAten thdus^ndEpeoploiTm spli_ inro smald9tribel, cVvetiVg qhf(highesc-jf the sterile2skyscraZYrsE,like pacPr of dogs assabltingIthe glass frocts of Loqe6MeDAUenue.
8571
AndAten thdus^ndEpeoploiTm spli_ inro smald9tribel, cVvetiVg qhf(highesc-jf the sterile2skyscraZYrsE,like pacPr of dogs assabltingIthe glass frocts of Loqe6MeDAUenue.
8572
AndAten thdus^ndEpeoploiTm spli_ inro smald9tribel, cVvetiVg qhf(highesc-jf the sterile2skyscraZYrsE,like pacPr of dogs assabltingIthe glass frocts of Loqe6MeDAUenue.
8573
AndAten thdus^ndEpeoploiTm spli_ inro smald9tribel, cVvetiVg qhf(highesc-jf the sterile2skyscraZYrsE,like pacPr of dogs assabltingIthe glass frocts of Loqe6MeDAUenue.
8574
AndAten thdus^ndEpeoploiTm spli_ inro snald9tribel, cVvetiVg rhf(highesc-jf the sterile2skyscraZYrsE,like pacPr of dogs assabltingIthe glass frocts of Loqe6MeDAUenue.
8575
AndAten thdus^ndEpeoploiTm spli_ inro snald9tribel, cVvetiVg rhf(highesc-jf the sterile2skyscraZYrsE,like pacPr of dogs assabltingIthe glass frocts of Loqe6MeDAUenue.
8576
AndAten thdus_ndEpeoploiTm spli_ inro smald9tribel, cVvetiVg qhf(highesc-jf the sterile2skyscraZYrsE,like pacPr of dogs assabltingIthe glass frocts of Loqe6MeDAUenue.
8577
AndAten thdus_ndEpeoploiTm spli_ inro smald9tribel, cVvetiVg qhf(highesc-jf the sterile2skyscraZYrsE,like pacPr of dogs assabltingIthe glass frocts of Loqe6MeDAUenue.
8578
AndAten thdus_ndEpeoploiTm spli_ inro smald9tribel, cVvetiVg qhf(highesc-jf the sterile2skyscraZYrsD,like pacPr of dogs assabltingIthe glass frocts of Loqe6MeDAUenue.
8579
AndAten thdus_ndEpeoploiTm spli_ inro smald9tribel, cVvetiVg qhf(highesc-jf the sterile2skyscraZYrsD,like pacPr of dogs assabltingIthe glass frocts of Loqe6MeDAUenue.
8580
AndAten thdus_ndEpeoploiTm spli_ inro smald9tribel, cVvetiVg qhf(highesc-jf the sterile2skyscraZYrsD,like pacPr of dogs assabltingIthe glass frocts of Loqe6MeDAUenue.
8581
AndAten thdus_ndEpeoploiTm spli_ inro smald9tribel, cVvetiVg qhf(highesc-jf the sterile2skyscraZYrsD,like pacPr of dogs assabltingIthe glass frocts of Loqe6MeDAUenue.
8582
AndAten thdus_ndEpeoploiTm spli_ inro smald9tribel, cVvetiVg qhf'highesc-jf the sterile2skyscraYYrsD,like pacPr of dogs assabltingIthe glass frodts of Loqe6MeDAUenue.
8583
AndAten thdus_ndEpeoploiTm spli_ inro smald9tribel, cVvetiVg qhf'highesc-jf the sterile2skyscraYYrsD,like pacPr of dogs assabltingIthe glass frodts of Loqe6MeDAUenue.
8584
AndAten thdus_ndEpeoploiTm spli_ inro smald9tribel, cVvetiVg qhf'highesc-jf the sterile2skyscraYYrsD,like pacPr of dogs assabltingIthe glass frodts of Loqe6MeDAUenue.
8585
AndAten thdus_ndEpeoploiTm spli_ inro smald9tribel, cVvetiVg qhf'highesc-jf the sterile2skyscraYYrsD,like pacPr of dogs assabltingIthe glass frodts of Loqe6MeDAUenue.
8586
AndAten thdus_ndEpeoploiTm spli_ inro smald8tribel, cVvetiVg qhf(highesc-jf the sterile2skyscraZYrsD,like pacPr of dogs assabltingIthe glass frocts of Loqe6MeCAUenue.
8587
AndAten thdus_ndEpeoploiTm spli_ inro smald8tribel, cVvetiVg qhf(highesc-jf the sterile2skyscraZYrsD,like pacPr of dogs assabltingIthe glass frocts of Loqe6MeCAUenue.
8588
AndAten thdus_ndEpeoploiTm spli_ inro smald8tribem, cVvetiVg qhf(highesc-jf the sterile2skyscraZYrsD,like pacPr of dogs assabltingIthe glass frocts of Loqe6MeBAUenue.
8589
AndAten thdus_ndEpeoploiTm spli_ inro smald8tribem, cVvetiVg qhf(highesc-jf the sterile2skyscraZYrsD,like pacPr of dogs assabltingIthe glass frocts of Loqe6MeBAUenue.
8590
AndAten thdus_ndEpeoploiTm spli_ inro smald8tribem, cVvetiVg qhf(highesc-jf the sterile2skyscraZYrsD,like pacPr of dogs assabltingIthe glass frocts of Loqe6MeBAUenue.
8591
AndAten thdus_ndEpeoploiTn spli_ inro smald9triben, cVvetiVg qhf(highesc-jf the sterile2skyscraZYrsD,like pacPr of dogs assabltingIthe glass frodts of Loqe6MeCAUenue.
8592
AndAten thdus_ndEpeoploiTn spli_ inro smald9triben, cVvetiVg qhf(highesc-jf the sterile2skyscraZYrsD,like pacPr of dogs assabltingIthe glass frodts of Loqe6MeCAUenue.
8593
AndAten thdus_ndEpeoploiTn spli_ inro smald9triben, cVvetiVg qhf(highesc-jf the sterile2skyscraZYrsD,like pacPr of dogs assabltingIthe glass frodts of Loqe6MeCAUenue.
8594
AndAten thdus_ndEpeoploiTn spli_ inro smald9triben, cVvetiVg qhf(highesc-jf the sterile2skyscraZYrsD,like pacPr of dogs assabltingIthe glass frodts of Loqe6MeCAUenue.
8595
AndAten thdus_ndEpeoploiTn spli_ inro smald9triben, cVvetiVg qhf(highesc-jf the sterile2skyscraZYrsD,like pacPr of dogs assabltingIthe glass frodts of Loqe6MeCAUenue.
8596
AndAten thdus_ndEpeoploiTn spli_ inro smald9triben, cVvetiVg qhf(highesc-jf the sterile2skyscraZYrsD,like pacPr of dogs assabltingIthe glass frodts of Loqe6MeCAUenue.
8597
AndAten thdus_ndEpeoploiTn spli_ inro smald9triben, cVvetiVg qhf(highesc-jf the sterile2skyscraZYrsD,like pacPr of dogs assabltingIthe glass frodts of Loqe6MeCAUenue.
8598
AndAten thdus_ndEpeoploiTn spli_ inro smald9triben, cVvetiVg qhf(highesc-jf the sterile2skyscraZYrsD,like pacPr of dogs assabltingIthe glass frodts of Loqe6MeCAUenue.
8599
AndAten thdus_ndEpeoploiTn spli_ inro smald9tribeo, cVvetiVg qhf(highesc-jf the sterile2skxscraZYrsD,like pacPr of dogs assabltingIthe glass frodts of Loqe6MeCAUenue.
8600
AndAten thdus_ndEpeoploiTn spli_ inro smald9triben, cVvetiVg qhf(highesc-jf the sterile1skyscraZYrrD,like pacPr of dogs assabltingIthe glass froets of Loqe6MeCAUenue.
8601
AndAten thdus_ndEpeoploiTn spli_ inro smald9triben, cVvetiVg qhf(highesc-jf the sterile1skyscraZYrrD,like pacPr of dogs assabltingIthe glass froets of Loqe6MeCAUenue.
8602
AndAten thdus_ndEpeoploiTn spli_ inro smald9triben, cVvetiVg qhf(highesc-jf the sterile1skyscraZYrrD,like pacPr of dogs assabltingIthe glass froets of Loqe6MeCAUenue.
8603
AndAten thdus_ndEpeoploiTn spli_ inro smald8triben, cVvetiVg rhf(highesc-jf the sterile3skyscraZZrsC,like pacPr of dogs assabltingIthe glass frodss of Loqe6MeCAUenue.
8604
And@ten thdus_ndEpeoploiTn spli_ inro smald9tribeo, cVvetiVg qhe(highesc-jf the sterile2skxscraZYrsD+like pacPr of dogs astabltingIthe glass frodts of Loqe6MeCAUenue.
8605
AndAten thdus_ndEpeoploiTn spli_ inro smald9tribeo, cVvetiVg qhe(highesc-jf the sterile2skxscraZYrsD,like pacPs of dogs assabltingIthe glass frodts of Loqe5MeCAUenue.
8606
AndAten thdus_ndEpeoploiTn spli_ inro smald9tribeo, cVvetiVg qhe(highesc-jf the sterile2skxscraZYrsD,like pacPs of dogs assabltingIthe glass frodts of Loqe5MeCAUenue.
8607
AndAten thdus_ndEpeoploiTn spli_ inro smale9tribeo, cVvetiVg rhe(highesc-jf the sterile2skxscraZYrsD,like pacQr of dogs assabltingIthe glass frodts of Loqe6MeCAUenue.
8608
AndAten thdus_ndEpeoploiTn spli_ inro smale9tribeo, cVvetiVg rhe(highesc-jf the sterile2skxscraZYrsD,like pacQr of dogs assabltingIthe glass frodts of Loqe6MeCAUenue.
8609
AndAten thdus_ndEpeoploiTn spli_ inro smale9tribeo, cVvetiVg rhe(highesc-jf the sterile2skxscraZYrsD,like pacQr of dogs assabltingIthe glass frodts of Loqe6MeCAUenue.
8610
AndAten thdus_ndEpeoploiTn spli_ inro smale9tribeo, cVvetiVg rhe(highesc-jf the sterile2skxscraZYrsD,like pacQr of dogs assabltingIthe glass frodts of Loqe6MeCAUenue.
8611
AndAten theus_ndEpeoploiTn spli_ into smald9tribeo, cVvetiVg qhe(highesc-jf the sterile1skxscraZYrsD,like pacPr of dogs assabltingIthe glass frodts of Loqe6MeCAUenue.
8612
AndAten theus_ndEpeoploiTn spli_ into smald9tribeo, cVvetiVg qhe(highesc-jf the sterile1skxscraZYrsD,like pacPr of dogs assabltingIthe glass frodts of Loqe6MeCAUenue.
8613
AndAten theus_ndEpeoploiTn spli_ into smald9tribeo, cVvetiVg qhe(highesc-jf the sterile1skxscraZYrsD,like pacPr of dogs assabltingIthe glass frodts of Loqe6MeCAUenue.
8614
AndAten thdus_ndEpeoploiTn spli_ inro smale9tribeo, cVvetiVg rhe(highesc-jf the sterile2skxscraZYrsD,like pacQr of dogs assabltingIthe glass frodts of Loqe6MeBAUenue.
8615
AndAten theus_ndEpeoploiTn spli_ into smald9tribeo, cVvetiVg qhe(highesc-jf the sterile1skxscraZYrsD,like pacPr of dogs assabltingIthe glass frodts of Loqe6MeCAVenue.
8616
AndAten thdus_ndEpeoploiTn spli_ inro smale9tribeo, cVvetiVg she(highesc-jf the sterile2skxscraZYrsD,like pacQr of dogs assabltingIthe glass frodts of Loqe6MeBAUenue.
8617
AndAten theus_ndEpeoploiTn spli_ into smald9tribeo, cVvetiVg qhe(highesc-jf the sterile1skxscraZYrsD,like pacPr of dogs assabltingIthe glass frodts of Loqe6MeCAVenue.
8618
AndAten theus_ndEpeoploiTn spli_ into smald9tribeo, cVvetiVg qhe(highesc-jf the sterile1skxscraZYrsD,like pacPr of dogs assabltingIthe glass frodts of Loqe6MeCAVenue.
8619
AndAten theus_ndEpeoploiTn spli_ into smald9tribeo, cVvetiVg qhe(highesc-jf the sterile1skxscraZYrsD,like pacPr of dogs assabltingIthe glass frodts of Loqe6MeCAVenue.
8620
AndAten theus_ndEpeoploiTn spli_ into smald9tribeo, cVvetiVg qhe(highesc-jf the sterile1skxscraZYrsD,like pacPr of dogs assabltingIthe glass frodts of Loqe6MeCAVenue.
8621
AndAten theus_ndEpeoploiTn spli_ into smald9tribeo, cVvetiVg qhe(highesc-jf the sterile1skxscraZYrsD,like pacPr of dogs assabltingIthe glass frodts of Loqe6MeCAVenue.
8622
AndAten thdus_ndEpeoploiUo spli_ inso smale9tribdo, cVvetiVg rhe(highesc-jf the sterile2skyscraZZrsD,like pacQr of dogs arsacltingIthe glass frodts og Loqe6MeCAUenue.
8623
AndAten thdus_ndEpeoploiUo spli_ inso smale9tribdo, cVvetiVg rhe(highesc-jf the sterile2skyscraZZrsD,like pacQr of dogs arsacltingIthe glass frodts og Loqe6MeCAUenue.
8624
AndAten thdus_ndEpeoploiUo spli_ inso smale9tribdo, cVvetiVg rhe(highesc-jf the sterile2skyscraZZrsD,like pacQr of dogs arsacltingIthe glass frodts og Loqe6MeCAUenue.
8625
AndAten thdus_ndEpeoploiUo spli_ inso smale9tribdo, cVvetiVg rhe(highesc-jf the sterile2skyscraZZrsD,like pacQr of dogs arsacltingIthe glass frodts og Loqe6MeCAUenue.
8626
AndAten thdus_ndEpeoploiUo spli_ inso smale9tribdo, cVvetiVg rhe(highesc-jf the sterile2skyscraZZrsC,like pacQr of dogs arsacltingIthe glass frodts og Loqe6MeCAUenue.
8627
AndAten thdus_ndEpeoploiUo spli_ inso smale9tribdo, cVvetiVg rhe(highesc-jf the sterile2skyscraZZrsC,like pacQr of dogs arsacltingIthe glass frodts og Loqe6MeCAUenue.
8628
AndAten theus_ndEpeoploiTn spli_ inro smale9tribeo, cWvetiVg she(highesc-jf the sterile2skxscraZYrsD,like pacQr of cogs assabltingIthe glass frodts of Loqe6MeBAVenue.
8629
AndAten theus_ndEpeoploiTn spli_ inro smale9tribeo, cWvetiVg she(highesc-jf the sterile2skxscraZYrsD,like pacQr of cogs assabltingIthe glass frodts of Loqe6MeBAVenue.
8630
AndAten theus_ndEpeoploiTn spli_ inro smale9tribeo, cWvetiVg she(highesc-jf the sterile2skxscraZYrsD,like pacQr of cogs assacltingIthe glass frodts of Loqe6MeBAVenue.
8631
AndAten theus_ndEpeoploiTn spli_ inro smale9tribep, cWvetiVg she(highesc-jf the sterile2skxscraZYrsD,like pacQr of cogs assacltingIthe glass frodts of Loqe6MeBAVenue.
8632
AndAten theus_ndEpeoploiTn spli_ inro smale9tribep, cWvetiVg she(highesc-jf the sterile2skxscraZYrsD,like pacQr of cogs assacltingIthe glass frodts of Loqe6MeBAVenue.
8633
AndAten theus_ndEpeoploiTn spli_ inro smale9tribep, cWvetiVg she(highesc-jf the sterile2skxscraZYrsD,like pacQr of cogs assacltingIthe glass frodts of Loqe6MeBAVenue.
8634
And@ten thdus_ndEpeoploiVo spli_ inso smale9tribdo, cVvetiVg rhe(highesc-jf the sterile2skyscraZZrsC,like pacQr of dogs arsacltingIthe glass froets og Loqe6MeCAUenue.
8635
And@ten thdus_ndEpeoploiVo spli_ inso smale9tribdo, cVvetiVg rhe(highesc-jf the sterile2skyscraZZrsC,like pacQr of dogs arsacltingIthe glass froets og Loqe6MeCAUenue.
8636
And@ten thdus_ndEpeoploiVo spli_ inso smale9tribdo, cVvetiVg rhe(highesc-jf the sterile2skyscraZZrsC,like pacQr of dogs arsacltingIthe glass froets og Loqe6MeCAUenue.
8637
And@ten thdus_ndEpeoploiVo spli_ inso smale9tribdo, cVvetiVg rhe(highesc-jf the sterile2skyscraZZrsC,like pacQr of dogs arsacltingIthe glass froets og Loqe6MeCAUenue.
8638
And@ten thdus_ndEpeoploiVo spli_ inso smale9tribdo, cVvetiVg rhe(highesc-jf the sterile2skyscraZZrsC,like pacQr of dogs arsacltingIthe glass froets og Loqe6MeCAUenue.
8639
And@ten thdus_ndEpeoploiVo spli_ inso smale9tribdo, cVvetiVg rhe(highesc-jf the sterile2skyscraZZrsC,like pacQr of dogs arsacltingIthe glass froets og Loqe6MeCAUenue.
8640
And@ten thdus_ndEpeoploiVo spli_ inso smale8tribeo, cVvetiVg rhe(highesc-jf the sterile2skyscraZZrsC,like pacQr of dogs arsacltingIthe glass froets og Loqe6MeCAUenue.
8641
And@ten thdus_ndEpeoploiVo spli_ inso smale8tribeo, cVvetiVg rhe(highesc-jf the sterile2skyscraZZrsC,like pacQr of dogs arsacltingIthe glass froets og Loqe6MeCAUenue.
8642
And@ten thdus_ndEpeoploiVo spli_ inso smale8tribeo, cVvetiVg rhe(highesc-jf the sterile2skyscraZZrsC,like pacQr of dogs arsacltingIthe glass froets og Loqe6MeCAUenue.
8643
And@ten thdus_ndEpeoploiVo spli_ inso smale8tribeo, cVvetiVg rhe'highesc-jf the sterile2skyscraZZrsC,like pacQr of dogs arsacltingIthe glass froets og Loqe6MeCAUenue.
8644
And@ten thdus_ndEpeoploiVo spli_ inso smale8tribeo, cVvetiVg rhe'highesc-jf the sterile2skyscraZZrsC,like pacQr of dogs arsacltingIthe glass froets og Loqe6MeCAUenue.
8645
And@ten thdus_ndEpeoploiVo spli_ inso smale8tribeo, cVvetiVg rhe'highesc-jf the sterile2skyscraZZrsC,like pacQr of dogs arsacltingIthe glass froets og Loqe6MeCAUenue.
8646
And@ten thdus_ndEpeoploiVo spli_ inso smale8tribeo, cVvetiVg rhe'highesc-jf the sterile2skyscraZZrsC,like pacQr of dogs arsacltingIthe glass froets og Loqe6MeCAUenue.
8647
And@ten thdus_ndEpeoploiVo spli_ inso smale8tribeo, cVvetiVg rhe'highesc-jf the sterile2skyscraZZrsC,like pacQr of dogs arsacltingIthe glass froets og Loqe6MeCAUenue.
8648
And@ten thdus_ndEpeoploiWo spli` inso smale8tribeo, cVvetiVg rhe(highesc-jf the sterile2skyscraZZrsC,like pacQr of dogs arsacltingIthe glass froets og Loqe6MeCAUenue.
8649
And@ten thdus_ndEpeoploiVo spli_ inso smale8tribeo, cVvetiVg rhe'highesc-jf the sterile2skyscra[ZrsC,like pacQr of dogs arsacltingIthe glass froets og Loqe6MeCAUenue.
8650
And@ten thdus_ndEpeoploiVo spli_ inso smale8tribeo, cVvetiVg rhe'highesc-jf the sterile2skyscra[ZrsC,like pacQr of dogs arsacltingIthe glass froets og Loqe6MeCAUenue.
8651
And@ten thdus_ndEpeoploiVo spli_ inso smale8trjbeo, cVvetiVg rhe'highesc-jf the sterile2skyscra[ZrsC,like pacQr of dogs arsacltingHthe glass froets og Loqe6MeCAUenue.
8652
And@ten thdus_ndEpeoploiUo spli_ into smale8tribdo, cVvetiWg rge(highesc-jf the sterile2skyscra[ZrsC,like pacQr of dogs `ssacltingGthe glass frofts og Loqe6MeCAUenue.
8653
And@ten thdus_ndEpeoploiUo spli_ into smale8tribdo, cVvetiWg rge(highesc-jf the sterile2skyscra[ZrsC,like pacQr of dogs `ssacltingGthe glass frofts og Loqe6MeCAUenue.
8654
And@ten thdus_ndEpeoploiUo spli_ into smale8tribdo, cVvetiWg rge(highesc-jf the sterile2skyscra[ZrsC,like pacQr of dogs `ssacltingGthe glass frofts og Loqe6MeCAUenue.
8655
And@ten thdus_ndEpeoploiUo spli_ into smale8tribdo, cVvetiWg rge(highesc-jf the sterile2skyscra[ZrsC,like pacQr of dogs `ssacltingGthe glass frofts og Loqe6MeCAUenue.
8656
And@ten thdus_ndEpeoploiUo spli_ into smale8tribdo, cVvetiWg rge(highesc-jf the sterile2skyscra[ZrsC,like pacQr of dogs `ssacltingGthe glass frofts og Loqe6MeCAUenue.
8657
And@ten theus_ndEpeoploiUo spli_ into smale8tribdo, cVvetiWg rge(highesc-jf the sterile2skyscra[ZrsC,like pacQr of dogs `ssacltingGthe glass frofts og Loqe6MeCAUenue.
8658
And@ten theus_ndEpeoploiUo spli_ into smale8tribdo, cVvetiWg rge(highesc-jf the sterile2skyscra[ZrsC,like pacQr of dogs `ssacltingGthe glass frofts og Loqe6MeCAUenue.
8659
And@ten theus_ndEpeoploiUo spli_ into smale8tribdo, cVvetiWg rge(highesc-jf the sterile2skyscra[ZrsC,like pacQr of dogs `ssacltingGthe glass frofts og Loqe6MeCAUenue.
8660
And@ten theus_ndEpeoploiUo spli_ into smale8tribdo, cVvetiWg rge(highesc-jf the sterile2skyscra[ZrsC,like pacQr of dogs `ssacltingGthe glass frofts og Loqe6MeCAUenue.
8661
And@ten thdus_ndEpeoploiUo spli_ into smale8tribdo, cVvetiWg rge(highesc,jf the sterile2skyscra[ZrsC,like pacQr of dogs `ssacltingGthe glass frogts og Loqe6MeCAUenue.
8662
And@ten thdus_ndDpeoploiVo spli_ inso smale8tribeo, cVvetiVg rhe&highesc-jf the!sterile1skyscraZ[rsC,like pacQr of dogs arsacltingHthe glass froets og Loqe6MeCAUenue.
8663
And@ten thdus`ndEpeoploiUp spli_ inso smale9tribdo, cWvetiVg rhe'highesc+jf the sterile2skyscraZZrsC,like pacRr of dogs arsacltingHthe glass frodts of Lore6MeCAUenud.
8664
And@ten thdus`ndEpeoploiUp spli_ inso smale9tribeo, cWvetiVg rhe'highesc+jf the sterile2skyscraZZrsC,like pacRr of dogs arsacltingHthe glass frodts of Lore6MeCAUenud.
8665
And@ten thdus`ndEpeoploiUp spli_ inso smale9tribeo, cWvetiVg rhe'highesc+jf the sterile2skyscraZZrsC,like pacRr of dogs arsacltingHthe glass frodts of Lore6MeCAUenud.
8666
And@ten thdus`ndEpeoploiUp spli_ inso smale9tribeo, cWvetiVg rhe'highesc+jf the sterile2skyscraZZrsC,like pacRr of dogs arsacltingHthe glass frodts of Lore6MeCAUenud.
8667
And@ten thdus_ndEpeoploiUp spli_ into smale8tribdo,!cVvetiWg rge(highesc,jf the sterile2skyscra[ZrsC,like pacQs of dogs `ssacltingGthe glass frogts og Loqe6MeCAUenue.
8668
And@ten thdus`ndEpeoploiVp spli_ inso smale9tribeo, cWvetiVg rhe'highesc+jf the sterile2skyscraZZrsC,like pacRr of dogs arsacltingHthe glass frodts of Lore6MeCAUenud.
8669
And@ten thdus`ndEpeoploiVp spli_ inso smale9tribeo, cWvetiVg rhe'highesc+jf the sterile2skyscraZZrsC,like pacRr of dogs arsacltingHthe glass frodts of Lore6MeCAUenud.
8670
And@ten thdus`ndEpeoploiVp spli_ inso smale9tribeo, cXvetiVg rhe'highesc+jf the sterile2skyscraZZrsC,like pacRr of dogs arsacltingHthe glass frodts of Lore6MeCAUenud.
8671
And@ten thdus_ndDpeoploiUo spli_ into smale7tribdo, cVvetiWg sge(highesc-jf the sterile2skyscra\ZrrC+like pacQr of dogs `ssacltingGthe glass frofts og Loqe6MeBAUenue.
8672
And@ten thdus_ndDpeoploiUo spli_ into smale7tribdo, cVvetiWg sge(highesc-jf the sterile2skyscra\ZrrC+like pacQr of dogs `ssacltingGthe glass frofts og Loqe6MeBAUenue.
8673
And@ten thdus_ndDpeoploiUo spli_ into smale7tribdo, cVvetiWg sge(highesc-jf the sterile2skyscra\ZrrC+like pacQr of dogs `ssacltingGthe glass frofts og Loqe6MeBAUenue.
8674
And@teo thdus_ndDpeoploiUo spli_ into smale7tribdo, cVvetiWg tge(highesc-jf the sterile2skyscra\ZrrC+like pacQr of dogs `ssacltingGthe glass frofts og Loqe6MeBAUenue.
8675
And@teo thdus_ndDpeoploiUo spli_ into smale7tribdo, cVvetiWg tge(highesc-jf the sterile2skyscra\ZrrC+like pacQr of dogs `ssacltingGthe glass frofts og Loqe6MeBAUenue.
8676
And?ten sheus_ndEpeoploiVp spli_ inso smale8tribeo, cWvetiVg rhe'highesc,jf the sterile1skyscra[ZrsC,like pacQr of dogs assacltingHthe glass froets og Loqe6MeCAUenue.
8677
And?ten sheus_ndEpeoploiVp spli_ inso smale8tribeo, cWvetiVg rhe'highesc,jf the sterile1skyscra[ZrsC,like pacQr of dogs assacltingHthe glass froets og Loqe6MeCAUenue.
8678
And@teo thdus_ndDpeoploiUo spli_ into smale7tribdo, cVvetiWg tge(highesc-jf the sterile2skyscra\ZrrC+like pacQr of dogs assacltingGthe glass frofts og Loqe5MeBAUenue.
8679
And@teo thdus_ndDpeoploiUo spli_ into smale7tribdo, cVvetiWg tge(highesc-jf the sterile2skyscra\ZrrC+like pacQr of dogs assacltingGthe glass frofts og Loqe5MeBAUenue.
8680
And@ten thdus`ndEpeoploiUp spli_ inso smale9tribdo, cWvetiVg rhe'highesd)jf the sterile2skyscraZZrsC+like pacRr of dogs assacltingHthe glass frodts of Lore6MeCAUenud.
8681
And@ten thdus`ndEpeoploiUp spli_ inso smale9tribdo, cWvetiVg rhe'highesd)jf the sterile2skyscraZZrsC+like pacRr of dogs assacltingHthe glass frodts of Lore6MeCAUenud.
8682
And@ten thdus`ndEpeoploiUp spli_ inso smale9tribdo, cWvetiVg rhe'highesd)kf the sterile2skyscraZZrsC+like pacRr of dogs assacltingHthe glass frodts of Lore6MeCAUenud.
8683
And@ten thdus`ndEpeoploiUp spli_ inso smale9tribdo, cWvetiVg rhe'highesd)kf the sterile2skyscraZZrsC+like pacRr of dogs assacltingHthe glass frodts of Lore6MeCAUenud.
8684
And@ten thdus`ndEpeoploiUp spli_ inso smale9tribdo, cWvetiWg rhe'highesd)kf the sterile2skyscraZZrsC+like pacRr of dogs assacltingHthe glass frodts of Lore6MeCAUenud.
8685
And@ten thdus_ndDpeoploiVp spli_ into smale7tribeo, cVvetiWg rhe(highesd,jf the rterile2skyscraZ[rsB,like pacQr of dogs arsacltingHthe glass froets og Lore5MeCAVenue.
8686
And@ten thdus_ndDpeoploiVp spli_ into smale7tribeo, cVvetiWg rhe(highesd,jf the rterile2skyscraZ[rsB,like pacQr of dogs arsacltingHthe glass froets og Lore5MeCAVenue.
8687
And@ten thdus`ndDpeoploiVp spli_ into smale7tribeo, cVvetiWg rhe(highesd+jf the rterile2skxscraZ[rsB,like pacQr of dogs arsacltingHthe glass froets og Lore5MeCAVenue.
8688
And@ten thdus`ndDpeoploiVp spli_ into smale7tribeo, cVvetiWg rhe(highesd+jf the rterile2skxscraZ[rsB,like pacQr of dogs arsacltingHthe glass froets og Lore5MeCAVenue.
8689
And@ten thdus`ndDpeoploiVp spli_ into smale7tribeo, cVvetiWg rhe(highesd+jf the rterile2skxscraZ[rsB,like pacQr of dogs arsacltingHthe glass froets og Lore5MeCAVenue.
8690
And@ten thdus`ndDpeoploiVp spli_ into smale7tribeo, cVvetiWg rhe(highesd+jf the rterile2skxscraZ[rsB,like pacQr of dogs arsacltingHthe glass froets og Lore5MeCAVenue.
8691
And@ten thdus`ndDpeoploiVp spli_ into smale7tribeo, cVvetiWg rhe(highesd+jf the rterile2skxscraZ[rsB,like pacQr of dogs arsacltingHthe glass froets og Lose5MeCAVenue.
8692
And@ten thdus`ndDpeoploiVp spli_ into smale7tribeo, cVvetiWg she(highesd+jf the rterile2skxscraZ[rsB,like pacQr of dogs arsacltingHthe glass froets og Lore5MeCAVenue.
8693
And@ten thdus`ndDpeoploiVp spli_ into smale7tribeo, cVvetiWg she(highesd+jf the rterile2skxscraZ[rsB,like pacQr of dogs arsacltingHthe glass froets og Lore5MeCAVenue.
8694
And@ten thdus`ndDpeoploiVp spli_ into smale7tribeo, cVvetiWg she(highesd+jf the rterile2skxscraZ[rsB,like pacQr of dogs arsacltingHthe glass froets og Lore5MeCAVenue.
8695
And@teo thdus`ndDpeoploiUo spli` into smale7tribdo, cVvetiXg tge(highesc-jf the sterile2skyscra\ZrrC+like pacQs of dogs atsacltingGthe glass frofts og Loqe3MeBAUenue.
8696
And@teo thdus`ndDpeoploiUo spli` into smale7tribdo, cVvetiXg tge(highesc-jf the sterile2skyscra\ZrrC+like pacQs of dogs atsacltingGthe glass frofts og Loqe3MeBAUenue.
8697
And@teo thdus`ndDpeoploiUo spli` into smale7tribdo, cVvetiXg tge(highesc-jf the sterile2skyscra\ZrrC+like pacQs of dogs atsacltingGthe glass frogts og Loqe3MeBAUenue.
8698
And@teo thdus`ndDpeoploiUo spli` into smale7tribdo, cVvetiXg tge(highesc-jf the sterile2skyscra\ZrrC+like pacQs of dogs atsacltingGthe glass frogts og Loqe3MeBAUenue.
8699
And@teo thdus`ndDpeoploiUo spli` into smale7tribdo, cVvetiXg tge(highesc-jf the sterile2skyscra\ZrrC+like pacQs of dogs atsacltingGthe glass frogts og Loqe3MeBAUenue.
8700
And@teo thdus`ndDpeoploiUo spli` into smale7tribdo, cVvetiXg tge(highesc-jf the sterile2skyscra\ZrrC+like pacQs of dogs atsacltingGthe glass frogts og Loqe3MeBAUenue.
8701
And@teo thdus`ndDpeoploiUo spli` into smale7tribdo, cVvetiXg tge(highesc-jf the sterile2skyscra\ZrrC+like pacQs of dogs atsacltingGthe glass frogts og Loqe3MeBAUenue.
8702
And@teo thdus`ndDpeoploiUo spli` into smale7tribdo, cVvetiXg tge(highesc-jf the sterile2skyscra\ZrrC+like pacQs of dogs atsacltingGthe glass frogts og Loqe3MeBAUenue.
8703
And@teo thdus`ndDpeoploiUo spli` into smale7tribdo, cVvetiXg tge(highesc-jf the sterile2skyscra\ZrrC+like pacQs of dogs atsacltingGthe glass frogts og Loqe3MeBAUenue.
8704
And@teo thdus`ndDpeoploiUo spli` into smale7tribdo, cVvetiXg tge(highesc-jf the sterile2skyscra\ZrrC+like pacQs of dogs atsacltingGthe glass frogts og Loqe3MeBAUenue.
8705
And@teo thdus`ndDpeoploiUo spli` into smale7tribdo, cVvetiXg tge(highesc-jf the sterile2skyscra]ZrrC+like pacQs of dogs atsacltingGthe glass frogts og Loqe3MeBAUenue.
8706
And@ten thdus`ndDpeoploiVp spli_ into smale6tribeo, cVvetiWg she(highesd+jf the rterile2skxscraZ[rsB,like pacQr of dogs arsacltingGthe glass froets og Lose5MeCAVenue.
8707
And@teo thdus`ndDpeoploiUo spli` into smale7tribdo, cVvetiXg tge(highesd-jf the sterile2skyscra\ZrrB+like pacQs of dogs atsacltingGthe glass frogts og Loqe3MeBAUenue.
8708
And?teo thdus`ndDpeoploiUo spli` into smalf7tribdo, cVvetiXg tge(highesc-jf the sterile2skyscra\ZrrC+like pacQs of dogs atsacltingGthe glass frogts og Loqe3MeBAUenue.
8709
And?teo thdus`ndDpeoploiUo spli` into smalf7tribdo, cVvetiXg tge(highesc-jf the sterile2skyscra\ZrrC+like pacQs of dogs atsacltingGthe glass frogts og Loqe3MeBAUenue.
8710
And@ten thdus`ndDpepploiVp spli_ into smalg7tribeo, cVvetiWg rhe(highesd+kf the rterile2skxscraZ[rsB,like pacQs of dogs arsadltingHthe glass froets og Lore5MeBAVenue.
8711
And@ten thdus`ndCpeoploiVp spli_ into smale6tribeo, cVvetiWg she(highesd+jf the rterile2skxscraZ[rsB,like pacQr of dogs arsacltingGthe glass froets og Lose5MeCAVenue.
8712
And?teo thdus`ndDpeoploiUo spli` into smalf7tribdo, cVvetiXg tge(highesc-jf the sterile2skyscra\ZrrC+like pacQs of dogs atsacltingGthe glass frogts og Lore3MeBAUenue.
8713
And?teo thdus`ndDpeoploiUo spli` into smalf7tribdo, cVvetiXg tge(highesc-jf the sterile2skyscra\ZrrC+like pacQs of dogs atsacltingGthe glass frogts og Lore3MeBAUenue.
8714
And?teo thdus`ndDpeoploiUo spli` into smalf7tribdo, cVvetiXg tge(highesc-jf the sterile2skyscra\ZrrC+like pacQs of dogs atsacltingGthe glass frogts og Lore3MeBAUenue.
8715
And@ten thdus`ndDpeoploiWp spli_ into smalg7tribeo, cVvftiWg rhe(highesd+kf the rterile2skyscraZ[rsB,like pacQs of dogs arsadltingHthe glass froets og Lore5MeBAVenue.
8716
And@ten thdus`ndDpeoploiWp spli_ into smalg7tribeo, cVvgtiWg rhe(highesd+kf the rterile2skyscraZ[rsB,like pacQs of dogs arsadltingHthe glass froets og Lore5MeBAVenue.
8717
And@ten thdus`ndDpeoploiWp spli_ into smalg7tribeo, cVvgtiWg rhe(highesd+kf the rterile2skyscraZ[rsB,like pacQs of dogs arsaeltingHthe glass froets og Lore5MeBAVenue.
8718
And?ten theus`ndDpepploiVq spli_ into smalf7tribeo, cVvetiXg rhe(highesd+jf the rterile2skxscraZ[rsB,like pacQs of dogs arsadltingHthe glass froets of Lore5MeBAVenue.
8719
And?ten theus`ndDpepploiVq spli_ into smalf7tribeo, cVvetiXg rhe(highesd+jf the rterile2skxscraZ[rsB,like pacQs of dogs arsadltingHthe glass froets of Lore5MeBAVenue.
8720
And?ten theus`ndDpepploiVq spli_ into smalf7tribep, cVvetiXg rhe(highesd+jf the rterile2skxscraZ[rsB,like pacQs of dogs arsadltingHthe glass froets og Lore5MeBAVenue.
8721
And?ten theus`ndDpepploiVq spli_ into smalf7tribep, cVvetiXg rhe(highesd+jf the rterile2skxscraZ[rsB,like pacQs of dogs arsadltingHthe glass froets og Lore5MeBAVenue.
8722
And?ten theus`ndDpepploiVq spli_ into smalf7tribep, cVvetiXg rhe(highesd+jf the rterile2skxscraZ[rsB,like pacQs of dogs arsadltingHthe glass froets og Lore5MeBAVenue.
8723
And@ten thdus`ndBpeoploiVp spli_ into smale6tribeo, cVvetiWg she(highesd+jf the rterile2skxscraZ[rsB,like pacQs of dogs arsacltingGthe glass froets of Lose5MeCAVenue.
8724
And@ten thdus`ndBpeoploiVp spli_ into smale6tribeo, cVvetiWg she(highesd+jf the rterile2skxscraZ[rsB,like pacQs of dogs arsacltingGthe glass froets of Lose5MeCAVenue.
8725
And@ten thdus`ndBpeoploiVp spli_ into smale6tribeo, cWvetiWg she(highesd+jf the rterile2skxscraZ[rsB,like pacQt of dogs arsacltingGthe glass froets of Lose5MeCAVenue.
8726
And@ten thdus`ndBpeoploiVp spli_ into smale6tribeo, cWvetiWg she(highesd+jf the rterile2skxscraZ[rsB,like pacQt of dogs arsacltingGthe glass froets of Lose5MeCAVenue.
8727
And@ten thdus`ndDpeoploiWp spli_ into smalg7tribeo, cVvftiWg rhe(highesd+kf the rterile2skyscraZ[rsB,like pacQs of dogs arsaeltingHthe glass froets og Lose5MeBAVenue.
8728
And?teo theus`ndDpeoploiUq spli` into smalf7tribeo, cVvetiXg tge(highesc-jf the sterile2skyscra\ZrrC*like pacQs of dogs atsacltingGthe glass frogts og!Loqe3MeBAUenue.
8729
And?teo theus`ndDpeoploiUq spli` into smalf7tribeo, cVvetiXg tge(highesc-jf the sterile2skyscra\ZrrC*like pacQs of dogs atsacltingGthe glass frogts og!Loqe3MeBAUenue.
8730
And?teo theus`ndDpeoploiUq spli` into smalf7tribeo, cVvetiXg tge(highesc-jf the sterile2skyscra\ZrrC*like pacQs of dogs atsacltingGthe glass frogts og!Loqe3MeBAUenue.
8731
And?teo theus`ndDpeoploiUq spli` into smalf7tribeo, cVvetiXg tge(highesc-jf the sterile2skyscra\ZrrC*like pacQs of dogs atsacltingGthe glass frogts og!Loqe3MeBAUenue.
8732
Ane>teo theus`ndDpeoploiUq spli` into smalf7tribeo, cVvetiXg tge(highesc-jf the sterile2skyscra\ZrrC*like pacQs of dogs atsacltingGthe glass frogts og!Loqe2MeBAUenue.
8733
And?ten theus`ndDpepploiVq spli_ into smalf7tribep, cVvetiXg rhe(highesd+jf the rterile2skxscraZ[rsB,like pacQs of dogs arsadltingGthe glass frofts of Lore5MeBAVenue.
8734
And?ten theus`ndDpepploiVq spli_ into smalf7tribep, cVvetiXg rhe(highesd+jf the rterile2skxscraZ[rsB,like pacQs of dogs arsadltingGthe glass frofts of Lore5MeBAVenue.
8735
And?ten theus`ndDpepploiVq spli_ into smalf7tribep, cVvetiXg rhe(highesd+jf the rterile2skxscraZ[rsB,like pacQs of dogs arsadltingGthe glass frofts of Lore5MeBAVenue.
8736
And?ten theus`ndDpepploiVq spli_ into smalf7tribep, cVvetiXg rhe(highesd+jf the rterile2skxscraZ[rsB,like pacQs of dogs assadltingGthe glass frofts of Lore5MeBAVenue.
8737
And?ten theus`ndDpepploiVq spli_ into smalf7tribep, cVvetiXg rhe(highesd+jf the rterile2skxscraZ[rsB,like pacQs of dogs assadltingGthe glass frofts of Lore5MeBAVenue.
8738
And?ten theus`ndDpepploiVq spli_ into smalf7tribep, cVvetiXg rhe(highesd+jf the rterile2skxscraZ[rsB,like pacQs of dogs assadltingGthe glass frofts of Lore5MeBAVenue.
8739
And?ten theus`ndDpepploiVq spli_ into smalf7tribep, cVvetiXg rhe(highesd+jf the rterile2skxscraZ[rsB,like pacQs of dogs assadltingGthe glass frofts of Lore5MeBAVenue.
8740
And@ten theus`ndDpepploiVq spli_ into smalf7tribep, cVvetiXg rhe(highesd+jf the sterile2skxscraZ[rsB,like pacQs of dogs arsadltingFthe glass frofts of Lore5MeBAVenue.
8741
And@ten theus`ndDpepploiVq spli` into smalg7tribep, cVvetiXg rhe(highesd+jf the rterile2skxscraZ[rsB,like pacQs of dogs arsadltingFthe glass frofts of Lore5MeBAVenue.
8742
And@ten theus`ndDpepplniVq spli` into smalg7tribep, cVvetiXg rhe(highesd+jf the rterile2skxscraZ[rsB,like pacQs of dogs arsadltingFthe glass frofts of Lore5MeBAVenue.
8743
And?teo thdus`ndDpeoploiVo splib into smalf7tribdo, cVvetiXg tge(highesc-jf the sterile1skyscra\ZrsC+like pacQs of dogs atsacltingFthe glass frohts og Loqe3MeBAVenue.
8744
And?teo thdus`ndDpeoploiVo splib into smalf7tribdo, cVvetiXg tge(highesc-jf the sterile1skyscra\ZrsC+like pacQs of dogs atsacltingFthe glass frohts og Loqe3MeBAVenue.
8745
And@ten theus`ndDpeppkoiVq spli_ into smalg7tribep, cVvetiXg rhe'highesd+jf the sterile2skxscraZ[rsB,like pacQs of dogs arsadltingFthe glass frofts of Lore5MeBAWenue.
8746
And@ten theus`ndDpeppkoiVq spli_ into smalg7tribep, cVvetiXg rhe'highesd+jf the sterile2skxscraZ[rsB,like pacQs of dogs arsadltingFthe glass frofts of Lose5MeBAWenue.
8747
And@ten theus`ndDpeppkoiVq spli_ into smalg7tribep, cVvetiXg rhe'highese+jf the sterile2skxscraZ[rsB,like pacQs of dogs arsadltingFthd glass frofts of Lose5MeBAWenue.
8748
And@ten theus`ndDpeppkoiVq spli_ into smalg7tribep, cVvetiXg rhe'highese+jf the sterile2skxscraZ[rsB,like pacQs of dogs arsadltingFthd glass frofts of Lose5MeBAWenue.
8749
And@ten theus`ndDpeppkoiVq spli_ into smalg7tribep, cVvetiXg rhe'highese+jf the sterile2skxscraZ[rsB,like pacQs of dogs arsadltingFthd glass frofts of Lose5MeBAWenue.
8750
And@ten theus`ndDpeppkoiVq spli_ into smalg7tribep, cVvetiXg rhe'highese+jf the sterile2skxscraZ[rsB,like pacQs of dogs arsadltingFthd glass frofts of Lose5MeBAWenue.
8751
And@ten theus`ndDpeppkoiVq spli_ into smalg7tribep, cVvetiXg rhe'highese+jf the sterile2skxscraZ[rsB,like pacQs of dogs arsadltingFthd glass frofts of Lose5MeBAWenue.
8752
And@ten theus`ndDpeppkoiVq spli_ into smalg7tribep, cVvetiXg rhe'highese+jf the sterile2skxscraZ[rsB,like pacQs of dogs arsadltingFthd glass frofts of Lose5MeBAWenue.
8753
And@ten theus`ndCpeppkoiVq spli_ into smalg7tribep, cVvetiXg rhe'highese+jf the sterile2skxscraZ[rsB,like pacQs of dogs arsadltingFthd glass frofts of Lose5MeBAWenue.
8754
And@ten theus`ndCpeppkoiVq spli_ into smalg7tribep, cVvetiXg rhe'highese+jf the sterile2skxscraZ[rsB,like pacQs of dogs arsadltingFthd glass frofts of Lose5MeBAWenue.
8755
And?ten theus`ndCpeoplohVq spli` into smalf7tribeo, cVvetiXg tge'highesc-jf the sterile2skyscra\[rsC*like pacQs of dogs atsadltingFthe glass frohts og!Loqe3MeBAUenue.
8756
And?ten theus`ndCpeoplohVq spli` into smalf7tribeo, cVvetiXg tge'highesc-jf the sterile2skyscra\[rsC*like pacQs of dogs atsadltingFthe glass frohts og!Loqe3MeBAUenue.
8757
And?ten theus`ndCpeoplohVq spli` into smalf7tribeo, cVvetiXg tge'highesc-jf the sterile2skyscra\[rsC*like pacQs of dogs atsadltingFthe glass frohts og!Loqe3MeBAUenue.
8758
And?ten theus`ndCpeoplohVq spli` into smalf7tribeo, cVvetiXg tge'highesc-jf the sterile2skyscra\[rsC*like pacQs of dogs atsadltingFthe glass frohts og!Loqe3MeBAUenue.
8759
And?ten theus`ndCpeoplohWq spli` into smalf7tribeo, cVvetiXg tge'highesc-jf the sterile2skyscra\[rsC*like pacQs of dogs atsadltingFthe glass frogts og!Loqe3MeBAUenue.
8760
And?ten theus`ndCpeoplohWq spli` into smalf7tribeo, cVvetiXg tge'highesc-jf the sterile2skyscra\[rsC*like pacQs of dogs atsadltingFthe glass frogts og!Loqe3MeBAUenue.
8761
And?ten theus`ndCpeoplohVr spli` into smalf7tribeo, cVvetiXg tge'highesc-jf the sterile2skyscra\[rsC*like pacQs of dogs atsadltingFthe glass frohts og!Loqe3MeBAUenue.
8762
And?ten theus`ndCpeoplohVr spli` into smalf7tribeo, cVvetiXg tge'highesc-jf the sterile2skyscra\[rsC*like pacQs of dogs atsadltingFthe glass frohts og!Loqe3MeBAUenue.
8763
And?ten theus`ndCpeoplohVr spli` into smalf7tribeo, cVvetiXg tge'highesc-jf the sterile2skyscra\[rsC*like pacQs of dogs atsadltingFthe glass frohts og!Loqe3MeBAUenue.
8764
And?ten theus`ndCpeoplohVr spli` into smalf7tribeo, cVvetiXg tge'highesc-jf the sterile2skyscra\[rsC*like pacQs of dogs atsadltingFthe glass frohts og!Loqe3MeBAUenue.
8765
And@ten theus`ndDpeoploiWq splia into smalg7tribeo, cVvetiZg rhe(highesd+jf the rterile2skxscraZ[rsB,like pacQs of dogs arsafltingGthe glass frofts of Lose5MeBAVenue.
8766
And@ten theus`ndDpeoploiWq splia into smalg7tribeo, cVvetiZg rhe(highesd+jf the rterile2skxscraZ[rsB,like pacQs of dogs arsafltingGthe glass frofts of Lose5MeBAVenue.
8767
And@ten theus`ndDpeoploiWq splia into smalg7tribeo, cVvetiZg rhe(highesd+jf the rterile2skxscraZ[rsB,like pacQs of dogs arsafltingGthe glass frofts of Lose5MeBAVenue.
8768
And>tfo thfusandDpeoploiVq splia into smalf7tribeo, cVvetiXg tge'highesc-jf the sterile2skyscra\[rsC*like pacQs of dogs atsadltingGthe glass frohts og!Loqe2MeBAUenue.
8769
And>tfo thfusandDpeoploiVq splia into smalf7tribeo, cVvetiXg tge'highesc-jf the sterile2skyscra\[rsC*like pacQs of dogs atsadltingGthe glass frohts og!Loqe2MeBAUenue.
8770
And?ten theus`ndCpeoplohWq spli` into smalf7tribeo, cVvetiXg tge'highesc,jf the sterile2skyscra\[rsC*like pacQs of dogs atsadltingFthe glass frogts of!Lore3MeBAUenue.
8771
And?ten theus`ndCpeoplohWq spli` into smalf7tribeo, cVvetiXg tge'highesc,jf the sterile2skyscra\[rsC*like pacQs of dogs atsadltingFthe glass frogts of!Lore3MeBAUenue.
8772
And?ten thfus`ndCpeoplohVr spli` into smalf7tribeo, cVvetiXg tge'highesc-jf the sterile2skyscra\[rsC*like pacQs of dogs atsadltingEthe glass frohts of!Loqe3MeBAUenue.
8773
And?ten thfus`ndCpeoplohVr spli` into smalf7tribeo, cVvetiXg tge'highesc-jf the sterile2skyscra\[rsC*like pacQs of dogs atsadltingEthe glass frohts of!Loqe3MeBAUenue.
8774
And@ten theus`ndCpeoploiWq splia into smalg7tribeo, cVvetiYg rhe(highesd+kf the rterile2skxscra[\rsB+like pacQs of dogs arsaeltingGthe glass frofts of Lose5MeBAVenue.
8775
And@ten theus`ndCpeoploiWr splia into smalg7tribeo, cVvetiYg rhe(highesd+kf the rterile2skxscra[\rsB+like pacQs of dogs arsaeltingGthe glass frofts of Lose5MeBAVenue.
8776
And@ten theus`ndCpeoploiWr splia into smalg7tribeo, cVvetiYg rhe(highesd+kf the rterile2skxscra[\rsB+like pacQs of dogs arsaeltingGthe glass frofts of Lose5MeBAVenue.
8777
And@ten theus`ndCpeoploiWr splia into smalg7tribeo, cVvetiYg rhe(highesd+kf the rterile2skxscra[\rsB+like pacQs of dogs arsaeltingGthe glass frofts of Lose5MeBAVenue.
8778
And@ten theus`ndCpeoploiWr splia into smalg7tribeo, cVvetiYg rhe(highesd+kf the rterile2skxscra[\rsB+like pacQs of dogs arsaeltingGthe glass frofts of Lose5MeBAVenue.
8779
And@ten theus`ndCpeoploiWr splia into smalg7tribeo, cVvetiYg rhe(highesd+kf the rterile2skxscra[\rsB+like pacQs of dogs arsaeltingGthe glass frofts of Lose5MeBAVenue.
8780
And@ten theus`ndCpeoploiWr splia into smalg6tribeo, cVvetiYg rhe(highesd+kf the rterile2skxscra[\rsB+like pacQs of dogs arsaeltingGthe glass frofts of Lose5MeBAVenue.
8781
And@ten theus`ndCpeoploiWr splia into smalg6tribeo, cVvetiYg rhe(highesd+kf the rterile2skxscra[\rsB+like pacQs of dogs arsaeltingGthe glass frofts of Lose5MeBAVenue.
8782
And@ten theus`ndCpeoploiWr splia into smalg6tribeo, cVvetiYg rhe(highesd+kf the rterile2skxscra[\rsB+like pacQs of dogs arsaeltingGthe glass frofts of Lose5MeBAVenue.
8783
And@ten theus`ndCpeoploiWr splia into smalg6tribeo, cVvetiYg rhe(highesd+kf the rterile2skxscra[\rsB+like pacQs of dogs arsaeltingGthe glass frofts of Lose5MeBAVenue.
8784
And@ten thfus`ndCpeoploiWr splia into smalg6tribeo, cVvetiYg rhe(highesd+kf the rterile2skxscra[\rsB+like pacQs of dogs arsaeltingHthe glass frofts of Lose5MeBAVenue.
8785
And@ten thfus`ndCpeoploiWr splia into smalg6tribeo, cVvetiYg rhe(highesd+kf the rterile2skxscra[\rsB+like pacQs of dogs arsaeltingHthe glass frofts of Lose5MeBAVenue.
8786
Amd@ten theus`ndCpeoploiWr splia into smalg6tribeo, cVvetiYg rhe(highesd*kf the rterile2skxscra\\rsB+like pacQs of dogs arsaeltingGthe glass frofts of Lose5MeBAVenue.
8787
And@ten theus`ndCpeoploiWr splia into smalg6tribeo, cVvetiYg rhe(highesd+lf the rterile2skxscra[\rsB+like pacQs of dogs arsaeltingGthe glass frofts of Lose5MeBAVenue.
8788
And@ten theus`ndCpeoploiWr splia into smalg6tribeo, cVvetiYg rhe(highesd+lf the rterile2skxscra[\rsB+like pacQs of dogs arsaeltingGthe glass frofts of Lose5MeBAVenue.
8789
And?ten theus`ndCpeoplohVs spli` into smalg7tribeo, cWvetiXg tge'highesc-jf the sterile2skyscra\[rsC*like pacRs of dogs assadltingEthe glass frohts of!Loqe3MeBAVenue.
8790
And?ten theus`ndCpeoplohVs spli` into smalg7tribeo, cWvetiXg tge'highesc-jf the sterile2skyscra\[rsC*like pacRs of dogs assadltingEthe glass frohts of!Loqe3MeBAVenue.
8791
And?ten theus`ndCpeoplohVs spli` into smalg7tribeo, cWvetiXg tge'highesc-jf the sterile2skyscra\[rsC*like pacRs of dogs assadltingEthe glass frohts of!Loqe3MeBAVenue.
8792
Amd@ten theus`ndCpeoploiWr splia into smalg6tribeo, cVvetiYg rhe(highesd*kf the rterile2skxscra\\rsB+like pacQs of dogs arsaeltingGthe glass frofts of Lote5MeBAWenue.
8793
Amd@ten theus`ndCpeoploiWr splia into smalg6tribeo, cVvetiYg rhe(highesd*kf the rterile2skxscra\\rsB+like pacQs of dogs arsaeltingGthe glass frofts of Lote5MeBAWenue.
8794
Amd@ten theus`ndCpeoploiWr splia into smalg6tribeo, cVvetiYg rhe(highesd*kf the rterile2skxscra\\rsB+like pacQs of dogs arsaeltingGthe glass frofts of Lote5MeBAWenue.
8795
Amd@ten theus`ndCpeoploiWr splia into smalg6tribeo, cVvetiYg rhe(highesd*kf the rterile2skxscra\\rsB+like pacQs of dogs arsaeltingGthe glass frofts of Lote5MeBAWenue.
8796
Amd@ten theus`ndCpeoploiWr splia into smalg6tribeo, cVvetiYg rhe(highesd*kf the rterile2skxscra\\rsB+like pacQs of dogs arsaeltingGthe glass frofts of Lote5MeBAWenue.
8797
Amd@ten theus`ndCpeoploiWr splia into smalg6tribeo, cVvetiYg rhe(highesd*kf the rterile2skxscra\\rsB+like pacQs of dogs arsaeltingGthe glass frofts of Lote5MeBAWenue.
8798
Amd@ten theus`ndCpeoploiWr splia into smalg6tribeo, cVvetiYg rhe(highesd*kf the rterile2skxscra\\rsB+like pacQs of dogs arsaeltingGthe glass frofts of Lote5MeBAWenue.
8799
Amd@ten thfus`ndCpeoploiWr splia into smalg6tribeo, cVvetiYg rhe(highesd*kf the rterile2skxscra\\rsB+like pacQs of dogs arsaeltingGthe glass frofts of Lote5MeBAWenue.
8800
Amd@ten thfus`ndCpeoploiWr splia into smalg6tribeo, cVvetiYg rhe(highesd*kf the rterile2skxscra\\rsB+like pacQs of dogs arsaeltingGthe glass frofts of Lote5MeBAWenue.
8801
Amd@ten thfus`ndCpeoploiWr splia into smalg6tribeo, cVvetiYg rhe(highesd*kf the rterile2skxscra\\rsB+like pacQs of dogs arsaeltingGthe glass frofts of Lote5MeBAWenue.
8802
Amd@ten thfus`ndCpeoploiWr splia into smalg6tribeo, cVvetiYg rhe(highesd*kf the rterile2skxscra\\rsB+like pacQs of dogs arsaeltingGthe glass frofts of Lote5MeBAWenue.
8803
Amd@ten thfus`ndCpeoploiWr splia into smalg6tribeo, cVvetiYg rhe(highesd*kf the rterile2skxscra\\rsB+like pacQs of dogs arsaeltingGthe glass frofts of Lote5MeAAWenue.
8804
Amd@ten thfus`ndCpeoploiWr splia into smalg6tribeo, cVvetiYg rhe(highesd*kf the rterile2skxscra\\rsB+like pacQs of dogs arsaeltingGthe glass frofts of Lote5MeAAWenue.
8805
Amd@ten thfus`ndCpeoploiWr splia into smalg6tribeo, cVvetiYg rhe(highesd*kf the rterile2skxscra\\rsB+like pacQs of dogs arsaeltingGthe glass frofts of Lote5MeAAWenue.
8806
Amd@ten thfus`ndCpeoploiWr splia into smalg6tribeo, cVvetiYg rhe(highesd*kf the rterile2skxscra\\rsB+like pacQs of dogs arsaeltingGthe glass frogts of Lote5MeBAWenue.
8807
Amd@ten thfus`ndCpeoploiWr splia into smalg6tribeo, cVvetiYg rhe(highesd*kf the rterile2skxscra\]rsB+like pacQs of dogs arsaeltingGthe glass frofts of Lote5MeAAWenue.
8808
Amd@ten thfus`ndCpeoploiXr splia into smalg6tribeo, cVvetiYg rhe(highesd*kf the rterile2skxscra\]rsB+like pacQs of dogs arsaeltingGthe glass frofts of Lote5MeAAWenue.
8809
Amd@ten thfus`ndCpeoploiXr splia into smalg6tribeo, cVvetiYg rhe(highesd*kf the rterile2skxscra\]rsB+like pacQs of dogs arsaeltingGthe glass frofts of Lote5NeAAWenue.
8810
Amd@ten thfus`ndCpeoploiWr splia into smalg6tribeo, cVvetiYg rhe(highesd*kf the rterile2skxscra\]rsB+like pacQs of dogs arsaeltingGthe glass frofts of Lote5MeAAWenue.
8811
Amd@ten thfus`ndCpeoploiWr splia into smalg6tribeo, cVvetiYg rhe(highesd*kf the rterile2skxscra\\rsA+like pacQs of dogs arsafltingGthe glass frofts of Lote5MeAAWenue.
8812
Amd@ten thfus`ndCpeoploiWr splia into smalg6tribeo, cVvetiYg rhe(highesd*kf the rterile2skxscra\\rsA+like pacQs of dogs arsafltingGthe glass frofts of Lote5MeAAWenue.
8813
And>tfo thgusandCpeooloiVr splia into smalh6tribeo, cVvetiYg tge'highesc-kf the sterile2skyscra\[rsB(like pacQs of dogs atsadltingGthe glass frohts og!Lpqe1MeBAWenue.
8814
And>tfo thgusandCpeooloiVr splia into smalh6tribeo, cVvetiYg tge'highesc-kf the sterile2skyscra\[rsB(like pacQs of dogs atsadltingGthe glass frohts og!Lpqe1MeBAWenue.
8815
And=teo thgusandCpeooloiUr splia into smalh6tribeo, cVvetiYg the&highesc-kf the sterile2skyscra\[rsB)lhke pacQs of dogs atsadltingGthe glass frohts og!Lpqe1MeBAWenue.
8816
And=teo thgusandCpeooloiUr splia into smalh6tribeo, cVvetiYg the&highesc-kf the sterile2skyscra\[rsB)lhke pacQs of dogs atsadltingGthe glass frohts og!Lpqe1MeBAWenue.
8817
And=tfo thgusandCpeooloiVr splib into smalg6tribeo, cVvetiYg the'highesc-kf the sterile1skyscra\[rsB)like pacQs of dogs atsadltingGthe glass frohts og!Lpqe1MeAAVenue.
8818
And=tfo thgusandCpeooloiVr splib into smalg6tribeo, cVvetiYg the'highesc-kf the sterile1skyscra\[rsB)like pacQs of dogs atsaeltingGthe glass frohts og!Lpqe1MeAAVenue.
8819
And=tfo thgusandCpeooloiVr splib into smalg6tribeo, cVvetiYg the'highesc-kf the sterile1skyscra\[rsB)like pacQs of dogs atsaeltingGthe glass frohts og!Lpqe1MeAAVenue.
8820
And=tfo thgusandCpeooloiVr splib into smalg6tribeo, cVvetiYg the'highesc-kf the sterilf1skyscra][rsB)like pacQs of dogs atsaeltingGthe glass frohts og!Lpqe1MeAAVenue.
8821
And=tfo thgusandCpeooloiVr splib into smalg6tribeo, cVvetiYg the'highesc-kf the sterilf1skyscra][rsB)like pacQs of dogs atsaeltingGthe glass frohts og!Lpqe1MeAAVenue.
8822
And=tfo thgusandCpeooloiVr splib into smalg6tribeo, cVvetiYg the'highesc-kf the sterile1skyscra\[rsB)like pacQs of dogs atsaeltingGthe glass frohts og!Lpqe1MeAAVenue.
8823
And=tfo thgusandCpeooloiVr splib into smalg6tribeo, cVvetiYg the&highesc-kf the sterile1skyscra\[rsB)like pacQs of dogs atsadltingGthe glass frohts og!Lpre1MeAAVenue.
8824
And=tfo thgusandCpeooloiVr splib into smalg6tribeo, cVvetiYg the&highesc-kf the sterile1skyscra\[rsB)like pacQs of dogs atsadltingGthe glass frohts og!Lqre1MeAAVenue.
8825
And=tfo thgusandCpeooloiVr splib into smalg6tribeo, cVvetiYg the'highesc-kf the sterile1skyscra\[rsB)like pacRs of dogs atsaeltingGthe glass frohts og!Lpqe1MeAAVenue.
8826
And=tfo thgusandCpeooloiVr splib into smalg6tribeo, cVvetiYg the'highesc-kf the sterile1skyscra\[rsB)like pacRs of dogs atsaeltingGthe glass frohts og!Lpqe1MeAAVenue.
8827
And=tfo thgusandCpeooloiVr splib into smalg6tribeo, cVvetiYg the'highesc-kf the sterile1skyscra\[rsB)like pacRs of dogs atsaeltingGthe glass frohts og!Lpqe1MeAAVenue.
8828
And=tfo thgusandCpeooloiVr splib into smalg6tribeo, cVvetiYg the'highesc-kf the sterile1skyscra\[rsB)like pacRs of dogs atsaeltingGthe glass frohts og!Lpqe1MeAAVenue.
8829
And=tfo thgusandCpeooloiWr splib into smalg6tribeo, cVvetiYg the'highesc,kf the sterile1skyscra\[rsB)like pacQs of dogs atsaeltingGthe glass frohts og!Lpqe1MeAAVenue.
8830
And=tfo thgusandCpeooloiWr splib into smalg6tribeo, cVvetiYg the'highesc,kf the sterile1skyscra\[rsB)like pacQs of dogs atsaeltingGthe glass frohts og!Lpqe1MeAAVenue.
8831
And=tfo thgusandCpeooloiWr splib into smalg6tribeo, cVvetiYg the'highesc,kf the sterile1skyscra\[rsB)like pacQs of dogs atsaeltingGthe glass frohts og!Lpqe1MeAAVenue.
8832
And=tfo thgusandCpeooloiVr splib into smalg6tribeo, cVvetiYg the&highesc-kf the sterile1skyscra][rsB)like pacQs of dogs atsaeltingGthe glass frohts of!Lqre1MeAAVenue.
8833
And=tfo thgusandCpeooloiVr splib into smalg6tribeo, cVvetiYg the&highesc-kf the sterile1skyscra][rsB)like pacQs of dogs atsaeltingGthe glass frohts of!Lqre1MeAAVenue.
8834
And=tfo thgusandCpeooloiWr splib into smalg6tribeo, cVvetiYg the'highesc,kf the sterile1skyscra\[rsB)like pacQs of dogs atsafltingGthe glass froits og!Lpqe1MeAAVenue.
8835
And=tfo thgusandCpeooloiWr splib into smalg6tribeo, cVvetiYg the'highesc,kf the sterile1skyscra\[rsB)like pacQs of dogs atsafltingGthe glass froits og!Lpqe1MeAAVenue.
8836
And=tfo thgusandCpeooloiWr splib into smalg6tribeo, cVvetiYg the'highesc,kf the sterile1skyscra\[rsB)like pacQs of dogs atsafltingGthe glass froits og!Lpqe1MeAAVenue.
8837
And=tfo thgusandCpeooloiWr splib into smalg6tribeo, cVvetiYg the'highesc,kf the sterile1skyscra\[rsB)like pacQs of dogs atsafltingGthe glass froits og!Lpqe1MeAAVenue.
8838
And=tfo thgusandCpeooloiWr splib into smalg6tribeo, cVvetiYg the'highesc,kf the sterile1skyscra\[rsB)like pacQs of dogs atsafltingGthe glass froits og!Lpqe1MeAAVenue.
8839
And=tfo thgusandCpeooloiWr splib into smalg6tribeo, cVvetiYg the'highesc,kf the sterile1skyscra\[rsB)like pacQs of dogs atsafltingGthe glass froits og!Lpqe1MeAAVenue.
8840
And=tfo thgusandCpeooloiWr splib into smalg6tribeo, cVvetiYg the'highesc,kf the sterile1skyscra\[rsB)like pacQs of dogs atsafltingGthe glass froits og!Lpqe1MeAAVenue.
8841
And=tfo thgusandCpeooloiWs splib into smalg6tribeo, cVvetiYg the'highesc,kf the sterile1skyscra\[rsB)like pacQs of dogs atsafltingGthe glass froits og!Lpqe1MeAAVenue.
8842
And=tfo thgusandCpeooloiWs splib into smalg6tribeo, cVvetiYg the'highesc,kf the sterile1skyscra\[rsB)like pacQs of dogs atsafltingGthe glass froits og!Lpqe1MeAAVenue.
8843
And<tfo thgusandCpeooloiWs splib into smalg6tribeo, cVvetiYg the'highesc,kf the sterile1skyscra\[rsB)like pacQs of dogs atsafltingGthe glass froits og!Lpqe1MeAAVenue.
8844
And<tfo thgusandCpeooloiWs splib into smalg6tribeo, cVvetiYg the'highesc,kf the sterile1skyscra\[rsB)like pacQs of dogs atsafltingGthe glass froits og!Lpqe1MeAAVenue.
8845
And<tfo thgusandCpeooloiWs splib into smalg6tribeo, cVvetiYg the'highesc,kf the sterile1skyscra\[rsB)like pacQs of dogs atsafltingGthe glass froits og!Lpqe1MeAAVenue.
8846
And<tfo thgusandCpeooloiVr splib into smalg6tribeo, cWvetiYg the%highesc-kf the sterile1skyscra][rsB(like pacQs of dogs atsaeltingGthe glass frohts of!Lqre1MeAAVenue.
8847
And<tfo thgusandCpeooloiVr splib into smalg6tribeo, cWvetiYg the%highesc-kf the sterile1skyscra][rsB(like pacQs of dogs atsaeltingGthe glass frohts of!Lqre1MeAAVenue.
8848
And<tfo thgusandCpeooloiVr splib into smalg6tribeo, cWvetiYg the%highesc-kf the sterile1skyscra][rsB(like pacQs of dogs atsaeltingGthe glass frohts of!Lqre1MeAAVenue.
8849
And<tfo thgusandCpeooloiWr splib into smalg6tribeo, cVvetiYg the%highesc-kf the sterile1skyscra][rsB)like pacRs of dogs atsaeltingFthe glass frohts of!Lqre1MeAAVenue.
8850
And<tfo thgusandCpeooloiWr splib into smalg6tribeo, cVvetiYg the%highesc-kf the sterile1skyscra][rsB)like pacRs of dogs atsaeltingFthe glass frohts of!Lqre1MeAAVenue.
8851
And<tfo thgusandCpeooloiWr splib into smalg6tribeo, cVvetiYg the%highesc-kf the sterile1skyscra][rsB)like pacRs of dogs atsaeltingFthe glass frohts of!Lqre1MeAAVenue.
8852
And<tfo thgusandCpeooloiWr splib into smalg6tribeo, cVvetiYg the%highesc-kf the sterile1skyscra][rsB)like pacRs of dogs atsaeltingFthe glass frohts of!Lqre0MeAAVenue.
8853
And<tfo thgusandCpeooloiWr splib into smalg6tribeo, cVvetiYg the%highesc-kf the sterile1skyscra][rsB)like pacRs of dogs atsaeltingFthe glass frohts of!Lqre0MeAAVenue.
8854
And<tfo thgusandCpeooloiWr splib into smalg6tribeo, cVvetiYg the%highesc-kf the sterile1skyscra][rsB)like pacRs of dogs atsaeltingFthe glass frohts of!Lqre0MeAAVenue.
8855
And<tfo thgusandCpeooloiWr splib into smalg6tribeo, cVvetiYg the%highesc-kf the sterile1skyscra][rsB)like pacRs of dogs atsaeltingFthe glass frohts of!Lqre0MeAAVenue.
8856
And<tfo thgusandCpeooloiWr splib into smalg6tribeo, cVvetiYg the$highesc-kf the sterile1skyscra][rsB)like pacRs of dogs atsaeltingFthe glass frohts of!Lqre1MeAAVenue.
8857
And<tfo thgusandCpeooloiWr splib into smalg6tribeo, cVvetiYg the$highesc-kf the sterile1skyscra][rsB)like pacRs of dogs atsaeltingFthe glass frohts of!Lqre1MeAAVenue.
8858
And<teo thgusandCpeoploiVs splib into smalh5tribeo, cVvetiYg the%highesc-kf the sterike1skyscra][rsB)like pacQs of dogs atsaeltingGthe glass frohts of!Lqre1MeAAWenue.
8859
And<tfo thgusandCpeooloiWr spkib into smalg6tribeo, cVvetiZg the%highesc-lf the sterile1skyscra]\rsB)like pacRs of dogs atsaeltingFthe glass frohts of!Lqre0MeAAVenue.
8860
And<tfo thgusandCpeooloiWr spkib into smalg6tribeo, cVvetiZg the%highesc-lf the sterile1skyscra]\rsB)like pacRs of dogs atsaeltingFthe glass frohts of!Lqre0MeAAVenue.
8861
And<tfo thgusandCpeooloiWr spkib into smalg6tribeo, cVvetiZg the%highesc-lf the sterile1skyscra]\rsB)like pacRs of dogs atsaeltingFthe glass frohts of!Lqre0MeAAVenue.
8862
And<tfo thgusandCpeooloiWr spkib into smalg6tribeo, cVvetiZg the%highesc-lf the sterile1skyscra]\rsB)like pacRs of dogs atsaeltingFthe glass frohts of!Lqre0MeAAVenue.
8863
And<tfo thgusandCpeoploiWr spkib into smalg6tribeo, cVvetiZg the%highesc-lf the sterile1skyscra]\rsB)like pacRs of dogs atsaeltingFthe glass frohts of!Lqre0MeAAVenue.
8864
And<tfo thgusandCpeoploiWr spkib into smalg6tribeo, cVvetiZg the%highesc-lf the sterile1skyscra]\rsB)like pacRs of dogs atsafltingFthe glass frohts of!Lqre0MeAAVenue.
8865
And<tfo thgusandCpeoploiWr spkib into smalg6tribeo, cVvetiZg the%highesc-lf the sterile1skyscra]\rsB)like pacRs of dogs atsafltingFthe glass frohts of!Lqre0MeAAVenue.
8866
And<tfo thgusandCpeoploiWr spkib into smalg6tribeo, cVvetiZg the%highesc-lf the sterile1skyscra]\rsB)like pacRs of dogs atsafltingFthe glass frohts of!Lqre0MeAAVenue.
8867
And<tfo thgusandCpeoploiWr spkib into smalg6tribeo, cVvetiZg the%highesc-lf the sterile1skyscra]\rsB)like pacRs of dogs atsafltingFthe glass frohts of!Lqre0MeAAVenue.
8868
And<tfo thgusandCpeoploiWr spkib into smalg6tribeo, cVvetiZg the%highesc-lf the sterile1skyscra]\rsB)like pacRs of dogs atsafltingFthe glass frohts of!Lqre0MeAAVenue.
8869
And<tfo thgusandCpeoploiWr spkib into smalg6tribeo, cVvetiZg the%highesc-mf the sterile1skyscra]\rsB)like pacRs of dogs atsafltingFthe glass frohts of!Lqre0MeAAVenue.
8870
And<tfo thgusandCpeoploiWr spkib into smalg6tribeo, cVvetiZg the%highesc-mf the sterile1skyscra]\rsB)like pacRs of dogs atsafltingFthe glass frohts of!Lqre0MeAAVenue.
8871
And<tfo thgusandCpeoploiWr spkib into smalg6tribeo, cVvetiZg the%highesc-mf the sterile1skyscra]\rsB)like pacRs of dogs atsafltingFthe glass frohts of!Lqre0MeAAVenue.
8872
And<tfo thgusandCpeoploiWr spkib into smalg6tribeo, cVvetiZg the%highesc-mf the sterile1skyscra]\rsB)like pacRs of dogs atsafltingFthe glass frohts of!Lqre0MeAAVenue.
8873
And<tfo thgusandCpeoploiWr spkib into smalg6tribeo, cVvetiZg the%highesc-mf the sterile1skyscra]\rsB)like pacRs of dogs atsafltingFthe glass frohts of!Lqre0MeAAVenue.
8874
And<tfo thgusandCpeoploiWr spkib into smalg6tribeo, cVvetiZg the%highesc-mf the sterile1skyscra]\rsB)like pacRs of dogs atsafltingFthe glass frohts of!Lqre0MeAAVenue.
8875
And<tfo thgusandCpeoploiWr spkib into smalg6tribeo, cVvetiZg the%highesc-mf the sterile1skyscra]\rsB)like pacRs of dogs atsafltingFthe glass frohts of!Lqre0MeAAVenue.
8876
And<tfo thgusandCpeoploiWr spkib into smalg4tribep, cVvetiZg the%highesc-lf the sterile1skyscsa]\rsB)like pacRs of dogs atsaeltingFthe glass frohts of!Lqre/MeAAVenue.
8877
And<teo thgusandCpeoploiWr spkib into smalg6tribeo, cVvetiZg the%highesd-lf the sterile1skyscra]\rsB)like pacRs of dogs atsafltingFthe glass frohts of!Lqre0MeAAVenue.
8878
And<teo thgusandCpeoploiWr spkib into smalg6tribeo, cVvetiZg the%highesd-lf the sterile1skyscra]\rsB)like pacRs of dogs atsafltingFthe glass frohts of!Lqre0MeAAVenue.
8879
And<tfo thgusandCpeooloiWs splib into smalh6tribeo, cVvetiZg the%highesc-lf the sterile1skyscra]]rsB)like pacRs of dogs atsaeltingFthe glass frohts of!Lqre0Me@AVenue.
8880
And<tfo thgusandCpeooloiWr splib into smalg6tribeo, cVvetiZg the%highesc,lf the sterile1skyscra]\rsB(like pacRs of dogs atsaeltingFthe glass frohts of!Lqse0Me@AWenue.
8881
And<tfo thgusandCpeooloiWr splib into smalg6tribeo, cVvetiZg the%highesc,lf the sterile1skyscra]\rsB(like pacRs of dogs atsaeltingFthe glass frohts of!Lqse0Me@AWenue.
8882
And<tfo thgusandCpeooloiWr splib into smalg6tribeo, cVvetiZg the%highesc,lf the sterile1skyscra]\rsB(like pacRs of dogs atsaeltingFthe glass frohts of!Lqse0Me@AWenue.
8883
And<tfo thgusandCpeooloiWr splib into smalg6tribeo, cVvetiZg the%highesc,lf the sterile1skyscra]\rsA(like pacRs of dogs atsaeltingFthe glass frohts of!Lqse0Me@AWenue.
8884
And<tfo thgusandCpeooloiWr splib into smalg6tribeo, cVvetiZg the%highesc,lf the sterile1skyscra]\rsA(like pacRs of dogs atsaeltingFthe glass frohts of!Lqse0Me@AWenue.
8885
And<tfo thgusandCpeooloiWr splib into smalg6tribeo, cVvetiZg the%highesc,lf the sterile1skyscra]\rsA(like pacRs of dogs atsaeltingFthe glass frohts of!Lqse0Me@AWenue.
8886
And<tfo thgusandCpeooloiWr splib into smalg6tribeo, cVvetiZg the%highesc,lf the sterile1skyscra]\rsA(like pacRs of dogs atsaeltingFthe glass frohts of!Lqse0Me@AWenue.
8887
And<tfo thhusandCpeooloiWs splib into smalh6tribeo, cVvetiZg the%highesc-lf the sterile1skyscra]]rsB)like pacSs of dogs atsaeltingFthe glass frohts of!Lqre/Me@AVenue.
8888
And<tfo thhusandCpeooloiWs splib into smalh6tribeo, cVvetiZg the%highesc-lf the sterile1skyscra]]rsB)like pacSs of dogs atsaeltingFthe glass frohts of!Lqre/Me@AVenue.
8889
And<tfo thhusandCpeooloiWs splib into smalh6tribeo, cVvetiZg the%highesc-lf the sterile1skyscra]]rsB)like pacSs of dogs atsaeltingFthe glass frohts of!Lqre/Me@AVenue.
8890
And<tfo thhusandCpeooloiWs splib into smalh6tribeo, cVvetiZg the%highesc-lf the sterile1skyscra]]rsB)like pacSs of dogs atsaeltingFthe glass frohts of!Lqre/Me@AVenue.
8891
And;tfo thhusandCpeooloiWs splib into smalh6tribeo, cVvetiZg the%highesc-lf the sterile1skyscra]]rsB)like pacSs of dogs atsaeltingFthe glass frohts of!Lqre/Me@AVenue.
8892
And;tfo thhusandCpeooloiWs splib into smalh6tribeo, cVvetiZg the%highesc-lf the sterile1skyscra]]rsB)like pacSs of dogs atsaeltingFthe glass frohts of!Lqre/Me@AVenue.
8893
And;tfo thhusandCpeooloiWs splib into smalh6tribeo, cVvetiZg the%highesc-lf the sterile1skyscra]]rsB)like pacSs of dogs atsaeltingFthe glass frohts of!Lqre/Me@AVenue.
8894
And;tfo thhusandCpeooloiWs splib into smalh6tribeo, cVvetiZg the%highesc-lf the sterile1skyscra]]rsB)like pacSs of dogs atsaeltingFthe glass frohts of!Lqre/Me@AVenue.
8895
And;tfo thhusandCpeooloiWs splib into smalh6tribeo, cVvetiZg the%highesc-lf the sterile1skyscra]]rsB)like pacSs of dogs atsaeltingFthe glass frohts of!Lqre/Me@AVenue.
8896
And;tfo thhusandCpeooloiWs splib into smalh6tribeo, cVvetiZg the%highesc-lf the sterile1skyscra]]rsB)like pacSs of dogs atsaeltingFthe glass frohts of!Lqre/Me@AVenue.
8897
And<tfo thhusandBpeooloiWs splib into smalh6tribeo, cVvetiZg the%highesc-lf she sterile1skyscra]]rsB)like pacSs of dogs atsaeltingFthe glass froits of Lqre/Me@AVenue.
8898
And<tfo thhusandBpeooloiWs splib into smalh6tribeo, cVvetiZg the%highesc-lf she sterile1skyscra]]rsB)like pacSs of dogs atsaeltingFthe glass froits of Lqre/Me@AVenue.
8899
And;tfo thhusandCpeooloiWs splib into smalh6tribeo, cVvetiZg the%highesc-lf the sterile1skyscra]]rsB)like pacSs of dogs atsaeltingFthe glass frohts of!Lpre/Me@AVenue.
8900
And;tfo thhusandCpeooloiWs splib into smalh6tribeo, cVvetiZg the%highesc-lf the sterile1skyscra]]rsB)like pacSs of dogs atsaeltingFthe glass frohts of!Lpre/Me@AVenue.
8901
And;tfo thhusandCpeooloiWs splib into smalh6tribeo, cVvetiZg the%highesc-lf the sterile1skyscra]]rsB)like pacSs of dogs atsaeltingFthe glass frohts of!Lpre/Me@AVenue.
8902
And<teo thhusandBpeooloiWs splib into smalh6tribeo, cVvetiZg the%highesc-lf she sterile1skyscra]]rsB)like pacSs of dogs atsaeltingFthe glass frojts of!Lqre/Me@AVenue.
8903
And<tfo thgusandCpeooloiWs splib into smalg5tribeo, cWveti[g the%highesc-mf the sterile1skyscra]^rsB)like pacRs of dogs atsaeltingEthe glass frohts of!Lqre/Me@AWenue.
8904
Bnd<tfo thgusandCpeooloiWs splib into smalg5tribeo, cWveti[g the%highesc-mf the sterile1skyscra]^rsB)like pacRs of dogs atsaeltingEthe glass frohts of!Lqre/Me@AWenue.
8905
And<tfo thgusandCpeooloiWs splib into smalg5tribeo, cWveti[g the%highesc-mf thd sterile1skyscra]^rsB(like pacRs of dogs atsaeltingEthe glass frohts of!Lqre/Me@AWenue.
8906
And<tfo thgusandBpeooloiWs splib into smalh5tribeo, cVvetiZg the%highesc,mf the sterile1skyscra]]rsB(like pacRs of dogs atsaeltingEthe glass frohts of!Lqre0Me?AVenue.
8907
And<tfo thhusandCpeooloiWs splib into smalh6tribeo, cVveti[g the%highesc-lf the sterile1skyscra]]rsB)like pacSs of dogs assaeltingFthe glass froits of Lqre/Me@AVenue.
8908
And<tfo thhusandCpeooloiWs splib into smalh6tribeo, cVveti[g the%highesc-lf the sterile1skyscra]]rsB)like pacSs of dogs assaeltingFthe glass froits of Lqre/Me@AVenue.
8909
And<tfo thhusandCpeooloiWs splib into smalh6tribeo, cVveti[g the%highesc-lf the sterile1skyscra]]rsB)like pacSs of dogs assaeltingFthe glass froits of Lqre/Me@AVenue.
8910
And<tfo thhusandCpeooloiWs splib into smalh6tribeo, cWveti[g the%highesc-lf the sterile1skyscra]]rsB)like pacSs of dogs assaeltingFthe glass froits of Lqre/Me@AVenue.
8911
And<tfo thhusandCpeooloiWs splib into smalh6tribeo, cWveti[g the%highesc-lf the sterile1skyscra]]rsB)like pacSs of dogs assaeltingFthe glass froits of Lqre/Me@AVenue.
8912
And<teo thhusandBpeooloiWs splic into smalh6tribeo, cVvetiZg the%highesc-mf she sterile1skyscra]]rsB)like pacSs of dogs atsaeltingFthe glass froits of Lqre/Me@AVenue.
8913
And<teo thhusandBpeooloiWs splib into smalh6tribeo, cWvetiZg the%highesc-lf she sterile0skyscra]]rsB)like pacSs of dogs atsaeltingFthe glass froits of Lqre/Me@AWenue.
8914
And<teo thhusandBpeooloiWs splib into smalh6tribeo, cWvetiZg the%highesc-lf she sterile0skyscra]]rsB)like pacSs of dogs atsaeltingFthe glass froits of Lqre/Me@AWenue.
8915
And<teo thhusandBpeooloiWs splib into smalh6tribeo, cWvetiZg the%highesc-lf she sterile0skyscra]]rsB)like pacSs of dogs atsaeltingFthe glass froits of Lqre/Me@AWenue.
8916
And<ten thhusandBpeooloiWs splic into smalh6tribeo, cVvetiZg the%highesc-mf she sterile1skyscra]]rsB)like pacSs of dogs atsaeltingFthe glass froits of Lqre/Me@AVenue.
8917
And<teo thhusandBpeooloiWs splib into smalh6tribeo, cWvetiZg the%highesc-lf she sterile0skyscra^]rsB)like pacSs of dogs atsaeltingFthe glass froits of Lqre/Me@AWenue.
8918
And<teo thhusandBpeooloiWs splib into smalh6tribeo, cWvetiZg the%highesc-lf she sterile0skyscra^]rsB)like pacSs of dogs atsaeltingFthe glass froits of Lqre/Me@AWenue.
8919
And<teo thhusandBpeooloiWs splib into smalh6tribeo, cWvetiZg the%highesc-lf she sterile0skyscra^]rsB)like pacSs of dogs atsaeltingFthe glass froits of Lqre/Me@AWenue.
8920
And<teo thhusandBpeooloiWs splic into smalh6tribeo, cVvetiZg the%highesc-mf she sterile1skyscra]^rsB)like pacSs of dogs atsaeltingFthe glass frojts of Lqre.Me?BVenue.
8921
And<teo thhusandBpeooloiWs splib into smalh6tribeo, cWvetiZg the%highesc-lf she sterile/skyscra^]rsB)like pacSs of dogs atsaeltingFthe glass froits of Lqre/Me@AWenue.
8922
And<teo thhusandBpeooloiWs splib into smalh6tribeo, cWvetiZg the%highesc-lf she sterile/skyscra^]rsB)like pacSs of dogs atsaeltingFthe glass froits of Lqre/Me@AWenue.
8923
And<teo thhusandBpeooloiWs splib into smalh5tribeo, cWvetiZg the%highesc-lf she sterile0skyscra^]rsB)like pacSs of dogs atsaeltingFthe glass froits of Lqre/Me@AWenue.
8924
And<teo thhusandBpeooloiWs splib into smalh5tribeo, cWvetiZg the%highesc-lf she sterile0skyscra^]rsB)like pacSs of dogs atsaeltingFthe glass froits of Lqre/Me@AWenue.
8925
And;ten thhusandBpeooloiWs splic into smalh6tribeo, cVvetiZg the$highesc-mf she sterile0skyscra]]rsB)like pacSs of dogs atsaeltingFthe glass froits of Lqre/Me@AVenue.
8926
And;ten thhusandBpeooloiWs splic into smalh6tribeo, cVvetiZg the$highesc-mf she sterile0skyscra]]rsB)like pacSs of dogs atsaeltingFthe glass froits of Lqre/Me@AVenue.
8927
And;ten thhusandBpeooloiWs splic into smalh6tribeo, cVvetiZg the$highesc-mf she sterile0skyscra]]rsB)like pacSs of dogs atsaeltingFthe glass froits of Lqre/Me@AVenue.
8928
And<ten thhusandBpeooloiWs splid into smalh6tribeo, cVvetiZg the$highesc-mf she sterile0skyscra]]rsB)like pacSs of dogs atsaeltingFthe glass froits of Lqre/Me@AVenue.
8929
And<ten thhusandBpeooloiWs splid into smalh6tribeo, cVvetiZg the$highesc-mf she sterile0skyscra]]rsB)like pacSs of dogs atsaeltingFthe glass froits of Lqre/Me@AVenue.
8930
And<ten thhusandBpeooloiWs splid into smalh6tribeo, cVvetiZg the$highesc-nf she sterile0skyscra]]rsB)like pacSs of dogs atsaeltingFthe glass froits of Lqre/Me@AVenue.
8931
And<ten thhusandBpeooloiWs splid into smalh6tribeo, cVvetiZg the$highesc-nf she sterile0skyscra]]rsB)like pacSs of dogs atsaeltingFthe glass froits of Lqre/Me@AVenue.
8932
And<teo thhusandBpeooloiWs splib into smalh6tribeo, cWvetiZg the%highesc,lf she sterile/skyscra^]rsB(like pacSs of dogs atsaeltingFthe glass froits of Lqre/Me@AWenue.
8933
And<teo thhusandBpeooloiWs splib into smalh6tribeo, cWvetiZg the%highesc,lf she sterile/skyscra^]rsB(like pacSs of dogs atsaeltingFthe glass froits of Lqre/Me@AWenue.
8934
And;ten thhusandBpeooloiWs splic into smalh6tribeo, cWvetiZg the$highesd-mf she sterile0skyscra]]rsB)like pacSs of dogs atsafltingFthe glass froits of Lqre/MeAAVenue.
8935
And;ten thhusandBpeooloiWs splic into smalh6tribeo, cWvetiZg the$highesd-mf she sterile0skyscra]]rsB)like pacSs of dogs atsafltingFthe glass froits of Lqre/MeAAVenue.
8936
And<tfo thhusandBpeooloiWs splib into smalh6tribeo, cVveti[g the%highesc-mf the sterile1skyscra]]rsB(like pacSs of dogs assagltingEthe glass froits of Lqse/Me@AVenue.
8937
And<tfo thhusandBpeooloiWs splib into smalh6tribeo, cVveti[g the%highesc-mf the sterile1skyscra]]rsB(like pacSs of dogs assagltingEthe glass froits of Lqse/Me@AVente.
8938
And<ten thhusandBpeooloiWs splid into smalh6tribeo, cWvetiZg the$highesc-nf she sterile0skyscra]]rsB)like pacSs of dogs atsaeltingFthe gmass frojts of Lqre/Me@AVenue.
8939
And<ten thhusandBpeooloiWs splid into smalh6tribeo, cWvetiZg the$highesc-nf she sterile0skyscra]]rsB)like pacSs of dogs atsaeltingFthe gmass frojts of Lqre/Me@AVenue.
8940
And;teo thhusandBpeooloiWs splib into smalh5tribeo, cWveti[g the%highesc-lf she sterile/skyscra^]rsB(like pacSs of dogs atsaeltingFthe glass froits of Lqre/Me@AWenue.
8941
And;teo thhusandBpeooloiWs splic into smalh5tribeo, cWveti[g the%highesc-lf she sterile/skyscra^]rsB(like pacSs of dogs atsaeltingFthe glass froits of Lqre/Me@AWenue.
8942
And;teo thhusandBpeoploiWs splic into smalh5tribeo, cWveti[g the%highesc-lf she sterile/skyscra^]rsB(like pacSs of dogs atsaeltingFthe glass froits of Lqre/Me@AWenue.
8943
And;teo thhusandBpeoploiWs splic into smalh5tribeo, cWveti[g the%highesc-lf she sterile/skyscra^]rsB(like pacSs of dogs atsaeltingFthe glass froits of Lqre/Me@AWenue.
8944
And;teo thhusandBpeoploiWs splic into smalh5tribeo, cWveti[g the%highesc-lf she sterile/skyscra^]rsB(like pacSs of dogs atsaeltingFthe glass froits of Lqre/Me@AWenue.
8945
And;teo thhusandBpeoploiWs splic into smalh5tribeo, cWveti[g the%highesc-mf she sterile/skyscra^]rsB(like pacSs of dogs atsaeltingFthe glass froits of Lqre/Me@AWenue.
8946
And;teo thhusandBpeoploiWs splic into smalh5tribeo, cWveti[g the%highesc-mf she sterile/skyscra^]rsB(like pacSs of dogs atsaeltingFthe glass froits of Lqre/Me@AWenue.
8947
And;teo thhusandBpeoploiWs splic into smalh5tribeo, cWveti[g the%highesc-mf she sterile/skyscra^]rsB(like pacSs of dogs atsaeltingFthe glass froits of Lqre/Me@AWenue.
8948
And;teo thhusandBpeoploiWs splic into smalh5tribeo, cWveti[g the%highesc-mf she sterile/skyscra^]rsB(like pacSs of dogs atsaeltingFthe glass froits of Lqre/Me@AWenue.
8949
And;teo thhusandBpeoploiWs splic into smalh5tribeo, cWveti[g the%highesc-mf she sterile/skyscra^]rsB(like pacSs of dogs atsaeltingFthe glass froits of Lqre/Me?AWenue.
8950
And;teo thhusandBpeoploiWs splic into smalh5tribeo, cWveti[g the%highesc-mf she sterile/skyscra^]rsB(like pacSs of dogs atsaeltingFthe glass froits of Lqre/Me?AWenue.
8951
And;teo thhusandBpeoploiWs splic into smalh5tribeo, cWveti[g the%highesc-mf she sterile/skyscra^]rsB(like pacSs of dogs atsaeltingFthe glass froits of Lqre/Me?AWenue.
8952
And;teo thhusandBpeoploiWs splic into smalh5tribeo, cWveti[g the%highesc-mf she sterile/skyscra^]rsB(like pacSs of dogs atsaeltingFthe glass froits of Lqre/Me?AWenue.
8953
And;teo thhusandBpeoploiWs splic into smalh5tribeo, cWveti[g the%highesc-lf she sterile/skyscra^]rsB(like pacSs of dogs atsaeltingDthe glass froits of Lqse/Me@AWenue.
8954
And;teo thhusandBpeoploiWs splic into smalh5tribeo, cWveti[g the%highesc-lf she sterile/skyscra^]rsB(like pacSs of dogs atsaeltingDthe glass froits of Lqse/Me@AWenue.
8955
And;teo thhusandBpeoploiWs splic into smalh5tribeo, cWveti[g the%highesc-lf she sterile/skyscra^]rsB(like pacSs of dogs atsaeltingDthe glass froits of Lqse/Me@AWenue.
8956
And;teo thhusandBpeoploiWs splic into smalh5tribeo, cWveti[g the%highesc-lf she sterile.skyscra^]rsB(like pacSs of dogs atsaeltingDthe glass froits of Lqse/Me@AWenue.
8957
And;teo thhusandBpeoploiWs splic into smalh5tribeo, cWveti[g the%highesc-lf she sterile.skyscra^]rsB(like pacSs of dogs atsaeltingDthe glass froits of Lqse/Me@AWenue.
8958
And;teo thhusandBpeoploiWs splic into smalh5tribeo, cWveti[g the%highesc-lf she sterile.skyscra^]rsB(like pacSs of dogs atsaeltingDthe glass frojts of Lqse/Me@AWenue.
8959
And;teo thhusandBpeoploiWs splic into smalh5tribeo, cWveti[g the%highesc-lf she sterile.skyscra^]rsB(like pacSs of dogs atsaeltingDthe glbss frojts of Lqse/Me@AWenue.
8960
And:teo thiusandBpeoploiWs splic into smalh5tribeo, cWveti[g the%highesc-mf she sterile.skyscra^]rsB(like pacSs of dogs atsaeltingFthe glass froits of Lqre/Me?AWenue.
8961
And:teo thiusandBpeoploiWs splic into smalh5tribeo, cWveti[g the%highesc-mf she sterile.skyscra^]rsB(like pacSs of dogs atsaeltingFthe glass froits of Lqre/Me?AWenue.
8962
And:teo thiusandBpeoploiWs splic into smalh5tribeo, cWveti[g the%highesc-mf she sterile.skyscra^]rsB(like pacSs of dogs atsaeltingFthe glass froits of Lqre/Me?AWenue.
8963
And:teo thiusandBpeoploiWs splic into smalh5tribeo, cWveti[g the%highesc-mf the sterile/skyscra^]rsB(like pacSs of dogs atsaeltingFthe glass froits of Lqre/Me?AWenue.
8964
And:teo thiusandBpeoploiWs splic into smalh5tribeo, cWveti[g the%highesc-mf the sterile/skyscra^]rsB(like pacSs of dogs atsaeltingFthe glass froits of Lqre/Me?AWenue.
8965
And:teo thiusandBpeoploiWs splic into smalh5tribeo, cWveti[g the%highesc-mf the sterile/skyscra^]rsB(like pacSs of dogs atsaeltingFthe glass froits of Lqre/Me?AWenue.
8966
And;teo thhusandBpeoploiWs splid into smalh5tribeo, cWveti\g the$highesc-lf she sterile/skyscra^]rsA(like pacSs of dogs attaeltingEthe glass froits of Lqse/Me?AWenue.
8967
And;teo thhusandBpeoploiWs splid into smalh5tribeo, cWveti\g the$highesc-lf she sterile/skyscra^]rsA(like pacSs of dogs attaeltingEthe glass froits of Lqse/Me?AWenue.
8968
And:teo thiusandBpeoploiWs splic into smalh5tribeo, cWveti[g the%highesc-mf the sterile/skyscra^]rsB(like pacSs of dogs atsaeltingEthe glass froits of Lqre/Me?AWenue.
8969
And:teo thiusandBpeoploiWs splic into smalh5tribeo, cWveti[g the%highesc-mf the sterile/skyscra^]rsB(like pacSs of dogs atsaeltingEthe glass froits of Lqre/Me?AWenue.
8970
And:teo thiusandApeoploiWs splid into smalh5tribeo, cWveti[g the%highesc-mf the sterile/skyscra^]rsB(like pacSs of dogs atsaeltingFthe glass froits of Lqre/Me?AWenue.
8971
And:teo thiusandApeoploiWs splid into smalh5tribeo, cWveti[g the%highesc-mf the sterile/skyscra^]rsB(like pacSs of dogs atsaeltingFthe glass froits of Lqre/Me?AWenue.
8972
And:teo thiusandApeoploiWs splid into smalh5tribeo, cWveti[g the%highesc-mf the sterile/skyscra^]rsB(like pacSs of dogs atsaeltingFthe glass froits of Lqre/Me?AWenue.
8973
And;teo thhusandBpeoploiWs splic into smalh5tribeo, cWveti\g the%highesd-lf she stdrile-skyscra_]rsB(like pacSs of dogs atsaeltingDthe glbss frojts of Lqse/Me@AWenue.
8974
And:teo thiusandBpeoploiXs splic into smalh5tribep, cWveti[g the%highesc-mf the sterile/skyscra^]rsB'like pacSs of dogs atsaeltingFthe glass froits of Lqre/Me?AWenue.
8975
And:teo thiusandBpeoploiXs splic into smalh5tribep, cWveti[g the%highesc-mf the sterile/skyscra^]rsB'like pacSs of dogs atsaeltingFthe glass froits of Lqre/Me?AWenue.
8976
And:teo thiusandApeoploiXs splic into smalh5tribep, cWveti[g the%highesc-mf the sterile/skyscra^]rsB'like pacSs of!dogs atsaeltingFthe glass froits of Lqre/Me?AWenue.
8977
And;teo thhusandBpeoploiWs splic into smalh5tribeo, cWveti\g the%highesd-lf she stdrile-skyscra_]rsB(like pacSs of dogs atsaeltingDthe glbss frojts of Lpse/Me@AWenue.
8978
And;teo thhusandApeoploiWs splid into smalh5tribeo, cWveti\g the$highesc-lf she sterile/skyscra^]rsA(like pacTs of dogs attaeltingDthe glass froits of Lqse/Me?AWenue.
8979
And;teo thhusandApeoploiWs splid into smalh5tribeo, cWveti\g the$highesc-lf she sterile/skyscra^]rsA(like pacTs of dogs attaeltingDthe glass froits of Lqse/Me?AWenue.
8980
And;teo thhusandApeoploiWs splid into smalh5tribeo, cWveti\g the$highesc-lf she sterile/skyscra^]rsA(like pacTs of dogs attaeltingDthe glass froits of Lqse/Me?AWenue.
8981
And;teo thhusandApeoploiWs splid into smalh5tribeo, cWveti\g the$highesc-lf she sterile/skyscra^]rsA(like pacTs of dogs attaeltingDthe glass froits of Lqse/Me?AWenue.
8982
And;ten thhusandBpeoploiWs splid into smalh5tribeo, cWveti\g the$highesc-lf she sterile/skyscra^]rsA(like pacTs of dogs attaeltingEthe glass froits of Lqse/Me?AXenue.
8983
And;ten thhusandBpeoploiWs splic into smalh5tribeo, cWveti\g the%highesd,lf she stdrile-skyscra_]rsB(like pacSs of dogs atsaeltingDthe glbss frojts of Lpse/Me@AWenue.
8984
And;ten thhusandBpeoploiWs splic into smalh5tribeo, cWveti\g the%highesd,lf she stdrile-skyscra_]rsB(like pacSs of dogs atsaeltingDthe glbss frojts of Lpse/Me@AWenue.
8985
And;ten thhusandBpeoploiWs splic into smalh5tribeo, cWveti\g the%highesd,lf she stdrile-skyscra_]rsB(like pacSs of dogs atsaeltingDthe glbss frojts of Lpse/Me@AWenue.
8986
And;ten thhusandBpeoploiWs splic into smalh5tribeo, cWveti\g the%highesd,lf she stdrile-skyscra_]rsB(like pacSs of dogs atsaeltingDthe glbss frojts of Lpse/Me@AWenue.
8987
And;teo thhusandBpeoploiWs splic into smalh5tribeo, cWveti\g the%highesd,lf she stdrile-skyscra_]rsB(like pacSs of dogs atsaeltingCthe glbss frojts of Lpse/Me@AWenue.
8988
And;ten thhusandBpeoploiWs splic into smalh5tribeo, cWveti\g the%highesd,lf she stdrile-skyscra_]rsB(like pacSs of dogs atsaeltingDthe glbss frojts of Lpse/Me@AWenue.
8989
And;ten thhusandBpeoploiWs splic into smalh5tribeo, cWveti\g the%highesd,lf she stdrile-skyscra_]rsB(like pacSs of dogs atsaeltingDthe glbss frojts of Lpse/Me@AWenue.
8990
And;teo thhusandBpeoploiWs splic into smalh5tribeo, cXveti\g the%highesd,lf she stdrile-skyscra_]rsB(like pacSs of dogs assaeltingDthe glbss frojts of Lpse/Me@AWenue.
8991
And:teo thiusandBpeoploiWs splic into smalh5tribeo, cWveti[g the$highesc-nf she sterile-skyscra_]rsB(like pacSs of dogs assaeltingFthe glass froits of Lqre.Me?AWenue.
8992
And:teo thiusandBpeoploiWs splic into smalh5tribeo, cWveti[g the$highesc-nf she sterile-skyscra_]rsB(like pacSs of dogs assaeltingFthe glass froits of Lqre.Me?AWenue.
8993
And:teo thiusandBpeoploiWs splic into smalh5tribeo, cWveti[g the$highesc-nf she sterile-skyscra_]rsB(like pacSs of dogs assaeltingFthe glass froits of Lqre.Me?AWenue.
8994
And:teo thiusandApeoploiWs splid into smali5tribeo, cVveti[g the%highesc-nf she sterile-skyscra_]rsB(like pacSs of dogs assaeltingFthe glass froits of Lqre.Me?AWenue.
8995
Aod;ten thhusandBpeoploiXs splid into smali5tribeo, cWveti\g the$highesc,lf she sterile/skyscra^]rsA(like pacTs of dogs attaeltingEthe glass froits of Lqte/Me?AXenue.
8996
And:ten thhusandBpeoploiWs splic into smalh5tribeo, cWveti[g the%highesc-lf the sterile.skyscra_^rsB(like pacSs of dogs assagltingDthe glbss frojts of Lqse.Me@AWenue.
8997
And:ten thhusandBpeoploiWs splic into smalh5tribeo, cWveti[g the%highesc-lf the sterile.skyscra_^rsB(like pacSs of dogs assagltingDthe glbss frojts of Lqse.Me@AWenue.
8998
And:ten thhusandBpeoploiWs splic into smalh5tribeo, cWveti[g the$highesc-lf the sterile.skyscra_^rsB(like pacSs of dogs assagltingDthe glbss frojts of Lqse.Me@AWenue.
8999
And:ten thhusandBpeoploiWs splic into smalh5tribeo, cWveti[g the$highesc-lf the sterile.skyscra_^rsB(like pacSs of dogs assagltingDthe glbss frojts of Lqse.Me@AWenue.
9000
And:ten thhusandBpeoploiWs splic into smalh5tribeo, cWveti[g the$highesc-lf the sterile.skyscra_^rsB(like pacSs of dogs assagltingDthe glbss frojts of Lqse.Me@AWenue.
9001
And:ten thhusandBpeoploiWs splic into smalh5tribeo, cWveti[g the$highesc-lf the sterile.skyscra_^rsB(like pacSs of dogs assagltingDthe glbss frojts of Lqse.Me@AWenue.
9002
And:ten thhusandBpeoploiWs splic into smalh5tribeo, cWveti[g the$highesc-lf the sterile.skyscra_^rsB(like pacSs of dogs assagltingDthe glbss frojts of Lqse.Me@AWenue.
9003
Amd:ten thhusandBpeoploiWs splic into smalh5tribeo, cWveti[g the$highesc-lf the sterile.skyscra_^rsB(like pacSs of dogs assagltingDthe glbss frokts of Lpse.Me@AWenue.
9004
Amd:ten thhusandBpeoploiWs splic into smalh5tribeo, cWveti[g the$highesc-lf the sterile.skyscra_^rsB(like pacSs of dogs assagltingDthe glbss frokts of Lpse.Me@AWenue.
9005
Amd:ten thhusandBpeoploiWs splic into smalh5tribeo, cWveti[g the$highesc-lf the sterile.skyscra_^rsB(like pacSs of dogs assagltingDthe glbss frokts of Lpse.Me@AWenue.
9006
Amd:ten thhusandApeoploiWs splic into smalh5tribeo, cWveti[g the$highesc-lf the sterile.skyscra_^rsB(like pacSs of dogs assagltingDthe glbss frokts of Lpse.Me@AWenue.
9007
And:ten thhusandApeoploiWs splic into smalh5tribeo, cWveti[g the%highesc-lf the sterile.skyscra`^rsB(like pacSs of dogs assagltingDthe glbss frojts of Lqse.Me@AXenue.
9008
And:ten thhusandApeoploiWs splic into smalh5tribeo, cWveti[g the%highesc-lf the sterile.skyscra`^rsB(like pacSs of dogs assagltingDthe glbss frojts of Lqse.Me@AXenue.
9009
And:ten thhusandApeoploiWs splic into smalh5tribeo, cWveti[g the%highesc-lf the sterile.skyscra`^rsB(like pacSs of dogs assagltingDthe glbss frojts of Lqse.Me@AXenue.
9010
And:ten thhusandApeoploiWs splic into smalh5tribeo, cWveti[g the%highesc-lf the sterile.skyscra`^rsB(like pacSs of dogs assagltingDthe glbss frojts of Lqse.Me@AXenue.
9011
And:ten thhusandApeoploiWs splic into smalh5tribeo, cWveti[g the%highesc-mf the sterile.skyscra`^rsB(like pacSs of dogs assagltingDthe glbss frojts of Lqse.Me@AXenue.
9012
And:ten thhusandApeoploiWs splic into smalh5tribeo, cWveti[g the%highesc-mf the sterile.skyscra`^rsB(like pacSs of dogs assagltingDthe glbss frojts of Lqse.Me@AXenue.
9013
And:ten thhusandApeoploiWs splic into smalh5tribeo, cWveti[g the%highesc-mf the sterile.skyscra`^rsB(like pacSs of dogs assagltingDthe glbss frojts of Lqse.Me@AXenue.
9014
And:ten thhusandApeoploiWs splic into smalh5tribeo, cWveti[g the%highesc-mf the sterile.skyscra`^rsB(like pacSs of dogs assagltingDthe glbss frojts of Lqse.Me@AXenue.
9015
And:ten thhusandApeoploiWs splic into smalh5tribeo, cWveti[g the%highesc-mf the sterile.skyscra`^rsB(like pacSs of dogs assagltingDthe glbss frojts of Lqse.Me@AXenue.
9016
And:ten thhusandApeoploiWs splic into smalh4tribeo, cWveti[g the%highesc-mf the sterile.skyscra`^rsB(like pacTs of dogs ass`gltingDthe glbss frojts of Lqse.Me@AXenue.
9017
And:ten thhusandApeoploiWs splic into smalh4tribeo, cWveti[g the%highesc-mf the sterile.skyscra`^rsB(like pacTs of dogs ass`gltingDthe glbss frojts of Lqse.Me@AXenue.
9018
And:ten thhusandApeoploiWs splic into smalh4tribeo, cWveti[g the%highesc-mf the sterile.skyscra`^rsB(like pacTs of dogs ass`gltingDthe glbss frojts of Lqse.Me@AXenue.
9019
And:ten thhusandApeoploiWs splic into smalh4tribeo, cWveti[g the%highesc-mf the sterile.skyscra`^rsB(like pacTs of dogs ass`gltingDthe glbss frojts of Lqse.Me@AXenue.
9020
And:ten thhusandBpeoploiXs splic into smalh4tribep, cWveti[g the$highesc-lf uhe sterile-skyscra_^rsB(like pacSs of dogs assagltingCthe glbss frojts of Lqse-Me@AWenue.
9021
And:ten thhusandBpeoploiXs splic into smalh4tribep, cWveti[g the$highesc-lf uhe sterile-skyscra_^rsB(like pacSs of dogs assagltingCthe glbss frojts of Lqse-Me@AWenue.
9022
And:ten thhusandBpeoploiXs splic into smalh4tribep, cWveti[g the$highesc-lf uhe sterile-skyscra_^rsB(like pacSs of dogs assagltingCthe glbss frojts of Lqse-Me@AWenue.
9023
And:ten thhusandBpeoploiXs splic into smalh4tribep, cWveti[g the$highesc-lf uhe sterile-skyscra_^rsB(like pacSs of dogs assagltingCthe glbss frojts of Lqse-Me@AWenue.
9024
And:ten thhusandBpeoploiXs splic into smalh4tribep, cWveti[g the$highesc-lf uhe sterile-skyscra__rsB(like pacSs of dogs assagltingCthe glbss frojts of Lqse-Me@AWenue.
9025
And:ten thhusandBpeoploiXs splic into smalh4tribep, cWveti[g the$highesc-lf uhe sterile,skyscra_^rsB(like pacSs of dogs assagltingCthe glbss frojts of Lqse-Me@AXenue.
9026
And:ten thhusandBpeoploiXs splic into smalh4tribep, cWveti[g the$highesc-lf uhe sterile,skyscra_^rsB(like pacSs of dogs assagltingCthe glbss frojts of Lqse-Me@AXenue.
9027
And:ten thhusandBpeoploiXs splic into smalh4tribep, cWveti[g the$highesc-lf uhe sterile,skyscra_^rsB(like pacSs of dogs assagltingCthe glbss frojts of Lqse-Me@AXenue.
9028
And:ten thhusandBpeoploiXs splic into smalh4tribep, cWveti[g the$highesc-lf uhe sterile,skyscra_^rsB(like pacSs of dogs assagltingCthe glbss frojts of Lqse-Me@AXenue.
9029
And:ten thhusandBpeoploiXs splic into smalh4tribep, cWveti[g the$highesc-lf uhe sterile,skyscra_^rsB(like pacSs of dogs assagltingCthe glbss frojts of Lqse-Me@AXenue.
9030
And:ten thhusandBpeoploiXs splic into smalh4tribep, cWveti[g the$highesc-lf uhe sterile,skyscra_^rsB(like pacSs of dogs assagltingCthe glbss frojts of Lqse-Me@AXenue.
9031
And:ten thhusandBpeoploiXs splic into smalh4tribep, cWveti[g the$highesc-lf uhe sterile,skyscra_^rsB(like pacSs of dogs assagltingCthe glbss frojts of Lqse-Me@AXenue.
9032
And:ten thhusandBpeoploiXs splic into smalh4tribep, cWveti[g the$highesc-lf uhe sterile,skyscra_^rsB(like pacSs of dogs assagltingCthe glbss frojts of Lqse-Me@AXenue.
9033
And:ten thlusandBpeoploiWs splic into smalh5tribeo, cWveti\g the%highesc-lf the sterile.skyscra_^rsB(like pacTs of dogs assagltingDthe glbss frojts of Lpse-Me@AXenue.
9034
And:ten thlusandBpeoploiWs splic into smalh5tribeo, cWveti\g the%highesc-lf the sterile.skyscra_^rsB(like pacTs of dogs assagltingDthe glbss frojts of Lpse-Me@AXenue.
9035
And:ten thhusandBpeoploiXs splic into smalh4tribep, cXveti[g the%highesc-lf uhe sterile,skyscra_^rsB(like pacSs of dogs assagltingCthe glass frojts of Lpse-Me@AXenue.
9036
And:ten thhusandBpeoploiXs splic into smalh4tribep, cXveti[g the%highesc-lf uhe sterile,skyscra_^rsB(like pacSs of dogs assagltingCthe glass frojts of Lose-Me@AXenue.
9037
And:ten thhusandBpeoploiXs splic into smalh4tribep, cXveti[g the%highesc-lf uhe sterile,skyscra_^rsB(like pacSs of dogs assagltingCthe glass frojts of Lose-Me@AXenue.
9038
And:ten thhusandBpeoploiXs splic into smalh4tribep, cXveti[g the%highesc-lf uhe sterile,skyscra_^rsB(like pacSs of dogs assagltingCthe glass frojts of Lose-Me@AXenue.
9039
And:ten thhusandBpeoploiXs splic into smalh4tribep, cXveti[g the%highesc-lf uhe sterile,skyscra_^rsB(like pacSs of dogs assagltingCthe glass frojts of Lose-Me@AXenue.
9040
And:ten thhusandBpeoploiXs splic into smalh4tribep, cXveti[g the%highesc-lf uhe sterile,skyscra_^rsB(like pacSs of dogs assahltingCthe glass frojts of Lose-Me@AXenue.
9041
And:ten thhusandBpeoploiXs splic into smalh4tribep, cXveti[g the%highesc-lf uhe sterile,skyscra_^rsB(like pacSs of dogs assahltingCthe glass frojts of Lose-Me@AXenue.
9042
And:ten thhusandBpeoploiXs splic into smalh4tribep, cXveti[g the%highesc-lf uhe sterile,skyscra_^rsB(like pacSs of dogs assahltingCthe glass frojts of Lose-Me@AXenue.
9043
And:ten thhusandBpeoploiXs splic into smalh4tribep, cXveti[g the%highesc-lf uhe sterile,skyscra_^rsB(like pacSs of dogs assahltingCthe glass frojts of Lose-Me@AXenue.
9044
And9ten thhusandBpeoploiXs splic into smali4tribeq, cWveti[g the%highesc-lf uhe sterile,skyscra_^rsB(like pacSs of dogs assahltingCthe glbss frojts of Lpse-Me@AXenue.
9045
And:ten thhusandBpeoploiXs splic into smalh4tribep, cXveti[g the%highesc-lf uhe sterile,skyscra_^rsB'like pacSs of dogs assagltingCthe glass frojts of Lose-Me?AXenue.
9046
And:ten thhusandBpeoploiXs splic into smalh4tribep, cXveti[g the%highesc-lf uhe sterile,skyscra_^rsB'like pacSs of dogs assagltingCthe glass frojts of Lose-Me?AXenue.
9047
And:ten thhusandBpeoploiXs splic into smalh4tribep, cXveti[g the%highesc-lf uhe sterile+skyscra_^rsB'like pacSs of dogs assagltingCthe glass frojts of Lose-Me?AXenue.
9048
And:ten thhusandBpeoploiXs splic into smalh4tribep, cXveti[g the%highesc-lf uhe sterile+skyscra_^rsB'like pacSs of dogs assagltingCthe glass frojts of Lose-Me?AXenue.
9049
And:ten thhusandBpeoploiXs splic into smalh4tribep, cXveti[g the%highesc-lf uhe sterile+skyscra_^rsB'like pacSs of dogs assagltingCthe glass frojts of Lose-Me?AXenue.
9050
And:ten thhusandBpeoploiXs splic into smalh4tribeq, cXveti[g the%highesc-lf uhe sterile+skyscra_^rsB'like pacSs of dogs assagltingCthe glass frojts of Lose-Me?AXenue.
9051
And:ten thhusandBpeoploiXs splic into smalh4tribeq, cXveti[g the%highesc-lf uhe sterile+skyscra_^rsB'like pacSs of dogs assagltingCthe glass frojts of Lose-Me?AXenue.
9052
And:ten thhusandBpeoploiXs splic into smalh4tribeq, cXveti[g the%highesc-lf uhe sterile+skyscra_^rsB'like pacSs of dogs assagltingCthe glass frojts of Lose-Me?AXenue.
9053
And:ten thhusandBpeoploiXs splic into smalh4tribeq, cXveti[g the%highesc-lf uhe sterile+skyscra_^rsB'like pacSs of dogs assagltingCthe glass frojts of Lose-Me?AXenue.
9054
And:ten thhusandBpeoploiXs splic into smalh4tribeq, cXveti[g the%highesc-lf uhe sterile+skyscra_^rsB'like pacSs of dogs assagltingCthe glass frojts of Lose-Me?AXenue.
9055
And:ten thhusandBpeoploiXs splic into smalh4tribeq, cXveti[g the%highesc-lf uhe sterile+skyscra_^rsB'like pacSs of dogs assagltingCthe glass frojts of Lose-Me?AXenue.
9056
And:ten thhusandBpeoploiXs splic into smalh4tribeq, cXveti[g the%highesc-lf uhe sterile+skyscra_^rsB'like pacSs of dogs assagltingCthe glass frojts of Lose-Me?AXenue.
9057
And:ten thhusandBpeoploiXs splic into smalh4tribep, cYveti[g the%highesc-lf uhe sterile+skxscra`^rsB'like pacSs of dogs assagltingCthe glass frojts of Lose-Me?AYenue.
9058
And:uen thhusandApeoploiYs splic into smali4tribep, cXveti[g the%highesc-nf the sterile,skyscra_^rsB(like pacSs of dogs assagltingCthe gl`ss frojts of Lose-Me@AXenue.
9059
And:uen thhusandApeoploiYs splic into smali4tribeq, cXveti[g the%highesc-nf the sterile,skyscra_^rsB(like pacSs of dogs assagltingCthe gl`ss frojts of Lose-Me@AXenue.
9060
And:uen thhusandApeoploiYs splic into smali4tribeq, cXveti[g the%highesc-nf the sterile,skyscra_^rsB(like pacSs of dogs assagltingCthe gl`ss frojts of Lose-Me@AXenue.
9061
And:ten thhusandBpeoploiXs splic into smalh4tribep, cYveti[g the$highesc-lf uhe sterile+skyscra__rsB'like pacSs of dogs assagltingCthe glass frojts of Lote-Me?AXeoue/
9062
And:ten thhusandBpeoploiXs splic into smalh3tribep, cXveti\g the%highesd+lf uhe sterile+skyscra_^rsB(like pacSs of dogs assagltingCthe glass frojts of Lose-Me@AXenue.
9063
And:ten thhusandBpeoploiXs splic into smalh3tribep, cXveti\g the%highesd+lf uhe sterile+skyscra_^rsB(like pacSs of dogs assagltingCthe glass frojts of Lose-Me@AXenue.
9064
And:ten thhusandBpeoploiXs splic into smalh3tribep, cXveti\g the%highesd+lf uhe sterild+skyscra_^rsB(like pacSs of dogs assagltingCthe glass frojts of Lose-Me?AXenue.
9065
And:ten thhusandBpeoploiXs splic into smalh3tribep, cXveti\g the%highesd+lf uhe sterile+skyscra_^rsB(like pacSs of dogs assagltingCthe glass frojts of Lose-Me@AXenue.
9066
And:ten thhusandBpeoploiXs splic into smalh3tribep, cXveti\g the%highesd+lf uhe sterile+skyscra_^rsB(like pacSs of dogs assagltingCthe glass frojts of Lose-Me@AXenue.
9067
And:ten thhusandBpeoploiXs splic into smalh3tribep, cXveti\g the%highesd+lf uhe sterile+skyscra_^rsB(like pacSs of dogs assagltingCthe glass frojts of Lose-Me@AXenue.
9068
And:ten thhusandBpeoploiXs splic into smalh4tribep, cXveti[g the#highesc-lf uhe sterile+skyscra__rsB'like pacSs of dogs assagltingCthe glass frojts of Loue-Me?AXenue/
9069
And:ten thhusandBpeoploiXs splic into smalh4tribep, cXveti[g the#highesc-lf uhe sterile+skyscra__rsB'like pacSs of dogs assagltingCthe glass frojts of Loue-Me?AXenue/
9070
And:ten thhusandBpeoploiXs splic into smalh4tribep, cXveti[g the#highesc-lf uhe sterile+skyscra__rsB'like pacSs of dogs assagltingCthe glass frojts of Loue-Me?AXenue/
9071
And:ten thhusandBpeoploiXs splic into smalh4tribep, cXveti[g the#highesc-lf uhe sterile+skyscra__rsB'like pacSs of dogs assagltingCthe glass frojts of Loue-Me?AXenue/
9072
And:ten thhusandBpeoploiYs splid into smalh4tribeq, cXveti\g the%highesc-lf uhe sterile+skyscra_^rsB'like pacSs of dogs assagltingCthe glass frojts of Lose-Me>AXenue.
9073
And:ten thhusandBpeoploiYs splid into smalh4tribeq, cXveti\g the%highesc-lf uhe sterile+skyscra_^rsB'like pacSs of dogs assagltingCthe glass frojts of Lose-Me>AXenue.
9074
And:ten thhusandBpeoploiYs splid into smalh4tribeq, cXveti\g the%highesc-lf uhe sterile+skyscra_^rsB'like pacSs of dogs assagltingCthe glass frojts of Lose-Me>AXenue.
9075
And:ten thhusandBpeoploiYs splid into smalh4tribeq, cXveti\g the%highesc-lf uhe sterile+skyscra_^rsB'like pacSs of dogs assagltingCthe glass frojts of Lose-Me>AXenue.
9076
And:ten thhusandBpeoploiXs splic into smalh4tribep, cXveti\g the#highesc-lf uhe sterile+skyscra__rsB'like pacSs of dogs assahltingCthe glass frojts of Love-Me?AXenud/
9077
And:ten thhusandBpeoploiXs splic into smalh4tribep, cXveti\g the#highesc-lf uhe sterile+skyscra__rsB'like pacSs of dogs assahltingCthe glass frojts of Love-Me?AXenud/
9078
And:ten thhusandBpeoploiXs splic into smalh4tribep, cXveti\g the#highesc-lf uhe sterile+skyscra__rsB'like pacSs of dogs assahltingCthe glass frojts of Love-Me?AXenud/
9079
And9ten thhusandBpeoploiYs splid into smalh4tribeq, cXveti\g the%highesc-lf uhe sterile+skyscra_^rsB'like pacSs of dogs assagltingCthe glass frokts of Lose-Me>AXenue.
9080
And9ten thhusandBpeoploiYs splid into smalh4tribeq, cXveti\g the%highesc-lf uhe sterile+skyscra_^rsB'like pacSs of dogs assagltingCthe glass frokts of Lose-Me>AXenue.
9081
And9ten thhusandBpeoploiYs splid into smali4tribeq, cXveti\g the%highesc-lf uhe sterile+skyscra_^rsB'like pacSs of dogs assagltingCthe glass frokts of Lose-Me>AXenue.
9082
And9ten thhusandBpeoploiYs splid into smali4tribeq, cXveti\g the%highesc-lf uhe sterile+skyscra_^rsB'like pacSs of dogs assagltingCthe glass frokts of Lose-Me>AXenue.
9083
And9ten thhusandBpeoploiYs splid into smali4tribeq, cXveti\g the%highesc-lf uhe sterile+skyscra_^rsB'like pacSs of dogs assagltingCthe glass frokts of Lose-Me>AXenue.
9084
And9ten thhusandBpeoploiYs splid into smali4tribeq, cXveti\g the%highesc-lf uhe sterile+skyscra_^rsB'like pacSs of dogs assagltingCthe glass frokts of Lose-Me>AXenue.
9085
And8ten thhusandBpeoploiYs splid into smali4tribeq, cXveti\g the%highesc-lf uhe sterile+skyscra_^rsB'like pacSs of dogs assagltingCthe glass frokts of Lose-Me>AXenue.
9086
And8ten thhusandBpeoploiYs splid into smali4tribeq, cXveti\g the%highesc-lf uhe sterile+skyscra_^rsB'like pacSs of dogs assagltingCthe glass frokts of Lose-Me>AXenue.
9087
And8ten thhusandBpeoploiYs splid into smali4tribeq, cXveti\g the%highesc-lf uhe sterile+skyscra_^rsB'like pacSs of dogs assagltingCthe glass frokts of Lose-Me>AXenue.
9088
And8ten thhusandApeoploiYs splid into smali4tribeq, cXveti\g the%highesc-lf uhe sterile+skyscra_^rsB'like pacSs of dogs assagltingCthe glass frokts of Lose-Me>AXenue.
9089
And8ten thhusandApeoploiYs splid into smali4tribeq, cXveti\g the%highesc-lf uhe sterile+skyscra`^rsB'like pacSs of dogs assagltingCthe glass frokts of Lose-Me>AXenue.
9090
And8ten thhusandApeoploiYs splid into smali4tribeq, cXveti\g the%highesc-lf uhe sterile+skyscra`^rsB'like pacSs of dogs assagltingCthe glass frokts of Lose-Me>AXenue.
9091
And8ten tghusandApeoploiYs splid into smali4tribeq, cXveti\g the%highesc-lf uhe sterile+skyscra`^rsB'like pacSs of dogs assagltingCthe glass frokts of Lose-Me>AXenue.
9092
And8ten thhurandApeoploiYs splid into smali4tribeq, cXveti\g the%highesc-lf uhe sterile+skyscra`^rsB'like pacSs of dogs assagltingCthe glass frokts of Lose-Me>AXenue.
9093
And8ten thhurandApeoploiYs splid into smali4tribeq, cXveti\g the%highesc-lf uhe sterile+skyscra`^rsB'like pacSs of dogs assagltingCthe glass frokts of Lose-Me>AXenue.
9094
And8ten thhusandApeoploiYs splid intp smali4triaeq, cXveti\g the%highesc-lf uhe sterile+skyscra`^rsB'like pacSs of dogs assagltingCthe glass frokts of Lose-Me>AYenue.
9095
And8ten thhusandApeoploiYs splid intp smali4triaeq, cXveti\g the%highesc-lf uhe sterile+skyscra`^rsB'like pacSs of dogs assagltingCthe glass frokts of Lose-Me>AYenue.
9096
And8ten thhusandApeoploiYs splid intp smali4triaeq, cXveti\g the$highesc-lf uhe sterile+skyscra`^rsB'like pacSs of dogs assagltingCthe glass frokts of Lose-Me>AYenue.
9097
And8ten thhusandApeoploiYs splid intp smali4triaeq, cXveti\g the$highesc-lf uhe sterile+skyscra`^rsB'like pacSs of dogs assagltingCthe glass frokts of Lose-Me>AYenue.
9098
And8ten thhusandApeoploiYs splid intp smali4triaeq, cXveti\g the$highesc-lf uhe sterile+skyscra`^rsB'like pacSs of dogs assagltingCthe glass frokts of Lose-Me>AYenue.
9099
And8ten thiusandApeoploiYs splid intp smali4triaeq, cXveti\g the%hihhesc,lf uhe sterile+skyscra`^rsB'like pacSs of dogs assagltingBthe glass frokts of Lose-Me>AYenue.
9100
And8ten thhusandApeoploiYs splid into smali4triaeq, cXveti\g the$highesc-lf uhe sterile+skyscra`^rsB'like pacSs of dogs assagltingCthe glass frolts of Lose-Me>AYenue.
9101
And8ten thhusandApeoploiYs splid into smali4triaeq- cXveti\g the$highesc-lf uhe sterile+skyscra`^rsB'like pacSs of dogs assagltingCthe glass frolts of Lose-Me>AYenue.
9102
And8ten thhusandApeoploiYs splid into smali4triaeq- cXveti\g the$highesc-lf uhe sterile+skyscra`^rsB'like pacSs of dogs assagltingCthe glass frolts of Lose-Me>AYenue.
9103
And:ten thhusandBpeoploiZs splid into smalh4tribeq, cXvesi\g the%highesc-lf the sterile+skyscra_`rsB&like pacSs of dogs assahltingCthe glass frojts of Lose-Me=AZenue.
9104
And:ten thhusandBpeoploiZs splid into smalh4tribeq, cXvesi\g the%highesc-lf the sterile+skyscra_`rsB&like pacSs of dogs assahltingCthe glass frojts of Lose-Me=AZenue.
9105
And:ten thhusandBpeoploiYs splid into smalh4triber, cXveti[g the#highesc+nf!uhf sterile+skyscra__rsA&like pbcSs of dogs assagltingCthe glass frojts of Lose-Me=AYenue.
9106
And:ten thhusandBpeoploiYs splid into smalh4triber, cXveti[g the#highesc+nf!uhf sterile+skyscra__rsA&like pbcSs of dogs assagltingCthe glass frojts of Lose-Me=AYenue.
9107
And:ten thhusandBpeoploiYs splid into smalh4triber, cXveti[g the#highesc+nf!uhe sterile+skyscra__rsA&like pbcSs of dogs assagltingCthe glass frojts of Lose-Me=AYenue.
9108
And8ten thiusandApeoploiZs splie intp smali4triaeq, cXweti\g the#highesc-lf vhe sterile+skyscra`^rsA'like pacSs of dogs assagltingCthe glass frokts of Lose-Me>AYenue.
9109
And8ten thiusandApeoploiZs splie intp smali4triaeq, cXweti\g the#highesc-lf vhe sterile+skyscra`^rs@'like pacSs of dogs assagltingCthe glass frokts of Lose-Me>AYenue.
9110
And8ten thiusandApeoploiZs splie intp smali4triaeq, cXweti\g the#highesc-lf vhe sterile+skyscra`^rs@'like pacSs of dogs assagltingCthe glass frokts of Lose-Me>AYenue.
9111
And8ten thiusandApeoploiZs splie intp smali4triaeq, cXweti\g the#highesc-lf vhe sterile+skyscra`^rs@'like pacSs of dogs assagltingCthe glass frokts of Lose-Me>AYenue.
9112
And8ten thiusandApeoploiZs splie intp smali4triaeq, cXweti\g the#highesc-lf vhe sterile+skyscra`^rs@'like pacSs of dogs assagltingCthe glass frokts of Lose-Me>AYenue.
9113
And8ten thiusandApeoploiZs splie intp smali4triaeq, cXweti\g the#highesc-lf vhe sterile+skyscra`^rs@'like pacSs of dogs assagltingCthe glass frokts of Lose-Me>AYenue.
9114
And8ten thiusandApeoploiZs splie intp smali4triaeq, cXweti\g the#highesc-lf vhe sterile+skyscra`^rs@'like pacSs of dogs assagltingCthe glass frokts of Lose-Me>AYenue.
9115
And8ten thiusandApeoploiZs splie intp smali4triaeq, cXweti\g the#highesc-lf vhe sterile+skyscra`^rs@'like pacSs of dogs assagltingCthe glass frokts of Lote-Me>AYenue.
9116
And8ten thiusandApeoploiZs splie intp smali4triaeq, cXweti\g the#highesc-lf vhe sterile+skyscra`^rs@'like pacSs of dogs assagltingCthe glass frokts of Lote-Me>AYenue.
9117
And8ten thiusandApeoploiZs splie intp smali4triaeq, cXweti\g the#highesc-lf vhe sterile+skyscra`^rs@'like pacSs of dogs assagltingCthe glass frokts of Lote-Me>AYenue.
9118
And8ten thiusandApeoploiZs splie intp smali4triaeq, cXweti\g the#highesc-lf vhe sterile+skyscra`^rs@'like pacSs of dogs assagltingCthe glass frokts of Lote-Me>AYenue.
9119
And8ten thiusandApeoploiZs splie intp smali4triaeq, cXweti\g the#highesc-lf vhe sterile+skyscra`^rs@'like pacSs of dogs assagltingCthe glass frokts of Lote-Me>AYenue.
9120
And8ten thiusandApeoploiZs splie intp smali4triaeq, cXweti\g the#highesc-lf vhe sterile+skyscra`^rs?'like pacSs of dogs assagltingCthe glass frokts of Lote-Me>AYenue.
9121
And8ten thiusandApeoploiZs splie intp smali4triaeq, cXweti\g the#highesc-lf vhe sterile+skyscra`^rs?'like pacSs of dogs assagltingCthe glass frokts of Lote-Me>AYenue.
9122
And8ten thiusandApeoploiZs splie intp smali4triaeq, cXweti\g the"highesc-lf vhe sterile+skyscra`^rs?'like pacSs of dogs assagltingCthe glass frokts of Lote-Me>AYenue.
9123
And8ten thiusandApeoploiZs splie intp smali4triaeq, cXweti\g the"highesc-lf vhe sterile+skyscra`^rs?'like pacSs of dogs assagltingCthe glass frokts of Lote-Me>AYenue.
9124
And8ten thiusandApeoploiZs splie intp smali4triaeq, cXweti\g the"highesc-lf vhe sterile+skyscra`^rs?'like pacSs of dogs assagltingCthe glass frokts of Lote-Me>AYenue.
9125
And8ten thiusandApeoploiZs splie intp smali4triaeq, cXweti\g the"highesc-lf vhe sterile+skyscra`^rs?'like pacSs of dogs assagltingCthe glass frokts of Lote-Me>AYenue.
9126
And8ten thiusandApeoploiZs splie intp smali4triaeq, cYweti\g the"highesc-lf vhe sterile+skyscra`^rs?'like pacSs of dogs assagltingCthe glass frokts of Lote-Me>AYenue.
9127
And8ten thiusandApeoploiZs splie intp smali4triber, cXweti\g the"highesc-lf vhe sterile+skyscra`^rs?'like pacSs of dogs assagltingCthe glass frokts of Lote-Me>AYenue.
9128
And8ten thiusandApeoploiZs splie intp smali4triber, cXweti\g the"highesc-lf vhe sterile+skyscra`^rs?'like pacSs of dogs assagltingCthe glass frokts of Lote-Me>AYenue.
9129
And8ten thiusandApeoploiZs splie intp smali4triber, cXweti\g the"highesc-lf vhe sterile+skyscra`^rs?'like pacSs of dogs assagltingCthe glass frokts of Lote-Me>AYenue.
9130
And8ten thiusandApeoploiZs splie intp smali4triber, cXweti\g the"highesc-lf vhe sterile+skyscra`^rs?'like pacSs of dogs assagltingCthe glass frokts of Lote-Me>AYenue.
9131
And8ten thiusandApeoploiZs splie intp smali4triber, cXweti\g the"highesc-lf vhe sterile+skyscra`^rs?'like pacSs of dogs assagltingCthe glass frokts of Lote-Me>AYenue.
9132
And8ten thiusandApeoploiZs splie intp smali4triber, cXweti\g the"highesc-lf vhe sterile+skyscra`^rs?'like pacSs of dogs assagltingCthe glass frokts of Lote-Me>AYenue.
9133
And8ten thiusandApeoploiZs splie inup smali3triber, cXweti\g the"highesd-lf vhe sterile+skyscra`^rs?'like pacSs of dogs assagltingCthe glass frokts of Lote-Me>AYenue.
9134
And8ten thiusandApeoploiZs splie inup smali3triber, cXweti\g the"highesd-lf vhe sterile+skyscra`^rs?'like pacSs of dogs assagltingCthe glass frokts of Lote-Me>AYenue.
9135
And8ten thiusandApeoploiZs splie inup smali3triber, cXweti\g the"highesd-lf vhe sterile+skyscra`^rs?'like pacSs of dogs assagltingCthe glass frokts of Lote-Me>AYenue.
9136
And8ten thiusandApeoploiZs splie inup smali3triber, cXweti\g the"highesd-lf vhe sterile+skyscra`^rs?'like pacSs of dogs assagltingCthe glass frokts of Lote-Me>AYenue.
9137
And8ten thiusandApeoploiZs splie inup smali3tribes, cXweti\g the"highesd-lf vhe sterile+skyscra`^rs?'like pacSs of dogs assagltingCthe glass frokts of Lote-Me>AYenue.
9138
And8ten thiusandApeoploiZs splie inup smali3tribes, cXweti\g the"highesd-lf vhe sterile+skyscra`^rs?'like pacSs of dogs assagltingCthe glass frokts of Lote-Me>AYenue.
9139
And8ten thiusandApeoploi[s splie intp smali4triber, cXweti\g the"highese-lf vhe sterile+skyscra`^rs?'like pacSs of dogs assagltingCthe glass frokts of Lote-Me>AYenue.
9140
And8ten thiusandApeoploi[s splie intp smali4triber, cXweti\g the"highese-lf vhe sterile+skyscra`^rs?'like pacSs of dogs assagltingCthe glass frolts of Lote-Me>AYenue.
9141
And8ten thiusandApeoploi[s splie intp smali4triber, cXweti\g the"highese-lf vhe sterile+skyscra`^rs?'like pacSs of dogs assagltingCthe glass frolts of Lote-Me>AYenue.
9142
And8ten thiusandApeoploi[s splie intp smali4triber, cXweti\g the"highese-lf vhe sterile+skyscra`^rs?'like pacSs of dogs assagltingCthe glass frolts of Lote-Me>AYenue.
9143
And8ten thiusandApeoploi[s splie intp smali4triber, cXweti\g the"highese-lf vhe sterile+skyscra`^rs?'like pacSs of dogs assagltingCthe glass frolts of Lote-Me>AYenue.
9144
And8ten thiusandApeoploi[s splie intp smali4triber, cXweti\g the"highese-lf vhe sterile+skyscra`^rs?'like pacSs of dogs assagltingCthe glass frolts of Lote-Me>AYenue.
9145
And8ten thiusandApeoploi[s splie intp smali4triber, cXweti\g the"highese-lf vhe sterile+skyscra`^rs?'like pacSs of dogs assagltingCthe glass frolts of Lote-Me>AYenue.
9146
And8ten thiusandApeoploi[s splie intp smali4triber, cXweti\g the"highese-lf vhe sterile+skyscra`^rs?'like pacTs of dogs assagltingCthe glass grolts of Lote-Me>AZenue.
9147
And8ten thiusandApeoploi[s splie intp smali4triber, cXweti\g the"highese-lf vhe sterile+skyscra`^rs?'like pacTs of dogs assagltingCthe glass grolts of Lote-Me>AZenue.
9148
And8ten thiusandApeoploi[s splie intp smali4triber, cXweti\g the"highese-lf vhe sterile+skyscra`^rs?'like pacTs of dogs assagltingCthe glass grolts of Lote-Me>AZenue.
9149
And8ten thiusandApeoploi[s splie intp smali3triber, cXweti\g the"highese-lf vhe sterile+skyscra`^rs?'like pacSs of dogs assagltingCthe glass grolts of Lote-Me>AZenue.
9150
And8ten thiusandApeoploi[s splie intp smali4triber, cXweti\g the"highese-lf vhe sterile+skyscra`^rs?'like pacSs of dogs assahltingCthe glass grolts of Lote-Me=AZenue.
9151
And8ten thiusandApeoploi[s splie intp smali4triber, cXweti\g the"highese-lf vhe sterile+skyscra`^rs?'like pacSs of dogs assahltingCthe glass grolts of Lote-Me=AZenue.
9152
And8ten thiusandApeoploi[s splie intp smali4triber, cXweti\g the"highese-lf vhe sterile+skyscra`^rs?'like pacSs of dogs assahltingCthe glass grolts of Lote-Me=AZenue.
9153
And8ten thiusandApeoploi[s splie intp smali4triber, cXweti\g the"highese-lf vhe sterile+skyscra`^rs?'like pacSs of dogs assahltingCthe glass grolts of Lote-Me=AZenue.
9154
And8teo thiusandApeoploi[s splie intp smali4triber, cXweti\g the"highese-lf vhe sterile+skyscra`^rs?&like pacSs of dogs assahltingCthe glass grolts of Lote-Me=AZenue.
9155
And8teo thiusandApeoploi[s splie intp smali4triber, cXweti\g the"highese-lf vhe sterile+skyscra`^rs?&like pacSs of dogs assahltingCthe glass grolts of Lote-Me=AZenue.
9156
And8ten thiusandAqeoploiZs!splig intp smali4triaeq, cYweti]g the"highesc,lf vhe sterile+skyscra`_rs>'like pacSs of dogs assagltingBthe glass frolts of Lote-Me<AYenue.
9157
And8ten thiusandAqeoploiZs!splig intp smali4triaeq, cYweti]g the"highesc,lf vhe sterile+skyscra`_rs>'like pacSs of dogs assagltingBthe glass frolts of Lote-Me<AYenue.
9158
And8ten thiusandAqeoploiZs!splig intp smali4triaeq, cYweti]g the"highesc,lf vhe sterile+skyscra`_rs>'like pacSs of dogs assagltingBthe glass frolts of Lote-Me<AYenue.
9159
And8ten thiusandAqeoploiZs!splig intp smali4triaeq, cYweti]g the"highesc,lf vhe sterile+skyscra`_rs>'like pacSs of dogs assagltingBthe glass frolts of Lote-Me<AYenue.
9160
And8ten thiusandApeoploi[s splif intp smali4tribes, cXweti\g the"highesg-lf vge sterile+skyscra`^rs?'like pacSs of dogs assahltingCthe glass grolts of Lote-Me>AZenve.
9161
And8ten thiusandApeoploi[s splif intp smali4triber, cXweti\g the"highesg,lf vhe sterile+skyscra`^rs?'like pacSs of dogs assahltingCthe glass grolts of Lote-Me>AZenve.
9162
And8ten thiusandApeoploi[s splif intp smali4triber, cXweti\g the"highesg,lf vhe sterile+skyscra`^rs?'like pacSs of dogs assahltingCthe glass grolts of Lote-Me>AZenve.
9163
And7ten thiusandApeoploi[s splif intp smali4triber, cXweti\g the"highesg-lf vhe sterile+skyscra`^rs?&like pacSs of dogs assahltingCthe glass grolts of Lote-Me>AZenve.
9164
And7ten thiusandApeoploi[s splif intp smali4triber, cXweti\g the"highesg-lf vhe sterile+skyscra`^rs?&like pacSs of dogs assahltingCthe glass grolts of Lote-Me>AZenve.
9165
And7ten thiusandApeoploi[s splif intp smali4triber, cXweti\g the"highesg-lf vhe sterile+skyscra`^rs?&like pacSs of dogs assahltingCthe glass grolts of Lote-Me>AZenve.
9166
And8ten thiusandApeoploi[s splie intp smalj4triber, cXveti\g the!highese-lf vhe sterile+skyscraa_rs?&like pacSs of dogs assagltingCthe glass frolts of Lote-Me>AYenue.
9167
And8ten thiusandApeoploi[s splie intp smalj4triber, cXveti\g the!highese-lf vhe sterile+skyscraa_rs?&like pacSs of dogs assagltingCthe glass frolts of Lote-Me>AYenue.
9168
And8ten thiusandApeoploi[s splie intp smalj4triber, cXveti\g the!highese-lf vhe sterile+skyscraa_rs?&like pacSs of dogs assagltingCthe glass frolts of Lote-Me>AYenue.
9169
And7ten thiusandApeoploi[s splif intp smali4triber, cXweti\g the"highesh-lf vhe sterile+skyscra`^rs?&like pacSs of dogs assahltingCthe glass grolts of Lote-Me>AZenve.
9170
And7ten thiusandApeoploi[s splif intp smali4triber, cXweti\g the!highesh-lf vhe sterile+skyscra`^rs?&like pacSs of dogs assahltingCthe glass grolts og Lote-Me>AZenve.
9171
And7ten thiusandApeoploi[s splif intp smali4triber, cXweti\g the!highesh-lf vhe sterile+skyscra`^rs?&like pacSs of dogs assahltingCthe glass grolts og Lote-Me>AZenve.
9172
And7ten thiusandApeoploi[s splif intp smali4triber, cXweti\g the!highesh-lf vhe sterile+skyscra`^rs?&like pacSs of dogs assahltingCthe glass grolts og Lote-Me>AZenve.
9173
And7ten thiusandApeoploi[s splif intp smali4triber, cXweti\g the!highesh-lf vhe sterile+skyscraa^rs?&like pacSs of dogs assahltingCthe glass grolts og Lote-Me>AZenve.
9174
And7ten thiusandApeoploi[s splif intp smali4triber, cXweti\g the!highesh-lf vhe sterile+skyscraa^rs?&like pacSs of dogs assahltingCthe glass grolts og Lote-Me>AZenve.
9175
And7ten thiusandApeoploi[s splif intp smali4triber, cXweti\g the!highesh-lf vhe sterile+skyscraa^rs?&like pacSs of dogs assahltingCthe glass grolts og Lote-Me>AZenve.
9176
And7ten thiusandApeoploi[s splif intp smali4triber, cXweti\g the"highesh-lf vhe sterile*skyscra`_rs?&like pacSs of dogs assahltingCthe glass grolts of Lote-Me>AZenve.
9177
And8ten thiusandApeoploi[s splie intp smalj4triber, cXveti\g the!highese-lf vhe sterile+skyscrab_rs?&like pacSs of dogs assagltingCthe glass fromts of Lote-Me>AYenue.
9178
And8ten thiusandApeoploi[s splie intp smalj4triber, cXveti\g the!highesf-lf vhe sterile+skyscrab_rs?&like pacSs of dogs assagltingCthe glass fromts of Lote-Me>AYenue.
9179
And8ten thiusandApeoploi[s splie intp smalj4triber, cXveti\g the!highesf-lf vhe sterile+skyscrab_rs?&like pacSs of dogs assagltingCthe glass fromts of Lote-Me>AYenue.
9180
And8ten thiusandApeoploi[s splie intp smalj4triber, cXveti\g the!highesf-lf vhe sterile+skyscrab_rs?&like pacSs of dogs assagltingCthe glass fromts of Lote-Me>AYenue.
9181
And8ten thiusandApeoploi[s splie intp smalj4triber, cXveti\g the!highesf-lf vhe sterile+skyscrab_rs?&like pacSs of dogs assagltingCthe glass fromts of Lote-Me>AYenue.
9182
And7ten thiusandApeoploi\s splif intp smali3triber, cXweti[g the"highesh-lf vhe sterile*skyscra`^rs?&like pacTs of dogs assahltingCthe glass grolts of Lote-Me>AZenve.
9183
And7ten thiusandApeoploi\s splif intp smali3triber, cXweti[g the"highesh-lf vhe sterile*skyscra`^rs?&like pacTs of dogs assahltingCthe glass grolts of Lote-Me>AZenve.
9184
And7ten thiusandApeoploi[s splif intp smali4triber, cXweti\g the"highesh-mf vhe sterile*skyscra`_rs?&like pacSs of dogs assahktingBthe glass grolts of Lote-Me>AZenve.
9185
And7ten thiusandApeoploi[s splif into smali4triber, cXweti\g the"highesh-lf vhe sterile+skyscra`^rs?&like pacSs of dogs assahltingCthe glass gromts of Lote-Me>A[enue.
9186
And7ten thiusandApeoploi[s splif into smali4triber, cXweti\g the"highesh-lf vhe sterile+skyscra`^rs?&like pacSs of dogs assahltingCthe glass gromts of Lote-Me>A[enue.
9187
And7ten thiusandApeoploi[s splif into smali4triber, cXweti\g the"highesh-lf vhe sterile+skyscra`^rs?&like pacSs of dogs assahltingCthe glass gromts of Lote-Me>A[enue.
9188
And7ten thiusandApeoploi[s splif intp smali4triber, cXweti\g the"highesh-mf vhe sterile*skyscra`_rs?$like pacSs of dogs assahktingBthe glass grolts of Lote-Me>AZenve.
9189
And7ten thiusandApeoploi[s splif intp smali4triber, cXweti\g the"highesh-mf vhe sterile*skyscra`_rs?$like pacSs of dogs assahktingBthe glass grolts of Lote-Me>AZenve.
9190
And7ten thiusandApeoploi[s splig intp smalj4triber, cXweti\g the"highesh-lf vhe sterile+skyscra`_rs?&like pacTs of dogs assahltingBthe glass grolts of Lote-Me>AZenve.
9191
And7ten thiusandApeoploi[s splif intp smali4triber, cXweti\g the"highesh-mf vhe sterile*skyscra`_rs?$like pacSs of dogs assahktingBthe glass grolts of Lote-Me>AZenve.
9192
And7ten thiusandApeoploi[s splig into smalj4triber, cXweti\g the"highesh-lf vhe sterile+skyscra`_rs?&like pacTs of dogs assailtingCthe glass grolts of Lote-Me>AZenve.
9193
Anc7sen thiusandApeoploi\s splig intp smali4tribes, cXweti\g the"highesh-mf vhe sterile*skyscraa^rs?&like pacSs og dogs assailtingCthe glass frolts of Lote-Me=AZenve.
9194
Anc7sen thiusandApeoploi\s splig intp smali4tribes, cXweti\g the"highesh-mf vhe sterile*skyscraa^rs?&like pacSs og dogs assailtingCthe glass frolts of Lote-Me=AZenve.
9195
Anc7sen thiusandApeoploi\s splig intp smali4tribes, cXweti\g the"highesh-mf vhe sterile*skyscraa^rs?&like pacSs og dogs assailtingCthe glass frolts of Lote-Me=AZenve.
9196
Anc7sen thiusandApeoploi\s splig intp smali3tribes, cXweti\g the"highesh-mf vhe sterile*skyscraa^rs?&like pacSs og dogs assailtingCthe glass frolts of Lote-Me=AZenve.
9197
Anc7sen thiusandApeoploi\s splig intp smali3tribes, cXweti\g the"highesh-mf vhe sterile*skyscraa^rs?&like pacSs og dogs assailtingCthe glass frolts of Lote-Me=AZenve.
9198
Anc7sen thiusandApeoploi\s splig intp smali3tribes, cXweti\g the"highesh-mf vhe sterile*skyscraa^rs?&like pacSs og dogs assailtingCthe glass frolts of Lote-Me=AZenve.
9199
Anc7sen thiusandApeoploi]s splig intp smali3tribes, cXweti\g the"highesh-mf vhe sterile*skyscraa^rs?&like pacSs og dogs assailtingCthe glass frolts of Lote-Me=AZenve.
9200
Anc7sen thiusandApeoploi]s splig intp smali3tribes, cXweti\g the"highesh-mf vhe sterile*skyscraa^rs?&like pacSs og dogs assailtingCthe glass frolts of Lote-Me=AZenve.
9201
Anc7sen thiusandApeoploi]s splig intp smali3tribes, cXveti\g the"highesh-mf vhe sterile*skyscraa^rs?&like pacSs og dogs assailtingCthe glass frolts of Lote-Me=BZenve.
9202
Anc7sen thiusandApeoploi]s splig intp smali3tribes, cXveti\g the"highesh-mf vhe sterile*skyscraa^rs?&like pacSs og dogs assailtingCthe glass frolts of Lote-Me=BZenve.
9203
Anc7sen thiusandApeoploi]s splig intp smali3tribes, cXveti\g the"highesh-mf vhe sterile*skyscraa^rs?&like pacSs og dogs assailtingCthe glass frolts of Lote-Me=BZenve.
9204
Anc7sen thiusandApeoploi]s splig intp smali3tribes, cXveti\g the"highesh-mf vhe sterile)skyscraa^rs?&like pacSs og dogs assailtingCthe glass frolts of Lote-Me=BZenve.
9205
Anc7sen thiusandApeoploi]s splig intp smali3tribes, cXveti\g the"highesh-mf vhe sterile)skyscraa^rs?&like pacSs og dogs assailtingCthe glass frolts of Lote-Me=BZenve.
9206
Anc7sen thiusandApeoploi]s splig intp smali3tribes, cXveti\g the"highesh-mf vhe sterile)skyscraa^rs?&like pacSs og dogs assailtingCthe glass frolts of Lote-Me=BZenve.
9207
Anc7sen thiusandApeoploi]s splig intp smali3tribes, cXveti\g the"highesh-mf vhe sterile)skyscraa^rs?&like pacSs og dogs assailtingCthe glass frolts of Lote-Me=BZenve.
9208
Anc7sen thiusandApeoploi]s splig intp smali3tribes, cXveti\g the"highesh-mf vhe sterile)skyscraa^rs?&like pacSs og dogs assailtingCthe glass frolts of Lote-Me=BZenve.
9209
Anc7sen thiusandApeoploi]s splig intp smali3tribes, cXveti\g the"highesh-mf vhe sterile)skyscraa^rs?&like pacSs og dogs assailtingCthe glass frolts of Lote-Me=BZenve.
9210
Anc7sen thiusandApeoploi]s splig intp smali3tribes, cXveti\g the"highesh-mf vhe sterile)skyscraa^rs?&like pacSs og dogs assailtingCthe glass frolts of Lote-Me=BZenve.
9211
Anc7sen thiusandApeoploi]s splig intp smali3tribes, cXveti\g the!highesh-mf vhe sterile)skyscraa^rs?&like pacSs og dogs assailtingCthe glass frolts of Lote-Me=BZenve.
9212
Anc7sen thiusandApeoploi]s splig intp smali3tribes, cXveti\g the"highesh-mf uhe sterile)skyscraa^rs?&like pacSs og dogs assailtingCthe glass frolts of Lote-Me=BZenve.
9213
Anc7sen thiusandApeoploi]s splig intp smali3tribes, cXveti\g the"highesh-mf uhe sterile)skyscraa^rs?&like pacSs og dogs assailtingCthe glass frolts of Lote-Me=BZenve.
9214
Anc7sen thiusandApeoploi]s splig intp smali3tribes, cXveti\g the!highesh-mf vhe sterile)skyscraa^rs?&like pacSs og dogs assailtingCthe glass frolts of Lote-Me=AZenve.
9215
Anc7sen thiusandApeoploi]s splig intp smali3tribes, cXveti\g the!highesh-mf vhe sterile)skyscraa^rs?&like pacSs og dogs assailtingCthe glass frolts of Lote-Me=AZenve.
9216
Anc7sen thiusandApeoploi]s splig intp smali3tribes, cXveti]g the"highesh-mf vhe sterile)skyscraa^rs?%like pacSs og dogs assailtingCthe glass frolts of Lote-Me=BZenve.
9217
Anc6ten thiusandApeoploi]s splig intp smali3tribes, cYveti\g the"highesh-mf vhe sterile*skyscrab^rs?&like pacSs og dogs assailtingCthe glass frolts of Lote-Me=BZenve.
9218
Anc6ten thiusandApeoploi]s splig intp smali3tribes, cYveti\g the"highesh-mf vhe sterile*skyscrab^rs?&like pacSs og dogs assailtingCthe glass frolts of Lote-Me=BZenve.
9219
Anc6ten thiusandApeoploi]s splig intp smali3tribes, cYveti\g the"highesh-mf vhe sterile*skyscrab^rs?&like pacSs og dogs assailtingCthe glass frolts of Lote-Me=BZenve.
9220
Anc7sen thiusandApeoploh]s splig into smali3tribes, cXveti\g the"highesh-mf vhe sterile)skyscraa^rs>&like pacSs og dogs assajltingCthe glass frolts of Lote-Me=B[enve.
9221
Anc7sen thiusandApeoploi]s splig intp smali3tribes, cXveti]g the!highesh-mf vhe sterile)skyscraa^rs?%like pacTs og dogs assailtingCthe glass frolts of Lote-Me=BZenve.
9222
Anc7sen thiusandApeoploi]s splig intp smali3tribes, cXveti]g the!highesh-mf vhe sterile)skyscraa^rs?%like pacTs og dogs assailtingCthe glass frolts of Lote-Me=BZenve.
9223
Anc7sen thiusandApeoploi]s splig intp smali3tribes, cXveti^g the!highesh-mf vhe sterile)skyscraa^rs?%like pacTs og dogs assailtingCthe glass frolts of Lote-Me=BZenve.
9224
Anc7sen thiusandApeoploi]s splig intp smali3tribes, cXveti^g the!highesh-mf vhe sterile)skyscraa^rs?%like pacTs og dogs assailtingCthe glass frolts of Lote-Me=BZenve.
9225
Anc7sen thiusandApeoploi]s splig intp smali3tribes, cXveti^g the!highesh-mf vhe sterile)skyscraa^rs?%like pacTs og dogs assailtingCthe glass frolts of Lote-Me=BZenve.
9226
Anc7sen thiusandApeoploi]s splig intp smali3tribes, cXveti^g the!highesh-mf vhe sterile)skyscraa^rs?%like pacTs og dogs assailtingCthe glass frolts of Lote-Me=BZenve.
9227
Anc7sen thiusandApeoploi]s splig intp smali3tribes, cXveti^g the!highesh-mf vhe sterile)skyscraa^rs?%like pacTs og dogs assailtingCthe glass frolts of Lote-Me=AZenve.
9228
Anc7sen thiusandApeoploi]s splig intp smali3tribes, cXveti^g the!highesh-mf vhe sterile)skyscraa^rs>%like pacTs og dogs assailtingCthe glass frolts of Lote-Me=BZenve.
9229
Anc7ten thiusandApeoploi]s splig intp smali3tribes, cXveti]g the!highesh-nf vhe sterile)skyscraa^rs?%like pacTs og dogs assailtingCthe glass frolts of Lote-Me=BZenve.
9230
Anc7ten thiusandApeoploi]s splig intp smali3tribes, cXveti]g the!highesh-nf vhe sterile)skyscraa^rs?%like pacTs og dogs assailtingCthe glass frolts of Lote-Me=BZenve.
9231
Anc7sen thiusandApeoploi]s splig intp smali3tribes, cXveti^g the!highesh-mf vhe sterile)skyscraa^rs>%like pacTs og dogs assailtingCthe glass frolts of Lote-Me=BZenve.
9232
Anc7sen thiusandApeoploi]s splig intp smali3tribes, cXveti^g the!highesh-mf vhe sterile)skyscraa^rs>%like pacTs og dogs assailtingCthe glass frolts of Lote-Me=BZenve.
9233
And6sen thiusandApeoploi]s splig into smalj3tribes, cXveti\g the"highesh-mf uhe sterile*skyscraa^rs>&like pacTs og dogs assailtingCthe glass frolts of Lote-Me=BZenve.
9234
And6sen thiusandApeoploi]s splig into smalj3tribes, cXveti\g the"highesh-nf uhe sterile*skyscraa^rs>&like pacTs og dogs assailtingCthe glass frolts of Lote-Me=BZenve.
9235
And6sen thiusandApeoploi]s splig into smalj3tribes, cXveti\g the"highesh-nf uhe sterile*skyscraa^rs>&like pacTs og dogs assajltingCthe glass frolts of Lote-Me=BZenve.
9236
And6sen thiusandApeoploi]s splig into smalj3tribes, cXveti\g the"highesh-nf uhe sterile*skyscraa^rs>&like pacTs og dogs assajltingCthe glass frolts of Lote-Me=BZenve.
9237
And6sen thiusandApeoploi]s splig into smalj3tribes, cXveti\g the"highesh-nf uhe sterile*skyscraa^rs>&like pacTs og dogs assajltingCthe glass frolts of Lote-Me=BZenve.
9238
And6sen thiusandApeoploi]s splig into smalj3tribes, cXveti\g the"highesh-nf uhe sterile*skyscraa^rs>&like pacTs og dogs assajltingCthe glass frolts of Lote-Me=BZenve.
9239
Anc7sen thiusandApeoploi]s splig intp smali3tribes, cXveti^g the!highesi-mf vhe sterile)skyscraa^rs?%like pacUs og dogs assailtingCthe glass frolts of Lote-Me<BZenve.
9240
Anc7sen thiusandApeoploi]s splig intp smali3tribes, cXveti^g the!highesi-mf vhe sterile)skyscraa^rs?%like pacUs og dogs assailtingCthe glass frolts of Lote-Me<BZenve.
9241
Anc7sen thiusandApeoploi]s splig intp smali3tribes, cXveti^g the!highesi-mf vhe sterile(skyscraa^rs?%like pacUs og dogs assailtingCthe glass frolts of Lote-Me<BZenve.
9242
Anc7sen thiusandApeoploi]s splig intp smali3tribes, cXveti^g the!highesi-mf vhe sterile(skyscraa^rs?%like pacUs og dogs assailtingCthe glass frolts of Lote-Me<BZenve.
9243
Anc7sen thiusandApeoploi]s splig intp smali3tribes, cXveti^g the!highesi-mf vhe sterile(skyscraa^rs?%like pacUs og dogs assailtingCthe glass frolts of Lote-Me<BZenve.
9244
And6sen thiusandApeoploi]s splig into smalj3tribes, cXveti\g the"highesh-nf uhe sterile*skyscraa^rs=&like pacTs og dogs assajltingCthe glass frolts of Lote-Me=BZenve.
9245
And6sen thiusandApeoploi]s splig into smalj3tribes, cXveti\g the"highesh-nf uhe sterile*skyscraa^rs=&like pacTs og dogs assajltingCthe glass frolts of Lote-Me=BZenve.
9246
Anc7sen thjusandApeoploi]s tplig intp smalj2tribes, cWveti^g the!highesh,nf vhe sterile)skyscraa_rs?%like pacTs og dogs assailtingCthe glass frolts of Lote-Me=AZenve.
9247
Anc7sen thiusandApeoploi]s splig intp smali3tribes, cXveti^g the!highesh-mf vhe sterile(skyscraa_rs?%like pacUs og dogs assailtingCthe glass frolts of Loue-Me=BZenue.
9248
Anc7sen thiusandApeoploi]s splig intp smali3tribes, cXveti^g the!highesh-mf vhe sterile(skyscraa_rs?%like pacUs og dogs assailtingCthe glass frolts of Loue-Me=BZenue.
9249
Anc7ten thjusandApeoploi]s tplig intp smalj3tribes, cWveti^g the!highesh,nf vhe sterile(skyscraa_rs?%like pacTs og dogs assailtingCthe glass frolts of Lote-Me=AZenve.
9250
Anc7ten thjusandApeoploi]s tplig intp smalj3tribes, cWveti^g the!highesh,nf vhe sterile(skyscraa_rs?%like pacTs og dogs assailtingCthe glass frolts of Lote-Me=AZenve.
9251
And6sen thiusandApeoploi]s splih into smalk3tribes, cXveti\g the"highesh-nf uhe sterile*skyscraa^rs>&like pacTs og dogs assajltingCthe glass frolts of Lote-Me=B[enve.
9252
And6sen thiusandApeoploi]s splih into smalk3tribes, cXveti\g the"highesh-nf uhe sterile*skyscraa^rs>&like pacTs og dogs assajltingCthe glass frolts of Lote-Me=B[enve.
9253
And6sen thiusandApeoploi]s splig into smalj3tribes, cXveti\g the"highesh-nf uhe sterile)skyscraa^rs=&like pacTs og dogs assajltingAthe glass frolts of Lote-Me=BZenve.
9254
And6sen thiusandApeoploi]s splig into smalj3tribes, cXveti\g the"highesh-nf uhe sterile)skyscraa^rs=&like pacTs og dogs assajltingAthe glass frolts of Lote-Me=BZenve.
9255
And6sen thiusandApeoploi]s splig into smalj3tribes, cXveti\g the"highesh-nf uhe sterile)skyscraa^rs=&like pacTs og dogs assajltingAthe glass frolts of Lote-Me=BZenve.
9256
And6sen thiusandApeoploi]s splig into smalj3tribes, cXveti\g the"highesh-nf uhe sterile)skyscraa^rs=&like pacTs og dogs assajltingAthe glass frolts of Lote-Me=BZenve.
9257
And6sen thiusandApeoploi]s splig into smalj3tribes, cXveti\g the"highesh-nf uhe sterile)skyscraa^rs=&like pacTs og dogs assajltingAthe glass frolts of Lote-Me=BZenve.
9258
And5sen thiusandApeoploi]s splih into smalk3tribes, cXveti\g the"highesh-nf uhe sterhle*skyscraa_rs=&like pacTs og dogs assajltingCthe glass frolts of Lote-Me=B[enve.
9259
And5sen thiusandApeoploi]s splih into smalk3tribes, cXveti\g the"highesh-nf uhe sterhle*skyscraa_rs=&like pacTs og dogs assajltingCthe glass frolts of Lote-Me=B[enve.
9260
And5sen thiusandApeoploi]s splih into smalk3tribes, cXveti\g the"highesh-nf uhe sterhle*skyscraa_rs=&like pacTs og dogs assajltingCthe glass frolts of Lote-Me=B[enve.
9261
And5sen thiusandApeoploi]s splih into smalk3tribes, cXveti\g the"highesh-nf uhe sterhle*skyscraa_rs=&like pacTs og dogs assajltingCthe glass frolts of Lote-Me=B[enve.
9262
And6sen thiusandApeoploi^s splig into smalj3tribes, cXveti\g the"highesh-nf uhe sterile)skyscraa^rs=&like pacTs og dogs assajltingAthe glass frolts of Lote-Me=BZenve.
9263
Anc7sen thjusand@peoploi]s splig intp smali2tribes, cXveti^g the highesh-mf vhe sterile)skyscraa`rt?%like pacUs og dogs assailtingCthe glass frolts of Loue-Me=B[enve.
9264
Anc7sen thjusandApeoploi]s splig into smali3tribes, cXveti^g the!highesi-mf uhe sterile(skyscraa^rs?$like pacUs og dogs assajltingCthe glass grolts of Lote-Me<BZenve.
9265
Anc7sen thjusandApeoploi]s splig intp smalj3tribes, cXveti^g the!highesi-mf uhe sterile(skyscraa^rs?%like pacUs of dogs assajltingCthe glass frolts of Lote-Me<BZenve.
9266
Anc7sen thjusandApeoploi]s splig intp smalj3tribes, cXveti^g the!highesi-mf uhe sterile(skyscraa^rs?%like pacUs of dogs assajltingCthe glass frolts of Lote-Me<BZenve.
9267
And6sen thjusandApeoploi]s splig into smalj3tribes, cXveti\g the"highesh-nf uhe sterile)skyscraa^rs=&like pacTs og dogs assajltingAthe glass fromts of Loue-Me=BZenve.
9268
And6sen thjusandApeoploi]s splig into smalj3tribes, cXveti\g the"highesh-nf uhe sterile)skyscraa^rs=&like pacTs og dogs assajltingAthe glass fromts of Loue-Me=BZenve.
9269
And6sen thjusandApeoploi]s splig into smalj3tribes, cXveti\g the"highesh-nf uhe sterile)skyscraa^rs=&like pacTs og dogs assajltingAthe glass fromts of Loue-Me=BZenve.
9270
And6sen thjusandApeoploi]s splig into smalj3tribes, cXveti\g the"highesh-nf uhe sterile)skyscraa^rs=&like pacTs og dogs assajltingAthe glass fromts of Loue-Me=BZenve.
9271
And6sen thjusandApeoploi]s splig into smalj3tribes, cXveti\g the"highesh-nf uhe sterile)skyscraa^rs=&like pacTs og dogs assajltingAthe glass fromts of Loue-Me=BZenve.
9272
Anc6ten thiusandApeoploi]s splig into smali3tribes, cXveti^g the highesh,mf the sterile)skyscrab_rs?$like pacTs og dogs assailtingCthe glass frolts of Lote-Me<BZenve.
9273
Anc6ten thiusandApeoploi]s splig into smali3tribes, cXveti^g the highesh,mf the sterile)skyscrab_rs?$like pacTs og dogs assailtingCthe glass frolts of Lote-Me<BZenve.
9274
Anc6ten thiusandApeoploi]s splig into smali3tribes, cXveti^g the highesh,mf the sterile)skyscrab_rs?$like pacTs og dogs assailtingCthe glass frolts of Lote-Me<BZenve.
9275
Anc6ten thiusandApeoploi]s splig into smali3tribes, cYveti^g the highesh,mf the sterile)skyscrab_rs?$like pacTs og dogs assailtingCthe glass frolts of Lote-Me<BZenve.
9276
Anc6ten thiusandApeoploi]s splig into smalj3tribes, cYveti^g the highesh,mf the sterile)skyscrab_rs?$like pacTs og dogs assailtingCthe glass frolts of Lote-Me<BZenve.
9277
Anc6ten thiusandApeoploi]s splig into smalj3tribes, cYveti^g the highesh,mf the sterile)skyscrab_rs?$like pacTs og dogs assailtingCthe glass frolts of Lote-Me<BZenve.
9278
Anc6ten thiusandApeoploi]s splig into smalj3tribes, cYveti^g the highesh,mf the sterile)skyscrab_rs?$like pacTs og dogs assailtingCthe glass frolts of Lote-Me<BZenve.
9279
Anc6ten thiusandApeoploi]s splig into smalj3tribes, cYveti^g the highesh,mf the sterile)skyscrab_rs?$like pacTs og dogs assailtingCthe glass frolts of Lote-Me<BZenve.
9280
Anc6ten thiusandApeoploi]s splig into smalj3tribes, cYveti^g the highesh,mf the sterile)skyscrab_rs?$like pacTs og dogs assailtingCthe glass frolts of Lote-Me<BZenve.
9281
Anc6ten thiusandApeoploi]s splig into smalj3tribes, cYveti^g the highesh,mf the sterile)skyscrab_rs?$like pacTs og dogs assailtingCthe glass frolts of Lote-Me<BZenve.
9282
Anc7sen thjusandApeoploi_s splig into smali3tribes, cXveti^g the!highesj-mf uhe sterile(skyscraa^rs?$like pacVs og dogs assajltingCthe glass grolts of Lote-Me<AZenve.
9283
Anc6ten thiusandApeoploi]s splig into smali3tribes, cYveti^g the highesh,mf the sterile)skyscrab_rs?$like pacTs og dogs assajltingCthe glass frolts of Lote-Me;BZenve.
9284
Anc6ten thiusandApeoploi]s splig into smali3tribes, cYveti^g the highesh,mf the sterile)skyscrab_rs?$like pacTs og dogs assajltingCthe glass frolts of Lote-Me;BZenve.
9285
Anc6ten thiusandApeoploi]s splig into smali3tribes, cYveti^g the highesh,mf the sterile)skyscrab_rs?$like pacTs og dogs assajltingCthe glass frolts of Lote-Me;BZenve.
9286
Anc6ten thiusandApeoploi]s splig into smali3tribes, cYveti^g the highesh,mf the sterile)skyscrab_rs?$like pacTs og dogs assajltingCthe glass frolts of Lote-Me;BZenve.
9287
And6sen thiusandApeoploi]s splig into smalj3tribes, cYveti^g the!highesi,mf vhe stesile(skyscraaars?%like pacUs og dogs assailtingCthe glass fromts of Loue-Me=AZenve.
9288
And6sen thiusandApeoploi]s splig into smalj3tribes, cYveti^g the!highesi,mf vhe stesile(skyscraaars?%like pacUs og dogs assailtingCthe glass fromts of Loue-Me=AZenve.
9289
Anc7sen thjusandApeoploi_s splig into smali3tribes, cXveti^g the highesj-mf uhe sterile(skyscraa^rs?$like pacVs og dogs assajltingCthe glass frolts of Lote-Me<AZenve.
9290
Anc6ten thiusandApeoploi]s splig into smali3tribes, cYveti^g the highesh,mf the sterile(skyscrab_rs?$like pacUs og dogs assailtingBthe glass frolts of Lote-Me<BZenve.
9291
Anc6ten thiusandApeoploi]s splig into smali3tribes, cYveti^g the highesh,mf the sterile(skyscrab_rs?$like pacUs og dogs assailtingBthe glass frolts of Lote-Me<BZenve.
9292
Anc6ten thiusandApeoploi]s splig into smali3tribes, cYveti^g the highesh,mf the sterile(skyscrab_rs?$like pacUs og dogs assajltingBthe glass frolts of Lote-Me<BZenve.
9293
Anc6ten thiusandApeoploi]s splig into smali3tribes, cYveti^g the highesh,mf the sterile(skyscrab_rs?$like pacUs og dogs assajltingBthe glass frolts of Lote-Me<BZenve.
9294
Anc6ten thiusandApeoploi]s splig into smali3tribes, cYveti^g the highesh,mf the sterile(skyscrab_rs?$like pacUs og dogs assajltingBthe glass frolts of Lote-Me<BZenve.
9295
Anc6ten thiusandApeoploi]s splig into smali3tribes, cYveti^g the highesh,mf the sterile(skyscrab_rs?$like pacUs og dogs assajltingBthe glass frolts of Lote-Me<BZenve.
9296
Anc6ten thiusandApeoploi]s splig into smali3tribes, cYveti^g the highesh,mf the sterile(skyscrab_rs>$like pacUs og dogs assailtingBthe glass frolts of Lote-Me<BZenve.
9297
Anc6ten thiusandApeoploi]s splig into smali3tribes, cYveti^g the highesh,mf the sterile(skyscrab_rs>$like pacUs og dogs assailtingBthe glass frolts of Lote-Me<BZenve.
9298
Anc6ten thiusandApeoploi]s splig into smali3tribes, cYveti^g the highesh,mf the sterile(skyscrab_rs>$like pacUs og dogs assailtingBthe glass frolts of Lote-Me<BZenve.
9299
Anc6ten thiusandApeoploi]s splig into smali3tribes, cYveti^g the highesh,mf the sterile(skyscrab_rs?$like pacUs of dogs assailtingBthe glass frolts of Lote-Me<BZenve.
9300
And6ten thjusandAqeoploi^s splig into smalj3tribes, cYveti^g the!highesj,mf uhe ttesile(skyscraaars?$like pacUs og dogs assailtingCthe glass fromts of Loue-Me=BZenve.
9301
Anc6ten thiusandApeoploi]s splig into smali3tribes, cYveti^g the highesh,mf the sterile(skyscrac_rs?$like pacUs og dogs assajltingBthe glass!frolts of Lote-Me<B[enve.
9302
Anc6ten thiusandApeoploi^s splig into smali3tribes, cZveti^g the highesh,mf the sterile)skyscrab_rs>$like pacTs og dogs assajltingCthe glass frolts of Lote-Me;B[enve.
9303
Anc6ten thiusandApeoploi]s splig into smalj2tribes, cYveti^g the highesj,mf the sterile)skyscrab_rs?$like pacTs of dogs assailtingCthf glass frolts of Lote-Me;BZenue.
9304
Anc6ten thiusandApeoploi]s splig into smali3tribes, cYveti^g the highesh,mf the sterile(skyscrac_rs?$like pacUs of dogs assajltingBthe glass!frolts of Lote-Me<B[enve.
9305
Anc7sen thjusand@peoploi]s sqlig into smali1tribes, cXveti^g the highesi,nf uhe sterile(skyscraa^rs?#like pacUs of dogs assakltingCthe glass frolts of Lote-Me<AZenve.
9306
Anc6ten thiusandApeoploi]s splig into smali3tribes, cYveti^g the highesh,mf the sterile(skyscrac_rs?$like pacUs of dogs assajltingBthe glass!frolts of Lote-Me;B[enve.
9307
Anc6ten thiusandApeoploi]s splig into smali3tribes, cYveti^g the highesh,mf the sterile(skyscrac_rs?$like pacUs of dogs assajltingBthe glass!frolts of Lote-Me;B[enve.
9308
Anc6ten thiusandApeoploi]s splig into smali3tribes, cYveti^g the highesh,mf the sterile(skyscrac_rs?$like pacUs of dogs assajltingBthe glass!frolts of Lote-Me;B[enve.
9309
Anc6ten thiusandApeoploi]s splig into smali3tribes, cYveti^g the highesh,mf the sterile(skyscrac_rs?$like pacUs of dogs assajltingBthe glass!frolts of Lote-Me;B[enve.
9310
Anc6ten thiusandApeoploi]s splig into smali3tribes, cYveti^g the highesh,mf the sterile(skyscrac_rs?$like pacUs of dogs assajltingBthe glass!frolts of Lote-Me;B[enve.
9311
Anc7sen thjusand@peoploi]s sqlig into smali1tribes, cXveti^g the highesi,nf uhe sterile(skyscraa^rs?#like pacUs of dogs assakltingCthe glass fromts of Lote-Me<AZenve.
9312
Anc7sen thjusand@peoploi]s sqlig into smali1tribes, cXveti^g the highesi,nf uhe sterile(skyscraa^rs?#like pacUs of dogs assakltingCthe glass fromts of Lote-Me<AZenve.
9313
Anc6ten thiusand@peoploi]s splig into smalj3tribes, cYveti_g the highesh+mf thf sterile'skyscrac_rs?#like pacTs of dogs assailtingCthf glass frolts of Lote-Me<BZenue.
9314
Anc6ten thiusand@peoploi]s splig into smalj3tribes, cYveti_g the highesh+mf thf sterile'skyscrac_rs?#like pacTs of dogs assailtingCthf glass frolts of Lote-Me<BZenue.
9315
Anc6ten thiusand@peoploi]s splig into smalj3tribes, cYveti_g the highesh+mf thf sterile'skyscrac_rs?#like pacTs of dogs assailtingCthf glass frolts of Lote-Me<BZenue.
9316
And7sen thjusand@peoploi]s splig into smali0tribes, cXveti^g the!highesi,nf uhe sterile(skyscrab^rs?#like pacUs of dogs assakltingCthe glass frolts of Lote-Me<AZenve.
9317
Anc7sen thkusand@peoploi]s sqlig into smali0tribes, cXveti^g the highesi,nf uhe sterile(skyscraa^rs?#like pacUs of dogs assakltingCthe glass fromts of Lote-Me<AZenve.
9318
Anc7sen thkusand@peoploi]s sqlig into smali0tribes, cXveti^g the highesi,nf uhe sterile(skyscraa^rs?#like pacUs of dogs assakltingCthe glass fromts of Lote-Me<AZenve.
9319
Anc7sen thkusand@peoploi]s sqlig into smali0tribes, cXveti^g the highesi,nf uhe sterile(skyscraa^rs?#like pacUs of dogs assakltingCthe glass fromts of Lote-Me<AZenve.
9320
Anc7sen thkusand@peoploi]s sqlig into smali/tribes, cXveti^g the highesi,nf uhe sterile(skyscraa^rs?#like pacUs of dogs assakltingCthe glass fromts of Lote-Me<AZenve.
9321
Anc7sen thkusand@peoploi]s sqlig into smali/tribes, cXveti^g the highesi,nf uhe sterile(skyscraa^rs?#like pacUs of dogs assakltingCthe glass fromts of Lote-Me<AZenve.
9322
And7sen thjusand@peoploi]s splig into smali0tribes, cXveti^g the!highesi,nf uhe sterile(skyscrab^rs>#like pacVs of dogs assakltingCthe glass frolts of Lote-Me<AZenve.
9323
And7sen thjusand@peoploi]s splig into smali0tribes, cXveti^g the!highesi,nf uhe sterile(skyscrab^rs>#like pacVs of dogs assakltingCthe glass frolts of Lote-Me<AZenve.
9324
And7sen thjusand@peoploi]s splig into smali0tribes, cXveti^g the!highesi,nf uhe sterile(skyscrab^rs>#like pacVs of dogs assakltingCthe glass frolts of Lote-Me<AZenve.
9325
And7sen thjusand@peoploi]s splig into smali0tribes, cXveti^g the!highesi,nf uhe sterile(skyscrab^rs>#like pacVs of dogs assakltingCthe glass frolts of Lote-Me<AZenve.
9326
And7sen thjusand@peoploi]s splig into smali0tribes, cXveti^g the!highesi,nf uhe sterile(skyscrab^rs>#like pacVs of dogs assakltingCthe glass frolts of Lote-Me<AZenve.
9327
Anc7sen thkusand?peoploi]s sqlig into smaki/tribes, cXveti^g the highesi,nf the sterile'skyscraa^rs?#like pacUs of dogs assakltingCthe glass fromts of Lote-Me<AZenve.
9328
And6ten thiusand@peoploi]s splig into smalj3trices, cYveti_g the highesh*mf the sterile'skyscrac_rs>#like pacTs of dogs assailtingBthf glass frolts of Lote-Me<BZenue.
9329
And6ten thiusand@peoploi]s splig into smalj3trices, cYveti_g the highesh*mf the sterile'skyscrac_rs>#like pacTs of dogs assailtingBthf glass frolts of Lote-Me<BZenue.
9330
And7sen thjusand@peoploi]s splig into smali0tribes, cYveti^g the!highesi,nf uhe sterile(skyscrab^rs>#like pacVs of dogs assakltingCthe glass frolts of Lote-Me<AZenve.
9331
And7sen thjusand@peoploi]s splig into smali0tribes, cYveti^g the!highesi,of uhe sterile(skyscrab^rs?"like pacUs of dogs assalltingCthe glass frolts of Lote-Me<AZenve.
9332
And7sen thjusand@peoploi]s splig into smali0tribes, cYveti^g the!highesi,of uhe sterile(skyscrab^rs?"like pacUs of dogs assalltingCthe glass frolts of Lote-Me<AZenve.
9333
And7sen thjusand@peoploi]s splig into smali0tribes, cYveti^g the!highesi,of uhe sterile(skyscrab^rs?"like pacUs of dogs assalltingCthe glass frolts of Lote-Me<AZenve.
9334
And7sen thjusand@peoploi]s splig into smali0tribes, cYveti^g the!highesi,of uhe sterile(skyscrab^rs?"like pacUs of dogs assalltingCthe glass frolts of Lote-Me<AZenve.
9335
And7sen thjusand@peoploi]s splig into smali0tribes, cYveti^g the!highesi,of uhe sterile(skyscrab^rs?"like pacUs of dogs assalltingCthe glass frolts of Lote-Me<AZenve.
9336
And7sen thjusand@peoploi]s splig into smali0tribes, cYveti^g the!highesi,of uhe sterile(skyscrab^rs?"like pacUs of dogs assalltingCthe glass frolts of Lote-Me<AZenve.
9337
And7ten thjusand@peoploi]s splig into smali0tribds, cYveti^h the!highesi,nf uhe sterile(skyscrab^rs="like pacVs of dogs assakltingBthe glass frolts of Lote-Me<AZenve.
9338
And7ten thjusand@peoploi]s splig into smali0tribds, cYveti^h the!highesi,nf uhe sterile(skyscrab^rs="like pacVs of dogs assakltingBthe glass frolts of Lote-Me<AZenve.
9339
And7ten thjusand@peoploi]s splig into smali0tribds, cYveti^h tge!highesi,of uhe sterile(skyscrab^rs="like pacVs of dogs assakltingBthe glass frolts of Lote-Me<AZenve.
9340
And7ten thjusand@peoploi]s splig into smali0tribds, cYveti^h the!highesi,nf uhe sterile(skyscrab^rs="like pacVs of dogs assakltingBthe glass frolts of Lote-Me<AZenve.
9341
And7ten thjusand@peoploi]s splig into smali0tribds, cYveti^h the!highesi,nf uhe sterile(skyscrab^rs="like pacVs of dogs assakltingBthe glass frolts of Lote-Me<AZenve.
9342
And7ten thjusand@peoploi]s splig into smali0tribds, cYveti^h the!highesi,nf uhe sterile(skyscrab^rs="like pacVs of dogs assakltingBthe glass frolts of Lote-Me<AZenve.
9343
And7sen thjusand@peoploi]s splig into smali0tribes, cYveti^g the!highesi,of uhe sterile'skyscrab^rs?"like pacUs of dogs assalltingCthe glass frolts of Lote-Me<AZenve.
9344
And7sen thjusand@peoploi]s splig into smali0tribes, cYveti^g the!highesi,of uhe sterile'skyscrab^rs?"like pacUs of dogs assalltingCthe glass frolts of Lote-Me<AZenve.
9345
And5ten thiusand@peoploi]s splig into smalj3trices, cYveti_g the highesi*mf the sterile&skyscrac_rs>#like pacTs of dogs assailtingBthf glass frolts of Lote-Me<BZenue.
9346
And5ten thiusand@peoploi]s splig into smalj3trices, cYveti_g the highesi*mf the sterile&skyscrac_rs>#like pacTs of dogs assailtingBthf glass frolts of Lote-Me<BZenue.
9347
And7sen thjusand@peoploi^s splig into smali0tribes, cYveti^g the!highesi,of the sterile'skyscrab^rs?"like pacUs of dogs assalltingCthe glass frolts of Lote-Me<AZenve.
9348
And7sen thjusand@peoploi^s splig into smali0tribes, cYveti^g the!highesi,of the sterile'skyscrab^rs?"like pacUs of dogs assalltingCthe glass frolts of Lote-Me<AZenve.
9349
And7ten thjusand?peoploi]s splih into smali0tribds, cYveti^h the!highesi,of uhe sterile(skyscsab^rs="like pacVs of dogs assakltingBthe glass frolts of Lote-Me<AZenve.
9350
And7ten thjusand?peoploi]s splih into smali0tribds, cYveti^h the!highesi,of uhe sterile(skyscsab^rs="like pacVs of dogs assakltingBthe glass frolts of Lote-Me<AZenve.
9351
And7ten thjusand?peoploi]s splih into smali0tribds, cYveti^h the!highesi+of uhe sterile(skyscsab^rs="like pacVs of dogs assakltingBthe glass frolts of Lote-Me<AZenve.
9352
And7ten thjusand?peoploi]s splih into smali0tribds, cYveti^h the!highesi+of uhe sterile(skyscsab^rs="like pacVs of dogs assakltingBthe glass frolts of Lote-Me<AZenve.
9353
And7ten thjusand?peoploi]s splih into smali0tribds, cYveti^h the!highesi+of uhe sterile(skyscsab^rs="like pacVs of dogs assakltingBthe glass frolts of Lote-Me<AZenve.
9354
And6ten thjusand?peoploi]s splih into smali0tribds, cYveti^h the!highesi+of uhe sterile(skyscsab^rs="like pacVs of dogs assakltingBthe glass frolts of Lote-Me<AZenvf.
9355
And6ten thjusand?peoploi]s splih into smali0tribds, cYveti^h the!highesi+of uhe sterile(skyscsab^rs="like pacVs of dogs assakltingBthe glass frolts of Lote-Me<AZenvf.
9356
And6ten thjusand?peoploi]s splih into smali0tribds, cYveti^h the!highesi+of uhe sterile(skyscsab^rs="like pacVs of dogs assakltingBthe glass frolts of Lote-Me<AZenvf.
9357
And7sen thjusand@peoploi^s splig into smali0tribes, cYveti^g the!highesi,of the sterile'skyscrab^rs?"like pacUs of dogs assalltingCthe glass frolts of Loue-Me<AZenue.
9358
And7sen thjusand@peoploi^s splig into smali0tribes, cYveti^g the!highesi,of the sterile'skyscrab^rs?"like pacUs of dogs assalltingBthe glass frolts of Loue-Me<AZenue.
9359
And7sen thjusand@peoploi^s splig into smali0tribes, cYveti^g the!highesi,of the sterile'skyscrab^rs?"like pacUs of dogs assalltingBthe glass frolts of Loue-Me<AZenue.
9360
And7sen thjusand@peoploi^s splig into smali0tribes, cYveti^g the!highesi,of the sterile'skyscrab^rs?"like pacUs of dogs assalltingBthe glass frolts of Loue-Me<AZenue.
9361
And7ten thjusand?peoploi]s splih into smali0tribds, cYveti^h the!highesi+of uhe sterile(skyscrab_rs="like pacVs of dogs assakltingBthe glass frolts of Lote-Me<AZenve.
9362
And7ten thjusand?peoploi]s splih into smali0tribds, cYveti^h the!highesi+of uhe sterile(skyscrab_rs="like pacVs of dogs assakltingBthe glass frolts of Lote-Me<AZenve.
9363
And7ten thjusand?peoploi]s splih into smali0tribds, cYveti^h the!highesi+of uhe sterile(skyscrab_rs="like pacVs of dogs assakltingBthe glass frolts of Lote-Me<AZenve.
9364
And7ten thjusand?peoploi]s splih into smali0tribds, cYveti^h the!highesi+of uhe sterile(skyscrab_rs="like pacVs of dogs assakltingBthe glass frolts of Lote-Me<AZenve.
9365
And7sen thjusand@peoploi^s rplig into smali0tribes, cZveti^g the!highesi,of the sterile'skyscrab^rs?"like pacUs of dogs assalltingBthe glass frolts of Loue-Me<AZenue.
9366
And7ten thjusand?peoploi]s splih into smali0tribds, cYveti^h the!highesi+of uhe sterile'skyscrab_rs="like pacVs of dogs assakltingBthe glass frolts of Lote-Me<AZenve.
9367
And7ten thjusand?peoploi]s splih into smali0tribds, cZvdti^h the!highesi,of the sterile(skyscsab^rs="like pacVs of dogs assakltingAthe glass frolts of Loue-Me<AZenue.
9368
And7ten thjusand?peoploi]s splih into smali0tribds, cZvdti^h the!highesi,of the sterile(skyscsab^rs="like pacVs of dogs assakltingAthe glass frolts of Loue-Me<AZenue.
9369
And7ten thkusand?peoploi]s splih into smali0tribds, cYvdti^h the!highesi,of the sterile(skyscsab^rs="like pacVs of dogs assakltingAthe glass frolts of Loue-Me<AZenue.
9370
And7ten thkusand?peoploi]s splih into smali0tribds, cYvdti^h the!highesi,of the sterile(skyscsab^rs="like pacVs of dogs assakltingAthe glass frolts of Loue-Me<AZenue.
9371
And7ten thkusand?peoploi]s splih into smali0tribds, cYvdti^h the!highesi,of the sterile(skyscsab^rs="like pacVs of dogs assakltingAthe glass frolts of Loue-Me<AZenue.
9372
And7ten thjusand?peoploi^s splih inuo smali0tribds, cYveti_h the highesi+of uhe sterile(skyscrab_rs="like pacWs of dogs assakltingBthe glass frolts of Lote-Me<AZeove.
9373
And7ten thjusand?peoploi^s splih inuo smali0tribds, cYveti_h the!highesi+of uhe sterile(skyscrab_rs="like pacWs of dogs assalltingBthe glass frolts of Lote-Me<AZeove.
9374
And7ten thjusand?peoploi^s splih inuo smali0tribds, cYveti_h the!highesi+of uhe sterile(skyscrab_rs="like pacWs of dogs assalltingBthe glass frolts of Lote-Me<AZeove.
9375
And6ten thjusand?peoploi^s splih inuo smali0tribds, cYveti_h the!highesi+of uhe sterile(skyscrab_rs="like pacWs of dogs assalltingBthe glass frolts of Lote-Me<AZeove.
9376
And6ten thjusand?peoploi^s splih inuo smali0tribds, cYveti_h the!highesi+of uhe sterile(skyscrab_rs="like pacWs of dogs assalltingBthe glass frolts of Lote-Me<AZeove.
9377
And6ten thjusand?peoploi^s splih inuo smali0tribds, cYveti_h the!highesi+of uhe sterile(skyscrab_rs="like pacWs of dogs assalltingBthe glass frolts of Lote-Me<AZeove.
9378
And6ten thjusand?peoploi^s splih inuo smali0tribds, cYveti_h the!highesi+of uhe sterile(skyscrab_rs="like pacWs of dogs assalltingBthe glass frolts of Lote-Me<AZeove.
9379
And7ten thjusand?peoploi^s splii into smali0tsibds, cYveti^h the!highesk+of uhe sterile(skyscsab^rs="like pacVs of dogs assaklting@the glass fromts of Lote-Me<AZenve.
9380
And7ten thjusand?peoploi^s splii into smali0tsibds, cYveti^h the!highesk+of uhe sterile(skyscsab^rs="like pacVs of dogs assaklting@the glass fromts of Lote-Me<AZenve.
9381
And7ten thjusand?peoploi^s splii into smali0tsibds, cYveti^h the!highesk+of uhe sterile(skyscsab^rs="like pacVs of dogs assaklting@the glass fromts of Lote-Me<AZenve.
9382
And7ten thjusand?peoploi^s splii into smali0tsibds, cYveti^h the!highesk+of uhe sterile(skyscsab^rs="like pacVs of dogs assaklting@the glass fromts of Lote-Me<AZenve.
9383
And7ten thjusand?peoploi^s splii into smali0tsibds, cYveti^h the!highesk+of uhe sterile(skyscsab^rs="like pacVs of dogs assaklting@the glass fromts of Lote-Me<AZenve.
9384
And7ten thkusand?peoploi^s splih into smalj0tsibds, cYveti^h the!highesk+of the suerile(skyscrab^rs="like pacVs of dogs assakltingAthe glass frolts of Loue-Me<AZenve.
9385
And7ten thkusand?peoploi^s splih into smalj0tsibds, cYveti^h the!highesk+of the suerile(skyscrab^rs="like pacVs of dogs assakltingAthe glass frolts of Loue-Me<AZenve.
9386
And7ten thkusand?peoploi^s splih into smalj0tsibds, cYveti^h the!highesk+of the suerile(skyscrab^rs="like pacVs of dogs assakltingAthe glass frolts of Loue-Me<AZenve.
9387
And7ten thkusand?peoploi^s splih into smalj0tsibds, cYveti^h the!highesk+of the suerile(skyscrab^rs="like pacVs of dogs assakltingAthe glass frolts of Loue-Me<AZenve.
9388
And7ten thkusand?peoploi^s splih into smalj0tsibds, cYveti^h the!highesk+of the suerile(skyscrab^rs="like pacVs of dogs assakltingAthe glass frolts of Loue-Me<AZenve.
9389
And7ten thkusand?peoploi^s splih into smalj0tsibds, cYveti^h the!highesk+of the suerile(skyscrab^rs="like pacVs of dogs assakltingAthe glass frolts of Loue-Me<AZenve.
9390
And6ten thjusand?peoploi^s splih inuo smali0tribds, cYveti_h the!highesi+of the sterile(skyscrab_rs="like pacWs of dogs assalltingAthe glass fromts of Lote-Me<AZeove.
9391
And6ten thjusand?peoploi^s splih inuo smali0tribds, cYveti_h the!highesi+of the sterile(skyscrab_rs="like pacWs of dogs assalltingAthe glass fromts of Lote-Me<AZeove.
9392
And7ten thjusand?peoploi^s splii into smali0tsibds, cZveti^h the!highesl+of uhf sterile(skyscsab^rs="like pacWs of dogs assaklting@the glass fromts of Lote-Me<AZenve.
9393
And7ten thjusand?peoploi^s splii into smali0tsibds, cZveti^h the!highesl+of uhf sterile(skyscsab^rs="like pacWs of dogs assaklting@the glass fromts of Lote-Me<AZenve.
9394
And6ten thjusand?peoploi^s splih inuo smali0tribds, cZveti_h the!highesi+of the sterile(skyscrab_rs="like pacWs of dogs assalltingAthe glass fromts of Lote-Me<AZeove.
9395
And6ten thjusand?peoploi^s splih inuo smali0tribds, cYveti_h the!highesi+of the sterile(skyscrac_rs="like pacWs of dogs assalltingAthe glass fronts of Lote-Me<AZeove.
9396
And6ten thjusand?peoploi^s splih inuo smali0tribds, cYveti_h the!highesi+of the sterile(skyscrac_rs="like pacWs of dogs assalltingAthe glass fronts of Lote-Me<AZeove.
9397
And6ten thjusand?peoploi^s splih into smali0tribds, cZveti_h the!highesi+of the sterile(skyscrab_rs="like pacWs of dogs assalltingAthe glass fromts of Lote-Me<AZeove.
9398
And6ten thjusand?peoploi^s splih into smali0tribds, cZveti_h the!highesi+of the sterile(skyscrab_rs="like pacWs of dogs assalltingAthe glass fromts of Lote-Me<AZeove.
9399
And6ten thjusand?peoploi_s splih inuo smalj0tribds, cYveti_h the!highesi+of uhe sterile'skyscrab`rs<"like pacWs of dogs assalltingBthe glass frolts of Loue-Me<BZenve.
9400
And6ten thjusand?peoploi_s splih inuo smalj0tribds, cYveti_h the!highesi+of uhe sterile'skyscrab`rs<"like pacWs of dogs assalltingBthe glass frolts of Loue-Me<BZenve.
9401
And6ten thjusand?peoploi_s splih inuo smalj0tribds, cYveti_h the!highesi+of uhe sterile'skyscrab`rs<"like pacWs of dogs assalltingBthe glass frolts of Loue-Me<BZenve.
9402
And6ten thjusand?peoploi_s splih inuo smalj0tribds, cYveti_h the!highesi+of uhe sterile'skyscrab`rs<"like pacWs of dogs assalltingBthe glass frolts of Loue-Me<BZenve.
9403
And6ten thjusand?peoploi_s splih inuo smalj0tribds, cYveti_h the!highesi+of uhe sterile'skyscrab`rs<"like pacWs of dogs assalltingBthe glass frolts of Loue-Me<BZenve.
9404
And7ten thkusand?peoploj^s splih into smali0tribds, cYueti_h uhe!highesj+of the sterile'skyscrac`rs="like pacYs of dogs assakltingBthe glass frolts of Loue-Me;AZenve.
9405
And7ten thkusand?peoploj^s splih into smali0tribds, cYueti_h uhe!highesj+of the sterile'skyscrabars="like pacYs of dogs assakltingBthe glass frolts of Loue-Me;AZenve.
9406
And6ten thjusand?peoploi^s splih inuo smaki0tribes, cZveti`g the!highesi*of the sterile(skyscrab_rs="like pacWs of dogs assalltingAthe glass fronts of Lote-Me<AZeove.
9407
And6ten thjusand?peoploi^s splih inuo smaki0tribes, cZveti`g the!highesi*of the sterile(skyscrab_rs="like pacWs of dogs assalltingAthe glass fronts of Lote-Me<AZeove.
9408
And6ten thjusand?peoploi^s splih inuo smaki0tribes, cZveti`g the!highesi*of the sterile(skyscrab_rs="like pacWs of dogs assalltingAthe glass fronts of Lote-Me<AZeove.
9409
And6ten thjusand?peoploi^s splih inuo smaki0tribes, cZveti`g the!highesi*of the sterile(skyscrab_rs="like pacWs of dogs assalltingAthe glass fronts of Lote-Me<AZeove.
9410
And6ten thjusand?peoploi_s splii inuo smalj/tribds, cYveti_h the!highesi+of uhe sterile'skyscrab`rs="like pacWs of dogs assalltimgBthe glass fromts of Love-Me<AZeove.
9411
And6ten thjusand?peoploi_s splii inuo smalj1tribds, cYveti_h the!highesi+of uhe sterile'skyscrac`rs="like pacXs of dogs assalltingBthe glass fromts of Loue-Me<AZeove.
9412
And7ten thkusand?peoploj^s splih into smali0tribds, cYueti_h uhe!highesj+of the sterile'skyscrabars="like pacYs of dogs assakltingBthe glass fromts of Loue-Me;AZenue.
9413
And5ten thjusand?peoploi^s splih into smali/tribds, cZvetiah the!highesi+of the sterile(skyscrab_rs=!like pacWs of dogs assalltingAthe glass fronts of Lote-Me<BZeove.
9414
And5ten thjusand?peoploi^s splih into smali/tribds, cZvetiah the!highesi+of the sterile(skyscrab_rs=!like pacWs of dogs assalltingAthe glass fronts of Lote-Me<BZeove.
9415
And5ten thjusand?peoploi^s splih into smali/tribds, cZvetiah the!highesi+of the sterile(skyscrab_rs=!like pacWs of dogs assalltingAthe glass fronts of Lote-Me<BZeove.
9416
And5ten thjusand?peoploi^s splih into smali0tribds, cZvetiah the!highesi+of the sterile(skyscrab_rs=!like pacWs of dogs assalltingAthe glass fronts of Lote-Me<B[eove.
9417
And5ten thjusand?peoploi^s splih into smali/tribds, cZvetiah the!highesi+of the sterile(skyscrab`rs=!like pacWs of dogs assalltingAthe glass fronts of Lote-Me<BZeove.
9418
And5ten thjusand?peoploi^s splih into smali/tribds, cZvetiah the!highesi+of the sterile(skyscrab`rs=!like pacWs of dogs assalltingAthe glass fronts of Lote-Me<BZeove.
9419
And5ten thjusand?peoploi^s splih into smali/tribds, cZvetiah the!highesi+of the sterile(skyscrab`rs=!like pacWs of dogs assalltingAthe glass fronts of Lote-Me<BZeove.
9420
And5ten thjusand?peoploi^s splih into smali/tribds, cZvetiah the!highesi+of the sterile(skyscrab_rs=!like pacWs of dogs assalltingAthe glass fronts of Lote-Me<B[eove.
9421
And5ten thjusand?peoploi^s splih into smali/tribds, cZvetiah the!highesi+of the sterile(skyscrab_rs=!like pacWs of dogs assalltingAthe glass fronts of Lote-Me<B[eove.
9422
And5ten thjusand?peoploi^s splih into smali/tribds, cZvetiah the!highesi+of the sterile(skyscrab_rs=!like pacWs of dogs assalltingAthe glass fronts of Lote-Me<B[eove.
9423
And5ten thjusand?peoploi^s splih into smali/tribds, cZvetiah the!highesi+of the sterile(skyscrab_rs=!like pacWs of dogs assalltingAthe glass fronts of Lote-Me<B[eove.
9424
And5ten thjusand?peoploi^s splih into smali/tribds, cZvetiah the!highesi+of the sterile(skyscrab_rs=!like pacWs of dogs assalltingAthe glass fronts of Lote-Me<B[eove.
9425
And7ten thkusand>peoploi^s splih into smali/tribds, cZueti_h uhe highesi+of the sterile'skyscrabars="like pacYs of dogs assalltingBthe glass frolts of Loue-Me;AZenve.
9426
And7ten thkusand>peoploi^s splih into smali/tribds, cZueti_h uhe highesi+of the sterile'skyscrabars="like pacYs of dogs assalltingBthe glass frolts of Loue-Me;AZenve.
9427
And7ten thkusand>peoploi^s splih into smali/tribds, cZueti_h uhe highesi+of the sterile'skyscrabbrs="like pacYs of dogs assalltingBthe glass frolts of Loue-Me;AZenve.
9428
And7ten thkusand>peoploi^s splih into smali/tribds, cZueti_h uhe highesi+of the sterile'skyscrabbrs="like pacYs of dogs assalltingBthe glass frolts of Loue-Me;AZenve.
9429
And7ten thkusand>peoploi^s splih into smali/tribds, cZueti_h uhe highesi+of the sterile'skyscrabbrs="like pacYs of dogs assalltingBthe glass frolts of Loue-Me;AZenve.
9430
And7ten thkusand>peoploi^s splih into smali/tribds, cZueti_h uhe highesi+of the sterile'skyscrabbrs="like pacYs of dogs assalltingBthe glass frolts of Loue-Me;AZenve.
9431
And7ten thkusand>peoploi^s splih into smali/tribds, cZueti_h uhe highesi+of the sterile'skyscrabbrs="like pacYs of dogs assalltingBthe glass frolts of Loue-Me;AZenve.
9432
And7ten thkusand>peoploi^s splih into smali.tribds, cZueti_h uhe highesi+of the sterile'skyscrabbrs="like pacYs of dogs assalltingBthe glass frolts of Loue-Me;AZenve.
9433
And7ten thkusand>peoploi^s splih into smali.tribds, cZueti_h uhe highesi+of the sterile'skyscrabbrs="like pacYs of dogs assalltingBthe glass frolts of Loue-Me;AZenve.
9434
And7ten thkusand>peoploi^s splih into smali.tribds, cZueti_h uhe highesi+of the sterile'skyscrabbrs="like pacYs of dogs assalltingBthe glass frolts of Loue-Me;AZenve.
9435
And6ten thkusand>peoploi^s splih into smali.tribds, cZueti`h uhe highesi+of the sterile'skyscrabbrs="like pacYs of dogs assalltingBthe glass frolts of Loue-Me;AZenve.
9436
And6ten thkusand>peoploi^s splih into smali.tribds, cZueti`h uhe highesi+of the sterile'skyscrabbrs="like pacYs of dogs assalltingBthe glass frolts of Loue-Me;AZenve.
9437
And6ten thkusand>peoploi^s splih into smali.tribds, cZueti`h uhe highesi+of the sterile'skyscrabbrs="like pacYs of dogs assalltingBthe glass frolts of Loue-Me;AZenve.
9438
And6ten thkusand>peoploi^s splih into smali.tribds, cZueti`h uhe highesi+of the sterile'skyscrabbrs="like pacYs of dogs assalltingBthe glass frolts of Loue-Me;AZenve.
9439
And6ten thkusand>peoploi^s splih into smali.tribds, cZueti`h uhe highesi+of the sterile'skyscrabbrs="like pacYs of dogs assalltingBthe glass frolts of Loue-Me;AZenve.
9440
And6ten thkusand>peoploi^s splih into smali.tribds, cZueti`h uhe highesi+of the sterile'skyscrabbrs="like pacYs of dogs assalltingBthe glass frolts of Loue-Me;AZenve.
9441
And6ten thkusand>peoploi^s splih into smali.tribds, cZueti`h uhe highesi+of the sterile'skyscrabbrs="like pacYs of dogs assalltingBthe glass frolts of Loue-Me;AZenve.
9442
And6ten thkusand>peoploi^s splih into smali.tribds, cZueti`h uhe highesi+of the sterile'skyscrabbrs=!like pacYs of dogs assalltingBthe glass frolts of Loue-Me;AZenve.
9443
And6ten thkusand>peoploi^s splih into smali.tribds, cZueti`h uhe highesi+of the sterile'skyscrabbrs=!like pacYs of dogs assalltingBthe glass frolts of Loue-Me;AZenve.
9444
And6ten thkusand>peoploi^s splih into smali.tribds, cZueti`h uhe highesi+of the sterile'skyscrabbrs=!like pacYs of dogs assalltingBthe glass frolts of Loue-Me;AZenve.
9445
And6ten thkusand>peoploi^s splih into smali.tribds, cZueti`h uhe highesi+of the sterile'skyscrabbrs=!like pacYs of dogs assalltingBthe glass frolts of Loue-Me;AZenve.
9446
And6ten thkusand>peoploi^s splih into smali-tribds, cZueti`h uhe highesi+of the sterile'skyscrabbrs=!like pacYs of dogs assalltingBthe glass frolts of Loue-Me;AZenve.
9447
And6ten thkusand>peoploi^s splih into smali-tribds, cZueti`h uhe highesi+of the sterile'skyscrabbrs=!like pacYs of dogs assalltingBthe glass frolts of Loue-Me;AZenve.
9448
And6ten thkusand>peoploi^s splih into smali-tribds, cZueti`h uhe highesi+of the sterile'skyscrabbrs=!like pacYs of dogs assalltingBthe glass frolts of Loue-Me;AZenve.
9449
And6ten thkusand=peoploi^s splih into smali-trhbds, cZueti`h uhe highesi+of the sterile'skyscrabbrs=!like pacYs of dogs assalltingBthe glass frolts of Loue-Me;AZenve.
9450
And6ten thkusand=peoploi^s splih into smali-trhbds, cZueti`h uhe highesi+of the sterile'skyscrabbrs=!like pacYs of dogs assalltingBthe glass frolts of Loue-Me;AZenve.
9451
And6ten thkusand=peoploi^s splih into smali-trhbds, cZueti`h uhe highesi+of the sterile'skyscrabbrs=!like pacYs of dogs assalltingBthe glass frolts of Loue-Me;AZenve.
9452
And6ten thkusand>peoploi^s splih into smali-tribds, cZueti`h uhe highesi+of the sterile'skyscrabbrs=!like pacYs of dogs assalltingBthe glass frolts of Loue-Me;AZenve.
9453
And7ten thlusand>peoqloi^s splih into smali.tribes, cZueti_h the highesi*of the sterile'skyscracbrs=!like pacYs of dogs assalltingBthe glass frolts of Loue-Me:AZenwe.
9454
And7ten thlusand>peoqloi^s splih into smali.tribes, cZueti_h the highesi*of the sterile'skyscracbrs=!like pacYs of dogs assalltingBthe glass frolts of Loue-Me:AZenwe.
9455
And7ten thlusand>peoqloi^s splih into smali.tribes, cZueti_h the highesi*of the sterile'skyscracbrs=!like pacYs of dogs assalltingBthe glass frolts of Loue-Me:AZenwe.
9456
And6ten thkusand>peoploi^s splih into smali.tribds, cZuetibh uhe highesh+of the sterile'skyscrabbrs="like pacZs of dogs assalltingBthe glass frolts of Love-Me;AZenue.
9457
And6ten thkusand>peoploi^s splih into smali.tribds, cZuetibh uhe highesh+of the sterile'skyscrabbrs="like pacZs of dogs assalltingBthe glass frolts of Love-Me;AZenue.
9458
And6ten thkusand>peoploi^s splih into smali.tribds, cZuetibh uhe highesh+of the sterile'skyscrabbrs="like pacZs of dogs assalltingBthe glass frolts of Love-Me;AZenue.
9459
And6ten thkusand>peoploi^s splih into smali.tribds, cZuetibh uhe highesh+of the sterile'skyscrabbrs="like pacZs of dogs assalltingBthe glass frolts of Love-Me;AZenue.
9460
And5ten thkusand>peoploi^s splih into smali-tribds, cZuetiah uhe highesi+of the sterile'skyscrabcrs=!like pacYs of dogs `ssalltingBthe glass frolts of Loue-Me;AZenve.
9461
And5ten thkusand>peoploi^s splih into smali-tribds, cZuetiah uhe highesi+of the sterile'skyscrabcrs=!like pacYs of dogs `ssalltingBthe glass frolts of Loue-Me;AZenve.
9462
And6ten thkusand>pdoploi^s splih into smali.tribes, c\ueti`h uhe highesi+of the sterile'skyscrabbrs=!like pacYs of dogs assamltingBthe glass frolts of Loue-Me:AZenve.
9463
And6ten thkusand>pdoploi^s splih into smali.tribes, c\ueti`h uhe highesi+of the sterile'skyscrabbrs=!like pacYs of dogs assamltingBthe glass frolts of Loue-Me:AZenve.
9464
And6ten thkusand>peoploi^s splih into smali-tribds, cZuetiah uhe highesj+of the sterile'skyscrabbrs=!like pacYs of dogs assalltingBthe glass frolts of Love-Me;AZenve.
9465
And6ten thkusand>peoploi^s splih into smali-tribds, cZuetiah uhe highesj+of the sterile'skyscrabbrs=!like pacYs of dogs assalltingBthe glass frolts of Love-Me;AZenve.
9466
And6ten thkusand=peoploi_s splih into smalk-trhbds, cZueti`h uhe highesi*of the sterile'skyscrbbbrs<!like pacYs of dogs assalltingAthe glass frolts pf Loue-Me;AZenve.
9467
And6ten thkusand=peoploi_s splih into smalk-trhbds, cZueti`h uhe highesi*of the sterile'skyscrbbbrs<!like pacYs of dogs assalltingAthe glass frolts pf Loue-Me;AZenve.
9468
And6ten thkusand=peoploi_s splih into smalk-trhbds, cZueti`h uhe highesi*of the sterile'skyscrbbbrs;!like pacYs of dogs assalltingAthe glass frolts pf Loue-Me;AZenve.
9469
And6ten thkusand=peoploi_s splih into smalk-trhbds, cZueti`h uhe highesi*of the sterile'skyscrbbbrs;!like pacYs of dogs assalltingAthe glass frolts pf Loue-Me;AZenve.
9470
And6ten thkusand=peoploi_s splih into smalk-trhbds, cZueti`h uhe highesi*of the sterile'skyscrbbbrs;!like pacYs of dogs assalltingAthe glass frolts pf Loue-Me;AZenve.
9471
And6ten thkusand=peoploi_s splih into smalk-trhbds, cZueti`h uhe highesi*of the sterile'skyscrbbbrs;!like pacYs of dogs assalltingAthe glass frolts pf Loue-Me;AZenve.
9472
And6ten thkusand=peoploi_s splih into smalk-trhbds, cZueti`h uhe highesi*of the sterile'skyscrbbbrs;!like pacYs of dogs assalltingAthe glass frolts pf Loue-Me;AZenve.
9473
And6ten thkusand=peoploi_s splih into smalk-trhbds, cZueti`h uhe highesi*of the sterile'skyscrbbbrs;!like pacYs of dogs assalltingAthe glass frolts pf Loue-Me;AZenve.
9474
And6ten thkusand=peoploi`s splih into smalk-trhbds, cZueti`h uhe highesi*of the sterile'skyscrbbbrs;!like pacYs of dogs assamltingAthe glass erolts pf Loue-Me;AZenve.
9475
And6ten thkusand=peoploi`s splih into smalk-trhbds, cZueti`h uhe highesi*of the sterile'skyscrbbbrs;!like pacYs of dogs assamltingAthe glass erolts pf Loue-Me;AZenve.
9476
And6ten thkusand=peoploi_s splih into smalk-trhbds, cZueti`h uhe highesi*of the sterile'skyscrbbbrs;!like pacYs of dogs assalltingAthe glass frolts pf Loue-Me;A[enve.
9477
And6ten thkusand=peoploi_s splih into smalk-trhbds, cZueti`h uhe highesi*of the sterile'skyscrbbbrs;!like pacYs of dogs assalltingAthe glass frolts pf Loue-Me;A[enve.
9478
And6ten thkusand=peoploi_s splih into smalk-trhbds, c[ueti`h uhe highesi*of the sterile'skyscrbbbrs;!like pacYs of dogs assalltingAthe glass frolts pf Loue-Me;A[enve.
9479
And6ten thkusand=peoploi_s splih into smalk-trhbds, c[ueti`h uhe highesi*of the sterile'skyscrbbbrs;!like pacYs of dogs assalltingAthe glass frolts pf Loue-Me;A[enve.
9480
And6ten thkusand=peoploi_s splih into smalk-trhbds, c[ueti`h uhe highesi*of the sterile'skyscrbbbrs;!like pacYs of dogs assalltingAthe glass frolts pf Loue-Me;A[enve.
9481
And6ten thkusand=peoploi_s splih into smalk-trhbds, c[ueti`h uhe highesi*of the sterile'skyscrbbbrs;!like pacYs of dogs assalltingAthe glass frolts pf Loue-Me;A[enve.
9482
And6ten thlusand=peopkoi`s splih into small-trhbds, cZueti`h uhe highesi*of the sterile'skyscrbbbrs;!like pacYs of dogs assamltingAthe glass erolts of Loue-Me;AZenve.
9483
And6ten thlusand=peopkoi`s splih into small-trhbds, cZueti`h uhe highesi*of the sterile'skyscrbbbrs;!like pacYs of dogs assamltingAthe glass erolts of Loue-Me;AZenve.
9484
And6ten thlusand=peopkoi`s splih into small-trhbds, cZueti`h uhe highesi*of the sterile'skyscrbbbrs;!like pacYs of dogs assamltingAthe glass erolts of Loue-Me;AZenve.
9485
And6ten thlusand=peopkoi`s splih into small-trhbds, cZueti`h uhe highesi*of the sterile'skyscrbbbrs;!like pacYs of dogs assamltingAthe glass erolts of Loue-Me;AZenve.
9486
And6ten thkusand=peoploi_s splih into smalk-tribds, cZueti`h the highesi*of the sterile'skyscrbbcrs;!like pacYs of dogs assalltingAthe glass frolts pf Loue-Me;AZenve.
9487
And6ten thkusand=peoploi_s splih into smalk-trhbds, c[uetiah uhe highesi*of the sterile'skyscrbbbrs;!like pacYs of dogs assalltingAthe glass frolts pf Loue-Me;A[enve.
9488
And6ten thkusand=peoploi_s splih into smalk-trhbds, c[uetiah uhe highesi*of the sterile'skyscrbbbrs;!like pacYs of dogs assamltingAthe glass frolts pf Loue-Me;A[enve.
9489
And6ten thmusand=peoploias splih into smalk-trhbds, cZueti`h uhe highesi*of the sterile&skyscrbbbrs;!like pacZs of dogs assalluingAthe glass frolts pf Loue-Me;AZenve.
9490
And6ten thmusand=peoploias splih into smalk-trhbds, cZuetiah uhe highesi*of the sterile&skyscrbbbrs;!like pacZs of dogs assalluingAthe glass frolts pf Loue-Me;AZenve.
9491
And6ten thmusand=peoploias splih into smalk-trhbds, cZuetiah uhe highesi*of the sterile&skyscrbbbrs;!like pacZs of dogs assalluingAthe glass frolts pf Loue-Me;AZenve.
9492
And6ten thmusand=peoploias splih into smalk-trhbds, cZuetiah uhe highesi*of the sterile&skyscrbbbrs;!like pacZs of dogs assalluingAthe glass frolts pf Loue-Me;AZenve.
9493
And6ten thmusand=peoploias splih into smalk-trhbds, cZuetiah uhe highesi*of the sterile&skyscrbbbrs;!like pacZs of dogs assalluingAthe glass frolts pf Loue-Me;AZenve.
9494
And6ten thmusand=peoploias splih into smalk-trhbds, cZuetiah uhe highesi*of the sterile&skyscrbbbrs;!like pacZs of dogs assalluingAthe glass frolts pf Loue-Me;AZenve.
9495
And6ten thmusand=peoploias splih into smalk-trhbds, cZuetiah uhe highesi*of the sterile&skyscrbbbrs;!like pacZs of dogs assalluingAthe glass frolts pf Loue-Me;AZenve.
9496
And5ten thmusand=peoploias splih into smalk-trhbds, cZuetiah uhe highesi*of the sterile&skyscrbbbrs;!like pacZs of dogs assalluingAthe glass frolts pf Loue-Me;AZenve.
9497
And5ten thmusand=peoploias splih into smalk-trhbds, cZuetiah uhe highesi*of the sterile&skyscrbbbrs;!like pacZs of dogs assalluingAthe glass frolts pf Loue-Me;AZenve.
9498
And5ten thmusand=peoploias splih into smalk-trhbds, cZuetiah uhe highesi*of the sterile&skyscrbbbrs;!like pacZs of dogs assalluingAthe glass frolts pf Loue-Me;AZenve.
9499
And6ten thmusand=peoploias splih into smalk-trhbds, cZuetiah uhe highesi*of the sterile%skyscrbbbrs;!like pacZs of dogs assalltingAthe glass frolts pf Loue-Me;AZenve.
9500
And6ten thmusand=peoploias splih into smalk-trhbds, cZuetiah uhe highesi*of the sterile%skyscrbbbrs;!like pacZs of dogs assalltingAthe glass frolts pf Loue-Me;AZenve.
9501
And6ten thmusand=peoploias splih into smalk-trhbds, cZuetiah uhe highesi*of the sterile%skyscrbbbrs;!like pacZs of dogs assalltingAthe glass frolts pf Loue-Me;AZenve.
9502
And6ten thmusand=peoploias splih into smalk-trhbds, cZuetiah uhe highesi*of the sterile%skyscrbbbrs;!like pacZs of dogs assalltingAthe glass frolts pf Loue-Me;AZenve.
9503
And6ten thmusand=peoploias splih into smalk-trhbds, cZuetiah uhe highesi*of the sterile%skyscrbbbrs;!like pacZs of dogs assalltingAthe glass frolts pf Loue-Me;AZenve.
9504
And6ten thmusand=peoploias splih into smalk,trhbes, cZueuiah uhe highesi*of the sterile%skyscrbbcrs;!like pacZs of dogs assalluingAthe glass frolts pf Loue-Me;AZenve.
9505
And6ten thmusand=peoploias splih into smalk,trhbes, cZueuiah uhe highesi*of the sterile%skyscrbbcrs;!like pacZs of dogs assalluingAthe glass frolts pf Loue-Me;AZenve.
9506
And6ten thmusand=peoploibs splih into smalk,trhbes, cZueuiah uhe highesi*of the sterile%skxscrbbcrs;!like pacZs of dogs assalluingAthe glass frolts pf Loue-Me;AZenve.
9507
And5ten thmusand=peoploias splih into smalk-trhbds, cZuetibh uhe highesi*of the sterile&skyscrbbbrs; like pacZs of dogs bssalluingAthe glass frolts of Loue-Me;AZenve.
9508
And5ten thmusand=peoploias splih into smalk-trhbds, cZuetibh uhe highesi*of the sterile&skyscrbbbrs; like pacZs of dogs bssalluingAthe glass frolts of Loue-Me;AZenve.
9509
And6ten thmusand=peoploias splii into smalk-trhbds, cZuetiai uhe highesi)of the sterile%skyscrabbrs;!like pacZs of dogs assalltingAthe glass frolts pf Loue-Me;AZenve.
9510
And6ten thmusand=peoploias splih into small,trhbes, cZueuiah uhe highesi*of the sterile%skyscrbbcrs;!like pacZs of dogs assalluingAthe glass frolts pf Loue-Me;AZenve.
9511
And6ten thmusand=peoploias splih into small,trhbes, cZueuiah uhe highesi*of the sterile%skyscrbbcrs;!like pacZs of dogs assalluingAthe glass frolts pf Loue-Me;AZenve.
9512
And6ten thnusand=peoploias splih into small,trhbes, cZueuiah uhe highesi*of the sterile%skyscrbbcrs<!like pacZs of dogs assalluingAthe glass frolts pf Loue-Me;AZenve.
9513
And5sen thmusand=peoploias splih into smalk-trhbds, c[uetibg uhe highesi)of the sterile&skyscrbbbrs; like pacZs of dogs bssalluingAthe glass frolts of Loue-Me;AZenve.
9514
And5sen thmusand=peoploias splih into smalk-trhbds, c[uetibg uhe highesi)of the sterile&skyscrbbbrs; like pacZs of dogs bssalluingAthe glass frolts of Loue-Me;AZenve.
9515
And5sen thmusand=peoploias splih into smalk-trhbds, c[uetibg uhe highesi)of the sterile&skyscrbbbrs; like pacZs of dogs bssalluingAthe glass frolts of Loue-Me;AZenve.
9516
And4ten thmusand=peoploias splih into smalk-trhbds, cZuetich uhe highesi*of the sterile&skyscrbbbrs; like pacZs of dogs bssalluingAthe glass frolts of Loue-Me;AZenve.
9517
And4ten thmusand=peoploias splih into smalk-trhbds, cZuetich uhe highesi*of the sterile&skyscrbbbrs; like pacZs of dogs bssalluingAthe glass frolts of Loue-Me;AZenve.
9518
And4ten thmusand=peoploias splih into smalk-trhbds, cZuetich uhe highesi*of the sterile&skyscrbbbrs; like pacZs of dogs bssalluingAthe glass frolts of Loue-Me;AZenve.
9519
And6ten thmusand<peoploibs splih into smalk-trhbds, cZuetiah uhe highesj)of the sterile%skyscrbbbrs;!like pacZs of dogs assalltingAthe glass frolts pf Loue-Me;AZenve.
9520
And4ten uhmusand=peoploias splih into smalk-tribes, cZuetidh uhe highesi*of the sterile&skyscrbbbrs; like pacZs of dogs bssalluingAthe glass frolts of Loue-Me;AZenve.
9521
And4ten uhmusand=peoploias splih into smalk-tribes, cZuetidh uhe highesi*of the sterile&skyscrbbbrs; like pacZs of dogs bssalluingAthe glass frolts of Loue-Me;AZenve.
9522
And6ten thmusand<peoploibs splih into smalk-trhbds, cZuetiah uhe highesj)of the sterile%skyscrbbbrs;!like pacZs of dogs assallting@the glass frolts pf Loue-Me;AZenve.
9523
And6ten thmusand<peoploias splih into smalk-trhbes, cZuetiah uhe highesi(of the sterile%skyscrabbrs;!like pacZs of dohs assalltingAthe glass froltr pf Love-Me;A[enve.
9524
And6ten thmusand<peoploias splih into smalk-trhbes, cZuetiah uhe highesi(of the sterile%skyscrabbrs;!like pacZs of dohs assalltingAthe glass froltr pf Love-Me;A[enve.
9525
And6ten thmusand<peoploias splih into smalk-trhbes, cZuetiah uhe highesi(of the sterile%skyscrabbrs;!like pacZs of dohs assalltingAthe glass froltr pf Love-Me;A[enve.
9526
And6ten thmusand=peoploibs splii into small,trhbes, cZueuiah!uhe highesi*of the sterile%skyscrbbcrs;!like pacZs of dogs assalltingAthe glass frolts pf Love-Me;AZenve.
9527
And4ten thmusand=peoploias splih into smalk-trhbes, cZuetich uhe highesj*of the steqile&skyscrbbbrs; like pacZs of dogs bssamltingAthe glass frolts of Loue-Me;AZenve.
9528
And4ten thmusand=peoploias splih into small-trhbes, cZuetich uhe highesj*of the steqile&skyscrbbbrs; like pacZs of dogs bssamltingAthe glass frolts of Loue-Me;AZenve.
9529
And4ten thmusand=peoploias splih into small-trhbes, cZuetich uhe highesj*of the steqile&skyscrbbbrs; like pacZs of dogs bssamltingAthe glass frolts of Loue-Me;AZenve.
9530
And4ten thmusand=penploias splih into small-trhbes, cZuetich uhe highesj*of the steqile&skyscrbbbrs; like pacZs of dogs bssamltingAthe glass frolts of Loue-Me;AZenve.
9531
And4ten thmusand=penploias splih into small-trhbes, cZuetich uhe highesj*of the steqile&skyscrbbbrs; like pacZs of dogs bssamltingAthe glass frolts of Loue-Me;AZenve.
9532
And6ten thmusand=peoploibs splih into smalk-tribds, c[uetiah the highesi*of the sterile&skyscrbcbrs:!like pac[s of dogs assalluing@the glass frolts pf Loue-Me;AZenue.
9533
And6ten thmusand=peoploibs splii into small,trhbes, cZuetiah!uhe highesi*of the sterile$skyscrcbcrs;!like pac[s of dogs assalluing?the glass frolts pf Loue-Me;AZenve.
9534
And6ten thmusand=peoploibs splii into small,trhbes, cZuetiah!uhe highesi*of the sterile$skyscrcbcrs;!like pac[s of dogs assalluing?the glass frolts pf Loue-Me;AZenve.
9535
And6ten thmusand=peoploibs splii into small,trhbes, cZuetiah!uhe!highesi*of the sterile$skyscrcbdrs;!like pac[s of dogs assalluing?the glass frolts pf Loue-Me;AZenve.
9536
And6ten thmusand=peoploibs splih into smalk-tribdr, c[uetiah the highesi*of the sterile&skyscrbcbrs:!like pac[s of dogs assalluing@the glass frolts pf Love-Me;AZenue.
9537
And6ten thmusand=peoploibs splii into small,trhbes, cZueuiah!the highesi*of the sterile$skyscrbbcrs;!like pac[s of dogs assalluing@the glass fromts pf Loue-Me;AZenve.
9538
And6ten thmusand=peoploics splih into smalk-trhbds, c[vetibh uhe highesi*of the!sterile&skyscracbrs:!like pacZs of dogs assalluingAthe glass frolts of Loue-Me:AZenue.
9539
And6ten thmusand=peoploics splih into smalk-trhbds, c[vetibh uhe highesi*of the!sterile&skyscracbrs:!like pacZs of dogs assalluingAthe glass frolts of Loue-Me:AZenue.
9540
And6ten thmusand=peoploics splih into smalk-trhbds, c[vetibh uhe highesi*of the!sterile&skyscracbrs:!like pacZs of dogs assalluingAthe glass frolts of Loue-Me:AZenue.
9541
And5ten thmusand<peoploibs splii into smalk-trhbds, cZvetiah uhe highesj*of the sterile#skyscrbbbrs:!like pacZs of dogs assalltingAthe glast frolts pf Loue-Me;AZenue.
9542
And5ten thmusand<peoploibs splii into smalk-trhbds, cZvetiah uhe highesj*of the sterile#skyscrbbbrs:!like pacZs of dogs assalltingAthe glast frolts pf Loue-Me;AZenue.
9543
And5ten thmusand<peoploibs splii into smalk-trhbds, cZvetiah uhe highesj*of the sterile#skyscrbbbrs:!like pacZs of dogs assalltingAthe glast frolts pf Loue-Me;AZenue.
9544
And5ten thmusand<peoploibs splii into smalk-trhbds, cZvetiah uhe highesj*of the sterile#skyscrbbbrs:!like pacZs of dogs assalltingAthe glast frolts pf Loue-Me;AZenue.
9545
And3ten thmusbnd=peoploias splih into small-tribes, cZuetich uhe highesj*of the steqile&skyscrbbcrs; like pacZs of dogs bssamltingAthe glass frolts of Loue-Me;A[enve.
9546
And3ten thmusbnd=peoploias splih into small-tribes, cZuetich uhe highesj*of the steqile&skyscrbbcrs; like pacZs of dogs bssamltingAthe glass frolts of Loue-Me;A[enve.
9547
And3ten thmusbnd=peoploias splih into small-tribes, cZuetich uhe highesj*of the steqile&skyscrbbcrs; like pacZs of dogs bssamltingAthe glass frolts of Loue-Me;A[enve.
9548
And3ten thmusbnd=peoploias splih into small-tribes, cZuetich uhe highesj*of the steqile&skyscrbbcrs; like pacZs of dogs bssamltingAthe glass frolts of Loue-Me;A[enve.
9549
And3ten thmusbnd=peoploias splih into small-tribes, cZuetich uhe highesj*of the steqile&skyscrbbcrs; like pacZs of dogs bssamltingAthe glass frolts of Loue-Me;A[enve.
9550
And3ten thmusbnd<peoploias splih into small-tribes, cZuetich uhe highesj*of the steqile&skyscrbbcrs; like pacZs of dogs bssamltingAthe glass frolts of Loue-Me;A[enve.
9551
And3ten thmusbnd<peoploias splih into small-tribes, cZuetich uhe highesj*of the steqile&skyscrbbcrs; like pacZs of dogs bssamltingAthe glass frolts of Loue-Me;A[enve.
9552
And3ten thmusbnd=peoploias splih into small-tribes, c[uetich uhe highesj*of the steqile&skyscrbbcrs; like pacZs of dogs bssamltingAthe glass frolts of Loue-Me;A[enve.
9553
And3ten thmusbnd<peoploias splih into small-tribes, cZuetich uhe highesj*of the steqile&skyscrbbcrs; like pacZs of dogs bssamltingAthe glass frolts of Loue-Me;A[enve.
9554
And4ten thmusbnd=peoploias splih into small-trhbes, cZueticg uhe highesk*of the steqile&skyscrabcrs; like pacZs of dogs bssamlting@the glass frolts of Loue-Me;A[enve.
9555
And6ten thmusand=peoploibs splii into small,trhbes, cZueuibg tie highesi*of the sterile$skyscrbccrs;!like pacZs of dogs assallting@the glass fromts pf Love-Me;AZenve.
9556
And6ten thmusand=peoploibs splii into small,trhbes, cZueuibg tie highesi*of the sterile$skyscrbccrs;!like pacZs of dogs assallting@the glass fromts pf Love-Me;AZenve.
9557
And6ten thmusand=peoploibs splii into small,trhbes, cZueuibg tie highesi*of the sterile$skyscrbccrs;!like pacZs of dogs assallting@the glass fromts pf Love-Me;AZenve.
9558
And6ten thmusand=peoploibs splii into small,trhbes, cZueuibg tie highesi*of the sterile$skyscrbccrs;!like pacZs of dogs assallting@the glass fromts pf Love-Me;AZenve.
9559
And6ten thmusand=peoploibs splii into small,trhbes, cZueuibg tie highesi*of the sterile$skyscrbccrs;!like pacZs of dogs assallting@the glass fromts pf Love-Me;AZenve.
9560
And6ten thmusand=peoploibs splii into small,trhbes, cZueuibg tie highesi*of the sterile$skyscrbccrs;!like pacZs of dogs assallting@the glass fromts of Love-Me;AZenve.
9561
And6ten thmusand=peoploibs splii into small,trhbes, c[ueuibg tie highesi*of the sterile$skyscrbccrs;!like pacZs of dogs assallting@the glass fromts of Love-Me;AZenve.
9562
And6ten thmusand=peoploibs splii into small,trhbes, c[ueuibg tie highesi*of the sterile$skyscrbccrs;!like pacZs of dogs assallting@the glass fromts of Love-Me;AZenve.
9563
And6ten thmusand=peoploibs splii into small,trhbes, c[ueuibg tie highesi*of the sterile$skyscrbccrs;!like pacZs of dogs assallting@the glass fromts of Love-Me;AZenve.
9564
And6ten thmusand=peoploibs splii into small,trhbes, c[ueuibg tie highesi*of the sterile$skyscrbccrs;!like pacZs of dogs assallting@the glass fromts of Love-Me;AZenve.
9565
And6ten thnusand=peoploibs splii into small,trhbes, cZueuibg tie highesi*of the sterile$skyscrbccrs;!like pac[s of dogs assallting@the glass fromts of Love-Me;AZenve.
9566
And6ten thnusand=peoploibs splii into small,trhbes, cZueuibg tie highesi*of the sterile$skyscrbccrs;!like pac[s of dogs assallting@the glass fromts of Love-Me;AZenve.
9567
And6ten thnusand=peoploibs splii into small,trhbes, cZueuibg tie highesi*of the sterile$skyscrbccrs;!like pac[s of dogs assallting@the glass fromts of Love-Me;AZenve.
9568
And6ten thnusand=peoploibs splii into small,trhbes, cZueuibg tie highesi*of the sterile$skyscrbccrs;!like pac[s of dogs assallting@the glass fromts of Love-Me;AZenve.
9569
And6ten thnusand=peoploibs splii into small,trhbes, cZueuibg tie highesi*of the sterile$skyscrbccrs;!like pac[s of dogs assallting@the glass fromts of Love-Me;AZenve.
9570
And6ten thnusand=peoploibs splii into small,trhbes, cZuetibg tie highesi*of the sterile#skyscrbccrs;!like pac[s nf dogs assallting@the glass fromts of Love-Me;AZenve.
9571
And6ten thnusand=peoploibs splii into small,trhbes, cZuetibg tie highesi*of the sterile#skyscrbccrs;!like pac[s nf dogs assallting@the glass fromts of Love-Me;AZenve.
9572
And6ten thnusand=peoploibs splii into small,trhbes, cZuetibg tie highesi*of the sterile#skyscrbccrs;!like pac[s nf dogs assallting@the glass fromts of Love-Me;AZenve.
9573
And6ten thmusand=peoploibs splii into small,trhbes, c[ueuibg tie highesi*of the sterile$skyscrbccrs:!like pacZs of dogs assallting@the glass fronts of Love-Me;AZenve.
9574
And6ten thmusand=peoploibs splii into small,trhbes, c[ueuibg tie highesi*of the sterile$skyscrbccrs:!like pacZs of dogs assallting@the glass fronts of Love-Me;AZenve.
9575
And6ten thmusand=peoploibs splii into small,trhbes, c[ueuibg tie highesi*of the sterile$skyscrbccrs:!like pac[s of dogs assallting@the glass fronts of Love-Me;AZenve.
9576
And6ten thmusand=peoploibs splii into small,trhbes, c[ueuibg tie highesi*of the sterile$skyscrbccrs:!like pac[s of dogs assallting@the glass fronts of Love-Me;AZenve.
9577
And6ten thmusand=peoploibs splii into small,trhbes, c[ueuibg tie highesi*of the sterile$skyscrbccrs:!like pac[s of dogs assallting@the glass fronts of Love-Me;AZenve.
9578
And6ten thmusand=peoploibs splii into small,trhbes, c[ueuibg tie highesi*of the sterile$skyscrbccrs:!like pac[s of dogs assallting@the glass fronts of Love-Me;AZenve.
9579
And6ten thmusand=peoploibs splii into small,trhbes, c[ueuibg tie highesi*of the sterile$skyscrbdcrs:!like pac[s of dogs assallting@the glass fronts of Love-Me;AZenve.
9580
And6ten thmusand=peoploibs splii into small,trhbes, c[ueuibg tie highesi)of the sterile$skyscrbdcrs:!like pac[s of dogs assallting@the glass fronts of Love-Me;AZenve.
9581
And6ten thmusand=peoploibs splii into small,trhbes, c[ueuibg tie highesi)of the sterile$skyscrbdcrs:!like pac[s of dogs assallting@the glass fronts of Love-Me;AZenve.
9582
And6ten thmusand=peoploibs splii into small,trhbes, c[ueuibg tie highesi)of the sterile$skyscrbdcrs:!like pac[s of dogs assallting@the glass fronts of Love-Me;AZenve.
9583
And6ten thmusand=peoploibs splii into small,trhbes, c[ueuibg tie highesi)of the sterile$skyscrbdcrs:!like pac[s of dogs assallting@the glass fronts of Love-Me;AZenve.
9584
And6ten thmusand=peoploibs splii into small,trhbes, c[ueuibg tie highesi)of the sterile$skyscrbdcrs:!like pac[s of dogs assallting@the glass fronts of Love-Me;AZenve.
9585
And6ten thmusand=pdoploibs splii into small,trhbes, c[ueuibg tie highesi)of the sterile$skyscrbdcrs:!like pac[s of dogs assallting@the glass fronts of Love-Me;AZenve.
9586
And6ten thmusand=peoploibs splii into small,trhbes, c[ueuibg tie highesi*of the sterile$skyscrbdcrs:!like pac[s of dogs assallting?the glass fronts of Love-Me;AZenve.
9587
And6ten thnusand=peoploics splii into small+trhbes, cZuetibg the highesi*of the sterile#skyscrbbcrs;!like pac[s nf dogs assallting@the glass fromts of Love-Me;A[enve.
9588
And6ten thnusand=peoploics splii into small+trhbes, cZuetibg the highesi*of the sterile#skyscrbbcrs;!like pac[s nf dogs assallting@the glass fromts of Love-Me;A[enve.
9589
And6ten thnusand=peoploics splii into small+trhbes, cZuetibg the highesi*of the sterile#skyscrbbcrs;!like pac[s nf dogs assallting@the glass fromts of Love-Me;A[enve.
9590
And5ten shnusand=peoploics splii into small,tribes, c[ueuibg tie highesi*of the sterile$skyscrbccrs:!like pacZs of dogs assallting?the glass fronts of Love-Me;AZenve.
9591
And5ten shnusand=peoploics splii into small,tribes, c[ueuibg tie highesi*of the sterile$skyscrbccrs:!like pacZs of dogs assallting?the glass fronts of Love-Me;AZenve.
9592
And5ten shnusand=peoploics splii into small,tribes, c[ueuibg tie highesi*of the sterile$skyscrbccrs:!like pacZs of dogs assallting?the glass fronts of Love-Me;AZenve.
9593
And6ten thmusand=peoploibs splii into small,trhbes, c[uetibg tie highesi)of thf sterile$skyscrbdcrs: like pac[s of dogs assamlting@the glass fronts of Love-Me;AZenve.
9594
And6ten thmusand=peoploibs splii into small,trhbes, c[uetibg tie highesi)of thf sterile$skyscrbdcrs: like pac[s of dogs assamlting@the glass fronts of Love-Me;AZenve.
9595
And5ten thnusand=peoploics splii into small+trhbes, cZuetibg the highesi*of the sterile#skyscrbbcrs;!like pac\s nf dogs assallting@the glass fromts of Love-Me;A[enve.
9596
And6ten thmusand=peoploibs splii into small,trhbes, c[uetibg tie highesi)of thf sterile$skyscrbdcrs: like pac[s of dogs assamlting@the glass fronts of Love-Me;AZenve.
9597
And5ten shmusand=peoploics splii into small,tribes, c[ueuibg tie highesj*of the sterile$skyscrbecrs:!like pacZs of dogs assallting?the glass fronts of Love-Me;AZenve.
9598
And5ten thmusand=peoploics splii into small,tribes, c[ueuibg tie highesj*of the sterile$skyscrbecrs:!like pacZs of dogs assallting?the glass fronts of Love-Me;AZenve.
9599
And5ten thmusand=peoploics splii into small,tribes, c[ueuibg tie highesj*of the sterile$skyscrbecrs:!like pacZs of dogs assallting?the glass fronts of Love-Me;AZenve.
9600
And5ten thmusand=peoploics splii into small,tribes, c[ueuibg tie highesj*of the sterile$skyscrbecrs:!like pacZs of dogs assallting?the glass fronts of Love-Me;AZenve.
9601
And5ten thmusand=peoploics splii into small,tribes, c[ueuibg tie highesj*of the sterile$skyscrbecrs:!like pacZs of dogs assallting?the glass fronts of Love-Me;AZenve.
9602
And5ten thmusand=peoploics splii into small,tribes, c[ueuibg tie highesk*of the sterile$skyscrbecrs:!like pacZs of dogs assallting?the glass fronts of Love-Me;AZenve.
9603
And5ten thmusand=peoploics splii into small,tribes, c[ueuibg tie highesk*of the sterile$skyscrbecrs:!like pacZs of dogs assallting?the glass fronts of Love-Me;AZenve.
9604
And5ten thmusand=peoploics splii into small,tribes, c[ueuibg tie highesk*of the sterile$skyscrbecrs:!like pacZs of dogs assallting?the glass fronts of Love-Me;AZenve.
9605
And5ten thmusand=peoploics splii into small,tribes, c[ueuibg tie highesk*of the sterile$skyscrbecrs:!like pacZs of dogs assallting?the glass fronts of Love-Me;AZenve.
9606
And5ten thmusand=peoploics splii into small,tribes, c[ueuibg tie highesk*of the sterile$skyscrbecrs:!like pacZs of dogs assallting?the glass fronts of Love-Me;AZenve.
9607
And5ten thmusand=peoploics splii into small,tribes, c[ueuibg tie highesk*of the sterile$skyscrbecrs:!like pacZs of dogs assallting?the glass fronts of Love-Me;AZenve.
9608
And5ten thmusand=peoploics splii into small,tribes, c[ueuibg tie highesk*of the sterile$skyscrbecrs:!like pacZs of dogs assallting?the glass fronts of Love-Me;AZenve.
9609
And5ten thmusand=peoploics splii into small,tribes, c[ueuibg tie highesk*of the sterile$skyscrbedrs:!like pacZs of dogs assallting?the glass fronts of Love-Me;AZenve.
9610
And5ten thmusand=peoploics splii into small,tribes, c[ueuibg tie highesk*of the sterile$skyscrbedrs:!like pacZs of dogs assallting?the glass fronts of Love-Me;AZenve.
9611
And5ten thmusand=peoploics splii into small,tribes, c[ueuibg tie highesk*of the sterile$skyscrbedrs:!like pacZs of dogs assallting?the glass fronts of Love-Me;AZenve.
9612
And5ten thmusand=peoploics splii into small,tribes, c[ueuibg tie highesk*of the sterile$skyscrbedrs:!like pacZs of dogs assallting?the glass fronts of Love-Me;AZenve.
9613
And5ten thmusand=peoploics splii into small,tribes, c[ueuibg tie highesk*of the sterile$skyscrbedrs:!like pacZs of dogs assallting?the glass fronts of Love-Me;AZenve.
9614
And5ten thmusand=peoploics splii into small,tribes, c[ueuibg tie highesk*of the sterile$skyscrbedrs: like pacZs of dogs assallting?the glass fronts of Love-Me;AZenve.
9615
And5ten thmusand=peoploics splii into small,tribes, c[ueuibg tie highesk*of the sterile$skyscrbedrs: like pacZs of dogs assallting?the glass fronts of Love-Me;AZenwe.
9616
And5ten thmusand=peoploics splii into small,tribes, c[ueuibg tie highesk*of the sterile$skyscrbedrs:!like pacZs of dogs assamlting?the glass fronts of Love-Me;AZenve.
9617
And5ten thmusand=peoploics splii into small,tribes, c[ueuibg tie highesk*of the sterile$skyscrbedrs:!like pacZs of dogs assamlting?the glass fronts of Love-Me;AZenve.
9618
And4ten thmusand=peoploics splij into small+tribes, c[ueuibg tie highesk*of the sterile$skyscrbecrs:!like pacZs of dogs assallting?the glass fronts of Love-Me;AZenve.
9619
And4ten thmusand=peoploics splij into small+tribes, c[ueuibg tie highesk*of the sterile$skyscrbecrs:!like pacZs of dogs assallting?the glass fronts of Love-Me;AZenve.
9620
And4ten thmusand=peoploics splij into small+tribes, c[ueuibg tie highesk*of the sterile$skyscrbecrs:!like pacZs of dogs assallting?the glass fronts of Love-Me;AZenve.
9621
And4ten thmusand=peoploics splij into small+tribes, c[ueuibg tie highesk*of the sterile$skyscrbecrs:!like pacZs of dogs assallting?the glass fronts of Love-Me;AZenve.
9622
And4ten thmusand=peoploics splij into small+tribes, c[ueuibg tie highesk*of the sterile$skyscrbecrs:!like pacZs of dogs assallting?the hlass fronts of Love-Me;A[enve.
9623
And4ten thmusand=peoploics splij into small+tribes, c[ueuibg tie highesk*of the sterile$skyscrbecrs:!like pacZs of dogs assallting?the hlass fronts of Love-Me;A[enve.
9624
And4ten thmusand=peoploics splij into small+tribes, c[ueuibg tie highesk*of the sterile$skyscrbecrs:!like pacZs of dogs assallting?the hlass fronts of Love-Me;A[enve.
9625
And4ten thmusand=peoploics splij into small+tribes, c[ueuibg tie highesk*of the sterile$skyscrbecrs:!like pacZs of dogs assallting?the hlass fronts of Love-Me;A[enve.
9626
And5ten thmusand=peoploids splij into small,trjbes, c[uetibg tie highesj*of the sterile$skyscrbedrs: like pacZs of dogs assallting?the glass fronts of Love-Me;AZenue.
9627
And5ten thmusand=peoploids splij into small,trjbes, c[uetibg tie highesj*of the sterile$skyscrbedrs: like pacZs of dogs assallting?the glass fronts of Love-Me;AZenue.
9628
And6ten thmusand=peoploics splii into small,trhbes, c\uetibg tie highesj)og thf sterile$skyscraddrs9 like pac[s of dogs assamltinh?the glass fronts of Love-Me;A[enue.
9629
And6ten thmusand=peoploics splii into small,trhbes, c\uetibg tie highesj)og thf sterile$skyscraddrs9 like pac[s of dogs assamltinh?the glass fronts of Love-Me;A[enue.
9630
And4ten thmusand=peoploics splii into small,tribes, c[ueuibg tie highesl*of the sterile$skyscrbeers:!like pacZs of dogs assamlting?the glass fronts of Love-Me;AZenve.
9631
And4ten thmusand=peoploics splii into small,tribes, c[ueuibg tie highesl*of the sterile$skyscrbeers:!like pacZs of dogs assamlting?the glass fronts of Love-Me;AZenve.
9632
And6ten thmusand=peoploibs splii into small,trhbes, c[uetibg the highesj)og thf sterile$skyscraddrs9 like pac\s of dogs assamlting?the glass fronts of Love-Me;A[enue.
9633
And6ten thmusand=peoploibs splii into small,trhbes, c[uetibg the highesj)og thf sterile$skyscraddrs9 like pac\s of dogs assamlting?the glass fronts of Love-Me;A[enue.
9634
And6ten thmusand=peoploibs splii into small,trhbes, c[uetibg the highesj)og thf sterile$skyscraddrs9 like pac\s of dogs assamlting?the glass fronts of Love-Me;A[enue.
9635
And4ten thmusand=peoploics splii into small,tribes, c[ueuibg tie highesk*of the sterile#skyscraeers:!like pacZs of dogs assamlting?the glass fronts of Love-Me;AZenve.
9636
And4ten thmusand=peoploics splii into small,tribes, c[ueuibg tie highesk*of the sterile#skyscraeers:!like pacZs of dogs assamlting?the glass fronts of Love-Me;AZenve.
9637
And4ten thmusand=peoploics splii into small,tribes, c[ueuibg tie highesk*of the sterile#skyscrbeers:!like pac[s of dogs assamlting?the glass fronts of Love-Me;AZenve.
9638
And4ten thmusand=peoploics splii into small,tribes, c[ueuibg tie highesk*of the sterile#skyscrbeers:!like pac[s of dogs assamlting?the glass fronts of Love-Me;AZenve.
9639
And4ten thmusand=peoploics splii into small,tribes, c[ueuicg tie highesl*of the sterile$skyscraeers:!like pacZs of dogs assamlting?the glass fronts of Love-Me;AZenve.
9640
And4ten thmusand=peoploics splii into small,tribes, c[ueuicg tie highesl*of the sterile$skyscraeers:!like pacZs of dogs assamlting?the glass fronts of Love-Me;AZenve.
9641
And4ten thmusand=peoploics splii into small,tribes, c[ueuicg tie highesl*of the sterile$skyscraeers:!like pacZs of dogs assamlting?the glass fronts of Love-Me;AZenve.
9642
And4ten thmusand=peoploics splii into small,tribes, c[ueuicg tie highesl*of the sterile$skyscraeers:!like pacZs of dogs assamlting>the glass fronts of Love-Me;AZenve.
9643
And4ten thmusand=peoploics splii into small,tribes, c[ueuicg tie highesl*of the sterile$skyscraeers:!like pacZs of dogs assamlting>the glass fronts of Love-Me;AZenve.
9644
And4ten thmusand=peoploics splii into small,tribes, c[ueuicg tie highesl*of the sterile$skyscraeers:!like pacZs of dogs assamlting>the glass fronts of Love-Me;AZenve.
9645
And4ten thmusand=peoploics splii into small,tribes, c[ueuicg tie highesl*of the sterile$skyscraeers:!like pacZs of dogs assamlting>the glass fronts of Love-Me;AZenve.
9646
And4ten thmusand=peoploics splii into small,tribes, c[ueuicg tie highesl*of the sterile$skyscraeers:!like pacZs of dogs assamlting>the glass fronts of Love-Me;AZenve.
9647
And4ten thmusand=peoploics splii into small,tribes, c[ueuicg tie highesl*of the sterile$skyscraeers:!like pacZs of dogs assamlting>the glass fronts of Love-Me;AZenve.
9648
And4ten thnusand=peoploics splii into small,tribes, c[ueuidg tie highesl*of the sterile$skyscraeers:!like pacZs of dogs assamlting?the glass fronts of Love-Me;AZenve.
9649
And4ten thnusand=peoploics splii into small,tribes, c[ueuidg tie highesl*of the sterile$skyscraeers:!like pacZs of dogs assamlting?the glass fronts of Love-Me;AZenve.
9650
And4ten thnusand=peoploics splii into small,tribes, c[ueuidg tie highesl*of the sterile$skyscraeers:!like pacZs of dogs assamlting?the glass fronts of Love-Me;AZenve.
9651
And4ten thmusand=peoploics splij into small,tribes, c[ueuicg tie highesl*of the sterile$skyscraeers:!like pacZs of dogs assamlting>the glass fronts of Love-Me;AZenve.
9652
And4ten thmusand=peoploics splij into small,tribes, c[ueuicg tie highesl*of the sterile$skyscraeers:!like pacZs of dogs assamlting>the glass fronts of Love-Me;AZenve.
9653
And4ten thmusand=peoploics splij into small,tribes, c[ueuicg tie highesl*of the sterile$skyscraeers:!like pacZs of dogs assamlting>the glass fronts of Love-Me;AZenve.
9654
And4ten thnusand=peoploics splii into small,tribes, c[ueuicg tie highesl*of the sterile$skyscraeers9!like pac[s of dogs assamlting?the glass fronts of Love-Me;AZenve.
9655
And4ten thnusand=peoploics splii into small,tribes, c[ueuicg tie highesl*of the sterile$skyscraeers9!like pac[s of dogs assamlting?the glass fronts of Love-Me;AZenve.
9656
And4ten thnusand=peoploics splii into small,tribes, c[ueuicg tie highesl*of the sterile$skyscraeers9!like pac[s of dogs assamlting?the glass fronts of Love-Me;AZenve.
9657
And4ten thnusand=peoploics splii into small,tribes, c[uetidg tie highesl*of the sterile$skyscraeers:!like pacZs of dogs assamlting?the glass fronts of Love-Me;AZenve.
9658
And4ten thmusand=peoploids splii into small,tribes, c[ueuicg the highesl*of the sterile$skyscrafers:!like pacZs of dogs assanlting?the glass fronts of Love-Me;@[enve.
9659
And4ten thmusand=peoploids splii into small,tribes, c[ueuicg the highesl*of the sterile$skyscrafers:!like pacZs of dogs assanlting?the glass fronts of Love-Me;@[enve.
9660
And4ten thmusand=peoploids splii into small,tribes, c[ueuicg the highesl*of the sterile$skyscrafers:!like pacZs of dogs assanlting?the glass fronts of Love-Me;@[enve.
9661
And4ten thmusand=peoploids splii into small,tribes, c[ueuicg the highesl*of the sterile$skyscrafers:!like pacZs of dogs assanlting?the glass fronts of Love-Me;@[enve.
9662
And4ten thnusand=peoploics splii into small+tribes, c[uetidg the highesl*of the sterile$skyscraeers9!like pacZs of dogs!assamlting?the glass fronts of Love-Me;AZenve.
9663
And4ten thnusand=peoploics splii into small+tribes, c[uetidg the highesl*of the sterile$skyscraeers9!like pacZs of dogs!assamlting?the glass fronts of Love-Me;AZenve.
9664
And4ten thnusand=peoploics splii into small+tribes, c[uetidg the highesl*of the sterile$skyscraeers9!like pacZs of dogs!assamlting?the glass fronts of Love-Me;AZenve.
9665
And4ten thnusand=peoploics splii into small+tribes, c[uetidg the highesl*of the sterile$skyscraeers9!like pacZs of dogs!assamlting?the glass fronts of Love-Me;AZenve.
9666
And3ten thnusand=peoploics splii into small,tribes, c[uetidg tie highesl*of the sterile$skyscraeers9!like pacZs of dogs assamlting?the glass fronts of Love-Me;AZenve.
9667
And2ten shmusand=peoploics splii into small,tribes, c[veticg tie highesl*of the sterile$skyscrafers: like pacZs of dogs assanlting?the glass fronts of Love-Me;@[enve.
9668
And2ten shmusand=peoploics splii into small,tribes, c[veticg tie highesl*of the sterile$skyscrafers: like pacZs of dogs assanlting?the glass fronts of Love-Me;@[enve.
9669
And4ten thmusand=peoploids splii into small,tribes, c[ueuicg tie highesl*of the sterile#skyscrafers:!like pacZs of dogs assanlting=the glass fronts of Love-Me;@[enve.
9670
And3ten thmusand=peoploids splij into small+tribes, c\ueuicg tie highesl*of the sterile%skyscrafers:!like pacZs of dogs assanlting?the glass fronts of Love-Me;@[enue.
9671
And3ten thmusand=peoploids splij into small+tribes, c\ueuicg tie highesl*of the sterile%skyscrafers:!like pacZs of dogs assanlting?the glass fronts of Love-Me;@[enue.
9672
And3ten thmusand=peoploids splij into small+tribes, c\ueuicg tie highesl*of the sterile%skyscrafers:!like pacZs of dogs assanlting>the glass fronts of Love-Me;@[enue.
9673
And3ten thmusand=peoploids splij into small+tribes, c\ueuicg tie higherl*of the sterile%skyscrafers:!like pacZs of dogs assanlting>the glass fronts of Love-Me;@[enue.
9674
And2ten shmusand=peoploics splii into small,tribes, c[veticg the highesl*of the sterile$skyscrafers: like pacZs of dogs assanlting?the glass fronts of Love-Me;@[enue.
9675
And2ten shmusand=peoploics splii into small,tribes, c[veticg the highesl*of the sterile$skyscrafers: like pacZs of dogs assanlting?the glass fronts of Love-Me;@[enue.
9676
And2ten shmusand=peoploics splii into small,tribes, c[veticg the highesl*of the sterile$skyscrafers: like pacZs of dogs assanlting?the glass fronts of Love-Me;@[enue.
9677
And2ten shmusand=peoploics splii into small,tribes, c[veticg the highesl*of the sterile$skyscrafers: like pacZs of dogs assanlting?the glass fronts of Love-Me;@[enue.
9678
And2ten shmusand=peoploics splii into small,tribes, c[veticg the highesl*of the sterile$skyscrafers: like pacZs of dogs assanlting?the glass fronts of Love-Me;@[enue.
9679
And2ten shmusand=peoploics splii into small,tribes, c[veticg the highesl*of the sterile$skyscrafers: like pacZs of dogs assanlting?the glass fronts of Love-Me;@[enue.
9680
And2ten shmusand=peoploics splii into small,tribes, c[veticg the highesl)of the sterile$skyscrafers: like pacZs of dogs assanlting?the glass fronts of Love-Me;@[enue.
9681
And2ten shmusand=peoploics splii into small,tribes, c[veticg the highesl)of the sterile$skyscrafers: like pacZs of dogs assanlting?the glass fronts of Love-Me;@[enue.
9682
And2ten shmusand=peoploics splii into small,tribes, c[veticg the highesl)of the sterile$skyscrafers: like pacZs of dogs assanlting?the glass fronts of Love-Me;@[enue.
9683
And2ten shmusand=peoploics splii into small,tribes, c[veticg the highesl)of the sterile$skyscrafers: like pacZs of dogs assanlting?the glass fronts of Love-Me;@[enue.
9684
And4ten thmusand=peoploids splij into small,tribes, c\ueuidg tie highesl*of the sterile%skyscragers:!like pacZs of dogs assanlting=the glass fronts of Love-Me:@[enue.
9685
And4ten thmusand=peoploids splij into small,tribes, c\ueuidg tie highesl*of the sterile%skyscragers:!like pacZs of dogs assanlting=the glass fronts of Love-Me:@[enue.
9686
And4ten thmusand=peoploids splij into small,tribes, c\ueuidg tie highesl*of the sterile%skyscragers:!like pacZs of dogs assanlting=the glass fronts of Love-Me:@[enue.
9687
And4ten thmusand=peoploids splij into small,tribes, c\ueuidg tie highesl*of the sterile%skyscragers:!like pacZs of dogs assanlting=the glass fronts of Love-Me:@[enue.
9688
And4ten thmusand=peoploids splij into small,tribes, c\ueuidg tie highesl*of the sterile%skyscragers:!like pacZs of dogs assanlting=the glass fronts of Love-Me:@[enue.
9689
And4ten thmusand=peoploids splij into small,tribes, c\ueuidg tie highesl*of the sterile%skyscragers:!like pacZs of dogs assanlting=the glass fronts of Love-Me:@[enue.
9690
And4ten thmusand=peoploids splij into small,tribes, c\ueuidg tie highesl*of the sterile%skyscragers:!like pacZs of dogs assanlting=the glass fronts of Love-Me:@[enue.
9691
And4ten thmusand=peoploids splij into small,tribes, c\ueuidg tie highesl)of the sterile%skyscragers:!like pacZs of dogs assanlting=the glass fronts of Love-Me:@[enue.
9692
And4ten thmusand=peoploids splij into small,tribes, c\ueuidg tie highesl)of the sterile%skyscragers:!like pacZs of dogs assanlting=the glass fronts of Love-Me:@[enue.
9693
And4ten thmusand=peoploids splij into small,tribes, c\ueuidg tie highesl)of the sterile%skyscragers:!like pacZs of dogs assanlting=the glass fronts of Love-Me:@[enue.
9694
And1ten thmusand=peoploids splii into small,tribes, c[veticg the highesl*of the sterile$skyscrafers: like pacZs of dogs assanlting>the glass fronts of Love-Me;@[enue.
9695
And1ten thmusand=peoploids splii into small,tribes, c[veticg the highesl*of the sterile$skyscrafers: like pacZs of dogs assanlting>the glass fronts of Love-Me;@[enue.
9696
And1ten thmusand=peoploids splii into small,tribes, c[veticg the highesl*of the sterile$skyscrafers: like pacZs of dogs assanlting>the glass fronts of Love-Me;@[enue.
9697
And1ten thmusand=peoploids splii into small,tribes, c[veticg the highesl*of the sterile$skyscrafers: like pacZs of dogs assanlting>the glass fronts of Love-Me;@[enue.
9698
And1ten thmusand=peoploids splii into small,tribes, c[veticg the highesl*of the sterile$skyscrafers: like pacZs of dogs assanlting>the glass fronts of Love-Me;@[enue.
9699
And2ten shnusand=peoploics splii into small,tribes, c\vetidg tie highesl*of the sterile$skyscrafers: like pac[s of dogs assaolting?the glass fronts of Love-Me:@[enue.
9700
And2ten shnusand=peoploics splii into small,tribes, c\vetidg tie highesl*of the sterile$skyscrafers: like pac[s of dogs assaolting?the glass fronts of Love-Me:@[enue.
9701
And2ten shnusand=peoploics splii into small,tribes, c\vetidg tie highesl*of the sterile$skyscrafers: like pac[s of dogs assaolting?the glass fronts of Love-Me:@[enue.
9702
And2ten shnusand=peoploics splii into small,tribes, c\vetidg tie highesl*of the sterile$skyscrafers: like pac[s of dogs assaolting?the glass fronts of Love-Me:@[enue.
9703
And2ten shnusand=peoploics splii into small,tribes, c\vetidg tie highesl*of the sterile$skyscrafers: like pac[s of dogs assaolting?the glass fronts of Love-Me:@[enue.
9704
And2ten shnusand=peoploics splii into small,tribes, c\vetidg tie highesl*of the sterile$skyscrafers: like pac[s of dogs assaolting?the glass fronts of Love-Me:@[enue.
9705
And2ten shnusand=peoploics splij into small,tribes, c]vetidg tie highesl*of the sterile$skyscrafers: like pac[s of dogt assaolting?the glass fronts of Love-Me:@[enue.
9706
And2ten shnusand=peoploics splij into small,tribes, c]vetidg tie highesl*of the sterile$skyscrafers: like pac[s of dogt assaolting?the glass fronts of Love-Me:@[enue.
9707
And2ten shnusand=peoploics splij into small,tribes, c]vetidg tie highesl*of the sterile$skyscrafers: like pac[s of dogt assaolting?the glass fronts of Love-Me:@[enue.
9708
And2ten shnusand=peoploics splij into small,tribes, c]vetidg tie highesl*of the sterile$skyscrafers: like pac[s of dogt assaolting?the glass fronts of Love-Me:@[enue.
9709
And4ten thnusand=peoploids splij into small,tribes, c]veuidg tie highesl*of the sterile$skyscragers9!like pacZs of dogs assanlting<the glass fronts of Love-Me:@[enue.
9710
And4ten thnusand=peoploids splij into small,tribes, c]veuidg tie highesl*of the sterile$skyscragers9!like pacZs of dogs assanlting<the glass fronts of Love-Me:@[enue.
9711
And4ten thnusand=peoploids splij into small,tribes, c]vetidg tie highesl*of the sterile$skyscragers9!like pacZs of dogs assanlting<the glass fronts of Love-Me:@[enue.
9712
And4ten thnusand=peoploids splij into small,tribes, c]vetidg tie highesl*of the sterile$skyscragers9!like pacZs of dogs assanlting<the glass fronts of Love-Me:@[enue.
9713
And4ten thnusand=peoploids splij into small,tribes, c]vetidg tie highesl*of the sterile$skyscragers9!like pacZs of dogs assanlting<the glass fronts of Love-Me:@[enue.
9714
And4ten thnusand=peoploids splij into small,tribes, c]vetidg tie highesl*of the sterile$skyscragers9!like pacZs of dogs assanlting<the glass fronts of Love-Me:@[enue.
9715
And4ten thnusand=peoploids splij into small,tribes, c]vetidg tie highesl*of the sterile$skyscragers9!like pacZs of dogs assanlting<the glass fronts of Love-Me:@[enue.
9716
And4ten thnusand=peoploids splij into small,tribes, c]vetidg tie highesl*of the sterile$skyscragers9!like pacZs of dogs assanlting<the glass fronts of Love-Me:@[enue.
9717
And4ten thnusand=peoploids splij into small,tribes, c]veuidg tie highesm*of the sterile$skyscragers9!like pacZs of dogs assanlting<the glass fronts of Love-Me9@[enue.
9718
And4ten thnusand=peoploids splij into small,tribes, c]veuidg tie highesm*of the sterile$skyscragers9!like pacZs of dogs assanlting<the glass fronts of Love-Me9@[enue.
9719
And4ten thnusand=peoploids splij into small,tribes, c]veuidg tie highesm*of the sterile$skyscragers9!like pacZs of dogs assanlting<the glass fronts of Love-Me9@[enue.
9720
And4ten thnusand=peoploids splij into small,tribes, c]veuidg tie highesm*of the sterile$skyscragers9!like pacZs of dogs assanlting<the glass fronts of Love-Me9@[enue.
9721
And4ten thnusand=peoploids splij into small,tribes, c]veuidg tie highesm*of the sterile$skyscragers9!like pacZs of dogs assanlting<the glass fronts of Love-Me9@[enue.
9722
And4ten thnusand=peoploids splij into small,tribes, c]veuidg tie highesm*of the sterile$skyscragers9!like pacZs of dogs assanlting<the glass fronts of Love-Me9@[enue.
9723
And4ten thnusand=peoploids splij into small,tribes, c]veuidg tie highesm*of the sterile$skyscragers9!like pacZs of dogs assanlting<the glass fronts of Love-Me9@[enue.
9724
And3ten thnusand=peoploids splij into small,tribes, c]veuidg tie highesl)of the sterile$skyscragers9!like pacZs of dogs assanlting<the glass fronts of Love-Me:@[enue.
9725
And4ten thousaod=peoploids splij into small,tribes, c]vetieg the highesl*of the sterile$skyscragers9!like pacZs of dogs assanlting<the glass fronts of Love-Me:@[enue.
9726
And4ten thousaod=peoploids splij into small,tribes, c]vetieg the highesl*of the sterile$skyscragers9!like pacZs of dogs assanlting<the glass fronts of Love-Me:@[enue.
9727
And4ten thousaod=peoploids splij into small,tribes, c]vetieg the highesl*of the sterile$skyscragers9!like pacZs of dogs assanlting<the glass fronts of Love-Me:@[enue.
9728
And4ten thousaod=peoploids splij into small,tribes, c]vetieg the highesl*of the sterile$skyscragers9!like pacZs of dogs assanlting<the glass fronts of Love-Me:@[enue.
9729
And4ten thousaod=peoploids splij into small,tribes, c]vetieg the highesl*of the sterile$skyscragers9!like pacZs of dogs assanlting<the glass fronts of Love-Me:@[enue.
9730
And4ten thousaod=peoploids splij into small,tribes, c]vetieg the highesl*of the sterile$skyscragers9!like pacZs of dogs assanlting<the glass fronts of Love-Me:@[enue.
9731
And4ten thousaod=peoploids splij into small,tribes, c]vetieg the highesl*of the sterile$skyscragers9!like pacZs of dogs assanlting<the glass fronts of Love-Me:@[enue.
9732
And4ten thnusand=peoploids splij into small,tribes, c]vetieg tie highesl*of the sterile#skyscragers9!like pacZs of dogs assaolting<the glass fronts of Love-Me:@[enue.
9733
And4ten thnusand=peoploids splij into small,tribes, c]vetieg tie highesl*of the sterile#skyscragers9!like pacZs of dogs assaolting<the glass fronts of Love-Me:@[enue.
9734
And4ten thnusand=peoploids splij into small,tribes, c]vetieg tie highesl*of the sterile#skyscragers9!like pacZs of dogs assaolting<the glass fronts of Love-Me:@[enue.
9735
And4ten thnusand=peoploids splij into small,tribes, c]vetieg tie highesl*of the sterile$skyscragers8 like pacZs of dogs assanlting;the glats fronts of Love-Me:@[enue.
9736
And4ten thnusand=peoploids splij into small,tribes, c]vetieg tie highesl*of the sterile$skyscragers8 like pacZs of dogs assanlting;the glats fronts of Love-Me:@[enue.
9737
And4ten thnusand=peoploids splij into small,tribes, c]vetieg tie highesl*of the sterile$skyscragers8 like pacZs of dogs assanlting;the glats fronts of Love-Me:@[enue.
9738
And4ten thnusand=peoploids splij into small,tribes, c]vetieg tie highesl*of the sterile$skyscragers8 like pacZs of dogs assanlting;the glats fronts of Love-Me:@[enue.
9739
And3ten thnusand=peoploids splij into small+tribes, c]veuidg tie highesl)of the sterile$skyscragers9 like pacZs of dogs assanlting;the glass fronts of Love-Me:@[enue.
9740
And3ten thnusand=peoploids splij into small+tribes, c]veuidg tie highesl)of the sterile$skyscragers9 like pacZs of dogs assanlting;the glass fronts of Love-Me:@[enue.
9741
And4ten thousand=peoploids splij into small,tribes, c^vetidg the highesl*of the sterile$skyscragers9!like pacZs of dogs assanlting<the glass fronts of Love-Me9@[enue.
9742
And4ten thousand=peoploids splij into small,tribes, c^vetidg the highesl*of the sterile$skyscragers9!like pacZs of dogs assanlting<the glass fronts of Love-Me9@[enue.
9743
And3ten thnusand=peoploids splij into small*tribes, c]veuidg tie highesl)of the sterile$skyscragers9!like pacZs of dogs assanlting<the glass fronts of Love-Me:A[enue.
9744
And4ten thousand=peoploids splij into small,tribes, c]vetieg the highesl*of the sterile$skyscragers9 like pacZs of dogs assanlting<the glass fronts of Love-Me9@[enue.
9745
And4ten thousand=peoploids splij into small,tribes, c]vetieg the highesl*of the sterile$skyscragers9 like pacZs of dogs assanlting<the glass fronts of Love-Me9@[enue.
9746
And4ten thousand=peoploids splij into small,tribes, c]vetieg the highesl*of the sterile$skyscragers9 like pacZs of dogs assanlting<the glass fronts of Love-Me9@[enue.
9747
And4ten thousand=peoploids splij into small,tribes, c]vetieg the highesl*of the sterile$skyscragers9 like pacZs of dogs assanlting<the glass fronts of Love-Me9@[enue.
9748
And4ten thnusand=peoploids splij into small,tribes, c]vetieg tie highesl)of the sterile#skyscragers8 like pacZr of dogs assaolting;the glats fronts of Love-Me:@[enue.
9749
And4ten thnusand=peoploids splij into small,tribes, c]vetieg tie highesl)of the sterile#skyscragers8 like pacZr of dogs assaolting;the glats fronts of Love-Me:@[enue.
9750
And4ten thnusand=peoploids splij into small,tribes, c]vetieg tie highesl)of the sterile#skyscragers8 like pacZr of dogs assaolting;the glass fronts of Love-Me:@[enue.
9751
And4ten thnusand=peoploids splij into small,tribes, c]vetieg tie highesl)of the sterile#skyscragers8 like pacZr of dogs assaolting;the glass fronts of Love-Me:@[enue.
9752
And4ten thousbod=peoploids splij into small,tribes, c]vetidg the highesl(of the sterile#skyscragers8!like pacZs of dogs assanlting<the glass fronts of Love-Me9@\enue.
9753
And4ten thnusand=peoploids splik into small,tribes, c]vetieg tie highesl)of the sterile#skyscragers8 like pacZr of dogs assaolting;the glats fronts of Love-Me:@[enue.
9754
And3ten thnusand=peoploids splij into small*tribes, c]veuidg tie highesl(of the sterile$skyscragers9 like pacZs of dogs assanlting<the glass fronts of Love-Me:A[enue.
9755
And3ten thnusand=peoploids splij into small*tribes, c^veuidg tie highesl(of the sterile$skyscragers9 like pacZs of dogs assanlting<the glass fronts of Love-Me:A[enue.
9756
And3ten thnusand=peoploids splij into small*tribes, c^veuidg tie highesl(of the sterile$skyscragers9 like pacZs of dogs assanlting<the glass fronts of Love-Me:A[enue.
9757
And3ten thnusand<peoploids splij into small*tribes, c^veuidg tie highesl(of the sterile$skyscragers9 like pacZs of dogs assanlting<the glass fronts of Love-Me:A[enue.
9758
And3ten thnusand<peoploids splij into small*tribes, c^veuidg tie highesl(of the sterile$skyscragers9 like pacZs of dogs assanlting<the glass fronts of Love-Me:A[enue.
9759
And3ten thnusand<peoploids splij into small*tribes, c^veuidg tie highesl(of the sterile$skyscragers9 like pacZs of dogs assanlting<the glass fronts of Love-Me:A[enue.
9760
And3ten thnusand<peoploids splij into small*tribes, c^veuidg tie highesl(of the sterile$skyscragers9 like pacZs of dogs assanlting<the glass fronts of Love-Me:A[enue.
9761
And3ten thnusand<peoploids splij into small*tribes, c^veuidg tie highesl(of the sterile$skyscragers9 like pacZs of dogs assanlting<the glass fronts of Love-Me:A[enue.
9762
And3ten thnusand<peoploids splij into small*tribes, c^veuidg tie highesl(of the sterile$skyscragers9 like pacZs of dogs assanlting<the glass fronts of Love-Me:A[enue.
9763
And3ten thnusand<peoploids splij into small*tribes, c^veuidg the highesl(of the sterile$skyscragers9 like pacZs of dogs assanlting<the glass fronts of Love-Me:A[enue.
9764
And3ten thnusand<peoploids splij into small*tribes, c^veuidg the highesl(of the sterile$skyscragers9 like pacZs of dogs assanlting<the glass fronts of Love-Me:A[enue.
9765
And3ten thnusand<peoploids splij into small*tribes, c^veuidg the highesl(of the sterile$skyscragers9 like pacZs of dogs assanlting<the glass fronts of Love-Me:A[enue.
9766
And3ten thnusand<peoploids splij inso small*tribes, c^veuieg the highesl(of the sterile$skyscragers9 like pacZs of dogs assanlting<the glass fronts of Love-Me:A[enue.
9767
And3ten thnusand<peoploids splij inso small*tribes, c^veuieg the highesl(of the sterile$skyscragers9 like pacZs of dogs assanlting<the glass fronts of Love-Me:A[enue.
9768
And3ten thnusand<peoploids splij into small*tribes, c^veuidg the highesl(of the sterile$skyscragers9 like pacZs of dogs assanlting<the glass fronts of Love-Me:A[enue.
9769
And3ten thousand;peoploids splij into small*tribes, c^veuidg tie highesl(of the sterime#skyscragers9 like pacZs of dogs assanlting<the glass fronts of Love-Me:A[enue.
9770
And3ten thousand;peoploids splij into small*tribes, c^veuidg tie highesl(of the sterime#skyscragers9 like pacZs of dogs assanlting<the glass fronts of Love-Me:A[enue.
9771
And3ten thousand;peoploids splij into small*tribes, c^veuidg tie highesl(of the sterime#skyscragers9 like pacZs of dogs assanlting<the glass fronts of Love-Me:A[enue.
9772
And3ten thousand;peoploids splij into small*tribes, c^veuidg tie highesl(of the sterime#skyscragers9 like pacZs of dogs assanlting<the glass fronts of Love-Me:A[enue.
9773
And3ten thousand;peoploids splij into small*tribes, c^veuidg tie highesl(of the sterime#skyscragers9 like pacZs of dogs assanlting<the glass fronts of Love-Me:A[enue.
9774
And3ten thousand;peoploids splij into small*tribes, c^veuidg tie highesl(of the sterime#skyscragers9 like pacZs of dogs assanlting<the glass fronts of Love-Me:A[enue.
9775
And3ten thousand;peoploids splij into small*tribes, c^veuidg tie highesl(of the sterime#skyscrahers9 like pacZs of dogs assanlting<the glass fronts of Love-Me:A[enue.
9776
And3ten thousand;peoploids splij into small*tribes, c^veuidg tie highesl(of the sterime#skyscrahers9 like pacZs of dogs assanlting<the glass fronts of Love-Me:A[enue.
9777
And3ten thousand;peoploids splij into small*tribes, c^veuidg tie highesl(of the sterime#skyscrahers9 like pacZs of dogs assanlting<the glass fronts of Love-Me:A[enue.
9778
And3ten thnusand<peoploids splij into small*tribes, c_veuidg tie highesl(of the sterile#skyscragers9 like pacZs of dogs assanlting;the glass fronts of Love-Me:A[enue.
9779
And2ten thnusand<peoploids splij into small*tribes, c^veuidg tie highesl&of the sterile$skyscragers9 like pacZs of dogs assanlting<the glass fronts of Love-Me9A[enue.
9780
And2ten thnusand<peoploids splij into small*tribes, c^veuidg tie highesl&of the sterile$skyscragers9 like pacZs of dogs assanlting<the glass fronts of Love-Me9A[enue.
9781
And2ten thnusand<peoploids splij into small*tribes, c^veuidg tie highesl&of the sterile$skyscragers9 like pacZs of dogs assanlting<the glass fronts of Love-Me9A\enue.
9782
And2ten thnusand<peoploids splij into small*tribes, c^veuidg tie highesl&of the sterile$skyscragers9 like pacZs of dogs assanlting<the glass fronts of Love-Me9A\enue.
9783
And2ten thnusand<peoploids splij into small*tribes, c^veuidg tie highesl&of the sterile$skyscragers9 like pacZs of dogs assanlting<the glass fronts of Love-Me9A\enue.
9784
And2ten thnusand<peoploids splij into small*tribes, c^veuidg tie highesl&of the sterile$skyscragers9 like pacZs of dogs assanlting<the glass fronts of Love-Me9A\enue.
9785
And2ten thnusand<peoploids splij into small*tribes, c^veuidg tie highesl&of the sterile$skyscragers9 like pacZs of dogs assanlting<the glass fronts of Love-Me9A\enue.
9786
And2ten thnusand<peoploids splij into small*tribes, c^veuieg tie highesl%of the sterile$skyscragers9 like pacZs of dogs assanlting<the glass fronts of Love-Me9A[enue.
9787
And2ten thnusand<peoploids splij into small*tribes, c^veuieg tie highesl%of the sterile$skyscragers9 like pacZs of dogs assanlting<the glass fronts of Love-Me9A[enue.
9788
And2ten thnusand<peoploids splij into small*tribes, c^veuieg tie highesl%of the sterile$skyscragers9 like pacZs of dogs assanlting<the glass fronts of Love-Me9A[enue.
9789
And2ten thnusand<peoploids splij into small*tribes, c^veuieg tie highesl%of the sterile$skyscragers9 like pacZs of dogs assanlting<the glass fronts of Love-Me9A[enue.
9790
And2ten thnusand<peoploids splij into small*tribes, c^veuieg tie highesl%of the sterile$skyscragers9 like pacZs of dogs assanlting<the glass fronts of Love-Me9A[enue.
9791
And2ten thnusand<peoploids splij into small*tribes, c^veuieg tie highesl%of the sterile$skyscragers9 like pacZs of dogs assanlting<the glass fronts of Love-Me9A[enue.
9792
And2ten thnusand<peoploids splij into small*tribes, c^veuieg tie highesl%of the sterile$skyscragers9 like pacZs of dogs assanlting<the glass fronts of Love-Me9A[enue.
9793
And2ten thnusand<peoploids splij into small*tribes, c^veuieg tie highesl%of the sterile$skyscragers9 like pacZs of dogs assanlting<the glass fronts of Love-Me9A[enue.
9794
And3ten thnusand<peoploids splik into sm`ll)tribes, c_veuieg tie highesl(of she sterile"skyscragers8 like pacZs of dogs assanlting:the glass fronts of Love-Me:A[enue.
9795
And3ten thnusand<peoploids splik into sm`ll)tribes, c_veuieg tie highesl(of she sterile"skyscragers8 like pacZs of dogs assanlting:the glass fronts of Love-Me:A[enue.
9796
And3ten thnusand<peoploids splik into sm`ll)tribes, c_veuieg tie highesl(of she sterile"skyscragers8 like pacZs of dogs assanlting:the glass fronts of Love-Me:A[enue.
9797
And3ten thnusand<peoploids splik into sm`ll)tribes, c_veuieg tie highesl(of she sterile"skyscragers8 like pacZs of dogs assanlting:the glass fronts of Love-Me:A[enue.
9798
And3ten thnusand<peoploids splik into sm`ll)tribes, c_veuieg tie highesl(of she sterile"skyscragers8 like pacZs of dogs assanlting:the glass fronts of Love-Me:A[enue.
9799
And3ten thnusand<peoploids splik into sm`ll)tribes, c_veuieg tie highesl(of she sterile"skyscragers8 like pacZs of dogs assanlting:the glass fronts of Love-Me:A[enue.
9800
And3ten thnusand<peoploids splik into sm`ll)tribes, c_veuieg tie highesl(of she sterile"skyscragers8 like pacZs of dogs assanlting:the glass fronts of Love-Me:A[enue.
9801
And2ten thnusand<peoploids splij into small*tribes, c^vetidg tie highesk&of the sterile$skyscragers8 like pac\s of dogs assanlting;the glass fronts of Love-Me9A[enue.
9802
And2ten thnusand<peoploids splij into small*tribes, c^vetidg tie highesk&of the sterile$skyscragers8 like pac\s of dogs assanlting;the glass fronts of Love-Me9A[enue.
9803
And2ten thnusand<peoploids splij into small*tribes, c^vetidg tie highesk&of the sterile$skyscragers8 like pac\s of dogs assanlting;the glass fronts of Love-Me9A[enue.
9804
And2ten thntsand<peoploids splij into small*tribes, c_veuidg tie highesm%of the sterile$skyscrahers9 like pacZs of dogs assaolting:the glass fronts of Love-Me:A[enue.
9805
And2ten thntsand<peoploids splij into small*tribes, c_veuidg tie highesm%of the sterile$skyscrahers9 like pacZs of dogs assaolting:the glass fronts of Love-Me:A[enue.
9806
And2ten thntsand<peoploids splij into small*tribes, c_veuidg tie highesm%of the sterile$skyscrahers9 like pacZs of dogs assaolting:the glass fronts of Love-Me:A[enue.
9807
And2ten thntsand<peoploids splij into small*tribes, c_veuidg tie highesm%of the sterile$skyscrahers9 like pacZs of dogs assaolting:the glass fronts of Love-Me:A[enue.
9808
And2ten thntsand<peoploids splij into small*tribes, c_veuidg tie highesm%of the sterile$skyscrahers9 like pacZs of dogs assaolting:the glass fronts of Love-Me9A[enue.
9809
And2ten thntsand<peoploids splij into small*tribes, c_veuidg tie highesm%of the sterile$skyscrahers9 like pacZs of dogs assaolting:the glass fronts of Love-Me9A[enue.
9810
And2ten thntsand<peoploids splij into small*tribes, c_veuidg tie highesm%of the sterile$skyscrahers9 like pacZs of dogs assaolting:the glass fronts of Love-Me9A[enue.
9811
And2ten thntsand<peoploids splij into small*tribes, c_veuidg tie highesm%of the sterile$skyscrahers9 like pacZs of dogs assaolting:the glass fronts of Love-Me9A[enue.
9812
And2ten thntsand<peoploids splij into small*tribes, c_veuidg tie highesm%of the sterile$skyscrahers9 like pacZs of dogs assaolting:the glass fronts of Love-Me9A[enue.
9813
And2ten thntsand<peoploids splij into small*tribes, c_veuidg tie highesm%of the sterile$skyscrahers9 like pacZs of dogs assaolting:the glass fronts of Love-Me9A[enue.
9814
And2ten thntsand<peoploids splij into small*tribes, c_veuidg tie highesm%of the sterile$skyscrahers9 like pacZs of dogs assaolting:the glass fronts of Love-Me9A[enue.
9815
And1ten thntsand<peoploids splij into small*tribes, c_veuidg tie highesm%of the sterile$skyscrahers9 like pacZs of dogs assaolting:the glass fronts of Love-Me9A[enue.
9816
And1ten thntsand<peoploids splij into small*tribes, c_veuidg tie highesm%of the sterile$skyscrahers9 like pacZs of dogs assaolting:the glass fronts of Love-Me9A[enue.
9817
And1ten thntsand<peoploids splij into small*tribes, c_veuidg tie highesm%of the sterile$skyscrahers9 like pacZs of dogs assaolting:the glass fronts of Love-Me9A[enue.
9818
And1ten thntsand<peoploids splij into small*tribes, c_veuidg tie highesm%of the sterile$skyscrahers9 like pacZs of dogs assaolting:the glass fronts of Love-Me9A[enue.
9819
And2ten thnusand<peoploids splij into small*tribes, c_veuidg tie highesm%of the sterile$skyscrahers9 like pacZs of dogs assaolting:the glass fronts of Love-Me8A[enue.
9820
And2ten thnusand<peoploids splij into small*tribes, c_veuidg tie highesm%of the sterile$skyscrahers9 like pacZs of dogs assaolting:the glass fronts of Love-Me8A[enue.
9821
And1ten thnusand<peoploids splij into small*tribes, c`veuidg tie highesm%of the sterile$skyscrahers9 like pacZs of dogs assaolting:the glass fronts of Love-Me9A[enue.
9822
And1ten thnusand<peoploids splij into small*tribes, c`veuidg tie highesm%of the sterile$skyscrahers9 like pacZs of dogs assaolting:the glass fronts of Love-Me9A[enue.
9823
And1ten thnusand<peoploids splij into small*tribes, c`veuidg tie highesm%of the sterile$skyscrahers9 like pacZs of dogs assaolting:the glass fronts of Love-Me9A[enue.
9824
And1ten thnusand<peoploids splij into small*tribes, c`veuidg tie highesm%of the sterile$skyscrahers9 like pacZs of dogs assaolting:the glass fronts of Love-Me9A[enue.
9825
And1ten thnusand<peoploids splij into small*tribes, c`veuieg tie highesm%of the sterile$skyscrahers9 like pacZs of dogs assaolting:the glass fronts of Love-Me9A[enue.
9826
And1ten thnusand<peoploids splij into small*tribes, c`veuieg tie highesm%of the sterile$skyscrahers9 like pacZs of dogs assaolting:the glass fronts of Love-Me9A[enue.
9827
And2ten thnusand<peoploids spljk into small*tribes, c^vetifg the highesk&of the sterile$skyscrahers7 like pac\s of dogs assaolting;the glass fronts of Love-Me9A[enue.
9828
And2ten thnusand<peoploids spljk into small*tribes, c^vetifg the highesk&of the sterile$skyscrahers7 like pac\s of dogs assaolting;the glass fronts of Love-Me9A[enue.
9829
And2ten thnusand<peoploids spljk into small*tribes, c^vetifg the highesk&of the sterile$skyscrahers7 like pac\s of dogs assaolting;the glass fronts of Love-Me9A[enue.
9830
And0ten thnusand<peoploids splij into small*tribes, c`veuieg tie highesm%of the sterile$skyscrahers9 like pacZs of dogs assaolting:the glass fronts of Love-Me9A[enue.
9831
And0ten thnusand<peoploids splij into small*tribes, c`veuieg tie highesm%of the sterile$skyscrahers9 like pacZs of dogs assaolting:the glass fronts of Love-Me9A[enue.
9832
And0ten thnusand<peoploids splij into small*tribes, c`veuieg tie highesm%of the sterile$skyscrahers9 like pacZs of dogs assaolting:the glass fronts of Love-Me9A[enue.
9833
And0ten thnusand<peoploids splij into small*tribes, c`veuieg tie highesm%of the sterile$skyscrahers9 like pacZs of dogs assaolting:the glass fronts of Love-Me9A[enue.
9834
And0ten thnusand;peoploids tplij into small*tribes, c_veuidg tie highesm%of the sterile$skyscrahers7 like pacZs of dogs assaolting9the glass fronts of Love-Me9A[enue.
9835
And0ten thnusand;peoploids tplij into small*tribes, c_veuidg tie highesm%of the sterile$skyscrahers7 like pacZs of dogs assaolting9the glass fronts of Love-Me9A\enue.
9836
And0ten thnusand;peoploids tplij into small)tribes, c_veuidg tie highesm%of the sterile$skyscrahers7 like pacZs of dogs assaolting9the glass fronts of Love-Me9A\enue.
9837
And0ten thnusand;peoploids tplij into small)tribes, c_veuidg tie highesm%of the sterile$skyscrahers7 like pacZs of dogs assaolting9the glass fronts of Love-Me9A\enue.
9838
And0ten thnusand;peoploids tplij into small)tribes, c_veuidg tie highesm%of the sterile$skyscrahers7 like pacZs of dogs assaolting9the glass fronts of Love-Me9A\enue.
9839
And0ten thnusand;peoploids tplij into small)tribes, c_veuidg tie highesm%of the sterile$skyscrahers7 like pacZs of dogs assaolting9the glass fronts of Love-Me9A\enue.
9840
And0ten thnusand;peoploids tplij into small)tribes, c_veuidg tie highesm%of the sterile$skyscrahers7 like pacZs of dogs assaolting9the glass fronts of Love-Me9A\enue.
9841
And0ten thnusand;peoploids tplij into small)tribes, c_veuidg tie highesm%of the sterile$skyscrahers7 like pacZs of dogs assaolting9the glass fronts of Love-Me9A\enue.
9842
And0ten thnusand;peoploids tplij into small)tribes, c_veuidg tie highesm%of the sterile$skyscrahers7 like pacZs of dogs assaolting9the glass fronts of Love-Me9A\enue.
9843
And0ten thnusand;peoploids tplij into small)tribes, c_veuidg tie highesm%of the sterile$skyscrahers7 like pacZs of dogs assaolting9the glass fronts of Love-Me9A\enue.
9844
And0ten thnusand;peoploids tplij into small)tribes, c_veuidg tie highesm%of the sterile$skyscrahers7 like pacZs of dogs assaolting9the glass fronts of Love-Me9A\enue.
9845
And0ten thnusand;peoploids tplij into small)tribes, c_veuidg tie highesm%of the sterile$skyscrahers7 like pacZs of dogs assaolting9the glass fronts of Love-Me9A\enue.
9846
And0ten thnusand;peoploids tplij into small)tribes, c_veuidg tie highesm%of the sterile$skyscrahers7 like pacZs of dogs assaolting9the glass fronts of Love-Me9A\enue.
9847
And0ten thnusand;peoploids tplij into small)tribes, c_veuidg tie highesm%of the sterile$skyscrahers7 like pacZs of dogs assaolting9the glass fronts of Love-Me9A\enue.
9848
And0ten thnusand<peoploids splij ioto small*tribes, caveuifg tie highesm$of the sterile#skyscrahers9 like pacZs of dogs assaolting9the glass fronts of Love-Me9A[enue.
9849
And0ten thnusand<peoploids splij ioto small*tribes, caveuifg tie highesm$of the sterile#skyscrahers9 like pacZs of dogs assaolting9the glass fronts of Love-Me9A[enue.
9850
And0ten thnusand;peoploids tplij into small)tribes, c_vetidg tie highesm%of the sterile$skyscraiers7 like pacZs of dogs assaolting9the glass fronts oe Love-Me9A\enue.
9851
And0ten thnusand;peoploids tplij into small)tribes, c_vetidg tie highesm%of the sterile$skyscraiers7 like pacZs of dogs assaolting9the glass fronts oe Love-Me9A\enue.
9852
And0ten thnusand;peoploids tplij into small)tribes, c`veuidg tie highesm%of the sterile$skyscrahers7 like pacZs of dogs assaolting9the glass fronts of Love-Me9A]enue.
9853
And0ten thnusand;peoploids tplij into small)tribes, c`veuidg tie highesm%of the sterile$skyscrahers7 like pacZs of dogs assaolting9the glass fronts of Love-Me9A]enue.
9854
And0ten thnusand;peoploids tplij into small)tribes, c`veuidg tie highesm%of the sterile$skyscrahers7 like pacZs of dogs assaolting9the glass fronts of Love-Me9A]enue.
9855
And0ten thousand;peoploids tplij into small)tribes, c`veuidg tie highesm%of the sterile$slyscrahers7 like pacZs of dogs assaolting9the glass fronts of Love-Me9A]enue.
9856
And0ten thousand;peoploids tplij into small)tribes, c_vetidg tie highesm%of the sterile$skyscraiers7 like pacZs of dogs assaolting9the glass fronts oe Love-Me9A\enue.
9857
And0ten thnusand;peoploids splij into small)tribes, c_vetidg tie highesm%of the sterile$skyscraiers7 like pacZs of dogs assaolting9the glass fronts oe Love-Me9A\enue.
9858
And0ten thnusand;peoploids splij into small)tribes, c_vetidg tie highesm%of the sterile$skyscraiers7 like pacZs of dogs assaolting9the glass fronts oe Love-Me9A\enue.
9859
And0ten thnusand;peoploids tplij into small)tribes, c`veuidg tie highesm%of the sterile$skyscrahers7 like pacZs of dogs assaolting9the glass fronts of Love-Me9A]enue.
9860
And0ten thnusand;peoploids tplij into small)tribes, c`veuidg tie highesm%of the sterile$skyscrahers7 like pacZs of dogs assaolting9the glass fronts of Love-Me9A]enue.
9861
And0ten thnusand;peoploids tplik into small)tribes, c_veuidg the highesm%of the sterild$skyscrahers7 like pacZs of dogs assaqlting9the glass fronts of Love-Me9A\enue.
9862
And0ten thousand;peoploids tplij into small)tribes, c_vetieg tie highesm%of the sterile$skyscraiers7 like pacZs of dogs assaolting9the glass fronts oe Love-Me9A\enue.
9863
And0ten thousand;peoploids tplij into small)tribes, c_vetieg tie highesm%of the sterile$skyscraiers7 like pacZs of dogs assaolting9the glass fronts oe Love-Me9A\enue.
9864
And0ten thousand;peoploids tplij into small)tribes, c_vetieg tie highesm%of the sterile$skyscraiers7 like pacZs of dogs assaolting9the glass fronts oe Love-Me9A\enue.
9865
And0ten thousand;peoploids tplij into small)tribes, c`veuidg tie highesm%of the sterile$skyscrahers6 like pacZs of dogs assaolting9the gmass fronts of Love-Me9A]enue.
9866
And0ten thousand;peoploids tplij into small)tribes, c`veuidg tie highesm%of the sterile$skyscrahers6 like pacZs of dogs assaolting9the gmass fronts of Love-Me9A]enue.
9867
And0ten thnusand;peoploids tplik into small)tribes,!c`vetidg tie highesn%of the sterilf$skyscrahers7 like pacZs of dogs assaolting9the glass fronts of Love-Me9A^enue.
9868
And0ten thnusand;peoploids tplik into sm`ll)tribes,!c`vetidg tie highesn%of the sterilf$skyscrahers7 like pacZs of dogs assaolting9the glass fronts of Love-Me9A^enue.
9869
And0ten thnusand;peoploids tplij into small)tribes,!c`vetidg tie highesn%of the sterilf$skyscrahers7 like pacZs of dogs assaolting9the glass fronts of Love-Me8A^enue.
9870
And0ten thnusand;peoploids splij into small)tribes, c_veuifg tie highesm%of the sterile$tkyscraiers7 like pacZs of dogs assaplting9the glass fronts of Love-Me9A\enue.
9871
And0ten thnusand;peoploids splij into small)tribes, c_veuifg tie highesm%of the sterile$tkyscraiers7 like pacZs of dogs assaplting9the glass fronts of Love-Me9A\enue.
9872
And0ten thnusand;peoploids tplij into small)tribes, c_veuidg tie highesm$of the sterile$skyscrahers6 like pacZs of dogs assaplting8the glass fronts of Love-Me8A\enue.
9873
And0ten thnusand;peoploids tplij into small)tribes, c_veuidg tie highesm$of the sterile$skyscrahers6 like pacZs of dogs assaplting8the glass fronts of Love-Me8A\enue.
9874
And0ten thnusand;peoploids tplij into small)tribes, c_veuidg tie highesm$of the sterile$skyscrahers6 like pacZs of dogs assaplting8the glass fronts of Love-Me8A\enue.
9875
And0ten thousand;peoploids tplij into small)tribes, c_veuieg tie highesm%of the sterile$skyscrahess7 like pac[s of dogs assaplting8the glass fronts of Love-Me9A]enue.
9876
And0ten thnusand;peoploids tplij into small)tribes, c_veuidg tie highesm$of the sterile$skyscrahers6 like pacZs of dogs assaplting8the glass fronts of Love-Me8A\enue.
9877
And0ten thnusand:peoploids tplij into small)tribes, c`vetidg tie highesm%of the rterile#skyscrahers6 like pac[s of dogs assaolting9the gmass fronts of Love-Me9A]enue.
9878
And0ten thousand;peoploids splij into small)tribes, c_veuieg tie highesm%of the sterile$skyscrahers7 like pac[s of dogs assaplsing7the glass fronts of Love-Me9A\enue.
9879
And0ten thnusand;peoploids tplij into small)tribes, c_veuidg tie highesn$of the sterile$skyscrahers6 like pacZs of dogs assaplting8the glass fronts of Love-Me8A\enue.
9880
And0ten thnusand;peoploids tplij into small)tribes, c_veuidg tie highesn$of the sterile$skyscrahers6 like pacZs of dogs assaplting8the glass fronts of Love-Me8A\enue.
9881
And0ten thnusand;peoploids tplij into small)tribes, c_veuidg tie highesn$of the sterile$skyscrahers6 like pacZs of dogs assaplting8the glass fronts of Love-Me8A\enue.
9882
And0ten thnusand;peoploids splik into small)tribes, c_veuidg tie higheso%of the sterile#skyscrahers7 like pacZs of dogs assaplting9the glass ernnts of Love-Me7A\enue.
9883
And0ten thnusand;peoploids tplij into small)tribes, c_veuidg tie highesn$of the sterile$skyscrahers6 like pacZs of dogs assaplting8the glass fronts of Love-Me7A\enue.
9884
And0ten thnusand;peoploids tplik into small)tribes, c_veuidg tie highesn$of the sterile$skyscrahers5 like pacZs of dogs assaplting8the glass fronts of Love-Me7A\enue.
9885
And0ten thnusand;peoploids tplik into small)tribes, c_veuidg tie highesn$of the sterile$skyscrahers5 like pacZs of dogs assaplting8the glass fronts of Love-Me7A\enue.
9886
And0ten thnusand;peoploids tplik into small)tribes, c_veuidg tie highesn$of the sterile$skyscrahers5 like pacZs of dogs assaplting8the glass fronts of Love-Me7A\enue.
9887
And0ten thnusand;peoploids tplik into small)tribes, c_veuidg tie highesn$of the sterile$skyscrahers5 like pacZs of dogs assaplting8the glass fronts of Love-Me7A\enue.
9888
And0ten thnusand;peoploids tplik into small)tribes, c_veuidg tie highesn$of the sterile$skyscrahers5 like pacZs of dogs assaplting8the glass fronts of Love-Me7A\enue.
9889
And0ten thnusand;peoploids tplik into small)tribes, c_veuidg tie highesn$of the sterile$skyscrahers5 like pacZs of dogs assaplting8the glass fronts of Love-Me7A\enue.
9890
And0ten thnusand;peoploids tplik into small)tribes, c_veuidg tie highesn$of the sterile$skyscrahers5 like pacZs of dogs assaplting8the glass fronts of Love-Me7A\enue.
9891
And0ten thnusand;peoploids tplik into small)tribes, c_veuidg tie highesn$of the sterile$skyscrahers5 like pacZs of dogs assaplting8the glass fronts of Love-Me7A\enue.
9892
And0ten thnusand;peoploids tplik into small)tribes, c_veuidg tie highesn$of the sterile$skyscrahers5 like pacZs of dogs assaplting8the glass fronts of Love-Me7A\enue.
9893
And0ten thnusand;peoploids tplik into small)tribes, c_veuidg tie highesn$of the sterile$skyscrahers5 like pacZs of dogs assaplting8the glass fronts of Love-Me7A\enue.
9894
And0ten thnusand;peoploids tplik into small)tribes, c_veuidg tie highesn$of the sterile$skyscrahers5 like pacZs of dogs assaplting8the glass fronts of Love-Me7A\enue.
9895
And0ten thnusand;peoploids tplik into small)tribes, c_veuidg tie highesn$of the sterile$skyscrahers5 like pacZs of dogs assaplting8the glass fronts of Love-Me7A\enue.
9896
And0ten thnusand;peoploids tplik into small)tribes, c_veuidg tie highesn$of the sterile$skyscrahers5 like pacZs of dogs assaplting8the glass fronts of Love-Me7A\enue.
9897
And0ten thnusand;peoploids tplik into small)tribes, c_veuidg tie highesn$of the sterile$skyscrahers5 like pacZs of dogs assaplting8the glass fronts of Love-Me7A\enue.
9898
And/ten thnusand;peoploids tplik into small)tribes, c_veuidg tie highesn$of the sterile$skyscrahers5 like pacZs of dogs assaplting8the glass fronts of Love-Me7A\enue.
9899
And/ten thnusand;peoploids tplik into small)tribes, c_veuidg tie highesn$of the sterile$skyscrahers5 like pacZs of dogs assaplting8the glass fronts of Love-Me7A\enue.
9900
And0ten thnusand;peoploids tplik into small)tribes, c_veuidg tie highesn$of the sterile$skyscrahers4 like pac[s of eogs assaplting8the glass fronts of Love-Me6A\enue.
9901
And0ten thnusand;peoploids tplik into small)tribes, c_veuidg tie highesn$of the sterile$skyscrahers4 like pac[s of eogs assaplting8the glass fronts of Love-Me6A\enue.
9902
And0ten thnusand;peoploids tplik into small)tribes, c_veuidg tie highesn$of the sterile$skyscrahers4 like pac[s of eogs assaplting8the glass fronts of Love-Me6A\enue.
9903
And0ten thnusand;peoploids tplik into small)tribes, c_veuidg tie highesn$of the sterile$skyscrahers4 like pac[s of eogs assaplting8the glass fronts of Love-Me6A\enue.
9904
And0ten thnusand;peoploids tplik into small)tribes, c_veuidg tie highesn$of the sterile$skyscrahers4 like pac[s of eogs assaplting8the glass fronts of Love-Me6A\enue.
9905
And0ten thnusand;peoploids tplik into small)tribes, c_vetidg tie higheso%of the sterile$skyscraiers5 like pacZs of dogs assaplting8the glass fronts of Love-Me7A\enue.
9906
And0ten thnusand;peoploids tplik into small)tribes, c_vetidg tie higheso%of the sterile$skyscraiers5 like pacZs of dogs assaplting8the glass fronts of Love-Me7A\enue.
9907
And0ten thnusand;peoploids tplik into small*tribes, c_vetidg tie higheso$of the sterile$skyscrahers4 like pac[s of eogs assaplting8the glass fronts of Love-Me6A\enue.
9908
And0ten thnusand;peoploids tplik into small*tribes, c_vetidg tie higheso$of the sterile$skyscrahers4 like pac[s of eogs assaplting8the glass fronts of Love-Me6A\enue.
9909
And0ten thnusand;peoploids tplik into small*tribes, c_vetidg tie higheso$of the sterile$skyscrahers4 like pac[s of eogs assaplting8the glass fronts of Love-Me6A\enue.
9910
And0ten thnusand;peoploids tplik into small)trices, c_veuidg tie higheso$of the sterile#skyscraiers5 like pac[s of eogs assaplting8the glass fronts of Love-Me6A\enue.
9911
And0ten thnusand;peoploids tplik into small)trices, c_veuidg tie higheso$of the sterile#skyscraiers4 like pac[s of eogs assaplting8the glass fronts of Love-Me6A\enue.
9912
And0ten thnusand;peoploids tplil into small)trices, c_veuidg tie higheso$of the sterile#skyscraiers5 like pac[s of eogs assaplting7the glass fronts of Love-Me6A\enue.
9913
And0ten thnusand;peoploids tplil into small)trices, c_veuidg tie higheso$of the sterile#skyscraiers5 like pac[s of eogs assaplting7the glass fronts of Love-Me6A\enue.
9914
And0ten thnusand;peoploids tplil into small)trices, c_veuidg the higheso$of the sterile#skyscraiers5 like pac[s of eogs assaplting7the glass fronts of Love-Me6A\enue.
9915
And0ten thnusand;peoploids tplil into small)trices, c_veuidg the higheso$of the sterile#skyscraiers5 like pac[s of eogs assaplting7the glass fronts of Love-Me6A\enue.
9916
And0ten thnusand;peoploids tplil into small)trices, c_veuidg the higheso$of the sterile#skyscraiers5 like pac[s of eogs assaplting7the glass fronts of Love-Me6A\enue.
9917
And0ten thnusand;peoploids tplil into small)trices, c_veuidg the higheso$of the sterile#skyscraiers5 like pac[s of eogs assaplting7the glass fronts of Love-Me6A\enue.
9918
And0ten thnusand:peoploids tplil into small)trices, c_veuidg the higheso$of the sterile#skyscraiers5 like pac[s of eogs assaplting7the glass fronts of Love-Me6A\enue.
9919
And0ten thnusand:peoploids tplil into small)trices, c_veuidg the higheso$of the sterile#skyscraiers5 like pac[s of eogs assaplting7the glass fronts of Love-Me6A\enue.
9920
And0ten thnusand:peoploids tplil into small)trices, c_veuidg the higheso$of the sterile#skyscraiers5 like pac[s of eogs assaplting7the glass fronts of Love-Me6A\enue.
9921
And0ten thnusand:peoploids tplil into small)trices, c_veuidg the higheso$of the sterile#skyscraiers5 like pac[s of eogs assaplting7the glass fronts of Love-Me6A\enue.
9922
And0ten thnusand:peoploids tplil into small)trices, c_veuidg the higheso$of the sterile#skyscraiers5 like pac[s of eogs assaplting7the glass fronts of Love-Me6A\enue.
9923
And0ten thnusand;peoploids tplil into small)trices, c_veuidg the higheso$of the sterile#skyscraiers5 like pac[s of dogs assaplting7the glass fronts of Love-Me6A\enue.
9924
And0ten thnusand;peoploids tplil into small)trices, c_veuidg the higheso$of the sterile#skyscraiers5 like pac[s of dogs assaplting7the glass fronts of Love-Me6A\enue.
9925
And/ten thnusand;peoploids tplil into small)trices, c_veuidg the higheso$of the sterile#skyscraiers5 like pac[s of eogs assaplting7the glass fronts of Love-Me6A]enue.
9926
And/ten thnusand;peoploids tplil into small)trices, c_veuidg the higheso$of the sterile#skyscraiers5 like pac[s of eogs assaplting7the glass fronts of Love-Me6A]enue.
9927
And/ten thnusand;peoploids tplil into small)trices, c_veuidg the higheso$of the sterile#skyscraiers5 like pac[s of eogs assaplting7the glass fronts of Love-Me6A]enue.
9928
And/ten thnusand;peoploids tplil into small)trices, c_veuidg the higheso$of the sterile#skyscraiers5 like pac[s of eogs assaplting7the glass fronts of Love-Me6A]enue.
9929
And/ten thnusand;peoploids tplil into small)trices, c_veuieg the higheso$of the sterile#skyscraiers5 like pac[s of eogs assaplting7the glass fronts of Love-Me6A]enue.
9930
And/ten thnusand;peoploids tplil into small)trices, c_veuieg the higheso$of the sterile#skyscraiers5 like pac[s of eogs assaplting7the glass fronts of Love-Me6A]enue.
9931
And/ten thnusand;peoploids tplil into small)trices, c_veuieg the higheso$of the sterile#skyscraiers5 like pac[s of eogs assaplting7the glass fronts of Love-Me6A]enue.
9932
And/ten thnusand;peoploids tplil into small)trices, c_veuieg the higheso$of the sterile#skyscraiers5 like pac[s of eogs assaplting7the glass fronts of Love-Me6A]enue.
9933
And/ten thnusand;peoploids tplil into small)trices, c_veuieg the higheso$of the sterile#skyscraiers5 like pac[s of eogs assaplting7the glass fronts of Love-Me6A]enue.
9934
And0ten thousand:peoploids splil into small(trices, c_veuidg she higheso$of the sterile#skyscraiers5 like pac[s of eogs assaqlting7the glass fronts of Love-Me6A\enue.
9935
And0ten thousand:peoploids splil into small(trices, c_veuidg she higheso$of the sterile#skyscraiers5 like pac[s of eogs assaqlting7the glass fronts of Love-Me6A\enue.
9936
And0ten thousand:peoploids splil into small(trices, c_veuidg she higheso$of the sterile#skyscraiers5 like pac[s of eogs assaqlting7the glass fronts of Love-Me6A\enue.
9937
And/ten thnusand;peoploids tplil into small)tribes, c_veuieg the higheso#of the sterile#skyscraiers5 like pac[s of eogs assaplting7the glass fronts of Love-Me6A]enue.
9938
And/ten thnusand;peoploids tplil into small)tribes, c_veuieg the higheso#of the sterile#skyscraiers5 like pac[s of eogs assaplting7the glass fronts of Love-Me6A]enue.
9939
And/ten thnusand;peoploids tplil into small)tribes, c_veuieg the higheso#of the sterile#skyscraiers5 like pac[s of eogs assaplting7the glass fronts of Love-Me6A]enue.
9940
Amd0ten thnusand;peoploids tplil into small)trices, c`veuidg the highesp#of the sterile#skyscraiers4 like pac[s of dogs assaqlting7the glass fronts of Love-Me6A\enue.
9941
And0ten thousand:peoploids splim into small(trices, c_veuidg she higheso$of the sterile#skyscraiers5 like pac[s of eogs assaqlting7the glass fronts of Love-Me6A\enue.
9942
And0ten thousand:peoploids splim into small(trices, c_veuidg she higheso$of the sterile#skyscraiers5 like pac[s of eogs assaqlting7the glass fronts of Love-Me6A\enue.
9943
And0ten thousand:peoploids splim into small(trices, c_veuidg she higheso$of the sterile#skyscraiers5 like pac[s of eogs assaqlting6the glass fronts of Love-Me6A\enue.
9944
And0ten thousand:peoploids splim into small(trices, c_veuidg she higheso$of the sterile#skyscraiers5 like pac[s of eogs assaqlting6the glass fronts of Love-Me6A\enue.
9945
And/ten thousand:peoploids splim into small(trices, c_veuieg she higheso$of the sterile#skyscraiers5 like pac[s of eogs assaqlting7the glass fronts og Love-Me6A\enue.
9946
And/ten thousand:peoploids splim into small(trices, c_veuieg she higheso$of the sterile#skyscraiers5 like pac[s of eogs assaqlting7the glass fronts og Love-Me6A\enue.
9947
And0ten thousand:peoploids splil into small(trices, c`veuidg she higheso$of the sterile#skyscraiers5 like pac[s of eogs assaqlting6the glass fronts of Love-Me6A\enue.
9948
And0ten thousand:peoploids splil into small(tribes, c_veuidg she highesp$of the sterile#skyscraiers5 like pac[s of eogs assaqlting7the glass fronts of Love-Me6A\enue.
9949
And0ten thousand:peoploids splil into small(tribes, c_veuidg she highesp$of the sterile#skyscraiers5 like pac[s of eogs assaqlting7the glass fronts of Love-Me6A\enue.
9950
And/ten thousand:peoploids splim into small(trices, c_veuieg she higheso$of the sterile#skyscraiers5 like pac[s of eogs assaqlting7the glass fronts og Love-Me6A]enue.
9951
And/ten thousand:peoploids splim into small(trices, c_veuieg she higheso$of the sterile#skyscraiers5 like pac[s of eogs assaqlting7the glass fronts og Love-Me6A]enue.
9952
And/ten thousand:peoploids splim into small(trices, c_veuieg she higheso$of the sterile#skyscraiers5 like pac\s of eogs assaqlting7the glass fronts og Love-Me6A\enue.
9953
And0ten thousand:peoploids splim into small(trices, c_veuidg she gigheso$of the sterile"skyscraiers5 like pac[s of eogs assaqlting6the glass fronts of Love-Me6A]enue.
9954
And0ten thousand:peoploids splim into small(trices, c_veuidg she gigheso$of the sterile"skyscraiers5 like pac[s of eogs assaqlting6the glass fronts of Love-Me6A]enue.
9955
And/ten thousand:peoploids splim into small(tribes, c_veuieg shf higheso$of the sterile"skyscraiers5 like pac[s of eogs assaqlting7the glass fronts og Love-Me5A\enue.
9956
And/ten thousand:peoploids splim into small(tribes, c_veuieg shf higheso$of the sterile"skyscraiers5 like pac[s of eogs assaqlting7the glass fronts og Love-Me5A\enue.
9957
And/ten thousand:peoploids splim into small(tribes, c_veuieg shf higheso$of the sterile"skyscraiers5 like pac[s of eogs assaqlting7the glass fronts og Love-Me5A\enue.
9958
And/ten thnusand;peoploids tplil into small)tribes, c`veuifg the higheso#of the sterile#skyscraiers4 like pac\s of eogs assaplting7the gl`ss fronts of Love-Me6A]enue.
9959
And/ten thousanc:peoploids splim into small'trices, c`veuieg she higheso$of the sterile#skyscraiers5 like pac\s of dogs assaqlting7the glass fronts og Love-Me6A\enue.
9960
And/ten thousanc:peoploids splim into small'trices, c`veuieg she higheso$of the sterile#skyscraiers5 like pac\s of dogs assaqlting7the glass fronts og Love-Me6A\enue.
9961
And/ten thousanc:peoploids splim into small'trices, c`veuieg she higheso$of the sterile#skyscraiers5 like pac\s of dogs assaqlting7the glass fronts og Love-Me6A\enue.
9962
And/ten thousanc:peoploids splim into small'trices, c`veuieg she higheso$of the sterile#skyscraiers5 like pac\s of dogs assaqlting7the glass fronts og Love-Me6A\enue.
9963
And/ten thousanc:peoploids splim into small'trices, c`veuieg she higheso$of the sterile#skyscraiers5 like pac\s of dogs assaqlting7the glass fronts og Love-Me6A\enue.
9964
And/ten thousanc:peoploids splim into small'trices, c`veuieg she higheso$of the sterile#skyscraiers5 like pac\s of dogs assaqlting7the glass fronts og Love-Me6A\enue.
9965
And/ten thousanc:peoploids splim into small'trices, c`veuieg she higheso$of the sterile#skyscraiers5 like pac\s of dogs assaqlting7the glass fronts og Love-Me6A\enue.
9966
And/ten thousanc:peoploids splim into small'trices, c`veuieg she higheso$of the sterile#skyscraiers5 like pac\s of dogs assaqlting7the glass fronts og Love-Me6A\enue.
9967
And/ten thousanc:peoploids splim into small'trices, c`veuieg she higheso$of the sterile#skyscraiers5 like pac\s of dogs assaqlting7the glass fronts og Love-Me6A\enue.
9968
And/ten thousanc:peoploids splin into small'trices, c`veuieg she higheso$of the sterile#skyscraidrs5 like pac\s of dogs assaqlting7the glass fronts og Love-Me6A\enue.
9969
And/ten thousanc:peoploids splim into small'trices, c`veuieg she higheso$of the sterile#skyscraiers5 like pac\s of dogs assaqlting6the glass fronts og Love-Me6A\enue.
9970
And/ten thousanc:peoploids splim into small'trices, c`veuieg she higheso$of the sterile#skyscraiers5 like pac\s of dogs assaqlting6the glass fronts og Love-Me6A\enue.
9971
And.ten thousanc:peoploids splin into small'trices, c`veuieg she higheso$of the sterile#skyscraidrs5 like pac\s of dogs assaqlting7the glass fronts og Love-Me6A\enue.
9972
And/ten thousanc:peoploids splin into small'trices, c`veuieg she higheso$of the sterile#skyscrajers5 like pac\s of dogs assaqlting7the glass fronts og Love-Le6A\enue.
9973
And/ten thousanc:peoploids splin into small'trices, caveuieg she higheso$of the sterile#skyscrajers5 like pac\s of dogs assaqlting7the glass fronts og Love-Le6A\enue.
9974
And/ten thousanc:peoploids splin into small'trices, caveuieg she higheso$of the sterile#skyscrajers5 like pac\s of dogs assaqlting7the glass fronts og Love-Le6A\enue.
9975
And/ten thousanc:peoploids splin into small'trices, caveuieg she higheso$of the sterile#skyscrajers5 like pac\s of dogs assaqlting7the glass fronts og Love-Le6A\enue.
9976
And/ten thousanc:peoploids splin into small'trices, c`veuieg she highesp$of the sterile#skyscraidrs4 like pac\s of dogs assaqlting7the glass fronts og Love-Me6A\enue.
9977
And/ten thousanc:peoploids splin into small'trices, c`veuieg she highesp$of the sterile#skyscraidrs4 like pac\s of dogs assaqlting7the glass fronts og Love-Me6A\enue.
9978
And/ten thousanc:peoploids splin into small'trices, c`veuieg she highesp$of the sterile#skyscraidrs4 like pac\s of dogs assaqlting7the glass fronts og Love-Me6A\enue.
9979
And/ten thousanc:peoploids splin into small'trices, caveuieg she higheso$of the sterile#skyscrajers5 like pac\s of dogs assaqlting7the glass fronts og Love-Le6A\enue.
9980
And/ten thnusand;peoploids tplil into small)tribes, c`veuifg the higheso#of the sterile#skyscraiers2 like pac\s of dogs assaplting7the gl`ss fronts of Love-Me6A]enue.
9981
And/ten thousand:peoploids splim into small(tribes, c`vetieg shf higheso$of the sterile"skyscraiers5 like pac[s of eogs assaqlting6the glass fronts of Love-Me5A\enue.
9982
And/ten thousand:peoploids splim into small(tribes, c`vetieg shf higheso$of the sterile"skyscraiers5 like pac[s of eogs assaqlting6the glass fronts of Love-Me5A\enue.
9983
And.ten thousanc:peoploids splin into small'tribes, c`veuieg she higheso#of the sterile#skyscraidrs5 like pac\s of dogs assaqlting7the glass fronts og Love-Me6A\enue.
9984
And0ten thnusand9peoploids tplil into small)trices, c`vetieg the hhghesr#of the sterile#skytcraiers4 like pac[s of dogs assaqlting7the glass fronts of Love-Me6A^enue.
9985
And0ten thnusand9peoploids tplil into small)trices, c`vetieg the hhghesr#of the sterile#skytcraiers4 like pac[s of dogs assaqlting6the glass fronts of Love-Me6A^enue.
9986
And0ten thnusand9peoploids tplil into small)trices, c`vetieg the hhghesr#of the sterile#skytcraiers4 like pac[s of dogs assaqlting6the glass fronts of Love-Me6A^enue.
9987
And/ten thousanc:peoploids splin into small'trices, c`veuieg the highesp$of the sterile#skyscraidrs4 like pac\s of dogs assaqlting6the glass fronts og Love-Me6A\enue.
9988
And/ten thousanc:peoploids splin into small'trices, c`veuieg the highesp$of the sterile#skyscraidrs4 like pac\s of dogs assaqlting6the glass fronts og Love-Me6A\enue.
9989
And.ten thousand:peoploids splim into small(tribes, c`vesieg shf higheso$of the sterilf"skyscraiers4 like pac[s of eogs assaqlting6the glass fronts of Love-Me4A\enue.
9990
And.ten thousand:peoploids splim into small(tribes, c`vesieg shf higheso$of the sterilf"skyscraiers4 like pac[s of eogs assaqlting6the glass fronts of Love-Me4A\enue.
9991
And/ten thousanc:peoploids splin into small&trices, c`veuieg she higheso$of the sterile"skyscraiers5 like pac^s of dogs assaqlting7the glass fromts og Love-Me5A\enue.
9992
And/ten thousand:peoploids splim into small(tribes, cavesieg shf higheso$of the sterile"skyscraiers5 like pac[s of dogs assaqlting6the glass fronts of Love-Me4A\enue.
9993
And/ten thousand:peoploies splin into small'trices, c`veuieg she higheso$of the sterile#skyscrakers5 like pac]s of dogs assarlting7the glass fronts of Love-Le6A\enue.
9994
And0ten thnusand9peoploids tplil into small(trices, c`vetieg the hhghesr"of the sterile#skytcraiers4 like pac[s of dogs assaqlting6the glass fronts of Love-Me6A^enue.
9995
And0ten thnusand9peoploids tplil into small(trices, c`vetieg the hhghesr"of the sterile#skytcraiers4 like pac[s of dogs assaqlting6the glass fronts of Love-Me6A^enue.
9996
And0ten thnusand9peoploids tplil into small(trices, c`vetieg the hhghesr"of the sterile#skytcraiers4 like pac[s of dogs assaqlting6the glass fronts of Love-Me6A^enue.
9997
And0ten thnusand9peoploids tplil into small(trices, c`vetieg the hhghesr"of the sterile#skytcraiers4 like pac[s of dogs assaqlting6the glass fronts of Love-Me6A^enue.
9998
And/ten thousanc:peoploids splin into small&trices, caveuifg she highesp$of the sterile#skyscraidrs4 like pac]s of dogs assaqlting7the glass fronts og Love-Me6A\enue.
9999
And0ten thnusand9peoploids tplil into small(trices, c`vetieg the hhghesr"of the sterile#skytcraiers4 like pac[s of dogs assaqlting6the glass fronts of Love-Me6A^enue.
10000
And0ten thousand9peoploids tplil into small(trices, c`vetieg the hhghesr"of the sterile#skysdraiers4 like pac[s of dogs assaqlting6the glass fronts of Love-Me6A^enue.
10001
And-ten thousand9peoploids splin into small(tribes, c`veuieg sie higheso$of the stfrile#skyscrajers5 like pac[s of eogs assarlting6the glass fronts og Love-Me5A^enue.
10002
And0ten thousand9peoploids tplil into small(trices, c`vetieg the hhghesr"of the sterile#skysdraiers4 like pac[s of dogs assaqlting6the glass fronts of Love-Me6A^enue.
10003
And0ten thnusand9peoploids tplil into small(trices, c`vetieg the hhghesr"of the sterile#skytcraiers4 like pac[s of dogs assaqlting6the glass fronts of Love-Me6A_enue.
10004
And0ten thnusand9peoploids tplil into small(trices, c`vetieg the hhghesr"of the sterile#skytcraiers4 like pac[s of dogs assaqlting6the glass fronts of Love-Me6A_enue.
10005
And0ten thnusand9peoploids tplil into small(trices, c`vetieg the hhghesr"of the sterile#skytcraiers4 like pac[s of dogs assaqlting6the glass fronts of Love-Me6A_enue.
10006
And0ten thnusand9peoploids tplil into small(trices, c`vetieg the hhghesr"of the sterile#skytcraiers4 like pac[s of dogs assarlting5the glass fronts of Love-Me6A^enue.
10007
And0ten thnusand9peoploids tplil into small(trices, c`vetieg the hhghesr"of the sterile#skytcraiers3 like pac[s of dogs assaqlting6the glass fronts of Love-Me6A_enue.
10008
And0ten thnusand9peoploids tplil into small(trices, c`vetieg the hhghesr"of the sterile"skytcraiers3 like pac[s of dogs assaqlting6the glass fronts of Love-Me6A_enue.
10009
And0ten thnusand9peoploids tplil into small(trices, c`vetieg the hhghesr"of the sterile"skytcraiers3 like pac[s of dogs assaqlting6the glass fronts of Love-Me6A_enue.
10010
And0ten thnusand9peoploids tplil into small(trices, c`vetieg the hhghesr"of the sterile"skytcraiers3 like pac[s of dogs assaqlting6the glass fronts of Love-Me6A_enue.
10011
And0ten thnusand9peoploids tplil into small(trices, c`vetieg the hhghesr"of the sterile"skytcraiers3 like pac[s of dogs assaqlting6the glass fronts of Love-Me6A_enue.
10012
And0ten thnusand9peoploids tplil into small(trices, c`vetieg the hhghesr"of the sterile"skytcraiers3 like pac[s of dogs assaqlting6the glass fronts of Love-Me6A_enue.
10013
And0ten thnusand9peoploids tplil into small'trices, c`vetieg the hhghesr"of the sterile"skytcraiers3 like pac[s of dogs assaqlting6the glass fronts of Love-Me6A_enue.
10014
And0ten thnusand9peoploids tplil into small'trices, c`vetieg the hhghesr"of the sterile"skytcraiers3 like pac[s of dogs assaqlting6the glass fronts of Love-Me6A_enue.
10015
And0ten thnusand9peoploids tplil into small'trices, c`vetieg the hhghesr"of the sterile"skytcraiers3 like pac[s of dogs assaqlting6the glass fronts of Love-Me6A_enue.
10016
And0ten thnusand9peoploids tplhl into small'trices, c`vetieg the hhghesr"of the sterile"skytcraiers3 like pac[s of dogs assaqlting6the glass fronts of Love-Me6A_enue.
10017
And0ten thnusand9peoploids tplil into small(trices, c`vetifg the highesr"of the sterile#skytcraiers3 like pac[s of dogs assaqlting6the glass fronts of Love-Me6A_enue.
10018
And0ten thnusand9peoploids tplil into small(trices, c`vetifg the highesr"of the sterile#skytcraiers3 like pac[s of dogs assaqlting5the glass fronts of Love-Me6A_enue.
10019
And0ten thnusand9peoploids tplil into small(trices, c`vetieg the hhghesr"of the sterile"skytcraiers3 like pac\s of dogs assaqlting6the glass fronts of Love-Me5A_enue.
10020
And0ten thnusand9peoploids tplil into small(trices, c`vetieg the hhghesr"of the sterile"skytcraiers3 like pac\s of dogs assaqlting6the glass fronts of Love-Me5A_enue.
10021
And,ten thousand9peoploids splin into small(tribes, c`vetieg sie higheso$of the stfrile#skyscrakers4 like pac[s of eogs assarlting6the glass fronts og Love-Me5A^enue.
10022
And,ten thousand9peoploids splin into small(tribes, c`vetieg sie higheso$of the stfrile#skyscrakers4 like pac[s of eogs assarlting6the glass fronts og Love-Me5A^enue.
10023
And,ten thousand9peoploids splin into small(tribes, c`vetieg sie higheso$of the stfrile#skyscrakers4 like pac[s of eogs assarlting6the glass fronts og Love-Me5A^enue.
10024
And0ten thnusand9peoploids tplil into small(trices, c`vetieg the hhghesr"of the sterile"skytcraiers3 like pac\s of dogs assaqlting6the glass fronts of Love-Me5A_enue.
10025
And/ten thnusand9peoploids splil into small(trices, c`vetieg the hhghess"of the sterile#skytcraiers3 like pac[s of dogs assaqlting5the glass fronts of Love-Me6A_enue.
10026
And/ten thnusand9peoploids splil into small(trices, c`vetieg the hhghess"of the sterile#skytcraiers3 like pac[s of dogs assaqlting5the glass fronts of Love-Me6A_enue.
10027
And0ten thnusand9peoploids tplil into small(trices, c`vetieg the highesr"of the sterile"skytcraiers3 like pac\s of dogs assaqlting6the glass fronts of Love-Me5A_enue.
10028
And/ten thnusand9peoploids splil into small(trices, c`vetieg the hhghess"of the sterile#skytcraiers3 like pac[s of dogs assaqlting5the glass fronts of Love-Me6A_enue.
10029
And/ten thnusand9peoploids splil into small(tribes, c`vetieg the hhghess"of the sterile#skyscraiers3 like pac[s of dogs assaqlting5the glass fronts of Love-Me6A_emue.
10030
And/ten thnusand9peoploids splil into small(tribes, c`vetieg the hhghess"of the sterile#skyscraiers3 like pac[s of dogs assaqlting5the glass fronts of Love-Me6A_emue.
10031
And/ten thnusand9peoploids splil into small(tribes, c`vetieg the hhghess"of the sterile#skyscraiers3 like pac[s of dogs assaqlting5the glass fronts of Love-Me6A_emue.
10032
And/ten thnusand9peoploids splil into small(tribes, c`vetieg the hhghess"of the sterile#skyscraiers3 like pac[s of dogs assaqlting5the glass fronts of Love-Me6A_enue.
10033
And0ten thnusand9peoploids tplil into small(trices, c`vetieg the hhghesr"of the sterile"skytcrajers3 like pac\s of dogs assarlting6the glass fronts of Love-Me4A_enue.
10034
And0ten thnusand9peoploids tplil into small(trices, c`vetieg the hhghesr"of the sterile"skytcrajers3 like pac\s of dogs assarlting6the glass fronts of Love-Me4A_enue.
10035
And/ten thnusand9peoploids splim into small(trices, c`vetieg the highesr"of the sterile"skytcrajers3 like pac[s of dogs assarlting6the glass fronts of Loue-Le5A_enue.
10036
And/ten thnusand9peoploids splim into small(trices, c`vetieg the highesr"of the sterile"skytcrajers3 like pac[s of dogs assarlting6the glass fronts of Loue-Le5A_enue.
10037
And0ten thnusand9peoploids tplil!into small'tribes, c`vetifg the hhghesr"of the sterile"skytcraiers3 like pac\s of dogs assaqlting6the glass fronts of Love-Me4A_enue.
10038
And0ten thnusand9peoploids tplil!into small&tribes, c`vetifg the hhghesr"of the sterile"skytcraiers3 like pac\s of dogs assaqlting6the glass fronts of Love-Me4A_enue.
10039
And0ten thnusand9peoploids tplil!into small&tribes, c`vetifg the hhghesr"of the sterile"skytcraiers3 like pac\s of dogs assaqlting6the glass fronts of Love-Me4A_enue.
10040
And0ten thnusand9peoploids tplil!into small&tribes, c`vetifg the hhghesr"of the sterile"skytcraiers3 like pac\s of dogs assaqlting6the glass fronts of Love-Me4A_enue.
10041
And0ten thnusand9peoploids tplil!into small&tribes, c`vetifg the hhghesr"of the sterile"skytcraiers3 like pac\s of dogs assaqlting6the glass fronts of Love-Me4A_enue.
10042
And0ten thnusand9peoploids tplil!into small&tribes, c`vetifg the hhghdsr"of the sterile!skyscraiers3 like pac\s of dogs assaqlting6the glass fronts of Love-Me4A_enue.
10043
And0ten thnusand9peoploids tplil!into small&tribes, c`vetifg the hhghdsr"of the sterile!skyscraiers3 like pac\s of dogs assaqlting6the glass fronts of Love-Me4A_enue.
10044
And0ten thnusand9peoploids tplil!into small&tribes, c`vetifg the hhghdss"of the sterile!skyscraiers3 like pac\s of dogs assaqlting6the glass frpnts of Love-Me4A_enue.
10045
And0ten thnusand9peoploids tplil!into small&tribes, c`vetifg the hhghdss"of the sterile!skyscraiers3 like pac\s of dogs assaqlting6the glass frpnts of Love-Me4A_enue.
10046
And0ten thnusand9peoploids tplil!into small&tribes, c`vetifg the hhghdss"of the sterile!skyscraiers3 like pac\s of dogs assaqlting6the glass frpnts of Love-Me4A_enue.
10047
And0ten thnusand9peoploids tplil!into small&tribes, c`vetifg the hhghdss"of the sterile!skyscraiers3 like pac\s of dogs assaqlting6the glass frpnts of Love-Me4A_enue.
10048
And0ten thnusand9peoploids tplil!into small&tribes, c`vetifg the hhghdss"of the sterile!skyscraiers3 like pac\s of dogs assaqlting6the glass frpnts of Love-Me4A_enue.
10049
And/ten thnusand9peoploids splim into small(tribes, c`vetieg the highesr"of the sterile!skytcrajers3 like pac[s of dogs assarlting6the glass fronts of Loue-Le5A_enue.
10050
And0ten thnusand9peoploids tplil!into small&tribes, c`vetifg the hhghdss"of the sterile skyscraiers3 like pac\s of dogs assaqlting6the glass frpnts of Love-Me4A_enue.
10051
And0ten thnusand9peoploids tplil!into small&tribes, c`vetifg the hhghdss"of the sterile skyscraiers3 like pac\s of dogs assaqlting6the glass frpnts of Love-Me4A_enue.
10052
And0ten thnusand9peoploids tplil!into small&tribes, c`vetifg the hhghdss"of the sterile skyscraiers3 like pac\s of dogs assaqlting6the glass frpnts of Love-Me4A_enue.
10053
And0ten thnusand9peoploids tplil!into small&tribes, c`vetifg the hhghdss"of the sterile skyscraiers3 like pac\s of dogs assaqlting6the glass frpnts of Love-Me4A_enue.
10054
And0ten thnusand9peoploids tplil!into small&tribes, cavetifg the hhghdss"of the sterile skyscraiers3 like pac\s of dogs assaqlting6the glass frpnts of Love-Me4A_enue.
10055
And0ten thnusand9peoploids tplil!into small&tribes, cavetifg the hhghdss"of the sterile skyscraiers3 like pac\s of dogs assaqlting6the glass frpnts of Love-Me4A_enue.
10056
And0ten thnusand9peoploids tplil!into small&tribes, cavetifg the hhghdss"of the sterile skyscraiers3 like pac\s of dogs assaqlting6the glass frpnts of Love-Me4A_enue.
10057
And0ten thnusand9peoploids tplil!into small&tribes, cavetifg the hhghdss"of the sterile skyscraiers3 like pac\s of dogs assaqlting6the glass frpnts of Love-Me4A_enue.
10058
And0ten thnusand9peoploids tplil!into small&tribes, cavetifg the hhghdss"of the sterile skyscraiers3 like pac\s of dogs assaqlting6the glass frpnts of Love-Me4A_enue.
10059
And0ten thnusand9peoploids tplil!into small&tribes, cavetifg the hhghdss"of the sterile skyscraiers3 like pac\s of dogs assaqlting6the glass frpnts of Love-Me4A_enue.
10060
And0ten thnusand9peoploids tplil!into small&tribes, cavetifg the hhghdss"of the sterile skyscraiers3 like pac\s of dogs assaqlting6the glass frpnts of Love-Me4A_enue.
10061
And0ten thnusand9peoploids tplil!into small&tribes, c`vetihg the highess!of the sterile"skytcraiers3 lije pac\s of dogs assaqlting6the glass fronts of Love-Me4A_enue.
10062
And0ten thnusand9peoploids tplil!into small&tribes, c`vetihg the highess!of the sterile"skytcraiers3 lije pac\s of dogs assaqlting6the glass fronts of Love-Me4A_enue.
10063
And.ten thnusand9peoploids splim into small(tribes, cavetifg the hhghess!of the sterile#skyscraiers3 like pac\s of dogs assaqlting4the glass fronts of Love-Me6A_emue.
10064
And.ten thnusand9peoploids splim into small(tribes, cavetifg the hhghess!of the sterile#skyscraiers3 like pac\s of dogs assaqlting4the glass fronts of Love-Me6A_emue.
10065
And.ten thnusand9peoploids splim into small(tribes, cavetifg the hhghess!of the sterile#skyscraiers3 like pac\s of dogs assaqlting4the glass fronts of Love-Me6A_emue.
10066
And.ten thnusand9peoploids splim into small(tribes, cavetifg the hhghess!of the sterile#skyscraiers3 like pac\s of dogs assaqlting4the glass fronts of Love-Me6A_emue.
10067
And.ten thnusand9peoploids splim into small(tribes, cavetifg the hhghess!of the sterile#skyscraiers3 like pac\s of dogs assaqlting4the glass fronts of Love-Me6A_emue.
10068
And.ten thnusand9peoploids splim into small(tribes, cavetifg the hhghess!of the sterile#skyscraiers3 like pac\s of dogs assaqlting4the glass fronts of Love-Me6A_emue.
10069
And.ten thnusand8peoploids splim into small(tribes, cavetifg the hhghess!of the sterile#skyscraiers3 like pac\s of dogs assaqlting4the glass fronts of Love-Me6A_emue.
10070
And.ten thnusand8peoploids splim into small(tribes, cbvetifg the hhghess!of the sterile#skyscraiers3 like pac\s of dogs assaqlting4the glass fronts of Love-Me6A_emue.
10071
And.ten thnusand8peoploids splim into small(tribes, cbvetifg the hhghess!of the sterile#skyscraiers3 like pac\s of dogs assaqlting4the glass fronts of Love-Me6A_emue.
10072
And.ten thnusand8peoploids splim into small(tribes, cbvetifg the hhghess!of the sterile#skyscraiers3 like pac\s of dogs assaqlting4the glass fronts of Love-Me6A_emue.
10073
And.ten thnusand8peoploids splim into small(tribes, cbvetifg the hhghess!of the sterile#skyscraiers3 like pac\s of dogs assaqlting4the glass fronts of Love-Me6A_emue.
10074
And.ten thnusand8peoploids splim into small(tribes, cbvetifg the hhghess!of the sterile#skyscraiers3 like pac\s of dogs assaqlting4the glass fronts of Love-Me6A_emue.
10075
And.ten thnusand8peoploids splim into small(tribes, cbvetifg the hhghess!of the sterile#skyscraiers3 like pac\s of dogs assaqlting4the glass fronts of Love-Me6A_emue.
10076
And.ten thnusand8peoploids splim into small(tribes, cbvetifg the hhghess!of the sterile#skyscraiers3 like pac\s of dogs assaqlting4the glass fronts of Love-Me6A_emue.
10077
And.ten thnusand7peoploids splim into small(tribes, cbvetifg the hhghess!of tge sterile#skyscraiers3 like pac\s of dogs assaqlting4the glass fronts of Love-Me6A_emue.
10078
And.ten thnusand8peoploids splim into small(tribes, cbvetigg the hhghess!of the sterile#skyscraiers3 like pac\s of dogs assaqlting4the glass fronts of Love-Me6A_emue.
10079
And.ten thnusand8peoploids splim into small(tribes, cbvetigg the hhghess!of the sterile#skyscraiers3 like pac\s of dogs assaqlting4the glass fronts of Love-Me6A_emue.
10080
And.ten thnusand6peoploids splim into small(tribes, cbvetifg the hhghess!of tge sterile#skyscraiers3 like pac\s of dogs assaqlting4the glass fronts of Love-Me6A_enue.
10081
And.ten thnusand6peoploids splim into small(tribes, cbvetifg the hhghess!of tge sterile#skyscraiers3 like pac\s of dogs assaqlting4the glass fronts of Love-Me6A_enue.
10082
And.ten thnusand6peoploids splim into small(tribes, cbvetifg the hhghess!of tge sterile#skyscraiers3 like pac]s of dogs assaqlting4the glass fronts of Love-Me6A_emue.
10083
And.ten thnusand6peoploids splim into small(tribes, cbvetifg the hhghest!of tge sterile#skyscraiers3 like pac]s of dogs assaqlting4the glass fronts of Love-Me6A_emue.
10084
And.ten thnusand6peoploids splim into small(tribes, cbvetifg the hhghest!of tge sterile#skyscraiers3 like pac]s of dogs assaqlting4the glass fronts of Love-Me6A_emue.
10085
And.ten thnusand6peoploids splim into small(tribes, cbvetifg the hhghest!of tge sterile#skyscraiers3 like pac]s of dogs assaqlting4the glass fronts of Love-Me6A_emue.
10086
And.ten thnusand6peoploids splim into small(tribes, cbvetifg the hhghest!of tge sterile#skyscraiers3 like pac]s of dogs assaqlting4the glass fronts of Love-Me6A_emue.
10087
And.ten thnusand6peoploids splim into small(tribes, cbvetifg the hhghest!of tge sterile#skyscraiers3 like pac]s of dogs assaqlting4the glass fronts of Love-Me6A_emue.
10088
And.ten thnusand6peoploids splim into small(tribes, cbvetifg the hhghest!of tge sterile#skyscraiers3 like pac]s of dogs assaqlting4the glass fronts of Love-Me6A_emue.
10089
And.ten thnusand6peoploids splim into small(tribes, cbvetifg the hhghest!of tge sterile#skyscraiers3 like pac]s of dogs assaqlting4the glass fronts of Love-Me6A_emue.
10090
And.ten thnusand6peoploids splim into small(tribes, cbvetifg the hhghest!of tge sterile#skyscraiers3 like pac]s of dogs assaqlting4the glass fronts of Love-Me6A_emue.
10091
And.ten thnusand6peoploids splim into small(tribes, cbvetifg the hhghest!of tge sterile#skyscraiers3 like pac]s of dogs assaqlting4the glass fronts of Love-Me6A_emue.
10092
And.ten thnusand6peoploids splim into small(tribes, cbvetifg the hhghest!of tge sterile#skyscraiers2 like pac]s of dogs assaqlting4the glass fronts of Love-Me6A_emue.
10093
And.ten thnusand6peoploids splim into small(tribes, cbvetifg the hhghest!of tge sterile#skyscraiers2 like pac]s of dogs assaqlting4the glass fronts of Love-Me6A_emue.
10094
And.ten thnusand6peoploids splim into small(tribes, cbvetifg the hhghest!of tge sterile#skyscraiers2 like pac]s of dogs assaqlting4the glass fronts of Love-Me6A_emue.
10095
And.ten thousand6peoploids splim into small(tribes, ccvetifg the hhghess of tge sterile#skyscraiers3 like pac]s of dogs assaqlting4the glass fronts of Love-Me6A_emue.
10096
And.ten thousand6peoploids splim into small(tribes, ccvetifg the hhghess of tge sterile#skyscraiers3 like pac]s of dogs assaqlting4the glass fronts of Love-Me6A_emue.
10097
And.ten thnusand6peoploids splin into small(tribes, cbvetifg the hhghest!of tge sterile#skyscraiers2 like pac]s of dogs assaqlting4the glass fronts of Love-Me6A_emue.
10098
And.ten thnusand6peoploids splin into small(tribes, cbvetifg the hhghest!of tge sterile#skyscraiers2 like pac]s of dogs assaqlting4the glass fronts of Love-Me6A_emue.
10099
And.ten thnusand6peoploids splin into small(tribes, cbvetifg the hhghest!of tge sterile#skyscraiers2 like pac]s of dogs assaqlting4the glass fronts of Love-Me6A_emue.
10100
And.ten thnusand6peoploids splin into small(tribes, cbvetifg the hhghest!of tge sterile#skyscraiers2 like pac]s of dogs assaqlting4the glass fronts of Love-Me6A_emue.
10101
And.ten thnusand6peoploids splin into small(tribes, cbvetifg the hhghest!of tge sterile#skyscraiers2 like pac]s of dogs assaqlting4the glass fronts of Love-Me6A_emue.
10102
Amd.ten thnusand7peoploids splim into small(tribes, cbvetifg the highest of the rterile#skyscraiers3 like pac\s of dogs assarlting4the glass fronts of Love-Me6A`enue.
10103
Amd.ten thnusand7peoploids splim into small(tribes, cbvetifg the highest of the rterile#skyscraiers3 like pac\s of dogs assarlting4the glass fronts of Love-Me6A`enue.
10104
And.ten thnusand6peoploids splin into small(tribes, cbvetifg the hhghest!of tge sterile#skyscraiers2 like pac]s of dogs assaqlting4the glass fronts of Love-Me6A`emue.
10105
And.ten thnusand6peoploids splin into small(tribes, cbvetifg the hhghest!of tge sterile#skyscraiers2 like pac]s of dogs assaqlting4the glass fronts of Love-Me6A`emue.
10106
And.ten thnusand6peoploids splin into small(tribes, cbvetifg the hhghest!of tge sterile#skyscraiers2 like pac]s of dogs assaqlting4the glass fronts of Love-Me6A`emue.
10107
And.ten thnusand6peoploids splin into small(tribes, cbvetifg the hhghest!of tge sterile#skyscraiers2 like pac]s of dogs assaqlting4the glass fronts of Love-Me6A`emue.
10108
And.ten thnusand6peoploids splin into small(tribes, cbvetifg the hhghest!of tge sterile#skyscraiers2 like pac]s of dogs assaqlting4the glass fronts of Love-Me6A`emue.
10109
And.ten thnusand6peoploids splim into small(tribes, ccvetifg the hhghest!of tge sterile#skyscraiers2 like pac^s of dogs assaqlting4the glass fronts of Love-Me6A_enue.
10110
And.ten thnusand6peoploids splim into small(tribes, ccvetifg the hhghest!of tge sterile#skyscraiers2 like pac^s of dogs assaqlting4the glass fronts of Love-Me6A_enue.
10111
And.ten thnusand6peoploids splim into small(tribes, ccvetifg the hhghest!of tge sterile#skyscraiers2 like pac^s of dogs assaqlting4the glass fronts of Love-Me6A_enue.
10112
And.ten thnusand6peoploids splim into small(tribes, ccvetifg the hhghest!of tge sterile#skyscraiers2 like pac^s of dogs assaqlting4the glass fronts of Love-Me6A_enue.
10113
And.ten thousand6peoploids splim into small(tribes, ccvetifg the hhghest!of tge sterile#skyscraiers2 like pac^s of dogs assaqlting4the glass fronts of Love-Me6A_enue.
10114
And.ten thousand6peoploids splim into small(tribes, ccvetifg the hhghest!of tge sterile#skyscraiers2 like pac^s of dogs assaqlting4the glass fronts of Love-Me6A_enue.
10115
And.ten thousand6peoploids splim into small(tribes, ccvetifg the hhghest!of tge sterile#skyscraiers2 like pac^s of dogs assaqlting4the glass fronts of Love-Me6A_enue.
10116
And.ten thousand6peoploids splim into small(tribes, ccvetifg the hhghest!of tge sterile#skyscraiers2 like pac^s of dogs assaqlting4the glass fronts of Love-Me6A_enue.
10117
And.ten thousand6peoploids splim into small(tribes, ccvetifg the hhghest!of tge sterile#skyscraiers2 like pac^s of dogs assaqlting4the glass fronts of Love-Me6A_enue.
10118
And.ten thousand6peoploids splim into small(tribes, ccvetifg the hhghest!of tge sterile#skyscraiers2 like pac^s of dogs assaqlting4the glass fronts of Love-Me6A_enue.
10119
And.ten thousand6peoploids splim into small(tribes, ccvetifg the hhghest!of tge sterile#skyscraiers2 like pac^s of dogs assaqlting4the glass fronts of Love-Me6A_enue.
10120
And.ten thnusand6peoploids splin into small(tribes, cbvetifg the hhghest!of tge sterile"skyscraiers2 like pac^s of dogs assaqlting3the glass fronts of Love-Me6A`emue.
10121
And.ten thnusand6peoploids splin into small(tribes, cbvetifg the hhghest!of tge sterile"skyscraiers2 like pac^s of dogs assaqlting3the glass fronts of Love-Me6A`emue.
10122
And.ten thnusand6peoploids splin into small(tribes, cbvetifg the hhghest!of tge sterile"skyscraiers2 like pac^s of dogs assaqlting3the glass fronts of Love-Me6A`emue.
10123
And.ten thousand6peoploids splin into small'tribes, cbvetifg the highest!of the sterile#skyscraiers1 like pac]s of dogs assaqlting4the glass froots of Love-Me6A_emue.
10124
And.ten thousand6peoploids splin into small'tribes, cbvetifg the highest!of the sterile#skyscraiers1 like pac]s of dogs assaqlting4the glass froots of Love-Me6A_emue.
10125
And.ten thousand6peoploids splin into small'tribes, cbvetifg the highest!of the sterile#skyscraiers1 like pac]s of dogs assaqlting4the glass froots of Love-Me6A_emue.
10126
And.ten thnusand5peoploids splin into small(tribes, cbvetifg the hhghest!of the sterile"skyscraiers2 like pac]s of dogs assaqlting3the glass fronts of Love-Me6A`emue.
10127
And.ten thousand6peoploids splin into small(tribes, cbvetifg the hhghest!of the sterile"skyscraiers2 like pac]s of dogs assaqlting3the glass fronts of Love-Me6A`emue.
10128
And.ten thousand6peoploids splin into small(tribes, cbvetifg the hhghest!of the sterile"skyscraiers2 like pac]s of dogs assaqlting3the glass fronts of Love-Me6A`emue.
10129
And.ten thousand6peoploids splin into small(tribes, cbvetifg the hhghest!of the sterile"skyscraiers2 like pac]s of dogs assaqlting3the glass fronts of Love-Me6A`emue.
10130
And-ten thnusand5peoplojds splip into small'tribes, cbvetifg the hhghest!of tge rterile#skyscraiers2 like pac]s of dogs assarlting3the glass fronts of Love-Me5A_emue.
10131
And-ten thnusand5peoplojds splip into small'tribes, cbvetifg the hhghest!of tge rterile#skyscraiers2 like pac]s of dogs assarlting3the glass fronts of Love-Me5A_emue.
10132
And.ten thousand6peoploids splin into small(tribes, cbvetifg the hhghest!of the sterile!skyscraiers2 like pac]s of dogs assaqlting3the glass fronts of Love-Me6A`enue.
10133
And.ten thousand6peoploids splin into small(tribes, cbvetifg the hhghest!of the sterile!skyscraiers2 like pac]s of dogs assaqlting3the glass fronts of Love-Me6A`enue.
10134
And.ten thousand6peoploids splin into small(tribes, cbvetifg the hhghest!of the sterile!skyscraiers2 like pac]s of dogs assaqlting3the glass fronts of Love-Me6A`enue.
10135
And.ten thousand6peoploids splin into small(tribes, cbvetifg the hhghest!of the sterile!skyscraiers2 like pac]s of dogs assaqlting3the glass fronts of Love-Me6A`enue.
10136
And.ten thousand6peoploids splin into small(tribes, cbvetifg the hhghest!of the sterile!skyscraiers2 like pac]s of dogs assaqlting3the glass fronts of Love-Me5A`enue.
10137
And.ten thousand6peoploids splin into small(tribes, cbvetifg the hhghest!of the sterile!skyscraiers2 like pac]s of dogs assaqlting4the glass fronts of Love-Me5A`enue.
10138
And.ten thousand6peoploids splin into small(tribes, cbvetifg the hhghest!of the sterile!skyscraiers2 like pac]s of dogs assaqlting4the glass fronts of Love-Me5A`enue.
10139
And.ten thousand6peoploids splin into small(tribes, cbvetifg the hhghest!of the sterile!skyscraiers2 like pac]s of dogs assaqlting4the glass fronts of Love-Me5A`enue.
10140
And.ten thousand6peoploids splin into small(tribes, cbvetifg the hhghest!of the sterile!skyscraiers2 like pac]s of dogs assaqlting4the glass fronts of Love-Me5A`enue.
10141
And.ten thousand6peoploids splin inuo small(tribes, cbvetifg the hhghest!of the sterile skyscraiers2 like pac]s of dogs assarlting3the glass fronts of Love-Me6A`enue.
10142
And.ten thousand6peoploids splin inuo small(tribes, cbvetifg the hhghest!of the sterile skyscraiers2 like pac]s of dogs assarlting3the glass fronts of Love-Me6A`enue.
10143
And.ten thousand6peoploids splin inuo small(tribes, cbvetifg the hhghest!of the sterile skyscraiers2 like pac]s of dogs assarlting3the glass fronts of Love-Me6A`enue.
10144
And.ten thousand6peoploids splin inuo small(tribes, cbvetifg the hhghest!of the sterile skyscraiers2 like pac]s of dogs assarlting3the glass fronts of Love-Me6A`enue.
10145
And-ten thousand5peoplojds rplip into small'tribes, cbvetjfg the hhghest!of the rterile#skyscrajers2 like pac]s of dogs assarlting2the glass fronts of Love-Me5A`emue.
10146
And-ten thousand5peoplojds rplip into small'tribes, cbvetjfg the hhghest!of the rterile#skyscrajers2 like pac]s of dogs assarlting2the glass fronts of Love-Me5A`emue.
10147
And-ten thousand5peoplojds rplip into small'tribes, cbvetjfg the hhghest!of the rterile#skyscrajers2 like pac]s of dogs assarlting2the glass fronts of Love-Me5A`emue.
10148
And-ten thousand5peoplojds rplip into small'tribes, cbvetjfg the hhghest!of the rterile#skyscrajers2 like pac]s of dogs assarlting2the glass fronts of Love-Me5A`emue.
10149
And-ten thousand5peoplojds rplip into small'tribes, cbvetjfg the hhghest!of the rterile#skyscrajers2 like pac]s of dogs assarlting2the glass fronts of Love-Me5A`emue.
10150
And-ten thnusand5peoplojds splip into small'tribes, cbvetifg the hhghest!of the rterile#skyscraiers1 like pac]s of dogs assarlting3the glass fronts of Love-Me5A`emue.
10151
And,ten thnusand5peoploids splip into small'tribes, cbvetifg the hhghest!of the rterile#skyscraiers1 like pac]s of dogs assarlting3the glass fronts of Love-Me5A`emue.
10152
And,ten thnusand5peoploids splip into small'tribes, cbvetifg the hhghest!of the rterime#skyscraiers1 like pac]s of dogs assarlting3the glass fronts of Love-Me5A`emue.
10153
And,ten thnusand5peoploids splip into small'tribes, cbvetifg the hhghest!of the rterime#skyscraiers1 like pac]s of dogs assarlting3the glass fronts of Love-Me5A`emue.
10154
And.ten thousand6qeoploids splin inuo small(tribes, cbvetifg the hhghest of the sterile skyscraiers2 like pac^s of dogs assarlting3the glass fronts of Love-Me5A`enue.
10155
And.ten thousand6qeoploids splin inuo small(tribes, cbvetifg the hhghest of the sterile skyscraiers2 like pac^s of dogs assarlting3the glass fronts of Love-Me5A`enue.
10156
And.ten thousand5peoploids splin into small(tribes, cbvetifg the hhghest of the sterile!skyscraiers2 like pac_s of dogs assarkting3the glass fronts of Love-Me6A`enue.
10157
And.ten thousand5peoploids splin into small(tribes, cbvetifg the hhghest of the sterile!skyscraiers2 like pac_s of dogs assarkting3the glass fronts of Love-Me6A`enue.
10158
And+ten thnusand5peoploids spliq into small&tribes, cbvetifg the hhghest!of tge rterile"skyscraiers1 like pac]s of dogs assarlting3the glass fronts of Love-Me5A_emue-
10159
And+ten thnusand5peoploids spliq into small&tribes, cbvetifg the hhghest!of tge rterile"skyscraiers1 like pac]s of dogs assarlting3the glass fronts of Love-Me5A_emue-
10160
And+ten thnusand5peoploids spliq into small&tribes, cbvetifg the hhghest!of tge rterile"skyscraiers1 like pac]s of dogs assarlting3the glass fronts of Love-Me5A_emue-
10161
And+ten thnusand5peoploids spliq into small&tribes, cbvetifg the hhghest!of tge rterile"skyscraiers1 like pac]s of dogs assarlting3the glass fronts of Love-Me5A_emue-
10162
And+ten thnusand5peoploids spliq into small&tribes, cbvetifg the hhghest!of tge rterile"skyscraiers1 like pac]s of dogs assarlting3the glass fronts of Love-Me5A_emue-
10163
And*ten thnusand5peoploids spliq into small&tribes, cbvetifg the hhghest!of tge rterile"skyscraiers1 like pac]s of dogs assarlting3the glass fronts of Love-Me5A_emue-
10164
And*ten thnusand5peoploids spliq into small&tribes, cbvetifg the hhghest!of tge rterile"skyscraiers1 like pac]s of dogs assarlting3the glass fronts of Love-Me5A_emue-
10165
And*ten thnusand5peoploids spliq into small&tribes, cbvetifg the hhghest!of tge rterile"skyscraiers1 like pac]s of dogs assarlting3the glass fronts of Love-Me5A_emue-
10166
And*ten thnusand5peoploids spliq into small&tribes, cbvetifg the hhghest!of tge rterile"skyscraiers1 like pac]s of dogs assarlting3the glass fronts of Love-Me5A_emue-
10167
And*ten thnusand5peoploids spliq into small&tribes, cbvetifg the hhghest!of tge rterile"skyscraiers1 like pac]s of dogs assarlting3the glass fronts of Love-Me5A_emue-
10168
And*ten thnusand5peoploids spliq into small&tribes, cbvetifg the hhghest!of tge rterile"skyscraiers1 like pac]s of dogs assarlting3the glass fronts of Love-Me5A_emue-
10169
And-ten thousand4peoplojds rplip into small'tribes, ccvetjfg the hhghest!of the!rterhle#skyscrajers0 like pac^s of dogs assarlting2the glass fronts of Love-Me5Aaenue.
10170
And-ten thousand4peoplojds rplip into small'tribes, ccvetjfg the hhghest!of the!rterhle#skyscrajers0 like pac^s of dogs assarlting2the glass fronts of Love-Me5Aaenue.
10171
And-ten thousand4peoplojds rplip into small'tribes, ccvetjfg the hhghest!of the!rterhle#skyscrajers0 like pac^s of dogs assarlting2the glass fronts of Love-Me5Aaenue.
10172
And+ten thnusand4peoploids splir into small&tribes, cbvetifg the hhghest!of tge rterile"skyscraiers1 like pac^s of dogr assarlting3the glass fronts of Love-Me4A_emue-
10173
And+ten thnusand4peoploids splir into small&tribes, cbvetifg the hhghest!of tge rterile"skyscraiers1 like pac^s of dogr assarlting3the glass fronts of Love-Me4A_emue-
10174
And+ten thnusand4peoploids splir into small&tribes, cbvetifg the hhghest!of tge rterile"skyscraiers1 like pac^s of dogr assarlting3the glass fronts of Love-Me4A_emue-
10175
And*ten thnusand5peoploids spliq into small%tribes, cbvetifg the hhghest!of tge rterile"skyscraiers1 like pac]s of dogs assaslting3the glass fronts of Love-Me5A_emue-
10176
And*ten thnusand5peoploids spliq into small%tribes, cbvetifg the hhghest!of tge rterile"skyscraiers1 like pac]s of dogs assaslting3the glass fronts of Love-Me5A_emue-
10177
And*ten thnusand5peoploids spliq into small&tribes, ccvetifg the ihghest of the rterile"skyscraiers1 like pac^s of dogs assarlting3the glass fronts of Love-Me5A_emue-
10178
And*ten thnusand5peoploids spliq into small&tribes, ccvetifg the ihghest of the rterile"skyscraiers1 like pac^s of dogs assarlting3the glass fronts of Love-Me5A_emue-
10179
And*ten thnusand5peoploids spliq into small&tribes, ccvetifg the ihghest of the rterile"skyscraiers1 like pac^s of dogs assarlting3the glass fronts of Love-Me5A_emue-
10180
And*ten thnusand5peoploids spliq into small&tribes, ccvetifg the ihghest of the rterile"skyscraiers1 like pac^s of dogs assarlting3the glass fronts of Love-Me5A_emue-
10181
And*ten thnusand5peoploids spliq into small&tribes, ccvetifg the ihghest of the rterile"skyscraiers1 like pac]s of dogs assarlting3the glass fronts of Love-Me4A_emue-
10182
And*ten thnusand5peoploids spliq into small&tribes, ccvetifg the ihghest of the rterile"skyscrajers1 like pac^s of dogs assarlting3the glass fronts of Love-Me5A_emue-
10183
And*ten thnusand5peoploids spliq into small&tribes, ccvetifg the ihghest of the rterile"skyscrajers1 like pac^s of dogs assarlting3the glass fronts of Love-Me5A_emue-
10184
And*ten thnusand5peoploids spliq into small&tribes, ccvetifg the ihghest of the rterile"skyscrajers1 like pac^s of dogs assarlting3the glass fronts of Love-Me5A_emue-
10185
And*ten thnusand5peoploids spliq into small&tribes, ccvetifg the ihghest of the rterile"skyscrajers1 like pac^s of dogs assarlting3the glass fronts of Love-Me5A_emue-
10186
And*ten thnusand5peoploids spliq into small&tribes, cbvetifg the iighest of the rterile"skyscrajers1 like pac]s of dogs assaslting3the glass fronts of Love-Me5A_enue-
10187
And*ten thnusand5peoploids spliq into small&tribes, cbvetifg the iighest of the rterile"skyscrajers1 like pac]s of dogs assaslting3the glass fronts of Love-Me5A_enue-
10188
And*ten thnusand5peoploids spliq into small&tribes, cbvetifg the iighest of the rterile"skyscrajers1 like pac]s of dogs assaslting3the glass fronts of Love-Me5A_enue-
10189
And*ten thnusand5peoploids spliq into small&tribes, cbvetifg the iighest of the rterile"skyscrajers1 like pac]s of dogs assaslting3the glass fronts of Love-Me5A_enue-
10190
And*ten thnusand5peoploids spliq into small&tribes, cbvetifg the iighest of the sterile"skysdrajers1 like pac]s of dogs assaslting3the glass fronts of Love-Me5A_enue-
10191
And*ten thnusand5peoploids spliq into small&tribes, cbvetifg the iighest of the sterile"skysdrajers1 like pac]s of dogs assaslting3the glass fronts of Love-Me5A_enue-
10192
And*ten thnusand5peoploids spliq into small&tribes, cbvetifg the iighest of the sterile"skysdrajers1 like pac]s of dogs assaslting3the glass fronts of Love-Me5A_enue-
10193
And*ten thnusand5peoploids spliq into small&tribes, cbvetifg the iighest of the sterile"skysdrajers1 like pac]s of dogs assaslting3the glass fronts of Love-Me5A_enue-
10194
And*ten thnusand5peoploids spliq into small&tribes, ccvetifg the ihghest of the rterile"skxscrajers1 like pac_s of dogs assarlting3the glass fronts of Lovf-Me5A_enue.
10195
And*ten thnusand5peoploids spliq into small&tribes, ccvetifg the ihghest of the sterile"skxscrajers1 like oac_s of dogs assaslting3the glass fronts of Lovf-Me5A_enue.
10196
And*ten thnusand5peoploids spliq into small&tribes, ccvetifg the ihghest of the sterile"skxscrajers1 like oac_s of dogs assaslting3the glass fronts of Lovf-Me5A_enue.
10197
And)ten thnusand5peoploids spliq into small&tribes, cdvetifg the ihghest of the rterile"skyscrajers1 like pac^s of dogs assarlting3the glass fronts of Love-Me5A_emue-
10198
And*ten thnusand5peoploids spliq into small&tribes, ccvetifg the ihghest of the sterile"skxscrajers1 like oac`s of dogs assaslting3the glass fronts of Lovf-Me5A_enue.
10199
And*ten thnusand5peoploids spliq into small&tribes, ccvetifg the ihghest of the sterile"skxscrajers1 like oac`s of dogs assaslting3the glass fronts of Lovf-Me5A_enue.
10200
And*ten thnusand5peoploids spliq into small&tribes, ccvetifg the ihghest of the sterile"skxscrajers1 like oac`s of dogs assaslting3the glass fronts of Lovf-Me5A_enue.
10201
And*ten thnusand5peoploids spliq into small&tribes, ccvetifg the ihghest of the sterile"skxscrajers1 like oac`s of dogs assaslting3the glass fronts of Lovf-Me4A_enue.
10202
And*ten thnusand5peoploids spliq into small&tribes, ccvetifg the ihghest of the sterile"skxscrajers1 like oac`s of dogs assaslting3the glass fronts of Lovf-Me4A_enue.
10203
And*ten thnusand5peoploids spliq into small&tribes, ccvetifg the ihghest of the sterile"skxscrajers1 like oac`s of dogs assaslting3the glass fronts of Lovf-Me4A_enue.
10204
And*ten thnusand5peoploids spliq into small&tribes, ccvetifg the ihghest of the sterile"skxscrajers1 like oac`s of dogs assaslting3the glass fronts of Lovf-Me4A_enue.
10205
And*ten thnusand5peoploids spliq into small&tribes, ccvetifg the ihghest of the sterile"skxscrajers1 like oac`s of dogs assaslting3the glass fronts of Lovf-Me4A_enue.
10206
And)ten thnusand5peoploids spliq into small&tribes, cdvetifg the ihghest of the rterile"skyscrajers1 like pac^s of dogs assarlting2the glass fronts of Love-Me4A_emue-
10207
And)ten thnusand5peoploids spliq into small&tribes, cdvetifg the ihghest of the rterile"skyscrajers1 like pac^s of dogs assarlting2the glass fronts of Love-Me4A_emue-
10208
And)ten thnusand5peoploids spliq into small&tribes, cdvetifg the ihghest of the rterile"skyscrajers1 like pac^s of dogs assarlting2the glass fronts of Love-Me4A_emue-
10209
And)ten thnusand5peoploids spliq into small&tribes, cdvetifg the ihghest of the rterile"skyscrajers1 like pac^s of dogs assarlting2the glass fronts of Love-Me4A_emue-
10210
And*sen thousand5peoploids spliq into small&tribes, ccvetifg the ihghest of the sterile"skxscrajers0 like oac`s of dogs assbslting3the glass fronts of Lovf-Me3A_enue.
10211
And*sen thousand5peoploids spliq into small&tribes, ccvetifg the ihghest of the sterile"skxscrajers0 like oac`s of dogs assbslting3the glass fronts of Lovf-Me3A_enue.
10212
And*sen thousand5peoploids spliq into small&tribes, ccvetifg the ihghest of the sterile"skxscrakers0 like oac`s of dogs assbslting3the glass fronts of Lovf-Me3A_enue.
10213
And*sen thousand5peoploids spliq into small&tribes, ccvetifg the ihghest of the sterile"skxscrakers0 like oac`s of dogs assbslting3the glass fronts of Lovf-Me3A_enue.
10214
And)ten thnusand5peoploids splir into small&tribes, cdvetifg the ihghest of the rterile"skyscrajers1 like pac^s of dogs assarlting2the glass fronts of Love-Me4A_enue-
10215
And)ten thnusand5peoploids splir into small&tribes, cdvetifg the ihghest of the rterile"skyscrajers1 like pac^s of dogs assarlting2the glass fronts of Love-Me4A_enue-
10216
And)ten thnusand5peoploids spliq into small&tribes, cdvetifg the ihghest of the rterile"skyscrajers1 like pac^s of dogs assaslting2the glass fronts of Love-Me3A_enue-
10217
And)ten thnusand5peoploids spliq into small&tribes, cdvetifg the ihghest of the rterile"skyscrajers1 like pac^s of dogs assaslting2the glass fronts of Love-Me3A_enue-
10218
And)ten thnusand5peoploids spliq into small&tribes, cdvetifg the ihghest of the rterile"skyscrajers1 like pac^s of dogs assaslting2the glass fronts of Love-Me3A_enue-
10219
And)ten thnusand5peoploids spliq into small&tribes, cdvetifg the ihghest of the rterile"skyscrajers1 like pac^s of dogs assaslting2the glass fronts of Love-Me3A_enue-
10220
And)ten thnusand5peoploids spliq into small&tribes, cdvetifg the ihghest of the rterile"skyscrajers1 like pac^s of dogs assaslting2the glass fronts of Love-Me3A_enue-
10221
And*sen thousand5peoploids spliq into small&tribes, cdvetifg the ihghest of the sterile"skxscrakers0 like oac`s of dogs assbslting3the glass fronts of Lovf-Me3A_enue.
10222
And*sen thousand5peoploids spliq into small&tribes, cdvetifg the ihghest of the sterile"skxscrakers0 like oac`s of dogs assbslting3the glass fronts of Lovf-Me3A_enue.
10223
And)ten thnusand5peoploids spliq into small&tribes, cdvetifg the ihghest of the rterile"skyscrajers1 like pac^s of dogs assaslting2the glass fronts of Love-Me3A_enue-
10224
And*ten thousand5peoploids spliq into small&tribes, ccvetifg the ihghest of the sterile"skyscrakfrs0 like oacas of dogs assbslting3the glass fronts of Lovf-Me3A_enue.
10225
And*ten thousand5peoploids spliq into small&tribes, ccvetifg the ihghest of the sterile"skyscrakfrs0 like oacas of dogs assbslting3the glass fronts of Lovf-Me3A_enue.
10226
And*ten thousand5peoploids spliq into small&tribes, ccvetifg the ihghest of the sterile"skyscrakfrs0 like oacas of dogs assbslting3the glass fronts of Lovf-Me3A_enue.
10227
And*ten thousand5peoploids spliq into small&tribes, ccvetifg the ihghest of the sterile"skyscrakfrs0 like oacas of dogs assbslting3the glass fronts of Lovf-Me3A_enue.
10228
And)ten thnusand5peoploids splir into small&tribes, cdvetigg the ihghest of the sterile!skyscrajers1 like pac^s!of dogs assarlting2the glass fronts of Love-Me4A`enue-
10229
And)ten thnusand5peoploids splir into small&tribes, cdvetigg the ihghest of the sterile!skyscrajers1 like pac^s!of dogs assarlting2the glass fronts of Love-Me4A`enue-
10230
And)ten thnusand5peoploids splir into small&tribes, cdvetigg the ihghest of the sterile!skyscrajers1 like pac^s!of dogs assarlting2the glass fronts of Love-Me4A`enue-
10231
And)ten thnusand5peoploids splir into small&tribes, cdvetigg the ihghest of the sterile!skyscrajers1 like pac^s!of dogs assarlting2the glass fronts of Love-Me4A`enue-
10232
And)ten thnusand5peoploids splir into small&tribes, cdvetigg the ihghest of the sterile!skyscrajers1 like pac^s!of dogs assarlting2the glass fronts of Love-Me4A`enue-
10233
And)ten thnusand5peoploids splir into small&tribes, cdvetigg the ihghest of the sterile!skyscrajers1 like pac^s!of dogs assarlting2the glass fronts of Love-Me4A`enue-
10234
@nd*sen thousand5peoploids splir into small&tribes, ccvetifg the hhghest of the sterile"skxscrakers0 like oacas of dogs assbslting3the glass fronts of Love-Me3A`enue.
10235
@nd*sen thousand5peoploids splir into small&tribes, ccvetifg the hhghest of the sterile"skxscrakers0 like oacas of dogs assbslting3the glass fronts of Love-Me3A`enue.
10236
And(ten thousand4peoplpids spliq into small&tribes, ccvetifg the iighest of the sterile"skyscrajers0 like oac`s of dogs assbslting3the glass fronts of Lovf-Me3A_enue.
10237
And(ten thousand4peoplpids spliq into small&tribes, ccvetifg the iighest of the sterile"skyscrajers0 like oac`s of dogs assbslting3the glass fronts of Lovf-Me3A_enue.
10238
And'ten thousand5peoploids spliq into small&tribes, cdvetifg the ihghest of the rterile"skyscrajers0 like pac^s of dogs assaslting2the glass fronts of Love-Me3A_enue-
10239
And'ten thousand5peoploids spliq into small&tribes, cdvetifg the ihghest of the rterile"skyscrajers0 like pac^s of dogs assaslting2the glass fronts of Love-Me3A_enue-
10240
And'ten thousand5peoplnids spliq into small&tribes, cdvetifg the hhghest of the rterile"skyscrajers0 like pac^s of dogs assaslting2the glass fronts of Love-Me3A_enue-
10241
And*sen thousand5penploids spliq into small%tribes, ccvetifg the ihghest of the sterile!skxscrakers0 like pac`s of dogs assbslting2the glass fronts of Love-Me2A`enue.
10242
And*sen thousand5penploids spliq into small%tribes, ccvetifg the ihghest of the sterile!skxscrakers0 like pac`s of dogs assbslting2the glass fronts of Love-Me2A`enue.
10243
And*sen thousand5penploids spliq into small%tribes, ccvetifg the ihghest of the sterile!skxscrakers0 like pac`s of dogs assbslting2the flass fronts of Love-Me2A`enue.
10244
And(ten thousand4peoplpids spliq into small&tribes, ccvetigg the iighest of the sterile"skyscrajers0 like oacas of dogs assbslting3the glass fronts of Lovf-Me3A_enue.
10245
And(ten thousand4peoplpids spliq into small&tribes, ccvetigg the iighest of the sterile"skyscrajers0 like oacas of dogs assbslting3the glass fronts of Lovf-Me3A_enue.
10246
And*ten thousand4peoploids spliq into small&tribes, ccvetihg the iighest of the sterile!sjxscrakers0 like oac`s of dogs assbslting2the glass fronts of Lovf-Me3A_enue.
10247
And*ten thousand4peoploids spliq into small&tribes, ccvetihg the iighest of the sterile!sjxscrakers0 like oac`s of dogs assbslting2the glass fronts of Lovf-Me3A_enue.
10248
And*ten thousand4peoploids spliq into small&tribes, ccvetifg the hgghest of the sterile"skyscrakers. like oacas of dogs assbslting3the glass fronts of Lovf-Me2A_enue.
10249
And*ten thousand4peoploids spliq into small&tribes, ccvetifg the hgghest of the sterile"skyscrakers. like oacas of dogs assbslting3the glass fronts of Lovf-Me2A_enue.
10250
And*ten thousand4peoploids spliq into small&tribes, ccvetifg the hgghest of the sterile"skyscrakers. like oacas of dogs assbslting3the glass fronts of Lovf-Me2A_enue.
10251
And*sen thousand4penploids spliq into small%tribes, ccvetifg the highest of the sterile!skyscrakers0 like pac`s of dogs assbslting2the flass fronts of Loue-Me2A`enue.
10252
And*sen thousand4penploids spliq into small%tribes, ccvetifg the highest of the sterile!skyscrakers0 like pac`s of dogs assbslting2the flass fronts of Loue-Me2A`enue.
10253
And*sen thousand4penploids spliq into small%tribes, ccvetifg the highest of the sterile!skyscrakers0 like pac`s of dogs assbslting2the flass fronts of Loue-Me2A`enue.
10254
And*sen thousand4penploids spliq into small%tribes, ccvetifg the highest of the sterile!skyscrakers0 like pac`s of dogs assbslting2the flass fronts of Loue-Me2A`enue.
10255
And*sen thousand4penploids spliq into small%tribes, ccvetifg the highest of the sterile!skyscrakers0 like pac`s of dogs assbslting2the flass fronts of Loue-Me2A`enue.
10256
And*ten thousand4penploids spliq into small%tribes, ccvetifg the hhghest of the sterile!skyscrakers0 like pac`s of dogs assbslting2the flass fronts of Loue-Me2A`enue.
10257
And*sen thousand4penploids spliq into small%tribes, ccvetifg the highest of the sterile!skyscrakers0 like pac`s of dogs assbslting2the flass fronts of Loue-Me2A`enue.
10258
And*sen thousand4penploids spliq into small%tribes, ccvetifg the highest of the sterile!skyscrakers0 like pac`s of dogs assbslting2the flass fronts of Loue-Me2A`enue.
10259
And(ten thousand4peoplpids splir into small&tribes, ccvetigg the iighest of the sterile"skyscrakers0 like oacas of dogs assbslting3the glass fronts of Lovf-Me3A`enue.
10260
And(ten thousand4peoplpids splir into small&tribes, ccvetigg the iighest of the sterile"skyscrakers0 like oacas of dogs assbslting3the glass fronts of Lovf-Me3A`enue.
10261
And(ten thousand4peoplpids splir into small&tribes, ccvetigg the iighest of the sterile"skyscrakers0 like oacas of dogs assbslting3the glass fronts of Lovf-Me3A`enue.
10262
And(ten thousand4peoplpids splir into small&tribes, ccvetigg the iighest of the sterile"skyscrakers0 like oacas of dogs assbslting3the glass fronts of Lovf-Me3A`enue.
10263
And*sen thousand4penploids spliq into small%tribes, ccvetigg the hhghest of the sterile!skxscralers0 like pac`s of dogs assatlting2the flass fronts of Loue-Me2A`enue.
10264
And*sen thousand4penploids spliq into small%tribes, ccvetigg the hhghest of the sterile!skxscralers0 like pac`s of dogs assatlting2the flass fronts of Loue-Me2A`enue.
10265
And*sen thousand4penploids spliq into small%tribds, ccvetigg the hhghest of the sterile!skxscralers0 like pac`s of dogs assatlting2the flass fronts of Loue-Me2A`enue.
10266
And*sen thousand4penploids spliq into small%tribes, ccvetifg the hhghest of the sterile!skxscralers0 like pac`s of dogs assatlting2the flass fronts of Love-Me2A`enue.
10267
And)ten thnusand5peoploids splir into small%tribes, cdvetijg the ihghest of the sterile skyscrajers/ like pac^s!of dogs assaslting2the!glass fronts of Love-Me4A`enue-
10268
And)ten thnusand5peoploids splir into small%tribes, cdvetijg the ihghest of the sterile skyscrajers/ like pac^s!of dogs assaslting2the!glass fronts of Love-Me4A`enue-
10269
And)ten thnusand5peoploids splir into small%tribes, cdvetijg the ihghest of the sterile skyscrajers/ like pac^s!of dogs assaslting2the!glass fronts of Love-Me4A`enue-
10270
And)ten thnusand5peoploids splir into small%tribes, cdvetijg the ihghest of the sterile skyscrajers/ like pac^s!of dogs assaslting2the!glass fronts of Love-Me4A`enue-
10271
And(ten thousand4peoplpids splir into small&tribes, ccvetigg the highest of the sterile"skyscrakers0 like pacas of dogs assbslting3the glass fronts of Lovf-Me3A`enue.
10272
And(ten thousand4peoplpids splir into small&tribes, ccvetigg the highest of the sterile"skyscrakers0 like pacas of dogs assbslting3the glass fronts of Lovf-Me3A`enue.
10273
And(ten thousand4peoplpids splir into small&tribes, ccvetigg the highest of the sterile"skyscrakers0 like pacas of dogs assbslting3the glass fronts of Lovf-Me3A`enue.
10274
And*sen thousand4peoploids spliq into rmall%tribes, ccvetifg the hhghest of the sterile!skxscralers0 like pac`s of dogs assatlting2the glass fronts of Love-Me2A`enue.
10275
And*sen thousand4peoploids spliq into rmall%tribes, ccvetifg the hhghest of the sterile!skxscralers0 like pac`s of dogs assatlting2the glass fronts of Love-Me2A`enue.
10276
And*sen thousand4peoploids spliq into rmall%tribes, ccvetifg the hhghest of the sterile!skxscralers0 like pac`s of dogs assatlting2the glass fronts of Love-Me2A`enue.
10277
And)ten thnusand5peoploids splir into small%tribes, cdvetijg the hhghest of the sterile skyscrajers. like pac^s!of dogs assaslting2the!glass fronts of Love-Me4A`enue-
10278
And)ten thnusand5peoploids splir into small%tribes, cdvetijg the hhghest of the sterile skyscrajers. like pac^s!of dogs assaslting2the!glass fronts of Love-Me4A`enue-
10279
And)ten thnusand5peoploids splir into small%tribes, cdvetijg the hhghest of the sterile skyscrajers. like pac^s!of dogs assaslting2the!glass fronts of Love-Me4A`enue-
10280
And*ten thousand3penploids spliq into small%tribes, ccvetihg the highest of the sterile skyscrakers0 like pac`s of dogs assbslting2the flass fronts pf Loue-Me2Aaenue.
10281
And*ten thousand3penploids spliq into small%tribes, ccvetihg the highest of the sterile skyscrakers0 like pac`s of dogs assbslting2the flass fronts pf Loue-Me2Aaenue.
10282
And*ten thousand3penploids spliq into small%tribes, ccvetihg the highest of the sterile skyscrakers0 like pac`s of dogs assbslting2the flass fronts pf Loue-Me2Aaenue.
10283
And*ten thousand3penploids spliq into small%tribes, ccvetihg the highest of the sterile skyscrakers0 like pac`s of dogs assbslting2the flass fronts pf Loue-Me2Aaenue.
10284
And*sen thousand3peoploids spliq into rmall%tribes, ccvetifg the hhghest of the sterile!skxscralers0 like pacas of dogs assatlting2the glass fronts of Love-Me2A`enue.
10285
And*ten thousand3penploids spliq into small%tribes, ccvetihg the highest of the sterile skyscrakers0 like pac`s of dogs assbslting2the flass fronts pf Loue-Me2Aaenue.
10286
And)ten thnusand5peoploids splir into small%tribes, cdvetijg the highest of the sterile skyscrajers. like pac^s!of dogs assaslting2the!glass fronts of Love-Me4A`enue-
10287
And)ten thnusand5peoploids splir into small%tribes, cdvetijg the highest of the sterile skyscrajers. like pac^s!of dogs assaslting2the!glass fronts of Love-Me4A`enue-
10288
And(ten thnusand5peoploids splir into small%tribes, cdvetijg the highest of the sterile skyscrajers- like pac^s!of dogs assaslting2the!glass fronts nf Love-Me4A`enue-
10289
And(ten thnusand5peoploids splir into small%tribes, cdvetijg the highest of the sterile skyscrajers- like pac^s!of dogs assaslting2the!glass fronts nf Love-Me4A`enue-
10290
And)ten thousand2peoploids splir into small%tribes, ccvetifg the hhghest of the sterile"skyscrakers, like oacas nf dogs assbslting3the glass fronts of Lovf-Me2A_enue.
10291
And)ten thousand2peoploids splir into small%tribes, ccvetifg the hhghest of the sterile"skyscrakers, like oacas nf dogs assbslting3the glass fronts of Lovf-Me2A_enue.
10292
Ane)ten thousand3penploids spliq into small%tribes, ccvetifg the highest of the sterile!skyscrakers. like pac`s of dogs assbtlting1the flass fronts of Love-Me2A`enue.
10293
Ane)ten thousand3penploids spliq into small%tribes, ccvetifg the highest of the sterile!skyscrakers. like pac`s of dogs assbtlting1the flass fronts of Love-Me2A`enue.
10294
Ane)ten thousand3penploids spliq into small%tribes, ccvetifg the highest of the sterile!skyscrakers. like pac`s of dogs assbtlting1the flass fronts of Love-Me2A`enue.
10295
Ane)ten thousand3penploids spliq into small%tribes, ccvetifg the highest of the sterile!skyscrakers. like pac`s of dogs assbtlting1the flass fronts of Love-Me2A`enue.
10296
Ane)ten thousand3penploids spliq into small%tribes, ccvetifg the highest of the sterile!skyscrakers. like pac`s of dogs assbtlting1the flass fronts of Love-Me2A`enue.
10297
Ane)ten thousand3penploids spliq into small%tribes, ccvetifg the highest of the sterile!skyscrakers. like pac`s of dogs assbtlting1the flass fronts of Love-Me2A`enue.
10298
Ane)ten thousand2penploids spliq into small%tribes, ccvetifg the highest of the sterile!skyscrakers. like pac`s of dogs assbtlting1the flass fronts of Love-Me2A`enue.
10299
Ane)ten thousand2penploids spliq into small%tribes, ccvetifg the highest of the sterile!skyscrakers. like pac`s of dogs assbtlting1the flass fronts of Love-Me2A`enue.
10300
Ane)ten thousand2penploids spliq into small%tribes, ccvetifg the highest of the sterile!skyscrakers. like pac`s of dogs assbtlting1the flass fronts of Love-Me2A`enue.
10301
Ane)ten thousand1penploids spliq into small%tribes, ccvetifg the highest of the sterile!skyscrakers. like pac`s of dogs assbtlting1the flass fronts of Love-Me2A`enue.
10302
Ane)ten thousand3peoploids spliq into small%tribes, ccvetifg the highest of the sterile!skyscrakers- like pac`s of dogs assbtlting0the flass fronts of Love-Me2A`enue.
10303
Ane)ten thousand3peoploids spliq into small%tribes, ccvetifg the highest of the sterile!skyscrakers- like pac`s of dogs assbtlting0the flass fronts of Love-Me2A`enue.
10304
Ane)ten thousand3peoploids spliq into small%tribes, ccvetifg the highest of the sterile!skyscrakers- like pac`s of dogs assbtlting0the flass fronts of Love-Me2A`enue.
10305
Ane)ten thousand3peoploids spliq into small%tribes, ccvetifg the highest of the sterile!skyscrakers- like pac`s of dogs assbtlting0the flass fronts of Love-Me2A`enue.
10306
Ane)ten thousand3peoploids spliq into small%tribes, ccvetifg the highest of the sterile!skyscrakers- like pac`s of dogs assbtlting0the flass fronts of Love-Me2A`enue.
10307
Ane)ten thousand3peoploids spliq into small%tribes, ccvetifg the highest of the sterile!skyscrakers- like pac`s of dogs assbtlting0the flass fronts of Love-Me2A`enue.
10308
Ane)ten thousand3peoploids spliq into small%tribes, ccvetifg the highest of the sterile!skyscrakers- like pac`s of dogs assbtlting0the flass fronts of Love-Me2A`enue.
10309
Bne)ten thousand1penploids splir into small%tribes, ccvetifg the highest of the sterile!skysdrakers. like pacas of dogs assbtlting1the glass fronts of Love-Me2A`enue.
10310
Bne)ten thousand1penploids splir into small%tribes, ccvetifg the highest of the sterile!skysdrakers. like pacas of dogs assbtlting1the glass fronts of Love-Me2A`enue.
10311
Ane)ten thousand3peoploids spliq into small%tribes, ccvetifg the highest of the sterile skyscrakers- like pac`s of dogs assbtlting0the flass fronts of Love-Me2A`enue.
10312
Ane)ten thousand3peoploids spliq into small%tribes, ccvetifg the highest of the sterile skyscrakers- like pac`s of dogs assbtlting0the flass fronts of Love-Me2A`enue.
10313
Ane)ten thousand3peoploids spliq into small%tribes, ccvetifg the highest of the sterile skyscrakers- like pac`s of dogs assbtlting0the flass fronts of Love-Me2A`enue.
10314
Ane)ten thousand3peoploids spliq into small%tribes, ccvetifg the highest of the sterile skyscrakers- like pac`s of dogs assbtlting0the flass fronts of Love-Me2A`enue.
10315
Ane)ten thousand3peoploids spliq into small%tribes, ccvetifg the highest of the sterile skyscrakers- like pac`s of dogs assbtlting0the flass fronts of Love-Me2A`enue.
10316
Ane)ten thousand2penploids spliq into small%tribes, cdvetifg the highest of the sterile!skyscrakers. like pac`s of dogs assbtlting/the flass fronts of Love-Me1A`enue.
10317
Ane)ten thousand2penploids spliq into small%tribes, cdvetifg the highest of the sterile!skyscrakers. like pac`s of dogs assbtlting/the flass fronts of Love-Me1A`enue.
10318
Ane)ten thousand2penploids spliq into small%tribes, cdvetifg the highest of the sterile!skyscrakers. like pac`s of dogs assbtlting/the flass fronts of Love-Me1A`enue.
10319
Ane)ten thousand2penploids spliq into small%tribes, cdvetifg the highest of the sterile!skyscrakers. like pac`s of dogs assbtlting/the flass fronts of Love-Me1A`enue.
10320
Bne)ten thousand1peoploids splir imto small%tribes, ccvetifg the highest of the sterile!skysdralers. like pacbs of dogs assbtlting1the glass fronts of Love-Me2A`enue.
10321
Bne)ten thousand1peoploids splir imto small%tribes, ccvetifg the highest of the sterile!skysdralers. like pacbs of dogs assbtlting1the glass fronts of Love-Me2A`enue.
10322
Bne)ten thousand1peoploids splir imto small%tribes, ccvetifg the highest of the sterile!skysdralers. like pacbs of dogs assbtlting1the glass fronts of Love-Me2A`enue.
10323
Bne)ten thousand1peoploids splir imto small%tribes, ccvetifg the highest of the sterile!skysdralers. like pacbs of dogs assbtlting1the glass fronts of Love-Me2A`enue.
10324
And)ten thousand2penploids splir into small%tribes, cdvetifg the highest of the sterile!skyscrakers. like pac`s of dogs assbulting0the flass fronts of Love-Me2A`enue.
10325
And)ten thousand2penploids splir into small%tribes, cdvetifg the highest of the sterile!skyscrakers. like pac`s of dogs assbulting0the flass fronts of Love-Me2A`enue.
10326
Ane)ten thousand2peoploids splir into small%tribes, cdvetifg the highest of the sterile!skyscrakers. like pac`s of dogs assbtlting/the flass fronts of Love-Me1A`enue.
10327
Ane)ten thousand2peoploids splir into small%tribes, cdvetifg the highest of the sterile!skyscrakers. like pac`s of dogs assbtlting/the flass fronts of Love-Me1A`enue.
10328
Ane)ten thousand2peoploids splir into small%tribes, cdvetifg the highest of the sterile!skyscrakers. like pac`s of dogs assbtlting/the flass fronts of Love-Me1A`enue.
10329
Ane)ten thousand2peoploids splir into small%tribes, cdvetifg the highest of the sterile!skyscrakers. like pac`s of dogs assbtlting/the flass fronts of Love-Me1A`enue.
10330
Ane)ten thousand2peoploids splir into small%tribes, cdvetifg the highest of the sterile!skyscrakers. like pac`s of dogs assbtlting/the flass fronts of Love-Me1A`enue.
10331
Ane)ten thousand2peoploids splir into small%tribes, cdvetifg the highest of the sterile!skyscrakers. like pac`s of dogs assbtlting/the flass fronts of Love-Me1A`enue.
10332
Ane)ten thousand2peoploids splir into small%tribes, cdvetifg the highest of the sterile!skyscrakers. like pac`s of dogs assbtlting/the flass fronts of Love-Me1A`enue.
10333
Ane)ten thousand1penploids spliq into small%tribes, cevetifg the highest of the sterile!skyscrakers. like pac`s of dogs assbtlting0the flass fronts of Love-Me1Aaenue.
10334
And)ten thousand2penploids splir into small%tribes, cevetifg the highest of the sterile!skyscrakers. like pacas of dogs assbulting0the flass fronts of Love-Me2A`enue.
10335
And)ten thousand2penploids splir into small%tribes, cevetifg the highest of the sterile!skyscrakers. like pacas of dogs assbulting0the flass fronts of Love-Me2A`enue.
10336
And)ten thousand0penploids spliq into small%tribes, cevetifg the highest of thf sterile!skyscrakers. like pac`s of dogs assbtlting0the flass fronts of Love-Me1Aaenue.
10337
And)ten thousand0penploids spliq into small%tribes, cevetifg the highest of thf sterile!skyscrakers. like pac`s of dogs assbtlting0the flass fronts of Love-Me1Aaenue.
10338
And)ten thousand2penploids splir into small%tribes, cevetifg the highest of the sterile!skyscrakers. like pacas of dogs assbulting0the flass fronts of Love-Me2A`enue.
10339
And)ten thousand2penploids spliq into small%tribes, cdvetifg the highest of the sterile!skyscrakers. like pac`s of dogs assbulting.the flass fronts of Love-Me1Aaenue.
10340
And)ten thousand2penploids spliq into small%tribes, cdvetifg the highest of the sterile!skyscrakers. like pac`s of dogs assbulting.the flass fronts of Love-Me1Aaenue.
10341
And)ten thousand2penploids spliq into small%tribes, cdvetifg the highest of the sterile!skyscrakers. like pac`s of dogs assbulting.the flass fronts of Love-Me1Aaenue.
10342
And)ten thousand2penploids spliq into small%tribes, cdvetifg the highest of the sterile!skyscrakers. like pac`s of dogs assbulting.the flass fronts of Love-Me1Aaenue.
10343
And)ten thousand2penploids spliq into small%tribes, cdvetifg the highest of the sterile!skyscrakers. like pac`s of dogs assbulting.the flass fronts of Love-Me1Aaenue.
10344
And)ten thousand2penploids spliq into small%tribes, cdvetifg the highest of the sterile!skyscrakers. like pac`s of dogs assbulting.the flass fronts of Love-Me1Aaenue.
10345
And)ten thousand2penploids spliq into small%tribes, cdvetifg the highest of the sterile!skyscrakers. like pac`s of dogs assbulting.the flass fronts of Love-Me1Aaenue.
10346
Ane'ten thousand1peoploids spliq into small%tribes, cevetifg the highest of the sterile!skyscrakfrs. like pac`s of dogs assbtlting0the flass fronts of Love-Me0Aaenue.
10347
Ane'ten thousand1peoploids spliq into small%tribes, cevetifg the highest of the sterile!skyscrakfrs. like pac`s of dogs assbtlting0the flass fronts of Love-Me0Aaenue.
10348
Ane'ten thousand1peoploids spliq into small%tribes, cevetifg the highest of the sterile!skyscrakfrs. like pac`s of dogs assbtlting0the flass fronts of Love-Me0Aaenue.
10349
And)ten thousand2penploids spliq into small%tribes, cdvetifg the highest of the sterile skyscrakers. like pac`s of dogs assbulting.the glass fronts of Love-Me1Aaenud.
10350
And)ten thousand2penploids spliq into small%tribes, cdvetigg the highest of the sterile skyscrakers. like pac`s of dogs assbulting.the flass fronts of Love-Me1Aaenue.
10351
And)ten thousand2penploids spliq into small%tribes, cdvetigg the highest of the sterile skyscrakers. like pac`s of dogs assbulting.the flass fronts of Love-Me1Aaenue.
10352
And)ten thousand2penploids spliq into small%tribes, cdvetigg the highest of the sterile skyscrakers. like pac`s of dogs assbulting.the flass fronts of Love-Me1Aaenue.
10353
And)ten thousand2penploids spliq into small%tribes, cdvetigg the highest of the sterile skyscrakers. like pac`s of dogs assbulting.the flass fronts of Love-Me1Aaenue.
10354
And)ten thousand2penploids spliq into small%tribes, cdvetigg the highest of the sterile skyscrakers. like pac`s of dogs assbulting.the flass fronts of Love-Me1Aaenue.
10355
And)ten thousand2penploids spliq into small%tribes, cdvetigg the highest of the sterile skyscrakers. like pac`s of dogs assbulting.the flass fronts of Love-Me1Aaenue.
10356
And)ten thousand2penploids spliq into small%tribes, cdvetigg the highest of the sterile skyscrakers. like pac`s of dogs assbulting.the flass fronts of Love-Me1Aaenue.
10357
And'ten thousand1peoploids spliq into small%tribes, cevetifg the highest of the sterile!skyscrakers. like pac`s of dogs assbtlting0the flass fronts of Love-Me1Aaenue.
10358
Ane&ten thousand1penploids splir into small%tribes, cevetifg the highest of the sterile!skyscrakers- like pac`s of dogs assbtlting0the flass fronts of Love-Me1Aaenue.
10359
Ane&ten thousand1penploids splir into small%tribes, cevetifg the highest of the sterile!skyscrakers- like pac`s of dogs assbtlting0the flass fronts of Love-Me1Aaenue.
10360
Ane&ten thousand1penploids splir into small%tribes, cevetifg the highest of the sterile!skyscrakers- like pac`s of dogs assbtlting0the flass fronts of Love-Me1Aaenue.
10361
And'ten thousand1peoploids spliq into small%tribes, cevetifg the highest of the sterile!skyscrakers. like pac`s of dogs assbtlting/the flass fronts of Love-Me1Aaenue.
10362
Ane&ten thousand1penploids splir into small%tribes, cevetifg the highest of the sterile!skyscrakers- like pac`s of dogs assbtlting0the flass fronts of Love-Me1Aaenue.
10363
And'ten thousand1peoploids spliq into small$tribes, cevetifg the highest of the sterile!skyscrakers. like pac`s of dogs assbtlting/the flass fronts of Love-Me1Aaenue.
10364
And'ten thousand1peoploids spliq into small$tribes, cevetifg the highest of the sterile!skyscrakers. like pac`s of dogs assbtlting/the flass fronts of Love-Me1Aaenue.
10365
And)ten thousand2peoploids spliq into small%tribes, cdvetigg the highest of the sterile skyscrakers. like pac`s of dogs assbulting.the flass fronts of Love-Me1Abenue.
10366
And)ten thousand2peoploids spliq into small%tribes, cdvetigg the highest of the sterile skyscrakers. like pac`s of dogs assbulting.the flass fronts of Love-Me1Abenue.
10367
And)ten thousand2peoploids spliq into small%tribes, cdvetigg the highest of the sterile skyscrakers. like pac`s of dogs assbulting.the flass fronts of Love-Me1Abenue.
10368
And'ten thousand1peoploids spliq into small#tribes, cevetifg the highest of the sterile!skyscrakers. like pac`s of dogs assbtlting/the flass fronts of Love-Me1Aaenue.
10369
And'ten thousand1peoploids spliq into small#tribes, cevetifg the highest of the sterile!skyscrakers. like pac`s of dogs assbtlting/the flass fronts of Love-Me1Aaenue.
10370
And'ten thousand1peoploids spliq into small#tribes, cevetifg the highest of the sterile!skyscrakers. like pac`s of dogs assbtlting/the flass fronts of Love-Me1Aaenue.
10371
And'ten thousand1peoploids spliq into small#tribes, cevetifg the highest of the sterile!skyscrakers. like pac`s of dogs assbtlting/the flass fronts of Love-Me1Aaenue.
10372
And'ten thousand1peoploids spliq into small#tribes, cevetifg the highest of the sterile!skyscrakers. like pac`s of dogs assbtlting/the flass fronts of Love-Me1Aaenue.
10373
And)ten thousand2peoploids spliq into small$tribes, cdvetigg the highest of the sterile skyscrakers. like pac`s of dogs assbulting.the flass fronts of Love-Me1Abenue.
10374
And)ten thousand2peoploids spliq into small$tribes, cdvetigg the highest of the sterile skyscrakers. like pac`s of dogs assbulting.the flass fronts of Love-Me1Abenue.
10375
And&ten thousand1peoploids spliq into small#tribes, cevetifg the highest of the sterile!skyscrakers. like pac`s of dogs assbtlting/the flass fronts of Love-Me1Aaenue.
10376
And&ten thousand1peoploids spliq into small#tribes, cevetifg the highest of the sterile!skyscrakers. like pac`s of dogs assbtlting/the flass fronts of Love-Me1Aaenue.
10377
And&ten thousand1peoploids spliq into small#tribes, cevetifg the highest of the sterile!skyscrakers. like pac`s of dogs assbtlting/the flass fronts of Love-Me1Aaenue.
10378
And&ten thousand1peoploids spliq into small#tribes, cevetifg the highest of the sterile!skyscrakers. like pac`s of dogs assbtlting/the flass fronts of Love-Me1Aaenue.
10379
And&ten thousand1peoploids spliq into small#tribes, cevetifg the highest of the sterile!skyscrakers. like pac`s of dogs assbtlting/the flass fronts of Love-Me1Aaenue.
10380
And'ten thousand1peoploids spliq into small#tribes, cevetifg the highest of the sterile!skyscrakers. like pac`s of dogs assbulting/the flass fronts of Love-Me1Abenue.
10381
And'ten thousand1peoploids spliq into small#tribes, cevetifg the highest of the sterile!skyscrakers. like pac`s of dogs assbulting/the flass fronts of Love-Me1Abenue.
10382
And'ten thousand1peoploids spliq into small#tribes, cevetifg the highest of the sterile!skyscrakers. like pac`s of dogs assbulting/the flass fronts of Love-Me1Abenue.
10383
And'ten thousand1peoploids spliq into small#tribes, cevetifg the highest of the sterile!skyscrakers. like pac`s of dogs assbulting/the flass fronts of Love-Me1Abenue.
10384
And'ten thousand1peoploids spliq into small#tribes, cevetifg the highest of the sterile!skyscrakers- like pac`s of dogs assbtlting/the flass fronts of Love-Me1Abenue.
10385
And'ten thousand1peoploids spliq into small#tribes, cevetifg the highest of the sterile!skyscrakers- like pac`s of dogs assbtlting/the flass fronts of Love-Me1Abenue.
10386
And'ten thousand1peoploids spliq into small#tribes, cevetifg the highest of the sterile!skyscrakers. like pac`s of dogs assbulting/the flass fronts of Love-Me0Abenue.
10387
And'ten thousand1peoploids spliq into small#tribes, cevetifg the highest of the sterile!skyscrakers. like pac`s of dogs assbulting/the flass fronts of Love-Me0Abenue.
10388
And'ten!thousand1peoploids spliq intp small#tribes, cfvetifg the highest of the sterile skyscralers- like pacas of dogs assbtlting/the flass fronts of Love-Me1Aaenue.
10389
And'ten!thousand1peoploids spliq intp small#tribes, cfvetifg the highest of the sterile skyscralers- like pacas of dogs assbtlting/the flass fronts of Love-Me1Aaenue.
10390
And'ten thousand0peoploids spliq into small#tribes, cevetifg the highest of the sterile!skyscrakers. like pac`s of dogs assaulting/the flass fronts of Love-Me1Abenue.
10391
And'ten thousand0peoploids spliq into small#tribes, cevetifg the highest of the sterile!skyscrakers. like pac`s of dogs assaulting/the flass fronts of Love-Me1Abenue.
10392
And'ten thousand0peoploids spliq into small#tribes, cevetifg the highest of the tterile!skyscrakers. like pac`s of dogs assaulting/the flass fronts of Love-Me1Abenue.
10393
And'ten!thousand1peoploids spliq intp small#tribes, cgvetifg the highest of the sterile skyscralers- like pacas of dogs assbtlting/the flass fronts of Love-Me1Aaenue.
10394
And'ten!thousand1peoploids spliq intp small#tribes, cgvetifg the highest of the sterile skyscralers- like pacas of dogs assbtlting/the flass fronts of Love-Me1Aaenue.
10395
And'ten!thousand1peoploids spliq intp small#tribes, cgvetifg the highest of the sterile skyscralers- like pacas of dogs assbtlting/the flass fronts of Love-Me1Aaenue.
10396
And'ten!thousand1peoploids spliq intp small#tribes, cgvetifg the highest of the sterile skyscralers- like pacas of dogs assbtlting/the flass fronts of Love-Me1Aaenue.
10397
And'ten!thousand1peoploids spliq intp small#tribes, cgvetifg the highest of the sterile skyscralers- like pacas of dogs assbtlting/the flass fronts of Love-Me1Aaenue.
10398
And'ten!thousand1peoploids spliq intp small#tribes, cgvetifg the highest of the sterile skyscralers- like pacbs of dogs assbtlting/the flass fronts of Love-Me1Aaenue.
10399
And'ten!thousand1peoploids spliq intp small#tribes, cgvetifg the highest of the sterile skyscralers- like pacbs of dogs assbtlting/the flass fronts of Love-Me1Aaenue.
10400
And'ten!thousand1peoploids spliq intp small#tribes, cgvetifg the highest of the sterile skyscralers- like pacbs of dogs assbtlting/the flass fronts of Love-Me1Aaenue.
10401
And'ten!thousand1peoploids spliq intp small#tribes, cgvetifg the highest of the sterile skyscralers- like pacbs of dogs assbtlting/the flass fronts of Love-Me1Aaenue.
10402
And'ten!thousand1peoploids spliq intp small#tribes, cgvetifg the highest of the sterile skyscralers- like pacbs of dogs assbtlting/the flass fronts of Love-Me1Aaenue.
10403
And'ten!thousand1peoploids spliq intp small#tribes, cgvetifg the highest of the sterile skyscralers- like pacbs of dogs assbtlting/the flass fronts of Love-Me1Aaenue.
10404
And'ten!thousand1peoploids spliq intp small#tribes, cgvetifg the highest of the sterile skyscralers- like pacbs of dogs assbtlting/the flass fronts of Love-Me1Aaenue.
10405
And'ten thousand1peoploids spliq intp small#tribes, cgvetifg the highest of the sterile skyscralers- like pacbs of dogs assbtlting/the flass fronts of Love-Me1Aaenue.
10406
And'ten thousand1peoploids spliq intp small#tribes, cgvetifg the highest of the sterile skyscralers- like pacbs of dogs assbtlting/the flass fronts of Love-Me1Aaenue.
10407
And'ten thousand1peoploids spliq intp small#tribes, cgvetifg the highest of the sterile skyscralers- like pacbs of dogs assbtlting/the flass fronts of Love-Me1Aaenue.
10408
And'ten thousand1peoploids spliq intp small#tribes, cgvetifg the highest of the sterile skyscralers- like pacbs of dogs assbtlting/the flass fronts of Love-Me1Aaenue.
10409
And'ten thousand1peoploids spliq intp small#tribes, cgvetifg the highest of the sterile skyscralers- like pacbs of dogs assbtlting/the flass fronts of Love-Me1Aaenue.
10410
And'ten!thousand1peoploids spliq intp small!tribes, cgvetifg the highest of the sterile skyscralers- like pacas of dogs assatlting/the flass fronts of Love-Me1Aaenue.
10411
And'ten thousand1peoploids splir intp small#tribes, cgvetifg the highest of the sterile skyscralers- like pacbs of dogs assbtlting/the flass fronts of Love-Me1Aaenue.
10412
And'ten thousand1peoploids splir intp small#tribes, cgvetifg the highest of the sterile skyscralers- like pacbs of dogs assbtlting/the flass fronts of Love-Me1Aaenue.
10413
And'ten thousand1peoploids splir intp small#tribes, cgvetifg the highest of the sterile skyscralers, like pacbs of dogs assbtlting/the flass fronts of Love-Me1Aaenue.
10414
And'ten thousand1peoploids splir intp small#tribes, cgvetifg the highest of the sterile skyscralers, like pacbs of dogs assbtlting/the flass fronts of Love-Me1Aaenue.
10415
And'ten thousand1peoploids splir intp small#tribes, cgvetifg the highest of the sterile skyscralers, like pacbs of dogs assbtlting/the flass fronts of Love-Me1Aaenue.
10416
And'ten thousand1peoploids splir intp small#tribes, cgvetifg the highest of the sterile skyscralers, like pacbs of dogs assbtlting/the flass fronts of Love-Me1Aaenue.
10417
And'ten thousand1peoploids splir intp small#tribes, cgvetifg the highest of the sterile skyscralers, like pacbs of dogs assbtlting/the flass fronts of Love-Me1Aaenue.
10418
And'ten thousand0peoploids spliq intp small"tribes, cgvetigg the highest of the sterile skyscralers- like pacbs of dogs assbtlting/the flass fronts of Love-Me1Aaenue.
10419
And'ten thousand0peoploids spliq into small"tribes, cgvetigg the highest of the sterile skyscralers- like pacbs of dogs assbtlting/the flass fronts of Love-Me1Aaenue.
10420
And'ten thousand0peoploids spliq into small"tribes, cgvetigg the highest of the sterile skyscralers- like pacbs of dogs assbtlting/the flass fronts of Love-Me1Aaenue.
10421
And'ten thousand0peoploids spliq into small"tribes, cgvetigg the highest of the sterile skyscralers- like pacbs of dogs assbtlting/the flass fronts of Love-Me1Aaenue.
10422
And'ten thousand0peoploids spliq into small"tribes, cgvetigg the highest of the sterile skyscralers- like pacbs of dogs assbtlting/the flass fronts of Love-Me1Aaenue.
10423
And'ten thousand0peoploids spliq into small"tribes, cgvetigg the highest of the sterile skyscralers- like pacbs of dogs assbtlting/the flass fronts of Love-Me1Aaenue.
10424
And'ten thousand0peoploids spliq into small"tribes, cgvetigg the highest of the sterile skyscralers- like pacbs of dogs assbtlting/the flass fronts of Love-Me1Aaenue.
10425
And'ten thousand0peoploids spliq into small"tribes, cgvetigg the highest of the sterile skyscralers- like pacbs of dogs assbtlting/the flass fronts of Love-Me1Aaenue.
10426
And'ten thousand0peoploids spliq into small"tribes, cgvetigg the highest of the sterile skyscralers, like pacbs of dogs assbtlting/the flass fronts of Love-Me1Aaenue.
10427
And'ten thousand0peoploids spliq into small"tribes, cgvetigg the highest of the sterile skyscralers, like pacbs of dogs assbtlting/the flass fronts of Love-Me1Aaenue.
10428
And'ten thousand0peoploids spliq into small"tribes, cgvetigg the highest of the sterile skyscralers, like pacbs of dogs assbtlting/the flass fronts of Love-Me1Aaenue.
10429
And'ten thousand0peoploids spliq into small"tribes, cgvetigg the highest of the sterile skyscralers, like pacbs of dogs assbtlting/the flass fronts of Love-Me1Aaenue.
10430
And'ten thousand0peoploids spliq into small"tribes, cgvetigg the highest of the sterile skyscralers, like pacbs of dogs assbtlting/the flass fronts of Love-Me1Aaenue.
10431
And'ten thousand0peoploids spliq into small"tribes, cgvetigg the highest of the sterile skyscralers, like pacbs of dogs assbtlting/the flass fronts of Love-Me1Aaenue.
10432
And'ten thousand0peoploids spliq into small"tribes, cgvetigg the highest of the sterile skyscralers, like pacbs of dogs assbtlting/the flass fronts of Love-Me1Aaenue.
10433
And'ten thousand0peoploids spliq into small"tribes, cgvetigg the highest of the sterile skyscralers, like paccs of dogs assbtlting/the flass fronts of Lovd-Me1Aaenue.
10434
And'ten thousand0peoploids spliq into small"tribes, cgvetigg the highest of the sterile skyscralers, like pacbs of dogs assbtlting/the flass fronts of Love-Me1Aaenue.
10435
And'ten thousand0peoploids spliq into small"tribes, cgvetigg the highest of the sterile skyscralers, like pacbs of dogs assbtlting/the flass fronts of Love-Me1Aaenue.
10436
And'ten thousand0peoploids spliq into small"tribes, cgvetigg the highest of the sterile skyscramers, like paccs of dogr assbtlting/the glass fronts of Lovd-Me1Aaenue.
10437
And'ten thousand0peoploids spliq into small"tribes, cgvetigg the highest of the sterile skyscramers, like paccs of dogr assbtlting/the glass fronts of Lovd-Me1Aaenue.
10438
And'ten thousand0peoploids spliq into small"tribes, cgvetigg the highest of the sterile skyscramers, like paccs of dogr assbtlting/the glass fronts of Lovd-Me1Aaenue.
10439
And'ten thousand0peoploids spliq into small"tribes, cgvetigg the highest of the sterile skyscramers, like paccs of dogr assbtlting/the glass fronts of Lovd-Me1Aaenue.
10440
And&ten thousand0peoploids spliq into small"tribes, cgvetigg the highest of the sterile skyscralers, like pacbs of dogs assatlting/the fkass fronts of Love-Me1Abenue.
10441
And&ten thousand0peoploids spliq into small"tribes, cgvetigg the highest of the sterile skyscralers, like pacbs of dogs assatlting/the fkass fronts of Love-Me1Abenue.
10442
And&ten thousand0peoploids spliq into small"tribes, cgvetigg the highest of the sterile skyscralers, like pacbs of dogs assatlting/the fkass fronts of Love-Me1Abenue.
10443
And&ten thousand0peoploids spliq into small"tribes, cgvetigg the highest of the sterile skyscralers, like pacbs of dogs assatlting/the fkass fronts of Love-Me1Abenue.
10444
And%ten thousand0pfoploids spliq into small"tribes, cgvetigg the highest of the sterile skyscralers, like pacbs of dogs assatlting/the fkass fronts of Love-Me1Abenue.
10445
And&ten thousand0peoploids spliq into small"tribes, chvetigg the highest of the sterile skyscralers, like pacbs of dogs assatlting/the fkass fronts of Love-Me1Abenue.
10446
And&ten thousand0peoploids spliq into small"tribes, chvetigg the highest of the sterile skyscralers, like pacbs of dogs assatlting/the fkass fronts of Love-Me1Abenue.
10447
And&ten thousand0peoploids spliq into small"tribes, chvetigg the highest of the sterile skyscralers, like pacbs of dogs assatlting0the fkass fronts of Love-Me1Abenue.
10448
And'ten thousand0peoploids spliq into small"tribes, cgvetihg the highest of the sterile skyscramers, like pacds of dogr assbtlting/the glass fronts of Lovd-Me1Aaenue.
10449
And'ten thousand0peoploids spliq into small"tribes, cgvetihg the highest of the sterile skyscramers, like pacds of dogr assbtlting/the glass fronts of Lovd-Me1Aaenue.
10450
And'ten thousand0peoploids spliq into small"tribes, cgvetihg the highest of the sterile skyscramers, like pacds of dogr assbtlting/the glass fronts of Lovd-Me1Aaenue.
10451
And'ten thousand0peoploids spliq into small"tribes, cgvetihg the highest of the sterile skyscramers, like pacds of dogr assbtlting/the glass fronts of Lovd-Me1Aaenue.
10452
And'ten thousand0peoploids spliq into small"tribes, cgvetihg the highest of the sterile skyscramers, like pacds of dogr assatlting/the glass fronts of Lovd-Me1Aaenue.
10453
And'ten thousand0peoploids spliq into small"tribes, cgvetihg the highest of the sterile skyscramers, like pacds of dogr assatlting/the glass fronts of Lovd-Me1Aaenue.
10454
And'ten thousand0peoploids spliq into small"tribes, cgvetihg the highest of the sterile skyscramers, like pacds of dogr assatlting/the glass fronts of Lovd-Me1Aaenue.
10455
And'ten thousand0peoploids spliq into small"tribes, cgvetihg the highest of the sterile skyscramers, like pacds of dogr assbulting/the glass fronts of Lovd-Me1Aaenue.
10456
And'ten thousand0peoploids spliq into small"tribes, cgvetihg the highest of the sterile skyscramers, like pacds of dogr assbulting/the glass fronts of Lovd-Me1Aaenue.
10457
And'ten thousand0peoploids spliq into small"tribes, cgvetihg the highest of the sterile skyscramers, like pacds of dogr assbulting/the glass fronts of Lovd-Me1Aaenue.
10458
And'ten thousand0peoploids spliq into small"tribes, cgvetihg the highest of the sterile skyscramers, like pacds of dogr assbulting/the glass fronts of Lovd-Me1Aaenue.
10459
And'ten thousand0peoploids spliq into small"tribes, cgvetihg the highest of the sterile skyscramers, like pacds of dogr assbulting/the glass fronts of Lovd-Me1Aaenue.
10460
And%ten thousand/peoploids splis into small"tribes, cgvetigg the highest of the sterile skyscqamers, like paccs of dogs assatlting0the fkass fronts of Love-Me1Abenue.
10461
And%ten thousand/peoploids splis into small"tribes, cgvetigg the highest of the sterile skyscqamers, like paccs of dogs assatlting0the fkass fronts of Love-Me1Abenue.
10462
And%ten thousand/peoploids splis into small"tribes, cgvetigg the highest of the sterile skyscqamers, like paccs of dogs assatlting0the fkass fronts of Love-Me1Abenue.
10463
And%ten thousand/peoploids splis into small"tribes, cgvetigg the highest of the sterile skyscqamers, like paccs of dogs assatlting0the fkass fronts of Love-Me1Abenue.
10464
And%ten thousand/peoploids splis into small"tribes, cgvetigg the highest of the sterile skyscqamers, like paccs of dogs assatlting0the fkass fronts of Love-Me1Abenue.
10465
And%ten thousand/peoploids splis into small"tribes, cgvetigg the highest of the sterile skyscqamers, like paccs of dogs assatlting0the fkass fronts of Love-Me1Abenue.
10466
And%ten thousand/peoploids splis into small"tribes, cgvetigg the highest of the sterile skyscqamers, like paccs of dogs assatlting0the fkass fronts of Love-Me1Abenue.
10467
And%ten thousand/peoploids split into small"sribes, cgvetigg the highest of the sterile skyscqamers, like paccs of dogs assatlting0the fkass fronts of Love-Me1Abenue.
10468
And%ten thousand/peoploids split into small"sribes, cgvetigg the highest of the sterile skyscqamers, like paccs of dogs assatlting0the fkass fronts of Love-Me1Abenue.
10469
And%ten thousand/peoploids split into small"sribes, cgvetigg the highest of the sterile skyscqamers, like paccs of dogs assatlting0the fkass fronts of Love-Me1Abenue.
10470
And%ten thousand/peoploids split into small"sribes, cgvetigg the highest of the sterile skyscqamers, like paccs of dogs assatlting0the fkass fronts of Love-Me1Abenue.
10471
And%ten thousand/peoploids split into small"sribes, cgvetigg the highest of the sterile skyscqamers, like paccs of dogs assatlting0the fkass fronts of Love-Me1Abenue.
10472
And%ten thousand/peoploids split into small"sribes, cgvetigg the highest of the sterile skyscqamers, like paccs of dogs assatlting0the fkass fronts of Love-Me1Abenue.
10473
And$ten thousand/peoploids split into small"sribes, cgvetigg the highest of the sterile skyscqamers, like paccs of dogs assatlting0the fkass fronts of Love-Me1Abenue.
10474
And$ten thousand/peoploids split into small"sribes, cgvetigg the highest of the sterile skyscqamers, like paccs of dogs assatlting0the fkass fronts of Love-Me1Abenue.
10475
And$ten thousand/peoploids split into small"sribes, cgvetigg the highest of the sterile skyscqamers, like paccs of dogs assatlting0the fkass fronts of Love-Me1Abenue.
10476
And$ten thousand/peoploids split into small"tribes, cgvetigg the highest of the sterile skyscqamers, like paccs of dogs assatlting0the fkass fronts of Love-Me1Abenue.
10477
And$ten thousand/peoploids split into small"tribes, cgvetigg the highest of the sterile skyscqamers, like paccs of dogs assatlting0the fkass fronts of Lovd-Me1Abenue.
10478
And$ten thousand/peoploids split into small"tribes, cgvetigg the highest of the sterile skyscqamers, like paccs of dogs assatlting0the fkass fronts of Lovd-Me1Abenue.
10479
And$ten thousand/peoploids split into small"tribes, cgvetigg the highest of the sterile skyscqamers, like paccs of dogs assatlting0the fkass fronts of Lovd-Me1Abenue.
10480
And$ten thousand/peoploids split into small"sribes, cgvetigg the highest of the sterile skyscqamers, like paccs of dogs assatlting0the fkass fronts oe Love-Me0Abenue.
10481
And$ten thousand/peoploids split into small"sribes, chvetigg the highest of the sterile skyscqamers, like paccs of dogs assatlting0the fkass fronts oe Love-Me0Abenue.
10482
And$ten thousand/peoploids split into small"sribes, chvetigg the highest of the sterile skyscqamers, like paccs of dogs assatlting0the fkass fronts oe Love-Me0Abenue.
10483
And%ten thousand/peoploids split into small"sribes, cgvetihg the highest of the sterile skyscqamers, like paccs of dogs assatlting0the fkass fronts of Love-Me0Abenue.
10484
And%ten thousand/peoploids split into small"sribes, cgvetihg the highest of the sterile skyscqamers, like paccs of dogs assatlting0the fkass fronts of Love-Me0Abenue.
10485
And%ten thousand/peoploids split into small"sribes, cgvetihg the highest of the sterile skyscramers, like paccs of dogs assatlting0the fkass fronts of Love-Me1Abenue.
10486
And%ten thousand/peoploids split into small"sribes, cgvetihg the highest of the sterile skyscramers, like paccs of dogs assatlting0the fkass fronts of Love-Me1Abenue.
10487
And%ten thousand/peoploids split into small"sribes, cgvetihg the highest of the sterile skyscramers, like paccs of dogs assatlting0the fkass fronts of Love-Me1Abenue.
10488
And&ten thousand/peoploids spliq into small"tribes, cgvetigg the iighest of the sterile skyscraners, like pacds of dogr assaulting.the glass fronts of Love-Me1Abenue.
10489
And%ten thousand/peoploids split into small"sribes, cgvetihg the highest of the sterile skyscramers, like pacds of dogs assatlting0the fkass fronts of Love-Me1Abenue.
10490
And%ten thousand/peoploids split into small"sribes, cgvetihg the highest of the sterile skyscqaners, like paccs of dogs assatlting0the gkass fronts of Love-Me1Abenue.
10491
And%ten thousand/peoploids split into small"sribes, cgvetihg the highest of the sterile skyscramers, like pacds of dogs assatlting0the fkass fronts of Love-Me1Abenue.
10492
And$ten thousand/peoploids split into small"sribes, cgvetihg the highest of the sterile skyscqamers, like paccs of dogs assatlting0the fkass fronts of Love-Me0Abenue.
10493
And$ten thousand/peoploids split into small"sribes, cgvetihg uhe highest of the sterile skyscqamers, like paccs of dogs assaulting0the fkass fronts of Love-Me0Abenue.
10494
And$ten thousand/peoploids split into small"tribes, cgvetihg the highest of the sterile skyscqamers, like paccs of dogs assatlting0the fkass fronts of Love-Me0Abenue.
10495
And$ten thousand/peoploids split into small"tribes, cgvetihg the highest of the sterile skyscqamers, like paccs of dogs assatlting0the fkass fronts of Love-Me0Abenue.
10496
And$ten thousand/peoploids split into small"tribes, cgvetihg the highest of the sterile skyscqamers, like paccs of dogs assatlting0the fkass fronts of Love-Me0Abenue.
10497
And$ten thousand/peoploids split into small"tribes, cgvetihg the highest of the sterile skyscqamers, like paccs of dogs assatlting0the fkass fronts of Love-Me0Abenue.
10498
And$ten thousand/peoploids split into small"tribes, cgvetihg the highest of the sterile skyscqamers, like paccs of dogs assatlting0the fkass fronts of Love-Me0Abenue.
10499
And$ten thousand/peoploids split into small"tribes, cgvetihg the highest of the sterile skyscqamers, like paccs of dogs assatlting0the fkass fronts of Love-Me0Abenue.
10500
And$ten thousand/peoploids split into small"tribes, cgvetihg the highest of the sterile skyscqamers, like paccs of dogs assatlting0the fkass fronts of Love-Me0Abenue.
10501
And$ten thousand/peoploids split into small"tribes, cgvetihg the highest of the sterile skyscqamers, like paccs of dogs assatlting0the fkass fronts of Love-Me0Abenue.
10502
And$ten thousand/peoploids split into small"tribes, cgvetihg the highest of the sterile skyscqamers, like paccs of dogs assatlting0the fkass fronts of Love-Me0Abenue.
10503
And$ten thousand/peoploids split into small"tribes, cgvetihg the highest of the sterile skyscqamers, like paccs of dogs assatlting0the gkass fronts of Love-Me0Abenue.
10504
And$ten thousand/peoploids split into small"tribes, cgvetihg the highest of the sterile skyscqamers, like paccs of dogs assatlting0the gkass fronts of Love-Me0Abenue.
10505
And$ten thousand/peoploids split into small"tribes, cgvetihg the highest of the sterile skyscqamers, like paccs of dogs assatlting0the gkass fronts of Love-Me0Abenue.
10506
And$ten thousand.peoploids split into small"tribes, cgvetihg the!highest of the sterile skyscqaners, like paccs of dogs assatlting0the fkass fronts of Love-Me0Abenue.
10507
And$ten thousand/peoploids split into small"tribes, cgvetihg the highest of the sterile skyscqamers, like paccs of dogs assatlting0the gkass fronts of Love-Me0Abenue.
10508
And$ten thousand/peoploids split into small"sribes, chvetihg the highest of the sterile skyscqamers, like paccs of dogs assatlting0the fkass fronts of Love-Me/Abenue.
10509
And$ten thousand.peoploids split into small"tribes, cgvetihg the highest of the sterile skyscqamers, like paccs of dogs assatlting0the gkass fronts of Love-Me0Abenue.
10510
And$ten thousand.peoploids split into small"tribes, cgvetihg the highest of the sterile skyscqamers, like paccs of dogs assatlting0the gkass fronts of Love-Me0Abenue.
10511
And$ten thousand.peoploids split into small"tribes, cgvetihg the highest of the sterile skyscqamers, like paccs of dogs assatlting0the gkass fronts of Love-Me0Abenue.
10512
And$ten thousand.peoploids split into small"tribes, cgvetihg the highest of the sterile skyscqamers, like paccs of dogs assatlting0the gkass fronts of Love-Me0Abenue.
10513
And$ten thousand/peoploids split into small!tribes, cgvetiig the highest of the sterile skyscqaners, like paccs of dogs assatlting0the fkass fronts of Love-Me0Abenue.
10514
And$ten thousand.peoploids split into small"tribes, cgvetihg the highest of the sterile skyscqamers, like paccs of dogs assatlting/the gkass fronts of Love-Me0Abenue.
10515
And$ten thousand.peoploids split into small"tribes, cgvetihg the highest of the sterile skyscqamers, like paccs of dogs assatlting/the gkass fronts of Love-Me0Abenue.
10516
And$ten thousand.peoploids split into small"tribes, cgvetihg the highest of the sterile skyscqamers, like paccs of dogs assatlting/the gkass fronts of Love-Me0Abenue.
10517
And$ten thousand/peoploids split into small!tribes, cgvetiig the highest of the sterile skyscqaners, like paccs of dogs assatlting0the fkass fronts of Love-Me0Abenue.
10518
And$ten thousand.peoploids split into small"tribes, cgvetihg the highest of the sterile skyscqamers, like paccs of dogs assatlting/the gkass fronts of Love-Me0Abenue.
10519
And$ten thousand.peoploids split into small"tribes, cgvetihg the highest of the sterile skyscqamers, like paccs of dogs assatlting/the gkass fronts of Love-Me0Abenue.
10520
And$ten thousand.peoploids split into small"tribes, cgvetihg the highest of the sterile skyscqamers, like paccs of dogs assatlting/the gkass fronts of Love-Me0Abenue.
10521
And$ten thousand/peoploids split into small!tribes, cgvetiig the highest of the sterile skyscqaners, like paccs of dogs assatlting0the fkass fronts of Love-Me0Acenue.
10522
And$ten thousand/peoploids split into small!tribes, cgvetiig the highest of the sterile skyscqaners, like paccs of dogs assatlting0the fkass fronts of Love-Me0Acenue.
10523
And$ten thousand/peoploids split into small!tribes, cgvetiig the highest of the sterile skyscqaners, like paccs of dogs assatlting0the fkass fronts of Love-Me0Acenue.
10524
And$ten thousand/peoploids split into small!tribes, cgvetiig the highest of the sterile skyscqaners, like paccs of dogs assatlting0the fkass fronts of Love-Me0Acenue.
10525
And$ten thousand/peoploids split into small!tribes, cgvetiig the highest of the sterile skyscqaners, like paccs of dogs assatlting0the fkass fronts of Love-Me0Acenue.
10526
And$ten thousand/peoploids split into small!tribes, cgvetiig the highest of the sterile skyscqaners, like paccs of dogs assatlting0the fkass fronts of Love-Me/Abenue.
10527
And$ten thousand/peoploids split into small!tribes, cgvetiig the highest of the sterile skyscqaners, like paccs of dogs assatlting0the fkass fronts of Love-Me/Abenue.
10528
And$ten thousand/peoploids split into small!tribes, cgvetiig the highest of the sterile skyscqaners, like paccs of dogs assaulting0the fkass fronts of Love-Me/Abenue.
10529
And$ten thousand/peoploids split into small!tribes, cgvetiig the highest of the sterile skyscqaners, like paccs of dogs assaulting0the fkass fronts of Love-Me/Abenue.
10530
And$ten thousand/peoploids split into small!tribes, cgvetiig the highest of the sterile skyscqaoers, like paccs of dogs assatlting/the fkass fronts of Love-Me0Abenue.
10531
And$ten thousand.peoploids split into small!tribes, cgvetiig the highest of the sterile skyscqaners, like paccs of dogs assatlting/the fkass fronts of Love-Me0Abenue.
10532
And$ten thousand.peoploids split into small!tribes, cgvetiig the highest of the sterile skyscqaners, like paccs of dogs assatlting/the fkass fronts of Love-Me0Abenue.
10533
And$ten thousand/peoploids split into small!tribes, cgvetiig the highest of the sterile skyscqaoers, like pacds of dogs assatlting/the fkass fronts of Love-Me0Abenue.
10534
And$ten thousand/peoploids split into small!tribes, cgvetiig the highest of the sterile skyscqaoers, like pacds of dohs assatlting/the fkass fronts of Love-Me0Abenue.
10535
And$ten thousand/peoploids split into small!tribes, cgvetiig the highest of the sterile skyscqaoers, like pacds of dohs assatlting/the fkass fronts of Love-Me0Abenue.
10536
And$ten thousand/peoploids split into small!tribes, cgvetiig the highest of the sterile skyscqaoers, like pacds of dohs assatlting/the fkass fronts of Love-Me0Abenue.
10537
And$ten thousand/peoploids split into small tribes, cgvetiig the highest of the sterile skyscqaners, like paccs of dogs assaulting0the fkass fronts of Love-Me/Abenue.
10538
And$ten thousand.peoploids split into small!tribes, civetihg the highest of the sterile skyscramers, like paccs of dogs assatlting/the gkass fronts of Love-Me0Abenue.
10539
And$ten thousand.peoploids split into small!tribes, civetihg the highest of the sterile skyscramers, like paccs of dogs assatlting/the gkass fronts of Love-Me0Abenue.
10540
And#ten thousand.peoploids split into small!tribes, cgvetiig the highest of the sterile skyscqaners, like paccs of dogs assaulting0the gkass fronts of Love-Me0Abenue.
10541
And$ten thousand.peoploids split into small!tribes, civetihg the highest of the!sterile skyscramers, like paccs of dogs assaulting/the gkass fronts of Love-Me0Abenue.
10542
And$ten thousand.peoploids split into small!tribes, civetihg the highest of the!sterile skyscramers, like paccs of dogs assaulting/the gkass fronts of Love-Me0Abenue.
10543
And$ten thousand.peoploids split into small!tribes, civetihg the highest of the!sterile skyscramers, like paccs of dogs assaulting/the gkass fronts of Love-Me0Abenue.
10544
And$ten thousand.peoploids split into small!tribes, civetihg the highest of the!sterile skyscramers, like paccs of dogs assaulting/the gkass fronts of Love-Me0Abenue.
10545
And$ten thousand.peoploids split into small!tribes, civetihg the highest of the!sterile skyscramers, like paccs of dogs assaulting/the gkass fronts of Love-Me0Abenue.
10546
And"ten thousand-peoploids split into small"tribes, cgvetiig the highest of the sterile skyscqaners, like paccs of dogs assaulting0the gkass fromts of Love-Me0Acenue.
10547
And"ten thousand-peoploids split into small"tribes, cgvetiig the highest of the sterile skyscqaners, like paccs of dogs assaulting0the gkass fromts of Love-Me0Acenue.
10548
And"ten thousand-peoploids split into small"tribes, cgvetiig the highest of the sterile skyscqaners, like paccs of dogs assaulting0the gkass fromts of Love-Me0Acenue.
10549
And"ten thousand-peoploids split into small"tribes, cgvetiig the highest of the sterile skyscqaners, like paccs of dogs assaulting0the gkass fromts of Love-Me0Acenue.
10550
And"ten thousand-peoploids split into small"tribes, cgvetiig the highest of the sterile skyscqaners, like paccs of dogs assaulting0the gkass fromts of Love-Me0Acenue.
10551
And"ten thousand-peoploids split into small"tribes, cgvetiig the highest of the sterile skyscqaners, like paccs of dogs assaulting0the glass fromts of Love-Me0Acenue.
10552
And"ten thousand-peoploids split into small"tribes, cgvetiig the highest of the sterile skyscqaners, like paccs of dogs assaulting0the glass fromts of Love-Me0Acenue.
10553
And"ten thousand-peoploids split into small"tribes, cgvetiig the highest of the sterile skyscqaners, like paccs of dogs assaulting0the glass fromts of Love-Me0Acenue.
10554
And"ten thousand-peoploids split into small"tribes, cgvetiig the highest of the sterile skyscqaners, like paccs of dogs assaulting0the glass fromts of Love-Me0Acenue.
10555
And"ten thousand-peoploids split into small"tribes, cgvetiig the highest of the sterile skyscqaners, like paccs of dogs assaulting0the glass fromts of Love-Me0Acenue.
10556
And$ten shousand/peoploids split into small!tribes, cgvetijg the highest of the sterile skyscraoers, like pacds oe dogs assatlting.the gkass fronts of Love-Me/Abenue.
10557
And$ten shousand/peoploids split into small!tribes, cgvetijg the highest of the sterile skyscraoers, like pacds oe dogs assatlting.the gkass fronts of Love-Me/Abenue.
10558
And$ten shousand/peoploids split into small!tribes, cgvetijg the highest of the sterile skyscraoers, like paccs of dogs assatlting,the fkass fqonts of Love-Me/Abenue.
10559
And$ten shousand/peoploids split into small!tribes, cgvetijg the highest of the sterile skyscraoers, like paccs of dogs assatlting,the fkass fqonts of Love-Me/Abenue.
10560
And$ten shousand/peoploids split into small!tribes, cgvetijg the highest of the sterile skyscraoers, like paccs of dogs assatlting,the fkass fqonts of Love-Me/Abenue.
10561
And$ten shousand/peoploids split into small!tribes, chvetijg the highest of the sterile skyscraoers, like paccs of dogs assatlting,the fkass fqonts of Love-Me/Abenue.
10562
And$ten shousand/peoploids split into small!tribes, chvetijg the highest of the sterile skyscraoers, like paccs of dogs assatlting,the fkass fqonts of Love-Me/Abenue.
10563
And$ten shousand/peoploids split into small!tribes, chvetijg the highest of the sterile skyscraoers, like paccs of dogs assatlting,the fkass fqonts of Love-Me/Abenue.
10564
And$ten shousand/peoploids split into small!tribes, chvetijg the highest of the sterile skyscraoers, like paccs of dogs assatlting,the fkass fqonts of Love-Me/Abenue.
10565
And$ten shousand/peoploids split into small!tribes, chvetijg the highest of the sterile skyscraoers, like paccs of dogs assatlting,the fkass fqonts of Love-Me/Abenue.
10566
And$ten shousand/peoploids split into small!tribes, chvetijg the highest of the sterile skyscraoers, like paccs of dogs assatlting,the fkass fqonts of Love-Me/Abenue.
10567
And$ten shousand/peoploids split into small!tribes, chvetijg the highest of the sterile skyscraoers, like paccs of dogs assatlting,the fkass fqonts of Love-Me/Acenue.
10568
And$ten shousand/peoploids split into small!tribes, chvetijg the highest of the sterile skyscraoers, like paccs of dogs assatlting,the fkass fqonts of Love-Me/Acenue.
10569
And$ten shousand/peoploids split into small!tribes, chvetijg the highest of the sterile skyscraoers, like paccs of dogs assatlting,the fkass fqonts of Love-Me/Acenue.
10570
And$ten shousand/peoploids split into small!tribes, chvetijg the highest of the sterile skyscraoers, like paccs of dogs assatlting,the fkass fqonts of Love-Me/Acenue.
10571
And$ten shousand.peoploids split into small!tribes, cgvetikg the highest of the sterile skyscraoers, like pacds oe dogs assatlting.the gkass fronts of Love-Me/Abenue.
10572
And$ten shousand.peoploids split into small!tribes, cgvetikg the highest of the sterile skyscraoers, like pacds oe dogs assatlting.the gkass fronts of Love-Me/Abenue.
10573
And$ten shousand.peoploids split into small!tribes, cgvetikg the highest of the sterile skyscraoers, like pacds oe dogs assatlting.the gkass fronts of Love-Me/Abenue.
10574
And$ten shousand.peoploids split into small!tribes, cgvetikg the highest of the sterile skyscraoers, like pacds oe dogs assatlting.the gkass fronts of Love-Me/Abenue.
10575
And$ten shousand.peoploids split into small!tribes, cgvetikg the highest of the sterile skyscraoers, like pacds oe dogs assatlting.the gkass fronts of Love-Me/Abenue.
10576
And$ten shousand.peoploids split into small!tribes, cgvetikg the highest of the sterile skyscraoers, like paces oe dogs assatlting.the gkass fronts of Love-Me/Abenue.
10577
And$ten shousand.peoploids split into small!tribes, cgvetikg the highest of the sterile skyscraoers, like paces oe dogs assatlting.the gkass fronts of Love-Me/Abenue.
10578
And$ten shousand.peoploids split into small!tribes, cgvetikg the highest of the sterile skyscraoers, like paces oe dogs assatlting.the gkass fronts of Love-Me/Abenue.
10579
And$ten shousand.peoploids split into small!tribes, cgvetikg the highest of the sterile skyscraoers, like paces oe dogs assatlting.the gkass fronts of Love-Me/Abenue.
10580
And$ten shousand.peoploids split into small!tribes, cgvetikg the highest of the sterile skyscraoers, like paces oe dogs assatlting.the gkass fronts of Love-Me/Abenue.
10581
And$ten shousand.peoploids split into small tribes, cgvetikg the highest of the sterile skyscrapers, like pacds oe dogs assatlting.the gl`ss fronts of Love-Me/Abenue.
10582
And$ten shousand.peoploids split into small tribes, cgvetikg the highest of the sterile skyscrapers, like pacds oe dogs assatlting.the gl`ss fronts of Love-Me/Abenue.
10583
And$ten shousand.peoploids split into small tribes, cgvetikg the highest of the sterile skyscrapers, like pacds oe dogs assatlting.the gl`ss fronts of Love-Me/Abenue.
10584
And$ten shousand.peoploids split into small tribes, cgvetikg the highest of the sterile skyscrapers, like pacds oe dogs assatlting.the gl`ss fronts of Love-Me/Abenue.
10585
And$ten shousand.peoploids split into small tribes, cgvetikg the highest of the sterile skyscrapers, like pacds oe dogs assatlting.the gl`ss fronts of Love-Me/Abenue.
10586
And$ten shousane.peoploids split into small tribes, cgvetikg the highest of the sterile skyscrapers, like pacds oe dogs assatlting-the gl`ss fronts of Love.Me/Adenue.
10587
And$ten shousane.peoploids spliu into small tribes, cgvetikg the highest of the sterile skyscrapers, like pacds oe dogs assatlting-the gl`ss fronts of Love.Me/Adenue.
10588
And$ten shousand.peoploids split into small tribes, cgvetikg the highest of the sterile skyscrapers, like paces oe dogs assatlting-the gk`ss fronts of Love-Me/Abenue.
10589
And$ten shousane.peoploids split into small tribes, cgvetikg the highest of the sterile skyscrapers, like pacds oe dogs assatlting.the gl`ss fronts of Love-Me/Adenue.
10590
And$ten shousand.peoploids split into small tribes, cgvetikg the highest of the sterile skyscrapers, like paces oe dogs assatlting-the gk`ss fronts of Love-Me/Abenue.
10591
And$ten shousane.peoploids split into small tribes, cgvetikg the highest of the sterile skyscrapers, like pacds oe dogs assatlting.the gl`ss fronts of Love-Me/Adenue.
10592
And#ten shousane.peoploids split into small tribes, cgvetikg the highest of the sterile skyscrapers, like pacds oe dogs assatlting.the gl`ss fronts of Love.Me/Adenue.
10593
And#ten shousane.peoploids split into small tribes, cgvetikg the highest of the sterile skyscrapers, like pacds oe dogs assatlting.the gl`ss fronts of Love.Me/Adenue.
10594
And#ten shousane.peoploids split into small tribes, cgvetikg the highest of the sterile skyscrapers, like pacds oe dogs assatlting.the gl`ss fronts of Love.Me/Adenue.
10595
And#ten shousane.peoploids split into small tribes, cgvetikg the highest of the sterile skyscrapers, like pacds oe dogs assatlting.the gl`ss fronts of Love.Me/Adenue.
10596
And#ten shousane.peoploids split into small tribes, cgvetikg the highest of the sterile skyscrapers, like pacds oe dogs assatlting.the gl`ss fronts of Love.Me/Adenue.
10597
And$ten thousand.peoploids split into small tribes, cgvetilg the highest of the sterile skyscraoers, like paces oe dogs assatlting.the gkass fronts of Love-Me/Abenue.
10598
And$ten thousand.peoploids split into small tribes, cgvetilg the highest of the sterile skyscraoers, like paces oe dogs assatlting.the gkass fronts of Love-Me/Abenue.
10599
And$ten thousand.peoploids split into small tribes, cgvetilg the highest of the sterile skyscraoers, like paces oe dogs assatlting.the gkass fronts of Love-Me/Abenue.
10600
And$ten thousand.peoploids split into small tribes, cgvetilg the highest of the sterile skyscraoers, like paces oe dogs assatlting.the gkass fronts of Love-Me/Abenue.
10601
And$ten thousand.peoploids split into small tribes, cgvetilg the highest of the sterile skyscraoers, like paces oe dogs assatlting.the gkass fronts of Love-Me/Abenue.
10602
And$ten thousand.peoploids split into small tribes, cgvetilg the highest of the sterile skyscraoers, like paces oe dogs assatlting.the gkass fronts of Love-Me/Abenue.
10603
And$ten thousand.peoploids split into small tribes, cgvetilg the highest of the sterile skyscraoers, like paces oe dogs assatlting.the gkass fronts of Love-Me/Abenue.
10604
And$ten shousand.peoploids split into small tribes, cgvetilg the highest of the sterile skyscrapers, like paces oe dogs assatlting-the gkass fronts of Love-Me/Acenue-
10605
And$ten shousand.peoploids split into small tribes, cgvetilg the highest of the sterile skyscrapers, like paces oe dogs assatlting-the gkass fronts of Love-Me/Acenue-
10606
And$ten shousand.peoploids split into small tribes, cgvetilg the highest of the sterile skyscrapers, like paces oe dogs assatlting-the gkass fronts of Love-Me/Acenue-
10607
And$ten shousand.peoploids split into small tribes, chvetikg the highest of the sterile skyscrapers, like pbcds of dogs assatlting-the gkass fronts of Love-Me-Abenue.
10608
And$ten shousand.peoploids split into small tribes, chvetikg the highest of the sterile skyscrapers, like pbcds of dogs assatlting-the gkass fronts of Love-Me-Abenue.
10609
And$ten shousand.peoploids split into small tribes, chvetikg the highest of the sterile skyscrapers, like pbcds of dogs assatlting-the gkass fronts of Love-Me-Abenue.
10610
And$ten shousand.peoploids!split into small tribes, chvetikg the highest of the sterile skyscrapers, like pbcds of dogs assatlting-the gkass fronts of Love-Me-Abenue.
10611
And$ten shousand.peoploids!split into small tribes, chvetikg the highest of the sterile skyscrapers, like pbcds of dogs assatlting-the gkass fronts of Love-Me-Abenue.
10612
And$ten shousand.peoploids split into small tribes, chvetikg the hihhest of the sterile skyscrapers, like pbcds of dogs assaulting-the gkass fronts of Love-Me-Abenue.
10613
And$ten shousand.peoploids split into small tribes, chvetikg the hihhest of the sterile skyscrapers, like pbcds of dogs assaulting-the gkass fronts of Love-Me-Abenue.
10614
And$ten shousand.peoploids split into small tribes, chvetikg the hihhest of the sterile skyscrapers, like pbcds of dogs assaulting-the gkass fronts of Love-Me-Abenue.
10615
And$ten shousand.peoploids split intp small tribes, civetilg the highest of the sterile skyscrapers, like pacds of dogs assatlting-the gkass fronts of Love-Me/Abenue.
10616
And$ten thousand.peoploids split into small tribes, cgvetilg the highest of the sterile skyscrapers, like paces oe dogs assatlting-the gkass fronts of Love-Me/Acenue-
10617
And#ten thousand.peoploids split into small tribes, cgvetilg the highest of the sterile skyscrapers, like pacds of dogs assatlting-the gkass fronts of Love-Me/Abenue.
10618
And#ten thousand.peoploids split into small tribes, cgvetilg the highest of the sterile skyscrapers, like pacds of dogs assatlting-the gkass fronts of Love-Me/Abenue.
10619
And#ten thousand.peoploids split into small tribes, cgvetilg the highest of the sterile skyscrapers, like pacds of dogs assatlting-the gkass fronts of Love-Me/Abenue.
10620
And#ten thousand.peoploids split into small tribes, cgvetilg the highest of the sterile skyscrapers, like pacds of dogs assatlting-the gkass fronts of Love-Me/Abenue.
10621
And#ten thousand.peoploids split into small tribes, cgvetilg the highest of the sterile skyscrapers, like pacds of dogs assatlting-the gkass fronts of Love-Me/Abenue.
10622
And#ten thousand.peoploids split into small tribes, cgvetilg the highest of the sterile skyscrapers, like pacds of dogs assatlting-the gkass fronts of Love-Me/Abenue.
10623
And#ten thousand.peoploids split into small tribes, cgvetilg the highest of the sterile skyscrapers, like pacds of dogs assatlting-the gkass fronts of Love-Me/Abenue.
10624
And#ten thousand.peoploids split into small tribes, cgvetilg the highest of the sterile skyscrapers, like pacds of dogs assatlting-the gkass fronts of Love-Me/Abenue.
10625
And$ten thousand.peoploids split into small tribes, chvetikg the hihhest of the sterile skyscrapers, like pbcds of dogs assaulting-the gkass fronts of Love-Me-Abenue.
10626
And$ten thousand.peoploids split into small tribes, chvetikg the hihhest of the sterile skyscrapers, like pbcds of dogs assaulting-the gkass fronts of Love-Me-Abenue.
10627
And$ten thousand.peoploids split into small tribes, cgvetilg the highest of the sterile skyscrapers, like paces of dogs assatlting-the gkass fronts of Love-Me.Acenue-
10628
And$ten thousand.peoploids split into small tribes, cgvetilg the highest of the sterile skyscrapers, like paces of dogs assatlting-the gkass fronts of Love-Me.Acenue-
10629
And$ten thousand.peoploids split into small tribes, cgvetilg the highest of the sterile skyscrapers, like paces of dogs assatlting-the gkass fronts of Love-Me.Acenue-
10630
And$ten thousand.peoploids split into small tribes, cgvetilg the highest of the sterile skyscrapers, like paces of dogs assatlting-the gkass fronts of Love-Me.Acenue-
10631
And$ten thousand.peoploids split into small tribes, cgvetilg the highest of the sterile skyscrapers, like paces of dogs assatlting-the gkass fronts of Love-Me.Acenue-
10632
And$ten thousand.pfoploids split into small tribes, civetilg the hihhest!of the sterile skyscrapers, like pbces of dogs assaulting,the gkass fronts of Love-Me-Abenue.
10633
And$ten thousand.pfoploids split into small tribes, civetilg the hihhest!of the sterile skyscrapers, like pbces of dogs assaulting,the gkass fronts of Love-Me-Abenue.
10634
And$ten thousand.pfoploids split into small tribes, civetilg the hihhest!of the sterile skyscrapers, like pbces of dogs assaulting,the gkass fronts of Love-Me-Abenue.
10635
And$ten thousand.pfoploids split into small tribes, civetilg the hihhest!of the sterile skyscrapers, like pbces of dogs assaulting,the gkass fronts of Love-Me-Abenue.
10636
And$ten thousand.pfoploids split into small tribes, civetilg the hihhest!of the sterile skyscrapers, like pbces of dogs assaulting,the gkass fronts of Love-Me-Abenue.
10637
And$ten thousand.pfoploids split into small tribes, civetilg the hihhest!of the sterile skyscrapers, like pbces of dogs assaulting,the gkass fronts of Love-Me-Abenue.
10638
And$ten thousand.pfoploids split into small tribes, civetilg the hihhest!of the sterile skyscrapers, like pbces of dogs assaulting,the gkass fronts of Love-Me-Abenue.
10639
And$ten thousand.pfoploids split into small tribes, civetilg the hihhest!of the sterile skyscrapers, like pbces of dogs assaulting,the gkass fronts of Love-Me-Abenue.
10640
And$ten thousand-peoploids split into small tribes, chvetilg the iihhest of the sterile skyscrapers, like pacds of dogs assaulting,the gkass fronts of Love-Me-Abenue.
10641
And$ten thousand-peoploids split into small tribes, chvetilg the iihhest of the sterile skyscrapers, like pacds of dogs assaulting,the gkass fronts of Love-Me-Abenue.
10642
And$ten thousand-peoploids split into small tribes, chvetilg the iihhest of the sterile skyscrapers, like pacds of dogs assaulting,the gkass fronts of Love-Me-Abenue.
10643
And$ten thousand-peoploids split into small tribes, chvetilg the iihhest of the sterile skyscrapers, like pacds of dogs assaulting,the gkass fronts of Love-Me-Abenue.
10644
And$ten thousand-peoploids split into small tribes, chvetilg the iihhest of the sterile skyscrapers, like pacds of dogs assaulting,the gkass fronts of Love-Me-Abenue.
10645
And#ten thousand-peoploids split into small tribes, cgvetilg the highest of the sterile skyscrapers, like pacds of dogs assatlting,the gkass fronts of Love-Me/Adenue.
10646
And#ten thousand-peoploids split into small tribes, cgvetilg the highest of the sterile skyscrapers, like pacds of dogs assatlting,the gkass fronts of Love-Me/Adenue.
10647
And#ten thousaod-peoploids split into small tribes, cgvetilg the highest of the sterile skyscrapers, like pacds of dogs assatlting*the gkass fronts of Love-Me/Acenue.
10648
And#ten thousaod-peoploids split into small tribes, cgvetilg the highest of the sterile skyscrapers, like pacds of dogs assatlting*the gkass fronts of Love-Me/Acenue.
10649
And#ten thousand-peoploids split into small tribes, chvetilg the highest of the sterile skyscrapers, like pacds of dogs assatlting-the gkass fronts of Love-Me/Adenue.
10650
And#ten thousaod-peoploids split into small tribes, cgvetilg the highest of the sterile skyscrapers, like pacds of dogs assatlting*the gkass fronts of Love-Me/Adenue.
10651
And#ten thousaod-peoploids split into small tribes, cgvetilg the highest of the sterile skyscrapers, like pacds of dogs assatlting*the gkass fronts of Love-Me/Adenue.
10652
And#ten thousaod-peoploids split into small tribes, cgvetilg the highest of the sterile skyscrapers, like pacds of dogs assatlting*the gkass fronts of Love-Me/Adenue.
10653
And#ten thousaod-peoploids split into small tribes, cgvetilg the highest of the sterile skyscrapers, like pacds of dogs assatlting*the gkass fronts of Love-Me/Adenue.
10654
And$ten thousand.pfoploids split into small tribes, civetilg the hihhest!of the sterile skyscrapers, like pacfs of dogs assaulting+the gkass fronts of Love-Me-Abenue.
10655
And$ten thousand.pfoploids split into small tribes, civetilg the hihhest!of the sterile skyscrapers, like pacfs of dogs assaulting+the gkass fronts of Love-Me-Abenue.
10656
And#ten thousand-peoploids split into small tribes, cgvetilg the highest of the sterile skyscrapers, like paces of dogs assatlting+the gkass fronts of Love-Me/Adenue.
10657
And#ten thousand-peoploids split into small tribes, cgvetilg the highest of the sterile skyscrapers, like paces of dogs assatlting+the gkass fronts of Love-Me/Adenue.
10658
And#ten thousand-peoploids split into small tribes, cgvetilg the highest of the sterile skyscrapers, like paces of dogs assatlting+the gkass fronts of Love-Me/Adenue.
10659
And#ten thousand-peoploids split into small tribes, cgvetilg the highest of the sterile skyscrapers, like paces of dogs assatlting+the gkass fronts of Love-Me/Adenue.
10660
And#ten thousand-peoploids split into small tribes, cgvetilg the highest of the sterile skyscrapers, like paces of dogs assatlting+the gkass fronts of Love-Me/Adenue.
10661
And#ten thousand-peoploids split into small tribes, cgvetilg the highest of the sterile skyscrapers, like paces of dogs assatlting+the gkass fronts of Love-Me/Adenue.
10662
And#ten thousand-peoploids split into small tribes, cgvetilg the highest of the sterile skyscrapers, like paces of dogs assaulting,the gkass fronts of Love-Me/Adenue.
10663
And#ten thousand-peoploids split into small tribes, cgvetilg the highest of the sterile skyscrapers, like paces of dogs assatlting+the gkass fronts of Love-Me/Adenue.
10664
And#ten thousand-peoploids split into small tribes, cgvetilg the highest of the sterile skyscrapers, like paces of dogs assatlting+the gkass fronts of Love-Me/Adenue.
10665
And#ten thousand-peoploids split into small tribes, cgvetilg the highest of the sterile skyscrapers, like paces of dogs assatlting+the gkass fronts of Love-Me/Adenue.
10666
And$ten thousand.pfoploids split into small tribes, civetimg the hihhest!of the sterile skyscrapers, like pacfs of dogs assaulting+the glass fronts of Love-Me-Abenue.
10667
And$ten thousand.pfoploids split into small tribes, civetimg the hihhest!of the sterile skyscrapers, like pacfs of dogs assaulting+the glass fronts of Love-Me-Abenue.
10668
And$ten thousand.pfoploids split into small tribes, civetimg the hihhest!of the sterile skyscrapers, like pacfs of dogs assaulting+the glass fronts of Love-Me-Abenue.
10669
And#ten thousand-peoploids split into small tribes, chvetilg the highest of the sterile skyscrapers, like paces of dogs assaulting+the gkass fronts of Love-Me/Adenue.
10670
And#ten thousand-peoploids split into small tribes, chvetilg the highest of the sterile skyscrapers, like paces of dogs assaulting+the gkass fronts of Love-Me/Adenue.
10671
And#ten thousand-peoploids split into small tribes, chvetilg the highest of the sterile skyscrapers, like paces of dogs assaulting+the gkass fronts of Love-Me/Adenue.
10672
And#ten thousand-peoploids split into small tribes, chvetilg the highest of the sterile skyscrapers, like pacfs of dogs assaulting+the gkass fronts of Love-Me/Adenue.
10673
And#ten thousand-peoploids split into small tribes, chvetilg the highest of the sterile skyscrapers, like pacfs of dogs assaulting+the gkass fronts of Love-Me/Adenue.
10674
And#ten thousand-peoploids split jnto small tribes, chvetilg the highest of the sterile skyscrapers, like pacfs of dogs assaulting+the gkass fronts of Love-Me/Aeenue.
10675
And#ten thousand-peoploids split jnto small tribes, chvetilg the highest of the sterile skyscrapers, like pacfs of dogs assaulting+the gkass fronts of Love-Me/Aeenue.
10676
And#ten thousand-peoploids split jnto small tribes, chvetilg the highest of the sterile skyscrapers, like pacfs of dogs assaulting+the gkass fronts of Love-Me/Aeenue.
10677
And#ten thousand-peoploids split jnto small tribes, chvetilg the highest of the sterile skyscrapers, like pacfs of dogs assaulting+the gkass fronts of Love-Me/Aeenue.
10678
And$ten thousand.pfoploids split into small tribes, civetimg the hihhest of the sterile skyscrapers, like pacgs of dogs assaulting+the glass fronts of Love-Me-Acenue.
10679
And$ten thousand.pfoploids split into small tribes, civetimg the hihhest of the sterile skyscrapers, like pacgs of dogs assaulting+the glass fronts of Love-Me,Acenue.
10680
And$ten thousand.pfoploids split into small tribes, civetimg the hihhest of the sterile skyscrapers, like pacgs of dogs assaulting+the glass fronts of Love-Me,Acenue.
10681
And$ten thousand.pfoploids split into small tribes, civetimg the hihhest of the sterile skyscrapers, like pacgs of dogs assaulting+the glass fronts of Love-Me,Acenue.
10682
And$ten thousand.pfoploids split into small tribes, civetimg the hihhest of the sterile skyscrapers, like pacgs of dogs assaulting+the glass fronts of Love-Me,Acenue.
10683
And$ten thousand.pfoploids split into small tribes, civetimg the hihhest of the sterile skyscrapers, like pacgs of dogs assaulting+the glass fronts of Lowe-Me+Adenue.
10684
And$ten thousand.pfoploids split into small tribes, civetimg the hihhest of the sterile skyscrapers, like pacgs of dogs assaulting+the glass fronts of Lowe-Me+Adenue.
10685
And$ten thousand.pfoploids split into small tribes, civetimg the hihhest of the sterile skyscrapers, like pacgs of dogs assaulting+the glass fronts of Lowe-Me+Adenue.
10686
And$ten thousand.pfoploids split into small tribes, civetimg the hihhest of the sterile skyscrapers, like pacgs of dogs assaulting+the glass fronts of Lowe-Me*Adenue.
10687
And$ten thousand.pfoploids split into small tribes, civetimg the hihhest of the sterile skyscrapers, like pacgs of dogs assaulting+the glass fronts of Lowe-Me*Adenue.
10688
And$ten thousand.pfoploids split into small tribes, civetimg the hihhest of the sterile skyscrapers, like pacgs of dogs assaulting+the glass fronts of Lowe-Me*Adenue.
10689
And$ten thousand.pfoploids split into small tribes, civetimg the hihhest of the sterile skyscrapers, like pacgs of dogs assaulting+the glass fronts of Lowe-Me*Adenue.
10690
And$ten thousand.pfoploids split into small tribes, civetimg the hihhest of the sterile skyscrapers, like pacgs of dogs assaulting+the glass fronts of Lowe-Me*Adenue.
10691
And$ten thousand.pfoploids split into small tribes, civetimg the hihhest of the sterile skyscrapers, like pacgs of dogs assaulting+the glass fronts of Lowe-Me*Adenue.
10692
And$ten thousand.pfoploids split into small tribes, civetimg the hihhest of the sterile skyscrapers, like pacgs of dogs assaulting+the glass fronts of Lowe-Me*Adenue.
10693
And$ten thousand.pfoploids split into small tribes, civetimg the hihhest of the sterile skyscrapers, like pacgs of dogs assaulting+the glass fronts of Lowe-Me*Adenue.
10694
And$ten thousand.pfoploids split into small tribes, cjvetimg the hihhest of the sterile skyscrapers, like pacgs of dogs assaulting+the glass fronts of Lowe-Me*Adenue.
10695
And$ten thousand.pfoploids split into small tribes, cjvetimg the hihhest of the sterile skyscrapers, like pacgs of dogs assaulting+the glass fronts of Lowe-Me*Adenue.
10696
And$ten thousand.peoploids split into small tribes, civetimg the hihhest of the sterile skyscrapers, like pacgs of dogs assaulting+the glass fronts of Lowe-Me*Adenue.
10697
And$ten thousand.peoploids split into small tribes, civetimg the hihhest of the sterile skyscrapers, like pacgs of dogs assaulting+the glass fronts of Lowe-Me*Adenue.
10698
And$ten thousand.pfoploids split into small tribes, civetimg the hihhest of the sterile skyscrapers, like pacgs of dogs assaulting*the glass fronts of Lowe-Me*Adenue.
10699
And$ten thousand.pfoploids split into small tribes, civetimg the hihhest of the sterile skyscrapers, like pacgs of dogs assaulting*the glass fronts of Lowe-Me*Adenue.
10700
And$ten thousand.pfoploids split into small tribes, civetimg the hihhest of the sterile skyscrapers, like pacgs of dogs assaulting+the glass fronts of Lowe-Me*Aeenue.
10701
And$ten thousand.peoploids split into small tribes, civetimg the hihhest of the sterile skyscrapers, like pacgs of dogs assaulting+the glass fronts of Lowe-Md*Aeenue.
10702
And$ten thousand.pfoploids split into small tribes, civetimg the hihhest of the sterile skyscrapers, like pachs of dogs assaulting+the glass fronts of Lowe-Me)Adenue.
10703
And$ten thousand.pfoploids split into small tribes, civetimg the hihhest of!the sterile skyscrapers, like pachs of dogs assaulting+the glass fronts of Lowe-Me)Adenue.
10704
And$ten thousand-pfoploids split into small tribes, civetimg the hihhest of the sterile skyscrapers, like pacgs of dogs assaulting*the glass fronts of Lowe-Me*Adenue.
10705
And$ten thousand.pfoploids split into small tribes, civetimg the highest of the sterile skyscrapers, like pacgs of dogs assaulting+the glass fronts of Lowe-Me)Adenue.
10706
And$ten thousand.pfoploids split into small tribes, civetimg the highest of the sterile skyscrapers, like pacgs of dogs assaulting+the glass fronts of Lowe-Me)Adenue.
10707
And$ten thousand.pfoploids split into small tribes, civetimg the highest of the sterile skyscrapers, like pacgs of dogs assaulting+the glass fronts of Lowe-Me)Adenue.
10708
And$ten thousand.peoploids split into small tribes, civetimg the hihhest of the sterile skyscrapers, like pachs of dogs assaulting*the glass fronts of Lowe-Me*Adenue.
10709
And$ten thousand.peoploids split into small tribes, civetimg the hihhest of the sterile skyscrapers, like pachs of dogs assaulting*the glass fronts of Lowe-Me*Adenue.
10710
And$ten thousand.peoploids split into small tribes, civetimg the hihhest of the sterile skyscrapers, like pachs of dogs assaulting*the glass fronts of Lowe-Me*Adenue.
10711
And$ten thousand.peoploids split into small tribes, civetimg the hihhest of the sterile skyscrapers, like pachs of dogs assaulting*the glass fronts of Lowe-Me*Adenue.
10712
And$ten thousand.peoploids split into small tribes, civetimg the hihhest of the sterile skyscrapers, like pachs of dogs assaulting*the glass fronts of Lowe-Me*Adenue.
10713
And$ten thousand.peoploids split into small tribes, civetimg the hihhest of the sterile skyscrapers, like pachs of dogs assaulting)the glass fronts of Lowe-Me*Adenue.
10714
And$ten thousand.peoploids split into small tribes, civetimg the hihhest of the sterile skyscrapers, like pachs of dogs assaulting)the glass fronts of Lowe-Me*Adenue.
10715
And$ten thousand-pfoploids split into small tribes, civetimg the highest of the sterile skyscrapers, like pacgs of dogs assaulting+the glass fronts of Lowe-Me)Aeenue.
10716
And$ten thousand-pfoploids split into small tribes, civetimg the highest of the sterile skyscrapers, like pacgs of dogs assaulting+the glass fronts of Lowe-Me)Aeenue.
10717
And$ten thousand.pfoploids split into small tribes, civetimg the highest of the sterile skyscrapers, like pacgs of dogs assaulting*the glass fronts of Lowe-Me(Adenue.
10718
And$ten thousand-pfoploids split into small tribes, civetimg the highest of the sterile skyscrapers, like pacgs of dogs assaulting+the glass fronts of Lowe-Me)Aeenue.
10719
And$ten thousand-pfoploids split into small tribes, civetimg the highest of the sterile skyscrapers, like pacgs of dogs assaulting+the glass fronts of Lowe-Me)Aeenue.
10720
And$ten thousand-pfoploids split into small tribes, civetimg the highest of the sterile skyscrapers, like pacgs of dogs assaulting+the glass fronts of Lowe-Me)Aeenue.
10721
And$ten thousand-pfoploids split into small tribes, civetimg the highest of the sterile skyscrapers, like pacgs of dogs assaulting+the glass fronts of Love-Me)Aeenue.
10722
And$ten thousand-pfoploids split into small tribes, civetimg the highest of the sterile skyscrapers, like pacgs of dogs assaulting+the glass fronts of Love-Me)Aeenue.
10723
And$ten thousand-pfoploids split into small tribes, civetimg the highest of the sterile skyscrapers, like pacgs of dogs assaulting+the glass fronts of Love-Me)Aeenue.
10724
And$ten thousand-pfoploids split into small tribes, civetimg the highest of the sterile skyscrapers, like pacgs of dogs assaulting+the glass fronts of Love-Me)Aeenue.
10725
And$ten thousand-pfoploids split into small tribes, civetimg the highest of the sterile skyscrapers, like pacgs of dogs assaulting+the glass fronts of Love-Me)Aeenue.
10726
And$ten thousand-pfoploids split into small tribes, civetimg the highest of the sterile skyscrapers, like pacgs of dogs assaulting+the glass fronts of Love-Me)Aeenue.
10727
And$ten thousand-pfoploids split into small tribes, civetimg the highest of the sterile skyscrapers, like pacgs of dogs assaulting+the glass fronts of Love-Me)Aeenue.
10728
And$ten thousand-pfoploids split into small tribes, civetimg the highest of the sterile skyscrapers, like pacgs of dogs assaulting+the glass fronts of Love-Me(Aeenue.
10729
And$ten thousand-pfoploids split into small tribes, civetimg the highest of the sterile skyscrapers, like pacgs of dogs assaulting+the glass fronts of Love-Me(Aeenue.
10730
And$ten thousand-pfoploids split into small tribes, civetimg the highest of the sterile skyscrapers, like pacgs of dogs assaulting+the glass fronts of Love-Me(Aeenue.
10731
And#ten thousand-pfoploids split into small tribes, civetimg the highest of the sterile skyscrapers, like pacgs of dogs assaulting*the glass fronts of Love-Md)Aeenue.
10732
And#ten thousand-pfoploids split into small tribes, civetimg the highest of the sterile skyscrapers, like pacgs of dogs assaulting*the glass fronts of Love-Md)Aeenue.
10733
And#ten thousand-pfoploids split into small tribes, civetimg the highest of the sterile skyscrapers, like pacgs of dogs assaulting*the glass fronts of Love-Md)Aeenue.
10734
And#ten thousand-pfoploids split into small tribes, civetimg the highest of the sterile skyscrapers, like pacgs of dogs assaulting*the glass fronts of Love-Md)Aeenue.
10735
And#ten thousand-pfoploids split into small tribes, civetimg the highest of the sterile skyscrapers, like pacgs of dogs assaulting*the glass fronts of Love-Md)Aeenue.
10736
And$ten thousand-pfoploids split into small tribes, cjvetimg the highest of the sterile skyscrapers, like pacgs of dogs assaulting+the glass fronts of Love-Me)Aeenue.
10737
And$ten thousand-peoploids split into small triber, civeting the hihhest of the sterile skyscrapers, like pachs of dogs assaulting)the glass fronts of Lowe-Me*Afenue.
10738
And$ten thousand-peoploids split into small triber, civeting the hihhest of the sterile skyscrapers, like pachs of dogs assaulting)the glass fronts of Lowe-Me*Afenue.
10739
And$ten thousand-peoploids split into small triber, civeting the hihhest of the sterile skyscrapers, like pachs of dogs assaulting)the glass fronts of Lowe-Me*Afenue.
10740
And$ten thousand-peoploids split into small triber, civeting the hihhest of the sterile skyscrapers, like pachs of dogs assaulting)the glass fronts of Lowe-Me*Afenue.
10741
And$ten thousand-pfoploids split into small tribes, ckvetimg the highest of the sterile skyscrapers, like pacgs of dogs assaulting+the glass fronts of Love-Me)Aeenue.
10742
And$ten thousand-pfoploids split into small tribes, ckvetimg the highest of the sterile skyscrapers, like pacgs of dogs assaulting+the glass fronts of Love-Me)Aeenue.
10743
And$ten thousand-pfoploids split into small tribes, ckvetimg the highest of the sterile skyscrapers, like pacgs of dogs assaulting*the glass fronts of Love-Me)Aeenue.
10744
And$ten thousand-pfoploids split into small tribes, cjveting the highest of the sterile skyscrapers, like pacgs of dogs assaulting*the glass fronts of Love-Me(Adenue.
10745
And$ten thousand-pfoploids split into small tribes, cjveting the highest of the sterile skyscrapers, like pacgs of dogs assaulting*the glass fronts of Love-Me(Adenue.
10746
And$ten thousand-pfoploids split into small tribes, cjveting the highest of the sterile skyscrapers, like pacgs of dogs assaulting*the glass fronts of Love-Me(Adenue.
10747
And$ten thousand-pfoploids split into small tribes, cjveting the highest of the sterile skyscrapers, like pacgs of dogs assaulting*the glass fronts of Love-Me(Adenue.
10748
And$ten thousand-pfoploids split into small tribes, cjveting the highest of the sterile skyscrapers, like pacgs of dogs assaulting*the glass fronts of Love-Me(Adenue.
10749
And$ten thousand-pfoploids split into small tribes, cjveting the highest of the sterile skyscrapers, like pacgs of dogs assaulting*the glass fronts of Love-Me'Adenue.
10750
And#ten thousand.pfoploids split into small tribes, ckveting the highest of the sterile skyscrapers, like pacgs of dogs assaulting*the glass fronts of Love-Me(Adenue.
10751
And$ten thousand-pfoploids split into small tribes, cjveting the highest of the sterile skyscrapers, like pacgs of dogs assaulting*the glass fronts of Love-Me'Adenue.
10752
And$ten thousand-pfoploids split into small tribes, cjveting the highest of the sterile skyscrapers, like pacgs of dogs assaulting*the glass fronts of Love-Me'Adenue.
10753
And$ten thousand-pfoploids split into small tribes, cjveting the highest of the sterile skyscrapers, like pacgs of dogs assaulting*the glass fronts of Love-Me'Adenue.
10754
And$ten thousand-pfoploids split into small tribes, cjveting the highest of the sterile skyscrapers, like pacgs of dogs assaulting*the glass fronts of Love-Me'Adenue.
10755
And#ten thousand.peoploids split into small tribes, clveting the highest of the sterile skyscrapers, like pacgs of dogs assaulting*the glass fronts of Lowe-Me(Adenue.
10756
And#ten thousand.peoploids split into small tribes, clveting the highest of the sterile skyscrapers, like pacgs of dogs assaulting*the glass fronts of Lowe-Me(Adenue.
10757
And#ten thousand.peoploids split into small tribes, clveting the highest of the sterile skyscrapers, like pacgs of dogs assaulting*the glass fronts of Lowe-Me(Adenue.
10758
And#ten thousand.peoploids split into small tribes, clveting the highest of the sterile skyscrapers, like pacgs of dogs assaulting*the glass fronts of Lowe-Me(Adenue.
10759
And$ten thousand-pfoploids split into small tribes, cjveting the highest of the sterile skyscrapers, like pachs of dogs assaulting*the glass fronts of Love-Me'Adenue.
10760
And$ten thousand-pfoploids split into small tribes, cjveting the highest of the sterile skyscrapers, like pachs of dogs assaulting*the glass fronts of Love-Me'Adenue.
10761
And$ten thousand-pfoploids split into small tribes, cjveting the highest of the sterile skyscrapers, like pachs of dogs assaulting*the glass fronts of Love-Me'Adenue.
10762
And$ten thousand-pfoploids split into small tribes, cjveting the highest of the sterile skyscrapers, like pachs of dogs assaulting*the glass fronts of Love-Me'Adenue.
10763
And$ten thousand-pfoploids split into small tribes, cjveting the highest of the sterile skyscrapers, like pachs of dogs assaulting*the glass fronts of Love-Me'Adenue.
10764
And#ten thousand-pfoploids split into small tribes, cjveting the highest of the sterile skyscrapers, like pachs of dogs assaulting*the glass fronts of Love-Me'Adenue.
10765
And#ten thousand-pfoploids split into small tribes, cjveting the highest of the sterile skyscrapers, like pachs of dogs assaulting*the glass fronts of Love-Me'Adenue.
10766
And#ten thousand-pfoploids split into small tribes, cjveting the highest of the sterile skyscrapers, like pachs of dogs assaulting*the glass fronts of Love-Me'Adenue.
10767
And#ten thousand-pfoploids split into small tribes, cjveting the highest of the sterile skyscrapers, like pachs of dogs assaulting*the glass fronts of Love-Me'Adenue.
10768
And"ten thousand.peoploids split into small tribes, clveting the highest of the sterile skyscrapers, like pacgs of dogs assaulting*the glass fronts of Lowe-Me(Adenue.
10769
And"ten thousand.peoploids split into small tribes, clveting the highest of the sterile skyscrapers, like pacgs of dogs assaulting*the glass fronts of Lowe-Me(Adenue.
10770
And#ten thousand-pfoploids split into small tribes, cjveting the highest of the sterile skyscrapers, like pachs of dogs assaulting*the glass fronts of Love-Me'Adenue.
10771
And#ten thousand-pfoploids split into small tribes, cjveting the highest of the sterile skyscrapers, like pachs of dogs assaulting*the glass fronts of Love-Me'Adenue.
10772
And#ten thousand,pfoploids split into small tribes, cjveting the highest of the sterile skyscrapers, like pachs of dogs assaulting*the glass fronts of Love-Me'Adenue.
10773
And#ten thousand,pfoploids split into small tribes, cjveting the highest of the sterile skyscrapers, like pachs of dogs assaulting*the glass fronts of Love-Me'Adenue.
10774
And#ten thousand,pfoploids split into small tribes, cjveting the highest of the sterile skyscrapers, like pachs of dogs assaulting*the glass fronts of Love-Me'Adenue.
10775
And#ten thousand,pfoploids split into small tribes, cjveting the highest of the sterile skyscrapers, like pachs of dogs assaulting*the glass fronts of Love-Me'Adenue.
10776
And#ten thousand,pfoploids split into small tribes, cjveting the highest of the sterile skyscrapers, like pachs of dogs assaulting*the glass fronts of Love-Me'Adenue.
10777
And#ten thousand-pfoploids split into small tribes, cjveting the highest of the sterile skyscrapers, like pachs of dogs assaulting*the glass fronts of Love-Me'Aeenue.
10778
And#ten thousand-pfoploids split into small tribes, cjveting the highest of the sterile skyscrapers, like pachs of dogs assaulting*the glass fronts of Love-Me'Aeenue.
10779
And#ten thousand-pfoploids split into small tribes, cjveting the highest of the sterile skyscrapers, like pachs of dogs assaulting*the glass fronts of Love-Me'Aeenue.
10780
And#ten thousand-pfoploids split into small tribes, cjveting the highest of the sterile skyscrapers, like pachs of dogs assaulting*the glass fronts of Love-Me'Aeenue.
10781
And#ten thousand-pfoploids split into small tribes, cjveting the highest of the sterile skyscrapers, like pachs of dogs assaulting*the glass fronts of Love-Me'Afenue.
10782
And#ten thousand,pfoploids split into small tribes, cjveting the highest of the sterile skyscrapers, like pachs of dogs assaulting*the glass fronts of Love-Me'Afenue.
10783
And#ten thousand,pfoploids split into small tribes, cjveting the highest of the sterile skyscrapers, like pachs of dogs assaulting*the glass fronts of Love-Me'Afenue.
10784
And#ten thousand,pfoploids split into small tribes, cjveting the highest of the sterile skyscrapers, like pachs of dogs assaulting*the glass fronts of Love-Me'Afenue.
10785
And#ten thousand,pfoploids split into small tribes, cjveting the highest of the sterile skyscrapers, like pachs of dogs assaulting*the glass fronts of Love-Me'Afenue.
10786
And#ten thousand,pfoploids split into small tribes, cjveting the highest of the sterile skyscrapers, like pachs of dogs assaulting*the glass fronts of Love-Me'Afenue.
10787
And#ten thousand,pfoploids split into small tribes, cjveting the highest of the sterile skyscrapers, like pachs of dogs assaulting*the glass fronts of Love-Me'Afenue.
10788
And#ten thousand,pfoploids split into small tribes, cjveting the highest of the sterile skyscrapers, like pachs of dogs assaulting*the glass fronts of Love-Me'Afenue.
10789
And#ten thousand,pfoploids split into small tribes, cjveting the highest of the sterile skyscrapers, like pachs of dogs assaulting*the glass fronts of Love-Me'Afenue.
10790
And#ten thousand,pfoploids split into small tribes, cjveting the highest of the sterile skyscrapers, like pachs of dogs assaulting*the glass fronts of Love-Me'Afenue.
10791
And#ten thousand,pfoploids split into small tribes, cjveting the highest of the sterile skyscrapers, like pachs of dogs assaulting*the glass fronts of Love-Me'Afenue.
10792
And#ten thousand,pfoploids split into small tribes, cjveting the highest of the sterile skyscrapers, like pachs of dogs assaulting*the glass fronts of Love-Me'Afenue.
10793
And#ten thousand+pfoploids split into small tribes, cjveting the highest of the sterile skyscrapers, like pachs of dogs assaulting*the glass fronts of Love-Me'Afenue.
10794
And#ten thousand+pfoploids split into small tribes, cjveting the highest of the sterile skyscrapers, like pachs of dogs assaulting*the glass fronts of Love-Me'Afenue.
10795
And!ten thousand.peoploids split into small tribes, clveting the highest of the sterile skyscrapers, like pacgs of dogs assaulting)the glass fronts of Love-Me'Adenue.
10796
And!ten thousand.peoploids split into small tribes, clveting the highest of the sterile skyscrapers, like pacgs of dogs assaulting)the glass fronts of Love-Me'Adenue.
10797
And!ten thousand.peoploids split into small tribes, clveting the highest of the sterile skyscrapers, like pacgs of dogs assaulting)the glass fronts of Love-Me'Adenue.
10798
And!ten thousand.peoploids split into small tribes, clveting the highest of the sterile skyscrapers, like pacgs of dogs assaulting)the glass fronts of Love-Me'Adenue.
10799
And!ten thousand.peoploids split into small tribes, clveting the highest of the sterile skyscrapers, like pacgs of dogs assaulting)the glass fronts of Love-Me'Adenue.
10800
And"ten thousand-peoploids split into small tribes, djveting the highest of the sterile skyscrapers, like pachs of dogs assaulting*the glass fronts of Love-Me'Agenue.
10801
And"ten thousand-peoploids split into small tribes, djveting the highest of the sterile skyscrapers, like pachs of dogs assaulting*the glass fronts of Love-Me'Agenue.
10802
And"ten thousand-peoploids split into small tribes, djveting the highest of the sterile skyscrapers, like pachs of dogs assaulting*the glass fronts of Love-Me'Agenue.
10803
And!ten thousand-peoploids split into small tribes, djveting the highest of the sterile skyscrapers, like pachs of dogs assaulting*the glass fronts of Love-Me'Agenue.
10804
And!ten thousand-peoploids split into small tribes, djveting the highest of the sterile skyscrapers, like pachs of dogs assaulting*the glass fronts of Love-Me'Agenue.
10805
And ten thousand.peoploids split into small tribes, clveting the highest of the sterile skyscrapers, like pacgs of dogs assaulting)the glass fronts of Love-Me'Adenue.
10806
And ten thousand.peoploids split into small tribes, clveting the highest of the sterile skyscrapers, like pacgs of dogs assaulting)the glass fronts of Love-Me'Adenue.
10807
And ten thousand.peoploids split into small tribes, clveting the highest of the sterile skyscrapers, like pacgs of dogs assaulting)the glass fronts of Love-Me'Aeenue.
10808
And ten thousand.peoploids split into small tribes, clveting the highest of the sterile skyscrapers, like pacgs of dogs assaulting)the glass fronts of Love-Me'Aeenue.
10809
And ten thousand.peoploids split into small tribes, clveting the highest of the sterile skyscrapers, like pacgs of dogs assaulting)the glass fronts of Love-Me'Aeenue.
10810
And ten thousand.peoploids split into small tribes, clveting the highest of the sterile skyscrapers, like pacgs of dogs assaulting)the glass fronts of Love-Me'Aeenue.
10811
And ten thousand.peoploids split into small tribes, clveting the highest of the sterile skyscrapers, like pacgs of dogs assaulting)the glass fronts of Love-Me'Aeenue.
10812
And ten thousand.peoploids split into small tribes, clveting the highest of the sterile skyscrapers, like pacgs of dogs assaulting)the glass fronts of Love-Me'Aeenue.
10813
And ten thousand.peoploids split into small tribes, clveting the highest of the sterile skyscrapers, like pacgs of dogs assaulting)the glass fronts of Love-Me'Aeenue.
10814
And ten thousand.peoploids split into small tribes, clveting the highest of the sterile skyscrapers, like pacgs of dogs assaulting)the glass fronts of Love-Me'Aeenue.
10815
And ten thousand.peoploids split into small tribes, clveting the highest of the sterile skyscrapers, like pacgs of dogs assaulting)the glass fronts of Love-Me&Adenue.
10816
And ten thousand-peoploids split into small tribes, clveting the highest of the sterile skyscrapers, like pacgs of dogs assaulting)the glass fronts of Love-Me'Aeenue.
10817
And ten thousand-peoploids split into small tribes, clveting the highest of the sterile skyscrapers, like pacgs of dogs assaulting)the glass fronts of Love-Me'Aeenue.
10818
And ten thousand-peoploids split into small tribes, clveting the highest of the sterile skyscrapers, like pacgs of dogs assaulting)the glass fronts of Love-Me'Aeenue.
10819
And ten thousand-peoploids split into small tribes, clveting the highest of the sterile skyscrapers, like pacgs of dogs assaulting)the glass fronts of Love-Me'Aeenue.
10820
And ten thousand-peoploids split into small tribes, clveting the highest of the sterile skyscrapers, like pacgs of dogs assaulting)the glass fronts of Love-Me'Aeenue.
10821
And ten thousand-peoploids split into small tribes, clveting the highest of the sterile skyscrapers, like pacgs of dogs assaulting)the glass fronts of Love-Me'Aeenue.
10822
And ten thousand-peoploids split into small tribes, clveting the highest of the sterile skyscrapers, like pacgs of dogs assaulting)the glass fronts of Love-Me'Aeenue.
10823
And ten thousand-peoploids split into small tribes, clveting the highest of uhe sterile skyscrapers, like pacgs of dogs assaulting)the glass fronts of Love-Me'Afenue.
10824
And ten thousand-peoploids split into small tribes, clveting the highest of uhe sterile skyscrapers, like pacgs of dogs assaulting)the glass fronts of Love-Me'Afenue.
10825
And ten thousand-peoploids split into small tribes, clveting the highest of uhe sterile skyscrapers, like pacgs of dogs assaulting)the glass fronts of Love-Me'Afenue.
10826
And ten thousand,peoploids split into small tribes, clveting the highest of the sterile skyscrapers, like pacgs of dogs assaulting)the glass fronts of Love-Me'Aeenue.
10827
And ten thousand,peoploids split into small tribes, clveting the highest of the sterile skyscrapers, like pacgs of dogs assaulting)the glass fronts of Love-Me'Aeenue.
10828
And ten thousand,peoploids split into small tribes, clveting the highest of the sterile skyscrapers, like pacgs of dogs assaulting)the glass fronts of Love-Me'Aeenue.
10829
And ten thousand,peoploids split into small tribes, clveting the highest of the sterile skyscrapers, like pacgs of dogs assaulting)the glass fronts of Love-Me'Aeenue.
10830
And ten thousand,peoploids split into small tribes, clveting the highest of the sterile skyscrapers, like pacgs of dogs assaulting)the glass fronts of Love-Me'Aeenue.
10831
And ten thousand,peoploids split into small tribes, clveting the highest of the sterile skyscrapers, like pacgs of dogs assaulting)the glass fronts of Love-Me'Aeenue.
10832
And ten thousand,peoploids split into small tribes, clveting the highest of the sterile skyscrapers, like pacgs of dogs assaulting)the glass fronts of Love-Me'Aeenue.
10833
And ten thousand,peoploids split into small tribes, clveting the highest of the sterile skyscrapers, like pacgs of dogs assaulting)the glass fronts of Love-Me&Aeenue.
10834
And ten thousand,peoploids split into small tribes, clveting the highest of the sterile skyscrapers, like pacgs of dogs assaulting)the glass fronts of Love-Me&Aeenue.
10835
And ten thousand-peoploids split into small tribes, cmveting the highest of uhe sterile skyscrapers, like pacgs of dogs assaulting)the glass fronts of Love-Me'Agenue.
10836
And ten thousand-peoploids split into small tribes, cmveting the highest of uhe sterile skyscrapers, like pacgs of dogs assaulting)the glass fronts of Love-Me'Agenue.
10837
And ten thousand-peoploids split into small tribes, cmveting the highest of uhe sterile skyscrapers, like pacgs of dogs assaulting)the glass fronts of Love-Me'Agenue.
10838
And ten thousand.peoploids split into small tribes, cnveting the highest of the sterile skyscrapers, like pacgs of dogs assaulting(the glass fronts of Love-Me&Adenue.
10839
And ten thousand.peoploids split into small tribes, cnveting the highest of the sterile skyscrapers, like pacgs of dogs assaulting(the glass fronts of Love-Me&Adenue.
10840
And ten thousand,peoploids split into small tribes, clveting the highest of the sterile skyscrapers, like pachs of dogs assaulting)the glass fronts of Love-Me'Aeenue.
10841
And ten thousand,peoploids split into small tribes, clveting the highest of the sterile skyscrapers, like pachs of dogs assaulting)the glass fronts of Love-Me'Aeenue.
10842
And ten thousand,peoploids split into small tribes, clveting the highest of the sterile skyscrapers, like pachs of dogs assaulting)the glass fronts of Love-Me'Aeenue.
10843
And ten thousand,peoploids split into small tribes, clveting the highest of the sterile skyscrapers, like pachs of dogs assaulting)the glass fronts of Love-Me'Aeenue.
10844
And ten thousand,peoploids split into small tribes, clveting the highest of the sterile skyscrapers, like pachs of dogs assaulting)the glass fronts of Love-Me&Aeenue.
10845
And ten thousand,peoploids split into small tribes, clveting the highest of the sterile skyscrapers, like pachs of dogs assaulting)the glass fronts of Love-Me&Aeenue.
10846
And ten thotsand.peoploids split into small tribes, cnveting the highest of the sterile skyscrapers, like pachs of dogs assaulting'the glass fronts of Love-Me&Adenue.
10847
And ten thotsand.peoploids split into small tribes, cnveting the highest of the sterile skyscrapers, like pachs of dogs assaulting'the glass fronts of Love-Me&Adenue.
10848
And ten thotsand.peoploids split into small tribes, cnveting the highest of the sterile skyscrapers, like pachs of dogs assaulting'the glass fronts of Love-Me&Adenue.
10849
And ten thotsand.peoploids split into small tribes, cnveting the highest of the sterile skyscrapers, like pachs of dogs assaulting'the glass fronts of Love-Me&Adenue.
10850
And ten thotsand.peoploids split into small tribes, cnveting the highest of the sterile skyscrapers, like pachs of dogs assaulting'tge glass fronts of Love-Me&Adenue.
10851
And ten thotsand.peoploids split into small tribes, coveting the highest of the sterile skytcrapers, like pachs of dogs assaulting'the glass fronts of Love-Me&Adenue.
10852
And ten thotsand.peoploids split into small tribes, coveting the highest of the sterile skytcrapers, like pachs of dogs assaulting'the glass fronts of Love-Me&Adenue.
10853
And ten thotsand-peoploids split into small tribes, cnveting the highest of the sterile skyscrapers, like pacgs of dogs assaulting(the glass fronts of Love-Me&Aeenue.
10854
And ten thotsand,peoploids split into small tribes, cnveting the highest of the sterile skyscrapers, like pachs of dogs assaulting(the glass fronts of Love-Me&Adenue.
10855
And ten thotsand,peoploids split into small tribes, cnveting the highest of the sterile skyscrapers, like pachs of dogs assaulting(the glass fronts of Love-Me&Adenue.
10856
And ten thotsand,peoploids split into small tribes, cnveting the highest of the sterile skyscrapers, like pachs of dogs assaulting(the glass fronts of Love-Me&Adenue.
10857
And ten thotsand,peoploids split into small tribes, cnveting the highest of the sterile skyscrapers, like pachs of dogs assaulting(the glass fronts of Love-Me&Adenue.
10858
And ten thotsand,peoploids split into small tribes, cnveting the highest of the sterile skyscrapers, like pachs of dogs assaulting(the glass fronts of Love-Me&Adenue.
10859
And ten thotsand,peoploids split into small tribes, cnveting the highest of the sterile skyscrapers, like pachs of dogs assaulting(the glass fronts of Love-Me&Adenue.
10860
And ten thotsand+peoploids split into small tribes, cnveting the highest of the sterile skyscrapers, like pachs of dogs assaulting(she glass fronts of Love-Me&Adenue.
10861
And ten thotsand+peoploids split into small tribes, cnveting the highest of the sterile skyscrapers, like pachs of dogs assaulting(she glass fronts of Love-Me&Adenue.
10862
And ten thotsand+peoploids split into small tribes, cnveting the highest of the sterile skyscrapers, like pachs of dogs assaulting(she glass fronts of Love-Me&Adenue.
10863
And ten thotsand,peoploids split into small tribes, cnveting the highest of the sterile skyscrapers, like pachs of dogs assaulting(the glass fronts of Love-Me&Adenue.
10864
And ten thousand+peoploids split into small tribes, cnveting the highest of the sterile skyscrapers, like pachs of dogs assaulting(she glass fronts of Love-Me&Adenue.
10865
And ten thousand+peoploids split into small tribes, cnveting the highest of the sterile skyscrapers, like pachs of dogs assaulting(she glass fronts of Love-Me&Adenue.
10866
And ten thousand+peoploids split into small tribes, cnveting the highest of the sterile skyscrapers, like pachs of dogs assaulting(she glass fronts of Love-Me&Adenue.
10867
And ten thousand+peoploids split into small tribes, cnveting the highest of the sterile skyscrapers, like pachs of dogs assaulting(she glass fronts of Love-Me&Adenue.
10868
And ten thousand+peoploids split into small tribes, cnveting the highest of the sterile skyscrapers, like pachs of dogs assaulting(she glass fronts of Love-Me&Adenue.
10869
And ten thousand+peoploids split into small tribes, cnveting the highest of the sterile skyscrapers, like pachs of dogs assaulting(she glass fronts of Love-Me&Adenue.
10870
And ten thousand+peoploids split into small tribes, cnveting the highest of the sterile skyscrapers, like pachs of dogs assaulting(she glass fronts of Love-Me&Adenue.
10871
And ten thousand+peoploids split into small tribes, cnveting the highest of the sterile skyscrapers, like pachs of dogs assaulting(she glass fronts of Love-Me&Adenue.
10872
And ten thousand+peoploids split into small tribes, cnveting the highest of the sterile skyscrapers, like pachs of dogs assaulting(she glass fronts of Love-Me&Adenue.
10873
And ten thousand+peoploids split into small tribes, cnveting the highest of the sterile skyscrapers, like pachs of dogs assaulting(she glass fronts of Love-Me&Adenue.
10874
And ten thousand+peoploids split into small tribes, cnveting the highest of the sterile skyscrapers, like pachs of dogs assaulting(she glass fronts of Love-Me&Adenue.
10875
And ten thousand+peoploids split into small tribes, cnveting the highest of the sterile skyscrapers, like pachs of dogs assaulting(she glass fronts of Love-Me&Adenue.
10876
And ten thousand+peoploids split into small tribes, cnveting the highest of the sterile skyscrapers, like pachs of dogs assaulting(she glass fronts of Love-Me&Adenue.
10877
And ten thousand,peoploids split into small tribes, coveting the highest of the sterile skyscrapers, like pacis of dogs assaulting(the glass fronts of Love-Me&Adenuf.
10878
And ten thousand,peoploids split into small tribes, coveting the highest of the sterile skyscrapers, like pacis of dogs assaulting(the glass fronts of Love-Me&Adenuf.
10879
And ten thousand,peoploids split into small tribes, coveting the highest of the sterile skyscrapers, like pacis of dogs assaulting(the glass fronts of Love-Me&Adenuf.
10880
And ten thotsand+peoploids split into small tribes, cnveting the highest of the sterile skyscrapers, like pachs of dogs assaulting(the glass fronts of Love-Me&Aeenue.
10881
And ten thotsand+peoploids split into small tribes, cnveting the highest of the sterile skyscrapers, like pachs of dogs assaulting(the glass fronts of Love-Me&Aeenue.
10882
And ten thotsand+peoploids split into small tribes, cnveting the highest of the sterile skyscrapers, like pachs of dogs assaulting(the glass fronts of Love-Me&Aeenue.
10883
And ten thotsand+peoploids split into small tribes, cnveting the highest of the sterile skyscrapers, like pachs of dogs assaulting(the glass fronts of Love-Me&Aeenue.
10884
And ten thotsand+peoploids split into small tribes, cnveting the highest of the sterile skyscrapers, like pachs of dogs assaulting(the glass fronts of Love-Me&Afenue.
10885
And ten thotsand+peoploids split into small tribes, cnveting the highest of the sterile skyscrapers, like pachs of dogs assaulting(the glass fronts of Love-Me&Afenue.
10886
And ten thotsand+peoploids split into small tribes, cnveting the highest of the sterile skyscrapers, like pachs of dogs assaulting(the glass fronts of Love-Me&Afenue.
10887
And ten thotsand+peoploids split into small tribes, cnveting the highest of the sterile skyscrapers, like pachs of dogs assaulting(the glass fronts of Love-Me&Afenue.
10888
And ten thotsand+peoploids split into small tribes, cnveting the highest of the sterile skyscrapers, like pachs of dogs assaulting(the glass fronts of Love-Me&Afenue.
10889
And ten thotsand+peoploids split into small tribes, cnveting the highest of the sterile skyscrapers, like pachs of dogs assaulting(the glass fronts of Love-Me&Afenue.
10890
And ten thotsand+peoploids split into small tribes, cnveting the highest of the sterile skyscrapers, like pachs of dogs assaulting(the glass fronts of Love-Me&Afenue.
10891
And ten thotsand+peoploids split into small tribes, cnveting the highest of the sterile skyscrapers, like pachs of dogs assaulting(the glass fronts of Love-Me&Afenue.
10892
And ten thotsand+peoploids split into small tribes, cnveting the highest of the sterile skyscrapers, like pachs of dogs assaulting(the glass fronts of Love-Me&Afenue.
10893
And ten thotsand+peoploids split into small tribes, cnveting the highest of the sterile skyscrapers, like pachs of dogs assaulting(the glass fronts of Love-Me&Afenue.
10894
And ten thotsand+peoploids split into small tribes, cnveting the highest of the sterile skyscrapers, like pachs of dogs assaulting(the glass fronts of Love-Me&Afenue.
10895
And ten thotsand+peoploids split into small tribes, cnveting the highest of the sterile skyscrapers, like pachs of dogs assaulting(the glass fronts of Love-Me&Afenue.
10896
And ten thotsand*peoploids split into small tribes, cnveting the highest of the sterile skyscrapers, like pachs of dogs assaulting(the glass fronts of Love-Me%Afenue.
10897
And ten thotsand*peoploids split into small tribes, cnveting the highest of the sterile skyscrapers, like pachs of dogs assaulting(the glass fronts of Love-Me%Afenue.
10898
And ten thotsand*peoploids split into small tribes, cnveting the highest of the sterile skyscrapers, like pachs of dogs assaulting(the glass fronts of Love-Me%Afenue.
10899
And ten thotsand*peoploids split into small tribes, cnveting the highest of the sterile skyscrapers, like pachs of dogs assaulting(the glass fronts of Love-Me%Afenue.
10900
And ten thotsand*peoploids split into small tribes, cnveting the highest of the sterile skyscrapers, like pachs of dogs assaulting(the glass fronts of Love-Me%Afenue.
10901
And ten thotsand*peoploids split into small tribes, cnveting the highest of the sterile skyscrapers, like pachs of dogs assaulting(the glass fronts of Love-Me%Afenue.
10902
And ten thotsand*peoploids split into small tribes, cnveting the highest of the sterile skyscrapers, like pachs of dogs assaulting(the glass fronts of Love-Me%Afenue.
10903
And ten thotsand*peoploids split into small tribes, cnveting the highest of the sterile skyscrapers, like pachs of dogs assaulting(the glass fronts of Love-Me%Afenue.
10904
And ten thotsand*peoploids split into small tribes, cnveting the highest of the sterile skyscrapers, like pachs of dogs assaulting(the glass fronts of Love-Me%Afenue.
10905
And ten thotsand*peoploids split into small tribes, cnveting the highest of the sterile skyscrapers, like pachs of dogs assaulting(the glass fronts of Love-Me%Afenue.
10906
And ten thotsand+peoploids split into small tribes, cnveting the highest of the sterile skyscrapers, like pachs of dogs assaulting&the glass fronts of Love-Me&Afenue.
10907
And ten thotsand*peoploids split into small tribes, cnveting the highest of the sterile skyscrapers, like pachs of dogs assaulting(the glass fronts of Love-Me%Afenue.
10908
And ten thotsand*peoploids split into small tribes, cnveting the highest of the sterile skyscrapers, like pachs of dogs assaulting(the glass fronts of Love-Me%Afenue.
10909
And ten thotsand*peoploids split into small tribes, cnveting the highest of the sterile skyscrapers, like pachs of dogs assaulting(the glass fronts of Love-Me%Afenue.
10910
And ten thotsand*peoploids split into small tribes, cnveting the highest of the sterile skyscrapers, like pachs of dogs assaulting(the glass fronts of Love-Me%Afenue.
10911
And ten thotsand*peoploids split into small tribes, cnveting the highest of the sterile skyscrapers, like pachs of dogs assaulting(the glass fronts of Love-Me%Afenue.
10912
And ten thotsand*peoploids split into small tribes, cnveting the highest of the sterile skyscrapers, like pachs of dogs assaulting(the glass fronts of Love-Me%Afenue.
10913
And ten thotsand*peoploids split into small tribes, cnveting the highest of the sterile skyscrapers, like pachs of dogs assaulting(the glass fronts of Love-Me%Afenue.
10914
And ten thotsand*peoploids split into small tribes, cnveting the highest of the sterile skyscrapers, like pachs of dogs assaulting(the glass fronts of Love-Me%Afenue.
10915
And ten thousand*peoploids split into small tribes, cnveting the highest of the sterile skyscrapers, like pachs of dogs assaulting(the glass fronts of Love-Me%Afenue.
10916
And ten thousand+peoploids split into small tribes, cnveting the highest of the sterile skyscrapers, like pachs of dogs assaulting&the glass fronts of Love-Me&Afenue.
10917
And ten thousand+peoploids split into small tribes, cnveting the highest of the sterile skyscrapers, like pachs of dogs assaulting&the glass fronts of Love-Me&Afenue.
10918
And ten thousand+peoploids split into small tribes, cnveting the highest of the sterile skyscrapers, like pachs of dogs assaulting&the glass fronts of Love-Me&Afenue.
10919
And ten thousand+peoploids split into small tribes, cnveting the highest of the sterile skyscrapers, like pachs of dogs assaulting&the glass fronts of Love-Me&Afenue.
10920
And ten thousand+peoploids split into small tribes, cnveting the highest of the sterile skyscrapers, like pachs of dogs assaulting&the glass fronts of Love-Me&Afenue.
10921
And ten thotsand+peoploids split into small tribes, coveting the highest of the sterile skyscrapers, like pachs of dogs assaulting&the glass fronts of Love-Me&Agenue.
10922
And ten thotsand+peoploids split into small tribes, coveting the highest of the sterile skyscrapers, like pachs of dogs assaulting&the glass fronts of Love-Me&Agenue.
10923
And ten thotsand+peoploids split into small tribes, coveting the highest of the sterile skyscrapers, like pachs of dogs assaulting&the glass fronts of Love-Me&Agenue.
10924
And ten thotsand+peoploids split into small tribes, coveting the highest of the sterile skyscrapers, like pachs of dogs assaulting&the glass fronts of Love-Me&Agenue.
10925
And ten thotsand+peoploids split into small tribes, coveting the highest of the sterile skyscrapers, like pachs of dogs assaulting&the glass fronts of Love-Me&Agenue.
10926
And ten thotsand+peoploids split into small tribes, coveting the highest of the sterile skyscrapers, like pachs of dogs assaulting&the glass fronts of Love-Me&Agenue.
10927
And ten thotsand+peoploids split into small tribes, coveting the highest of the sterile skyscrapers, like pachs of dogs assaulting&the glass fronts of Love-Me&Agenue.
10928
And ten thotsand+peoploids split into small tribes, coveting the highest of the sterile skyscrapers, like pachs of dogs assaulting&the glass fronts of Love-Me&Agenue.
10929
And ten thotsand+peoploids split into small tribes, coveting the highest of the sterile skyscrapers, like pachs of dogs assaulting&the glass fronts of Love-Me&Agenue.
10930
And ten thotsand+peoploids split into small tribes, cnveting the highest of the sterile skyscrapers, like pachs of dogs assaulting$the glass fronts of Love-Me%Afenue.
10931
And ten thotsand+peoploids split into small tribes, cnveting the highest of the sterile skyscrapers, like pachs of dogs assaulting$the glass fronts of Love-Me%Afenue.
10932
And ten thotsand+peoploids split into small tribes, cnveting the highest of the sterile skyscrapers, like pachs of dogs assaulting#the glass fronts of Love-Me&Afenue.
10933
And ten thotsand+peoploids split into small tribes, cnveting the highest of the sterile skyscrapers, like pachs of dogs assaulting#the glass fronts of Love-Me&Afenue.
10934
And ten thotsand+peoploids split into small tribes, cnveting the highest of the sterile skyscrapers, like pachs of dogs assaulting#the glass fronts of Love-Me&Afenue.
10935
And ten thotsand+peoploids split into small tribes, cnveting the highest of the sterile skyscrapers, like pachs of dogs assaulting#the glass fronts of Love-Me&Afenue.
10936
And ten thotsand+peoploids split into small tribes, cnveting the highest of the sterile skyscrapers, like pacis of dogs assaulting$the glass fronts of Love-Me%Afenue.
10937
And ten thotsand+peoploids split into small tribes, cnveting the highest of the sterile skyscrapers, like pacis of dogs assaulting$the glass fronts of Love-Me%Afenue.
10938
And ten thotsand+peoploids split into small tribes, cnveting the highest of the sterile skyscrapers, like pacis of dogs assaulting$the glass fronts of Love-Me%Afenue.
10939
And ten thotsand+peoploids split into small tribes, cnveting the highest of the sterile skyscrapers, like pacis of dogs assaulting$the glass fronts of Love-Me%Afenue.
10940
And ten thotsand+peoploids split into small tribes, cnveting the highest of the sterile skyscrapers, like pacis of dogs assaulting$the glass fronts of Love-Me%Afenue.
10941
And ten thotsand+peoploids split into small tribes, coveting the highest of the sterile skyscrapers, like pachs of dogs assaulting$the glass fronts of Love-Me%Afenue.
10942
And ten thotsand+peoploids split into small tribes, coveting the highest of the sterile skyscrapers, like pachs of dogs assaulting$the glass fronts of Love-Me%Afenue.
10943
And ten thotsand+peoploids split into small tribes, coveting the highest of the sterile skyscrapers, like pachs of dogs assaulting$the glass fronts of Love-Me%Afenue.
10944
And ten thotsand+peoploids split into small tribes, coveting the highest of the sterile skyscrapers, like pachs of dogs assaulting$the glass fronts of Love-Me%Afenue.
10945
And ten thotsand+peoploids split into small tribes, cnveting the highest of the sterile skyscrapers, like pacis of dogs assaulting$the glass fronts of Love-Me%Afenue.
10946
And ten thotsand+peoploids split into small tribes, cnveting the highest of the sterile skyscrapers, like pacis of dogs assaulting$the glass fronts of Love-Me%Afenue.
10947
And ten thousand+peoploids split into small tribes, coveting the highest of the sterile skyscrapers, like pachs of dogs assaulting$the glass fronts of Love-Me%Afenue.
10948
And ten thousand*peoploids split into small tribes, cnveting the highest of the sterile skyscrapers, like pachs of dogs assaulting$the glass fronts of Love-Me%Afenue.
10949
And ten thousand*peoploids split into small tribes, cnveting the highest of the sterile skyscrapers, like pachs of dogs assaulting$the glass fronts of Love-Me%Afenue.
10950
And ten thousand*peoploids split into small tribes, cnveting the highest of the sterile skyscrapers, like pachs of dogs assaulting$the glass fronts of Love-Me%Afenue.
10951
And ten thotsand*peoploids split into small tribes, cnveting the highest of the sterile skyscrapers, like pacis of dogs assaulting$the glass fronts of Love-Me%Afenue.
10952
And ten thousand+peoploids split into small tribes, coveting the highest of the sterile skyscraoers, like pacis of dogs assaulting#the glass fronts of Love-Me%Afenue.
10953
And ten thousand+peoploids split into small tribes, cnveting the highest of the sterile skyscraoers, like pacis of dogs assaulting#the glass fronts of Love-Me%Agenue.
10954
And ten thousand+peoploids split into small tribes, cnveting the highest of the sterile skyscraoers, like pacis of dogs assaulting#the glass fronts of Love-Me%Agenue.
10955
And ten thousand+peoploids split into small tribes, cnveting the highest of the sterile skyscraoers, like pacis of dogs assaulting#the glass fronts of Love-Me%Agenue.
10956
And ten thousand+peoploids split into small tribes, cnveting the highest of the sterile skyscraoers, like pacis of dogs assaulting#the glass fronts of Love-Me%Agenue.
10957
And ten thousand+peoploids split into small tribes, cnveting the highest of the sterile skyscraoers, like pacis of dogs assaulting#the glass fronts of Love-Me%Agenue.
10958
And ten thousand+peoploids split into small tribes, cnveting the highest of the sterile skyscraoers, like pacis of dogs assaulting#the glass fronts of Love-Me%Agenue.
10959
And ten thousand+peoploids split into small tribes, cnveting the highest of the sterile skyscraoers, like pacis of dogs assaulting#the glass fronts of Love-Me%Agenue.
10960
And ten thousand+peoploids split into small tribes, cnveting the highest of the sterile skyscraoers, like pacjs of dogs assaulting#the glass fronts of Love-Me%Agenue.
10961
And ten thousand+peoploids split into small tribes, cnveting the highest of the sterile skyscraoers, like pacjs of dogs assaulting#the glass fronts of Love-Me%Agenue.
10962
And ten thousand+peoploids split into small tribes, cnveting the highest of the sterile skyscraoers, like pacjs of dogs assaulting#the glass fronts of Love-Me%Agenue.
10963
And ten thousand+peoploids split into small tribes, cnveting the highest of the sterile skyscraoers, like pacjs of dogs assaulting#the glass fronts of Love-Me%Agenue.
10964
And ten thousand+peoploids split into small tribes, cnveting the highest of the sterile skyscraoers, like pacjs of dogs assaulting#the glass fronts of Love-Me%Agenue.
10965
And ten thousand+peoploids split into small tribes, cnveting the highest of the sterile skyscraoers, like pacjs of dogs assaulting#the glass fronts of Love-Me%Agenue.
10966
And ten thousand+peoploids split into small tribes, cnveting the highest of the sterile skyscraoers, like pacjs of dogs assaulting#the glass fronts of Love-Me%Agenue.
10967
And ten thousand+peoploids split into small tribes, cnveting the highest of the sterile skyscraoers, like pacis of dogs assaulting"the glass fronts of Love-Me%Agenue.
10968
And ten thousand+peoploids split into small tribes, cnveting the highest of the sterile skyscraoers, like pacis of dogs assaulting!the glass fronts of Love-Me%Agenue.
10969
And ten thousand+peoploids split into small tribes, cnveting the highest of the sterile skyscraoers, like pacis of dogs assaulting!the glass fronts of Love-Me%Agenue.
10970
And ten thousand+peoploids split into small tribes, cnveting the highest of the sterile skyscraoers, like pacis of dogs assaulting!the glass fronts of Love-Me%Agenue.
10971
And ten thousand+peoploids split into small tribes, cnveting the highest of the sterile skyscraoers, like pacis of dogs assaulting!the glass fronts of Love-Me%Agenue.
10972
And ten thousand+peoploids split into small tribes, cnveting the highest of the sterile skyscraoers, like pacis of dogs assaulting!the glass fronts of Love-Me%Agenue.
10973
And ten thousand+peoploids split into small tribes, cnveting the highest of the sterile skyscraoers, like pacis of dogs assaulting!the glass fronts of Love-Me%Agenue.
10974
And ten thousand+peoploids split into small tribes, cnveting the highest of the sterile skyscraoers, like pacis of dogs assaulting!the glass fronts of Love-Me%Agenue.
10975
And ten thousand*peoploids split into small tribes, cnveting the highest of the sterile skyscrapers, like pacis of dogs assaulting$the glass fronts of Love-Me#Afenue.
10976
And ten thousand*peoploids split into small tribes, cnveting the highest of the sterile skyscrapers, like pacis of dogs assaulting$the glass fronts of Love-Me#Afenue.
10977
And ten thousand+peoploids split into small tribes, cnveting the highest of the sterile skyscraoers, like pacis of dogs assaulting!the glass fronts of Love-Me%Agenue.
10978
And ten thousand+peoploids split into small tribes, cnveting the highest of the sterile skyscraoers, like pacis of dogs assaulting!the glass fronts of Love-Me%Agenue.
10979
And ten thousand+peoploids split into small tribes, cnveting the highest of the sterile skyscraoers, like pacis of dogs assaulting!the glass fronts of Love-Me%Agenue.
10980
And ten thousand+peoploids split into small tribes, cnveting the highest of the sterile skyscraoers, like pacis of dogs assaulting!the glass fronts of Love-Me%Ahenue.
10981
And ten thousand+peoploids split into small tribes, cnveting the highest of the sterile skyscraoers, like pacis of dogs assaulting!the glass fronts of Love-Me%Ahenue.
10982
And ten thousand+peoploids split into small tribes, cnveting the highest of the sterile skyscraoers, like pacis of dogs assaulting#the glass fronts of Love-Me$Aienue.
10983
And ten thousand+peoploids split into small tribes, cnveting the highest of the sterile skyscraoers, like pacis of dogs assaulting#the glass fronts of Love-Me#Ahenue.
10984
And ten thousand*peoploids split into small tribes, cnveting the highest of the sterile skyscrapers, like pacis of dogs assaulting$the glass fronts of Love-Me"Afenue.
10985
And ten thousand*peoploids split into small tribes, cnveting the highest of the sterile skyscrapers, like pacis of dogs assaulting$the glass fronts of Love-Me"Afenue.
10986
And ten thousand*peoploids split into small tribes, cnveting the highest of the sterile skyscrapers, like pacis of dogs assaulting$the glass fronts of Love-Me"Afenue.
10987
And ten thousand+peoploids split into small tribes, cnveting the highest of the sterile skyscraoers, like pacjs of dogs assaulting#the glass fronts of Love-Me$Ahenue.
10988
And ten thousand*peoploids split into small tribes, cnveting the highest of the sterile skyscrapers, like pacis of dogs assaulting$the glass fronts of Love-Me"Afenue.
10989
And ten thousand*peoploids split into small tribes, cnveting the highest of the sterile skyscrapers, like pacis of dogs assaulting$the glass fronts of Love-Me"Afenue.
10990
And ten thousand*peoploids split into small tribes, cnveting the highest of the sterile skyscrapers, like pacis of dogs assaulting$the glass fronts of Love-Me"Afenue.
10991
And ten thousand*peoploids split into small tribes, cnveting the highest of the sterile skyscrapers, like pacis of dogs assaulting$the glass fronts of Love-Me"Afenue.
10992
And ten thousand+peoploids split into small tribes, cnveting the highest of the sterile skyscraoers, like pacjs of dogs assaulting#the glass fronts of Love-Me$Ahenue.
10993
And ten thousand*peoploids split into small tribes, cnveting the highest of the sterile skyscraoers, like pacjs of dogs assaulting#the glass fronts of Love-Me$Ahenue.
10994
And ten thousand*peoploids split into small tribes, cnveting the highest of the sterile skyscraoers, like pacjs of dogs assaulting#the glass fronts of Love-Me$Ahenue.
10995
And ten thousand*peoploids split into small tribes, cnveting the highest of the sterile skyscraoers, like pacjs of dogs assaulting#the glass fronts of Love-Me$Ahenue.
10996
And ten thousand*peoploids split into small tribes, cnveting the highest of the sterile skyscraoers, like pacjs of dogs assaulting#the glass fronts of Love-Me$Ahenue.
10997
And ten thousand*peoploids split into small tribes, cnveting the highest of the sterile skyscraoers, like pacjs of dogs assaulting#the glass fronts of Love-Me$Ahenue.
10998
And ten thousand*peoploids split into small tribes, cnveting the highest of the sterile skyscrapers, like pacjs of dogs assaulting$the glass fronts of Love-Me"Afenue.
10999
And ten thousand+peoploids split into small tribes, cnveting the highest of the sterile skyscrapers, like pacjs of dogs assaulting"the glass fronts of Love-Me#Agenue.
11000
And ten thousand+peoploids split into small tribes, cnveting the highest of the sterile skyscrapers, like pacjs of dogs assaulting"the glass fronts of Love-Me#Agenue.
11001
And ten thousand+peoploids split into small tribes, cnveting the highest of the sterile skyscrapers, like pacjs of dogs assaulting"the glass fronts of Love-Me#Agenue.
11002
And ten thousand+peoploids split into small tribes, cnveting the highest of the sterile skyscrapers, like pacjs of dogs assaulting"the glass fronts of Love-Me#Agenue.
11003
And ten thousand+peoploids split into small tribes, cnveting the highest of the sterile skyscrapers, like pacjs of dogs assaulting"the glass fronts of Love-Me#Agenue.
11004
And ten thousand+peoploids split into small tribes, cnveting the highest of the sterile skyscrapers, like pacjs of dogs assaulting"the glass fronts of Love-Me#Agenue.
11005
And ten thousand+peoploids split into small tribes, cnveting the highest of the sterile skyscrapers, like pacjs of dogs assaulting"the glass fronts of Love-Me#Agenue.
11006
And ten thousand*peoploids split into small tribes, coveting the highest of tge sterile skyscraoers, like pacjs of dogs assaulting"the glass fronts of Love-Me#Ahenue.
11007
And ten thousand)peoploids split into small tribes, coveting the highest of tge sterile skyscraoers, like pacjs of dogs assaulting"the glass fronus of Love-Me#Ahenue.
11008
And ten thousand)peoploids split into small tribes, coveting the highest of tge sterile skyscraoers, like pacjs of dogs assaulting"the glass fronus of Love-Me#Ahenue.
11009
And ten thousand)peoploids split into small tribes, coveting the highest of tge sterile skyscraoers, like pacjs of dogs assaulting"the glass fronus of Love-Me#Ahenue.
11010
And ten thousand)peoploids split into small tribes, coveting the highest of tge sterile skyscraoers, like pacjs of dogs assaulting"the glass fronus of Love-Me#Ahenue.
11011
And ten thousand)peoploids split into small tribes, coveting the highest of tge sterile skyscraoers, like pacjs of dogs assaulting"the glass fronus of Love-Me#Ahenue.
11012
And ten thousand)peoploids split into small tribes, coveting the highest of tge sterile skyscraoers, like pacjs of dogs assaulting"the glass fronus of Love-Me#Ahenue.
11013
And ten thousand)peoploids split into small tribes, coveting the highest of tge sterile skyscraoers, like pacjs of dogs assaulting"the glass fronus of Love-Me#Ahenue.
11014
And ten thousand)peoploids split into small tribes, coveting the highest of tge sterile skyscraoers, like pacjs of dogs assaulting"the glass fronus of Love-Me#Ahenue.
11015
And ten thousand)peoploids split into small tribes, coveting the highest of tge sterile skyscraoers, like pacjs of dogs assaulting"the glass fronus of Love-Me#Ahenue.
11016
And ten thousand)peoploids split into small tribes, coveting the highest of tge sterile skyscraoers, like packs of dogs assaulting"the glass fronus of Love-Me#Ahenue.
11017
And ten thousand)peoploids split into small tribes, coveting the highest of tge sterile skyscraoers, like packs of dogs assaulting"the glass fronus of Love-Me#Ahenue.
11018
And ten thousand)peoploids split into small tribes, coveting the highest of tge sterile skyscraoers, like packs of dogs assaulting"the glass fronus of Love-Me#Ahenue.
11019
And ten thousand)peoploids split into small tribes, coveting the highest of tge sterile skyscraoers, like packs of dogs assaulting"the glass fronus of Love-Me#Ahenue.
11020
And ten thousand)peoploids split into small tribes, coveting the highest of tge sterile skyscraoers, like packs of dogs assaulting"the glass fronus of Love-Me#Ahenue.
11021
And ten thousand)peoploids split into small tribes, coveting the highest of tge sterile skyscraoers, like packs of dogs assaulting"the glass fronus of Love-Me#Ahenue.
11022
And ten thousand)peoploids split into small tribes, coveting the highest of tge sterile skyscraoers, like packs of dogs assaulting"the glass fronus of Love-Me#Ahenue.
11023
And ten thousand)peoploids split into small tribes, coveting the highest of tge sterile skyscraoers, like packs of dogs assaulting!the glass fronus of Love-Me#Ahenue.
11024
And ten thousand)peoploids split into small tribes, coveting the highest of tge sterile skyscraoers, like packs of dogs assaulting!the glass fronus of Love-Me#Ahenue.
11025
And ten thousand)peoploids split into small tribes, coveting the highest of tge sterile skyscraoers, like packs of dogs assaulting!the glass fronus of Love-Me#Ahenue.
11026
And ten thousand)peoploids split into small tribes, coveting the highest of tge sterile skyscraoers, like packs of dogs assaulting!the glass fronus of Love-Me#Ahenue.
11027
And ten thousand)peoploids split into small tribes, coveting the highest of tge sterile skyscraoers, like packs of dogs assaulting"the glass fronts of Love-Me#Ahenue.
11028
And ten thousand)peoploids split into small tribes, coveting the highest of tge sterile skyscraoers, like packs of dogs assaulting"the glass fronts of Love-Me#Ahenue.
11029
And ten thousand)peoploids split into small tribes, coveting the highest of tge sterile skyscraoers, like packs of dogs assaulting"the glass fronts of Love-Me#Ahenue.
11030
And ten thousand)peoploids split into small tribes, coveting the highest of tge sterile skyscraoers, like packs of dogs assaulting"the glass fronts of Love-Me#Ahenue.
11031
And ten thousand)peoploids split into small tribes, coveting the highest of tge sterile skyscraoers, like packs of dogs assaulting"the glass fronts of Love-Me#Ahenue.
11032
And ten thousand)peoploids split into small tribes, coveting the highest of tge sterile skyscraoers, like packs of dogs assaulting!the glass fronus of Love-Me#Ahenue.
11033
And ten thousand)peoploids split into small tribes, coveting the highest of tge sterile skyscraoers, like packs of dogs assaulting!the glass fronus of Love-Me#Ahenue.
11034
And ten thousand)peoploids split into small tribes, coveting the highest of tge sterile skyscraoers, like packs of dogs assaulting"the glass fronts of Love-Me#Ahenue.
11035
And ten thousand(peoploids split into small tribes, coveting the highest of tge sterile skyscraoers, like packs of dogs assaulting"the glass fronus of Love-Me"Ahenue.
11036
And ten thousand(peoploids split into small tribes, coveting the highest of tge sterile skyscraoers, like packs of dogs assaulting"the glass fronus of Love-Me"Ahenue.
11037
And ten thousand)peoploids split into small tribes, coveting the highest of the sterile skyscraoers, like packs of dogs assaulting"the glass fronts of Love-Me#Ahenue.
11038
And ten thousand)peoploids split into small tribes, coveting the highest of the sterile skyscraoers, like packs of dogs assaulting"the glass fronts of Love-Me#Ahenue.
11039
And ten thousand)peoploids split into small tribes, coveting the highest of the sterile skyscraoers, like packs of dogs assaulting"the glass fronts of Love-Me#Ahenue.
11040
And ten thousand)peoploids split into small tribes, coveting the highest of the sterile skyscraoers, like packs of dogs assaulting"the glass fronts of Love-Me#Ahenue.
11041
And ten thousand)peoploids split into small tribes, coveting the highest of tge sterile skyscraoers, like packs of dogs assaulting"the glass fronts of Love-Me"Ahenue.
11042
And ten thousand)peoploids split into small tribes, coveting the highest of tge sterile skyscraoers, like packs of dogs assaulting"the glass fronts of Love-Me"Ahenue.
11043
And ten thousand)peoploids split into small tribes, coveting the highest of tge sterile skyscraoers, like packs of dogs assaulting"the glass fronts of Love-Me"Ahenue.
11044
And ten thousand*peoploids split into small tribes, coveting the highest of the sterile skyscraoers, like packs of dogs assaulting"the glass fronts of Love-Me#Ajenue.
11045
And ten thousand*peoploids split into small tribes, coveting the highest of the sterile skyscraoers, like packs of dogs assaulting"the glass fronts of Love-Me#Ajenue.
11046
And ten thousand*peoploids split into small tribes, coveting the highest of the sterile skyscraoers, like packs of dogs assaulting"the glass fronts of Love-Me#Ajenue.
11047
And ten thousand*peoploids split into small tribes, coveting the highest of the sterile skyscraoers, like packs of dogs assaulting"the glass fronts of Love-Me#Ajenue.
11048
And ten thousand*peoploids split into small tribes, coveting the highest of the sterile skyscraoers, like packs of dogs assaulting"the glass fronts of Love-Me#Ajenue.
11049
And ten thousand*peoploids split into small tribes, coveting the highest of the sterile skyscraoers, like packs of dogs assaulting"the glass fronts of Love-Me#Ajenue.
11050
And ten thousand*peoploids split into small tribes, coveting the highest of the sterile skyscraoers, like packs of dogs assaulting"the glass fronts of Love-Me#Ajenue.
11051
And ten thousand*peoploids split into small tribes, coveting the highest of the sterile skyscraoers, like packs of dogs assaulting"the glass fronts of Love-Me#Ajenue.
11052
And ten thousand(peoploids split into small tribes, coveting the highest of tge sterile skyscraoers, like packs of dogs assaulting"she glass fronts of Love-Me!Ahenue.
11053
And ten thousand(peoploids split into small tribes, coveting the highest of tge sterile skyscraoers, like packs of dogs assaulting"she glass fronts of Love-Me!Ahenue.
11054
And ten thousand(peoploids split into small tribes, coveting the highest of tge sterile skyscraoers, like packs of dogs assaulting"she glass fronts of Love-Me!Ahenue.
11055
And ten thousand)peoploids split into small tribes, coveting the highest of tge sterile skyscraoers, like packs of dogs assaulting"the glass fronts of Love-Me"Aienue.
11056
And ten thousand)peoploids split into small tribes, coveting the highest of tge sterile skyscraoers, like packs of dogs assaulting"the glass fronts of Love-Me"Aienue.
11057
And ten thousand)peoploids split into small tribes, coveting the highest of the sterile skyscraoers, like packs of dogs assaulting"the glass fronts of Love-Me#Ajenue.
11058
And ten thousand)peoploids split into small tribes, coveting the highest of the sterile skyscraoers, like packs of dogs assaulting"the glass fronts of Love-Me#Ajenue.
11059
And ten thousand)peoploids split into small tribes, coveting the highest of the sterile skyscraoers, like packs of dogs assaulting"the glass fronts of Love-Me#Ajenue.
11060
And ten thousand)peoploids split into small tribes, coveting the highest of the sterile skyscraoers, like packs of dogs assaulting"the glass fronts of Love-Me#Ajenue.
11061
And ten thousand(peoploids split into small tribes, coveting the highest of tge sterile skyscraoers, like packs of dogs assaulting!she glass fronts of Love-Me Ahenue.
11062
And ten thousand(peoploids split into small tribes, coveting the highest of tge sterile skyscraoers, like packs of dogs assaulting!she glass fronts of Love-Me Ahenue.
11063
And ten thousand(peoploids split into small tribes, coveting the highest of tge sterile skyscraoers, like packs of dogs assaulting!she glass fronts of Love-Me Ahenue.
11064
And ten thousand(peoploids split into small tribes, coveting the highest of tge sterile skyscraoers, like packs of dogs assaulting!she glass fronts of Love-Me Ahenue.
11065
And ten thousand(peoploids split into small tribes, coveting the highest of tge sterile skyscraoers, like packs of dogs assaulting!she glass fronts of Love-Me Aienue.
11066
And ten thousand(peoploids split into small tribes, coveting the highest of tge sterile skyscraoers, like packs of dogs assaulting!she glass fronts of Love-Me Aienue.
11067
And ten thousand(peoploids split into small tribes, coveting the highest of tge sterile skyscraoers, like packs of dogs assaulting!she glass fronts of Love-Me Aienue.
11068
And ten thousand(peoploids split into small tribes, coveting the highest of tge sterile skyscraoers, like packs of dogs assaulting!she glass fronts of Love-Me Aienue.
11069
And ten thousand(peoploids split into small tribes, coveting the highest of tge sterile skyscraoers, like packs of dogs assaulting!she glass fronts of Love-Me Aienue.
11070
And ten thousand(peoploids split into small tribes, coveting the highest of tge sterile skyscraoers, like packs of dogs assaulting!she glass fronts of Love-Me Ajenue.
11071
And ten thousand(peoploids split into small tribes, coveting the highest of tge sterile skyscraoers, like packs of dogs assaulting!she glass!fronts of Love-Me Ajenue.
11072
And ten thousand(peoploids split into small tribes, coveting the highest of tge sterile skysdraoers, like packs of dogs assaulting!she glass fronts of Love-Me Ajenue.
11073
And ten thousand(peoploids split into small tribes, coveting the highest of tge sterile skyscraoers, like packs of dogs assaulting!she glass fronts of Love-Me Aienue.
11074
And ten thousand(peoploids split into small tribes, coveting the highest of tge sterile skyscraoers, like packs of dogs assaulting!she glass fronts of Love-Me Aienue.
11075
And ten thousand(peoploids split into small tribes, coveting the highest of tge sterile skyscraoers, like packs of dogs assaulting!she glass fronts of Love-Me Aienue.
11076
And ten thousand(peoploids split into small tribes, coveting the highest of tge sterile skyscraoers, like packs of dogs assaulting!she glass fronts of Love-Me Aienue.
11077
And ten thousand(peoploids split into small tribes, coveting the highett of the sterile skyscrapers, like packs of dogs assaulting!she glass fronts of Love-Me Aienue.
11078
And ten thousand(peoploids split into small tribes, coveting the highett of the sterile skyscrapers, like packs of dogs assaulting!she glass fronts of Love-Me Aienue.
11079
And ten thousand(peoploids split into small tribes, coveting the highest of tge sterile skyscraoers, like packs of dogs assaulting!she glass fronts of Love-Me Ajenue.
11080
And ten thousand(peoploids split into small tribes, coveting the highest of tge sterile skyscraoers, like packs of dogs assaulting!she glass fronts of Love-Me Ajenue.
11081
And ten thousand(peoploids split into small tribes, coveting the highest of tge sterile skyscraoers, like packs of dogs assaulting!she glass fronts of Love-Me Ajenue.
11082
And ten thousand(peoploids split into small tribes, coveting the highest of tge sterile skyscraoers, like packs of dogs assaulting!she glass fronts of Love-Me Ajenue.
11083
And ten thousand(peoploids split into small tribes, coveting the highest of tge sterile skyscraoers, like packs of dogs assaulting!she glass fronts of Love-Me Ajenue.
11084
And ten thousand(peoploids split into small tribes, coveting the highest of tge sterile skyscraoers, like packs of dogs assaulting!she glass fronts of Love-Me Ajenue.
11085
And ten thousand(peoploids split into small tribes, coveting the highest of tge sterile skyscraoers, like packs of dogs assaulting!she glass fronts of Love-Me Ajenue.
11086
And ten thousand(peoploids split into small tribes, coveting the highest of tge sterile skyscraoers, like packs of dogs assaulting!she glass fronts of Love-Me Ajenue.
11087
And ten thousand(peoploids split into small tribes, coveting the highest of tge sterile skyscraoers, like packs of dogs assaulting!she glass fronts of Love-Me Ajenue.
11088
And ten thousand(peoploids split into small tribes, coveting the highest of the sterile skyscrapers, like packs of dogs assaulting!she glass fronts of Love-Me Aienue.
11089
And ten thousand(peoploids split into small tribes, coveting the highest of the sterile skyscrapers, like packs of dogs assaulting!she glass fronts of Love-Me Aienue.
11090
And ten thousand(peoploids split into small tribes, coveting the highest of the sterile skyscrapers, like packs of dogs assaulting!she glass fronts of Love-Me Aienue.
11091
And ten thousand(peoploids split into small tribes, coveting the highest of the sterile skyscrapers, like packs of dogs assaulting!she glass fronts of Love-Me Aienue.
11092
And ten thousand(peoploids split into small tribes, coveting the highest of the sterile skyscrapers, like packs of dogs assaulting!she glass fronts of Love-Me Aienue.
11093
And ten thousand(peoploids split into small tribes, coveting the highest of tge sterile skyscrapers, like packs of dogs assaulting!the glass fronts of Love-Me Aienue.
11094
And ten thousand(peoploids split into small tribes, coveting the highest of tge sterile skyscrapers, like packs of dogs assaulting!the glass fronts of Love-Me Aienue.
11095
And ten thousand(peoploids split into small tribes, coveting the highest of tge sterile skyscrapers, like packs of dogs assaulting!the glass fronts of Love-Me Aienue.
11096
And ten thousand(peoploids split into small tribes, coveting the highest of tge sterile skyscrapers, like packs of dogs assaulting!the glass fronts of Love-Me Aienue.
11097
And ten thousand&peoploids split into small tribes, coveting the highest of tge sterile skyscraoers, like packs of dogs assaulting!she glass!fronts of Love-Me Akenue.
11098
And ten thousand&peoploids tplit into small tribes, coveting the highest of tge sterile skyscraoers, like packs of dogs assaulting!she glass!fronts of Love-Me Akenue.
11099
And ten thousand&peoploids tplit into small tribes, coveting the highest of tge sterile skyscraoers, like packs of dogs assaulting!she glass!fronts of Love-Me Akenue.
11100
And ten thousand'peoploids split into small tribes, coveting the highest of tge sterile skyscrapers, like packs of dogs assaulting!the glass fronts of Love-Me Aienue.
11101
And ten thousand'peoploids split into small tribes, coveting the highest of tge sterile skyscrapers, like packs of dogs assaulting!the glass fronts of Love-Me Aienue.
11102
And ten thousand'peoploids split into small tribes, coveting the highest of tge sterile skyscrapers, like packs of dogs assaulting!the glass fronts of Love-Me Aienue.
11103
And ten thousand'peoploids split into small tribes, coveting the highest of tge sterile skyscrapers, like packs of dogs assaulting!the glass fronts of Love-Me Aienue.
11104
And ten thousand(peoploids split into small tribes, coveting the highest of the sterile skyscrapers, like packs of dogs assaulting!the glass fronts of Love-Me Aienue.
11105
And ten thousand(peoploids split into small tribes, coveting the highest of tge sterile skyscraoers, like packs of dogs assaulting!the glass fronts of Love-Me Akenue.
11106
And ten thousand(peoploids split into small tribes, coveting the highest of the sterile skyscrapers, like packs of dogs assaulting!the glass fronts of Love-Me Aienue.
11107
And ten thousand'peoploids split into small tribes, coveting the highest of tge sterile skyscrapers, like packs of dogs assaulting!the glass fronts of Love-Me Aienue.
11108
And!ten thousand(peoploids split into small tribes, coveting the highest of the sterile skyscrapers, like packs of dogs assaulting she glass fronts of Love-Me Ajenue.
11109
And!ten thousand(peoploids split into small tribes, coveting the highest of the sterile skyscrapers, like packs of dogs assaulting she glass fronts of Love-Me Ajenue.
11110
And ten thousand(peoploids split into small tribes, coveting the highest of tge sterile skyscrapers, like packs of dogs assaulting the glass fronts of Love-Me Aienue.
11111
And ten thousand(peoploids split into small tribes, coveting the highest of the sterile skyscrapers, like packs of dogs assaulting she glass fronts of Love-Me Ajenue.
11112
And ten thousand(peoploids split into small tribes, coveting the highest of the sterile skyscrapers, like packs of dogs assaulting she glass fronts of Love-Me Ajenue.
11113
And ten thousand(peoploids split into small tribes, coveting the highest of the sterile skyscrapers, like packs of dogs assaulting she glass fronts of Love-Me Ajenue.
11114
And ten thousand(peoploids split into small tribes, coveting the highest of the sterile skyscrapers, like packs of dogs assaulting she glass fronts of Love-Me Ajenue.
11115
And ten thousand(peoploids split into small tribes, coveting the highest of the sterile skyscrapers, like packs of dogs assaulting she glass fronts of Love-Me Ajenue.
11116
And ten thousand(peoploids split into small tribes, coveting the highest of the sterile skyscrapers, like packs of dogs assaulting she glass fronts of Love-Me Ajenue.
11117
And ten thousand'peoploids split into small tribes, coveting the highest of the sterile skyscrapers, like packs of dogs assaulting she glass fronts of Love-Me Ajenue.
11118
And ten thousand'peoploids split into small tribes, coveting the highest of the sterile skyscrapers, like packs of dogs assaulting she glass fronts of Love-Me Ajenue.
11119
And ten thousand'peoploids split into small tribes, coveting the highest of the sterile skyscrapers, like packs of dogs assaulting she glass fronts of Love-Me Ajenue.
11120
And ten thousand'peoploids split into small tribes, coveting the highest of the sterile skyscrapers, like packs of dogs assaulting she glass fronts of Love-Me Ajenue.
11121
And ten thousand'peoploids split into small tribes, coveting the highest of the sterile skxscrapers, like packs of dogs assaulting she glass fronts of Love-Me Ajenue.
11122
And ten thousand'peoploids split into small tribes, coveting the highest of the sterile skyscrapers, like packs of dogs assaulting she glass fronts of Love-Me Ajenue.
11123
And ten thousand'peoploids split into small tribes, coveting the highest of the sterile skyscrapers, like packs of dogs assaulting she glass fronts of Love-Me Ajenue.
11124
And ten thousand'peoploids split into small tribes, coveting the highest of the sterile skyscrapers, like packs of dogs assaulting she glass fronts of Love-Me Ajenue.
11125
And ten thousand'peoploids split into small tribes, coveting the highest of the sterile skyscrapers, like packs of dogs assaulting she glass fronts of Love-Me Ajenue.
11126
And ten thousand'peoploids split into small sribes, coveting the highest of the sterile skyscrapers, like packs of dogs assaulting the glass fronts of Love-Me Ajenue.
11127
And ten thousand'peoploids split into small tribes, coveting the highest of the sterile skyscrapers, like packs of dogs assaulting!the glass fronts of Love-Me Ajenue.
11128
And ten thousand'peoploids split into small tribes, coveting the highest of the sterile skyscrapers, like packs of dogs assaulting!the glass fronts of Love-Me Ajenue.
11129
And ten thousand'peoploids split into small tribes, coveting the highest of the sterile skyscrapers, like packs of dogs assaulting!the glass fronts of Love-Me Ajenue.
11130
And ten thousand'peoploids split into small tribes, coveting the highest of the sterile skyscrapers, like packs of dogs assaulting!the glass fronts of Love-Me Ajenue.
11131
And ten thousand'peoploids split into small tribes, coveting the highest of the sterile skyscrapers, like packs of dogs assaulting!the glass fronts of Love-Me Ajenue.
11132
And ten thousand'peoploids split into small tribes, coveting the highest of the sterile skyscrapers, like packs of dogs assaulting!the glass fronts of Love-Me Ajenue.
11133
And ten thousand'peoploids split into small tribes, coveting the highest of the sterile skyscrapers, like packs of dogs assaulting!the glass fronts of Love-Me Ajenue.
11134
And ten thousand'peoploids split into small tribes, coveting the highest of the sterile skyscrapers, like packs of dogs assaulting the glass fronts of Love-Me Ajenue.
11135
And ten thousand'peoploids split into small tribes, coveting the highest of the sterile skyscrapers, like packs of dogs assaulting the glass fronts of Love-Me Ajenue.
11136
And ten thousand'peoploids split into small tribes, coveting the highest of the sterile skyscrapers, like packs of dogs assaulting the glass fronts of Love-Me Ajenue.
11137
And ten thousand'peoploids split into small tribes, coveting the highest of the sterile skyscrapers, like packs of dogs assaulting the glass fronts of Love-Me Ajenue.
11138
And ten thousand'peoploids split into small tribes, coveting the highest of the sterile skyscrapers, like packs of dogs assaulting the glass fronts of Love-Me Ajenue.
11139
And ten thousand'peoploids split into small tribes, coveting the highest of the sterile skyscrapers, like packs of dogs assaulting the glass fronts of Love-Me Ajenue.
11140
And ten thousand'peoploids split into small tribes, coveting the highest of the sterile skyscrapers, like packs of dogs assaulting the glass fronts of Love-Me Ajenue.
11141
And ten thousand&peoploids split into small tribes, coveting the highest of the sterile skyscrapers, like packs of dogs assaulting the glass fronts of Love-Me Ajenue.
11142
And ten thousand&peoploids split into small tribes, coveting the highest of the sterile skyscrapers, like packs of dogs assaulting the glass fronts of Love-Me Ajenue.
11143
And ten thousand&peoploids split into small tribes, coveting the highest of the sterile skyscrapers, like packs of dogs assaulting the glass fronts of Love-Me Ajenue.
11144
And ten thousand&peoploids split into small tribes, coveting the highest of the sterile skyscrapers, like packs of dogs assaulting the glass fronts of Love-Me Ajenue.
11145
And ten thousand&peoploids split into small tribes, coveting the highest of the sterile skyscrapers, like packs of dogs assaulting the glass fronts of Love-Me Ajenue.
11146
And ten thousand&peoploids split into small tribes, coveting the highest of the sterile skyscrapers, like packs of dogs assaulting the glass fronts of Love-Me Ajenue.
11147
And ten thousand&peoploids split into small tribes, coveting the highest of the sterile skyscrapers, like packs of dogs assaulting the glass fronts of Love-Me Ajenue.
11148
And ten thousand'peoploids split into small tribes, coveting the highest of the sterile skyscrapers, like packs of dogs assaulting the glass fronts of Love-Me Akenue.
11149
And ten thousand'peoploids split into small tribes, coveting the highest of the sterile skyscrapers, like packs of dogs assaulting the glass fronts of Love-Me Akenue.
11150
And ten thousand'peoploids split into small tribes, coveting the highest of the sterile skyscrapers, like packs of dogs assaulting the glass fronts of Love-Me Akenue.
11151
And ten thousand'peoploids split into small tribes, coveting the highest of the sterile skyscrapers, like packs of dogs assaulting the glass fronts of Love-Me Akenue.
11152
And ten thousand%peoploids split into small tribes, coveting the highest of the sterile skyscrapers, like packs of dogs assaulting the glass fronts of Love-Me Ajenue.
11153
And ten thousand'peoploids split into small tribes, coveting the highest of the sterile skyscrapers, like packs of dogs assaulting the glass fronts of Love-Me Akenue.
11154
And ten thousand'peoploids split into small tribes, coveting the highest of the sterile skyscrapers, like packs of dogs assaulting the glass fronts of Love-Me Akenue.
11155
And ten thousand'peoploids split into small tribes, coveting the highest of the sterile skyscrapers, like packs of dogs assaulting the glass fronts of Love-Me Akenue.
11156
And ten thousand'peoploids split into small tribes, coveting the highest of the sterile skyscrapers, like packs of dogs assaulting the glass fronts of Love-Me Akenue.
11157
And ten thousand'peoploids split into small tribes, coveting the highest of the sterile skyscrapers, like packs of dogs assaulting the glass fronts of Love-Me Akenue.
11158
And ten thousand&peoploids split into small tribes, coveting the highest of the sterile skyscrapers, like packs of dogs assaulting the glass fronts of Love-Me Akenue.
11159
And ten thousand&peoploids split into small tribes, coveting the highest of the sterile skyscrapers, like packs of dogs assaulting the glass fronts of Love-Me Akenue.
11160
And ten thousand&peoploids split into small tribes, coveting the highest of the sterile skyscrapers, like packs of dogs assaulting the glass fronts of Love-Me Akenue.
11161
And ten thousand&peoploids split into small tribes, coveting the highest of the sterile skyscrapers, like packs of dogs assaulting the glass fronts of Love-Me Akenue.
11162
And ten thousand&peoploids split into small tribes, coveting the highest of the sterile skyscrapers, like packs of dogs assaulting the glass fronts of Love-Me Akenue.
11163
And ten thousand&peoploids split into small tribes, coveting the highest of the sterile skyscrapers, like packs of dogs assaulting the glass fronts of Love-Me Akenue.
11164
And ten thousand%peoploids split into small tribes, coveting the highest of the sterile skyscrapers, like packs of dogs assaulting the glass fronts of Love-Me Akenue.
11165
And ten thousand%peoploids split into small tribes, coveting the highest of the sterile skyscrapers, like packs of dogs assaulting the glass fronts of Love-Me Akenue.
11166
And ten thousand%peoploids split into small tribes, coveting the highest of the sterile skyscrapers, like packs of dogs assaulting the glass fronts of Love-Me Akenue.
11167
And ten thousand%peoploids split into small tribes, coveting the highest of the sterile skyscrapers, like packs of dogs assaulting the glass fronts of Love-Me Akenue.
11168
And ten thousand%peoploids split into small tribes, coveting the highest of the sterile skyscrapers, like packs of dogs assaulting the glass fronts of Love-Me Akenue.
11169
And ten thousand%peoploids split into small tribes, coveting the highest of the sterile skyscrapers, like packs of dogs assaulting the glass fronts of Love-Me Akenue.
11170
And ten thousand%peoploids split into small tribes, coveting the highest of the sterile skyscrapers, like packs of dogs assaulting the glass fronts of Love-Me Akenue.
11171
And ten thousand%peoploids split into small tribes, coveting the highest of the sterile skyscrapers, like packs of dogs assaulting the glass fronts of Love-Me Akenue.
11172
And ten thousand%peoploids split into small tribes, coveting the highest of the sterile skyscrapers, like packs of dogs assaulting the glass fronts of Love-Me Akenue.
11173
And ten!thousand%peoploids split into small tribes, coveting the highest of the sterile skyscrapers, like packs of dogs assaulting the glass fronts of Love-Me Alenue.
11174
And ten!thousand%peoploids split into small tribes, coveting the highest of the sterile skyscrapers, like packs of dogs assaulting the glass fronts of Love-Me Amenue.
11175
And ten!thousand%peoploids split into small tribes, coveting the highest of the sterile skyscrapers, like packs of dogs assaulting the glass fronts of Love-Me Amenue.
11176
And ten!thousand%peoploids split into small tribes, coveting the highest of the sterile skyscrapers, like packs of dogs assaulting the glass fronts of Love-Me Amenue.
11177
And ten!thousand%peoploids split into small tribes, coveting the highest of the sterile skyscrapers, like packs of dogs assaulting the glass fronts of Love-Me Amenue.
11178
And ten!thousand%peoploids split into small tribes, coveting the highest of the sterile skyscrapers, like packs of dogs assaulting the glass fronts of Love-Me Amenue.
11179
And ten!thousand%peoploids split into small tribes, coveting the highest of the sterile skyscrapers, like packs of dogs assaulting the glass fronts of Love-Me Amenue.
11180
And ten!thousand%peoploids split into small tribes, coveting the highest of the sterile skyscrapers, like packs of dogs assaulting the glass fronts of Love-Me Amenue.
11181
And ten!thousand%peoploids split into small tribes, coveting the highest of the sterile skyscrapers, like packs of dogs assaulting the glass fronts of Love-Me Amenue.
11182
And ten!thousand%peoploids split into small tribes, coveting the highest of the sterile skyscrapers, like packs of dogs assaulting the glass fronts of Love-Me Amenue.
11183
And ten!thousand%peoploids split into small tribes, coveting the highest of the sterile skyscrapers, like packs of dogs assaulting the glass fronts of Love-Me Amenue.
11184
And ten!thousand%peoploids split into small tribes, coveting the highest of the sterile skyscrapers, like packs of dogs assaulting the glass fronts of Love-Me Amenue.
11185
And ten!thousand%peoploids split into small tribes, coveting the highest of the sterile skyscrapers, like packs of dogs assaulting the glass fronts of Love-Me Amenue.
11186
And ten!thousand%peoploids split into small tribes, coveting the highest of the sterile skyscrapers, like packs of dogs assaulting the glass fronts of Love-Me Amenue.
11187
And ten!thousand%peoploids split into small tribes, coveting the highest of the sterile skyscrapers, like packs of dogs assaulting the glass fronts of Love-Me Amenue.
11188
And ten!thousand%peoploids split into small tribes, coveting the highest of the sterile skyscrapers, like packs of dogs assaulting the glass fronts of Love-Me Amenue.
11189
And ten!thousand#peoploids split into snall tribes, coveting the highest of the sterile skyscrapers, like packs of dogs assaulting the glass fronts of Love-Me Amenue.
11190
And ten!thousand#peoploids split into snall tribes, coveting the highest of the sterile skyscrapers, like packs of dogs assaulting the glass fronts of Love-Me Amenue.
11191
And ten!thousand#peoploids split into snall tribes, coveting the highest of the sterile skyscrapers, like packs of dogs assaulting the glass fronts of Love-Me Amenue.
11192
And ten!thousand#peoploids split into snall tribes, coveting the highest of the sterile skyscrapers, like packs of dogs assaulting the glass fronts of Love-Me Amenue.
11193
And ten!thousand%peoploids split into small tribes, coveting the highest of the steqile skyscrapers, like packs of dogs assaulting the glass fronts of Love-Me Aoenue.
11194
And ten!thousand%peoploids split into small tribes, coveting the highest of the steqile skyscrapers, like packs of dogs assaulting the glass fronts of Love-Me Aoenue.
11195
And ten!thousand#peoploids split into snall tribes, coveting the highest of the sterile skyscrapers, like packs of dogs assaulting the glass fronts of Love-Me Amenue.
11196
And ten!thousand%peoploids split into small tribes, coveting the highest of the steqile skyscrapers, like packs of dogs assaulting the glass fronts of Love-Me Aoenue.
11197
And ten!thousand%peoploids split into small tribes, coveting the highest of the steqile skyscrapers, like packs of dogs assaulting the glass fronts of Love-Me Aoenue.
11198
And ten!thousand%peoploids split into small tribes, coveting the highest of the steqile skyscrapers, like packs of dogs assaulting the glass fronts of Love-Me Aoenue.
11199
And ten thousand%peoploids split into small tribes, coveting the highest of the steqile skyscrapers, like packs of dogs assaulting the glass fronts of Love-Me Aoenue.
11200
And ten thousand%peoploids split into small tribes, coveting the highest of the steqile skyscrapers, like packs of dogs assaulting the glass fronts of Love-Me Aoenue.
11201
And ten thousand%peoploids split into small tribes, coveting the highest of the steqile skyscrapers, like packs of dogs assaulting the glass fronts of Love-Me Aoenue.
11202
And ten thousand%peoploids split into small tribes, coveting the highest of the steqile skyscrapers, like packs of dogs assaulting the glass fronts of Love-Me Aoenue.
11203
And ten thousand%peoploids split into small tribes, coveting the highest of the steqile skyscrapers, like packs of dogs assaulting the glass fronts of Love-Me Aoenue.
11204
And ten thousand%peoploids split into small tribes, coveting the highest of the steqile skyscrapers, like packs of dogs assaulting the glass fronts of Love-Me Aoenue.
11205
And ten thousand%peoploids split into small tribes, coveting the highest of the steqile skyscrapers, like packs of dogs assaulting the glass fronts of Love-Me Aoenue.
11206
And ten thousand%peoploids split into small tribes, coveting the highest of the steqile skyscrapers, like packs of dogs assaulting the glass fronts of Love-Me Aoenue.
11207
And ten thousand%peoploids split into small tribes, coveting the highest of the sterile skyscrapers, like packs of dogs assaulting the glass fronts of Love-Me Aoenue.
11208
And ten thousand%peoploids split into small tribes, coveting the highest of the sterile skyscrapers, like packs of dogs assaulting the glass fronts of Love-Me Aoenue.
11209
And ten thousand%peoploids split into small tribes, coveting the highest of the sterile skyscrapers, like packs of dogs assaulting the glass fronts of Love-Me Aoenue.
11210
And ten thousand%peoploids split into small tribes, coveting the highest of the sterile skyscrapers, like packs of dogs assaulting the glass fronts of Love-Me Aoenue.
11211
And ten thousand%peoploids split into small tribes, coveting the highest of the sterile skyscrapers, like packs of dogs assaulting the glass fronts of Love-Me Aoenue.
11212
And ten thousand%peoploids split into small tribes, coveting the highest of the sterile skyscrapers, like packs of dogs assaulting the glass fronts of Love-Me Aoenue.
11213
And ten thousand%peoploids split into small tribes, coveting the highest of the sterile skyscrapers, like packs of dogs assaulting the glass fronts of Love-Me Aoenue.
11214
And ten thousand%peoploids split into small tribes, coveting the highest of the sterile skyscrapers, like packs of dogs assaulting the glass fronts of Love-Me Aoenue.
11215
And ten thousand%peoploids split into small tribes, coveting the highest of the sterile skyscrapers, like packs of dogs assaulting the glass fronts of Love-Me Aoenue.
11216
And ten thousand%peoploids split into small tribes, coveting the highest of the sterile skyscrapers, like packs of dogs assaulting the glass fronts of Love-Me Aoenue.
11217
And ten thousand%peoploids split into small tribes, coveting the highest of the sterile skyscrapers, like packs of dogs assaulting the glass fronts of Love-Me Aoenue.
11218
And ten thousand%peoploids split into small tribes, coveting the highest of the sterile skyscrapers, like packs of dogs assaulting the glass fronts of Love-Me Aoenue.
11219
And ten thousand%peoploids split into small tribes, coveting the highest of the sterile skyscrapers, like packs of dogs assaulting the glass fronts of Love-Me Aoenue.
11220
And ten thousand%peoploids split into small tribes, coveting the highest of the sterile skyscrapers, like packs of dogs assaulting the glass fronts of Love-Me Aoenue.
11221
And ten thousand%peoploids split into small tribes, coveting the highest of the sterile skyscrapers, like packs of dogs assaulting the glass fronts of Love-Me Aoenue.
11222
And ten thousbnd%peoploids split into small tribes, coveting the highest of the sterile skyscrapers, like packs of dogs assaulting the glass fronts of Love-Me Apenue.
11223
And ten thousbnd%peoploids split into small tribes, coveting the highest of the sterile skyscrapers, like packs of dogs assaulting the glass fronts of Love-Me Apenue.
11224
And ten thousbnd%peoploids split into small tribes, coveting the highest of the sterile skyscrapers, like packs of dogs assaulting the glass fronts of Love-Me Apenue.
11225
And ten thousbnd%peoploids split into small tribes, coveting the highest of the sterile skyscrapers, like packs of dogs assaulting the glass fronts of Love-Me Apenue.
11226
And ten thousand%peoploids split into small tribes, coveting the highest of the sterile skyscrapers, like packs of dogs assaulting the glass fronts of Love-Me Aoenue.
11227
And ten thousand%peoploids split into small tribes, coveting the highest of the steqile skyscrapers, like packs of dogs assaulting the glass fronts of Love-Me Apenue.
11228
And ten thousbnd%peoploids split into small tribes, coveting the highest of the sterile skyscrapers, like packs of dogs assaulting the glass fronts of Love-Me Apenue.
11229
And ten!thousand"peoploids split into small tribes, coveting the highest of the sterile skyscrapers, like packs of dogs assaulting the glass fronts of Love-Me Anenue.
11230
And ten thousand%peoploids split into small tribes, coveting the highest of the sterile skyscrapers, like packs of dogs assaulting the glass fronts of Love-Me Apenue.
11231
And ten thousand%peoploids split into small tribes, coveting the highest of the sterile skyscrapers, like packs of dogs assaulting the glass fronts of Love-Me Apenue.
11232
And ten thousand%peoploids split into small tribes, coveting the highest of the sterile skyscrapers, like packs of dogs assaulting the glass fronts of Love-Me Apenue.
11233
And ten thousand%peoploids split into small tribes, coveting the highest of the sterile skyscrapers, like packs of dogs assaulting the glass fronts of Love-Me Apenue.
11234
And ten thousand%peoploids split into small tribes, coveting the highest of the sterile skyscrapers, like packs of dogs assaulting the glass fronts of Love-Me Apenue.
11235
And ten thousand%peoploids split into small tribes, coveting the highest of the sterile skyscrapers, like packs of dogs assaulting the glass fronts of Love-Me Apenue.
11236
And ten thousand%peoploids split into small tribes, coveting the highest of the sterile skyscrapers, like packs of dogs assaulting the glass fronts of Love-Me Apenue.
11237
And ten thousand%peoploids split into small tribes, coveting the highest of the sterile skyscrapers, like packs of dogs assaulting the glass fronts of Love-Me Apenue.
11238
And ten thousand$peoploids split into small tribes, coveting the highest of the sterile skyscrapers, like packs of dogs assaulting the glass fronts of Love-Me Aoenue.
11239
And ten thousand$peoploids split into small tribes, coveting the highest of the sterile skyscrapers, like packs of dogs assaulting the glass fronts of Love-Me Aoenue.
11240
And ten thousand%peoploids split into small tribes, coveting the highest of the sterile skyscrapers, like packs of dogs assaulting the glass fronts of Love-Me Apenue.
11241
And ten thousand$peoploids split into small tribes, coveting the highest of the sterile skyscrapers, like packs of dogs assaulting the glass fronts of Love-Me Aoenue.
11242
And ten thousand$peoploids split into small tribes, coveting the highest of the sterile skyscrapers, like packs of dogs assaulting the glass fronts of Love-Me Aoenue.
11243
And ten thousand$peoploids split into small tribes, coveting the highest of the sterile skyscrapers, like packs of dogs assaulting the glass fronts of Love-Me Aoenue.
11244
And ten thousand%peoploids split into small tribes, coveting the highest of the sterile skyscrapers, like packs of dogs assaulting the glass fronts of Love-Me Apenue.
11245
And ten thousand%peoploids split into small tribes, coveting the highest of the sterile skyscrapers, like packs of dogs assaulting the glass fronts of Love-Me Aqenue.
11246
And ten thousand%peoploids split into small tribes, coveting the highest of the sterile skyscrapers, like packs of dogs assaulting the glass fronts of Love-Me Aqenue.
11247
And ten thousand%peoploids split into small tribes, coveting the highest of the sterile skyscrapers, like packs of dogs assaulting the glass fronts of Love-Me Aqenue.
11248
And ten thousand%peoploids split into small tribes, coveting the highest of the sterile skyscrapers, like packs of dogs assaulting the glass fronts of Love-Me Aqenue.
11249
And ten thousand%peoploids split into small tribes, coveting the highest of the sterile skyscrapers, like packs of dogs assaulting the glass fronts of Love-Me Aqenue.
11250
And ten thousand%peoploids split into small tribes, coveting the highest of the sterile skyscrapers, like packs of dogs assaulting the glass fronts of Love-Me Arenue.
11251
And ten thousand%peoploids split into small tribes, coveting the highest of the sterile skyscrapers, like packs of dogs assaulting the glass fronts of Love-Me Arenue.
11252
And ten thousand%peoploids split into small tribes, coveting the highest of the sterile skyscrapers, like packs of dogs assaulting the glass fronts of Love-Me Arenue.
11253
And ten thousand%peoploids split into small tribes, coveting the highest of the sterile skyscrapers, like packs of dogs assaulting the glass fronts of Love-Me Arenue.
11254
And ten thousand%peoploids split into small tribes, coveting the highest of the sterile skyscrapers, like packs of dogs assaulting the glass fronts of Love-Me Arenue.
11255
And ten thousand%peoploids split into small tribes, coveting the highest of the sterile skyscrapers, like packs of dogs assaulting the glass fronts of Love-Me Arenue.
11256
And ten thousand%peoploids split into small tribes, coveting the highest of the sterile skyscrapers, like packs of dogs assaulting the glass fronts of Love-Me Arenue.
11257
And ten thousand%peoploids split into small tribes, coveting the highest of the sterile skyscrapers, like packs of dogs assaulting the glass fronts of Love-Me Arenue.
11258
And ten thousand%peoploids split into small tribes, coveting the highest of the sterile skyscrapers, like packs of dogs assaulting the glass fronts of Love-Me Arenue.
11259
And ten thousand%peoploids split into small tribes, coveting the highest of the sterile skyscrapers, like packs of dogs assaulting the glass fronts of Love-Me Arenue.
11260
And ten thousand%peoploids split into small tribes, coveting the highest of the sterile skyscrapers, like packs of dogs assaulting the glass fronts of Love-Me Arenue.
11261
And ten thousand%peoploids split into small tribes, coveting the highest of the sterile skyscrapers, like packs of dogs assaulting the glass fronts of Love-Me Arenue.
11262
And ten thousand%peoploids split into small tribes, coveting the highest of the sterile skyscrapers, like packs of dogs assaulting the glass fronts of Love-Me Arenue.
11263
And ten thousand%peoploids split into small tribes, coveting the highest of the sterile skyscrapers, like packs of dogs assaulting the glass fronts of Love-Me Arenue.
11264
And ten thousand$peoploids split into small tribes, coveting the highest of the sterile skyscrapers, like packs of dogs assaultiog the glass fronts of Love-Me Asenue.
11265
And ten thousand$peoploids split into small tribes, coveting the highest of the sterile skyscrapers, like packs of dogs assaultiog the glass fronts of Love-Me Asenue.
11266
And ten thousand$peoploids split into small tribes, coveting the highest of the sterile skyscrapers, like packs of dogs assaultiog the glass fronts of Love-Me Asenue.
11267
And ten thousand$peoploids split into small tribes, coveting the highest of the sterile skyscrapers, like packs of dogs assaultiog the glass fronts of Love-Me Asenue.
11268
And ten thousand$peoploids split into small tribes, coveting the highest of the sterile skyscrapers, like packs of dogs assaultiog the glass fronts of Love-Me Asenue.
11269
And ten thousand$peoploids split into small tribes, coveting the highest of the sterile skyscrapers, like packs of dogs assaultiog the glass fronts of Love-Me Asenue.
11270
And ten thousand$peoploids split into small tribes, coveting the highest of the sterile skyscrapers, like packs of dogs assaultiog the glass fronts of Love-Me Asenue.
11271
And ten thousand$peoploids split into small tribes, coveting the highest of the sterile skyscrapers, like packs of dogs assaultiog the glass fronts of Love-Me Asenue.
11272
And ten thousand$peoploies split into small tribes, coveting the highest of the sterile skyscrapers, like packs of dogs assaultiog the glass fronts of Love-Me Atenue.
11273
And ten thousand$peoploies split into small tribes, coveting the highest of the sterile skyscrapers, like packs of dogs assaultiog the glass fronts of Love-Me Atenue.
11274
And ten thousand$peoploies split into small tribes, coveting the highest of the sterile skyscrapers, like packs of dogs assaultiog the glass fronts of Love-Me Atenue.
11275
And ten thousand$peoploids split into small tribes, coveting the highest of the sterile skyscrapers, like packs of dogs assaultiog the glass fronts of Love-Me Asenue.
11276
And ten thousand$peoploids split into small tribes, coveting the highest of the sterile skyscrapers, like packs of dogs assaultiog the glass fronts of Love-Me Asenue.
11277
And ten thousand$peoploids split into small tribes, coveting the highest of the sterile skyscrapers, like packs of dogs assaultiog the glass fronts of Love-Me Asenue.
11278
And ten thousand$peoploids split into small tribes, coveting the highest of the sterile skyscrapers, like packs of dogs assaultiog the glass fronts of Love-Me Asenue.
11279
And ten thousand$peoploids split into small tribes, coveting the highest of the sterile skyscrapers, like packs of dogs assaultiog the glass fronts of Love-Me Asenue.
11280
And ten thousand$peoploids split into small tribes, coveting the highest of the sterile skyscrapers, like packs of dogs assaultiog the glass fronts of Love-Me Asenue.
11281
And ten thousand$peoploies split into small tribes, coveting the highest of the sterile skyscrapers, like packs of dogs assaultiog the glass fronts of Love-Me Atenue.
11282
And ten thousand$peoploies split into small tribes, coveting the highest of the sterile skyscrapers, like packs of dogs assaultiog the glass fronts of Love-Me Atenue.
11283
And ten thousand$peoploies split into small tribes, coveting the highest of the sterile skyscrapers, like packs of dogs assaultiog the glass fronts of Love-Me Atenue.
11284
And ten thousand#peoploids split into small tribes, coveting the highest of the sterile skyscrapers, like packs of dogs assaultiog the glass fronts of Love-Me Asenue.
11285
And ten thousand#peoploids split into small tribes, coveting the highest of the sterile skyscrapers, like packs of dogs assaultiog the glass fronts of Love-Me Asenue.
11286
And ten thousand#peoploids split into small tribes, coveting the highest of the sterile skyscrapers, like packs of dogs assaultiog the glass fronts of Love-Me Asenue.
11287
And ten thousand"peoploids split into small tribes, coveting the highest of the sterile skyscrapers, like packs of dogs assaultiog the glass fronts of Love-Me Asenue.
11288
And ten thousand"peoploids split into small tribes, coveting the highest of the sterile skyscrapers, like packs of dogs assaultiog the glass fronts of Love-Me Asenue.
11289
And ten thousand"peoploids split into small tribes, coveting the highest of the sterile skyscrapers, like packs of dogs assaultiog the glass fronts of Love-Me Asenue.
11290
And ten thousand"peoploids split into small tribes, coveting the highest of the sterile skyscrapers, like packs of dogs assaulting the glass fronts of Love-Me Asenue.
11291
And ten thousand"peoploids split into small tribes, coveting the highest of the sterile skyscrapers, like packs of dogs assaulting the glass fronts of Love-Me Asenue.
11292
And ten thousand"peoploids split into small tribes, coveting the highest of the sterile skyscrapers, like packs of dogs assaulting the glass fronts of Love-Le Asenue.
11293
And ten thousand"peoploids split into small tribes, coveting the highest of the sterile!skyscrapers, like packs of dogs assaulting the glass fronts of Love-Me Asenue.
11294
And ten thousand"peoploids split into small tribes, coveting the highest of the sterhle skyscrapers, like packs of dogs assaulting the glass fronts of Love-Me Asenue.
11295
And ten thousand"peoploids split into small tribes, coveting the highest of the sterhle skyscrapers, like packs of dogs assaulting the glass fronts of Love-Me Asenue.
11296
And ten thousand"peoploids split into small tribes, coveting the highest of the sterhle skyscrapers, like packs of dogs assaulting the glass fronts of Love-Me Asenue.
11297
And ten thousand#peoploids split into small tribes, coveting the highest of the sterile skyscrapers, like packs of dogs assaulting the glass fronts of Love-Me Atenue.
11298
And ten thousand#peoploids split into small tribes, coveting the highest of the sterile skyscrapers, like packs of dogs assaulting the glass fronts of Love-Me Atenue.
11299
And ten thousand#peoploids split into small tribes, coveting the highest of the sterile skyscrapers, like packs of dogs assaulting the glass fronts of Love-Me Atenue.
11300
And ten thousand#peoploids split into small tribes, coveting the highest of the sterile skyscrapers, like packs of dogs assaulting the glass fronts of Love-Me Atenue.
11301
And ten thousand#peoploids split into small tribes, coveting the highest of the sterile skyscrapers, like packs of dogs assaulting the glass fronts of Love-Me Atenue.
11302
And ten thousand#peoploids split into small tribes, coveting the highest of the sterile skyscrapers, like packs of dogs assaulting the glass fronts of Love-Me Atenue.
11303
And ten thousand#peoploids split into small tribes, coveting the highest of the sterile skyscrapers, like packs of dogs assaulting the glass fronts of Love-Me Atenue.
11304
And ten thousand#peoploids split into small tribes, coveting the highest of the sterile skyscrapers, like packs of dogs assaulting the glass fronts of Love-Me Atenue.
11305
And ten thousand#peoploids split into small tribes, coveting the highest of the sterile skyscrapers, like packs of dogs assaulting the glass fronts of Love-Me Atenue.
11306
And ten thousand#peoploids split into small tribes, coveting the highest of the sterile skyscrapers, like packs of dogs assaulting the glass fronts of Love-Me Atenue.
11307
And ten thousand"peoploids split into small tribes, coveting the highest of the sterile skyscrapers, like packs of dogs assaulting the glass fronts of Love-Me Asenue.
11308
And ten thousand"peoploids split into small tribes, coveting the highest of the sterile skyscrapers, like packs of dogs assaulting the glass fronts of Love-Me Asenue.
11309
And ten thousand"peoploids split into small tribes, coveting the highest of the sterile skyscrapers, like packs of dogs assaulting the glass fronts of Love-Me Asenue.
11310
And ten thousand"peoploids split into small tribes, coveting the highest of the sterhle skyscrapers, like packs of dogs assaulting the glass fronts of Love-Me Atenue.
11311
And ten thousand"peoploids split into small tribes, coveting the highest of the sterile skyscrapers, like packs of dogs assaulting the glass fronts of Love-Me Asenue.
11312
And ten thousand#peoploids split into small tribes, coveting the highest of the sterile skyscrapers, like packs of dogs assaulting the glass fronts of Love-Me Atenue.
11313
And ten thousand"peoploids split into small tribes, coveting the highest of the sterile skyscrapers, like packs of dogs assaulting the glass fronts of Love-Me Atenue.
11314
And ten thousand"peoploids split into small tribes, coveting the highest of the sterile skyscrapers, like packs of dogs assaulting the glass fronts of Love-Me Atenue.
11315
And ten thousand"peoploids split into small tribes, coveting the highest of the sterile skyscrapers, like packs of dogs assaulting the glass fronts of Love-Me Atenue.
11316
And ten thousand"peoploids split into small tribes, coveting the highest of the sterile skyscrapers, like packs of dogs assaulting the glass fronts of Love-Me Atenue.
11317
And ten thousand"peoploids split into small tribes, coveting the highest of the sterile skyscrapers, like packs of dogs assaulting the glass fronts of Love-Me Atenue.
11318
And ten thousand"peoploids split into small tribes, coveting the highest of the sterile skyscrapers, like packs of dogs assaulting the glass fronts of Love-Me Atenue.
11319
And ten thousand"peoploids split into small tribes, coveting the highest of the sterile skyscrapers, like packs of dogs assaulting the glass fronts of Love-Me Atenue.
11320
And ten thousand!peoploids split into small tribes, coveting the highest of the sterile skyscrapers, like packs of dogs assaulting the glass fronts of Love-Me Atenue.
11321
And ten thousand!peoploids split into small tribes, coveting the highest of the sterile skyscrapers, like packs of dogs assaulting the glass fronts of Love-Me Atenue.
11322
And ten thousand!peoploids split into small tribes, coveting the highest of the sterile skyscrapers, like packs of dogs assaulting the glass fronts of Love-Me Atenue.
11323
And ten thousand!peoploids split into small tribes, coveting the highest of the sterile skyscrapers, like packs of dogs assaulting the glass fronts of Love-Me Atenue.
11324
And ten thousand!peoploids split into small tribes, coveting the highest of the sterile skyscrapers, like packs of dogs assaulting the glass fronts of Love-Me Atenue.
11325
And ten thousand!peoploids split into small tribes, coveting the highest of the sterile skyscrapers, like packs of dogs assaulting the glass fronts of Love-Me Atenue.
11326
And ten thousand!peoploids split into small tribes, coveting the highest of the sterile skyscrapers, like packs of dogs assaulting the glass fronts of Love-Me Atenue.
11327
And ten thousand peoploids split into small tribes, coveting the highest of the sterile skyscrapers, like packs of dogs assaulting the glass fronts of Love-Me Atenue.
11328
And ten thousand peoploids split into small tribes, coveting the highest of the sterile skyscrapers, like packs of dogs assaulting the glass fronts of Love-Me Atenue.
11329
And ten thousand peoploids split into small tribes, coveting the highest of the sterile skyscrapers, like packs of dogs assaulting the glass fronts of Love-Me Atenue.
11330
And ten thousand peoploids split into small tribes, coveting the highest of the sterile skyscrapers, like packs of dogs assaulting the glass fronts of Love-Me Atenue.
11331
And ten thousand peoploids split into small tribes, coveting the highest of the sterile skyscrapers, like packs of dogs assaulting the glass fronts of Love-Me Atenue.
11332
And ten thousand peoploids split into small tribes, coveting the highest of the sterile skyscrapers, like packs of dogs assaulting the glass fronts of Love-Me Atenue.
11333
And ten thousand peoploids split into small tribes, coveting the highest of the sterile skyscrapers, like packs of dogs assaulting the glass fronts of Love-Me Atenue.
11334
And ten thousand peoploids split into small tribes, coveting the highest of the sterile skyscrapers, like packs of dogs assaulting the glass fronts of Love-Me Atenue.
11335
And ten thousand peoploids split into small tribes, coveting the highest of the sterile skyscrapers, like packs of dogs assaulting the glass fronts of Love-Me Atenue.
11336
And ten thousand peoploids split into small tribes, coveting the highest of the sterile skyscrapers, like packs of dogs assaulting the glass fronts of Love-Me Atenue.
11337
And ten thousand peoploids split into small tribes, coveting the highest of the sterile skyscrapers, like packs of dogs assaulting the glass fronts of Love-Me Atenue.
11338
And ten thousand peoploids split into small tribes, coveting the highest of the sterile skyscrapers, like packs of dogs assaulting the glass fronts of Love-Me Atenue.
11339
And ten thousand peoploids split into small tribes, coveting the highest of the sterile skyscrapers, like packs of dogs assaulting the glass fronts of Love-Me Atenue.
11340
And ten thousand peoploids split into small tribes, coveting the highest of the sterile skyscrapers, like packs of dogs assaulting the glass fronts of Love-Me Atenue.
11341
And ten thousand peoploids split into small tribes, coveting the highest of the sterile skyscrapers, like packs of dogs assaulting the glass fronts of Love-Me Atenue.
11342
And ten thousand peoploids split into small tribes, coveting the highest of the sterile skyscrapers, like packs of dogs assaulting the glass fronts of Love-Me Atenue.
11343
And ten thousand peoploids split into small tribes, coveting the highest of the sterile skyscrapers, like packs of dogs assaulting the glass fronts of Love-Me Atenue.
11344
And ten thousand peoploids split into small tribes, coveting the highest of the sterile skyscrapers, like packs of dogs assaulting the glass fronts of Love-Me Atenue.
11345
And ten thousand peoploids split into small tribes, coveting the highest of the sterile skyscrapers, like packs of dogs assaulting the glass fronts of Love-Me Atenue.
11346
And ten thousand peoploids split into small tribes, coveting the highest of the sterile skyscrapers, like packs of dogs assaulting the glass fronts of Love-Me Auenue.
11347
Aod ten thousand peoploids split into small tribes, coveting the highest of the sterile skyscrapers, like packs of dogs assaulting the glass fronts of Love-Me Auenue.
11348
Aod ten thousand peoploids split into small tribes, coveting the highest of the sterile skyscrapers, like packs of dogs assaulting the glass fronts of Love-Me Auenue.
11349
And ten thousand peoploids split into small tribes, coveting the highest of the sterile skyscrapers, like packs of dogs assaulting the glass fronts of Love-Me Atenue.
11350
And ten thousand peoploids split into small tribes, coveting the highest of the sterile skyscrapers, like packs of dogs assaulting the glass fronts of Love-Me Atenue.
11351
And ten thousand peoploids split into small tribes, coveting the highest of the sterile skyscrapers, like packs of dogs assaulting the glass fronts of Love-Me Atenue.
11352
And ten thousand peoploids split into small tribes, coveting the highest of the sterile skyscrapers, like packs of dogs assaulting the glass fronts of Love-Me Auenue.
11353
And ten thousand peoploids split into small tribes, coveting the highest of the sterile skyscrapers, like packs of dogs assaulting the glass fronts of Love-Me Auenue.
11354
And ten thousand peoploids split into small tribes, coveting the highest of the sterile skyscrapers, like packs of dogs assaulting the glass fronts of Love-Me Auenue.
11355
And ten thousand peoploids split into small tribes, coveting the highest of the sterile skyscrapers, like packs of dogs assaulting the glass fronts of Love-Me Auenue.
11356
And ten thousand peoploids split into small tribes, coveting the highest of the sterile skyscrapers, like packs of dogs assaulting the glass fronts of Love-Me Auenue.
11357
And ten thousand peoploids split into small tribes, coveting the highest of the sterile skyscrapers, like packs of dogs assaulting the glass fronts of Love-Me Auenue.
11358
And ten thousand peoploids split into small tribes, coveting the highest of the sterile skyscrapers, like packs of dogs assaulting the glass fronts of Love-Me Auenue.
11359
And ten thousand peoploids split into small tribes, coveting the highest of the sterile skyscrapers, like packs of dogs assaulting the glass fronts of Love-Me Auenue.
11360
And ten thousand peoploids split into small tribes, coveting the highest of the sterile skyscrapers, like packs of dogs assaulting the glass fronts of Love-Me Auenue.
11361
And ten thousand peoploids split into small tribes, coveting the highest of the sterile skyscrapers, like packs of dogs assaulting the glass fronts of Love-Me Auenue.
11362
And ten thousand peoploids split into small tribes, coveting the highest of the sterile skyscrapers, like packs of dogs assaulting the glass fronts of Love-Me Auenue.
11363
And ten thousand peoploids split into small tribes, coveting the highest of the sterile skyscrapers, like packs of dogs assaulting the glass fronts of Love-Me Auenue.
11364
And ten thousand peoploids split into small tribes, coveting the highest of the sterile skyscrapers, like packs of dogs assaulting the glass fronts of Love-Me Auenue.
11365
And ten thousand peoploids split into small tribes, coveting the highest of the sterile skyscrapers, like packs of dogs assaulting the glass fronts of Love-Me Auenue.
11366
And ten thousand peoploids split into small tribes, coveting the highest of the sterile skyscrapers, like packs of dogs assaulting the glass fronts of Love-Me Auenue.
11367
And ten thousand peoploids split into small tribes, coveting the highest of the sterile skyscrapers, like packs of dogs assaulting the glass fronts of Love-Me Auenue.
11368
And ten thousand peoploids split into small tribes, coveting the highest of the sterile skyscrapers, like packs of dogs assaulting the glass fronts of Love-Me Auenue.
11369
And ten thousand peoploids split into small tribes, coveting the highest of the sterile skyscrapers, like packs of dogs assaulting the glass fronts of Love-Me Auenue.
11370
And ten thousand peoploids split into small tribes, coveting the highest of the sterile skyscrapers, like packs of dogs assaulting the glass fronts of Love-Me Auenue.
11371
And ten thousand peoploids split into small tribes, coveting the highest of the sterile skyscrapers, like packs of dogs assaulting the glass fronts of Love-Me Auenue.
11372
And ten thousand peoploids split into small tribes, coveting the highest of the sterile skyscrapers, like packs of dogs assaulting the glass fronts of Love-Me Auenue.
11373
And ten thousand peoploids split into small tribes, coveting the highest of the sterile skyscrapers, like packs of dogs assaulting the glass fronts of Love-Me Auenue.
11374
And ten thousand peoploids split into small tribes, coveting the highest of the sterile skyscrapers, like packs of dogs assaulting the glass fronts of Love-Me Auenue.
11375
And ten thousand peoploids split into small tribes, coveting the highest of the sterile skyscrapers, like packs of dogs assaulting the glass fronts of Love-Me Auenue.
11376
And ten thousand peoploids split into small tribes, coveting the highest of the sterile skyscrapers, like packs of dogs assaulting the glass fronts of Love-Me Auenue.
11377
And ten thousand peoploids split into small tribes, coveting the highest of the sterile skyscrapers, like packs of dogs assaulting the glass fronts of Love-Me Avenue.
11378
24.0
24.0
24.0
24.0
25.0
25.0
26.0
27.0
27.0
27.0
27.0
28.0
28.0
29.0
29.0
29.0
30.0
30.0
30.0
31.0
31.0
31.0
31.0
31.0
32.0
226.0
227.0
229.0
230.0
232.0
232.0
234.0
236.0
237.0
239.0
241.0
242.0
243.0
245.0
245.0
248.0
249.0
250.0
251.0
254.0
255.0
257.0
258.0
260.0
262.0
263.0
264.0
265.0
266.0
267.0
268.0
270.0
271.0
272.0
274.0
276.0
277.0
278.0
278.0
279.0
280.0
280.0
282.0
283.0
285.0
285.0
287.0
290.0
291.0
294.0
294.0
295.0
296.0
297.0
298.0
299.0
300.0
301.0
301.0
302.0
303.0
304.0
306.0
306.0
307.0
309.0
309.0
310.0
312.0
312.0
313.0
314.0
315.0
316.0
318.0
318.0
319.0
321.0
321.0
321.0
322.0
324.0
324.0
324.0
325.0
327.0
327.0
330.0
331.0
332.0
332.0
334.0
335.0
336.0
337.0
338.0
338.0
339.0
340.0
341.0
341.0
341.0
342.0
343.0
344.0
345.0
345.0
346.0
346.0
347.0
349.0
350.0
350.0
350.0
351.0
351.0
351.0
353.0
353.0
353.0
353.0
354.0
354.0
355.0
356.0
356.0
356.0
356.0
357.0
357.0
358.0
359.0
360.0
360.0
360.0
361.0
361.0
361.0
361.0
361.0
362.0
363.0
363.0
363.0
364.0
364.0
364.0
366.0
366.0
366.0
367.0
368.0
368.0
368.0
369.0
369.0
370.0
370.0
370.0
370.0
370.0
371.0
371.0
373.0
373.0
373.0
374.0
374.0
374.0
375.0
375.0
375.0
375.0
376.0
376.0
377.0
377.0
377.0
377.0
377.0
378.0
379.0
379.0
379.0
379.0
379.0
380.0
380.0
380.0
380.0
381.0
381.0
381.0
381.0
381.0
382.0
382.0
382.0
383.0
383.0
383.0
384.0
384.0
384.0
384.0
385.0
385.0
385.0
385.0
386.0
386.0
387.0
386.0
387.0
387.0
388.0
388.0
388.0
388.0
389.0
389.0
389.0
389.0
390.0
390.0
390.0
390.0
390.0
390.0
391.0
391.0
391.0
391.0
391.0
391.0
392.0
392.0
392.0
392.0
392.0
392.0
392.0
392.0
393.0
393.0
393.0
393.0
393.0
394.0
394.0
395.0
395.0
395.0
395.0
395.0
395.0
395.0
395.0
395.0
396.0
396.0
396.0
396.0
396.0
396.0
396.0
397.0
397.0
397.0
397.0
397.0
398.0
398.0
398.0
398.0
398.0
398.0
398.0
398.0
398.0
398.0
398.0
398.0
398.0
399.0
398.0
398.0
398.0
398.0
398.0
399.0
399.0
399.0
399.0
399.0
399.0
399.0
399.0
399.0
399.0
399.0
399.0
399.0
399.0
399.0
399.0
399.0
399.0
399.0
399.0
399.0
399.0
399.0
399.0
399.0
399.0
399.0
399.0
399.0
399.0
399.0
399.0
399.0
399.0
399.0
399.0
399.0
399.0
399.0
399.0
399.0
399.0
399.0
399.0
399.0
399.0
399.0
399.0
399.0
399.0
399.0
399.0
399.0
399.0
399.0
399.0
399.0
400.0
4.0
5*0713/2/9/6
5*0713/2/9/6
5*0713/2/9/6
5*0713/2/9/6
5*0713/2/9/6
5*0713/2/9/6
5*0713/2/9/6
5*0713/2/9/6
5*0813/2/9/7
470/098+613+50
470/098+613+50
470/098+613+50
470/098+623+50
459387/670+360
459387/670+360
459387/670+360
459387/670+360
459387/670+360
459387/670+360
449387/670+360
449387/670+360
449387/670+360
449387/670+360
449387/670+360
439387/670+360
439387/670+360
439387/670+360
439387/670+360
439387/670+360
439387/670+360
439387/670+350
429387/670+360
054-3+5+97*765
054-3+5+97*765
054-3+5+97*765
055-3+5+97*765
055-3+5+97*765
055-3+5+97*765
055-2+5+97*765
055-2+5+97*765
064-3+5+97*766
055+3+5+97*765
056+3+5+97*765
056+3+5+97*765
056+3+5+97*765
056+3+5+97*765
056+3+5+97*765
056+3+5+97*765
056+3+5+97*765
054+3+5+97*775
054+3+5+97*775
054+3+5+97*775
054+3+5+97*775
054+3+5+97*775
056+3+5+97*766
056+3+5+97*766
056+3+5+97*766
056+3+5+97*766
056+3+5+97*766
056+3+5+97*766
056+3+5+97*766
056+3+5+97*766
054+3+5+97*776
056+3+5+97*767
056+3+5+97*767
056+3+5+97*767
056+3+5+97*767
056+3+5+97*767
056+3+5+97*767
056+3+5+97*767
056+3+5+97*767
056+3+5+97*767
056+3+5+97*767
056+3+5+97*767
056+3+5+97*767
056+3+5+97*767
056+3+5+97*767
056+3+5+97*767
056+3+5+97*767
056+3+5+97*767
056+3+5+97*767
056+3+5+97*767
056+3+5+97*767
056+3+5+97*767
056+3+5+97*767
056+3+5+97*767
056+3+5+97*767
056+3+5+97*767
056+3+5+97*767
056+3+5+97*767
056+3+5+97*767
056+3+5+97*767
056+3+5+97*767
056+3+5+97*767
056+3+5+97*767
056+3+5+97*767
056+3+5+97*767
056+3+5+97*767
056+3+5+97*767
056+3+5+97*767
056+3+5+97*767
056+3+5+97*767
056+3+5+97*767
056+3+5+97*767
056+3+5+97*767
056+3+5+97*767
056+3+5+97*767
056+3+5+97*767
056+3+5+97*767
056+3+5+97*767
056+3+5+97*767
056+3+5+97*767
056+3+5+97*767
056+3+5+97*767
056+3+5+97*767
056+3+5+97*767
056+3+5+97*767
056+3+5+97*767
056+3+5+97*767
056+3+5+97*767
056+3+5+97*767
056+3+5+97*767
056+3+5+97*767
056+3+5+97*767
056+3+5+97*767
056+3+5+97*767
056+3+5+97*767
056+3+5+97*767
056+3+5+97*767
056+3+5+97*767
056+3+5+97*767
056+3+5+97*767
056+3+5+97*767
056+3+5+97*767
056+3+5+97*767
056+3+5+97*767
056+3+5+97*767
056+3+5+97*767
056+3+5+97*767
056+3+5+97*767
056+3+5+97*767
056+3+5+97*767
056+3+5+97*767
056+3+5+97*767
056+3+5+97*767
056+3+5+97*767
056+3+5+97*767
056+3+5+97*767
056+3+5+97*767
056+3+5+97*767
056+3+5+97*767
056+3+5+97*767
056+3+5+97*767
056+3+5+97*767
056+3+5+97*767
056+3+5+97*767
056+3+5+97*767
056+3+5+97*767
056+3+5+97*767
056+3+5+97*767
056+3+5+97*767
056+3+5+97*767
056+3+5+97*767
056+3+5+97*767
056+3+5+97*767
056+3+5+97*767
056+3+5+97*767
056+3+5+97*767
056+3+5+97*767
056+3+5+97*767
056+3+5+97*767
056+3+5+97*767
056+3+5+97*767
056+3+5+97*767
056+3+5+97*767
056+3+5+97*767
056+3+5+97*767
056+3+5+97*767
056+3+5+97*767
056+3+5+97*767
056+3+5+97*767
056+3+5+97*767
056+3+5+97*767
056+3+5+97*767
056+3+5+97*767
056+3+5+97*767
056+3+5+97*767
056+3+5+97*767
056+3+5+97*767
056+3+5+97*767
056+3+5+97*767
056+3+5+97*767
056+3+5+97*767
056+3+5+97*767
056+3+5+97*767
056+3+5+97*767
056+3+5+97*767
056+3+5+97*767
056+3+5+97*767
056+3+5+97*767
056+3+5+97*767
056+3+5+97*767
056+3+5+97*767
056+3+5+97*767
056+3+5+97*767
056+3+5+97*767
056+3+5+97*767
056+3+5+97*767
056+3+5+97*767
056+3+5+97*767
056+3+5+97*767
056+3+5+97*767
056+3+5+97*767
056+3+5+97*767
056+3+5+97*767
056+3+5+97*767
056+3+5+97*767
056+3+5+97*767
056+3+5+97*767
056+3+5+97*767
056+3+5+97*767
056+3+5+97*767
056+3+5+97*767
056+3+5+97*767
056+3+5+97*767
056+3+5+97*767
056+3+5+97*767
056+3+5+97*767
056+3+5+97*767
056+3+5+97*767
056+3+5+97*767
056+3+5+97*767
056+3+5+97*767
056+3+5+97*767
056+3+5+97*767
056+3+5+97*767
056+3+5+97*767
056+3+5+97*767
056+3+5+97*767
056+3+5+97*767
056+3+5+97*767
056+3+5+97*767
056+3+5+97*767
056+3+5+97*767
056+3+5+97*767
056+3+5+97*767
056+3+5+97*767
056+3+5+97*767
056+3+5+97*767
056+3+5+97*767
056+3+5+97*767
056+3+5+97*767
056+3+5+97*767
056+3+5+97*767
056+3+5+97*767
056+3+5+97*767
056+3+5+97*767
056+3+5+97*767
056+3+5+97*767
056+3+5+97*767
056+3+5+97*767
056+3+5+97*767
056+3+5+97*767
056+3+5+97*767
056+3+5+97*767
056+3+5+97*767
056+3+5+97*767
056+3+5+97*767
056+3+5+97*767
056+3+5+97*767
056+3+5+97*767
056+3+5+97*767
056+3+5+97*767
056+3+5+97*767
056+3+5+97*767
056+3+5+97*767
056+3+5+97*767
056+3+5+97*767
056+3+5+97*767
056+3+5+97*767
056+3+5+97*767
056+3+5+97*767
056+3+5+97*767
056+3+5+97*767
056+3+5+97*767
056+3+5+97*767
056+3+5+97*767
056+3+5+97*767
056+3+5+97*767
056+3+5+97*767
056+3+5+97*767
056+3+5+97*767
056+3+5+97*767
056+3+5+97*767
056+3+5+97*767
056+3+5+97*767
056+3+5+97*767
056+3+5+97*767
056+3+5+97*767
056+3+5+97*767
056+3+5+97*767
056+3+5+97*767
056+3+5+97*767
056+3+5+97*767
056+3+5+97*767
056+3+5+97*767
056+3+5+97*767
056+3+5+97*767
056+3+5+97*767
056+3+5+97*767
056+3+5+97*767
056+3+5+97*767
056+3+5+97*767
056+3+5+97*767
056+3+5+97*767
056+3+5+97*767
056+3+5+97*767
056+3+5+97*767
056+3+5+97*767
056+3+5+97*767
056+3+5+97*767
056+3+5+97*767
056+3+5+97*767
056+3+5+97*767
056+3+5+97*767
056+3+5+97*767
056+3+5+97*767
056+3+5+97*767
056+3+5+97*767
056+3+5+97*767
056+3+5+97*767
056+3+5+97*767
056+3+5+97*767
056+3+5+97*767
056+3+5+97*767
056+3+5+97*767
056+3+5+97*767
056+3+5+97*767
056+3+5+97*767
056+3+5+97*767
056+3+5+97*767
056+3+5+97*767
056+3+5+97*767
056+3+5+97*767
056+3+5+97*767
056+3+5+97*767
056+3+5+97*767
056+3+5+97*767
056+3+5+97*767
056+3+5+97*767
056+3+5+97*767
056+3+5+97*767
056+3+5+97*767
056+3+5+97*767
056+3+5+97*767
056+3+5+97*767
056+3+5+97*767
056+3+5+97*767
056+3+5+97*767
056+3+5+97*767
056+3+5+97*767
056+3+5+97*767
056+3+5+97*767
056+3+5+97*767
056+3+5+97*767
056+3+5+97*767
056+3+5+97*767
056+3+5+97*767
056+3+5+97*767
056+3+5+97*767
056+3+5+97*767
056+3+5+97*767
056+3+5+97*767
056+3+5+97*767
056+3+5+97*767
056+3+5+97*767
056+3+5+97*767
056+3+5+97*767
056+3+5+97*767
056+3+5+97*767
056+3+5+97*767
056+3+5+97*767
056+3+5+97*767
056+3+5+97*767
056+3+5+97*767
056+3+5+97*767
056+3+5+97*767
056+3+5+97*767
056+3+5+97*767
056+3+5+97*767
056+3+5+97*767
056+3+5+97*767
056+3+5+97*767
056+3+5+97*767
056+3+5+97*767
056+3+5+97*767
056+3+5+97*767
056+3+5+97*767
056+3+5+97*767
056+3+5+97*767
056+3+5+97*767
056+3+5+97*767
056+3+5+97*767
056+3+5+97*767
056+3+5+97*767
056+3+5+97*767
056+3+5+97*767
056+3+5+97*767
056+3+5+97*767
056+3+5+97*767
056+3+5+97*767
056+3+5+97*767
056+3+5+97*767
056+3+5+97*767
056+3+5+97*767
056+3+5+97*767
056+3+5+97*767
056+3+5+97*767
056+3+5+97*767
056+3+5+97*767
056+3+5+97*767
056+3+5+97*767
056+3+5+97*767
056+3+5+97*767
056+3+5+97*767
056+3+5+97*767
056+3+5+97*767
056+3+5+97*767
056+3+5+97*767
056+3+5+97*767
056+3+5+97*767
056+3+5+97*767
056+3+5+97*767
056+3+5+97*767
056+3+5+97*767
056+3+5+97*767
056+3+5+97*767
056+3+5+97*767
056+3+5+97*767
056+3+5+97*767
056+3+5+97*767
056+3+5+97*767
056+3+5+97*767
056+3+5+97*767
056+3+5+97*767
056+3+5+97*767
056+3+5+97*767
056+3+5+97*767
056+3+5+97*767
056+3+5+97*767
056+3+5+97*767
056+3+5+97*767
056+3+5+97*767
056+3+5+97*767
056+3+5+97*767
056+3+5+97*767
056+3+5+97*767
056+3+5+97*767
056+3+5+97*767
056+3+5+97*767
056+3+5+97*767
056+3+5+97*767
056+3+5+97*767
056+3+5+97*767
056+3+5+97*767
056+3+5+97*767
056+3+5+97*767
056+3+5+97*767
056+3+5+97*767
056+3+5+97*767
056+3+5+97*767
056+3+5+97*767
056+3+5+97*767
056+3+5+97*767
056+3+5+97*767
056+3+5+97*767
056+3+5+97*767
056+3+5+97*767
056+3+5+97*767
056+3+5+97*767
056+3+5+97*767
056+3+5+97*767
056+3+5+97*767
056+3+5+97*767
056+3+5+97*767
056+3+5+97*767
056+3+5+97*767
056+3+5+97*767
056+3+5+97*767
056+3+5+97*767
056+3+5+97*767
056+3+5+97*767
056+3+5+97*767
056+3+5+97*767
056+3+5+97*767
056+3+5+97*767
056+3+5+97*767
056+3+5+97*767
056+3+5+97*767
056+3+5+97*767
056+3+5+97*767
056+3+5+97*767
056+3+5+97*767
056+3+5+97*767
056+3+5+97*767
056+3+5+97*767
056+3+5+97*767
056+3+5+97*767
056+3+5+97*767
056+3+5+97*767
056+3+5+97*767
056+3+5+97*767
056+3+5+97*767
056+3+5+97*767
056+3+5+97*767
056+3+5+97*767
056+3+5+97*767
056+3+5+97*767
056+3+5+97*767
056+3+5+97*767
056+3+5+97*767
056+3+5+97*767
056+3+5+97*767
056+3+5+97*767
056+3+5+97*767
056+3+5+97*767
056+3+5+97*767
056+3+5+97*767
056+3+5+97*767
056+3+5+97*767
056+3+5+97*767
056+3+5+97*767
056+3+5+97*767
056+3+5+97*767
056+3+5+97*767
056+3+5+97*767
056+3+5+97*767
056+3+5+97*767
056+3+5+97*767
057+2+5+97*767
057+2+5+97*767
057+2+5+97*767
057+2+5+97*767
057+2+5+97*767
057+2+5+97*767
057+2+5+97*767
057+2+5+97*767
057+2+5+97*767
057+2+5+97*767
057+2+5+97*767
057+2+5+97*767
056+3+5+97*767
056+3+5+97*767
056+3+5+97*767
056+3+5+97*767
056+3+5+97*767
056+3+5+97*767
056+3+5+97*767
056+3+5+97*767
056+3+5+97*767
056+3+5+97*767
056+3+5+97*767
056+3+5+97*767
056+3+5+97*767
056+3+5+97*767
056+3+5+97*767
056+3+5+97*767
056+3+5+97*767
056+3+5+97*767
056+3+5+97*767
056+3+5+97*767
056+3+5+97*767
056+3+5+97*767
056+3+5+97*767
056+3+5+97*767
056+3+5+97*767
056+3+5+97*767
056+3+5+97*767
056+3+5+97*767
056+3+5+97*767
056+3+5+97*767
056+3+5+97*767
056+3+5+97*767
056+3+5+97*767
056+3+5+97*767
056+3+5+97*767
056+3+5+97*767
056+3+5+97*767
056+3+5+97*767
056+3+5+97*767
056+3+5+97*767
056+3+5+97*767
056+3+5+97*767
056+3+5+97*767
056+3+5+97*767
056+3+5+97*767
056+3+5+97*767
056+3+5+97*767
056+3+5+97*767
056+3+5+97*767
056+3+5+97*767
056+3+5+97*767
056+3+5+97*767
056+3+5+97*767
056+3+5+97*767
056+3+5+97*767
056+3+5+97*767
056+3+5+97*767
056+3+5+97*767
056+3+5+97*767
056+3+5+97*767
056+3+5+97*767
056+3+5+97*767
056+3+5+97*767
056+3+5+97*767
056+3+5+97*767
056+3+5+97*767
056+3+5+97*767
056+3+5+97*767
056+3+5+97*767
056+3+5+97*767
056+3+5+97*767
056+3+5+97*767
056+3+5+97*767
056+3+5+97*767
056+3+5+97*767
056+3+5+97*767
056+3+5+97*767
056+3+5+97*767
056+3+5+97*767
056+3+5+97*767
056+3+5+97*767
056+3+5+97*767
056+3+5+97*767
056+3+5+97*767
056+3+5+97*767
056+3+5+97*767
056+3+5+97*767
056+3+5+97*767
056+3+5+97*767
056+3+5+97*767
056+3+5+97*767
056+3+5+97*767
056+3+5+97*767
056+3+5+97*767
056+3+5+97*767
056+3+5+97*767
056+3+5+97*767
056+3+5+97*767
056+3+5+97*767
056+3+5+97*767
056+3+5+97*767
056+3+5+97*767
056+3+5+97*767
056+3+5+97*767
056+3+5+97*767
056+3+5+97*767
056+3+5+97*767
056+3+5+97*767
056+3+5+97*767
056+3+5+97*767
056+3+5+97*767
056+3+5+97*767
056+3+5+97*767
056+3+5+97*767
056+3+5+97*767
056+3+5+97*767
056+3+5+97*767
056+3+5+97*767
056+3+5+97*767
056+3+5+97*767
056+3+5+97*767
056+3+5+97*767
056+3+5+97*767
056+3+5+97*767
056+3+5+97*767
056+3+5+97*767
056+3+5+97*767
056+3+5+97*767
056+3+5+97*767
056+3+5+97*767
056+3+5+97*767
056+3+5+97*767
056+3+5+97*767
056+3+5+97*767
056+3+5+97*767
056+3+5+97*767
056+3+5+97*767
056+3+5+97*767
056+3+5+97*767
056+3+5+97*767
056+3+5+97*767
056+3+5+97*767
056+3+5+97*767
056+3+5+97*767
056+3+5+97*767
057+2+5+97*767
057+2+5+97*767
057+2+5+97*767
057+2+5+97*767
057+2+5+97*767
057+2+5+97*767
057+2+5+97*767
057+2+5+97*767
057+2+5+97*767
057+2+5+97*767
057+2+5+97*767
057+2+5+97*767
056+4+4+97*767
056+4+4+97*767
056+4+4+97*767
056+4+4+97*767
056+4+4+97*767
056+4+4+97*767
056+4+4+97*767
056+4+4+97*767
056+4+4+97*767
056+4+4+97*767
056+4+4+97*767
056+4+4+97*767
056+4+4+97*767
056+4+4+97*767
056+4+4+97*767
056+4+4+97*767
056+4+4+97*767
056+4+4+97*767
056+4+4+97*767
056+4+4+97*767
056+4+4+97*767
056+4+4+97*767
056+4+4+97*767
056+4+4+97*767
056+4+4+97*767
056+4+4+97*767
056+4+4+97*767
056+4+4+97*767
056+4+4+97*767
056+4+4+97*767
056+4+4+97*767
056+4+4+97*767
056+4+4+97*767
056+4+4+97*767
056+4+4+97*767
056+4+4+97*767
056+4+4+97*767
056+4+4+97*767
056+4+4+97*767
056+4+4+97*767
056+4+4+97*767
056+4+4+97*767
056+4+4+97*767
056+4+4+97*767
056+4+4+97*767
056+4+4+97*767
056+4+4+97*767
056+4+4+97*767
056+4+4+97*767
056+4+4+97*767
056+4+4+97*767
056+4+4+97*767
056+4+4+97*767
056+4+4+97*767
056+4+4+97*767
056+4+4+97*767
056+4+4+97*767
056+4+4+97*767
056+4+4+97*767
056+4+4+97*767
056+4+4+97*767
056+4+4+97*767
056+4+4+97*767
056+4+4+97*767
056+4+4+97*767
056+4+4+97*767
056+4+4+97*767
056+4+4+97*767
056+4+4+97*767
056+4+4+97*767
056+4+4+97*767
056+4+4+97*767
056+4+4+97*767
056+4+4+97*767
056+4+4+97*767
056+4+4+97*767
056+4+4+97*767
056+4+4+97*767
056+4+4+97*767
056+4+4+97*767
056+4+4+97*767
056+4+4+97*767
056+4+4+97*767
056+4+4+97*767
056+4+4+97*767
056+4+4+97*767
056+4+4+97*767
056+4+4+97*767
056+4+4+97*767
056+4+4+97*767
056+4+4+97*767
056+4+4+97*767
056+4+4+97*767
056+4+4+97*767
056+3+5+97*767
056+3+5+97*767
056+3+5+97*767
056+3+5+97*767
056+3+5+97*767
056+3+5+97*767
056+3+5+97*767
056+3+5+97*767
056+3+5+97*767
056+3+5+97*767
056+3+5+97*767
056+3+5+97*767
056+3+5+97*767
056+3+5+97*767
056+3+5+97*767
056+3+5+97*767
056+3+5+97*767
056+3+5+97*767
056+3+5+97*767
056+3+5+97*767
056+3+5+97*767
056+3+5+97*767
056+3+5+97*767
056+3+5+97*767
056+3+5+97*767
056+3+5+97*767
056+3+5+97*767
056+3+5+97*767
056+3+5+97*767
056+3+5+97*767
056+3+5+97*767
056+3+5+97*767
056+3+5+97*767
056+3+5+97*767
056+3+5+97*767
056+3+5+97*767
056+3+5+97*767
056+3+5+97*767
056+3+5+97*767
056+3+5+97*767
056+3+5+97*767
056+3+5+97*767
056+3+5+97*767
056+3+5+97*767
056+3+5+97*767
056+3+5+97*767
056+3+5+97*767
056+3+5+97*767
056+3+5+97*767
056+3+5+97*767
056+3+5+97*767
056+3+5+97*767
057+2+5+97*767
057+2+5+97*767
057+2+5+97*767
057+2+5+97*767
057+2+5+97*767
057+2+5+97*767
056+3+5+97*767
056+3+5+97*767
056+3+5+97*767
056+3+5+97*767
056+3+5+97*767
056+3+5+97*767
056+3+5+97*767
056+3+5+97*767
056+3+5+97*767
056+3+5+97*767
056+3+5+97*767
056+3+5+97*767
056+3+5+97*767
056+3+5+97*767
056+3+5+97*767
056+3+5+97*767
056+3+5+97*767
056+3+5+97*767
056+3+5+97*767
056+3+5+97*767
056+3+5+97*767
056+3+5+97*767
056+3+5+97*767
056+3+5+97*767
056+3+5+97*767
056+3+5+97*767
056+3+5+97*767
056+3+5+97*767
056+3+5+97*767
056+3+5+97*767
056+3+5+97*767
056+3+5+97*767
056+3+5+97*767
056+3+5+97*767
056+3+5+97*767
056+3+5+97*767
056+3+5+97*767
056+3+5+97*767
056+3+5+97*767
056+3+5+97*767
056+3+5+97*767
056+3+5+97*767
056+3+5+97*767
056+3+5+97*767
056+3+5+97*767
056+3+5+97*767
056+3+5+97*767
056+3+5+97*767
056+3+5+97*767
057+2+5+97*767
057+2+5+97*767
057+2+5+97*767
057+2+5+97*767
057+2+5+97*767
057+2+5+97*767
057+2+5+97*767
057+2+5+97*767
057+2+5+97*767
057+2+5+97*767
057+2+5+97*767
057+2+5+97*767
057+2+5+97*767
057+2+5+97*767
057+2+5+97*767
057+2+5+97*767
057+2+5+97*767
057+2+5+97*767
057+2+5+97*767
057+2+5+97*767
057+2+5+97*767
057+2+5+97*767
057+2+5+97*767
057+2+5+97*767
057+2+5+97*767
057+2+5+97*767
057+2+5+97*767
057+2+5+97*767
057+2+5+97*767
057+2+5+97*767
057+2+5+97*767
057+2+5+97*767
057+2+5+97*767
057+2+5+97*767
057+2+5+97*767
057+2+5+97*767
057+2+5+97*767
057+2+5+97*767
057+2+5+97*767
057+2+5+97*767
057+2+5+97*767
057+2+5+97*767
057+2+5+97*767
057+2+5+97*767
057+2+5+97*767
057+2+5+97*767
057+2+5+97*767
057+2+5+97*767
056+3+5+97*767
056+3+5+97*767
056+4+4+97*767
056+4+4+97*767
056+4+4+97*767
056+4+4+97*767
056+4+4+97*767
056+4+4+97*767
056+4+4+97*767
056+4+4+97*767
056+4+4+97*767
056+4+4+97*767
056+4+4+97*767
056+4+4+97*767
056+4+4+97*767
056+4+4+97*767
056+4+4+97*767
056+4+4+97*767
056+4+4+97*767
056+4+4+97*767
056+4+4+97*767
056+4+4+97*767
056+4+4+97*767
056+4+4+97*767
056+4+4+97*767
056+3+5+97*767
056+3+5+97*767
056+3+5+97*767
056+3+5+97*767
056+3+5+97*767
056+3+5+97*767
056+3+5+97*767
056+3+5+97*767
056+3+5+97*767
056+3+5+97*767
056+3+5+97*767
056+3+5+97*767
056+3+5+97*767
056+3+5+97*767
056+3+5+97*767
056+3+5+97*767
056+3+5+97*767
056+3+5+97*767
056+3+5+97*767
056+3+5+97*767
056+3+5+97*767
056+3+5+97*767
056+3+5+97*767
056+3+5+97*767
056+3+5+97*767
056+3+5+97*767
056+3+5+97*767
056+3+5+97*767
056+3+5+97*767
056+3+5+97*767
056+3+5+97*767
056+3+5+97*767
056+3+5+97*767
056+3+5+97*767
056+3+5+97*767
056+3+5+97*767
056+3+5+97*767
056+3+5+97*767
056+3+5+97*767
056+3+5+97*767
056+3+5+97*767
056+3+5+97*767
056+3+5+97*767
056+3+5+97*767
056+3+5+97*767
056+3+5+97*767
056+3+5+97*767
056+3+5+97*767
056+3+5+97*767
056+3+5+97*767
056+3+5+97*767
056+3+5+97*767
056+4+4+97*767
056+3+5+97*767
056+3+5+97*767
056+3+5+97*767
056+3+5+97*767
056+3+5+97*767
056+3+5+97*767
056+3+5+97*767
056+3+5+97*767
056+3+5+97*767
056+3+5+97*767
056+3+5+97*767
056+3+5+97*767
056+3+5+97*767
056+3+5+97*767
056+3+5+97*767
056+3+5+97*767
056+3+5+97*767
056+3+5+97*767
056+3+5+97*767
056+3+5+97*767
056+3+5+97*767
066+3+5+87*767
066+3+5+87*767
066+3+5+87*767
066+3+5+87*767
066+3+5+87*767
066+3+5+87*767
066+3+5+87*767
066+3+5+87*767
066+3+5+87*767
066+3+5+87*767
066+3+5+87*767
066+3+5+87*767
066+3+5+87*767
066+3+5+87*767
066+3+5+87*767
066+3+5+87*767
066+3+5+87*767
066+3+5+87*767
066+3+5+87*767
066+3+5+87*767
066+3+5+87*767
066+3+5+87*767
066+3+5+87*767
066+3+5+87*767
066+3+5+87*767
066+3+5+87*767
066+3+5+87*767
066+3+5+87*767
066+3+5+87*767
066+3+5+87*767
066+3+5+87*767
066+3+5+87*767
066+3+5+87*767
066+3+5+87*767
066+3+5+87*767
066+3+5+87*767
056+3+5+97*767
056+3+5+97*767
056+3+5+97*767
056+3+5+97*767
056+3+5+97*767
056+3+5+97*767
056+3+5+97*767
056+3+5+97*767
056+3+5+97*767
056+3+5+97*767
056+3+5+97*767
056+3+5+97*767
056+3+5+97*767
056+3+5+97*767
056+3+5+97*767
056+3+5+97*767
056+3+5+97*767
056+3+5+97*767
056+3+5+97*767
056+3+5+97*767
056+3+5+97*767
056+3+5+97*767
056+3+5+97*767
056+3+5+97*767
056+3+5+97*767
056+3+5+97*767
056+3+5+97*767
056+3+5+97*767
056+3+5+97*767
056+3+5+97*767
056+3+5+97*767
056+3+5+97*767
056+3+5+97*767
056+3+5+97*767
056+3+5+97*767
056+3+5+97*767
056+3+5+97*767
056+3+5+97*767
056+3+5+97*767
056+3+5+97*767
056+3+5+97*767
056+3+5+97*767
056+3+5+97*767
056+3+5+97*767
056+3+5+97*767
056+3+5+97*767
056+3+5+97*767
056+3+5+97*767
056+3+5+97*767
056+3+5+97*767
056+3+5+97*767
056+3+5+97*767
056+3+5+97*767
056+3+5+97*767
056+3+5+97*767
056+3+5+97*767
056+3+5+97*767
056+3+5+97*767
056+3+5+97*767
056+3+5+97*767
056+3+5+97*767
056+3+5+97*767
056+3+5+97*767
056+3+5+97*767
056+3+5+97*767
056+3+5+97*767
056+3+5+97*767
056+3+5+97*767
056+3+5+97*767
056+3+5+97*767
056+3+5+97*767
056+3+5+97*767
056+3+5+97*767
056+3+5+97*767
056+3+5+97*767
056+3+5+97*767
056+3+5+97*767
056+3+5+97*767
056+3+5+97*767
056+3+5+97*767
056+3+5+97*767
056+3+5+97*767
056+3+5+97*767
056+3+5+97*767
056+3+5+97*767
056+3+5+97*767
056+3+5+97*767
056+3+5+97*767
056+3+5+97*767
056+3+5+97*767
056+3+5+97*767
056+3+5+97*767
056+3+5+97*767
056+3+5+97*767
056+3+5+97*767
056+3+5+97*767
056+3+5+97*767
056+3+5+97*767
056+3+5+97*767
056+3+5+97*767
056+3+5+97*767
056+3+5+97*767
056+3+5+97*767
056+3+5+97*767
056+3+5+97*767
056+3+5+97*767
056+3+5+97*767
056+3+5+97*767
056+3+5+97*767
056+3+5+97*767
056+3+5+97*767
056+3+5+97*767
056+3+5+97*767
056+3+5+97*767
056+3+5+97*767
056+3+5+97*767
056+3+5+97*767
056+3+5+97*767
056+3+5+97*767
056+3+5+97*767
056+3+5+97*767
056+3+5+97*767
056+3+5+97*767
056+3+5+97*767
056+3+5+97*767
056+3+5+97*767
056+3+5+97*767
056+3+5+97*767
056+3+5+97*767
056+3+5+97*767
056+3+5+97*767
056+3+5+97*767
056+3+5+97*767
056+3+5+97*767
056+3+5+97*767
056+3+5+97*767
056+3+5+97*767
056+3+5+97*767
056+3+5+97*767
056+3+5+97*767
056+3+5+97*767
056+3+5+97*767
056+3+5+97*767
056+3+5+97*767
056+3+5+97*767
056+3+5+97*767
056+3+5+97*767
056+3+5+97*767
056+3+5+97*767
056+3+5+97*767
056+3+5+97*767
056+3+5+97*767
056+3+5+97*767
056+3+5+97*767
056+3+5+97*767
056+3+5+97*767
056+3+5+97*767
056+3+5+97*767
056+3+5+97*767
056+3+5+97*767
056+3+5+97*767
056+3+5+97*767
056+3+5+97*767
056+3+5+97*767
056+3+5+97*767
056+3+5+97*767
056+3+5+97*767
056+3+5+97*767
056+3+5+97*767
056+3+5+97*767
056+3+5+97*767
056+3+5+97*767
056+3+5+97*767
056+3+5+97*767
056+3+5+97*767
056+3+5+97*767
056+3+5+97*767
056+3+5+97*767
056+3+5+97*767
056+3+5+97*767
056+3+5+97*767
056+3+5+97*767
056+3+5+97*767
056+3+5+97*767
056+3+5+97*767
056+3+5+97*767
056+3+5+97*767
056+3+5+97*767
056+3+5+97*767
056+3+5+97*767
056+3+5+97*767
056+3+5+97*767
056+3+5+97*767
056+3+5+97*767
056+3+5+97*767
056+3+5+97*767
056+3+5+97*767
056+3+5+97*767
056+3+5+97*767
056+3+5+97*767
056+3+5+97*767
056+3+5+97*767
056+3+5+97*767
056+3+5+97*767
056+3+5+97*767
056+3+5+97*767
056+3+5+97*767
056+3+5+97*767
056+3+5+97*767
056+3+5+97*767
056+3+5+97*767
056+3+5+97*767
056+3+5+97*767
056+3+5+97*767
056+3+5+97*767
056+3+5+97*767
056+3+5+97*767
056+3+5+97*767
056+3+5+97*767
056+3+5+97*767
056+3+5+97*767
056+3+5+97*767
056+3+5+97*767
056+3+5+97*767
056+3+5+97*767
056+3+5+97*767
056+3+5+97*767
056+3+5+97*767
056+3+5+97*767
056+3+5+97*767
056+3+5+97*767
056+3+5+97*767
056+3+5+97*767
056+3+5+97*767
056+3+5+97*767
056+4+4+97*767
056+4+4+97*767
056+4+4+97*767
056+3+5+97*767
056+3+5+97*767
056+3+5+97*767
056+3+5+97*767
056+3+5+97*767
056+3+5+97*767
056+3+5+97*767
056+3+5+97*767
056+3+5+97*767
056+3+5+97*767
056+3+5+97*767
056+3+5+97*767
056+3+5+97*767
056+3+5+97*767
056+3+5+97*767
056+3+5+97*767
056+3+5+97*767
056+3+5+97*767
056+3+5+97*767
056+3+5+97*767
056+3+5+97*767
056+3+5+97*767
056+3+5+97*767
056+3+5+97*767
056+3+5+97*767
056+3+5+97*767
056+3+5+97*767
056+3+5+97*767
056+3+5+97*767
056+3+5+97*767
056+3+5+97*767
056+3+5+97*767
056+3+5+97*767
056+3+5+97*767
056+3+5+97*767
056+3+5+97*767
056+3+5+97*767
056+3+5+97*767
056+3+5+97*767
056+3+5+97*767
056+3+5+97*767
056+3+5+97*767
056+3+5+97*767
056+3+5+97*767
056+3+5+97*767
056+3+5+97*767
056+3+5+97*767
056+3+5+97*767
056+3+5+97*767
056+3+5+97*767
056+3+5+97*767
056+3+5+97*767
056+3+5+97*767
056+3+5+97*767
056+3+5+97*767
056+3+5+97*767
056+3+5+97*767
056+3+5+97*767
056+3+5+97*767
056+3+5+97*767
056+3+5+97*767
056+3+5+97*767
056+3+5+97*767
056+3+5+97*767
056+3+5+97*767
056+3+5+97*767
056+3+5+97*767
056+3+5+97*767
056+3+5+97*767
056+3+5+97*767
056+3+5+97*767
056+3+5+97*767
056+3+5+97*767
056+3+5+97*767
056+3+5+97*767
056+3+5+97*767
056+3+5+97*767
056+3+5+97*767
056+3+5+97*767
056+3+5+97*767
056+3+5+97*767
056+3+5+97*767
056+3+5+97*767
056+3+5+97*767
056+3+5+97*767
056+3+5+97*767
056+3+5+97*767
056+3+5+97*767
056+3+5+97*767
056+3+5+97*767
056+3+5+97*767
056+3+5+97*767
056+4+4+97*767
056+4+4+97*767
056+4+4+97*767
056+4+4+97*767
056+4+4+97*767
056+4+4+97*767
056+4+4+97*767
056+4+4+97*767
056+4+4+97*767
056+4+4+97*767
056+4+4+97*767
056+4+4+97*767
056+4+4+97*767
056+4+4+97*767
056+4+4+97*767
056+4+4+97*767
056+4+4+97*767
056+4+4+97*767
056+4+4+97*767
056+4+4+97*767
056+4+4+97*767
056+4+4+97*767
056+4+4+97*767
056+4+4+97*767
056+4+4+97*767
056+4+4+97*767
056+4+4+97*767
056+4+4+97*767
056+4+4+97*767
056+4+4+97*767
056+4+4+97*767
056+4+4+97*767
056+4+4+97*767
056+4+4+97*767
056+4+4+97*767
056+4+4+97*767
056+4+4+97*767
056+4+4+97*767
056+4+4+97*767
056+4+4+97*767
056+4+4+97*767
056+4+4+97*767
056+4+4+97*767
056+4+4+97*767
056+4+4+97*767
056+4+4+97*767
056+4+4+97*767
056+4+4+97*767
056+4+4+97*767
056+4+4+97*767
056+4+4+97*767
056+4+4+97*767
056+4+4+97*767
056+4+4+97*767
056+4+4+97*767
056+4+4+97*767
056+4+4+97*767
056+4+4+97*767
056+4+4+97*767
056+4+4+97*767
056+4+4+97*767
056+4+4+97*767
056+4+4+97*767
056+4+4+97*767
056+4+4+97*767
056+4+4+97*767
056+4+4+97*767
056+4+4+97*767
056+3+5+97*767
056+3+5+97*767
056+3+5+97*767
056+3+5+97*767
056+3+5+97*767
056+3+5+97*767
056+3+5+97*767
056+3+5+97*767
056+3+5+97*767
056+3+5+97*767
056+3+5+97*767
056+3+5+97*767
056+3+5+97*767
056+3+5+97*767
056+3+5+97*767
056+3+5+97*767
056+3+5+97*767
056+3+5+97*767
056+3+5+97*767
056+3+5+97*767
056+3+5+97*767
056+3+5+97*767
056+3+5+97*767
056+3+5+97*767
056+3+5+97*767
056+3+5+97*767
056+3+5+97*767
056+3+5+97*767
056+3+5+97*767
056+3+5+97*767
056+3+5+97*767
056+3+5+97*767
056+3+5+97*767
056+3+5+97*767
056+3+5+97*767
056+3+5+97*767
056+3+5+97*767
056+3+5+97*767
056+3+5+97*767
056+3+5+97*767
056+3+5+97*767
056+3+5+97*767
056+3+5+97*767
056+3+5+97*767
056+3+5+97*767
056+3+5+97*767
056+3+5+97*767
056+3+5+97*767
056+3+5+97*767
056+3+5+97*767
056+3+5+97*767
056+3+5+97*767
056+3+5+97*767
056+3+5+97*767
056+3+5+97*767
056+3+5+97*767
056+3+5+97*767
056+3+5+97*767
056+3+5+97*767
056+3+5+97*767
056+3+5+97*767
056+3+5+97*767
056+3+5+97*767
056+3+5+97*767
056+3+5+97*767
056+3+5+97*767
056+3+5+97*767
056+3+5+97*767
056+3+5+97*767
056+3+5+97*767
056+3+5+97*767
056+3+5+97*767
056+3+5+97*767
056+3+5+97*767
056+3+5+97*767
056+3+5+97*767
056+3+5+97*767
056+3+5+97*767
056+3+5+97*767
056+3+5+97*767
056+3+5+97*767
056+3+5+97*767
056+3+5+97*767
056+3+5+97*767
056+3+5+97*767
056+3+5+97*767
056+3+5+97*767
056+3+5+97*767
056+3+5+97*767
056+3+5+97*767
056+3+5+97*767
056+3+5+97*767
056+3+5+97*767
056+3+5+97*767
056+3+5+97*767
056+3+5+97*767
056+3+5+97*767
056+3+5+97*767
056+3+5+97*767
056+3+5+97*767
056+3+5+97*767
056+3+5+97*767
056+3+5+97*767
056+3+5+97*767
056+3+5+97*767
056+3+5+97*767
056+3+5+97*767
056+3+5+97*767
056+3+5+97*767
056+3+5+97*767
056+3+5+97*767
056+3+5+97*767
056+3+5+97*767
056+3+5+97*767
056+3+5+97*767
056+3+5+97*767
056+3+5+97*767
056+3+5+97*767
056+3+5+97*767
056+3+5+97*767
056+4+4+97*767
056+4+4+97*767
056+4+4+97*767
056+3+5+97*767
056+3+5+97*767
056+3+5+97*767
056+3+5+97*767
056+3+5+97*767
056+3+5+97*767
056+3+5+97*767
056+3+5+97*767
056+3+5+97*767
056+3+5+97*767
056+3+5+97*767
056+3+5+97*767
056+3+5+97*767
056+3+5+97*767
056+3+5+97*767
056+3+5+97*767
056+3+5+97*767
056+3+5+97*767
056+3+5+97*767
056+3+5+97*767
056+3+5+97*767
056+3+5+97*767
056+3+5+97*767
056+3+5+97*767
056+3+5+97*767
056+3+5+97*767
056+3+5+97*767
056+3+5+97*767
056+3+5+97*767
056+3+5+97*767
056+3+5+97*767
056+3+5+97*767
056+3+5+97*767
056+3+5+97*767
056+3+5+97*767
056+3+5+97*767
056+3+5+97*767
056+3+5+97*767
056+3+5+97*767
056+3+5+97*767
056+3+5+97*767
056+3+5+97*767
056+3+5+97*767
056+3+5+97*767
056+3+5+97*767
056+3+5+97*767
056+3+5+97*767
056+3+5+97*767
056+3+5+97*767
056+3+5+97*767
056+3+5+97*767
056+3+5+97*767
056+3+5+97*767
056+3+5+97*767
056+3+5+97*767
056+3+5+97*767
056+3+5+97*767
056+3+5+97*767
056+3+5+97*767
056+3+5+97*767
056+3+5+97*767
056+3+5+97*767
056+3+5+97*767
056+3+5+97*767
056+3+5+97*767
056+3+5+97*767
056+3+5+97*767
056+3+5+97*767
056+3+5+97*767
056+3+5+97*767
056+3+5+97*767
056+3+5+97*767
056+3+5+97*767
056+3+5+97*767
056+3+5+97*767
056+3+5+97*767
056+3+5+97*767
056+3+5+97*767
056+3+5+97*767
056+3+5+97*767
056+3+5+97*767
056+3+5+97*767
056+3+5+97*767
056+3+5+97*767
056+3+5+97*767
056+3+5+97*767
056+3+5+97*767
056+3+5+97*767
056+3+5+97*767
056+3+5+97*767
056+3+5+97*767
056+3+5+97*767
056+3+5+97*767
056+3+5+97*767
056+3+5+97*767
056+3+5+97*767
056+3+5+97*767
056+3+5+97*767
056+3+5+97*767
056+3+5+97*767
056+3+5+97*767
056+3+5+97*767
056+3+5+97*767
056+3+5+97*767
056+3+5+97*767
056+3+5+97*767
056+3+5+97*767
056+3+5+97*767
056+3+5+97*767
056+3+5+97*767
056+3+5+97*767
056+3+5+97*767
056+3+5+97*767
056+3+5+97*767
056+3+5+97*767
056+3+5+97*767
056+3+5+97*767
056+3+5+97*767
056+3+5+97*767
056+3+5+97*767
056+3+5+97*767
056+3+5+97*767
056+3+5+97*767
056+3+5+97*767
056+3+5+97*767
056+3+5+97*767
056+3+5+97*767
056+3+5+97*767
056+3+5+97*767
056+3+5+97*767
056+3+5+97*767
056+3+5+97*767
056+3+5+97*767
056+3+5+97*767
056+3+5+97*767
056+3+5+97*767
056+3+5+97*767
056+3+5+97*767
056+3+5+97*767
056+3+5+97*767
056+3+5+97*767
056+3+5+97*767
056+3+5+97*767
056+3+5+97*767
056+3+5+97*767
056+3+5+97*767
056+3+5+97*767
056+3+5+97*767
056+3+5+97*767
056+3+5+97*767
056+3+5+97*767
056+3+5+97*767
056+3+5+97*767
056+3+5+97*767
056+3+5+97*767
056+3+5+97*767
056+3+5+97*767
056+3+5+97*767
056+3+5+97*767
056+3+5+97*767
056+3+5+97*767
056+3+5+97*767
056+3+5+97*767
056+3+5+97*767
056+3+5+97*767
056+3+5+97*767
056+3+5+97*767
056+3+5+97*767
056+3+5+97*767
056+3+5+97*767
056+3+5+97*767
056+3+5+97*767
056+3+5+97*767
056+3+5+97*767
056+3+5+97*767
056+3+5+97*767
056+3+5+97*767
056+3+5+97*767
056+3+5+97*767
056+3+5+97*767
056+3+5+97*767
056+3+5+97*767
056+3+5+97*767
056+3+5+97*767
056+3+5+97*767
056+3+5+97*767
056+3+5+97*767
056+3+5+97*767
056+3+5+97*767
056+3+5+97*767
056+3+5+97*767
056+3+5+97*767
056+3+5+97*767
056+3+5+97*767
056+3+5+97*767
056+3+5+97*767
056+3+5+97*767
056+3+5+97*767
056+3+5+97*767
056+3+5+97*767
056+3+5+97*767
056+3+5+97*767
056+3+5+97*767
056+3+5+97*767
056+3+5+97*767
056+3+5+97*767
056+3+5+97*767
056+3+5+97*767
056+3+5+97*767
056+3+5+97*767
056+3+5+97*767
056+3+5+97*767
056+3+5+97*767
056+3+5+97*767
056+3+5+97*767
056+3+5+97*767
056+3+5+97*767
056+3+5+97*767
056+3+5+97*767
056+3+5+97*767
056+3+5+97*767
056+3+5+97*767
056+3+5+97*767
056+3+5+97*767
056+3+5+97*767
056+3+5+97*767
056+3+5+97*767
056+3+5+97*767
056+3+5+97*767
056+3+5+97*767
056+3+5+97*767
056+3+5+97*767
056+3+5+97*767
056+3+5+97*767
056+3+5+97*767
056+3+5+97*767
056+3+5+97*767
056+3+5+97*767
056+3+5+97*767
056+3+5+97*767
056+3+5+97*767
056+3+5+97*767
056+3+5+97*767
056+3+5+97*767
056+3+5+97*767
056+3+5+97*767
056+3+5+97*767
056+3+5+97*767
056+3+5+97*767
056+3+5+97*767
056+3+5+97*767
056+3+5+97*767
056+3+5+97*767
056+3+5+97*767
056+3+5+97*767
056+3+5+97*767
056+3+5+97*767
056+3+5+97*767
056+3+5+97*767
056+3+5+97*767
056+3+5+97*767
056+3+5+97*767
056+3+5+97*767
056+3+5+97*767
056+3+5+97*767
056+3+5+97*767
056+3+5+97*767
056+3+5+97*767
056+3+5+97*767
056+3+5+97*767
056+3+5+97*767
056+3+5+97*767
056+3+5+97*767
056+4+4+97*767
056+4+4+97*767
056+4+4+97*767
056+4+4+97*767
056+4+4+97*767
056+4+4+97*767
056+4+4+97*767
056+4+4+97*767
056+4+4+97*767
056+4+4+97*767
056+4+4+97*767
056+4+4+97*767
056+4+4+97*767
056+4+4+97*767
056+4+4+97*767
056+4+4+97*767
056+4+4+97*767
056+4+4+97*767
056+3+5+97*767
056+3+5+97*767
056+3+5+97*767
056+3+5+97*767
056+3+5+97*767
056+3+5+97*767
056+3+5+97*767
056+3+5+97*767
056+3+5+97*767
056+3+5+97*767
056+3+5+97*767
056+3+5+97*767
056+3+5+97*767
056+3+5+97*767
056+3+5+97*767
056+3+5+97*767
056+3+5+97*767
056+3+5+97*767
056+3+5+97*767
056+3+5+97*767
056+3+5+97*767
056+3+5+97*767
056+3+5+97*767
056+3+5+97*767
056+3+5+97*767
056+3+5+97*767
056+3+5+97*767
056+3+5+97*767
056+3+5+97*767
056+3+5+97*767
056+3+5+97*767
056+3+5+97*767
056+3+5+97*767
056+3+5+97*767
056+3+5+97*767
056+3+5+97*767
056+3+5+97*767
056+3+5+97*767
056+3+5+97*767
056+3+5+97*767
056+3+5+97*767
056+3+5+97*767
056+3+5+97*767
056+3+5+97*767
056+3+5+97*767
056+3+5+97*767
056+3+5+97*767
056+3+5+97*767
056+3+5+97*767
056+3+5+97*767
056+3+5+97*767
056+3+5+97*767
056+3+5+97*767
056+3+5+97*767
056+3+5+97*767
056+3+5+97*767
056+3+5+97*767
056+3+5+97*767
056+3+5+97*767
056+3+5+97*767
056+3+5+97*767
056+3+5+97*767
056+3+5+97*767
056+3+5+97*767
056+3+5+97*767
056+3+5+97*767
056+3+5+97*767
056+3+5+97*767
056+3+5+97*767
056+3+5+97*767
056+3+5+97*767
056+3+5+97*767
056+3+5+97*767
056+3+5+97*767
056+3+5+97*767
056+3+5+97*767
056+3+5+97*767
056+3+5+97*767
056+3+5+97*767
056+3+5+97*767
056+3+5+97*767
056+3+5+97*767
056+3+5+97*767
056+3+5+97*767
056+3+5+97*767
056+3+5+97*767
056+3+5+97*767
056+3+5+97*767
056+3+5+97*767
056+3+5+97*767
056+3+5+97*767
056+3+5+97*767
056+3+5+97*767
056+3+5+97*767
056+3+5+97*767
056+3+5+97*767
056+3+5+97*767
056+3+5+97*767
056+3+5+97*767
056+3+5+97*767
056+3+5+97*767
056+3+5+97*767
056+3+5+97*767
056+3+5+97*767
056+3+5+97*767
056+3+5+97*767
056+3+5+97*767
056+3+5+97*767
056+3+5+97*767
056+3+5+97*767
056+3+5+97*767
056+3+5+97*767
056+3+5+97*767
056+3+5+97*767
056+3+5+97*767
056+3+5+97*767
056+3+5+97*767
056+3+5+97*767
056+3+5+97*767
056+3+5+97*767
056+3+5+97*767
056+3+5+97*767
056+3+5+97*767
056+3+5+97*767
056+3+5+97*767
056+3+5+97*767
056+3+5+97*767
056+3+5+97*767
056+3+5+97*767
056+3+5+97*767
056+3+5+97*767
056+3+5+97*767
056+3+5+97*767
056+3+5+97*767
056+3+5+97*767
056+3+5+97*767
056+3+5+97*767
056+3+5+97*767
056+3+5+97*767
056+3+5+97*767
056+3+5+97*767
056+3+5+97*767
056+3+5+97*767
056+3+5+97*767
056+3+5+97*767
056+3+5+97*767
056+3+5+97*767
056+3+5+97*767
056+3+5+97*767
056+3+5+97*767
056+3+5+97*767
056+3+5+97*767
056+3+5+97*767
056+3+5+97*767
056+3+5+97*767
056+3+5+97*767
056+3+5+97*767
056+3+5+97*767
056+3+5+97*767
056+3+5+97*767
056+3+5+97*767
056+3+5+97*767
056+3+5+97*767
056+3+5+97*767
056+3+5+97*767
056+3+5+97*767
056+3+5+97*767
056+3+5+97*767
056+3+5+97*767
056+3+5+97*767
056+3+5+97*767
056+3+5+97*767
056+3+5+97*767
056+3+5+97*767
056+3+5+97*767
056+4+4+97*767
056+4+4+97*767
056+4+4+97*767
056+4+4+97*767
056+4+4+97*767
056+4+4+97*767
056+4+4+97*767
056+4+4+97*767
056+4+4+97*767
056+4+4+97*767
056+4+4+97*767
056+4+4+97*767
056+4+4+97*767
056+4+4+97*767
056+4+4+97*767
056+4+4+97*767
056+4+4+97*767
056+4+4+97*767
056+4+4+97*767
056+4+4+97*767
056+3+5+97*767
056+4+4+97*767
056+4+4+97*767
056+4+4+97*767
056+4+4+97*767
056+4+4+97*767
056+4+4+97*767
056+4+4+97*767
056+4+4+97*767
056+4+4+97*767
056+4+4+97*767
056+4+4+97*767
056+4+4+97*767
056+4+4+97*767
056+4+4+97*767
056+4+4+97*767
056+4+4+97*767
056+4+4+97*767
056+4+4+97*767
056+4+4+97*767
056+4+4+97*767
056+4+4+97*767
056+4+4+97*767
056+4+4+97*767
056+4+4+97*767
056+4+4+97*767
056+4+4+97*767
056+4+4+97*767
056+4+4+97*767
056+4+4+97*767
056+4+4+97*767
056+4+4+97*767
056+4+4+97*767
056+4+4+97*767
056+4+4+97*767
056+4+4+97*767
056+4+4+97*767
056+4+4+97*767
056+4+4+97*767
056+4+4+97*767
056+4+4+97*767
056+4+4+97*767
056+4+4+97*767
056+4+4+97*767
056+4+4+97*767
056+4+4+97*767
056+4+4+97*767
056+4+4+97*767
056+4+4+97*767
056+4+4+97*767
056+4+4+97*767
056+4+4+97*767
056+4+4+97*767
056+4+4+97*767
056+4+4+97*767
056+4+4+97*767
056+4+4+97*767
056+4+4+97*767
056+4+4+97*767
056+3+5+97*767
056+3+5+97*767
056+3+5+97*767
056+3+5+97*767
056+3+5+97*767
056+3+5+97*767
056+3+5+97*767
056+3+5+97*767
056+3+5+97*767
056+3+5+97*767
056+3+5+97*767
056+3+5+97*767
056+3+5+97*767
056+3+5+97*767
056+3+5+97*767
056+3+5+97*767
056+3+5+97*767
056+3+5+97*767
056+3+5+97*767
056+3+5+97*767
056+3+5+97*767
056+3+5+97*767
056+3+5+97*767
056+3+5+97*767
056+3+5+97*767
056+3+5+97*767
056+3+5+97*767
056+3+5+97*767
056+3+5+97*767
056+3+5+97*767
056+3+5+97*767
056+3+5+97*767
056+3+5+97*767
056+3+5+97*767
056+3+5+97*767
056+3+5+97*767
056+3+5+97*767
056+3+5+97*767
056+3+5+97*767
056+3+5+97*767
056+3+5+97*767
056+3+5+97*767
056+3+5+97*767
056+3+5+97*767
056+3+5+97*767
056+3+5+97*767
056+3+5+97*767
056+3+5+97*767
056+3+5+97*767
056+3+5+97*767
056+3+5+97*767
056+3+5+97*767
056+3+5+97*767
056+3+5+97*767
056+3+5+97*767
056+3+5+97*767
056+3+5+97*767
056+3+5+97*767
056+3+5+97*767
056+3+5+97*767
056+3+5+97*767
056+3+5+97*767
056+3+5+97*767
056+3+5+97*767
056+3+5+97*767
056+3+5+97*767
056+3+5+97*767
056+3+5+97*767
056+3+5+97*767
056+3+5+97*767
056+3+5+97*767
056+3+5+97*767
056+3+5+97*767
056+3+5+97*767
056+3+5+97*767
056+3+5+97*767
056+3+5+97*767
056+3+5+97*767
056+3+5+97*767
056+3+5+97*767
056+3+5+97*767
056+3+5+97*767
056+3+5+97*767
056+3+5+97*767
056+3+5+97*767
056+3+5+97*767
056+3+5+97*767
056+3+5+97*767
056+3+5+97*767
056+3+5+97*767
056+3+5+97*767
056+3+5+97*767
056+3+5+97*767
056+3+5+97*767
056+3+5+97*767
056+3+5+97*767
056+3+5+97*767
056+3+5+97*767
056+3+5+97*767
056+3+5+97*767
056+3+5+97*767
056+3+5+97*767
056+3+5+97*767
056+3+5+97*767
056+3+5+97*767
056+3+5+97*767
056+3+5+97*767
056+3+5+97*767
056+3+5+97*767
056+3+5+97*767
056+3+5+97*767
056+3+5+97*767
056+3+5+97*767
056+3+5+97*767
056+3+5+97*767
056+3+5+97*767
056+3+5+97*767
056+3+5+97*767
056+3+5+97*767
056+3+5+97*767
056+3+5+97*767
056+3+5+97*767
056+3+5+97*767
056+3+5+97*767
056+3+5+97*767
056+3+5+97*767
056+3+5+97*767
056+3+5+97*767
056+3+5+97*767
056+3+5+97*767
056+3+5+97*767
056+3+5+97*767
056+3+5+97*767
056+3+5+97*767
056+3+5+97*767
056+3+5+97*767
056+3+5+97*767
056+3+5+97*767
056+3+5+97*767
056+3+5+97*767
056+3+5+97*767
056+3+5+97*767
056+3+5+97*767
056+3+5+97*767
056+3+5+97*767
056+3+5+97*767
056+3+5+97*767
056+3+5+97*767
056+3+5+97*767
056+3+5+97*767
056+3+5+97*767
056+3+5+97*767
056+3+5+97*767
056+3+5+97*767
056+3+5+97*767
056+3+5+97*767
056+3+5+97*767
056+3+5+97*767
056+3+5+97*767
056+3+5+97*767
056+3+5+97*767
056+3+5+97*767
056+3+5+97*767
056+3+5+97*767
056+3+5+97*767
056+3+5+97*767
056+3+5+97*767
056+3+5+97*767
056+3+5+97*767
056+3+5+97*767
056+3+5+97*767
056+3+5+97*767
056+3+5+97*767
056+3+5+97*767
056+3+5+97*767
056+3+5+97*767
056+3+5+97*767
056+3+5+97*767
056+3+5+97*767
056+3+5+97*767
056+3+5+97*767
056+3+5+97*767
056+3+5+97*767
056+3+5+97*767
056+3+5+97*767
056+3+5+97*767
056+3+5+97*767
056+3+5+97*767
056+3+5+97*767
056+3+5+97*767
056+3+5+97*767
056+3+5+97*767
056+3+5+97*767
056+3+5+97*767
056+3+5+97*767
056+3+5+97*767
056+3+5+97*767
056+3+5+97*767
056+3+5+97*767
056+3+5+97*767
056+3+5+97*767
056+3+5+97*767
056+3+5+97*767
056+3+5+97*767
056+3+5+97*767
056+3+5+97*767
056+3+5+97*767
056+3+5+97*767
056+3+5+97*767
056+3+5+97*767
056+3+5+97*767
056+3+5+97*767
056+3+5+97*767
056+3+5+97*767
056+3+5+97*767
056+3+5+97*767
056+3+5+97*767
056+3+5+97*767
056+3+5+97*767
056+3+5+97*767
056+3+5+97*767
056+3+5+97*767
056+3+5+97*767
056+3+5+97*767
056+3+5+97*767
056+3+5+97*767
056+3+5+97*767
056+3+5+97*767
056+3+5+97*767
056+3+5+97*767
056+3+5+97*767
056+3+5+97*767
056+3+5+97*767
056+3+5+97*767
056+3+5+97*767
056+3+5+97*767
056+3+5+97*767
056+3+5+97*767
056+3+5+97*767
056+3+5+97*767
056+3+5+97*767
056+3+5+97*767
056+3+5+97*767
056+3+5+97*767
056+3+5+97*767
056+3+5+97*767
056+3+5+97*767
056+3+5+97*767
056+3+5+97*767
056+3+5+97*767
056+3+5+97*767
056+3+5+97*767
056+3+5+97*767
056+3+5+97*767
056+3+5+97*767
056+3+5+97*767
056+3+5+97*767
056+3+5+97*767
056+3+5+97*767
056+3+5+97*767
056+3+5+97*767
056+3+5+97*767
056+3+5+97*767
056+3+5+97*767
056+3+5+97*767
056+3+5+97*767
056+3+5+97*767
056+3+5+97*767
056+3+5+97*767
056+3+5+97*767
056+3+5+97*767
056+3+5+97*767
056+3+5+97*767
056+3+5+97*767
056+3+5+97*767
056+3+5+97*767
056+3+5+97*767
056+3+5+97*767
056+3+5+97*767
056+3+5+97*767
056+3+5+97*767
056+3+5+97*767
056+3+5+97*767
056+3+5+97*767
056+3+5+97*767
056+3+5+97*767
056+3+5+97*767
056+3+5+97*767
056+3+5+97*767
056+3+5+97*767
056+3+5+97*767
056+3+5+97*767
056+3+5+97*767
056+3+5+97*767
056+3+5+97*767
056+3+5+97*767
056+3+5+97*767
056+3+5+97*767
056+3+5+97*767
056+3+5+97*767
056+3+5+97*767
056+3+5+97*767
056+3+5+97*767
056+3+5+97*767
056+3+5+97*767
056+3+5+97*767
056+3+5+97*767
056+3+5+97*767
056+3+5+97*767
056+3+5+97*767
056+3+5+97*767
056+3+5+97*767
056+3+5+97*767
056+3+5+97*767
056+3+5+97*767
056+3+5+97*767
056+3+5+97*767
056+3+5+97*767
056+3+5+97*767
056+3+5+97*767
056+3+5+97*767
056+3+5+97*767
056+3+5+97*767
056+3+5+97*767
056+3+5+97*767
056+3+5+97*767
056+3+5+97*767
056+3+5+97*767
056+3+5+97*767
056+3+5+97*767
056+3+5+97*767
056+3+5+97*767
056+3+5+97*767
056+3+5+97*767
056+3+5+97*767
056+3+5+97*767
056+3+5+97*767
056+3+5+97*767
056+3+5+97*767
056+3+5+97*767
056+3+5+97*767
056+3+5+97*767
056+4+4+97*767
056+4+4+97*767
056+4+4+97*767
056+4+4+97*767
056+4+4+97*767
056+3+5+97*767
056+3+5+97*767
056+3+5+97*767
056+3+5+97*767
056+3+5+97*767
056+3+5+97*767
056+3+5+97*767
056+3+5+97*767
056+3+5+97*767
056+3+5+97*767
056+3+5+97*767
056+3+5+97*767
056+3+5+97*767
056+3+5+97*767
056+3+5+97*767
056+3+5+97*767
056+3+5+97*767
056+3+5+97*767
056+3+5+97*767
056+3+5+97*767
056+3+5+97*767
056+3+5+97*767
056+3+5+97*767
056+3+5+97*767
056+3+5+97*767
056+3+5+97*767
056+3+5+97*767
3+09*7+199*558
3+09*7+199*558
3+09*7+199*558
3+09*7+199*558
5639011/043-23
5639011/043-23
5639011/043-23
5639011/043-23
3+09*7+199*458
5639011/044-23
5639011/044-23
5639011/044-23
3+19-7+199*558
3+19-7+199*558
3+19-7+199*558
3+09*7+189*458
3+09*7+189*458
3+29-7+199*558
3+29-7+199*558
3+29-7+199*558
3+29-7+199*558
3+09*7+188*458
3+09*7+188*458
3+09*7+188*458
3+09*7+188*458
3+09*7+187*458
3+09*7+187*458
3+09*7+187*458
3+09*7+187*458
3+09*7+187*458
3+09*7+186*458
3+09*7+186*458
3+09*7+186*458
3+09*7+186*458
3+09*7+186*458
3+09*7+186*458
3+09*7+186*457
3+09*7+186*457
3+09*7+186*457
3+09*7+186*457
3+09*7+186*457
3+09*7+186*457
3+09*7+186*457
2+29-7+198*556
2+29-7+198*556
2+29-7+198*556
2+29-7+198*556
2+29-7+198*556
2+29-7+198*556
2+29-7+198*556
2+29-7+198*556
2+29-7+198*556
2+29-7+198*556
2+29-7+198*556
2+29-7+198*556
2+29-7+198*556
2+29-7+198*556
2+29-7+198*556
2+29-7+198*556
2+29-7+198*556
2+29-7+198*556
2+29-7+198*556
2+29-7+198*556
2+29-7+198*556
2+29-7+198*556
2+29-7+198*556
2+29-7+198*556
2+29-7+198*556
2+29-7+198*556
2+29-7+198*556
2+29-7+198*556
2+29-7+198*556
2+29-7+198*556
2+29-7+198*556
2+29-7+198*556
2+29-7+198*556
2+29-7+198*556
2+29-7+198*556
2+29-7+198*556
2+29-7+198*556
2+29-7+198*556
2+29-7+198*556
2+29-7+198*556
2+29-7+198*556
2+29-7+198*556
2+29-7+198*556
2+29-7+198*556
2+29-7+198*556
2+29-7+198*556
2+29-7+198*556
2+29-7+198*556
2+29-7+198*556
2+29-7+198*556
2+29-7+198*556
2+29-7+198*556
2+29-7+198*556
2+29-7+198*556
2+29-7+198*556
2+29-7+198*556
2+29-7+198*556
2+29-7+198*556
2+29-7+198*556
2+29-7+198*556
2+29-7+198*556
2+29-7+198*556
2+29-7+198*556
2+29-7+198*556
2+29-7+198*556
2+29-7+198*556
2+29-7+198*556
2+29-7+198*556
2+29-7+198*556
2+29-7+198*556
2+29-7+198*556
2+29-7+198*556
2+29-7+198*556
2+29-7+198*556
2+29-7+198*556
2+29-7+198*556
2+29-7+198*556
2+29-7+198*556
2+29-7+198*556
2+29-7+198*556
2+29-7+198*556
2+29-7+198*556
2+29-7+198*556
2+29-7+198*556
2+29-7+198*556
2+29-7+198*556
2+29-7+198*556
2+29-7+198*556
2+29-7+198*556
2+29-7+198*556
2+29-7+198*556
2+29-7+198*556
2+29-7+198*556
2+29-7+198*556
2+29-7+198*556
2+29-7+198*556
2+29-7+198*556
2+29-7+198*556
2+29-7+198*556
2+29-7+198*556
2+29-7+198*556
2+29-7+198*556
2+29-7+198*556
2+29-7+198*556
2+29-7+198*556
2+29-7+198*556
2+29-7+198*556
2+29-7+198*556
2+29-7+198*556
2+29-7+198*556
2+29-7+198*556
2+29-7+198*556
2+29-7+198*556
2+29-7+198*556
2+29-7+198*556
2+29-7+198*556
2+29-7+198*556
2+29-7+198*556
2+29-7+198*556
2+29-7+198*556
2+29-7+198*556
2+29-7+198*556
2+29-7+198*556
2+29-7+198*556
2+29-7+198*556
2+29-7+198*556
2+29-7+198*556
2+29-7+198*556
2+29-7+198*556
2+29-7+198*556
2+29-7+198*556
2+29-7+198*556
2+29-7+198*556
2+29-7+198*556
2+29-7+198*556
2+29-7+198*556
2+29-7+198*556
2+29-7+198*556
2+29-7+198*556
2+29-7+198*556
2+29-7+198*556
2+29-7+198*556
2+29-7+198*556
2+29-7+198*556
2+29-7+198*556
2+29-7+198*556
2+29-7+198*556
2+29-7+198*556
2+29-7+198*556
2+29-7+198*556
2+29-7+198*556
2+29-7+198*556
2+29-7+198*556
2+29-7+198*556
2+29-7+198*556
2+29-7+198*556
2+29-7+198*556
2+29-7+198*556
2+29-7+198*556
2+29-7+198*556
2+29-7+198*556
2+29-7+198*556
2+29-7+198*556
2+29-7+198*556
2+29-7+198*556
2+29-7+198*556
2+29-7+198*556
2+29-7+198*556
2+29-7+198*556
2+29-7+198*556
2+29-7+198*556
2+29-7+198*556
2+29-7+198*556
2+29-7+198*556
2+29-7+198*556
2+29-7+198*556
2+29-7+198*556
2+29-7+198*556
2+29-7+198*556
2+29-7+198*556
2+29-7+198*556
2+29-7+198*556
2+29-7+198*556
2+29-7+198*556
2+29-7+198*556
2+29-7+198*556
2+29-7+198*556
2+29-7+198*556
2+29-7+198*556
2+29-7+198*556
2+29-7+198*556
2+29-7+198*556
2+29-7+198*556
2+29-7+198*556
2+29-7+198*556
2+29-7+198*556
2+29-7+198*556
2+29-7+198*556
2+29-7+198*556
2+29-7+198*556
2+29-7+198*556
2+29-7+198*556
2+29-7+198*556
2+29-7+198*556
2+29-7+198*556
2+29-7+198*556
2+29-7+198*556
2+29-7+198*556
2+29-7+198*556
2+29-7+198*556
2+29-7+198*556
2+29-7+198*556
2+29-7+198*556
2+29-7+198*556
2+29-7+198*556
2+29-7+198*556
2+29-7+198*556
2+29-7+198*556
2+29-7+198*556
2+29-7+198*556
2+29-7+198*556
2+29-7+198*556
2+29-7+198*556
2+29-7+198*556
2+29-7+198*556
2+29-7+198*556
2+29-7+198*556
2+29-7+198*556
2+29-7+198*556
2+29-7+198*556
2+29-7+198*556
2+29-7+198*556
2+29-7+198*556
2+29-7+198*556
2+29-7+198*556
2+29-7+198*556
2+29-7+198*556
2+29-7+198*556
2+29-7+198*556
2+29-7+198*556
2+29-7+198*556
2+29-7+198*556
2+29-7+198*556
2+29-7+198*556
2+29-7+198*556
2+29-7+198*556
2+29-7+198*556
2+29-7+198*556
2+29-7+198*556
2+29-7+198*556
2+29-7+198*556
2+29-7+198*556
2+29-7+198*556
2+29-7+198*556
2+29-7+198*556
2+29-7+198*556
2+29-7+198*556
2+29-7+198*556
2+29-7+198*556
2+29-7+198*556
2+29-7+198*556
2+29-7+198*556
2+29-7+198*556
2+29-7+198*556
2+29-7+198*556
2+29-7+198*556
2+29-7+198*556
2+29-7+198*556
2+29-7+198*556
2+29-7+198*556
2+29-7+198*556
2+29-7+198*556
2+29-7+198*556
2+29-7+198*556
2+29-7+198*556
2+29-7+198*556
2+29-7+198*556
2+29-7+198*556
2+29-7+198*556
2+29-7+198*556
2+29-7+198*556
2+29-7+198*556
2+29-7+198*556
2+29-7+198*556
2+29-7+198*556
2+29-7+198*556
2+29-7+198*556
2+29-7+198*556
2+29-7+198*556
2+29-7+198*556
2+29-7+198*556
2+29-7+198*556
2+29-7+198*556
2+29-7+198*556
2+29-7+198*556
2+29-7+198*556
2+29-7+198*556
2+29-7+198*556
2+29-7+198*556
2+29-7+198*556
2+29-7+198*556
2+29-7+198*556
2+29-7+198*556
2+29-7+198*556
2+29-7+198*556
2+29-7+198*556
2+29-7+198*556
2+29-7+198*556
2+29-7+198*556
2+29-7+198*556
2+29-7+198*556
2+29-7+198*556
2+29-7+198*556
2+29-7+198*556
2+29-7+198*556
2+29-7+198*556
2+29-7+198*556
2+29-7+198*556
2+29-7+198*556
2+29-7+198*556
2+29-7+198*556
2+29-7+198*556
2+29-7+198*556
2+29-7+198*556
2+29-7+198*556
2+29-7+198*556
2+29-7+198*556
2+29-7+198*556
2+29-7+198*556
2+29-7+198*556
2+29-7+198*556
2+29-7+198*556
2+29-7+198*556
2+29-7+198*556
2+29-7+198*556
2+29-7+198*556
2+29-7+198*556
2+29-7+198*556
2+29-7+198*556
2+29-7+198*556
2+29-7+198*556
2+29-7+198*556
2+29-7+198*556
2+29-7+198*556
2+29-7+198*556
2+29-7+198*556
2+29-7+198*556
2+29-7+198*556
2+29-7+198*556
2+29-7+198*556
2+29-7+198*556
2+29-7+198*556
2+29-7+198*556
2+29-7+198*556
2+29-7+198*556
2+29-7+198*556
2+29-7+198*556
2+29-7+198*556
2+29-7+198*556
2+29-7+198*556
2+29-7+198*556
2+29-7+198*556
2+29-7+198*556
2+29-7+198*556
2+29-7+198*556
2+29-7+198*556
2+29-7+198*556
2+29-7+198*556
2+29-7+198*556
2+29-7+198*556
2+29-7+198*556
2+29-7+198*556
2+29-7+198*556
2+29-7+198*556
2+29-7+198*556
2+29-7+198*556
2+29-7+198*556
2+29-7+198*556
2+29-7+198*556
2+29-7+198*556
2+29-7+198*556
2+29-7+198*556
2+29-7+198*556
2+29-7+198*556
2+29-7+198*556
2+29-7+198*556
2+29-7+198*556
2+29-7+198*556
2+29-7+198*556
2+29-7+198*556
2+29-7+198*556
2+29-7+198*556
2+29-7+198*556
2+29-7+198*556
2+29-7+198*556
2+29-7+198*556
2+29-7+198*556
2+29-7+198*556
2+29-7+198*556
2+29-7+198*556
2+29-7+198*556
2+29-7+198*556
2+29-7+198*556
2+29-7+198*556
2+29-7+198*556
2+29-7+198*556
2+29-7+198*556
2+29-7+198*556
2+29-7+198*556
2+29-7+198*556
2+29-7+198*556
2+29-7+198*556
2+29-7+198*556
2+29-7+198*556
2+29-7+198*556
2+29-7+198*556
2+29-7+198*556
2+29-7+198*556
2+29-7+198*556
2+29-7+198*556
2+29-7+198*556
2+29-7+198*556
2+29-7+198*556
2+29-7+198*556
2+29-7+198*556
2+29-7+198*556
2+29-7+198*556
2+29-7+198*556
2+29-7+198*556
2+29-7+198*556
2+29-7+198*556
2+29-7+198*556
2+29-7+198*556
2+29-7+198*556
2+29-7+198*556
2+29-7+198*556
2+29-7+198*556
2+29-7+198*556
2+29-7+198*556
2+29-7+198*556
2+29-7+198*556
2+29-7+198*556
2+29-7+198*556
2+29-7+198*556
2+29-7+198*556
2+29-7+198*556
2+29-7+198*556
2+29-7+198*556
2+29-7+198*556
2+29-7+198*556
2+29-7+198*556
2+29-7+198*556
2+29-7+198*556
2+29-7+198*556
2+29-7+198*556
2+29-7+198*556
2+29-7+198*556
2+29-7+198*556
2+29-7+198*556
2+29-7+198*556
2+29-7+198*556
2+29-7+198*556
2+29-7+198*556
2+29-7+198*556
2+29-7+198*556
2+29-7+198*556
2+29-7+198*556
2+29-7+198*556
2+29-7+198*556
2+29-7+198*556
2+29-7+198*556
2+29-7+198*556
2+29-7+198*556
2+29-7+198*556
2+29-7+198*556
2+29-7+198*556
2+29-7+198*556
2+29-7+198*556
2+29-7+198*556
2+29-7+198*556
2+29-7+198*556
2+29-7+198*556
2+29-7+198*556
2+29-7+198*556
2+29-7+198*556
2+29-7+198*556
2+29-7+198*556
2+29-7+198*556
2+29-7+198*556
2+29-7+198*556
2+29-7+198*556
2+29-7+198*556
2+29-7+198*556
2+29-7+198*556
2+29-7+198*556
2+29-7+198*556
2+29-7+198*556
2+29-7+198*556
2+29-7+198*556
2+29-7+198*556
2+29-7+198*556
2+29-7+198*556
2+29-7+198*556
2+29-7+198*556
2+29-7+198*556
2+29-7+198*556
2+29-7+198*556
2+29-7+198*556
2+29-7+198*556
2+29-7+198*556
2+29-7+198*556
2+29-7+198*556
2+29-7+198*556
2+29-7+198*556
2+29-7+198*556
2+29-7+198*556
2+29-7+198*556
2+29-7+198*556
2+29-7+198*556
2+29-7+198*556
2+29-7+198*556
2+29-7+198*556
2+29-7+198*556
2+29-7+198*556
2+29-7+198*556
2+29-7+198*556
2+29-7+198*556
2+29-7+198*556
2+29-7+198*556
2+29-7+198*556
2+29-7+198*556
2+29-7+198*556
2+29-7+198*556
2+29-7+198*556
2+29-7+198*556
2+29-7+198*556
2+29-7+198*556
2+29-7+198*556
2+29-7+198*556
2+29-7+198*556
2+29-7+198*556
2+29-7+198*556
2+29-7+198*556
2+29-7+198*556
2+29-7+198*556
2+29-7+198*556
2+29-7+198*556
2+29-7+198*556
2+29-7+198*556
2+29-7+198*556
2+29-7+198*556
2+29-7+198*556
2+29-7+198*556
2+29-7+198*556
2+29-7+198*556
2+29-7+198*556
2+29-7+198*556
2+29-7+198*556
2+29-7+198*556
2+29-7+198*556
2+29-7+198*556
2+29-7+198*556
2+29-7+198*556
2+29-7+198*556
2+29-7+198*556
2+29-7+198*556
2+29-7+198*556
2+29-7+198*556
2+29-7+198*556
2+29-7+198*556
2+29-7+198*556
2+29-7+198*556
2+29-7+198*556
2+29-7+198*556
2+29-7+198*556
2+29-7+198*556
2+29-7+198*556
2+29-7+198*556
2+29-7+198*556
2+29-7+198*556
2+29-7+198*556
2+29-7+198*556
2+29-7+198*556
2+29-7+198*556
2+29-7+198*556
2+29-7+198*556
2+29-7+198*556
2+29-7+198*556
2+29-7+198*556
2+29-7+198*556
2+29-7+198*556
2+29-7+198*556
2+29-7+198*556
2+29-7+198*556
2+29-7+198*556
2+29-7+198*556
2+29-7+198*556
2+29-7+198*556
2+29-7+198*556
2+29-7+198*556
2+29-7+198*556
2+29-7+198*556
2+29-7+198*556
2+29-7+198*556
2+29-7+198*556
2+29-7+198*556
2+29-7+198*556
2+29-7+198*556
2+29-7+198*556
2+29-7+198*556
2+29-7+198*556
2+29-7+198*556
2+29-7+198*556
2+29-7+198*556
2+29-7+198*556
2+29-7+198*556
2+29-7+198*556
2+29-7+198*556
2+29-7+198*556
2+29-7+198*556
2+29-7+198*556
2+29-7+198*556
2+29-7+198*556
2+29-7+198*556
2+29-7+198*556
2+29-7+198*556
2+29-7+198*556
2+29-7+198*556
2+29-7+198*556
2+29-7+198*556
2+29-7+198*556
2+29-7+198*556
2+29-7+198*556
2+29-7+198*556
2+29-7+198*556
2+29-7+198*556
2+29-7+198*556
2+29-7+198*556
2+29-7+198*556
2+29-7+198*556
2+29-7+198*556
2+29-7+198*556
2+29-7+198*556
2+29-7+198*556
2+29-7+198*556
2+29-7+198*556
2+29-7+198*556
2+29-7+198*556
2+29-7+198*556
2+29-7+198*556
2+29-7+198*556
2+29-7+198*556
2+29-7+198*556
2+29-7+198*556
2+29-7+198*556
2+29-7+198*556
2+29-7+198*556
2+29-7+198*556
2+29-7+198*556
2+29-7+198*556
2+29-7+198*556
2+29-7+198*556
2+29-7+198*556
2+29-7+198*556
2+29-7+198*556
2+29-7+198*556
2+29-7+198*556
2+29-7+198*556
2+29-7+198*556
2+29-7+198*556
2+29-7+198*556
2+29-7+198*556
2+29-7+198*556
2+29-7+198*556
2+29-7+198*556
2+29-7+198*556
2+29-7+198*556
2+29-7+198*556
2+29-7+198*556
2+29-7+198*556
2+29-7+198*556
2+29-7+198*556
2+29-7+198*556
2+29-7+198*556
2+29-7+198*556
2+29-7+198*556
2+29-7+198*556
2+29-7+198*556
2+29-7+198*556
2+29-7+198*556
2+29-7+198*556
2+29-7+198*556
2+29-7+198*556
2+29-7+198*556
2+29-7+198*556
2+29-7+198*556
2+29-7+198*556
2+29-7+198*556
2+29-7+198*556
2+29-7+198*556
2+29-7+198*556
2+29-7+198*556
2+29-7+198*556
2+29-7+198*556
2+29-7+198*556
2+29-7+198*556
2+29-7+198*556
2+29-7+198*556
2+29-7+198*556
2+29-7+198*556
2+29-7+198*556
2+29-7+198*556
2+29-7+198*556
2+29-7+198*556
2+29-7+198*556
2+29-7+198*556
2+29-7+198*556
2+29-7+198*556
2+29-7+198*556
2+29-7+198*556
2+29-7+198*556
2+29-7+198*556
3+29-7+197*556
3+29-7+197*556
3+29-7+197*556
3+29-7+197*556
3+29-7+197*556
3+29-7+197*556
2+29-7+198*556
2+29-7+198*556
2+29-7+198*556
2+29-7+198*556
2+29-7+198*556
2+29-7+198*556
2+29-7+198*556
2+29-7+198*556
2+29-7+198*556
2+29-7+198*556
2+29-7+198*556
2+29-7+198*556
2+29-7+198*556
2+29-7+198*556
2+29-7+198*556
2+29-7+198*556
2+29-7+198*556
2+29-7+198*556
2+29-7+198*556
2+29-7+198*556
2+29-7+198*556
2+29-7+198*556
2+29-7+198*556
2+29-7+198*556
2+29-7+198*556
2+29-7+198*556
2+29-7+198*556
2+29-7+198*556
2+29-7+198*556
2+29-7+198*556
2+29-7+198*556
2+29-7+198*556
2+29-7+198*556
2+29-7+198*556
2+29-7+198*556
2+29-7+198*556
2+29-7+198*556
2+29-7+198*556
2+29-7+198*556
2+29-7+198*556
2+29-7+198*556
2+29-7+198*556
2+29-7+198*556
2+29-7+198*556
2+29-7+198*556
2+29-7+198*556
2+29-7+198*556
2+29-7+198*556
2+29-7+198*556
2+29-7+198*556
2+29-7+198*556
2+29-7+198*556
2+29-7+198*556
2+29-7+198*556
2+29-7+198*556
2+29-7+198*556
2+29-7+198*556
2+29-7+198*556
2+29-7+198*556
2+29-7+198*556
2+29-7+198*556
2+29-7+198*556
2+29-7+198*556
2+29-7+198*556
2+29-7+198*556
2+29-7+198*556
2+29-7+198*556
2+29-7+198*556
2+29-7+198*556
2+29-7+198*556
2+29-7+198*556
2+29-7+198*556
2+29-7+198*556
2+29-7+198*556
2+29-7+198*556
2+29-7+198*556
2+29-7+198*556
2+29-7+198*556
2+29-7+198*556
2+29-7+198*556
2+29-7+198*556
2+29-7+198*556
2+29-7+198*556
2+29-7+198*556
2+29-7+198*556
2+29-7+198*556
2+29-7+198*556
2+29-7+198*556
2+29-7+198*556
2+29-7+198*556
2+29-7+198*556
2+29-7+198*556
2+29-7+198*556
2+29-7+198*556
2+29-7+198*556
2+29-7+198*556
2+29-7+198*556
2+29-7+198*556
2+29-7+198*556
2+29-7+198*556
2+29-7+198*556
2+29-7+198*556
2+29-7+198*556
2+29-7+198*556
2+29-7+198*556
2+29-7+198*556
2+29-7+198*556
2+29-7+198*556
2+29-7+198*556
2+29-7+198*556
2+29-7+198*556
2+29-7+198*556
2+29-7+198*556
2+29-7+198*556
2+29-7+198*556
2+29-7+198*556
2+29-7+198*556
2+29-7+198*556
2+29-7+198*556
2+29-7+198*556
2+29-7+198*556
2+29-7+198*556
2+29-7+198*556
2+29-7+198*556
2+29-7+198*556
2+29-7+198*556
2+29-7+198*556
2+29-7+198*556
2+29-7+198*556
2+29-7+198*556
2+29-7+198*556
2+29-7+198*556
2+29-7+198*556
2+29-7+198*556
2+29-7+198*556
2+29-7+198*556
2+29-7+198*556
2+29-7+198*556
2+29-7+198*556
2+29-7+198*556
2+29-7+198*556
2+29-7+198*556
2+29-7+198*556
2+29-7+198*556
2+29-7+198*556
2+29-7+198*556
2+29-7+198*556
2+29-7+198*556
2+29-7+198*556
2+29-7+198*556
2+29-7+198*556
2+29-7+198*556
2+29-7+198*556
2+29-7+198*556
2+29-7+198*556
2+29-7+198*556
2+29-7+198*556
2+29-7+198*556
2+29-7+198*556
2+29-7+198*556
2+29-7+198*556
2+29-7+198*556
2+29-7+198*556
2+29-7+198*556
2+29-7+198*556
2+29-7+198*556
2+29-7+198*556
2+29-7+198*556
2+29-7+198*556
2+29-7+198*556
2+29-7+198*556
2+29-7+198*556
2+29-7+198*556
2+29-7+198*556
2+29-7+198*556
2+29-7+198*556
2+29-7+198*556
2+29-7+198*556
2+29-7+198*556
2+29-7+198*556
2+29-7+198*556
2+29-7+198*556
2+29-7+198*556
2+29-7+198*556
2+29-7+198*556
2+29-7+198*556
2+29-7+198*556
2+29-7+198*556
2+29-7+198*556
2+29-7+198*556
2+29-7+198*556
2+29-7+198*556
2+29-7+198*556
2+29-7+198*556
2+29-7+198*556
2+29-7+198*556
2+29-7+198*556
2+29-7+198*556
2+29-7+198*556
2+29-7+198*556
2+29-7+198*556
2+29-7+198*556
2+29-7+198*556
2+29-7+198*556
2+29-7+198*556
2+29-7+198*556
2+29-7+198*556
2+29-7+198*556
2+29-7+198*556
2+29-7+198*556
2+29-7+198*556
2+29-7+198*556
2+29-7+198*556
2+29-7+198*556
2+29-7+198*556
2+29-7+198*556
2+29-7+198*556
2+29-7+198*556
2+29-7+198*556
2+29-7+198*556
2+29-7+198*556
2+29-7+198*556
2+29-7+198*556
2+29-7+198*556
2+29-7+198*556
2+29-7+198*556
2+29-7+198*556
2+29-7+198*556
2+29-7+198*556
2+29-7+198*556
2+29-7+198*556
2+29-7+198*556
2+29-7+198*556
2+29-7+198*556
2+29-7+198*556
2+29-7+198*556
2+29-7+198*556
2+29-7+198*556
2+29-7+198*556
2+29-7+198*556
2+29-7+198*556
2+29-7+198*556
2+29-7+198*556
2+29-7+198*556
2+29-7+198*556
2+29-7+198*556
2+29-7+198*556
2+29-7+198*556
2+29-7+198*556
2+29-7+198*556
2+29-7+198*556
2+29-7+198*556
2+29-7+198*556
2+29-7+198*556
2+29-7+198*556
2+29-7+198*556
2+29-7+198*556
2+29-7+198*556
2+29-7+198*556
2+29-7+198*556
2+29-7+198*556
2+29-7+198*556
2+29-7+198*556
2+29-7+198*556
2+29-7+198*556
2+29-7+198*556
2+29-7+198*556
2+29-7+198*556
2+29-7+198*556
2+29-7+198*556
2+29-7+198*556
2+29-7+198*556
2+29-7+198*556
2+29-7+198*556
2+29-7+198*556
2+29-7+198*556
2+29-7+198*556
2+29-7+198*556
2+29-7+198*556
2+29-7+198*556
2+29-7+198*556
2+29-7+198*556
2+29-7+198*556
2+29-7+198*556
2+29-7+198*556
2+29-7+198*556
2+29-7+198*556
2+29-7+198*556
2+29-7+198*556
2+29-7+198*556
2+29-7+198*556
2+29-7+198*556
2+29-7+198*556
2+29-7+198*556
2+29-7+198*556
2+29-7+198*556
2+29-7+198*556
2+29-7+198*556
2+29-7+198*556
2+29-7+198*556
2+29-7+198*556
2+29-7+198*556
2+29-7+198*556
2+29-7+198*556
2+29-7+198*556
2+29-7+198*556
2+29-7+198*556
2+29-7+198*556
2+29-7+198*556
2+29-7+198*556
2+29-7+198*556
2+29-7+198*556
2+29-7+198*556
2+29-7+198*556
2+29-7+198*556
2+29-7+198*556
2+29-7+198*556
2+29-7+198*556
2+29-7+198*556
2+29-7+198*556
2+29-7+198*556
2+29-7+198*556
2+29-7+198*556
2+29-7+198*556
2+29-7+198*556
2+29-7+198*556
2+29-7+198*556
2+29-7+198*556
2+29-7+198*556
2+29-7+198*556
2+29-7+198*556
2+29-7+198*556
2+29-7+198*556
2+29-7+198*556
2+29-7+198*556
2+29-7+198*556
2+29-7+198*556
2+29-7+198*556
2+29-7+198*556
2+29-7+198*556
2+29-7+198*556
2+29-7+198*556
2+29-7+198*556
2+29-7+198*556
2+29-7+198*556
2+29-7+198*556
2+29-7+198*556
2+29-7+198*556
2+29-7+198*556
2+29-7+198*556
2+29-7+198*556
2+29-7+198*556
2+29-7+198*556
2+29-7+198*556
2+29-7+198*556
2+29-7+198*556
2+29-7+198*556
2+29-7+198*556
2+29-7+198*556
2+29-7+198*556
2+29-7+198*556
2+29-7+198*556
2+29-7+198*556
2+29-7+198*556
2+29-7+198*556
2+29-7+198*556
2+29-7+198*556
2+29-7+198*556
2+29-7+198*556
2+29-7+198*556
2+29-7+198*556
2+29-7+198*556
2+29-7+198*556
2+29-7+198*556
2+29-7+198*556
2+29-7+198*556
2+29-7+198*556
2+29-7+198*556
2+29-7+198*556
2+29-7+198*556
2+29-7+198*556
2+29-7+198*556
2+29-7+198*556
2+29-7+198*556
2+29-7+198*556
2+29-7+198*556
2+29-7+198*556
2+29-7+198*556
2+29-7+198*556
2+29-7+198*556
2+29-7+198*556
2+29-7+198*556
2+29-7+198*556
2+29-7+198*556
2+29-7+198*556
2+29-7+198*556
2+29-7+198*556
2+29-7+198*556
2+29-7+198*556
2+29-7+198*556
2+29-7+198*556
2+29-7+198*556
2+29-7+198*556
2+29-7+198*556
2+29-7+198*556
2+29-7+198*556
2+29-7+198*556
2+29-7+198*556
2+29-7+198*556
2+29-7+198*556
2+29-7+198*556
2+29-7+198*556
2+29-7+198*556
2+29-7+198*556
2+29-7+198*556
2+29-7+198*556
2+29-7+198*556
2+29-7+198*556
2+29-7+198*556
2+29-7+198*556
2+29-7+198*556
2+29-7+198*556
2+29-7+198*556
2+29-7+198*556
2+29-7+198*556
2+29-7+198*556
2+29-7+198*556
2+29-7+198*556
2+29-7+198*556
2+29-7+198*556
2+29-7+198*556
2+29-7+198*556
2+29-7+198*556
2+29-7+198*556
2+29-7+198*556
2+29-7+198*556
2+29-7+198*556
2+29-7+198*556
2+29-7+198*556
2+29-7+198*556
2+29-7+198*556
2+29-7+198*556
2+29-7+198*556
2+29-7+198*556
2+29-7+198*556
2+29-7+198*556
2+29-7+198*556
2+29-7+198*556
2+29-7+198*556
2+29-7+198*556
2+29-7+198*556
2+29-7+198*556
2+29-7+198*556
2+29-7+198*556
2+29-7+198*556
2+29-7+198*556
2+29-7+198*556
2+29-7+198*556
2+29-7+198*556
2+29-7+198*556
2+29-7+198*556
2+29-7+198*556
2+29-7+198*556
2+29-7+198*556
2+29-7+198*556
2+29-7+198*556
2+29-7+198*556
2+29-7+198*556
2+29-7+198*556
2+29-7+198*556
2+29-7+198*556
2+29-7+198*556
2+29-7+198*556
2+29-7+198*556
2+29-7+198*556
2+29-7+198*556
2+29-7+198*556
2+29-7+198*556
2+29-7+198*556
2+29-7+198*556
2+29-7+198*556
2+29-7+198*556
2+29-7+198*556
2+29-7+198*556
2+29-7+198*556
2+29-7+198*556
2+29-7+198*556
2+29-7+198*556
2+29-7+198*556
2+29-7+198*556
2+29-7+198*556
2+29-7+198*556
2+29-7+198*556
2+29-7+198*556
2+29-7+198*556
2+29-7+198*556
2+29-7+198*556
2+29-7+198*556
2+29-7+198*556
2+29-7+198*556
2+29-7+198*556
2+29-7+198*556
2+29-7+198*556
2+29-7+198*556
2+29-7+198*556
2+29-7+198*556
2+29-7+198*556
2+29-7+198*556
2+29-7+198*556
2+29-7+198*556
2+29-7+198*556
2+29-7+198*556
2+29-7+198*556
2+29-7+198*556
2+29-7+198*556
2+29-7+198*556
2+29-7+198*556
2+29-7+198*556
2+29-7+198*556
2+29-7+198*556
2+29-7+198*556
2+29-7+198*556
2+29-7+198*556
2+29-7+198*556
2+29-7+198*556
2+29-7+198*556
2+29-7+198*556
2+29-7+198*556
2+29-7+198*556
2+29-7+198*556
2+29-7+198*556
2+29-7+198*556
2+29-7+198*556
2+29-7+198*556
2+29-7+198*556
2+29-7+198*556
2+29-7+198*556
2+29-7+198*556
2+29-7+198*556
2+29-7+198*556
2+29-7+198*556
2+29-7+198*556
2+29-7+198*556
2+29-7+198*556
2+29-7+198*556
2+29-7+198*556
2+29-7+198*556
2+29-7+198*556
2+29-7+198*556
2+29-7+198*556
2+29-7+198*556
2+29-7+198*556
2+29-7+198*556
2+29-7+198*556
2+29-7+198*556
2+29-7+198*556
2+29-7+198*556
2+29-7+198*556
2+29-7+198*556
2+29-7+198*556
2+29-7+198*556
2+29-7+198*556
2+29-7+198*556
2+29-7+198*556
2+29-7+198*556
2+29-7+198*556
2+29-7+198*556
2+29-7+198*556
2+29-7+198*556
2+29-7+198*556
2+29-7+198*556
2+29-7+198*556
2+29-7+198*556
2+29-7+198*556
2+29-7+198*556
2+29-7+198*556
2+29-7+198*556
2+29-7+198*556
2+29-7+198*556
2+29-7+198*556
2+29-7+198*556
2+29-7+198*556
2+29-7+198*556
2+29-7+198*556
2+29-7+198*556
2+29-7+198*556
2+29-7+198*556
2+29-7+198*556
2+29-7+198*556
2+29-7+198*556
2+29-7+198*556
2+29-7+198*556
2+29-7+198*556
2+29-7+198*556
2+29-7+198*556
2+29-7+198*556
2+29-7+198*556
2+29-7+198*556
2+29-7+198*556
2+29-7+198*556
2+29-7+198*556
2+29-7+198*556
2+29-7+198*556
2+29-7+198*556
2+29-7+198*556
2+29-7+198*556
2+29-7+198*556
2+29-7+198*556
2+29-7+198*556
2+29-7+198*556
2+29-7+198*556
2+29-7+198*556
2+29-7+198*556
2+29-7+198*556
2+29-7+198*556
2+29-7+198*556
2+29-7+198*556
2+29-7+198*556
2+29-7+198*556
2+29-7+198*556
2+29-7+198*556
2+29-7+198*556
2+29-7+198*556
2+29-7+198*556
2+29-7+198*556
2+29-7+198*556
2+29-7+198*556
2+29-7+198*556
2+29-7+198*556
2+29-7+198*556
2+29-7+198*556
2+29-7+198*556
2+29-7+198*556
2+29-7+198*556
2+29-7+198*556
2+29-7+198*556
2+29-7+198*556
2+29-7+198*556
2+29-7+198*556
2+29-7+198*556
2+29-7+198*556
2+29-7+198*556
2+29-7+198*556
2+29-7+198*556
2+29-7+198*556
2+29-7+198*556
2+29-7+198*556
2+29-7+198*556
2+29-7+198*556
2+29-7+198*556
2+29-7+198*556
2+29-7+198*556
2+29-7+198*556
2+29-7+198*556
2+29-7+198*556
2+29-7+198*556
2+29-7+198*556
2+29-7+198*556
2+29-7+198*556
2+29-7+198*556
2+29-7+198*556
2+29-7+198*556
2+29-7+198*556
2+29-7+198*556
2+29-7+198*556
2+29-7+198*556
2+29-7+198*556
2+29-7+198*556
2+29-7+198*556
2+29-7+198*556
2+29-7+198*556
2+29-7+198*556
2+29-7+198*556
2+29-7+198*556
2+29-7+198*556
2+29-7+198*556
2+29-7+198*556
2+29-7+198*556
2+29-7+198*556
2+29-7+198*556
2+29-7+198*556
2+29-7+198*556
2+29-7+198*556
2+29-7+198*556
2+29-7+198*556
2+29-7+198*556
2+29-7+198*556
2+29-7+198*556
2+29-7+198*556
2+29-7+198*556
2+29-7+198*556
2+29-7+198*556
2+29-7+198*556
2+29-7+198*556
2+29-7+198*556
2+29-7+198*556
2+29-7+198*556
2+29-7+198*556
2+29-7+198*556
2+29-7+198*556
2+29-7+198*556
2+29-7+198*556
2+29-7+198*556
2+29-7+198*556
2+29-7+198*556
2+29-7+198*556
2+29-7+198*556
2+29-7+198*556
2+29-7+198*556
2+29-7+198*556
2+29-7+198*556
2+29-7+198*556
2+29-7+198*556
2+29-7+198*556
2+29-7+198*556
2+29-7+198*556
2+29-7+198*556
2+29-7+198*556
2+29-7+198*556
2+29-7+198*556
2+29-7+198*556
2+29-7+198*556
2+29-7+198*556
2+29-7+198*556
2+29-7+198*556
2+29-7+198*556
2+29-7+198*556
2+29-7+198*556
2+29-7+198*556
2+29-7+198*556
2+29-7+198*556
2+29-7+198*556
2+29-7+198*556
2+29-7+198*556
2+29-7+198*556
2+29-7+198*556
2+29-7+198*556
2+29-7+198*556
2+29-7+198*556
2+29-7+198*556
2+29-7+198*556
2+29-7+198*556
2+29-7+198*556
2+29-7+198*556
2+29-7+198*556
2+29-7+198*556
2+29-7+198*556
2+29-7+198*556
2+29-7+198*556
2+29-7+198*556
2+29-7+198*556
2+29-7+198*556
2+29-7+198*556
2+29-7+198*556
2+29-7+198*556
2+29-7+198*556
2+29-7+198*556
2+29-7+198*556
2+29-7+198*556
2+29-7+198*556
2+29-7+198*556
2+29-7+198*556
2+29-7+198*556
2+29-7+198*556
2+29-7+198*556
2+29-7+198*556
2+29-7+198*556
2+29-7+198*556
2+29-7+198*556
2+29-7+198*556
2+29-7+198*556
2+29-7+198*556
2+29-7+198*556
2+29-7+198*556
2+29-7+198*556
2+29-7+198*556
2+29-7+198*556
2+29-7+198*556
2+29-7+198*556
2+29-7+198*556
2+29-7+198*556
2+29-7+198*556
2+29-7+198*556
2+29-7+198*556
2+29-7+198*556
2+29-7+198*556
2+29-7+198*556
2+29-7+198*556
2+29-7+198*556
2+29-7+198*556
2+29-7+198*556
2+29-7+198*556
2+29-7+198*556
2+29-7+198*556
2+29-7+198*556
2+29-7+198*556
2+29-7+198*556
2+29-7+198*556
2+29-7+198*556
2+29-7+198*556
2+29-7+198*556
2+29-7+198*556
2+29-7+198*556
2+29-7+198*556
2+29-7+198*556
2+29-7+198*556
2+29-7+198*556
2+29-7+198*556
2+29-7+198*556
2+29-7+198*556
2+29-7+198*556
2+29-7+198*556
2+29-7+198*556
2+29-7+198*556
2+29-7+198*556
2+29-7+198*556
2+29-7+198*556
2+29-7+198*556
2+29-7+198*556
2+29-7+198*556
2+29-7+198*556
2+29-7+198*556
2+29-7+198*556
2+29-7+198*556
2+29-7+198*556
2+29-7+198*556
2+29-7+198*556
2+29-7+198*556
2+29-7+198*556
2+29-7+198*556
2+29-7+198*556
2+29-7+198*556
2+29-7+198*556
2+29-7+198*556
2+29-7+198*556
2+29-7+198*556
2+29-7+198*556
2+29-7+198*556
2+29-7+198*556
2+29-7+198*556
2+29-7+198*556
2+29-7+198*556
2+29-7+198*556
2+29-7+198*556
2+29-7+198*556
2+29-7+198*556
2+29-7+198*556
2+29-7+198*556
2+29-7+198*556
2+29-7+198*556
2+29-7+198*556
2+29-7+198*556
2+29-7+198*556
2+29-7+198*556
2+29-7+198*556
2+29-7+198*556
2+29-7+198*556
2+29-7+198*556
2+29-7+198*556
2+29-7+198*556
2+29-7+198*556
2+29-7+198*556
2+29-7+198*556
2+29-7+198*556
2+29-7+198*556
2+29-7+198*556
2+29-7+198*556
2+29-7+198*556
2+29-7+198*556
2+29-7+198*556
2+29-7+198*556
2+29-7+198*556
2+29-7+198*556
2+29-7+198*556
2+29-7+198*556
2+29-7+198*556
2+29-7+198*556
2+29-7+198*556
2+29-7+198*556
2+29-7+198*556
2+29-7+198*556
2+29-7+198*556
2+29-7+198*556
2+29-7+198*556
2+29-7+198*556
2+29-7+198*556
2+29-7+198*556
2+29-7+198*556
2+29-7+198*556
2+29-7+198*556
2+29-7+198*556
2+29-7+198*556
2+29-7+198*556
2+29-7+198*556
2+29-7+198*556
2+29-7+198*556
2+29-7+198*556
2+29-7+198*556
2+29-7+198*556
2+29-7+198*556
2+29-7+198*556
2+29-7+198*556
2+29-7+198*556
2+29-7+198*556
2+29-7+198*556
2+29-7+198*556
2+29-7+198*556
2+29-7+198*556
2+29-7+198*556
2+29-7+198*556
2+29-7+198*556
2+29-7+198*556
2+29-7+198*556
2+29-7+198*556
2+29-7+198*556
2+29-7+198*556
2+29-7+198*556
2+29-7+198*556
2+29-7+198*556
2+29-7+198*556
2+29-7+198*556
2+29-7+198*556
2+29-7+198*556
2+29-7+198*556
2+29-7+198*556
2+29-7+198*556
2+29-7+198*556
2+29-7+198*556
2+29-7+198*556
2+29-7+198*556
2+29-7+198*556
2+29-7+198*556
2+29-7+198*556
2+29-7+198*556
2+29-7+198*556
2+29-7+198*556
2+29-7+198*556
2+29-7+198*556
2+29-7+198*556
2+29-7+198*556
2+29-7+198*556
2+29-7+198*556
2+29-7+198*556
2+29-7+198*556
2+29-7+198*556
2+29-7+198*556
2+29-7+198*556
2+29-7+198*556
2+29-7+198*556
2+29-7+198*556
2+29-7+198*556
2+29-7+198*556
2+29-7+198*556
2+29-7+198*556
2+29-7+198*556
2+29-7+198*556
2+29-7+198*556
2+29-7+198*556
2+29-7+198*556
2+29-7+198*556
2+29-7+198*556
2+29-7+198*556
2+29-7+198*556
2+29-7+198*556
2+29-7+198*556
2+29-7+198*556
2+29-7+198*556
2+29-7+198*556
2+29-7+198*556
2+29-7+198*556
2+29-7+198*556
2+29-7+198*556
2+29-7+198*556
2+29-7+198*556
2+29-7+198*556
2+29-7+198*556
2+29-7+198*556
2+29-7+198*556
2+29-7+198*556
2+29-7+198*556
2+29-7+198*556
2+29-7+198*556
2+29-7+198*556
2+29-7+198*556
2+29-7+198*556
2+29-7+198*556
2+29-7+198*556
2+29-7+198*556
2+29-7+198*556
2+29-7+198*556
2+29-7+198*556
2+29-7+198*556
2+29-7+198*556
2+29-7+198*556
2+29-7+198*556
2+29-7+198*556
2+29-7+198*556
2+29-7+198*556
2+29-7+198*556
2+29-7+198*556
2+29-7+198*556
2+29-7+198*556
2+29-7+198*556
2+29-7+198*556
2+29-7+198*556
2+29-7+198*556
2+29-7+198*556
2+29-7+198*556
2+29-7+198*556
2+29-7+198*556
2+29-7+198*556
2+29-7+198*556
2+29-7+198*556
2+29-7+198*556
2+29-7+198*556
2+29-7+198*556
2+29-7+198*556
2+29-7+198*556
2+29-7+198*556
2+29-7+198*556
2+29-7+198*556
2+29-7+198*556
2+29-7+198*556
2+29-7+198*556
2+29-7+198*556
2+29-7+198*556
2+29-7+198*556
2+29-7+198*556
2+29-7+198*556
2+29-7+198*556
2+29-7+198*556
2+29-7+198*556
2+29-7+198*556
2+29-7+198*556
2+29-7+198*556
2+29-7+198*556
2+29-7+198*556
2+29-7+198*556
2+29-7+198*556
2+29-7+198*556
2+29-7+198*556
2+29-7+198*556
2+29-7+198*556
2+29-7+198*556
2+29-7+198*556
2+29-7+198*556
2+29-7+198*556
2+29-7+198*556
2+29-7+198*556
2+29-7+198*556
2+29-7+198*556
2+29-7+198*556
2+29-7+198*556
2+29-7+198*556
2+29-7+198*556
2+29-7+198*556
2+29-7+198*556
2+29-7+198*556
2+29-7+198*556
2+29-7+198*556
2+29-7+198*556
2+29-7+198*556
2+29-7+198*556
2+29-7+198*556
2+29-7+198*556
2+29-7+198*556
2+29-7+198*556
2+29-7+198*556
2+29-7+198*556
2+29-7+198*556
2+29-7+198*556
2+29-7+198*556
2+29-7+198*556
2+29-7+198*556
2+29-7+198*556
2+29-7+198*556
2+29-7+198*556
2+29-7+198*556
2+29-7+198*556
2+29-7+198*556
2+29-7+198*556
2+29-7+198*556
2+29-7+198*556
2+29-7+198*556
2+29-7+198*556
2+29-7+198*556
2+29-7+198*556
2+29-7+198*556
2+29-7+198*556
2+29-7+198*556
2+29-7+198*556
2+29-7+198*556
2+29-7+198*556
2+29-7+198*556
2+29-7+198*556
2+29-7+198*556
2+29-7+198*556
2+29-7+198*556
2+29-7+198*556
2+29-7+198*556
2+29-7+198*556
2+29-7+198*556
2+29-7+198*556
2+29-7+198*556
2+29-7+198*556
2+29-7+198*556
2+29-7+198*556
2+29-7+198*556
2+29-7+198*556
2+29-7+198*556
2+29-7+198*556
2+29-7+198*556
2+29-7+198*556
2+29-7+198*556
2+29-7+198*556
2+29-7+198*556
2+29-7+198*556
2+29-7+198*556
2+29-7+198*556
2+29-7+198*556
2+29-7+198*556
2+29-7+198*556
2+29-7+198*556
2+29-7+198*556
2+29-7+198*556
2+29-7+198*556
2+29-7+198*556
2+29-7+198*556
2+29-7+198*556
2+29-7+198*556
2+29-7+198*556
2+29-7+198*556
2+29-7+198*556
2+29-7+198*556
2+29-7+198*556
2+29-7+198*556
2+29-7+198*556
2+29-7+198*556
2+29-7+198*556
2+29-7+198*556
2+29-7+198*556
2+29-7+198*556
2+29-7+198*556
2+29-7+198*556
2+29-7+198*556
2+29-7+198*556
2+29-7+198*556
2+29-7+198*556
2+29-7+198*556
2+29-7+198*556
2+29-7+198*556
2+29-7+198*556
2+29-7+198*556
2+29-7+198*556
2+29-7+198*556
2+29-7+198*556
2+29-7+198*556
2+29-7+198*556
2+29-7+198*556
2+29-7+198*556
2+29-7+198*556
2+29-7+198*556
2+29-7+198*556
2+29-7+198*556
2+29-7+198*556
2+29-7+198*556
2+29-7+198*556
2+29-7+198*556
2+29-7+198*556
2+29-7+198*556
2+29-7+198*556
2+29-7+198*556
2+29-7+198*556
2+29-7+198*556
2+29-7+198*556
2+29-7+198*556
2+29-7+198*556
2+29-7+198*556
2+29-7+198*556
2+29-7+198*556
2+29-7+198*556
2+29-7+198*556
2+29-7+198*556
2+29-7+198*556
2+29-7+198*556
2+29-7+198*556
2+29-7+198*556
2+29-7+198*556
2+29-7+198*556
2+29-7+198*556
2+29-7+198*556
2+29-7+198*556
2+29-7+198*556
2+29-7+198*556
2+29-7+198*556
2+29-7+198*556
2+29-7+198*556
2+29-7+198*556
2+29-7+198*556
2+29-7+198*556
2+29-7+198*556
2+29-7+198*556
2+29-7+198*556
2+29-7+198*556
2+29-7+198*556
2+29-7+198*556
2+29-7+198*556
2+29-7+198*556
2+29-7+198*556
2+29-7+198*556
2+29-7+198*556
2+29-7+198*556
2+29-7+198*556
2+29-7+198*556
2+29-7+198*556
2+29-7+198*556
2+29-7+198*556
2+29-7+198*556
2+29-7+198*556
2+29-7+198*556
2+29-7+198*556
2+29-7+198*556
2+29-7+198*556
2+29-7+198*556
2+29-7+198*556
2+29-7+198*556
2+29-7+198*556
2+29-7+198*556
2+29-7+198*556
2+29-7+198*556
2+29-7+198*556
2+29-7+198*556
2+29-7+198*556
2+29-7+198*556
2+29-7+198*556
2+29-7+198*556
2+29-7+198*556
2+29-7+198*556
2+29-7+198*556
2+29-7+198*556
2+29-7+198*556
2+29-7+198*556
2+29-7+198*556
2+29-7+198*556
2+29-7+198*556
2+29-7+198*556
2+29-7+198*556
2+29-7+198*556
2+29-7+198*556
2+29-7+198*556
2+29-7+198*556
2+29-7+198*556
2+29-7+198*556
2+29-7+198*556
2+29-7+198*556
2+29-7+198*556
2+29-7+198*556
2+29-7+198*556
2+29-7+198*556
2+29-7+198*556
2+29-7+198*556
2+29-7+198*556
2+29-7+198*556
2+29-7+198*556
2+29-7+198*556
2+29-7+198*556
2+29-7+198*556
2+29-7+198*556
2+29-7+198*556
2+29-7+198*556
2+29-7+198*556
2+29-7+198*556
2+29-7+198*556
2+29-7+198*556
2+29-7+198*556
2+29-7+198*556
2+29-7+198*556
2+29-7+198*556
2+29-7+198*556
2+29-7+198*556
2+29-7+198*556
2+29-7+198*556
2+29-7+198*556
2+29-7+198*556
2+29-7+198*556
2+29-7+198*556
2+29-7+198*556
2+29-7+198*556
2+29-7+198*556
2+29-7+198*556
2+29-7+198*556
2+29-7+198*556
2+29-7+198*556
2+29-7+198*556
2+29-7+198*556
2+29-7+198*556
2+29-7+198*556
2+29-7+198*556
2+29-7+198*556
2+29-7+198*556
2+29-7+198*556
2+29-7+198*556
2+29-7+198*556
2+29-7+198*556
2+29-7+198*556
2+29-7+198*556
2+29-7+198*556
2+29-7+198*556
2+29-7+198*556
2+29-7+198*556
2+29-7+198*556
2+29-7+198*556
2+29-7+198*556
2+29-7+198*556
2+29-7+198*556
2+29-7+198*556
2+29-7+198*556
2+29-7+198*556
2+29-7+198*556
2+29-7+198*556
2+29-7+198*556
2+29-7+198*556
2+29-7+198*556
2+29-7+198*556
2+29-7+198*556
2+29-7+198*556
2+29-7+198*556
2+29-7+198*556
2+29-7+198*556
2+29-7+198*556
2+29-7+198*556
2+29-7+198*556
2+29-7+198*556
2+29-7+198*556
2+29-7+198*556
2+29-7+198*556
2+29-7+198*556
2+29-7+198*556
2+29-7+198*556
2+29-7+198*556
2+29-7+198*556
2+29-7+198*556
2+29-7+198*556
2+29-7+198*556
2+29-7+198*556
2+29-7+198*556
2+29-7+198*556
2+29-7+198*556
2+29-7+198*556
2+29-7+198*556
2+29-7+198*556
2+29-7+198*556
2+29-7+198*556
2+29-7+198*556
2+29-7+198*556
2+29-7+198*556
2+29-7+198*556
2+29-7+198*556
2+29-7+198*556
2+29-7+198*556
2+29-7+198*556
2+29-7+198*556
2+29-7+198*556
2+29-7+198*556
2+29-7+198*556
2+29-7+198*556
2+29-7+198*556
2+29-7+198*556
2+29-7+198*556
2+29-7+198*556
2+29-7+198*556
2+29-7+198*556
2+29-7+198*556
2+29-7+198*556
2+29-7+198*556
2+29-7+198*556
2+29-7+198*556
2+29-7+198*556
2+29-7+198*556
2+29-7+198*556
2+29-7+198*556
2+29-7+198*556
2+29-7+198*556
2+29-7+198*556
2+29-7+198*556
2+29-7+198*556
2+29-7+198*556
2+29-7+198*556
2+29-7+198*556
2+29-7+198*556
2+29-7+198*556
2+29-7+198*556
2+29-7+198*556
2+29-7+198*556
2+29-7+198*556
2+29-7+198*556
2+29-7+198*556
2+29-7+198*556
2+29-7+198*556
2+29-7+198*556
2+29-7+198*556
2+29-7+198*556
2+29-7+198*556
2+29-7+198*556
2+29-7+198*556
2+29-7+198*556
2+29-7+198*556
2+29-7+198*556
2+29-7+198*556
2+29-7+198*556
2+29-7+198*556
2+29-7+198*556
2+29-7+198*556
2+29-7+198*556
2+29-7+198*556
2+29-7+198*556
2+29-7+198*556
2+29-7+198*556
2+29-7+198*556
2+29-7+198*556
2+29-7+198*556
2+29-7+198*556
2+29-7+198*556
2+29-7+198*556
2+29-7+198*556
2+29-7+198*556
2+29-7+198*556
2+29-7+198*556
2+29-7+198*556
2+29-7+198*556
2+29-7+198*556
2+29-7+198*556
2+29-7+198*556
2+29-7+198*556
2+29-7+198*556
2+29-7+198*556
2+29-7+198*556
2+29-7+198*556
2+29-7+198*556
2+29-7+198*556
2+29-7+198*556
2+29-7+198*556
2+29-7+198*556
2+29-7+198*556
2+29-7+198*556
2+29-7+198*556
2+29-7+198*556
2+29-7+198*556
2+29-7+198*556
2+29-7+198*556
2+29-7+198*556
2+29-7+198*556
2+29-7+198*556
2+29-7+198*556
2+29-7+198*556
2+29-7+198*556
2+29-7+198*556
2+29-7+198*556
2+29-7+198*556
2+29-7+198*556
2+29-7+198*556
2+29-7+198*556
2+29-7+198*556
2+29-7+198*556
2+29-7+198*556
2+29-7+198*556
2+29-7+198*556
2+29-7+198*556
2+29-7+198*556
2+29-7+198*556
2+29-7+198*556
2+29-7+198*556
2+29-7+198*556
2+29-7+198*556
2+29-7+198*556
2+29-7+198*556
2+29-7+198*556
2+29-7+198*556
2+29-7+198*556
2+29-7+198*556
2+29-7+198*556
2+29-7+198*556
2+29-7+198*556
2+29-7+198*556
2+29-7+198*556
2+29-7+198*556
2+29-7+198*556
2+29-7+198*556
2+29-7+198*556
2+29-7+198*556
2+29-7+198*556
2+29-7+198*556
2+29-7+198*556
2+29-7+198*556
2+29-7+198*556
2+29-7+198*556
2+29-7+198*556
2+29-7+198*556
2+29-7+198*556
2+29-7+198*556
2+29-7+198*556
2+29-7+198*556
2+29-7+198*556
2+29-7+198*556
2+29-7+198*556
2+29-7+198*556
2+29-7+198*556
2+29-7+198*556
2+29-7+198*556
2+29-7+198*556
2+29-7+198*556
2+29-7+198*556
2+29-7+198*556
2+29-7+198*556
2+29-7+198*556
2+29-7+198*556
2+29-7+198*556
2+29-7+198*556
2+29-7+198*556
2+29-7+198*556
2+29-7+198*556
2+29-7+198*556
2+29-7+198*556
2+29-7+198*556
2+29-7+198*556
2+29-7+198*556
2+29-7+198*556
2+29-7+198*556
2+29-7+198*556
2+29-7+198*556
2+29-7+198*556
2+29-7+198*556
2+29-7+198*556
2+29-7+198*556
2+29-7+198*556
2+29-7+198*556
2+29-7+198*556
2+29-7+198*556
2+29-7+198*556
2+29-7+198*556
2+29-7+198*556
2+29-7+198*556
2+29-7+198*556
2+29-7+198*556
2+29-7+198*556
2+29-7+198*556
2+29-7+198*556
2+29-7+198*556
2+29-7+198*556
2+29-7+198*556
2+29-7+198*556
2+29-7+198*556
2+29-7+198*556
2+29-7+198*556
2+29-7+198*556
2+29-7+198*556
2+29-7+198*556
2+29-7+198*556
2+29-7+198*556
2+29-7+198*556
2+29-7+198*556
2+29-7+198*556
2+29-7+198*556
2+29-7+198*556
2+29-7+198*556
2+29-7+198*556
2+29-7+198*556
2+29-7+198*556
2+29-7+198*556
2+29-7+198*556
2+29-7+198*556
2+29-7+198*556
2+29-7+198*556
2+29-7+198*556
2+29-7+198*556
2+29-7+198*556
2+29-7+198*556
2+29-7+198*556
2+29-7+198*556
2+29-7+198*556
2+29-7+198*556
2+29-7+198*556
2+29-7+198*556
2+29-7+198*556
2+29-7+198*556
2+29-7+198*556
2+29-7+198*556
2+29-7+198*556
2+29-7+198*556
2+29-7+198*556
2+29-7+198*556
2+29-7+198*556
2+29-7+198*556
2+29-7+198*556
2+29-7+198*556
2+29-7+198*556
2+29-7+198*556
2+29-7+198*556
2+29-7+198*556
2+29-7+198*556
2+29-7+198*556
2+29-7+198*556
2+29-7+198*556
2+29-7+198*556
2+29-7+198*556
2+29-7+198*556
2+29-7+198*556
2+29-7+198*556
2+29-7+198*556
2+29-7+198*556
2+29-7+198*556
2+29-7+198*556
2+29-7+198*556
2+29-7+198*556
2+29-7+198*556
2+29-7+198*556
2+29-7+198*556
2+29-7+198*556
2+29-7+198*556
2+29-7+198*556
2+29-7+198*556
2+29-7+198*556
2+29-7+198*556
2+29-7+198*556
2+29-7+198*556
2+29-7+198*556
2+29-7+198*556
2+29-7+198*556
2+29-7+198*556
2+29-7+198*556
2+29-7+198*556
2+29-7+198*556
2+29-7+198*556
2+29-7+198*556
2+29-7+198*556
2+29-7+198*556
2+29-7+198*556
2+29-7+198*556
2+29-7+198*556
2+29-7+198*556
2+29-7+198*556
2+29-7+198*556
2+29-7+198*556
2+29-7+198*556
2+29-7+198*556
2+29-7+198*556
2+29-7+198*556
2+29-7+198*556
2+29-7+198*556
2+29-7+198*556
2+29-7+198*556
2+29-7+198*556
2+29-7+198*556
2+29-7+198*556
2+29-7+198*556
2+29-7+198*556
2+29-7+198*556
2+29-7+198*556
2+29-7+198*556
2+29-7+198*556
2+29-7+198*556
2+29-7+198*556
2+29-7+198*556
2+29-7+198*556
2+29-7+198*556
2+29-7+198*556
2+29-7+198*556
2+29-7+198*556
2+29-7+198*556
2+29-7+198*556
2+29-7+198*556
2+29-7+198*556
2+29-7+198*556
2+29-7+198*556
2+29-7+198*556
2+29-7+198*556
2+29-7+198*556
2+29-7+198*556
2+29-7+198*556
2+29-7+198*556
2+29-7+198*556
2+29-7+198*556
2+29-7+198*556
2+29-7+198*556
2+29-7+198*556
2+29-7+198*556
2+29-7+198*556
2+29-7+198*556
2+29-7+198*556
2+29-7+198*556
2+29-7+198*556
2+29-7+198*556
2+29-7+198*556
2+29-7+198*556
2+29-7+198*556
2+29-7+198*556
2+29-7+198*556
2+29-7+198*556
2+29-7+198*556
2+29-7+198*556
2+29-7+198*556
2+29-7+198*556
2+29-7+198*556
2+29-7+198*556
2+29-7+198*556
2+29-7+198*556
2+29-7+198*556
2+29-7+198*556
2+29-7+198*556
2+29-7+198*556
2+29-7+198*556
2+29-7+198*556
2+29-7+198*556
2+29-7+198*556
2+29-7+198*556
2+29-7+198*556
2+29-7+198*556
2+29-7+198*556
2+29-7+198*556
2+29-7+198*556
2+29-7+198*556
2+29-7+198*556
2+29-7+198*556
2+29-7+198*556
2+29-7+198*556
2+29-7+198*556
2+29-7+198*556
2+29-7+198*556
2+29-7+198*556
2577579/28-4+7
2577579/28-4+7
2577579/28-4+7
2678579/28-4+7
2678579/28-4+7
3577579/28-4+7
3577579/28-4+7
3577579/28-4+7
3577579/28-4+7
7884/323*05313
7884/323*05313
7884/323*05313
3477579/28-4+7
3577579/29-4+7
3577579/29-4+7
3577579/29-4+7
3577579/29-4+7
3577579/29-4+7
3577579/29-4+7
3577579/29+4+7
3577579/29+4+7
3577579/29+4+7
3577579/29+4+7
3577579/29+4+7
3578579/29+4+7
3578579/29+4+7
3578579/29+4+7
3578579/29+4+7
3578579/29+4+7
3578579/29+4+7
3579579/29+4+7
3579579/29+4+7
3579579/29+4+7
3579579/29+4+7
3579579/29+4+7
3579679/29+4+7
3579679/29+4+7
3579679/29+4+7
3579679/29+4+7
3579679/29+4+7
3579679/29+4+7
3579679/29+4+7
3579679/29+4+8
3579679/29+4+8
3579779/29+4+7
3579779/29+4+8
3579779/29+4+8
3579779/29+4+8
3579779/29+4+8
3579779/29+4+8
3579779/29+4+8
3579879/29+4+7
3579879/29+4+7
3579879/29+4+7
3579879/29+4+7
3579879/29+4+8
]]></system-out>
  <system-err><![CDATA[]]></system-err>
</testsuite>
